[2025-02-07T14:36:38.550+0000] {local_task_job_runner.py:123} INFO - ::group::Pre task execution logs
[2025-02-07T14:36:38.568+0000] {taskinstance.py:2613} INFO - Dependencies all met for dep_context=non-requeueable deps ti=<TaskInstance: my_training_dag.task_insert_data scheduled__2025-02-07T14:11:56.073886+00:00 [queued]>
[2025-02-07T14:36:38.573+0000] {taskinstance.py:2613} INFO - Dependencies all met for dep_context=requeueable deps ti=<TaskInstance: my_training_dag.task_insert_data scheduled__2025-02-07T14:11:56.073886+00:00 [queued]>
[2025-02-07T14:36:38.574+0000] {taskinstance.py:2866} INFO - Starting attempt 1 of 1
[2025-02-07T14:36:38.583+0000] {taskinstance.py:2889} INFO - Executing <Task(PythonOperator): task_insert_data> on 2025-02-07 14:11:56.073886+00:00
[2025-02-07T14:36:38.589+0000] {standard_task_runner.py:72} INFO - Started process 449 to run task
[2025-02-07T14:36:38.594+0000] {standard_task_runner.py:104} INFO - Running: ['airflow', 'tasks', 'run', 'my_training_dag', 'task_insert_data', 'scheduled__2025-02-07T14:11:56.073886+00:00', '--job-id', '902', '--raw', '--subdir', 'DAGS_FOLDER/training_dag.py', '--cfg-path', '/tmp/tmpdoelcixh']
[2025-02-07T14:36:38.595+0000] {standard_task_runner.py:105} INFO - Job 902: Subtask task_insert_data
[2025-02-07T14:36:38.667+0000] {task_command.py:467} INFO - Running <TaskInstance: my_training_dag.task_insert_data scheduled__2025-02-07T14:11:56.073886+00:00 [running]> on host 4c0e316c252f
[2025-02-07T14:36:38.713+0000] {taskinstance.py:3132} INFO - Exporting env vars: AIRFLOW_CTX_DAG_OWNER='airflow' AIRFLOW_CTX_DAG_ID='my_training_dag' AIRFLOW_CTX_TASK_ID='task_insert_data' AIRFLOW_CTX_EXECUTION_DATE='2025-02-07T14:11:56.073886+00:00' AIRFLOW_CTX_TRY_NUMBER='1' AIRFLOW_CTX_DAG_RUN_ID='scheduled__2025-02-07T14:11:56.073886+00:00'
[2025-02-07T14:36:38.715+0000] {logging_mixin.py:190} INFO - Task instance is in running state
[2025-02-07T14:36:38.715+0000] {logging_mixin.py:190} INFO -  Previous state of the Task instance: queued
[2025-02-07T14:36:38.715+0000] {logging_mixin.py:190} INFO - Current task name:task_insert_data state:running start_date:2025-02-07 14:36:38.568510+00:00
[2025-02-07T14:36:38.715+0000] {logging_mixin.py:190} INFO - Dag name:my_training_dag and current dag run status:running
[2025-02-07T14:36:38.715+0000] {taskinstance.py:731} INFO - ::endgroup::
[2025-02-07T14:36:38.726+0000] {logging_mixin.py:190} INFO - Table : 'iris_data'  created succesfully
[2025-02-07T14:36:38.747+0000] {python.py:240} INFO - Done. Returned value was: None
[2025-02-07T14:36:38.753+0000] {taskinstance.py:340} INFO - ::group::Post task execution logs
[2025-02-07T14:36:38.753+0000] {taskinstance.py:352} INFO - Marking task as SUCCESS. dag_id=my_training_dag, task_id=task_insert_data, run_id=scheduled__2025-02-07T14:11:56.073886+00:00, execution_date=20250207T141156, start_date=20250207T143638, end_date=20250207T143638
[2025-02-07T14:36:38.776+0000] {logging_mixin.py:190} INFO - Task instance in success state
[2025-02-07T14:36:38.776+0000] {logging_mixin.py:190} INFO -  Previous state of the Task instance: running
[2025-02-07T14:36:38.776+0000] {logging_mixin.py:190} INFO - Dag name:my_training_dag queued_at:2025-02-07 14:36:35.631998+00:00
[2025-02-07T14:36:38.776+0000] {logging_mixin.py:190} INFO - Task hostname:4c0e316c252f operator:PythonOperator
[2025-02-07T14:36:38.784+0000] {local_task_job_runner.py:266} INFO - Task exited with return code 0
[2025-02-07T14:36:38.797+0000] {taskinstance.py:3895} INFO - 1 downstream tasks scheduled from follow-on schedule check
[2025-02-07T14:36:38.798+0000] {local_task_job_runner.py:245} INFO - ::endgroup::
