[2025-02-07T14:43:19.303+0000] {local_task_job_runner.py:123} INFO - ::group::Pre task execution logs
[2025-02-07T14:43:19.335+0000] {taskinstance.py:2613} INFO - Dependencies all met for dep_context=non-requeueable deps ti=<TaskInstance: my_first_dag.task_2 scheduled__2025-01-01T00:00:00+00:00 [queued]>
[2025-02-07T14:43:19.376+0000] {taskinstance.py:2613} INFO - Dependencies all met for dep_context=requeueable deps ti=<TaskInstance: my_first_dag.task_2 scheduled__2025-01-01T00:00:00+00:00 [queued]>
[2025-02-07T14:43:19.378+0000] {taskinstance.py:2866} INFO - Starting attempt 1 of 1
[2025-02-07T14:43:19.476+0000] {taskinstance.py:2889} INFO - Executing <Task(PythonOperator): task_2> on 2025-01-01 00:00:00+00:00
[2025-02-07T14:43:19.493+0000] {standard_task_runner.py:72} INFO - Started process 79 to run task
[2025-02-07T14:43:19.499+0000] {standard_task_runner.py:104} INFO - Running: ['airflow', 'tasks', 'run', 'my_first_dag', 'task_2', 'scheduled__2025-01-01T00:00:00+00:00', '--job-id', '961', '--raw', '--subdir', 'DAGS_FOLDER/first_dag.py', '--cfg-path', '/tmp/tmplbcneh1c']
[2025-02-07T14:43:19.508+0000] {standard_task_runner.py:105} INFO - Job 961: Subtask task_2
[2025-02-07T14:43:19.666+0000] {task_command.py:467} INFO - Running <TaskInstance: my_first_dag.task_2 scheduled__2025-01-01T00:00:00+00:00 [running]> on host 9a1669bb3f80
[2025-02-07T14:43:19.783+0000] {taskinstance.py:3132} INFO - Exporting env vars: AIRFLOW_CTX_DAG_OWNER='airflow' AIRFLOW_CTX_DAG_ID='my_first_dag' AIRFLOW_CTX_TASK_ID='task_2' AIRFLOW_CTX_EXECUTION_DATE='2025-01-01T00:00:00+00:00' AIRFLOW_CTX_TRY_NUMBER='1' AIRFLOW_CTX_DAG_RUN_ID='scheduled__2025-01-01T00:00:00+00:00'
[2025-02-07T14:43:19.786+0000] {logging_mixin.py:190} INFO - Task instance is in running state
[2025-02-07T14:43:19.786+0000] {logging_mixin.py:190} INFO -  Previous state of the Task instance: queued
[2025-02-07T14:43:19.787+0000] {logging_mixin.py:190} INFO - Current task name:task_2 state:running start_date:2025-02-07 14:43:19.336766+00:00
[2025-02-07T14:43:19.788+0000] {logging_mixin.py:190} INFO - Dag name:my_first_dag and current dag run status:running
[2025-02-07T14:43:19.788+0000] {taskinstance.py:731} INFO - ::endgroup::
[2025-02-07T14:43:19.814+0000] {logging_mixin.py:190} INFO - Hello John 427 API_KEY
[2025-02-07T14:43:19.816+0000] {python.py:240} INFO - Done. Returned value was: 427
[2025-02-07T14:43:19.887+0000] {taskinstance.py:340} INFO - ::group::Post task execution logs
[2025-02-07T14:43:19.891+0000] {taskinstance.py:352} INFO - Marking task as SUCCESS. dag_id=my_first_dag, task_id=task_2, run_id=scheduled__2025-01-01T00:00:00+00:00, execution_date=20250101T000000, start_date=20250207T144319, end_date=20250207T144319
[2025-02-07T14:43:19.935+0000] {logging_mixin.py:190} INFO - Task instance in success state
[2025-02-07T14:43:19.935+0000] {logging_mixin.py:190} INFO -  Previous state of the Task instance: running
[2025-02-07T14:43:19.936+0000] {logging_mixin.py:190} INFO - Dag name:my_first_dag queued_at:2025-02-07 14:39:27.075172+00:00
[2025-02-07T14:43:19.936+0000] {logging_mixin.py:190} INFO - Task hostname:9a1669bb3f80 operator:PythonOperator
[2025-02-07T14:43:19.982+0000] {local_task_job_runner.py:266} INFO - Task exited with return code 0
[2025-02-07T14:43:20.082+0000] {taskinstance.py:3895} INFO - 1 downstream tasks scheduled from follow-on schedule check
[2025-02-07T14:43:20.102+0000] {local_task_job_runner.py:245} INFO - ::endgroup::
