[2025-02-07T14:42:36.787+0000] {local_task_job_runner.py:123} INFO - ::group::Pre task execution logs
[2025-02-07T14:42:36.802+0000] {taskinstance.py:2613} INFO - Dependencies all met for dep_context=non-requeueable deps ti=<TaskInstance: my_training_dag.task_read_data scheduled__2025-02-07T14:25:56.073886+00:00 [queued]>
[2025-02-07T14:42:36.808+0000] {taskinstance.py:2613} INFO - Dependencies all met for dep_context=requeueable deps ti=<TaskInstance: my_training_dag.task_read_data scheduled__2025-02-07T14:25:56.073886+00:00 [queued]>
[2025-02-07T14:42:36.809+0000] {taskinstance.py:2866} INFO - Starting attempt 1 of 1
[2025-02-07T14:42:36.821+0000] {taskinstance.py:2889} INFO - Executing <Task(BranchPythonOperator): task_read_data> on 2025-02-07 14:25:56.073886+00:00
[2025-02-07T14:42:36.827+0000] {standard_task_runner.py:72} INFO - Started process 105 to run task
[2025-02-07T14:42:36.836+0000] {standard_task_runner.py:104} INFO - Running: ['airflow', 'tasks', 'run', 'my_training_dag', 'task_read_data', 'scheduled__2025-02-07T14:25:56.073886+00:00', '--job-id', '957', '--raw', '--subdir', 'DAGS_FOLDER/training_dag.py', '--cfg-path', '/tmp/tmpsw_ra4tk']
[2025-02-07T14:42:36.837+0000] {standard_task_runner.py:105} INFO - Job 957: Subtask task_read_data
[2025-02-07T14:42:36.918+0000] {task_command.py:467} INFO - Running <TaskInstance: my_training_dag.task_read_data scheduled__2025-02-07T14:25:56.073886+00:00 [running]> on host 26eb92915925
[2025-02-07T14:42:37.091+0000] {taskinstance.py:3132} INFO - Exporting env vars: AIRFLOW_CTX_DAG_OWNER='airflow' AIRFLOW_CTX_DAG_ID='my_training_dag' AIRFLOW_CTX_TASK_ID='task_read_data' AIRFLOW_CTX_EXECUTION_DATE='2025-02-07T14:25:56.073886+00:00' AIRFLOW_CTX_TRY_NUMBER='1' AIRFLOW_CTX_DAG_RUN_ID='scheduled__2025-02-07T14:25:56.073886+00:00'
[2025-02-07T14:42:37.093+0000] {logging_mixin.py:190} INFO - Task instance is in running state
[2025-02-07T14:42:37.093+0000] {logging_mixin.py:190} INFO -  Previous state of the Task instance: queued
[2025-02-07T14:42:37.094+0000] {logging_mixin.py:190} INFO - Current task name:task_read_data state:running start_date:2025-02-07 14:42:36.802436+00:00
[2025-02-07T14:42:37.094+0000] {logging_mixin.py:190} INFO - Dag name:my_training_dag and current dag run status:running
[2025-02-07T14:42:37.094+0000] {taskinstance.py:731} INFO - ::endgroup::
[2025-02-07T14:42:37.095+0000] {baseoperator.py:421} WARNING - BranchPythonOperator.execute cannot be called outside TaskInstance!
[2025-02-07T14:42:37.165+0000] {python.py:240} INFO - Done. Returned value was: task_train_model
[2025-02-07T14:42:37.166+0000] {branch.py:38} INFO - Branch into task_train_model
[2025-02-07T14:42:37.168+0000] {skipmixin.py:230} INFO - Following branch ('task_train_model',)
[2025-02-07T14:42:37.198+0000] {skipmixin.py:278} INFO - Skipping tasks []
[2025-02-07T14:42:37.236+0000] {taskinstance.py:340} INFO - ::group::Post task execution logs
[2025-02-07T14:42:37.237+0000] {taskinstance.py:352} INFO - Marking task as SUCCESS. dag_id=my_training_dag, task_id=task_read_data, run_id=scheduled__2025-02-07T14:25:56.073886+00:00, execution_date=20250207T142556, start_date=20250207T144236, end_date=20250207T144237
[2025-02-07T14:42:37.417+0000] {logging_mixin.py:190} INFO - Task instance in success state
[2025-02-07T14:42:37.417+0000] {logging_mixin.py:190} INFO -  Previous state of the Task instance: running
[2025-02-07T14:42:37.417+0000] {logging_mixin.py:190} INFO - Dag name:my_training_dag queued_at:2025-02-07 14:42:02.518022+00:00
[2025-02-07T14:42:37.418+0000] {logging_mixin.py:190} INFO - Task hostname:26eb92915925 operator:BranchPythonOperator
[2025-02-07T14:42:37.437+0000] {local_task_job_runner.py:266} INFO - Task exited with return code 0
[2025-02-07T14:42:37.496+0000] {taskinstance.py:3895} INFO - 1 downstream tasks scheduled from follow-on schedule check
[2025-02-07T14:42:37.503+0000] {local_task_job_runner.py:245} INFO - ::endgroup::
