[2025-02-07T12:01:42.524+0000] {processor.py:186} INFO - Started process (PID=56) to work on /opt/conda/lib/python3.12/site-packages/airflow/example_dags/subdags/subdag.py
[2025-02-07T12:01:42.531+0000] {processor.py:914} INFO - Processing file /opt/conda/lib/python3.12/site-packages/airflow/example_dags/subdags/subdag.py for tasks to queue
[2025-02-07T12:01:42.540+0000] {logging_mixin.py:190} INFO - [2025-02-07T12:01:42.538+0000] {dagbag.py:588} INFO - Filling up the DagBag from /opt/conda/lib/python3.12/site-packages/airflow/example_dags/subdags/subdag.py
[2025-02-07T12:01:42.569+0000] {processor.py:927} WARNING - No viable dags retrieved from /opt/conda/lib/python3.12/site-packages/airflow/example_dags/subdags/subdag.py
[2025-02-07T12:01:42.645+0000] {processor.py:208} INFO - Processing /opt/conda/lib/python3.12/site-packages/airflow/example_dags/subdags/subdag.py took 0.144 seconds
[2025-02-07T12:15:27.881+0000] {processor.py:186} INFO - Started process (PID=3858) to work on /opt/conda/lib/python3.12/site-packages/airflow/example_dags/subdags/subdag.py
[2025-02-07T12:15:27.882+0000] {processor.py:914} INFO - Processing file /opt/conda/lib/python3.12/site-packages/airflow/example_dags/subdags/subdag.py for tasks to queue
[2025-02-07T12:15:27.885+0000] {logging_mixin.py:190} INFO - [2025-02-07T12:15:27.885+0000] {dagbag.py:588} INFO - Filling up the DagBag from /opt/conda/lib/python3.12/site-packages/airflow/example_dags/subdags/subdag.py
[2025-02-07T12:15:27.888+0000] {processor.py:927} WARNING - No viable dags retrieved from /opt/conda/lib/python3.12/site-packages/airflow/example_dags/subdags/subdag.py
[2025-02-07T12:15:27.899+0000] {processor.py:208} INFO - Processing /opt/conda/lib/python3.12/site-packages/airflow/example_dags/subdags/subdag.py took 0.023 seconds
[2025-02-07T12:24:11.559+0000] {processor.py:186} INFO - Started process (PID=55) to work on /opt/conda/lib/python3.12/site-packages/airflow/example_dags/subdags/subdag.py
[2025-02-07T12:24:11.565+0000] {processor.py:914} INFO - Processing file /opt/conda/lib/python3.12/site-packages/airflow/example_dags/subdags/subdag.py for tasks to queue
[2025-02-07T12:24:11.579+0000] {logging_mixin.py:190} INFO - [2025-02-07T12:24:11.578+0000] {dagbag.py:588} INFO - Filling up the DagBag from /opt/conda/lib/python3.12/site-packages/airflow/example_dags/subdags/subdag.py
[2025-02-07T12:24:11.587+0000] {processor.py:927} WARNING - No viable dags retrieved from /opt/conda/lib/python3.12/site-packages/airflow/example_dags/subdags/subdag.py
[2025-02-07T12:24:11.607+0000] {processor.py:208} INFO - Processing /opt/conda/lib/python3.12/site-packages/airflow/example_dags/subdags/subdag.py took 0.062 seconds
[2025-02-07T12:25:16.595+0000] {processor.py:186} INFO - Started process (PID=56) to work on /opt/conda/lib/python3.12/site-packages/airflow/example_dags/subdags/subdag.py
[2025-02-07T12:25:16.598+0000] {processor.py:914} INFO - Processing file /opt/conda/lib/python3.12/site-packages/airflow/example_dags/subdags/subdag.py for tasks to queue
[2025-02-07T12:25:16.603+0000] {logging_mixin.py:190} INFO - [2025-02-07T12:25:16.602+0000] {dagbag.py:588} INFO - Filling up the DagBag from /opt/conda/lib/python3.12/site-packages/airflow/example_dags/subdags/subdag.py
[2025-02-07T12:25:16.607+0000] {processor.py:927} WARNING - No viable dags retrieved from /opt/conda/lib/python3.12/site-packages/airflow/example_dags/subdags/subdag.py
[2025-02-07T12:25:16.628+0000] {processor.py:208} INFO - Processing /opt/conda/lib/python3.12/site-packages/airflow/example_dags/subdags/subdag.py took 0.038 seconds
[2025-02-07T12:26:50.078+0000] {processor.py:186} INFO - Started process (PID=252) to work on /opt/conda/lib/python3.12/site-packages/airflow/example_dags/subdags/subdag.py
[2025-02-07T12:26:50.080+0000] {processor.py:914} INFO - Processing file /opt/conda/lib/python3.12/site-packages/airflow/example_dags/subdags/subdag.py for tasks to queue
[2025-02-07T12:26:50.083+0000] {logging_mixin.py:190} INFO - [2025-02-07T12:26:50.081+0000] {dagbag.py:588} INFO - Filling up the DagBag from /opt/conda/lib/python3.12/site-packages/airflow/example_dags/subdags/subdag.py
[2025-02-07T12:26:50.094+0000] {processor.py:927} WARNING - No viable dags retrieved from /opt/conda/lib/python3.12/site-packages/airflow/example_dags/subdags/subdag.py
[2025-02-07T12:26:50.112+0000] {processor.py:208} INFO - Processing /opt/conda/lib/python3.12/site-packages/airflow/example_dags/subdags/subdag.py took 0.047 seconds
[2025-02-07T12:27:49.545+0000] {processor.py:186} INFO - Started process (PID=364) to work on /opt/conda/lib/python3.12/site-packages/airflow/example_dags/subdags/subdag.py
[2025-02-07T12:27:49.548+0000] {processor.py:914} INFO - Processing file /opt/conda/lib/python3.12/site-packages/airflow/example_dags/subdags/subdag.py for tasks to queue
[2025-02-07T12:27:49.550+0000] {logging_mixin.py:190} INFO - [2025-02-07T12:27:49.549+0000] {dagbag.py:588} INFO - Filling up the DagBag from /opt/conda/lib/python3.12/site-packages/airflow/example_dags/subdags/subdag.py
[2025-02-07T12:27:49.560+0000] {processor.py:927} WARNING - No viable dags retrieved from /opt/conda/lib/python3.12/site-packages/airflow/example_dags/subdags/subdag.py
[2025-02-07T12:27:49.608+0000] {processor.py:208} INFO - Processing /opt/conda/lib/python3.12/site-packages/airflow/example_dags/subdags/subdag.py took 0.070 seconds
[2025-02-07T12:32:08.708+0000] {processor.py:186} INFO - Started process (PID=56) to work on /opt/conda/lib/python3.12/site-packages/airflow/example_dags/subdags/subdag.py
[2025-02-07T12:32:08.711+0000] {processor.py:914} INFO - Processing file /opt/conda/lib/python3.12/site-packages/airflow/example_dags/subdags/subdag.py for tasks to queue
[2025-02-07T12:32:08.714+0000] {logging_mixin.py:190} INFO - [2025-02-07T12:32:08.714+0000] {dagbag.py:588} INFO - Filling up the DagBag from /opt/conda/lib/python3.12/site-packages/airflow/example_dags/subdags/subdag.py
[2025-02-07T12:32:08.717+0000] {processor.py:927} WARNING - No viable dags retrieved from /opt/conda/lib/python3.12/site-packages/airflow/example_dags/subdags/subdag.py
[2025-02-07T12:32:08.737+0000] {processor.py:208} INFO - Processing /opt/conda/lib/python3.12/site-packages/airflow/example_dags/subdags/subdag.py took 0.047 seconds
[2025-02-07T12:36:02.396+0000] {processor.py:186} INFO - Started process (PID=56) to work on /opt/conda/lib/python3.12/site-packages/airflow/example_dags/subdags/subdag.py
[2025-02-07T12:36:02.398+0000] {processor.py:914} INFO - Processing file /opt/conda/lib/python3.12/site-packages/airflow/example_dags/subdags/subdag.py for tasks to queue
[2025-02-07T12:36:02.400+0000] {logging_mixin.py:190} INFO - [2025-02-07T12:36:02.400+0000] {dagbag.py:588} INFO - Filling up the DagBag from /opt/conda/lib/python3.12/site-packages/airflow/example_dags/subdags/subdag.py
[2025-02-07T12:36:02.403+0000] {processor.py:927} WARNING - No viable dags retrieved from /opt/conda/lib/python3.12/site-packages/airflow/example_dags/subdags/subdag.py
[2025-02-07T12:36:02.422+0000] {processor.py:208} INFO - Processing /opt/conda/lib/python3.12/site-packages/airflow/example_dags/subdags/subdag.py took 0.061 seconds
[2025-02-07T12:37:15.123+0000] {processor.py:186} INFO - Started process (PID=139) to work on /opt/conda/lib/python3.12/site-packages/airflow/example_dags/subdags/subdag.py
[2025-02-07T12:37:15.125+0000] {processor.py:914} INFO - Processing file /opt/conda/lib/python3.12/site-packages/airflow/example_dags/subdags/subdag.py for tasks to queue
[2025-02-07T12:37:15.130+0000] {logging_mixin.py:190} INFO - [2025-02-07T12:37:15.129+0000] {dagbag.py:588} INFO - Filling up the DagBag from /opt/conda/lib/python3.12/site-packages/airflow/example_dags/subdags/subdag.py
[2025-02-07T12:37:15.138+0000] {processor.py:927} WARNING - No viable dags retrieved from /opt/conda/lib/python3.12/site-packages/airflow/example_dags/subdags/subdag.py
[2025-02-07T12:37:15.169+0000] {processor.py:208} INFO - Processing /opt/conda/lib/python3.12/site-packages/airflow/example_dags/subdags/subdag.py took 0.058 seconds
[2025-02-07T12:37:53.178+0000] {processor.py:186} INFO - Started process (PID=174) to work on /opt/conda/lib/python3.12/site-packages/airflow/example_dags/subdags/subdag.py
[2025-02-07T12:37:53.180+0000] {processor.py:914} INFO - Processing file /opt/conda/lib/python3.12/site-packages/airflow/example_dags/subdags/subdag.py for tasks to queue
[2025-02-07T12:37:53.181+0000] {logging_mixin.py:190} INFO - [2025-02-07T12:37:53.181+0000] {dagbag.py:588} INFO - Filling up the DagBag from /opt/conda/lib/python3.12/site-packages/airflow/example_dags/subdags/subdag.py
[2025-02-07T12:37:53.183+0000] {processor.py:927} WARNING - No viable dags retrieved from /opt/conda/lib/python3.12/site-packages/airflow/example_dags/subdags/subdag.py
[2025-02-07T12:37:53.194+0000] {processor.py:208} INFO - Processing /opt/conda/lib/python3.12/site-packages/airflow/example_dags/subdags/subdag.py took 0.024 seconds
[2025-02-07T12:38:24.792+0000] {processor.py:186} INFO - Started process (PID=214) to work on /opt/conda/lib/python3.12/site-packages/airflow/example_dags/subdags/subdag.py
[2025-02-07T12:38:24.793+0000] {processor.py:914} INFO - Processing file /opt/conda/lib/python3.12/site-packages/airflow/example_dags/subdags/subdag.py for tasks to queue
[2025-02-07T12:38:24.795+0000] {logging_mixin.py:190} INFO - [2025-02-07T12:38:24.795+0000] {dagbag.py:588} INFO - Filling up the DagBag from /opt/conda/lib/python3.12/site-packages/airflow/example_dags/subdags/subdag.py
[2025-02-07T12:38:24.797+0000] {processor.py:927} WARNING - No viable dags retrieved from /opt/conda/lib/python3.12/site-packages/airflow/example_dags/subdags/subdag.py
[2025-02-07T12:38:24.805+0000] {processor.py:208} INFO - Processing /opt/conda/lib/python3.12/site-packages/airflow/example_dags/subdags/subdag.py took 0.020 seconds
[2025-02-07T12:38:54.919+0000] {processor.py:186} INFO - Started process (PID=244) to work on /opt/conda/lib/python3.12/site-packages/airflow/example_dags/subdags/subdag.py
[2025-02-07T12:38:54.920+0000] {processor.py:914} INFO - Processing file /opt/conda/lib/python3.12/site-packages/airflow/example_dags/subdags/subdag.py for tasks to queue
[2025-02-07T12:38:54.922+0000] {logging_mixin.py:190} INFO - [2025-02-07T12:38:54.922+0000] {dagbag.py:588} INFO - Filling up the DagBag from /opt/conda/lib/python3.12/site-packages/airflow/example_dags/subdags/subdag.py
[2025-02-07T12:38:54.923+0000] {processor.py:927} WARNING - No viable dags retrieved from /opt/conda/lib/python3.12/site-packages/airflow/example_dags/subdags/subdag.py
[2025-02-07T12:38:54.931+0000] {processor.py:208} INFO - Processing /opt/conda/lib/python3.12/site-packages/airflow/example_dags/subdags/subdag.py took 0.015 seconds
[2025-02-07T12:39:49.968+0000] {processor.py:186} INFO - Started process (PID=311) to work on /opt/conda/lib/python3.12/site-packages/airflow/example_dags/subdags/subdag.py
[2025-02-07T12:39:49.969+0000] {processor.py:914} INFO - Processing file /opt/conda/lib/python3.12/site-packages/airflow/example_dags/subdags/subdag.py for tasks to queue
[2025-02-07T12:39:49.971+0000] {logging_mixin.py:190} INFO - [2025-02-07T12:39:49.971+0000] {dagbag.py:588} INFO - Filling up the DagBag from /opt/conda/lib/python3.12/site-packages/airflow/example_dags/subdags/subdag.py
[2025-02-07T12:39:49.973+0000] {processor.py:927} WARNING - No viable dags retrieved from /opt/conda/lib/python3.12/site-packages/airflow/example_dags/subdags/subdag.py
[2025-02-07T12:39:49.981+0000] {processor.py:208} INFO - Processing /opt/conda/lib/python3.12/site-packages/airflow/example_dags/subdags/subdag.py took 0.018 seconds
[2025-02-07T12:40:49.799+0000] {processor.py:186} INFO - Started process (PID=378) to work on /opt/conda/lib/python3.12/site-packages/airflow/example_dags/subdags/subdag.py
[2025-02-07T12:40:49.800+0000] {processor.py:914} INFO - Processing file /opt/conda/lib/python3.12/site-packages/airflow/example_dags/subdags/subdag.py for tasks to queue
[2025-02-07T12:40:49.802+0000] {logging_mixin.py:190} INFO - [2025-02-07T12:40:49.802+0000] {dagbag.py:588} INFO - Filling up the DagBag from /opt/conda/lib/python3.12/site-packages/airflow/example_dags/subdags/subdag.py
[2025-02-07T12:40:49.805+0000] {processor.py:927} WARNING - No viable dags retrieved from /opt/conda/lib/python3.12/site-packages/airflow/example_dags/subdags/subdag.py
[2025-02-07T12:40:49.814+0000] {processor.py:208} INFO - Processing /opt/conda/lib/python3.12/site-packages/airflow/example_dags/subdags/subdag.py took 0.020 seconds
[2025-02-07T12:45:12.393+0000] {processor.py:186} INFO - Started process (PID=2073) to work on /opt/conda/lib/python3.12/site-packages/airflow/example_dags/subdags/subdag.py
[2025-02-07T12:45:12.394+0000] {processor.py:914} INFO - Processing file /opt/conda/lib/python3.12/site-packages/airflow/example_dags/subdags/subdag.py for tasks to queue
[2025-02-07T12:45:12.395+0000] {logging_mixin.py:190} INFO - [2025-02-07T12:45:12.395+0000] {dagbag.py:588} INFO - Filling up the DagBag from /opt/conda/lib/python3.12/site-packages/airflow/example_dags/subdags/subdag.py
[2025-02-07T12:45:12.397+0000] {processor.py:927} WARNING - No viable dags retrieved from /opt/conda/lib/python3.12/site-packages/airflow/example_dags/subdags/subdag.py
[2025-02-07T12:45:12.404+0000] {processor.py:208} INFO - Processing /opt/conda/lib/python3.12/site-packages/airflow/example_dags/subdags/subdag.py took 0.014 seconds
[2025-02-07T12:53:57.708+0000] {processor.py:186} INFO - Started process (PID=5539) to work on /opt/conda/lib/python3.12/site-packages/airflow/example_dags/subdags/subdag.py
[2025-02-07T12:53:57.709+0000] {processor.py:914} INFO - Processing file /opt/conda/lib/python3.12/site-packages/airflow/example_dags/subdags/subdag.py for tasks to queue
[2025-02-07T12:53:57.712+0000] {logging_mixin.py:190} INFO - [2025-02-07T12:53:57.711+0000] {dagbag.py:588} INFO - Filling up the DagBag from /opt/conda/lib/python3.12/site-packages/airflow/example_dags/subdags/subdag.py
[2025-02-07T12:53:57.713+0000] {processor.py:927} WARNING - No viable dags retrieved from /opt/conda/lib/python3.12/site-packages/airflow/example_dags/subdags/subdag.py
[2025-02-07T12:53:57.722+0000] {processor.py:208} INFO - Processing /opt/conda/lib/python3.12/site-packages/airflow/example_dags/subdags/subdag.py took 0.017 seconds
[2025-02-07T13:01:50.447+0000] {processor.py:186} INFO - Started process (PID=56) to work on /opt/conda/lib/python3.12/site-packages/airflow/example_dags/subdags/subdag.py
[2025-02-07T13:01:50.449+0000] {processor.py:914} INFO - Processing file /opt/conda/lib/python3.12/site-packages/airflow/example_dags/subdags/subdag.py for tasks to queue
[2025-02-07T13:01:50.455+0000] {logging_mixin.py:190} INFO - [2025-02-07T13:01:50.454+0000] {dagbag.py:588} INFO - Filling up the DagBag from /opt/conda/lib/python3.12/site-packages/airflow/example_dags/subdags/subdag.py
[2025-02-07T13:01:50.458+0000] {processor.py:927} WARNING - No viable dags retrieved from /opt/conda/lib/python3.12/site-packages/airflow/example_dags/subdags/subdag.py
[2025-02-07T13:01:50.475+0000] {processor.py:208} INFO - Processing /opt/conda/lib/python3.12/site-packages/airflow/example_dags/subdags/subdag.py took 0.040 seconds
[2025-02-07T13:05:46.080+0000] {processor.py:186} INFO - Started process (PID=56) to work on /opt/conda/lib/python3.12/site-packages/airflow/example_dags/subdags/subdag.py
[2025-02-07T13:05:46.081+0000] {processor.py:914} INFO - Processing file /opt/conda/lib/python3.12/site-packages/airflow/example_dags/subdags/subdag.py for tasks to queue
[2025-02-07T13:05:46.083+0000] {logging_mixin.py:190} INFO - [2025-02-07T13:05:46.083+0000] {dagbag.py:588} INFO - Filling up the DagBag from /opt/conda/lib/python3.12/site-packages/airflow/example_dags/subdags/subdag.py
[2025-02-07T13:05:46.085+0000] {processor.py:927} WARNING - No viable dags retrieved from /opt/conda/lib/python3.12/site-packages/airflow/example_dags/subdags/subdag.py
[2025-02-07T13:05:46.093+0000] {processor.py:208} INFO - Processing /opt/conda/lib/python3.12/site-packages/airflow/example_dags/subdags/subdag.py took 0.017 seconds
[2025-02-07T13:08:56.925+0000] {processor.py:186} INFO - Started process (PID=56) to work on /opt/conda/lib/python3.12/site-packages/airflow/example_dags/subdags/subdag.py
[2025-02-07T13:08:56.928+0000] {processor.py:914} INFO - Processing file /opt/conda/lib/python3.12/site-packages/airflow/example_dags/subdags/subdag.py for tasks to queue
[2025-02-07T13:08:56.930+0000] {logging_mixin.py:190} INFO - [2025-02-07T13:08:56.929+0000] {dagbag.py:588} INFO - Filling up the DagBag from /opt/conda/lib/python3.12/site-packages/airflow/example_dags/subdags/subdag.py
[2025-02-07T13:08:56.932+0000] {processor.py:927} WARNING - No viable dags retrieved from /opt/conda/lib/python3.12/site-packages/airflow/example_dags/subdags/subdag.py
[2025-02-07T13:08:56.941+0000] {processor.py:208} INFO - Processing /opt/conda/lib/python3.12/site-packages/airflow/example_dags/subdags/subdag.py took 0.020 seconds
[2025-02-07T13:16:09.151+0000] {processor.py:186} INFO - Started process (PID=56) to work on /opt/conda/lib/python3.12/site-packages/airflow/example_dags/subdags/subdag.py
[2025-02-07T13:16:09.157+0000] {processor.py:914} INFO - Processing file /opt/conda/lib/python3.12/site-packages/airflow/example_dags/subdags/subdag.py for tasks to queue
[2025-02-07T13:16:09.173+0000] {logging_mixin.py:190} INFO - [2025-02-07T13:16:09.171+0000] {dagbag.py:588} INFO - Filling up the DagBag from /opt/conda/lib/python3.12/site-packages/airflow/example_dags/subdags/subdag.py
[2025-02-07T13:16:09.181+0000] {processor.py:927} WARNING - No viable dags retrieved from /opt/conda/lib/python3.12/site-packages/airflow/example_dags/subdags/subdag.py
[2025-02-07T13:16:09.200+0000] {processor.py:208} INFO - Processing /opt/conda/lib/python3.12/site-packages/airflow/example_dags/subdags/subdag.py took 0.066 seconds
[2025-02-07T13:18:40.660+0000] {processor.py:186} INFO - Started process (PID=56) to work on /opt/conda/lib/python3.12/site-packages/airflow/example_dags/subdags/subdag.py
[2025-02-07T13:18:40.661+0000] {processor.py:914} INFO - Processing file /opt/conda/lib/python3.12/site-packages/airflow/example_dags/subdags/subdag.py for tasks to queue
[2025-02-07T13:18:40.665+0000] {logging_mixin.py:190} INFO - [2025-02-07T13:18:40.665+0000] {dagbag.py:588} INFO - Filling up the DagBag from /opt/conda/lib/python3.12/site-packages/airflow/example_dags/subdags/subdag.py
[2025-02-07T13:18:40.669+0000] {processor.py:927} WARNING - No viable dags retrieved from /opt/conda/lib/python3.12/site-packages/airflow/example_dags/subdags/subdag.py
[2025-02-07T13:18:40.681+0000] {processor.py:208} INFO - Processing /opt/conda/lib/python3.12/site-packages/airflow/example_dags/subdags/subdag.py took 0.033 seconds
[2025-02-07T13:20:22.861+0000] {processor.py:186} INFO - Started process (PID=56) to work on /opt/conda/lib/python3.12/site-packages/airflow/example_dags/subdags/subdag.py
[2025-02-07T13:20:22.862+0000] {processor.py:914} INFO - Processing file /opt/conda/lib/python3.12/site-packages/airflow/example_dags/subdags/subdag.py for tasks to queue
[2025-02-07T13:20:22.865+0000] {logging_mixin.py:190} INFO - [2025-02-07T13:20:22.864+0000] {dagbag.py:588} INFO - Filling up the DagBag from /opt/conda/lib/python3.12/site-packages/airflow/example_dags/subdags/subdag.py
[2025-02-07T13:20:22.868+0000] {processor.py:927} WARNING - No viable dags retrieved from /opt/conda/lib/python3.12/site-packages/airflow/example_dags/subdags/subdag.py
[2025-02-07T13:20:22.878+0000] {processor.py:208} INFO - Processing /opt/conda/lib/python3.12/site-packages/airflow/example_dags/subdags/subdag.py took 0.025 seconds
[2025-02-07T13:21:26.763+0000] {processor.py:186} INFO - Started process (PID=56) to work on /opt/conda/lib/python3.12/site-packages/airflow/example_dags/subdags/subdag.py
[2025-02-07T13:21:26.764+0000] {processor.py:914} INFO - Processing file /opt/conda/lib/python3.12/site-packages/airflow/example_dags/subdags/subdag.py for tasks to queue
[2025-02-07T13:21:26.767+0000] {logging_mixin.py:190} INFO - [2025-02-07T13:21:26.767+0000] {dagbag.py:588} INFO - Filling up the DagBag from /opt/conda/lib/python3.12/site-packages/airflow/example_dags/subdags/subdag.py
[2025-02-07T13:21:26.770+0000] {processor.py:927} WARNING - No viable dags retrieved from /opt/conda/lib/python3.12/site-packages/airflow/example_dags/subdags/subdag.py
[2025-02-07T13:21:26.812+0000] {processor.py:208} INFO - Processing /opt/conda/lib/python3.12/site-packages/airflow/example_dags/subdags/subdag.py took 0.080 seconds
[2025-02-07T13:22:45.000+0000] {processor.py:186} INFO - Started process (PID=266) to work on /opt/conda/lib/python3.12/site-packages/airflow/example_dags/subdags/subdag.py
[2025-02-07T13:22:45.003+0000] {processor.py:914} INFO - Processing file /opt/conda/lib/python3.12/site-packages/airflow/example_dags/subdags/subdag.py for tasks to queue
[2025-02-07T13:22:45.005+0000] {logging_mixin.py:190} INFO - [2025-02-07T13:22:45.004+0000] {dagbag.py:588} INFO - Filling up the DagBag from /opt/conda/lib/python3.12/site-packages/airflow/example_dags/subdags/subdag.py
[2025-02-07T13:22:45.013+0000] {processor.py:927} WARNING - No viable dags retrieved from /opt/conda/lib/python3.12/site-packages/airflow/example_dags/subdags/subdag.py
[2025-02-07T13:22:45.057+0000] {processor.py:208} INFO - Processing /opt/conda/lib/python3.12/site-packages/airflow/example_dags/subdags/subdag.py took 0.066 seconds
[2025-02-07T13:24:04.290+0000] {processor.py:186} INFO - Started process (PID=426) to work on /opt/conda/lib/python3.12/site-packages/airflow/example_dags/subdags/subdag.py
[2025-02-07T13:24:04.299+0000] {processor.py:914} INFO - Processing file /opt/conda/lib/python3.12/site-packages/airflow/example_dags/subdags/subdag.py for tasks to queue
[2025-02-07T13:24:04.313+0000] {logging_mixin.py:190} INFO - [2025-02-07T13:24:04.311+0000] {dagbag.py:588} INFO - Filling up the DagBag from /opt/conda/lib/python3.12/site-packages/airflow/example_dags/subdags/subdag.py
[2025-02-07T13:24:04.322+0000] {processor.py:927} WARNING - No viable dags retrieved from /opt/conda/lib/python3.12/site-packages/airflow/example_dags/subdags/subdag.py
[2025-02-07T13:24:04.339+0000] {processor.py:208} INFO - Processing /opt/conda/lib/python3.12/site-packages/airflow/example_dags/subdags/subdag.py took 0.075 seconds
[2025-02-07T13:26:34.670+0000] {processor.py:186} INFO - Started process (PID=103) to work on /opt/conda/lib/python3.12/site-packages/airflow/example_dags/subdags/subdag.py
[2025-02-07T13:26:34.671+0000] {processor.py:914} INFO - Processing file /opt/conda/lib/python3.12/site-packages/airflow/example_dags/subdags/subdag.py for tasks to queue
[2025-02-07T13:26:34.675+0000] {logging_mixin.py:190} INFO - [2025-02-07T13:26:34.675+0000] {dagbag.py:588} INFO - Filling up the DagBag from /opt/conda/lib/python3.12/site-packages/airflow/example_dags/subdags/subdag.py
[2025-02-07T13:26:34.678+0000] {processor.py:927} WARNING - No viable dags retrieved from /opt/conda/lib/python3.12/site-packages/airflow/example_dags/subdags/subdag.py
[2025-02-07T13:26:34.688+0000] {processor.py:208} INFO - Processing /opt/conda/lib/python3.12/site-packages/airflow/example_dags/subdags/subdag.py took 0.025 seconds
[2025-02-07T13:28:21.387+0000] {processor.py:186} INFO - Started process (PID=319) to work on /opt/conda/lib/python3.12/site-packages/airflow/example_dags/subdags/subdag.py
[2025-02-07T13:28:21.391+0000] {processor.py:914} INFO - Processing file /opt/conda/lib/python3.12/site-packages/airflow/example_dags/subdags/subdag.py for tasks to queue
[2025-02-07T13:28:21.396+0000] {logging_mixin.py:190} INFO - [2025-02-07T13:28:21.396+0000] {dagbag.py:588} INFO - Filling up the DagBag from /opt/conda/lib/python3.12/site-packages/airflow/example_dags/subdags/subdag.py
[2025-02-07T13:28:21.400+0000] {processor.py:927} WARNING - No viable dags retrieved from /opt/conda/lib/python3.12/site-packages/airflow/example_dags/subdags/subdag.py
[2025-02-07T13:28:21.469+0000] {processor.py:208} INFO - Processing /opt/conda/lib/python3.12/site-packages/airflow/example_dags/subdags/subdag.py took 0.106 seconds
[2025-02-07T13:29:10.085+0000] {processor.py:186} INFO - Started process (PID=366) to work on /opt/conda/lib/python3.12/site-packages/airflow/example_dags/subdags/subdag.py
[2025-02-07T13:29:10.086+0000] {processor.py:914} INFO - Processing file /opt/conda/lib/python3.12/site-packages/airflow/example_dags/subdags/subdag.py for tasks to queue
[2025-02-07T13:29:10.087+0000] {logging_mixin.py:190} INFO - [2025-02-07T13:29:10.087+0000] {dagbag.py:588} INFO - Filling up the DagBag from /opt/conda/lib/python3.12/site-packages/airflow/example_dags/subdags/subdag.py
[2025-02-07T13:29:10.089+0000] {processor.py:927} WARNING - No viable dags retrieved from /opt/conda/lib/python3.12/site-packages/airflow/example_dags/subdags/subdag.py
[2025-02-07T13:29:10.097+0000] {processor.py:208} INFO - Processing /opt/conda/lib/python3.12/site-packages/airflow/example_dags/subdags/subdag.py took 0.016 seconds
[2025-02-07T13:29:49.426+0000] {processor.py:186} INFO - Started process (PID=411) to work on /opt/conda/lib/python3.12/site-packages/airflow/example_dags/subdags/subdag.py
[2025-02-07T13:29:49.427+0000] {processor.py:914} INFO - Processing file /opt/conda/lib/python3.12/site-packages/airflow/example_dags/subdags/subdag.py for tasks to queue
[2025-02-07T13:29:49.430+0000] {logging_mixin.py:190} INFO - [2025-02-07T13:29:49.429+0000] {dagbag.py:588} INFO - Filling up the DagBag from /opt/conda/lib/python3.12/site-packages/airflow/example_dags/subdags/subdag.py
[2025-02-07T13:29:49.432+0000] {processor.py:927} WARNING - No viable dags retrieved from /opt/conda/lib/python3.12/site-packages/airflow/example_dags/subdags/subdag.py
[2025-02-07T13:29:49.445+0000] {processor.py:208} INFO - Processing /opt/conda/lib/python3.12/site-packages/airflow/example_dags/subdags/subdag.py took 0.022 seconds
[2025-02-07T13:30:22.545+0000] {processor.py:186} INFO - Started process (PID=451) to work on /opt/conda/lib/python3.12/site-packages/airflow/example_dags/subdags/subdag.py
[2025-02-07T13:30:22.547+0000] {processor.py:914} INFO - Processing file /opt/conda/lib/python3.12/site-packages/airflow/example_dags/subdags/subdag.py for tasks to queue
[2025-02-07T13:30:22.552+0000] {logging_mixin.py:190} INFO - [2025-02-07T13:30:22.552+0000] {dagbag.py:588} INFO - Filling up the DagBag from /opt/conda/lib/python3.12/site-packages/airflow/example_dags/subdags/subdag.py
[2025-02-07T13:30:22.555+0000] {processor.py:927} WARNING - No viable dags retrieved from /opt/conda/lib/python3.12/site-packages/airflow/example_dags/subdags/subdag.py
[2025-02-07T13:30:22.568+0000] {processor.py:208} INFO - Processing /opt/conda/lib/python3.12/site-packages/airflow/example_dags/subdags/subdag.py took 0.031 seconds
[2025-02-07T13:32:15.634+0000] {processor.py:186} INFO - Started process (PID=55) to work on /opt/conda/lib/python3.12/site-packages/airflow/example_dags/subdags/subdag.py
[2025-02-07T13:32:15.639+0000] {processor.py:914} INFO - Processing file /opt/conda/lib/python3.12/site-packages/airflow/example_dags/subdags/subdag.py for tasks to queue
[2025-02-07T13:32:15.647+0000] {logging_mixin.py:190} INFO - [2025-02-07T13:32:15.645+0000] {dagbag.py:588} INFO - Filling up the DagBag from /opt/conda/lib/python3.12/site-packages/airflow/example_dags/subdags/subdag.py
[2025-02-07T13:32:15.662+0000] {processor.py:927} WARNING - No viable dags retrieved from /opt/conda/lib/python3.12/site-packages/airflow/example_dags/subdags/subdag.py
[2025-02-07T13:32:15.710+0000] {processor.py:208} INFO - Processing /opt/conda/lib/python3.12/site-packages/airflow/example_dags/subdags/subdag.py took 0.093 seconds
[2025-02-07T13:34:15.911+0000] {processor.py:186} INFO - Started process (PID=55) to work on /opt/conda/lib/python3.12/site-packages/airflow/example_dags/subdags/subdag.py
[2025-02-07T13:34:15.912+0000] {processor.py:914} INFO - Processing file /opt/conda/lib/python3.12/site-packages/airflow/example_dags/subdags/subdag.py for tasks to queue
[2025-02-07T13:34:15.914+0000] {logging_mixin.py:190} INFO - [2025-02-07T13:34:15.913+0000] {dagbag.py:588} INFO - Filling up the DagBag from /opt/conda/lib/python3.12/site-packages/airflow/example_dags/subdags/subdag.py
[2025-02-07T13:34:15.917+0000] {processor.py:927} WARNING - No viable dags retrieved from /opt/conda/lib/python3.12/site-packages/airflow/example_dags/subdags/subdag.py
[2025-02-07T13:34:15.941+0000] {processor.py:208} INFO - Processing /opt/conda/lib/python3.12/site-packages/airflow/example_dags/subdags/subdag.py took 0.035 seconds
[2025-02-07T13:35:48.988+0000] {processor.py:186} INFO - Started process (PID=55) to work on /opt/conda/lib/python3.12/site-packages/airflow/example_dags/subdags/subdag.py
[2025-02-07T13:35:48.990+0000] {processor.py:914} INFO - Processing file /opt/conda/lib/python3.12/site-packages/airflow/example_dags/subdags/subdag.py for tasks to queue
[2025-02-07T13:35:48.992+0000] {logging_mixin.py:190} INFO - [2025-02-07T13:35:48.991+0000] {dagbag.py:588} INFO - Filling up the DagBag from /opt/conda/lib/python3.12/site-packages/airflow/example_dags/subdags/subdag.py
[2025-02-07T13:35:48.994+0000] {processor.py:927} WARNING - No viable dags retrieved from /opt/conda/lib/python3.12/site-packages/airflow/example_dags/subdags/subdag.py
[2025-02-07T13:35:49.003+0000] {processor.py:208} INFO - Processing /opt/conda/lib/python3.12/site-packages/airflow/example_dags/subdags/subdag.py took 0.020 seconds
[2025-02-07T13:36:22.860+0000] {processor.py:186} INFO - Started process (PID=56) to work on /opt/conda/lib/python3.12/site-packages/airflow/example_dags/subdags/subdag.py
[2025-02-07T13:36:22.861+0000] {processor.py:914} INFO - Processing file /opt/conda/lib/python3.12/site-packages/airflow/example_dags/subdags/subdag.py for tasks to queue
[2025-02-07T13:36:22.864+0000] {logging_mixin.py:190} INFO - [2025-02-07T13:36:22.863+0000] {dagbag.py:588} INFO - Filling up the DagBag from /opt/conda/lib/python3.12/site-packages/airflow/example_dags/subdags/subdag.py
[2025-02-07T13:36:22.866+0000] {processor.py:927} WARNING - No viable dags retrieved from /opt/conda/lib/python3.12/site-packages/airflow/example_dags/subdags/subdag.py
[2025-02-07T13:36:22.881+0000] {processor.py:208} INFO - Processing /opt/conda/lib/python3.12/site-packages/airflow/example_dags/subdags/subdag.py took 0.032 seconds
[2025-02-07T13:39:12.638+0000] {processor.py:186} INFO - Started process (PID=469) to work on /opt/conda/lib/python3.12/site-packages/airflow/example_dags/subdags/subdag.py
[2025-02-07T13:39:12.640+0000] {processor.py:914} INFO - Processing file /opt/conda/lib/python3.12/site-packages/airflow/example_dags/subdags/subdag.py for tasks to queue
[2025-02-07T13:39:12.644+0000] {logging_mixin.py:190} INFO - [2025-02-07T13:39:12.643+0000] {dagbag.py:588} INFO - Filling up the DagBag from /opt/conda/lib/python3.12/site-packages/airflow/example_dags/subdags/subdag.py
[2025-02-07T13:39:12.645+0000] {processor.py:927} WARNING - No viable dags retrieved from /opt/conda/lib/python3.12/site-packages/airflow/example_dags/subdags/subdag.py
[2025-02-07T13:39:12.655+0000] {processor.py:208} INFO - Processing /opt/conda/lib/python3.12/site-packages/airflow/example_dags/subdags/subdag.py took 0.022 seconds
[2025-02-07T13:39:45.857+0000] {processor.py:186} INFO - Started process (PID=502) to work on /opt/conda/lib/python3.12/site-packages/airflow/example_dags/subdags/subdag.py
[2025-02-07T13:39:45.857+0000] {processor.py:914} INFO - Processing file /opt/conda/lib/python3.12/site-packages/airflow/example_dags/subdags/subdag.py for tasks to queue
[2025-02-07T13:39:45.859+0000] {logging_mixin.py:190} INFO - [2025-02-07T13:39:45.859+0000] {dagbag.py:588} INFO - Filling up the DagBag from /opt/conda/lib/python3.12/site-packages/airflow/example_dags/subdags/subdag.py
[2025-02-07T13:39:45.861+0000] {processor.py:927} WARNING - No viable dags retrieved from /opt/conda/lib/python3.12/site-packages/airflow/example_dags/subdags/subdag.py
[2025-02-07T13:39:45.869+0000] {processor.py:208} INFO - Processing /opt/conda/lib/python3.12/site-packages/airflow/example_dags/subdags/subdag.py took 0.019 seconds
[2025-02-07T13:40:42.549+0000] {processor.py:186} INFO - Started process (PID=569) to work on /opt/conda/lib/python3.12/site-packages/airflow/example_dags/subdags/subdag.py
[2025-02-07T13:40:42.550+0000] {processor.py:914} INFO - Processing file /opt/conda/lib/python3.12/site-packages/airflow/example_dags/subdags/subdag.py for tasks to queue
[2025-02-07T13:40:42.552+0000] {logging_mixin.py:190} INFO - [2025-02-07T13:40:42.552+0000] {dagbag.py:588} INFO - Filling up the DagBag from /opt/conda/lib/python3.12/site-packages/airflow/example_dags/subdags/subdag.py
[2025-02-07T13:40:42.554+0000] {processor.py:927} WARNING - No viable dags retrieved from /opt/conda/lib/python3.12/site-packages/airflow/example_dags/subdags/subdag.py
[2025-02-07T13:40:42.563+0000] {processor.py:208} INFO - Processing /opt/conda/lib/python3.12/site-packages/airflow/example_dags/subdags/subdag.py took 0.021 seconds
[2025-02-07T13:41:40.305+0000] {processor.py:186} INFO - Started process (PID=636) to work on /opt/conda/lib/python3.12/site-packages/airflow/example_dags/subdags/subdag.py
[2025-02-07T13:41:40.307+0000] {processor.py:914} INFO - Processing file /opt/conda/lib/python3.12/site-packages/airflow/example_dags/subdags/subdag.py for tasks to queue
[2025-02-07T13:41:40.309+0000] {logging_mixin.py:190} INFO - [2025-02-07T13:41:40.308+0000] {dagbag.py:588} INFO - Filling up the DagBag from /opt/conda/lib/python3.12/site-packages/airflow/example_dags/subdags/subdag.py
[2025-02-07T13:41:40.311+0000] {processor.py:927} WARNING - No viable dags retrieved from /opt/conda/lib/python3.12/site-packages/airflow/example_dags/subdags/subdag.py
[2025-02-07T13:41:40.319+0000] {processor.py:208} INFO - Processing /opt/conda/lib/python3.12/site-packages/airflow/example_dags/subdags/subdag.py took 0.022 seconds
[2025-02-07T13:42:47.752+0000] {processor.py:186} INFO - Started process (PID=813) to work on /opt/conda/lib/python3.12/site-packages/airflow/example_dags/subdags/subdag.py
[2025-02-07T13:42:47.752+0000] {processor.py:914} INFO - Processing file /opt/conda/lib/python3.12/site-packages/airflow/example_dags/subdags/subdag.py for tasks to queue
[2025-02-07T13:42:47.754+0000] {logging_mixin.py:190} INFO - [2025-02-07T13:42:47.754+0000] {dagbag.py:588} INFO - Filling up the DagBag from /opt/conda/lib/python3.12/site-packages/airflow/example_dags/subdags/subdag.py
[2025-02-07T13:42:47.756+0000] {processor.py:927} WARNING - No viable dags retrieved from /opt/conda/lib/python3.12/site-packages/airflow/example_dags/subdags/subdag.py
[2025-02-07T13:42:47.763+0000] {processor.py:208} INFO - Processing /opt/conda/lib/python3.12/site-packages/airflow/example_dags/subdags/subdag.py took 0.015 seconds
[2025-02-07T13:43:22.690+0000] {processor.py:186} INFO - Started process (PID=849) to work on /opt/conda/lib/python3.12/site-packages/airflow/example_dags/subdags/subdag.py
[2025-02-07T13:43:22.691+0000] {processor.py:914} INFO - Processing file /opt/conda/lib/python3.12/site-packages/airflow/example_dags/subdags/subdag.py for tasks to queue
[2025-02-07T13:43:22.693+0000] {logging_mixin.py:190} INFO - [2025-02-07T13:43:22.693+0000] {dagbag.py:588} INFO - Filling up the DagBag from /opt/conda/lib/python3.12/site-packages/airflow/example_dags/subdags/subdag.py
[2025-02-07T13:43:22.696+0000] {processor.py:927} WARNING - No viable dags retrieved from /opt/conda/lib/python3.12/site-packages/airflow/example_dags/subdags/subdag.py
[2025-02-07T13:43:22.708+0000] {processor.py:208} INFO - Processing /opt/conda/lib/python3.12/site-packages/airflow/example_dags/subdags/subdag.py took 0.023 seconds
[2025-02-07T13:44:06.477+0000] {processor.py:186} INFO - Started process (PID=996) to work on /opt/conda/lib/python3.12/site-packages/airflow/example_dags/subdags/subdag.py
[2025-02-07T13:44:06.478+0000] {processor.py:914} INFO - Processing file /opt/conda/lib/python3.12/site-packages/airflow/example_dags/subdags/subdag.py for tasks to queue
[2025-02-07T13:44:06.480+0000] {logging_mixin.py:190} INFO - [2025-02-07T13:44:06.480+0000] {dagbag.py:588} INFO - Filling up the DagBag from /opt/conda/lib/python3.12/site-packages/airflow/example_dags/subdags/subdag.py
[2025-02-07T13:44:06.483+0000] {processor.py:927} WARNING - No viable dags retrieved from /opt/conda/lib/python3.12/site-packages/airflow/example_dags/subdags/subdag.py
[2025-02-07T13:44:06.492+0000] {processor.py:208} INFO - Processing /opt/conda/lib/python3.12/site-packages/airflow/example_dags/subdags/subdag.py took 0.021 seconds
[2025-02-07T13:44:50.741+0000] {processor.py:186} INFO - Started process (PID=1041) to work on /opt/conda/lib/python3.12/site-packages/airflow/example_dags/subdags/subdag.py
[2025-02-07T13:44:50.742+0000] {processor.py:914} INFO - Processing file /opt/conda/lib/python3.12/site-packages/airflow/example_dags/subdags/subdag.py for tasks to queue
[2025-02-07T13:44:50.744+0000] {logging_mixin.py:190} INFO - [2025-02-07T13:44:50.744+0000] {dagbag.py:588} INFO - Filling up the DagBag from /opt/conda/lib/python3.12/site-packages/airflow/example_dags/subdags/subdag.py
[2025-02-07T13:44:50.746+0000] {processor.py:927} WARNING - No viable dags retrieved from /opt/conda/lib/python3.12/site-packages/airflow/example_dags/subdags/subdag.py
[2025-02-07T13:44:50.755+0000] {processor.py:208} INFO - Processing /opt/conda/lib/python3.12/site-packages/airflow/example_dags/subdags/subdag.py took 0.021 seconds
[2025-02-07T13:45:47.960+0000] {processor.py:186} INFO - Started process (PID=1188) to work on /opt/conda/lib/python3.12/site-packages/airflow/example_dags/subdags/subdag.py
[2025-02-07T13:45:47.968+0000] {processor.py:914} INFO - Processing file /opt/conda/lib/python3.12/site-packages/airflow/example_dags/subdags/subdag.py for tasks to queue
[2025-02-07T13:45:47.976+0000] {logging_mixin.py:190} INFO - [2025-02-07T13:45:47.976+0000] {dagbag.py:588} INFO - Filling up the DagBag from /opt/conda/lib/python3.12/site-packages/airflow/example_dags/subdags/subdag.py
[2025-02-07T13:45:47.979+0000] {processor.py:927} WARNING - No viable dags retrieved from /opt/conda/lib/python3.12/site-packages/airflow/example_dags/subdags/subdag.py
[2025-02-07T13:45:47.991+0000] {processor.py:208} INFO - Processing /opt/conda/lib/python3.12/site-packages/airflow/example_dags/subdags/subdag.py took 0.050 seconds
[2025-02-07T13:46:29.368+0000] {processor.py:186} INFO - Started process (PID=1227) to work on /opt/conda/lib/python3.12/site-packages/airflow/example_dags/subdags/subdag.py
[2025-02-07T13:46:29.370+0000] {processor.py:914} INFO - Processing file /opt/conda/lib/python3.12/site-packages/airflow/example_dags/subdags/subdag.py for tasks to queue
[2025-02-07T13:46:29.373+0000] {logging_mixin.py:190} INFO - [2025-02-07T13:46:29.372+0000] {dagbag.py:588} INFO - Filling up the DagBag from /opt/conda/lib/python3.12/site-packages/airflow/example_dags/subdags/subdag.py
[2025-02-07T13:46:29.375+0000] {processor.py:927} WARNING - No viable dags retrieved from /opt/conda/lib/python3.12/site-packages/airflow/example_dags/subdags/subdag.py
[2025-02-07T13:46:29.389+0000] {processor.py:208} INFO - Processing /opt/conda/lib/python3.12/site-packages/airflow/example_dags/subdags/subdag.py took 0.030 seconds
[2025-02-07T13:49:55.200+0000] {processor.py:186} INFO - Started process (PID=56) to work on /opt/conda/lib/python3.12/site-packages/airflow/example_dags/subdags/subdag.py
[2025-02-07T13:49:55.207+0000] {processor.py:914} INFO - Processing file /opt/conda/lib/python3.12/site-packages/airflow/example_dags/subdags/subdag.py for tasks to queue
[2025-02-07T13:49:55.216+0000] {logging_mixin.py:190} INFO - [2025-02-07T13:49:55.214+0000] {dagbag.py:588} INFO - Filling up the DagBag from /opt/conda/lib/python3.12/site-packages/airflow/example_dags/subdags/subdag.py
[2025-02-07T13:49:55.275+0000] {processor.py:927} WARNING - No viable dags retrieved from /opt/conda/lib/python3.12/site-packages/airflow/example_dags/subdags/subdag.py
[2025-02-07T13:49:55.412+0000] {processor.py:208} INFO - Processing /opt/conda/lib/python3.12/site-packages/airflow/example_dags/subdags/subdag.py took 0.268 seconds
[2025-02-07T13:52:20.123+0000] {processor.py:186} INFO - Started process (PID=207) to work on /opt/conda/lib/python3.12/site-packages/airflow/example_dags/subdags/subdag.py
[2025-02-07T13:52:20.138+0000] {processor.py:914} INFO - Processing file /opt/conda/lib/python3.12/site-packages/airflow/example_dags/subdags/subdag.py for tasks to queue
[2025-02-07T13:52:20.146+0000] {logging_mixin.py:190} INFO - [2025-02-07T13:52:20.143+0000] {dagbag.py:588} INFO - Filling up the DagBag from /opt/conda/lib/python3.12/site-packages/airflow/example_dags/subdags/subdag.py
[2025-02-07T13:52:20.173+0000] {processor.py:927} WARNING - No viable dags retrieved from /opt/conda/lib/python3.12/site-packages/airflow/example_dags/subdags/subdag.py
[2025-02-07T13:52:20.303+0000] {processor.py:208} INFO - Processing /opt/conda/lib/python3.12/site-packages/airflow/example_dags/subdags/subdag.py took 0.244 seconds
[2025-02-07T13:54:10.584+0000] {processor.py:186} INFO - Started process (PID=342) to work on /opt/conda/lib/python3.12/site-packages/airflow/example_dags/subdags/subdag.py
[2025-02-07T13:54:10.598+0000] {processor.py:914} INFO - Processing file /opt/conda/lib/python3.12/site-packages/airflow/example_dags/subdags/subdag.py for tasks to queue
[2025-02-07T13:54:10.615+0000] {logging_mixin.py:190} INFO - [2025-02-07T13:54:10.610+0000] {dagbag.py:588} INFO - Filling up the DagBag from /opt/conda/lib/python3.12/site-packages/airflow/example_dags/subdags/subdag.py
[2025-02-07T13:54:10.656+0000] {processor.py:927} WARNING - No viable dags retrieved from /opt/conda/lib/python3.12/site-packages/airflow/example_dags/subdags/subdag.py
[2025-02-07T13:54:10.811+0000] {processor.py:208} INFO - Processing /opt/conda/lib/python3.12/site-packages/airflow/example_dags/subdags/subdag.py took 0.296 seconds
[2025-02-07T13:55:37.676+0000] {processor.py:186} INFO - Started process (PID=56) to work on /opt/conda/lib/python3.12/site-packages/airflow/example_dags/subdags/subdag.py
[2025-02-07T13:55:37.679+0000] {processor.py:914} INFO - Processing file /opt/conda/lib/python3.12/site-packages/airflow/example_dags/subdags/subdag.py for tasks to queue
[2025-02-07T13:55:37.691+0000] {logging_mixin.py:190} INFO - [2025-02-07T13:55:37.690+0000] {dagbag.py:588} INFO - Filling up the DagBag from /opt/conda/lib/python3.12/site-packages/airflow/example_dags/subdags/subdag.py
[2025-02-07T13:55:37.702+0000] {processor.py:927} WARNING - No viable dags retrieved from /opt/conda/lib/python3.12/site-packages/airflow/example_dags/subdags/subdag.py
[2025-02-07T13:55:37.764+0000] {processor.py:208} INFO - Processing /opt/conda/lib/python3.12/site-packages/airflow/example_dags/subdags/subdag.py took 0.103 seconds
[2025-02-07T13:56:48.643+0000] {processor.py:186} INFO - Started process (PID=54) to work on /opt/conda/lib/python3.12/site-packages/airflow/example_dags/subdags/subdag.py
[2025-02-07T13:56:48.685+0000] {processor.py:914} INFO - Processing file /opt/conda/lib/python3.12/site-packages/airflow/example_dags/subdags/subdag.py for tasks to queue
[2025-02-07T13:56:48.788+0000] {logging_mixin.py:190} INFO - [2025-02-07T13:56:48.778+0000] {dagbag.py:588} INFO - Filling up the DagBag from /opt/conda/lib/python3.12/site-packages/airflow/example_dags/subdags/subdag.py
[2025-02-07T13:56:48.847+0000] {processor.py:927} WARNING - No viable dags retrieved from /opt/conda/lib/python3.12/site-packages/airflow/example_dags/subdags/subdag.py
[2025-02-07T13:56:49.044+0000] {processor.py:208} INFO - Processing /opt/conda/lib/python3.12/site-packages/airflow/example_dags/subdags/subdag.py took 0.593 seconds
[2025-02-07T14:00:32.742+0000] {processor.py:186} INFO - Started process (PID=215) to work on /opt/conda/lib/python3.12/site-packages/airflow/example_dags/subdags/subdag.py
[2025-02-07T14:00:32.745+0000] {processor.py:914} INFO - Processing file /opt/conda/lib/python3.12/site-packages/airflow/example_dags/subdags/subdag.py for tasks to queue
[2025-02-07T14:00:32.752+0000] {logging_mixin.py:190} INFO - [2025-02-07T14:00:32.750+0000] {dagbag.py:588} INFO - Filling up the DagBag from /opt/conda/lib/python3.12/site-packages/airflow/example_dags/subdags/subdag.py
[2025-02-07T14:00:32.767+0000] {processor.py:927} WARNING - No viable dags retrieved from /opt/conda/lib/python3.12/site-packages/airflow/example_dags/subdags/subdag.py
[2025-02-07T14:00:32.834+0000] {processor.py:208} INFO - Processing /opt/conda/lib/python3.12/site-packages/airflow/example_dags/subdags/subdag.py took 0.130 seconds
[2025-02-07T14:05:49.452+0000] {processor.py:186} INFO - Started process (PID=1795) to work on /opt/conda/lib/python3.12/site-packages/airflow/example_dags/subdags/subdag.py
[2025-02-07T14:05:49.454+0000] {processor.py:914} INFO - Processing file /opt/conda/lib/python3.12/site-packages/airflow/example_dags/subdags/subdag.py for tasks to queue
[2025-02-07T14:05:49.460+0000] {logging_mixin.py:190} INFO - [2025-02-07T14:05:49.460+0000] {dagbag.py:588} INFO - Filling up the DagBag from /opt/conda/lib/python3.12/site-packages/airflow/example_dags/subdags/subdag.py
[2025-02-07T14:05:49.467+0000] {processor.py:927} WARNING - No viable dags retrieved from /opt/conda/lib/python3.12/site-packages/airflow/example_dags/subdags/subdag.py
[2025-02-07T14:05:49.485+0000] {processor.py:208} INFO - Processing /opt/conda/lib/python3.12/site-packages/airflow/example_dags/subdags/subdag.py took 0.046 seconds
[2025-02-07T14:06:20.730+0000] {processor.py:186} INFO - Started process (PID=1827) to work on /opt/conda/lib/python3.12/site-packages/airflow/example_dags/subdags/subdag.py
[2025-02-07T14:06:20.730+0000] {processor.py:914} INFO - Processing file /opt/conda/lib/python3.12/site-packages/airflow/example_dags/subdags/subdag.py for tasks to queue
[2025-02-07T14:06:20.732+0000] {logging_mixin.py:190} INFO - [2025-02-07T14:06:20.731+0000] {dagbag.py:588} INFO - Filling up the DagBag from /opt/conda/lib/python3.12/site-packages/airflow/example_dags/subdags/subdag.py
[2025-02-07T14:06:20.733+0000] {processor.py:927} WARNING - No viable dags retrieved from /opt/conda/lib/python3.12/site-packages/airflow/example_dags/subdags/subdag.py
[2025-02-07T14:06:20.740+0000] {processor.py:208} INFO - Processing /opt/conda/lib/python3.12/site-packages/airflow/example_dags/subdags/subdag.py took 0.018 seconds
[2025-02-07T14:07:12.834+0000] {processor.py:186} INFO - Started process (PID=1983) to work on /opt/conda/lib/python3.12/site-packages/airflow/example_dags/subdags/subdag.py
[2025-02-07T14:07:12.836+0000] {processor.py:914} INFO - Processing file /opt/conda/lib/python3.12/site-packages/airflow/example_dags/subdags/subdag.py for tasks to queue
[2025-02-07T14:07:12.838+0000] {logging_mixin.py:190} INFO - [2025-02-07T14:07:12.837+0000] {dagbag.py:588} INFO - Filling up the DagBag from /opt/conda/lib/python3.12/site-packages/airflow/example_dags/subdags/subdag.py
[2025-02-07T14:07:12.847+0000] {processor.py:927} WARNING - No viable dags retrieved from /opt/conda/lib/python3.12/site-packages/airflow/example_dags/subdags/subdag.py
[2025-02-07T14:07:12.862+0000] {processor.py:208} INFO - Processing /opt/conda/lib/python3.12/site-packages/airflow/example_dags/subdags/subdag.py took 0.036 seconds
[2025-02-07T14:08:54.781+0000] {processor.py:186} INFO - Started process (PID=2151) to work on /opt/conda/lib/python3.12/site-packages/airflow/example_dags/subdags/subdag.py
[2025-02-07T14:08:54.782+0000] {processor.py:914} INFO - Processing file /opt/conda/lib/python3.12/site-packages/airflow/example_dags/subdags/subdag.py for tasks to queue
[2025-02-07T14:08:54.783+0000] {logging_mixin.py:190} INFO - [2025-02-07T14:08:54.783+0000] {dagbag.py:588} INFO - Filling up the DagBag from /opt/conda/lib/python3.12/site-packages/airflow/example_dags/subdags/subdag.py
[2025-02-07T14:08:54.787+0000] {processor.py:927} WARNING - No viable dags retrieved from /opt/conda/lib/python3.12/site-packages/airflow/example_dags/subdags/subdag.py
[2025-02-07T14:08:54.811+0000] {processor.py:208} INFO - Processing /opt/conda/lib/python3.12/site-packages/airflow/example_dags/subdags/subdag.py took 0.039 seconds
[2025-02-07T14:35:33.843+0000] {processor.py:186} INFO - Started process (PID=113) to work on /opt/conda/lib/python3.12/site-packages/airflow/example_dags/subdags/subdag.py
[2025-02-07T14:35:33.844+0000] {processor.py:914} INFO - Processing file /opt/conda/lib/python3.12/site-packages/airflow/example_dags/subdags/subdag.py for tasks to queue
[2025-02-07T14:35:33.847+0000] {logging_mixin.py:190} INFO - [2025-02-07T14:35:33.846+0000] {dagbag.py:588} INFO - Filling up the DagBag from /opt/conda/lib/python3.12/site-packages/airflow/example_dags/subdags/subdag.py
[2025-02-07T14:35:33.849+0000] {processor.py:927} WARNING - No viable dags retrieved from /opt/conda/lib/python3.12/site-packages/airflow/example_dags/subdags/subdag.py
[2025-02-07T14:35:33.872+0000] {processor.py:208} INFO - Processing /opt/conda/lib/python3.12/site-packages/airflow/example_dags/subdags/subdag.py took 0.034 seconds
[2025-02-07T14:38:06.224+0000] {processor.py:186} INFO - Started process (PID=135) to work on /opt/conda/lib/python3.12/site-packages/airflow/example_dags/subdags/subdag.py
[2025-02-07T14:38:06.226+0000] {processor.py:914} INFO - Processing file /opt/conda/lib/python3.12/site-packages/airflow/example_dags/subdags/subdag.py for tasks to queue
[2025-02-07T14:38:06.230+0000] {logging_mixin.py:190} INFO - [2025-02-07T14:38:06.230+0000] {dagbag.py:588} INFO - Filling up the DagBag from /opt/conda/lib/python3.12/site-packages/airflow/example_dags/subdags/subdag.py
[2025-02-07T14:38:06.238+0000] {processor.py:927} WARNING - No viable dags retrieved from /opt/conda/lib/python3.12/site-packages/airflow/example_dags/subdags/subdag.py
[2025-02-07T14:38:06.292+0000] {processor.py:208} INFO - Processing /opt/conda/lib/python3.12/site-packages/airflow/example_dags/subdags/subdag.py took 0.074 seconds
[2025-02-07T14:40:15.522+0000] {processor.py:186} INFO - Started process (PID=178) to work on /opt/conda/lib/python3.12/site-packages/airflow/example_dags/subdags/subdag.py
[2025-02-07T14:40:15.526+0000] {processor.py:914} INFO - Processing file /opt/conda/lib/python3.12/site-packages/airflow/example_dags/subdags/subdag.py for tasks to queue
[2025-02-07T14:40:15.540+0000] {logging_mixin.py:190} INFO - [2025-02-07T14:40:15.538+0000] {dagbag.py:588} INFO - Filling up the DagBag from /opt/conda/lib/python3.12/site-packages/airflow/example_dags/subdags/subdag.py
[2025-02-07T14:40:15.554+0000] {processor.py:927} WARNING - No viable dags retrieved from /opt/conda/lib/python3.12/site-packages/airflow/example_dags/subdags/subdag.py
[2025-02-07T14:40:15.593+0000] {processor.py:208} INFO - Processing /opt/conda/lib/python3.12/site-packages/airflow/example_dags/subdags/subdag.py took 0.096 seconds
[2025-02-07T14:41:03.675+0000] {processor.py:186} INFO - Started process (PID=238) to work on /opt/conda/lib/python3.12/site-packages/airflow/example_dags/subdags/subdag.py
[2025-02-07T14:41:03.677+0000] {processor.py:914} INFO - Processing file /opt/conda/lib/python3.12/site-packages/airflow/example_dags/subdags/subdag.py for tasks to queue
[2025-02-07T14:41:03.680+0000] {logging_mixin.py:190} INFO - [2025-02-07T14:41:03.680+0000] {dagbag.py:588} INFO - Filling up the DagBag from /opt/conda/lib/python3.12/site-packages/airflow/example_dags/subdags/subdag.py
[2025-02-07T14:41:03.686+0000] {processor.py:927} WARNING - No viable dags retrieved from /opt/conda/lib/python3.12/site-packages/airflow/example_dags/subdags/subdag.py
[2025-02-07T14:41:03.704+0000] {processor.py:208} INFO - Processing /opt/conda/lib/python3.12/site-packages/airflow/example_dags/subdags/subdag.py took 0.035 seconds
