[2025-02-07T14:35:58.433+0000] {local_task_job_runner.py:123} INFO - ::group::Pre task execution logs
[2025-02-07T14:35:58.447+0000] {taskinstance.py:2613} INFO - Dependencies all met for dep_context=non-requeueable deps ti=<TaskInstance: my_training_dag.task_read_data scheduled__2025-02-07T14:09:56.073886+00:00 [queued]>
[2025-02-07T14:35:58.454+0000] {taskinstance.py:2613} INFO - Dependencies all met for dep_context=requeueable deps ti=<TaskInstance: my_training_dag.task_read_data scheduled__2025-02-07T14:09:56.073886+00:00 [queued]>
[2025-02-07T14:35:58.454+0000] {taskinstance.py:2866} INFO - Starting attempt 1 of 1
[2025-02-07T14:35:58.465+0000] {taskinstance.py:2889} INFO - Executing <Task(BranchPythonOperator): task_read_data> on 2025-02-07 14:09:56.073886+00:00
[2025-02-07T14:35:58.472+0000] {standard_task_runner.py:72} INFO - Started process 253 to run task
[2025-02-07T14:35:58.484+0000] {standard_task_runner.py:104} INFO - Running: ['airflow', 'tasks', 'run', 'my_training_dag', 'task_read_data', 'scheduled__2025-02-07T14:09:56.073886+00:00', '--job-id', '898', '--raw', '--subdir', 'DAGS_FOLDER/training_dag.py', '--cfg-path', '/tmp/tmp3vrc5c4x']
[2025-02-07T14:35:58.485+0000] {standard_task_runner.py:105} INFO - Job 898: Subtask task_read_data
[2025-02-07T14:35:58.541+0000] {task_command.py:467} INFO - Running <TaskInstance: my_training_dag.task_read_data scheduled__2025-02-07T14:09:56.073886+00:00 [running]> on host 4c0e316c252f
[2025-02-07T14:35:58.612+0000] {taskinstance.py:3132} INFO - Exporting env vars: AIRFLOW_CTX_DAG_OWNER='airflow' AIRFLOW_CTX_DAG_ID='my_training_dag' AIRFLOW_CTX_TASK_ID='task_read_data' AIRFLOW_CTX_EXECUTION_DATE='2025-02-07T14:09:56.073886+00:00' AIRFLOW_CTX_TRY_NUMBER='1' AIRFLOW_CTX_DAG_RUN_ID='scheduled__2025-02-07T14:09:56.073886+00:00'
[2025-02-07T14:35:58.615+0000] {logging_mixin.py:190} INFO - Task instance is in running state
[2025-02-07T14:35:58.615+0000] {logging_mixin.py:190} INFO -  Previous state of the Task instance: queued
[2025-02-07T14:35:58.616+0000] {logging_mixin.py:190} INFO - Current task name:task_read_data state:running start_date:2025-02-07 14:35:58.448005+00:00
[2025-02-07T14:35:58.617+0000] {logging_mixin.py:190} INFO - Dag name:my_training_dag and current dag run status:running
[2025-02-07T14:35:58.618+0000] {taskinstance.py:731} INFO - ::endgroup::
[2025-02-07T14:35:58.620+0000] {baseoperator.py:421} WARNING - BranchPythonOperator.execute cannot be called outside TaskInstance!
[2025-02-07T14:35:58.670+0000] {python.py:240} INFO - Done. Returned value was: task_train_model
[2025-02-07T14:35:58.671+0000] {branch.py:38} INFO - Branch into task_train_model
[2025-02-07T14:35:58.673+0000] {skipmixin.py:230} INFO - Following branch ('task_train_model',)
[2025-02-07T14:35:58.718+0000] {skipmixin.py:278} INFO - Skipping tasks []
[2025-02-07T14:35:58.735+0000] {taskinstance.py:340} INFO - ::group::Post task execution logs
[2025-02-07T14:35:58.736+0000] {taskinstance.py:352} INFO - Marking task as SUCCESS. dag_id=my_training_dag, task_id=task_read_data, run_id=scheduled__2025-02-07T14:09:56.073886+00:00, execution_date=20250207T140956, start_date=20250207T143558, end_date=20250207T143558
[2025-02-07T14:35:58.744+0000] {logging_mixin.py:190} INFO - Task instance in success state
[2025-02-07T14:35:58.745+0000] {logging_mixin.py:190} INFO -  Previous state of the Task instance: running
[2025-02-07T14:35:58.745+0000] {logging_mixin.py:190} INFO - Dag name:my_training_dag queued_at:2025-02-07 14:35:33.952044+00:00
[2025-02-07T14:35:58.745+0000] {logging_mixin.py:190} INFO - Task hostname:4c0e316c252f operator:BranchPythonOperator
[2025-02-07T14:35:58.783+0000] {local_task_job_runner.py:266} INFO - Task exited with return code 0
[2025-02-07T14:35:58.806+0000] {taskinstance.py:3895} INFO - 1 downstream tasks scheduled from follow-on schedule check
[2025-02-07T14:35:58.814+0000] {local_task_job_runner.py:245} INFO - ::endgroup::
