[2025-02-07T12:15:24.092+0000] {processor.py:186} INFO - Started process (PID=3835) to work on /root/airflow/dags/first_dag.py
[2025-02-07T12:15:24.093+0000] {processor.py:914} INFO - Processing file /root/airflow/dags/first_dag.py for tasks to queue
[2025-02-07T12:15:24.099+0000] {logging_mixin.py:190} INFO - [2025-02-07T12:15:24.098+0000] {dagbag.py:588} INFO - Filling up the DagBag from /root/airflow/dags/first_dag.py
[2025-02-07T12:15:24.119+0000] {processor.py:925} INFO - DAG(s) 'my_first_dag' retrieved from /root/airflow/dags/first_dag.py
[2025-02-07T12:15:24.376+0000] {logging_mixin.py:190} INFO - [2025-02-07T12:15:24.375+0000] {override.py:1912} INFO - Created Permission View: can delete on DAG:my_first_dag
[2025-02-07T12:15:24.384+0000] {logging_mixin.py:190} INFO - [2025-02-07T12:15:24.384+0000] {override.py:1912} INFO - Created Permission View: can read on DAG:my_first_dag
[2025-02-07T12:15:24.390+0000] {logging_mixin.py:190} INFO - [2025-02-07T12:15:24.389+0000] {override.py:1912} INFO - Created Permission View: can edit on DAG:my_first_dag
[2025-02-07T12:15:24.398+0000] {logging_mixin.py:190} INFO - [2025-02-07T12:15:24.398+0000] {override.py:1912} INFO - Created Permission View: can create on DAG Run:my_first_dag
[2025-02-07T12:15:24.406+0000] {logging_mixin.py:190} INFO - [2025-02-07T12:15:24.406+0000] {override.py:1912} INFO - Created Permission View: menu access on DAG Run:my_first_dag
[2025-02-07T12:15:24.412+0000] {logging_mixin.py:190} INFO - [2025-02-07T12:15:24.412+0000] {override.py:1912} INFO - Created Permission View: can read on DAG Run:my_first_dag
[2025-02-07T12:15:24.420+0000] {logging_mixin.py:190} INFO - [2025-02-07T12:15:24.420+0000] {override.py:1912} INFO - Created Permission View: can delete on DAG Run:my_first_dag
[2025-02-07T12:15:24.420+0000] {logging_mixin.py:190} INFO - [2025-02-07T12:15:24.420+0000] {dag.py:3239} INFO - Sync 1 DAGs
[2025-02-07T12:15:24.431+0000] {logging_mixin.py:190} INFO - [2025-02-07T12:15:24.431+0000] {dag.py:3262} INFO - Creating ORM DAG for my_first_dag
[2025-02-07T12:15:24.438+0000] {logging_mixin.py:190} INFO - [2025-02-07T12:15:24.438+0000] {dag.py:4180} INFO - Setting next_dagrun for my_first_dag to 2025-01-01 00:00:00+00:00, run_after=2025-01-01 00:00:30+00:00
[2025-02-07T12:15:24.453+0000] {processor.py:208} INFO - Processing /root/airflow/dags/first_dag.py took 0.369 seconds
[2025-02-07T12:37:14.401+0000] {processor.py:186} INFO - Started process (PID=138) to work on /root/airflow/dags/first_dag.py
[2025-02-07T12:37:14.402+0000] {processor.py:914} INFO - Processing file /root/airflow/dags/first_dag.py for tasks to queue
[2025-02-07T12:37:14.407+0000] {logging_mixin.py:190} INFO - [2025-02-07T12:37:14.406+0000] {dagbag.py:588} INFO - Filling up the DagBag from /root/airflow/dags/first_dag.py
[2025-02-07T12:37:14.428+0000] {processor.py:925} INFO - DAG(s) 'my_first_dag' retrieved from /root/airflow/dags/first_dag.py
[2025-02-07T12:37:14.484+0000] {logging_mixin.py:190} INFO - [2025-02-07T12:37:14.484+0000] {dag.py:3239} INFO - Sync 1 DAGs
[2025-02-07T12:37:14.514+0000] {logging_mixin.py:190} INFO - [2025-02-07T12:37:14.514+0000] {dag.py:4180} INFO - Setting next_dagrun for my_first_dag to 2025-01-01 00:00:00+00:00, run_after=2025-01-01 00:00:30+00:00
[2025-02-07T12:37:14.541+0000] {processor.py:208} INFO - Processing /root/airflow/dags/first_dag.py took 0.167 seconds
[2025-02-07T12:38:23.638+0000] {processor.py:186} INFO - Started process (PID=213) to work on /root/airflow/dags/first_dag.py
[2025-02-07T12:38:23.640+0000] {processor.py:914} INFO - Processing file /root/airflow/dags/first_dag.py for tasks to queue
[2025-02-07T12:38:23.642+0000] {logging_mixin.py:190} INFO - [2025-02-07T12:38:23.642+0000] {dagbag.py:588} INFO - Filling up the DagBag from /root/airflow/dags/first_dag.py
[2025-02-07T12:38:23.650+0000] {processor.py:925} INFO - DAG(s) 'my_first_dag' retrieved from /root/airflow/dags/first_dag.py
[2025-02-07T12:38:23.664+0000] {logging_mixin.py:190} INFO - [2025-02-07T12:38:23.663+0000] {dag.py:3239} INFO - Sync 1 DAGs
[2025-02-07T12:38:23.678+0000] {logging_mixin.py:190} INFO - [2025-02-07T12:38:23.678+0000] {dag.py:4180} INFO - Setting next_dagrun for my_first_dag to 2025-01-01 00:00:00+00:00, run_after=2025-01-01 00:00:30+00:00
[2025-02-07T12:38:23.696+0000] {processor.py:208} INFO - Processing /root/airflow/dags/first_dag.py took 0.064 seconds
[2025-02-07T12:39:22.312+0000] {processor.py:186} INFO - Started process (PID=282) to work on /root/airflow/dags/first_dag.py
[2025-02-07T12:39:22.314+0000] {processor.py:914} INFO - Processing file /root/airflow/dags/first_dag.py for tasks to queue
[2025-02-07T12:39:22.316+0000] {logging_mixin.py:190} INFO - [2025-02-07T12:39:22.316+0000] {dagbag.py:588} INFO - Filling up the DagBag from /root/airflow/dags/first_dag.py
[2025-02-07T12:39:22.327+0000] {processor.py:925} INFO - DAG(s) 'my_first_dag' retrieved from /root/airflow/dags/first_dag.py
[2025-02-07T12:39:22.343+0000] {logging_mixin.py:190} INFO - [2025-02-07T12:39:22.343+0000] {dag.py:3239} INFO - Sync 1 DAGs
[2025-02-07T12:39:22.358+0000] {logging_mixin.py:190} INFO - [2025-02-07T12:39:22.358+0000] {dag.py:4180} INFO - Setting next_dagrun for my_first_dag to 2025-01-01 00:00:00+00:00, run_after=2025-01-01 00:00:30+00:00
[2025-02-07T12:39:22.372+0000] {processor.py:208} INFO - Processing /root/airflow/dags/first_dag.py took 0.067 seconds
[2025-02-07T12:40:48.639+0000] {processor.py:186} INFO - Started process (PID=377) to work on /root/airflow/dags/first_dag.py
[2025-02-07T12:40:48.640+0000] {processor.py:914} INFO - Processing file /root/airflow/dags/first_dag.py for tasks to queue
[2025-02-07T12:40:48.642+0000] {logging_mixin.py:190} INFO - [2025-02-07T12:40:48.641+0000] {dagbag.py:588} INFO - Filling up the DagBag from /root/airflow/dags/first_dag.py
[2025-02-07T12:40:48.649+0000] {processor.py:925} INFO - DAG(s) 'my_first_dag' retrieved from /root/airflow/dags/first_dag.py
[2025-02-07T12:40:48.661+0000] {logging_mixin.py:190} INFO - [2025-02-07T12:40:48.661+0000] {dag.py:3239} INFO - Sync 1 DAGs
[2025-02-07T12:40:48.674+0000] {logging_mixin.py:190} INFO - [2025-02-07T12:40:48.673+0000] {dag.py:4180} INFO - Setting next_dagrun for my_first_dag to 2025-01-01 00:00:00+00:00, run_after=2025-01-01 00:00:30+00:00
[2025-02-07T12:40:48.689+0000] {processor.py:208} INFO - Processing /root/airflow/dags/first_dag.py took 0.054 seconds
[2025-02-07T12:53:55.353+0000] {processor.py:186} INFO - Started process (PID=5516) to work on /root/airflow/dags/first_dag.py
[2025-02-07T12:53:55.354+0000] {processor.py:914} INFO - Processing file /root/airflow/dags/first_dag.py for tasks to queue
[2025-02-07T12:53:55.355+0000] {logging_mixin.py:190} INFO - [2025-02-07T12:53:55.355+0000] {dagbag.py:588} INFO - Filling up the DagBag from /root/airflow/dags/first_dag.py
[2025-02-07T12:53:55.363+0000] {processor.py:925} INFO - DAG(s) 'my_first_dag' retrieved from /root/airflow/dags/first_dag.py
[2025-02-07T12:53:55.376+0000] {logging_mixin.py:190} INFO - [2025-02-07T12:53:55.376+0000] {dag.py:3239} INFO - Sync 1 DAGs
[2025-02-07T12:53:55.389+0000] {logging_mixin.py:190} INFO - [2025-02-07T12:53:55.389+0000] {dag.py:4180} INFO - Setting next_dagrun for my_first_dag to 2025-01-01 00:00:00+00:00, run_after=2025-01-01 00:00:30+00:00
[2025-02-07T12:53:55.403+0000] {processor.py:208} INFO - Processing /root/airflow/dags/first_dag.py took 0.054 seconds
[2025-02-07T13:28:13.609+0000] {processor.py:186} INFO - Started process (PID=308) to work on /root/airflow/dags/first_dag.py
[2025-02-07T13:28:13.614+0000] {processor.py:914} INFO - Processing file /root/airflow/dags/first_dag.py for tasks to queue
[2025-02-07T13:28:13.680+0000] {logging_mixin.py:190} INFO - [2025-02-07T13:28:13.677+0000] {dagbag.py:588} INFO - Filling up the DagBag from /root/airflow/dags/first_dag.py
[2025-02-07T13:28:13.726+0000] {processor.py:925} INFO - DAG(s) 'my_first_dag' retrieved from /root/airflow/dags/first_dag.py
[2025-02-07T13:28:13.772+0000] {logging_mixin.py:190} INFO - [2025-02-07T13:28:13.770+0000] {dag.py:3239} INFO - Sync 1 DAGs
[2025-02-07T13:28:13.863+0000] {logging_mixin.py:190} INFO - [2025-02-07T13:28:13.863+0000] {dag.py:4180} INFO - Setting next_dagrun for my_first_dag to 2025-01-01 00:00:00+00:00, run_after=2025-01-01 00:00:30+00:00
[2025-02-07T13:28:14.050+0000] {processor.py:208} INFO - Processing /root/airflow/dags/first_dag.py took 0.456 seconds
[2025-02-07T13:29:46.138+0000] {processor.py:186} INFO - Started process (PID=400) to work on /root/airflow/dags/first_dag.py
[2025-02-07T13:29:46.143+0000] {processor.py:914} INFO - Processing file /root/airflow/dags/first_dag.py for tasks to queue
[2025-02-07T13:29:46.144+0000] {logging_mixin.py:190} INFO - [2025-02-07T13:29:46.144+0000] {dagbag.py:588} INFO - Filling up the DagBag from /root/airflow/dags/first_dag.py
[2025-02-07T13:29:46.152+0000] {processor.py:925} INFO - DAG(s) 'my_first_dag' retrieved from /root/airflow/dags/first_dag.py
[2025-02-07T13:29:46.164+0000] {logging_mixin.py:190} INFO - [2025-02-07T13:29:46.164+0000] {dag.py:3239} INFO - Sync 1 DAGs
[2025-02-07T13:29:46.179+0000] {logging_mixin.py:190} INFO - [2025-02-07T13:29:46.178+0000] {dag.py:4180} INFO - Setting next_dagrun for my_first_dag to 2025-01-01 00:00:00+00:00, run_after=2025-01-01 00:00:30+00:00
[2025-02-07T13:29:46.192+0000] {processor.py:208} INFO - Processing /root/airflow/dags/first_dag.py took 0.059 seconds
[2025-02-07T13:39:11.657+0000] {processor.py:186} INFO - Started process (PID=468) to work on /root/airflow/dags/first_dag.py
[2025-02-07T13:39:11.659+0000] {processor.py:914} INFO - Processing file /root/airflow/dags/first_dag.py for tasks to queue
[2025-02-07T13:39:11.663+0000] {logging_mixin.py:190} INFO - [2025-02-07T13:39:11.663+0000] {dagbag.py:588} INFO - Filling up the DagBag from /root/airflow/dags/first_dag.py
[2025-02-07T13:39:11.671+0000] {processor.py:925} INFO - DAG(s) 'my_first_dag' retrieved from /root/airflow/dags/first_dag.py
[2025-02-07T13:39:11.684+0000] {logging_mixin.py:190} INFO - [2025-02-07T13:39:11.684+0000] {dag.py:3239} INFO - Sync 1 DAGs
[2025-02-07T13:39:11.696+0000] {logging_mixin.py:190} INFO - [2025-02-07T13:39:11.696+0000] {dag.py:4180} INFO - Setting next_dagrun for my_first_dag to 2025-01-01 00:00:00+00:00, run_after=2025-01-01 00:00:30+00:00
[2025-02-07T13:39:11.709+0000] {processor.py:208} INFO - Processing /root/airflow/dags/first_dag.py took 0.057 seconds
[2025-02-07T13:40:13.380+0000] {processor.py:186} INFO - Started process (PID=539) to work on /root/airflow/dags/first_dag.py
[2025-02-07T13:40:13.382+0000] {processor.py:914} INFO - Processing file /root/airflow/dags/first_dag.py for tasks to queue
[2025-02-07T13:40:13.384+0000] {logging_mixin.py:190} INFO - [2025-02-07T13:40:13.384+0000] {dagbag.py:588} INFO - Filling up the DagBag from /root/airflow/dags/first_dag.py
[2025-02-07T13:40:13.394+0000] {processor.py:925} INFO - DAG(s) 'my_first_dag' retrieved from /root/airflow/dags/first_dag.py
[2025-02-07T13:40:13.407+0000] {logging_mixin.py:190} INFO - [2025-02-07T13:40:13.407+0000] {dag.py:3239} INFO - Sync 1 DAGs
[2025-02-07T13:40:13.420+0000] {logging_mixin.py:190} INFO - [2025-02-07T13:40:13.420+0000] {dag.py:4180} INFO - Setting next_dagrun for my_first_dag to 2025-01-01 00:00:00+00:00, run_after=2025-01-01 00:00:30+00:00
[2025-02-07T13:40:13.432+0000] {processor.py:208} INFO - Processing /root/airflow/dags/first_dag.py took 0.057 seconds
[2025-02-07T13:41:39.158+0000] {processor.py:186} INFO - Started process (PID=635) to work on /root/airflow/dags/first_dag.py
[2025-02-07T13:41:39.160+0000] {processor.py:914} INFO - Processing file /root/airflow/dags/first_dag.py for tasks to queue
[2025-02-07T13:41:39.162+0000] {logging_mixin.py:190} INFO - [2025-02-07T13:41:39.162+0000] {dagbag.py:588} INFO - Filling up the DagBag from /root/airflow/dags/first_dag.py
[2025-02-07T13:41:39.171+0000] {processor.py:925} INFO - DAG(s) 'my_first_dag' retrieved from /root/airflow/dags/first_dag.py
[2025-02-07T13:41:39.183+0000] {logging_mixin.py:190} INFO - [2025-02-07T13:41:39.183+0000] {dag.py:3239} INFO - Sync 1 DAGs
[2025-02-07T13:41:39.196+0000] {logging_mixin.py:190} INFO - [2025-02-07T13:41:39.196+0000] {dag.py:4180} INFO - Setting next_dagrun for my_first_dag to 2025-01-01 00:00:00+00:00, run_after=2025-01-01 00:00:30+00:00
[2025-02-07T13:41:39.209+0000] {processor.py:208} INFO - Processing /root/airflow/dags/first_dag.py took 0.059 seconds
[2025-02-07T13:43:22.132+0000] {processor.py:186} INFO - Started process (PID=848) to work on /root/airflow/dags/first_dag.py
[2025-02-07T13:43:22.133+0000] {processor.py:914} INFO - Processing file /root/airflow/dags/first_dag.py for tasks to queue
[2025-02-07T13:43:22.135+0000] {logging_mixin.py:190} INFO - [2025-02-07T13:43:22.134+0000] {dagbag.py:588} INFO - Filling up the DagBag from /root/airflow/dags/first_dag.py
[2025-02-07T13:43:22.143+0000] {processor.py:925} INFO - DAG(s) 'my_first_dag' retrieved from /root/airflow/dags/first_dag.py
[2025-02-07T13:43:22.157+0000] {logging_mixin.py:190} INFO - [2025-02-07T13:43:22.156+0000] {dag.py:3239} INFO - Sync 1 DAGs
[2025-02-07T13:43:22.170+0000] {logging_mixin.py:190} INFO - [2025-02-07T13:43:22.170+0000] {dag.py:4180} INFO - Setting next_dagrun for my_first_dag to 2025-01-01 00:00:00+00:00, run_after=2025-01-01 00:00:30+00:00
[2025-02-07T13:43:22.183+0000] {processor.py:208} INFO - Processing /root/airflow/dags/first_dag.py took 0.055 seconds
[2025-02-07T13:44:49.588+0000] {processor.py:186} INFO - Started process (PID=1040) to work on /root/airflow/dags/first_dag.py
[2025-02-07T13:44:49.591+0000] {processor.py:914} INFO - Processing file /root/airflow/dags/first_dag.py for tasks to queue
[2025-02-07T13:44:49.592+0000] {logging_mixin.py:190} INFO - [2025-02-07T13:44:49.592+0000] {dagbag.py:588} INFO - Filling up the DagBag from /root/airflow/dags/first_dag.py
[2025-02-07T13:44:49.598+0000] {processor.py:925} INFO - DAG(s) 'my_first_dag' retrieved from /root/airflow/dags/first_dag.py
[2025-02-07T13:44:49.607+0000] {logging_mixin.py:190} INFO - [2025-02-07T13:44:49.607+0000] {dag.py:3239} INFO - Sync 1 DAGs
[2025-02-07T13:44:49.618+0000] {logging_mixin.py:190} INFO - [2025-02-07T13:44:49.618+0000] {dag.py:4180} INFO - Setting next_dagrun for my_first_dag to 2025-01-01 00:00:00+00:00, run_after=2025-01-01 00:00:30+00:00
[2025-02-07T13:44:49.629+0000] {processor.py:208} INFO - Processing /root/airflow/dags/first_dag.py took 0.045 seconds
[2025-02-07T13:46:28.122+0000] {processor.py:186} INFO - Started process (PID=1226) to work on /root/airflow/dags/first_dag.py
[2025-02-07T13:46:28.125+0000] {processor.py:914} INFO - Processing file /root/airflow/dags/first_dag.py for tasks to queue
[2025-02-07T13:46:28.129+0000] {logging_mixin.py:190} INFO - [2025-02-07T13:46:28.129+0000] {dagbag.py:588} INFO - Filling up the DagBag from /root/airflow/dags/first_dag.py
[2025-02-07T13:46:28.144+0000] {processor.py:925} INFO - DAG(s) 'my_first_dag' retrieved from /root/airflow/dags/first_dag.py
[2025-02-07T13:46:28.158+0000] {logging_mixin.py:190} INFO - [2025-02-07T13:46:28.158+0000] {dag.py:3239} INFO - Sync 1 DAGs
[2025-02-07T13:46:28.177+0000] {logging_mixin.py:190} INFO - [2025-02-07T13:46:28.176+0000] {dag.py:4180} INFO - Setting next_dagrun for my_first_dag to 2025-01-01 00:00:00+00:00, run_after=2025-01-01 00:00:30+00:00
[2025-02-07T13:46:28.212+0000] {processor.py:208} INFO - Processing /root/airflow/dags/first_dag.py took 0.101 seconds
[2025-02-07T14:05:48.124+0000] {processor.py:186} INFO - Started process (PID=1794) to work on /root/airflow/dags/first_dag.py
[2025-02-07T14:05:48.126+0000] {processor.py:914} INFO - Processing file /root/airflow/dags/first_dag.py for tasks to queue
[2025-02-07T14:05:48.129+0000] {logging_mixin.py:190} INFO - [2025-02-07T14:05:48.128+0000] {dagbag.py:588} INFO - Filling up the DagBag from /root/airflow/dags/first_dag.py
[2025-02-07T14:05:48.157+0000] {processor.py:925} INFO - DAG(s) 'my_first_dag' retrieved from /root/airflow/dags/first_dag.py
[2025-02-07T14:05:48.179+0000] {logging_mixin.py:190} INFO - [2025-02-07T14:05:48.179+0000] {dag.py:3239} INFO - Sync 1 DAGs
[2025-02-07T14:05:48.201+0000] {logging_mixin.py:190} INFO - [2025-02-07T14:05:48.201+0000] {dag.py:4180} INFO - Setting next_dagrun for my_first_dag to 2025-01-01 00:00:00+00:00, run_after=2025-01-01 00:00:30+00:00
[2025-02-07T14:05:48.238+0000] {processor.py:208} INFO - Processing /root/airflow/dags/first_dag.py took 0.124 seconds
[2025-02-07T14:06:59.724+0000] {processor.py:186} INFO - Started process (PID=1908) to work on /root/airflow/dags/first_dag.py
[2025-02-07T14:06:59.727+0000] {processor.py:914} INFO - Processing file /root/airflow/dags/first_dag.py for tasks to queue
[2025-02-07T14:06:59.730+0000] {logging_mixin.py:190} INFO - [2025-02-07T14:06:59.729+0000] {dagbag.py:588} INFO - Filling up the DagBag from /root/airflow/dags/first_dag.py
[2025-02-07T14:06:59.759+0000] {processor.py:925} INFO - DAG(s) 'my_first_dag' retrieved from /root/airflow/dags/first_dag.py
[2025-02-07T14:06:59.778+0000] {logging_mixin.py:190} INFO - [2025-02-07T14:06:59.778+0000] {dag.py:3239} INFO - Sync 1 DAGs
[2025-02-07T14:06:59.797+0000] {logging_mixin.py:190} INFO - [2025-02-07T14:06:59.797+0000] {dag.py:4180} INFO - Setting next_dagrun for my_first_dag to 2025-01-01 00:00:00+00:00, run_after=2025-01-01 00:00:30+00:00
[2025-02-07T14:06:59.813+0000] {processor.py:208} INFO - Processing /root/airflow/dags/first_dag.py took 0.112 seconds
[2025-02-07T14:35:29.442+0000] {processor.py:186} INFO - Started process (PID=90) to work on /root/airflow/dags/first_dag.py
[2025-02-07T14:35:29.443+0000] {processor.py:914} INFO - Processing file /root/airflow/dags/first_dag.py for tasks to queue
[2025-02-07T14:35:29.447+0000] {logging_mixin.py:190} INFO - [2025-02-07T14:35:29.446+0000] {dagbag.py:588} INFO - Filling up the DagBag from /root/airflow/dags/first_dag.py
[2025-02-07T14:35:29.505+0000] {processor.py:925} INFO - DAG(s) 'my_first_dag' retrieved from /root/airflow/dags/first_dag.py
[2025-02-07T14:35:29.547+0000] {logging_mixin.py:190} INFO - [2025-02-07T14:35:29.547+0000] {dag.py:3239} INFO - Sync 1 DAGs
[2025-02-07T14:35:29.565+0000] {logging_mixin.py:190} INFO - [2025-02-07T14:35:29.564+0000] {dag.py:4180} INFO - Setting next_dagrun for my_first_dag to 2025-01-01 00:00:00+00:00, run_after=2025-01-01 00:00:30+00:00
[2025-02-07T14:35:29.587+0000] {processor.py:208} INFO - Processing /root/airflow/dags/first_dag.py took 0.156 seconds
[2025-02-07T14:37:59.161+0000] {processor.py:186} INFO - Started process (PID=90) to work on /root/airflow/dags/first_dag.py
[2025-02-07T14:37:59.163+0000] {processor.py:914} INFO - Processing file /root/airflow/dags/first_dag.py for tasks to queue
[2025-02-07T14:37:59.165+0000] {logging_mixin.py:190} INFO - [2025-02-07T14:37:59.164+0000] {dagbag.py:588} INFO - Filling up the DagBag from /root/airflow/dags/first_dag.py
[2025-02-07T14:37:59.207+0000] {processor.py:925} INFO - DAG(s) 'my_first_dag' retrieved from /root/airflow/dags/first_dag.py
[2025-02-07T14:37:59.249+0000] {logging_mixin.py:190} INFO - [2025-02-07T14:37:59.249+0000] {dag.py:3239} INFO - Sync 1 DAGs
[2025-02-07T14:37:59.263+0000] {logging_mixin.py:190} INFO - [2025-02-07T14:37:59.263+0000] {dag.py:4180} INFO - Setting next_dagrun for my_first_dag to 2025-01-01 00:00:00+00:00, run_after=2025-01-01 00:00:30+00:00
[2025-02-07T14:37:59.275+0000] {processor.py:208} INFO - Processing /root/airflow/dags/first_dag.py took 0.121 seconds
[2025-02-07T14:39:26.795+0000] {processor.py:186} INFO - Started process (PID=212) to work on /root/airflow/dags/first_dag.py
[2025-02-07T14:39:26.797+0000] {processor.py:914} INFO - Processing file /root/airflow/dags/first_dag.py for tasks to queue
[2025-02-07T14:39:26.813+0000] {logging_mixin.py:190} INFO - [2025-02-07T14:39:26.808+0000] {dagbag.py:588} INFO - Filling up the DagBag from /root/airflow/dags/first_dag.py
[2025-02-07T14:39:26.883+0000] {processor.py:925} INFO - DAG(s) 'my_first_dag' retrieved from /root/airflow/dags/first_dag.py
[2025-02-07T14:39:26.960+0000] {logging_mixin.py:190} INFO - [2025-02-07T14:39:26.959+0000] {dag.py:3239} INFO - Sync 1 DAGs
[2025-02-07T14:39:26.989+0000] {logging_mixin.py:190} INFO - [2025-02-07T14:39:26.989+0000] {dag.py:4180} INFO - Setting next_dagrun for my_first_dag to 2025-01-01 00:00:00+00:00, run_after=2025-01-01 00:00:30+00:00
[2025-02-07T14:39:27.024+0000] {processor.py:208} INFO - Processing /root/airflow/dags/first_dag.py took 0.259 seconds
[2025-02-07T14:39:48.631+0000] {processor.py:186} INFO - Started process (PID=56) to work on /root/airflow/dags/first_dag.py
[2025-02-07T14:39:48.633+0000] {processor.py:914} INFO - Processing file /root/airflow/dags/first_dag.py for tasks to queue
[2025-02-07T14:39:48.642+0000] {logging_mixin.py:190} INFO - [2025-02-07T14:39:48.640+0000] {dagbag.py:588} INFO - Filling up the DagBag from /root/airflow/dags/first_dag.py
[2025-02-07T14:39:48.706+0000] {processor.py:925} INFO - DAG(s) 'my_first_dag' retrieved from /root/airflow/dags/first_dag.py
[2025-02-07T14:39:48.857+0000] {logging_mixin.py:190} INFO - [2025-02-07T14:39:48.856+0000] {dag.py:3239} INFO - Sync 1 DAGs
[2025-02-07T14:39:49.041+0000] {processor.py:208} INFO - Processing /root/airflow/dags/first_dag.py took 0.418 seconds
[2025-02-07T14:40:32.760+0000] {processor.py:186} INFO - Started process (PID=56) to work on /root/airflow/dags/first_dag.py
[2025-02-07T14:40:32.762+0000] {processor.py:914} INFO - Processing file /root/airflow/dags/first_dag.py for tasks to queue
[2025-02-07T14:40:32.767+0000] {logging_mixin.py:190} INFO - [2025-02-07T14:40:32.767+0000] {dagbag.py:588} INFO - Filling up the DagBag from /root/airflow/dags/first_dag.py
[2025-02-07T14:40:32.795+0000] {processor.py:925} INFO - DAG(s) 'my_first_dag' retrieved from /root/airflow/dags/first_dag.py
[2025-02-07T14:40:32.833+0000] {logging_mixin.py:190} INFO - [2025-02-07T14:40:32.823+0000] {dag.py:3239} INFO - Sync 1 DAGs
[2025-02-07T14:40:32.919+0000] {processor.py:208} INFO - Processing /root/airflow/dags/first_dag.py took 0.168 seconds
[2025-02-07T14:43:14.108+0000] {processor.py:186} INFO - Started process (PID=56) to work on /root/airflow/dags/first_dag.py
[2025-02-07T14:43:14.125+0000] {processor.py:914} INFO - Processing file /root/airflow/dags/first_dag.py for tasks to queue
[2025-02-07T14:43:14.130+0000] {logging_mixin.py:190} INFO - [2025-02-07T14:43:14.129+0000] {dagbag.py:588} INFO - Filling up the DagBag from /root/airflow/dags/first_dag.py
[2025-02-07T14:43:14.175+0000] {processor.py:925} INFO - DAG(s) 'my_first_dag' retrieved from /root/airflow/dags/first_dag.py
[2025-02-07T14:43:14.256+0000] {logging_mixin.py:190} INFO - [2025-02-07T14:43:14.255+0000] {dag.py:3239} INFO - Sync 1 DAGs
[2025-02-07T14:43:14.305+0000] {processor.py:208} INFO - Processing /root/airflow/dags/first_dag.py took 0.212 seconds
[2025-02-07T14:45:00.157+0000] {processor.py:186} INFO - Started process (PID=56) to work on /root/airflow/dags/first_dag.py
[2025-02-07T14:45:00.160+0000] {processor.py:914} INFO - Processing file /root/airflow/dags/first_dag.py for tasks to queue
[2025-02-07T14:45:00.170+0000] {logging_mixin.py:190} INFO - [2025-02-07T14:45:00.169+0000] {dagbag.py:588} INFO - Filling up the DagBag from /root/airflow/dags/first_dag.py
[2025-02-07T14:45:00.235+0000] {processor.py:925} INFO - DAG(s) 'my_first_dag' retrieved from /root/airflow/dags/first_dag.py
[2025-02-07T14:45:00.386+0000] {logging_mixin.py:190} INFO - [2025-02-07T14:45:00.385+0000] {dag.py:3239} INFO - Sync 1 DAGs
[2025-02-07T14:45:00.515+0000] {processor.py:208} INFO - Processing /root/airflow/dags/first_dag.py took 0.419 seconds
