[2025-02-07T14:35:24.714+0000] {processor.py:186} INFO - Started process (PID=56) to work on /root/airflow/dags/hello_dag.py
[2025-02-07T14:35:24.716+0000] {processor.py:914} INFO - Processing file /root/airflow/dags/hello_dag.py for tasks to queue
[2025-02-07T14:35:24.723+0000] {logging_mixin.py:190} INFO - [2025-02-07T14:35:24.722+0000] {dagbag.py:588} INFO - Filling up the DagBag from /root/airflow/dags/hello_dag.py
[2025-02-07T14:35:24.745+0000] {processor.py:925} INFO - DAG(s) 'test_dag' retrieved from /root/airflow/dags/hello_dag.py
[2025-02-07T14:35:24.836+0000] {logging_mixin.py:190} INFO - [2025-02-07T14:35:24.835+0000] {override.py:1912} INFO - Created Permission View: can delete on DAG:test_dag
[2025-02-07T14:35:24.847+0000] {logging_mixin.py:190} INFO - [2025-02-07T14:35:24.847+0000] {override.py:1912} INFO - Created Permission View: can edit on DAG:test_dag
[2025-02-07T14:35:24.885+0000] {logging_mixin.py:190} INFO - [2025-02-07T14:35:24.884+0000] {override.py:1912} INFO - Created Permission View: can read on DAG:test_dag
[2025-02-07T14:35:24.966+0000] {logging_mixin.py:190} INFO - [2025-02-07T14:35:24.966+0000] {override.py:1912} INFO - Created Permission View: can create on DAG Run:test_dag
[2025-02-07T14:35:24.995+0000] {logging_mixin.py:190} INFO - [2025-02-07T14:35:24.995+0000] {override.py:1912} INFO - Created Permission View: can delete on DAG Run:test_dag
[2025-02-07T14:35:25.016+0000] {logging_mixin.py:190} INFO - [2025-02-07T14:35:25.015+0000] {override.py:1912} INFO - Created Permission View: menu access on DAG Run:test_dag
[2025-02-07T14:35:25.045+0000] {logging_mixin.py:190} INFO - [2025-02-07T14:35:25.045+0000] {override.py:1912} INFO - Created Permission View: can read on DAG Run:test_dag
[2025-02-07T14:35:25.045+0000] {logging_mixin.py:190} INFO - [2025-02-07T14:35:25.045+0000] {dag.py:3239} INFO - Sync 1 DAGs
[2025-02-07T14:35:25.054+0000] {logging_mixin.py:190} INFO - [2025-02-07T14:35:25.054+0000] {dag.py:3262} INFO - Creating ORM DAG for test_dag
[2025-02-07T14:35:25.061+0000] {logging_mixin.py:190} INFO - [2025-02-07T14:35:25.061+0000] {dag.py:4180} INFO - Setting next_dagrun for test_dag to 2025-01-01 00:00:00+00:00, run_after=2025-01-02 00:00:00+00:00
[2025-02-07T14:35:25.075+0000] {processor.py:208} INFO - Processing /root/airflow/dags/hello_dag.py took 0.367 seconds
[2025-02-07T14:37:55.169+0000] {processor.py:186} INFO - Started process (PID=56) to work on /root/airflow/dags/hello_dag.py
[2025-02-07T14:37:55.170+0000] {processor.py:914} INFO - Processing file /root/airflow/dags/hello_dag.py for tasks to queue
[2025-02-07T14:37:55.171+0000] {logging_mixin.py:190} INFO - [2025-02-07T14:37:55.171+0000] {dagbag.py:588} INFO - Filling up the DagBag from /root/airflow/dags/hello_dag.py
[2025-02-07T14:37:55.191+0000] {processor.py:925} INFO - DAG(s) 'test_dag' retrieved from /root/airflow/dags/hello_dag.py
[2025-02-07T14:37:55.237+0000] {logging_mixin.py:190} INFO - [2025-02-07T14:37:55.236+0000] {dag.py:3239} INFO - Sync 1 DAGs
[2025-02-07T14:37:55.282+0000] {logging_mixin.py:190} INFO - [2025-02-07T14:37:55.282+0000] {dag.py:4180} INFO - Setting next_dagrun for test_dag to 2025-01-01 00:00:00+00:00, run_after=2025-01-02 00:00:00+00:00
[2025-02-07T14:37:55.330+0000] {processor.py:208} INFO - Processing /root/airflow/dags/hello_dag.py took 0.166 seconds
[2025-02-07T14:38:45.872+0000] {processor.py:186} INFO - Started process (PID=56) to work on /root/airflow/dags/hello_dag.py
[2025-02-07T14:38:45.877+0000] {processor.py:914} INFO - Processing file /root/airflow/dags/hello_dag.py for tasks to queue
[2025-02-07T14:38:45.884+0000] {logging_mixin.py:190} INFO - [2025-02-07T14:38:45.882+0000] {dagbag.py:588} INFO - Filling up the DagBag from /root/airflow/dags/hello_dag.py
[2025-02-07T14:38:45.903+0000] {processor.py:925} INFO - DAG(s) 'test_dag' retrieved from /root/airflow/dags/hello_dag.py
[2025-02-07T14:38:45.924+0000] {logging_mixin.py:190} INFO - [2025-02-07T14:38:45.924+0000] {dag.py:3239} INFO - Sync 1 DAGs
[2025-02-07T14:38:45.942+0000] {logging_mixin.py:190} INFO - [2025-02-07T14:38:45.942+0000] {dag.py:4180} INFO - Setting next_dagrun for test_dag to 2025-01-01 00:00:00+00:00, run_after=2025-01-02 00:00:00+00:00
[2025-02-07T14:38:45.995+0000] {processor.py:208} INFO - Processing /root/airflow/dags/hello_dag.py took 0.127 seconds
[2025-02-07T14:42:30.019+0000] {processor.py:186} INFO - Started process (PID=56) to work on /root/airflow/dags/hello_dag.py
[2025-02-07T14:42:30.021+0000] {processor.py:914} INFO - Processing file /root/airflow/dags/hello_dag.py for tasks to queue
[2025-02-07T14:42:30.023+0000] {logging_mixin.py:190} INFO - [2025-02-07T14:42:30.022+0000] {dagbag.py:588} INFO - Filling up the DagBag from /root/airflow/dags/hello_dag.py
[2025-02-07T14:42:30.056+0000] {processor.py:925} INFO - DAG(s) 'test_dag' retrieved from /root/airflow/dags/hello_dag.py
[2025-02-07T14:42:30.191+0000] {logging_mixin.py:190} INFO - [2025-02-07T14:42:30.190+0000] {dag.py:3239} INFO - Sync 1 DAGs
[2025-02-07T14:42:30.205+0000] {logging_mixin.py:190} INFO - [2025-02-07T14:42:30.204+0000] {dag.py:4180} INFO - Setting next_dagrun for test_dag to 2025-01-01 00:00:00+00:00, run_after=2025-01-02 00:00:00+00:00
[2025-02-07T14:42:30.225+0000] {processor.py:208} INFO - Processing /root/airflow/dags/hello_dag.py took 0.211 seconds
