[2025-02-07T12:15:05.820+0000] {processor.py:186} INFO - Started process (PID=3737) to work on /root/airflow/dags/training_dag.py
[2025-02-07T12:15:05.826+0000] {processor.py:914} INFO - Processing file /root/airflow/dags/training_dag.py for tasks to queue
[2025-02-07T12:15:05.838+0000] {logging_mixin.py:190} INFO - [2025-02-07T12:15:05.837+0000] {dagbag.py:588} INFO - Filling up the DagBag from /root/airflow/dags/training_dag.py
[2025-02-07T12:15:07.154+0000] {processor.py:925} INFO - DAG(s) 'my_training_dag' retrieved from /root/airflow/dags/training_dag.py
[2025-02-07T12:15:07.165+0000] {logging_mixin.py:190} INFO - [2025-02-07T12:15:07.165+0000] {dag.py:3239} INFO - Sync 1 DAGs
[2025-02-07T12:15:07.180+0000] {logging_mixin.py:190} INFO - [2025-02-07T12:15:07.180+0000] {dag.py:4180} INFO - Setting next_dagrun for my_training_dag to 2025-01-01 00:39:00+00:00, run_after=2025-01-01 00:39:30+00:00
[2025-02-07T12:15:07.205+0000] {processor.py:208} INFO - Processing /root/airflow/dags/training_dag.py took 1.394 seconds
[2025-02-07T12:37:10.765+0000] {processor.py:186} INFO - Started process (PID=128) to work on /root/airflow/dags/training_dag.py
[2025-02-07T12:37:10.768+0000] {processor.py:914} INFO - Processing file /root/airflow/dags/training_dag.py for tasks to queue
[2025-02-07T12:37:10.777+0000] {logging_mixin.py:190} INFO - [2025-02-07T12:37:10.776+0000] {dagbag.py:588} INFO - Filling up the DagBag from /root/airflow/dags/training_dag.py
[2025-02-07T12:37:13.089+0000] {processor.py:925} INFO - DAG(s) 'my_training_dag' retrieved from /root/airflow/dags/training_dag.py
[2025-02-07T12:37:13.102+0000] {logging_mixin.py:190} INFO - [2025-02-07T12:37:13.101+0000] {dag.py:3239} INFO - Sync 1 DAGs
[2025-02-07T12:37:13.129+0000] {logging_mixin.py:190} INFO - [2025-02-07T12:37:13.128+0000] {dag.py:4180} INFO - Setting next_dagrun for my_training_dag to 2025-01-01 01:01:00+00:00, run_after=2025-01-01 01:01:30+00:00
[2025-02-07T12:37:13.176+0000] {processor.py:208} INFO - Processing /root/airflow/dags/training_dag.py took 2.419 seconds
[2025-02-07T12:38:21.772+0000] {processor.py:186} INFO - Started process (PID=203) to work on /root/airflow/dags/training_dag.py
[2025-02-07T12:38:21.773+0000] {processor.py:914} INFO - Processing file /root/airflow/dags/training_dag.py for tasks to queue
[2025-02-07T12:38:21.775+0000] {logging_mixin.py:190} INFO - [2025-02-07T12:38:21.775+0000] {dagbag.py:588} INFO - Filling up the DagBag from /root/airflow/dags/training_dag.py
[2025-02-07T12:38:22.509+0000] {processor.py:925} INFO - DAG(s) 'my_training_dag' retrieved from /root/airflow/dags/training_dag.py
[2025-02-07T12:38:22.518+0000] {logging_mixin.py:190} INFO - [2025-02-07T12:38:22.517+0000] {dag.py:3239} INFO - Sync 1 DAGs
[2025-02-07T12:38:22.527+0000] {logging_mixin.py:190} INFO - [2025-02-07T12:38:22.527+0000] {dag.py:4180} INFO - Setting next_dagrun for my_training_dag to 2025-01-01 01:01:00+00:00, run_after=2025-01-01 01:01:30+00:00
[2025-02-07T12:38:22.539+0000] {processor.py:208} INFO - Processing /root/airflow/dags/training_dag.py took 0.771 seconds
[2025-02-07T12:39:20.804+0000] {processor.py:186} INFO - Started process (PID=272) to work on /root/airflow/dags/training_dag.py
[2025-02-07T12:39:20.804+0000] {processor.py:914} INFO - Processing file /root/airflow/dags/training_dag.py for tasks to queue
[2025-02-07T12:39:20.805+0000] {logging_mixin.py:190} INFO - [2025-02-07T12:39:20.805+0000] {dagbag.py:588} INFO - Filling up the DagBag from /root/airflow/dags/training_dag.py
[2025-02-07T12:39:21.219+0000] {processor.py:925} INFO - DAG(s) 'my_training_dag' retrieved from /root/airflow/dags/training_dag.py
[2025-02-07T12:39:21.228+0000] {logging_mixin.py:190} INFO - [2025-02-07T12:39:21.228+0000] {dag.py:3239} INFO - Sync 1 DAGs
[2025-02-07T12:39:21.239+0000] {logging_mixin.py:190} INFO - [2025-02-07T12:39:21.239+0000] {dag.py:4180} INFO - Setting next_dagrun for my_training_dag to 2025-01-01 01:01:00+00:00, run_after=2025-01-01 01:01:30+00:00
[2025-02-07T12:39:21.252+0000] {processor.py:208} INFO - Processing /root/airflow/dags/training_dag.py took 0.452 seconds
[2025-02-07T12:40:47.140+0000] {processor.py:186} INFO - Started process (PID=367) to work on /root/airflow/dags/training_dag.py
[2025-02-07T12:40:47.141+0000] {processor.py:914} INFO - Processing file /root/airflow/dags/training_dag.py for tasks to queue
[2025-02-07T12:40:47.143+0000] {logging_mixin.py:190} INFO - [2025-02-07T12:40:47.142+0000] {dagbag.py:588} INFO - Filling up the DagBag from /root/airflow/dags/training_dag.py
[2025-02-07T12:40:47.796+0000] {processor.py:925} INFO - DAG(s) 'my_training_dag' retrieved from /root/airflow/dags/training_dag.py
[2025-02-07T12:40:47.806+0000] {logging_mixin.py:190} INFO - [2025-02-07T12:40:47.806+0000] {dag.py:3239} INFO - Sync 1 DAGs
[2025-02-07T12:40:47.821+0000] {logging_mixin.py:190} INFO - [2025-02-07T12:40:47.821+0000] {dag.py:4180} INFO - Setting next_dagrun for my_training_dag to 2025-01-01 01:01:00+00:00, run_after=2025-01-01 01:01:30+00:00
[2025-02-07T12:40:47.832+0000] {processor.py:208} INFO - Processing /root/airflow/dags/training_dag.py took 0.701 seconds
[2025-02-07T12:45:09.226+0000] {processor.py:186} INFO - Started process (PID=2041) to work on /root/airflow/dags/training_dag.py
[2025-02-07T12:45:09.227+0000] {processor.py:914} INFO - Processing file /root/airflow/dags/training_dag.py for tasks to queue
[2025-02-07T12:45:09.239+0000] {logging_mixin.py:190} INFO - [2025-02-07T12:45:09.238+0000] {dagbag.py:588} INFO - Filling up the DagBag from /root/airflow/dags/training_dag.py
[2025-02-07T12:45:09.793+0000] {processor.py:925} INFO - DAG(s) 'my_training_dag' retrieved from /root/airflow/dags/training_dag.py
[2025-02-07T12:45:09.801+0000] {logging_mixin.py:190} INFO - [2025-02-07T12:45:09.801+0000] {dag.py:3239} INFO - Sync 1 DAGs
[2025-02-07T12:45:09.811+0000] {logging_mixin.py:190} INFO - [2025-02-07T12:45:09.811+0000] {dag.py:4180} INFO - Setting next_dagrun for my_training_dag to 2025-01-01 01:06:30+00:00, run_after=2025-01-01 01:07:00+00:00
[2025-02-07T12:45:09.822+0000] {processor.py:208} INFO - Processing /root/airflow/dags/training_dag.py took 0.601 seconds
[2025-02-07T13:23:44.651+0000] {processor.py:186} INFO - Started process (PID=353) to work on /root/airflow/dags/training_dag.py
[2025-02-07T13:23:44.653+0000] {processor.py:914} INFO - Processing file /root/airflow/dags/training_dag.py for tasks to queue
[2025-02-07T13:23:44.657+0000] {logging_mixin.py:190} INFO - [2025-02-07T13:23:44.655+0000] {dagbag.py:588} INFO - Filling up the DagBag from /root/airflow/dags/training_dag.py
[2025-02-07T13:23:47.123+0000] {processor.py:925} INFO - DAG(s) 'my_training_dag' retrieved from /root/airflow/dags/training_dag.py
[2025-02-07T13:23:47.273+0000] {logging_mixin.py:190} INFO - [2025-02-07T13:23:47.272+0000] {dag.py:3239} INFO - Sync 1 DAGs
[2025-02-07T13:23:47.283+0000] {logging_mixin.py:190} INFO - [2025-02-07T13:23:47.283+0000] {dag.py:4180} INFO - Setting next_dagrun for my_training_dag to 2025-02-07 13:23:47.121506+00:00, run_after=2025-02-07 13:24:47.121506+00:00
[2025-02-07T13:23:47.300+0000] {processor.py:208} INFO - Processing /root/airflow/dags/training_dag.py took 2.655 seconds
[2025-02-07T13:26:23.212+0000] {processor.py:186} INFO - Started process (PID=56) to work on /root/airflow/dags/training_dag.py
[2025-02-07T13:26:23.230+0000] {processor.py:914} INFO - Processing file /root/airflow/dags/training_dag.py for tasks to queue
[2025-02-07T13:26:23.245+0000] {logging_mixin.py:190} INFO - [2025-02-07T13:26:23.244+0000] {dagbag.py:588} INFO - Filling up the DagBag from /root/airflow/dags/training_dag.py
[2025-02-07T13:26:28.983+0000] {processor.py:925} INFO - DAG(s) 'my_training_dag' retrieved from /root/airflow/dags/training_dag.py
[2025-02-07T13:26:29.208+0000] {logging_mixin.py:190} INFO - [2025-02-07T13:26:29.208+0000] {dag.py:3239} INFO - Sync 1 DAGs
[2025-02-07T13:26:29.241+0000] {logging_mixin.py:190} INFO - [2025-02-07T13:26:29.240+0000] {dag.py:4180} INFO - Setting next_dagrun for my_training_dag to 2025-02-07 13:26:28.970581+00:00, run_after=2025-02-07 13:27:28.970581+00:00
[2025-02-07T13:26:29.292+0000] {processor.py:208} INFO - Processing /root/airflow/dags/training_dag.py took 6.145 seconds
[2025-02-07T13:28:15.538+0000] {processor.py:186} INFO - Started process (PID=309) to work on /root/airflow/dags/training_dag.py
[2025-02-07T13:28:15.541+0000] {processor.py:914} INFO - Processing file /root/airflow/dags/training_dag.py for tasks to queue
[2025-02-07T13:28:15.555+0000] {logging_mixin.py:190} INFO - [2025-02-07T13:28:15.553+0000] {dagbag.py:588} INFO - Filling up the DagBag from /root/airflow/dags/training_dag.py
[2025-02-07T13:28:20.016+0000] {processor.py:925} INFO - DAG(s) 'my_training_dag' retrieved from /root/airflow/dags/training_dag.py
[2025-02-07T13:28:20.113+0000] {logging_mixin.py:190} INFO - [2025-02-07T13:28:20.113+0000] {dag.py:3239} INFO - Sync 1 DAGs
[2025-02-07T13:28:20.125+0000] {logging_mixin.py:190} INFO - [2025-02-07T13:28:20.125+0000] {dag.py:4180} INFO - Setting next_dagrun for my_training_dag to 2025-02-07 13:28:20.012317+00:00, run_after=2025-02-07 13:29:20.012317+00:00
[2025-02-07T13:28:20.138+0000] {processor.py:208} INFO - Processing /root/airflow/dags/training_dag.py took 4.610 seconds
[2025-02-07T13:29:07.168+0000] {processor.py:186} INFO - Started process (PID=356) to work on /root/airflow/dags/training_dag.py
[2025-02-07T13:29:07.169+0000] {processor.py:914} INFO - Processing file /root/airflow/dags/training_dag.py for tasks to queue
[2025-02-07T13:29:07.170+0000] {logging_mixin.py:190} INFO - [2025-02-07T13:29:07.170+0000] {dagbag.py:588} INFO - Filling up the DagBag from /root/airflow/dags/training_dag.py
[2025-02-07T13:29:08.861+0000] {processor.py:925} INFO - DAG(s) 'my_training_dag' retrieved from /root/airflow/dags/training_dag.py
[2025-02-07T13:29:08.930+0000] {logging_mixin.py:190} INFO - [2025-02-07T13:29:08.930+0000] {dag.py:3239} INFO - Sync 1 DAGs
[2025-02-07T13:29:08.940+0000] {logging_mixin.py:190} INFO - [2025-02-07T13:29:08.939+0000] {dag.py:4180} INFO - Setting next_dagrun for my_training_dag to 2025-02-07 13:29:08.855403+00:00, run_after=2025-02-07 13:30:08.855403+00:00
[2025-02-07T13:29:08.963+0000] {processor.py:208} INFO - Processing /root/airflow/dags/training_dag.py took 1.798 seconds
[2025-02-07T13:29:47.293+0000] {processor.py:186} INFO - Started process (PID=401) to work on /root/airflow/dags/training_dag.py
[2025-02-07T13:29:47.294+0000] {processor.py:914} INFO - Processing file /root/airflow/dags/training_dag.py for tasks to queue
[2025-02-07T13:29:47.296+0000] {logging_mixin.py:190} INFO - [2025-02-07T13:29:47.296+0000] {dagbag.py:588} INFO - Filling up the DagBag from /root/airflow/dags/training_dag.py
[2025-02-07T13:29:48.175+0000] {processor.py:925} INFO - DAG(s) 'my_training_dag' retrieved from /root/airflow/dags/training_dag.py
[2025-02-07T13:29:48.235+0000] {logging_mixin.py:190} INFO - [2025-02-07T13:29:48.234+0000] {dag.py:3239} INFO - Sync 1 DAGs
[2025-02-07T13:29:48.251+0000] {logging_mixin.py:190} INFO - [2025-02-07T13:29:48.251+0000] {dag.py:4180} INFO - Setting next_dagrun for my_training_dag to 2025-02-07 13:29:48.172929+00:00, run_after=2025-02-07 13:30:48.172929+00:00
[2025-02-07T13:29:48.265+0000] {processor.py:208} INFO - Processing /root/airflow/dags/training_dag.py took 0.976 seconds
[2025-02-07T13:30:20.533+0000] {processor.py:186} INFO - Started process (PID=441) to work on /root/airflow/dags/training_dag.py
[2025-02-07T13:30:20.534+0000] {processor.py:914} INFO - Processing file /root/airflow/dags/training_dag.py for tasks to queue
[2025-02-07T13:30:20.536+0000] {logging_mixin.py:190} INFO - [2025-02-07T13:30:20.535+0000] {dagbag.py:588} INFO - Filling up the DagBag from /root/airflow/dags/training_dag.py
[2025-02-07T13:30:21.291+0000] {processor.py:925} INFO - DAG(s) 'my_training_dag' retrieved from /root/airflow/dags/training_dag.py
[2025-02-07T13:30:21.363+0000] {logging_mixin.py:190} INFO - [2025-02-07T13:30:21.363+0000] {dag.py:3239} INFO - Sync 1 DAGs
[2025-02-07T13:30:21.375+0000] {logging_mixin.py:190} INFO - [2025-02-07T13:30:21.375+0000] {dag.py:4180} INFO - Setting next_dagrun for my_training_dag to 2025-02-07 13:30:21.288995+00:00, run_after=2025-02-07 13:31:21.288995+00:00
[2025-02-07T13:30:21.388+0000] {processor.py:208} INFO - Processing /root/airflow/dags/training_dag.py took 0.862 seconds
[2025-02-07T13:39:09.792+0000] {processor.py:186} INFO - Started process (PID=458) to work on /root/airflow/dags/training_dag.py
[2025-02-07T13:39:09.793+0000] {processor.py:914} INFO - Processing file /root/airflow/dags/training_dag.py for tasks to queue
[2025-02-07T13:39:09.797+0000] {logging_mixin.py:190} INFO - [2025-02-07T13:39:09.796+0000] {dagbag.py:588} INFO - Filling up the DagBag from /root/airflow/dags/training_dag.py
[2025-02-07T13:39:10.509+0000] {processor.py:925} INFO - DAG(s) 'my_training_dag' retrieved from /root/airflow/dags/training_dag.py
[2025-02-07T13:39:10.554+0000] {logging_mixin.py:190} INFO - [2025-02-07T13:39:10.554+0000] {dag.py:3239} INFO - Sync 1 DAGs
[2025-02-07T13:39:10.564+0000] {logging_mixin.py:190} INFO - [2025-02-07T13:39:10.564+0000] {dag.py:4180} INFO - Setting next_dagrun for my_training_dag to 2025-02-07 13:39:10.507030+00:00, run_after=2025-02-07 13:40:10.507030+00:00
[2025-02-07T13:39:10.576+0000] {processor.py:208} INFO - Processing /root/airflow/dags/training_dag.py took 0.790 seconds
[2025-02-07T13:40:11.614+0000] {processor.py:186} INFO - Started process (PID=529) to work on /root/airflow/dags/training_dag.py
[2025-02-07T13:40:11.614+0000] {processor.py:914} INFO - Processing file /root/airflow/dags/training_dag.py for tasks to queue
[2025-02-07T13:40:11.616+0000] {logging_mixin.py:190} INFO - [2025-02-07T13:40:11.616+0000] {dagbag.py:588} INFO - Filling up the DagBag from /root/airflow/dags/training_dag.py
[2025-02-07T13:40:12.144+0000] {processor.py:925} INFO - DAG(s) 'my_training_dag' retrieved from /root/airflow/dags/training_dag.py
[2025-02-07T13:40:12.207+0000] {logging_mixin.py:190} INFO - [2025-02-07T13:40:12.206+0000] {dag.py:3239} INFO - Sync 1 DAGs
[2025-02-07T13:40:12.217+0000] {logging_mixin.py:190} INFO - [2025-02-07T13:40:12.217+0000] {dag.py:4180} INFO - Setting next_dagrun for my_training_dag to 2025-02-07 13:40:12.141104+00:00, run_after=2025-02-07 13:41:12.141104+00:00
[2025-02-07T13:40:12.230+0000] {processor.py:208} INFO - Processing /root/airflow/dags/training_dag.py took 0.620 seconds
[2025-02-07T13:41:10.011+0000] {processor.py:186} INFO - Started process (PID=597) to work on /root/airflow/dags/training_dag.py
[2025-02-07T13:41:10.012+0000] {processor.py:914} INFO - Processing file /root/airflow/dags/training_dag.py for tasks to queue
[2025-02-07T13:41:10.013+0000] {logging_mixin.py:190} INFO - [2025-02-07T13:41:10.013+0000] {dagbag.py:588} INFO - Filling up the DagBag from /root/airflow/dags/training_dag.py
[2025-02-07T13:41:10.585+0000] {processor.py:925} INFO - DAG(s) 'my_training_dag' retrieved from /root/airflow/dags/training_dag.py
[2025-02-07T13:41:10.639+0000] {logging_mixin.py:190} INFO - [2025-02-07T13:41:10.638+0000] {dag.py:3239} INFO - Sync 1 DAGs
[2025-02-07T13:41:10.648+0000] {logging_mixin.py:190} INFO - [2025-02-07T13:41:10.648+0000] {dag.py:4180} INFO - Setting next_dagrun for my_training_dag to 2025-02-07 13:41:10.583008+00:00, run_after=2025-02-07 13:42:10.583008+00:00
[2025-02-07T13:41:10.660+0000] {processor.py:208} INFO - Processing /root/airflow/dags/training_dag.py took 0.659 seconds
[2025-02-07T13:42:45.969+0000] {processor.py:186} INFO - Started process (PID=803) to work on /root/airflow/dags/training_dag.py
[2025-02-07T13:42:45.970+0000] {processor.py:914} INFO - Processing file /root/airflow/dags/training_dag.py for tasks to queue
[2025-02-07T13:42:45.972+0000] {logging_mixin.py:190} INFO - [2025-02-07T13:42:45.971+0000] {dagbag.py:588} INFO - Filling up the DagBag from /root/airflow/dags/training_dag.py
[2025-02-07T13:42:46.531+0000] {processor.py:925} INFO - DAG(s) 'my_training_dag' retrieved from /root/airflow/dags/training_dag.py
[2025-02-07T13:42:46.588+0000] {logging_mixin.py:190} INFO - [2025-02-07T13:42:46.588+0000] {dag.py:3239} INFO - Sync 1 DAGs
[2025-02-07T13:42:46.600+0000] {logging_mixin.py:190} INFO - [2025-02-07T13:42:46.600+0000] {dag.py:4180} INFO - Setting next_dagrun for my_training_dag to 2025-02-07 13:42:46.528874+00:00, run_after=2025-02-07 13:43:46.528874+00:00
[2025-02-07T13:42:46.611+0000] {processor.py:208} INFO - Processing /root/airflow/dags/training_dag.py took 0.646 seconds
[2025-02-07T13:43:55.476+0000] {processor.py:186} INFO - Started process (PID=920) to work on /root/airflow/dags/training_dag.py
[2025-02-07T13:43:55.478+0000] {processor.py:914} INFO - Processing file /root/airflow/dags/training_dag.py for tasks to queue
[2025-02-07T13:43:55.489+0000] {logging_mixin.py:190} INFO - [2025-02-07T13:43:55.488+0000] {dagbag.py:588} INFO - Filling up the DagBag from /root/airflow/dags/training_dag.py
[2025-02-07T13:43:55.989+0000] {processor.py:925} INFO - DAG(s) 'my_training_dag' retrieved from /root/airflow/dags/training_dag.py
[2025-02-07T13:43:56.042+0000] {logging_mixin.py:190} INFO - [2025-02-07T13:43:56.042+0000] {dag.py:3239} INFO - Sync 1 DAGs
[2025-02-07T13:43:56.053+0000] {logging_mixin.py:190} INFO - [2025-02-07T13:43:56.053+0000] {dag.py:4180} INFO - Setting next_dagrun for my_training_dag to 2025-02-07 13:43:55.987094+00:00, run_after=2025-02-07 13:44:55.987094+00:00
[2025-02-07T13:43:56.065+0000] {processor.py:208} INFO - Processing /root/airflow/dags/training_dag.py took 0.596 seconds
[2025-02-07T13:45:45.590+0000] {processor.py:186} INFO - Started process (PID=1178) to work on /root/airflow/dags/training_dag.py
[2025-02-07T13:45:45.593+0000] {processor.py:914} INFO - Processing file /root/airflow/dags/training_dag.py for tasks to queue
[2025-02-07T13:45:45.605+0000] {logging_mixin.py:190} INFO - [2025-02-07T13:45:45.603+0000] {dagbag.py:588} INFO - Filling up the DagBag from /root/airflow/dags/training_dag.py
[2025-02-07T13:45:47.302+0000] {processor.py:925} INFO - DAG(s) 'my_training_dag' retrieved from /root/airflow/dags/training_dag.py
[2025-02-07T13:45:47.490+0000] {logging_mixin.py:190} INFO - [2025-02-07T13:45:47.489+0000] {dag.py:3239} INFO - Sync 1 DAGs
[2025-02-07T13:45:47.531+0000] {logging_mixin.py:190} INFO - [2025-02-07T13:45:47.531+0000] {dag.py:4180} INFO - Setting next_dagrun for my_training_dag to 2025-02-07 13:45:47.297897+00:00, run_after=2025-02-07 13:46:47.297897+00:00
[2025-02-07T13:45:47.578+0000] {processor.py:208} INFO - Processing /root/airflow/dags/training_dag.py took 2.005 seconds
[2025-02-07T14:05:45.324+0000] {processor.py:186} INFO - Started process (PID=1784) to work on /root/airflow/dags/training_dag.py
[2025-02-07T14:05:45.325+0000] {processor.py:914} INFO - Processing file /root/airflow/dags/training_dag.py for tasks to queue
[2025-02-07T14:05:45.326+0000] {logging_mixin.py:190} INFO - [2025-02-07T14:05:45.326+0000] {dagbag.py:588} INFO - Filling up the DagBag from /root/airflow/dags/training_dag.py
[2025-02-07T14:05:47.037+0000] {processor.py:925} INFO - DAG(s) 'my_training_dag' retrieved from /root/airflow/dags/training_dag.py
[2025-02-07T14:05:47.137+0000] {logging_mixin.py:190} INFO - [2025-02-07T14:05:47.136+0000] {dag.py:3239} INFO - Sync 1 DAGs
[2025-02-07T14:05:47.158+0000] {logging_mixin.py:190} INFO - [2025-02-07T14:05:47.158+0000] {dag.py:4180} INFO - Setting next_dagrun for my_training_dag to 2025-02-07 14:05:47.033603+00:00, run_after=2025-02-07 14:06:47.033603+00:00
[2025-02-07T14:05:47.246+0000] {processor.py:208} INFO - Processing /root/airflow/dags/training_dag.py took 1.929 seconds
[2025-02-07T14:06:54.801+0000] {processor.py:186} INFO - Started process (PID=1876) to work on /root/airflow/dags/training_dag.py
[2025-02-07T14:06:54.803+0000] {processor.py:914} INFO - Processing file /root/airflow/dags/training_dag.py for tasks to queue
[2025-02-07T14:06:54.805+0000] {logging_mixin.py:190} INFO - [2025-02-07T14:06:54.804+0000] {dagbag.py:588} INFO - Filling up the DagBag from /root/airflow/dags/training_dag.py
[2025-02-07T14:06:56.077+0000] {processor.py:925} INFO - DAG(s) 'my_training_dag' retrieved from /root/airflow/dags/training_dag.py
[2025-02-07T14:06:56.168+0000] {logging_mixin.py:190} INFO - [2025-02-07T14:06:56.167+0000] {dag.py:3239} INFO - Sync 1 DAGs
[2025-02-07T14:06:56.180+0000] {logging_mixin.py:190} INFO - [2025-02-07T14:06:56.180+0000] {dag.py:4180} INFO - Setting next_dagrun for my_training_dag to 2025-02-07 14:06:56.073886+00:00, run_after=2025-02-07 14:07:56.073886+00:00
[2025-02-07T14:06:56.219+0000] {processor.py:208} INFO - Processing /root/airflow/dags/training_dag.py took 1.424 seconds
