[2025-02-07T14:37:08.148+0000] {local_task_job_runner.py:123} INFO - ::group::Pre task execution logs
[2025-02-07T14:37:08.157+0000] {taskinstance.py:2613} INFO - Dependencies all met for dep_context=non-requeueable deps ti=<TaskInstance: my_training_dag.task_read_data scheduled__2025-02-07T14:13:56.073886+00:00 [queued]>
[2025-02-07T14:37:08.161+0000] {taskinstance.py:2613} INFO - Dependencies all met for dep_context=requeueable deps ti=<TaskInstance: my_training_dag.task_read_data scheduled__2025-02-07T14:13:56.073886+00:00 [queued]>
[2025-02-07T14:37:08.161+0000] {taskinstance.py:2866} INFO - Starting attempt 1 of 1
[2025-02-07T14:37:08.169+0000] {taskinstance.py:2889} INFO - Executing <Task(BranchPythonOperator): task_read_data> on 2025-02-07 14:13:56.073886+00:00
[2025-02-07T14:37:08.173+0000] {standard_task_runner.py:72} INFO - Started process 658 to run task
[2025-02-07T14:37:08.175+0000] {standard_task_runner.py:104} INFO - Running: ['airflow', 'tasks', 'run', 'my_training_dag', 'task_read_data', 'scheduled__2025-02-07T14:13:56.073886+00:00', '--job-id', '909', '--raw', '--subdir', 'DAGS_FOLDER/training_dag.py', '--cfg-path', '/tmp/tmpbknhlo_r']
[2025-02-07T14:37:08.175+0000] {standard_task_runner.py:105} INFO - Job 909: Subtask task_read_data
[2025-02-07T14:37:08.207+0000] {task_command.py:467} INFO - Running <TaskInstance: my_training_dag.task_read_data scheduled__2025-02-07T14:13:56.073886+00:00 [running]> on host 4c0e316c252f
[2025-02-07T14:37:08.264+0000] {taskinstance.py:3132} INFO - Exporting env vars: AIRFLOW_CTX_DAG_OWNER='airflow' AIRFLOW_CTX_DAG_ID='my_training_dag' AIRFLOW_CTX_TASK_ID='task_read_data' AIRFLOW_CTX_EXECUTION_DATE='2025-02-07T14:13:56.073886+00:00' AIRFLOW_CTX_TRY_NUMBER='1' AIRFLOW_CTX_DAG_RUN_ID='scheduled__2025-02-07T14:13:56.073886+00:00'
[2025-02-07T14:37:08.265+0000] {logging_mixin.py:190} INFO - Task instance is in running state
[2025-02-07T14:37:08.265+0000] {logging_mixin.py:190} INFO -  Previous state of the Task instance: queued
[2025-02-07T14:37:08.265+0000] {logging_mixin.py:190} INFO - Current task name:task_read_data state:running start_date:2025-02-07 14:37:08.157448+00:00
[2025-02-07T14:37:08.266+0000] {logging_mixin.py:190} INFO - Dag name:my_training_dag and current dag run status:running
[2025-02-07T14:37:08.266+0000] {taskinstance.py:731} INFO - ::endgroup::
[2025-02-07T14:37:08.266+0000] {baseoperator.py:421} WARNING - BranchPythonOperator.execute cannot be called outside TaskInstance!
[2025-02-07T14:37:08.283+0000] {python.py:240} INFO - Done. Returned value was: task_train_model
[2025-02-07T14:37:08.283+0000] {branch.py:38} INFO - Branch into task_train_model
[2025-02-07T14:37:08.284+0000] {skipmixin.py:230} INFO - Following branch ('task_train_model',)
[2025-02-07T14:37:08.288+0000] {skipmixin.py:278} INFO - Skipping tasks []
[2025-02-07T14:37:08.306+0000] {taskinstance.py:340} INFO - ::group::Post task execution logs
[2025-02-07T14:37:08.306+0000] {taskinstance.py:352} INFO - Marking task as SUCCESS. dag_id=my_training_dag, task_id=task_read_data, run_id=scheduled__2025-02-07T14:13:56.073886+00:00, execution_date=20250207T141356, start_date=20250207T143708, end_date=20250207T143708
[2025-02-07T14:37:08.318+0000] {logging_mixin.py:190} INFO - Task instance in success state
[2025-02-07T14:37:08.318+0000] {logging_mixin.py:190} INFO -  Previous state of the Task instance: running
[2025-02-07T14:37:08.318+0000] {logging_mixin.py:190} INFO - Dag name:my_training_dag queued_at:2025-02-07 14:36:47.426705+00:00
[2025-02-07T14:37:08.318+0000] {logging_mixin.py:190} INFO - Task hostname:4c0e316c252f operator:BranchPythonOperator
[2025-02-07T14:37:08.357+0000] {local_task_job_runner.py:266} INFO - Task exited with return code 0
[2025-02-07T14:37:08.372+0000] {taskinstance.py:3895} INFO - 1 downstream tasks scheduled from follow-on schedule check
[2025-02-07T14:37:08.374+0000] {local_task_job_runner.py:245} INFO - ::endgroup::
