[2025-02-07T12:11:02.350+0000] {processor.py:186} INFO - Started process (PID=2396) to work on /opt/conda/lib/python3.12/site-packages/airflow/example_dags/example_params_trigger_ui.py
[2025-02-07T12:11:02.352+0000] {processor.py:914} INFO - Processing file /opt/conda/lib/python3.12/site-packages/airflow/example_dags/example_params_trigger_ui.py for tasks to queue
[2025-02-07T12:11:02.357+0000] {logging_mixin.py:190} INFO - [2025-02-07T12:11:02.356+0000] {dagbag.py:588} INFO - Filling up the DagBag from /opt/conda/lib/python3.12/site-packages/airflow/example_dags/example_params_trigger_ui.py
[2025-02-07T12:11:02.377+0000] {processor.py:925} INFO - DAG(s) 'example_params_trigger_ui' retrieved from /opt/conda/lib/python3.12/site-packages/airflow/example_dags/example_params_trigger_ui.py
[2025-02-07T12:11:02.417+0000] {logging_mixin.py:190} INFO - [2025-02-07T12:11:02.416+0000] {dag.py:3239} INFO - Sync 1 DAGs
[2025-02-07T12:11:02.438+0000] {logging_mixin.py:190} INFO - [2025-02-07T12:11:02.437+0000] {dag.py:4180} INFO - Setting next_dagrun for example_params_trigger_ui to None, run_after=None
[2025-02-07T12:11:02.469+0000] {processor.py:208} INFO - Processing /opt/conda/lib/python3.12/site-packages/airflow/example_dags/example_params_trigger_ui.py took 0.126 seconds
[2025-02-07T12:22:15.421+0000] {processor.py:186} INFO - Started process (PID=6050) to work on /opt/conda/lib/python3.12/site-packages/airflow/example_dags/example_params_trigger_ui.py
[2025-02-07T12:22:15.426+0000] {processor.py:914} INFO - Processing file /opt/conda/lib/python3.12/site-packages/airflow/example_dags/example_params_trigger_ui.py for tasks to queue
[2025-02-07T12:22:15.429+0000] {logging_mixin.py:190} INFO - [2025-02-07T12:22:15.428+0000] {dagbag.py:588} INFO - Filling up the DagBag from /opt/conda/lib/python3.12/site-packages/airflow/example_dags/example_params_trigger_ui.py
[2025-02-07T12:22:15.512+0000] {processor.py:925} INFO - DAG(s) 'example_params_trigger_ui' retrieved from /opt/conda/lib/python3.12/site-packages/airflow/example_dags/example_params_trigger_ui.py
[2025-02-07T12:22:15.590+0000] {logging_mixin.py:190} INFO - [2025-02-07T12:22:15.590+0000] {dag.py:3239} INFO - Sync 1 DAGs
[2025-02-07T12:22:15.605+0000] {logging_mixin.py:190} INFO - [2025-02-07T12:22:15.605+0000] {dag.py:4180} INFO - Setting next_dagrun for example_params_trigger_ui to None, run_after=None
[2025-02-07T12:22:15.627+0000] {processor.py:208} INFO - Processing /opt/conda/lib/python3.12/site-packages/airflow/example_dags/example_params_trigger_ui.py took 0.222 seconds
[2025-02-07T12:32:57.055+0000] {processor.py:186} INFO - Started process (PID=129) to work on /opt/conda/lib/python3.12/site-packages/airflow/example_dags/example_params_trigger_ui.py
[2025-02-07T12:32:57.058+0000] {processor.py:914} INFO - Processing file /opt/conda/lib/python3.12/site-packages/airflow/example_dags/example_params_trigger_ui.py for tasks to queue
[2025-02-07T12:32:57.061+0000] {logging_mixin.py:190} INFO - [2025-02-07T12:32:57.061+0000] {dagbag.py:588} INFO - Filling up the DagBag from /opt/conda/lib/python3.12/site-packages/airflow/example_dags/example_params_trigger_ui.py
[2025-02-07T12:32:57.074+0000] {processor.py:925} INFO - DAG(s) 'example_params_trigger_ui' retrieved from /opt/conda/lib/python3.12/site-packages/airflow/example_dags/example_params_trigger_ui.py
[2025-02-07T12:32:57.099+0000] {logging_mixin.py:190} INFO - [2025-02-07T12:32:57.099+0000] {dag.py:3239} INFO - Sync 1 DAGs
[2025-02-07T12:32:57.108+0000] {logging_mixin.py:190} INFO - [2025-02-07T12:32:57.107+0000] {dag.py:4180} INFO - Setting next_dagrun for example_params_trigger_ui to None, run_after=None
[2025-02-07T12:32:57.130+0000] {processor.py:208} INFO - Processing /opt/conda/lib/python3.12/site-packages/airflow/example_dags/example_params_trigger_ui.py took 0.086 seconds
[2025-02-07T12:36:46.939+0000] {processor.py:186} INFO - Started process (PID=107) to work on /opt/conda/lib/python3.12/site-packages/airflow/example_dags/example_params_trigger_ui.py
[2025-02-07T12:36:46.942+0000] {processor.py:914} INFO - Processing file /opt/conda/lib/python3.12/site-packages/airflow/example_dags/example_params_trigger_ui.py for tasks to queue
[2025-02-07T12:36:46.951+0000] {logging_mixin.py:190} INFO - [2025-02-07T12:36:46.950+0000] {dagbag.py:588} INFO - Filling up the DagBag from /opt/conda/lib/python3.12/site-packages/airflow/example_dags/example_params_trigger_ui.py
[2025-02-07T12:36:46.966+0000] {processor.py:925} INFO - DAG(s) 'example_params_trigger_ui' retrieved from /opt/conda/lib/python3.12/site-packages/airflow/example_dags/example_params_trigger_ui.py
[2025-02-07T12:36:47.002+0000] {logging_mixin.py:190} INFO - [2025-02-07T12:36:47.002+0000] {dag.py:3239} INFO - Sync 1 DAGs
[2025-02-07T12:36:47.015+0000] {logging_mixin.py:190} INFO - [2025-02-07T12:36:47.014+0000] {dag.py:4180} INFO - Setting next_dagrun for example_params_trigger_ui to None, run_after=None
[2025-02-07T12:36:47.039+0000] {processor.py:208} INFO - Processing /opt/conda/lib/python3.12/site-packages/airflow/example_dags/example_params_trigger_ui.py took 0.108 seconds
[2025-02-07T12:38:01.148+0000] {processor.py:186} INFO - Started process (PID=182) to work on /opt/conda/lib/python3.12/site-packages/airflow/example_dags/example_params_trigger_ui.py
[2025-02-07T12:38:01.149+0000] {processor.py:914} INFO - Processing file /opt/conda/lib/python3.12/site-packages/airflow/example_dags/example_params_trigger_ui.py for tasks to queue
[2025-02-07T12:38:01.151+0000] {logging_mixin.py:190} INFO - [2025-02-07T12:38:01.150+0000] {dagbag.py:588} INFO - Filling up the DagBag from /opt/conda/lib/python3.12/site-packages/airflow/example_dags/example_params_trigger_ui.py
[2025-02-07T12:38:01.161+0000] {processor.py:925} INFO - DAG(s) 'example_params_trigger_ui' retrieved from /opt/conda/lib/python3.12/site-packages/airflow/example_dags/example_params_trigger_ui.py
[2025-02-07T12:38:01.187+0000] {logging_mixin.py:190} INFO - [2025-02-07T12:38:01.186+0000] {dag.py:3239} INFO - Sync 1 DAGs
[2025-02-07T12:38:01.196+0000] {logging_mixin.py:190} INFO - [2025-02-07T12:38:01.196+0000] {dag.py:4180} INFO - Setting next_dagrun for example_params_trigger_ui to None, run_after=None
[2025-02-07T12:38:01.219+0000] {processor.py:208} INFO - Processing /opt/conda/lib/python3.12/site-packages/airflow/example_dags/example_params_trigger_ui.py took 0.076 seconds
[2025-02-07T12:39:01.475+0000] {processor.py:186} INFO - Started process (PID=251) to work on /opt/conda/lib/python3.12/site-packages/airflow/example_dags/example_params_trigger_ui.py
[2025-02-07T12:39:01.476+0000] {processor.py:914} INFO - Processing file /opt/conda/lib/python3.12/site-packages/airflow/example_dags/example_params_trigger_ui.py for tasks to queue
[2025-02-07T12:39:01.477+0000] {logging_mixin.py:190} INFO - [2025-02-07T12:39:01.477+0000] {dagbag.py:588} INFO - Filling up the DagBag from /opt/conda/lib/python3.12/site-packages/airflow/example_dags/example_params_trigger_ui.py
[2025-02-07T12:39:01.487+0000] {processor.py:925} INFO - DAG(s) 'example_params_trigger_ui' retrieved from /opt/conda/lib/python3.12/site-packages/airflow/example_dags/example_params_trigger_ui.py
[2025-02-07T12:39:01.511+0000] {logging_mixin.py:190} INFO - [2025-02-07T12:39:01.510+0000] {dag.py:3239} INFO - Sync 1 DAGs
[2025-02-07T12:39:01.519+0000] {logging_mixin.py:190} INFO - [2025-02-07T12:39:01.519+0000] {dag.py:4180} INFO - Setting next_dagrun for example_params_trigger_ui to None, run_after=None
[2025-02-07T12:39:01.532+0000] {processor.py:208} INFO - Processing /opt/conda/lib/python3.12/site-packages/airflow/example_dags/example_params_trigger_ui.py took 0.063 seconds
[2025-02-07T12:39:58.501+0000] {processor.py:186} INFO - Started process (PID=319) to work on /opt/conda/lib/python3.12/site-packages/airflow/example_dags/example_params_trigger_ui.py
[2025-02-07T12:39:58.502+0000] {processor.py:914} INFO - Processing file /opt/conda/lib/python3.12/site-packages/airflow/example_dags/example_params_trigger_ui.py for tasks to queue
[2025-02-07T12:39:58.504+0000] {logging_mixin.py:190} INFO - [2025-02-07T12:39:58.503+0000] {dagbag.py:588} INFO - Filling up the DagBag from /opt/conda/lib/python3.12/site-packages/airflow/example_dags/example_params_trigger_ui.py
[2025-02-07T12:39:58.512+0000] {processor.py:925} INFO - DAG(s) 'example_params_trigger_ui' retrieved from /opt/conda/lib/python3.12/site-packages/airflow/example_dags/example_params_trigger_ui.py
[2025-02-07T12:39:58.535+0000] {logging_mixin.py:190} INFO - [2025-02-07T12:39:58.534+0000] {dag.py:3239} INFO - Sync 1 DAGs
[2025-02-07T12:39:58.542+0000] {logging_mixin.py:190} INFO - [2025-02-07T12:39:58.542+0000] {dag.py:4180} INFO - Setting next_dagrun for example_params_trigger_ui to None, run_after=None
[2025-02-07T12:39:58.555+0000] {processor.py:208} INFO - Processing /opt/conda/lib/python3.12/site-packages/airflow/example_dags/example_params_trigger_ui.py took 0.059 seconds
[2025-02-07T12:40:58.794+0000] {processor.py:186} INFO - Started process (PID=388) to work on /opt/conda/lib/python3.12/site-packages/airflow/example_dags/example_params_trigger_ui.py
[2025-02-07T12:40:58.795+0000] {processor.py:914} INFO - Processing file /opt/conda/lib/python3.12/site-packages/airflow/example_dags/example_params_trigger_ui.py for tasks to queue
[2025-02-07T12:40:58.796+0000] {logging_mixin.py:190} INFO - [2025-02-07T12:40:58.796+0000] {dagbag.py:588} INFO - Filling up the DagBag from /opt/conda/lib/python3.12/site-packages/airflow/example_dags/example_params_trigger_ui.py
[2025-02-07T12:40:58.802+0000] {processor.py:925} INFO - DAG(s) 'example_params_trigger_ui' retrieved from /opt/conda/lib/python3.12/site-packages/airflow/example_dags/example_params_trigger_ui.py
[2025-02-07T12:40:58.820+0000] {logging_mixin.py:190} INFO - [2025-02-07T12:40:58.819+0000] {dag.py:3239} INFO - Sync 1 DAGs
[2025-02-07T12:40:58.833+0000] {logging_mixin.py:190} INFO - [2025-02-07T12:40:58.832+0000] {dag.py:4180} INFO - Setting next_dagrun for example_params_trigger_ui to None, run_after=None
[2025-02-07T12:40:58.854+0000] {processor.py:208} INFO - Processing /opt/conda/lib/python3.12/site-packages/airflow/example_dags/example_params_trigger_ui.py took 0.067 seconds
[2025-02-07T12:51:27.895+0000] {processor.py:186} INFO - Started process (PID=4175) to work on /opt/conda/lib/python3.12/site-packages/airflow/example_dags/example_params_trigger_ui.py
[2025-02-07T12:51:27.897+0000] {processor.py:914} INFO - Processing file /opt/conda/lib/python3.12/site-packages/airflow/example_dags/example_params_trigger_ui.py for tasks to queue
[2025-02-07T12:51:27.899+0000] {logging_mixin.py:190} INFO - [2025-02-07T12:51:27.898+0000] {dagbag.py:588} INFO - Filling up the DagBag from /opt/conda/lib/python3.12/site-packages/airflow/example_dags/example_params_trigger_ui.py
[2025-02-07T12:51:27.913+0000] {processor.py:925} INFO - DAG(s) 'example_params_trigger_ui' retrieved from /opt/conda/lib/python3.12/site-packages/airflow/example_dags/example_params_trigger_ui.py
[2025-02-07T12:51:27.944+0000] {logging_mixin.py:190} INFO - [2025-02-07T12:51:27.944+0000] {dag.py:3239} INFO - Sync 1 DAGs
[2025-02-07T12:51:27.954+0000] {logging_mixin.py:190} INFO - [2025-02-07T12:51:27.954+0000] {dag.py:4180} INFO - Setting next_dagrun for example_params_trigger_ui to None, run_after=None
[2025-02-07T12:51:27.974+0000] {processor.py:208} INFO - Processing /opt/conda/lib/python3.12/site-packages/airflow/example_dags/example_params_trigger_ui.py took 0.088 seconds
[2025-02-07T12:59:20.691+0000] {processor.py:186} INFO - Started process (PID=7819) to work on /opt/conda/lib/python3.12/site-packages/airflow/example_dags/example_params_trigger_ui.py
[2025-02-07T12:59:20.693+0000] {processor.py:914} INFO - Processing file /opt/conda/lib/python3.12/site-packages/airflow/example_dags/example_params_trigger_ui.py for tasks to queue
[2025-02-07T12:59:20.698+0000] {logging_mixin.py:190} INFO - [2025-02-07T12:59:20.697+0000] {dagbag.py:588} INFO - Filling up the DagBag from /opt/conda/lib/python3.12/site-packages/airflow/example_dags/example_params_trigger_ui.py
[2025-02-07T12:59:20.740+0000] {processor.py:925} INFO - DAG(s) 'example_params_trigger_ui' retrieved from /opt/conda/lib/python3.12/site-packages/airflow/example_dags/example_params_trigger_ui.py
[2025-02-07T12:59:20.774+0000] {logging_mixin.py:190} INFO - [2025-02-07T12:59:20.774+0000] {dag.py:3239} INFO - Sync 1 DAGs
[2025-02-07T12:59:20.786+0000] {logging_mixin.py:190} INFO - [2025-02-07T12:59:20.786+0000] {dag.py:4180} INFO - Setting next_dagrun for example_params_trigger_ui to None, run_after=None
[2025-02-07T12:59:20.820+0000] {processor.py:208} INFO - Processing /opt/conda/lib/python3.12/site-packages/airflow/example_dags/example_params_trigger_ui.py took 0.137 seconds
[2025-02-07T13:08:35.366+0000] {processor.py:186} INFO - Started process (PID=1163) to work on /opt/conda/lib/python3.12/site-packages/airflow/example_dags/example_params_trigger_ui.py
[2025-02-07T13:08:35.368+0000] {processor.py:914} INFO - Processing file /opt/conda/lib/python3.12/site-packages/airflow/example_dags/example_params_trigger_ui.py for tasks to queue
[2025-02-07T13:08:35.370+0000] {logging_mixin.py:190} INFO - [2025-02-07T13:08:35.370+0000] {dagbag.py:588} INFO - Filling up the DagBag from /opt/conda/lib/python3.12/site-packages/airflow/example_dags/example_params_trigger_ui.py
[2025-02-07T13:08:35.399+0000] {processor.py:925} INFO - DAG(s) 'example_params_trigger_ui' retrieved from /opt/conda/lib/python3.12/site-packages/airflow/example_dags/example_params_trigger_ui.py
[2025-02-07T13:08:35.426+0000] {logging_mixin.py:190} INFO - [2025-02-07T13:08:35.426+0000] {dag.py:3239} INFO - Sync 1 DAGs
[2025-02-07T13:08:35.436+0000] {logging_mixin.py:190} INFO - [2025-02-07T13:08:35.435+0000] {dag.py:4180} INFO - Setting next_dagrun for example_params_trigger_ui to None, run_after=None
[2025-02-07T13:08:35.451+0000] {processor.py:208} INFO - Processing /opt/conda/lib/python3.12/site-packages/airflow/example_dags/example_params_trigger_ui.py took 0.092 seconds
[2025-02-07T13:27:38.615+0000] {processor.py:186} INFO - Started process (PID=246) to work on /opt/conda/lib/python3.12/site-packages/airflow/example_dags/example_params_trigger_ui.py
[2025-02-07T13:27:38.616+0000] {processor.py:914} INFO - Processing file /opt/conda/lib/python3.12/site-packages/airflow/example_dags/example_params_trigger_ui.py for tasks to queue
[2025-02-07T13:27:38.619+0000] {logging_mixin.py:190} INFO - [2025-02-07T13:27:38.618+0000] {dagbag.py:588} INFO - Filling up the DagBag from /opt/conda/lib/python3.12/site-packages/airflow/example_dags/example_params_trigger_ui.py
[2025-02-07T13:27:38.632+0000] {processor.py:925} INFO - DAG(s) 'example_params_trigger_ui' retrieved from /opt/conda/lib/python3.12/site-packages/airflow/example_dags/example_params_trigger_ui.py
[2025-02-07T13:27:38.659+0000] {logging_mixin.py:190} INFO - [2025-02-07T13:27:38.659+0000] {dag.py:3239} INFO - Sync 1 DAGs
[2025-02-07T13:27:38.668+0000] {logging_mixin.py:190} INFO - [2025-02-07T13:27:38.668+0000] {dag.py:4180} INFO - Setting next_dagrun for example_params_trigger_ui to None, run_after=None
[2025-02-07T13:27:38.681+0000] {processor.py:208} INFO - Processing /opt/conda/lib/python3.12/site-packages/airflow/example_dags/example_params_trigger_ui.py took 0.071 seconds
[2025-02-07T13:29:06.045+0000] {processor.py:186} INFO - Started process (PID=355) to work on /opt/conda/lib/python3.12/site-packages/airflow/example_dags/example_params_trigger_ui.py
[2025-02-07T13:29:06.046+0000] {processor.py:914} INFO - Processing file /opt/conda/lib/python3.12/site-packages/airflow/example_dags/example_params_trigger_ui.py for tasks to queue
[2025-02-07T13:29:06.048+0000] {logging_mixin.py:190} INFO - [2025-02-07T13:29:06.047+0000] {dagbag.py:588} INFO - Filling up the DagBag from /opt/conda/lib/python3.12/site-packages/airflow/example_dags/example_params_trigger_ui.py
[2025-02-07T13:29:06.063+0000] {processor.py:925} INFO - DAG(s) 'example_params_trigger_ui' retrieved from /opt/conda/lib/python3.12/site-packages/airflow/example_dags/example_params_trigger_ui.py
[2025-02-07T13:29:06.089+0000] {logging_mixin.py:190} INFO - [2025-02-07T13:29:06.089+0000] {dag.py:3239} INFO - Sync 1 DAGs
[2025-02-07T13:29:06.098+0000] {logging_mixin.py:190} INFO - [2025-02-07T13:29:06.098+0000] {dag.py:4180} INFO - Setting next_dagrun for example_params_trigger_ui to None, run_after=None
[2025-02-07T13:29:06.112+0000] {processor.py:208} INFO - Processing /opt/conda/lib/python3.12/site-packages/airflow/example_dags/example_params_trigger_ui.py took 0.089 seconds
[2025-02-07T13:30:19.390+0000] {processor.py:186} INFO - Started process (PID=440) to work on /opt/conda/lib/python3.12/site-packages/airflow/example_dags/example_params_trigger_ui.py
[2025-02-07T13:30:19.391+0000] {processor.py:914} INFO - Processing file /opt/conda/lib/python3.12/site-packages/airflow/example_dags/example_params_trigger_ui.py for tasks to queue
[2025-02-07T13:30:19.397+0000] {logging_mixin.py:190} INFO - [2025-02-07T13:30:19.397+0000] {dagbag.py:588} INFO - Filling up the DagBag from /opt/conda/lib/python3.12/site-packages/airflow/example_dags/example_params_trigger_ui.py
[2025-02-07T13:30:19.420+0000] {processor.py:925} INFO - DAG(s) 'example_params_trigger_ui' retrieved from /opt/conda/lib/python3.12/site-packages/airflow/example_dags/example_params_trigger_ui.py
[2025-02-07T13:30:19.441+0000] {logging_mixin.py:190} INFO - [2025-02-07T13:30:19.441+0000] {dag.py:3239} INFO - Sync 1 DAGs
[2025-02-07T13:30:19.449+0000] {logging_mixin.py:190} INFO - [2025-02-07T13:30:19.448+0000] {dag.py:4180} INFO - Setting next_dagrun for example_params_trigger_ui to None, run_after=None
[2025-02-07T13:30:19.472+0000] {processor.py:208} INFO - Processing /opt/conda/lib/python3.12/site-packages/airflow/example_dags/example_params_trigger_ui.py took 0.091 seconds
[2025-02-07T13:33:28.135+0000] {processor.py:186} INFO - Started process (PID=340) to work on /opt/conda/lib/python3.12/site-packages/airflow/example_dags/example_params_trigger_ui.py
[2025-02-07T13:33:28.140+0000] {processor.py:914} INFO - Processing file /opt/conda/lib/python3.12/site-packages/airflow/example_dags/example_params_trigger_ui.py for tasks to queue
[2025-02-07T13:33:28.146+0000] {logging_mixin.py:190} INFO - [2025-02-07T13:33:28.144+0000] {dagbag.py:588} INFO - Filling up the DagBag from /opt/conda/lib/python3.12/site-packages/airflow/example_dags/example_params_trigger_ui.py
[2025-02-07T13:33:28.191+0000] {processor.py:925} INFO - DAG(s) 'example_params_trigger_ui' retrieved from /opt/conda/lib/python3.12/site-packages/airflow/example_dags/example_params_trigger_ui.py
[2025-02-07T13:33:28.273+0000] {logging_mixin.py:190} INFO - [2025-02-07T13:33:28.273+0000] {dag.py:3239} INFO - Sync 1 DAGs
[2025-02-07T13:33:28.298+0000] {logging_mixin.py:190} INFO - [2025-02-07T13:33:28.298+0000] {dag.py:4180} INFO - Setting next_dagrun for example_params_trigger_ui to None, run_after=None
[2025-02-07T13:33:28.327+0000] {processor.py:208} INFO - Processing /opt/conda/lib/python3.12/site-packages/airflow/example_dags/example_params_trigger_ui.py took 0.201 seconds
[2025-02-07T13:35:17.028+0000] {processor.py:186} INFO - Started process (PID=208) to work on /opt/conda/lib/python3.12/site-packages/airflow/example_dags/example_params_trigger_ui.py
[2025-02-07T13:35:17.029+0000] {processor.py:914} INFO - Processing file /opt/conda/lib/python3.12/site-packages/airflow/example_dags/example_params_trigger_ui.py for tasks to queue
[2025-02-07T13:35:17.030+0000] {logging_mixin.py:190} INFO - [2025-02-07T13:35:17.030+0000] {dagbag.py:588} INFO - Filling up the DagBag from /opt/conda/lib/python3.12/site-packages/airflow/example_dags/example_params_trigger_ui.py
[2025-02-07T13:35:17.040+0000] {processor.py:925} INFO - DAG(s) 'example_params_trigger_ui' retrieved from /opt/conda/lib/python3.12/site-packages/airflow/example_dags/example_params_trigger_ui.py
[2025-02-07T13:35:17.062+0000] {logging_mixin.py:190} INFO - [2025-02-07T13:35:17.062+0000] {dag.py:3239} INFO - Sync 1 DAGs
[2025-02-07T13:35:17.069+0000] {logging_mixin.py:190} INFO - [2025-02-07T13:35:17.069+0000] {dag.py:4180} INFO - Setting next_dagrun for example_params_trigger_ui to None, run_after=None
[2025-02-07T13:35:17.084+0000] {processor.py:208} INFO - Processing /opt/conda/lib/python3.12/site-packages/airflow/example_dags/example_params_trigger_ui.py took 0.077 seconds
[2025-02-07T13:38:35.032+0000] {processor.py:186} INFO - Started process (PID=367) to work on /opt/conda/lib/python3.12/site-packages/airflow/example_dags/example_params_trigger_ui.py
[2025-02-07T13:38:35.034+0000] {processor.py:914} INFO - Processing file /opt/conda/lib/python3.12/site-packages/airflow/example_dags/example_params_trigger_ui.py for tasks to queue
[2025-02-07T13:38:35.053+0000] {logging_mixin.py:190} INFO - [2025-02-07T13:38:35.049+0000] {dagbag.py:588} INFO - Filling up the DagBag from /opt/conda/lib/python3.12/site-packages/airflow/example_dags/example_params_trigger_ui.py
[2025-02-07T13:38:35.073+0000] {processor.py:925} INFO - DAG(s) 'example_params_trigger_ui' retrieved from /opt/conda/lib/python3.12/site-packages/airflow/example_dags/example_params_trigger_ui.py
[2025-02-07T13:38:35.115+0000] {logging_mixin.py:190} INFO - [2025-02-07T13:38:35.115+0000] {dag.py:3239} INFO - Sync 1 DAGs
[2025-02-07T13:38:35.131+0000] {logging_mixin.py:190} INFO - [2025-02-07T13:38:35.131+0000] {dag.py:4180} INFO - Setting next_dagrun for example_params_trigger_ui to None, run_after=None
[2025-02-07T13:38:35.152+0000] {processor.py:208} INFO - Processing /opt/conda/lib/python3.12/site-packages/airflow/example_dags/example_params_trigger_ui.py took 0.129 seconds
[2025-02-07T13:39:44.705+0000] {processor.py:186} INFO - Started process (PID=501) to work on /opt/conda/lib/python3.12/site-packages/airflow/example_dags/example_params_trigger_ui.py
[2025-02-07T13:39:44.706+0000] {processor.py:914} INFO - Processing file /opt/conda/lib/python3.12/site-packages/airflow/example_dags/example_params_trigger_ui.py for tasks to queue
[2025-02-07T13:39:44.708+0000] {logging_mixin.py:190} INFO - [2025-02-07T13:39:44.708+0000] {dagbag.py:588} INFO - Filling up the DagBag from /opt/conda/lib/python3.12/site-packages/airflow/example_dags/example_params_trigger_ui.py
[2025-02-07T13:39:44.717+0000] {processor.py:925} INFO - DAG(s) 'example_params_trigger_ui' retrieved from /opt/conda/lib/python3.12/site-packages/airflow/example_dags/example_params_trigger_ui.py
[2025-02-07T13:39:44.742+0000] {logging_mixin.py:190} INFO - [2025-02-07T13:39:44.742+0000] {dag.py:3239} INFO - Sync 1 DAGs
[2025-02-07T13:39:44.749+0000] {logging_mixin.py:190} INFO - [2025-02-07T13:39:44.749+0000] {dag.py:4180} INFO - Setting next_dagrun for example_params_trigger_ui to None, run_after=None
[2025-02-07T13:39:44.762+0000] {processor.py:208} INFO - Processing /opt/conda/lib/python3.12/site-packages/airflow/example_dags/example_params_trigger_ui.py took 0.062 seconds
[2025-02-07T13:40:45.413+0000] {processor.py:186} INFO - Started process (PID=572) to work on /opt/conda/lib/python3.12/site-packages/airflow/example_dags/example_params_trigger_ui.py
[2025-02-07T13:40:45.415+0000] {processor.py:914} INFO - Processing file /opt/conda/lib/python3.12/site-packages/airflow/example_dags/example_params_trigger_ui.py for tasks to queue
[2025-02-07T13:40:45.417+0000] {logging_mixin.py:190} INFO - [2025-02-07T13:40:45.417+0000] {dagbag.py:588} INFO - Filling up the DagBag from /opt/conda/lib/python3.12/site-packages/airflow/example_dags/example_params_trigger_ui.py
[2025-02-07T13:40:45.427+0000] {processor.py:925} INFO - DAG(s) 'example_params_trigger_ui' retrieved from /opt/conda/lib/python3.12/site-packages/airflow/example_dags/example_params_trigger_ui.py
[2025-02-07T13:40:45.451+0000] {logging_mixin.py:190} INFO - [2025-02-07T13:40:45.451+0000] {dag.py:3239} INFO - Sync 1 DAGs
[2025-02-07T13:40:45.459+0000] {logging_mixin.py:190} INFO - [2025-02-07T13:40:45.459+0000] {dag.py:4180} INFO - Setting next_dagrun for example_params_trigger_ui to None, run_after=None
[2025-02-07T13:40:45.472+0000] {processor.py:208} INFO - Processing /opt/conda/lib/python3.12/site-packages/airflow/example_dags/example_params_trigger_ui.py took 0.066 seconds
[2025-02-07T13:41:44.351+0000] {processor.py:186} INFO - Started process (PID=640) to work on /opt/conda/lib/python3.12/site-packages/airflow/example_dags/example_params_trigger_ui.py
[2025-02-07T13:41:44.353+0000] {processor.py:914} INFO - Processing file /opt/conda/lib/python3.12/site-packages/airflow/example_dags/example_params_trigger_ui.py for tasks to queue
[2025-02-07T13:41:44.355+0000] {logging_mixin.py:190} INFO - [2025-02-07T13:41:44.354+0000] {dagbag.py:588} INFO - Filling up the DagBag from /opt/conda/lib/python3.12/site-packages/airflow/example_dags/example_params_trigger_ui.py
[2025-02-07T13:41:44.364+0000] {processor.py:925} INFO - DAG(s) 'example_params_trigger_ui' retrieved from /opt/conda/lib/python3.12/site-packages/airflow/example_dags/example_params_trigger_ui.py
[2025-02-07T13:41:44.393+0000] {logging_mixin.py:190} INFO - [2025-02-07T13:41:44.393+0000] {dag.py:3239} INFO - Sync 1 DAGs
[2025-02-07T13:41:44.402+0000] {logging_mixin.py:190} INFO - [2025-02-07T13:41:44.402+0000] {dag.py:4180} INFO - Setting next_dagrun for example_params_trigger_ui to None, run_after=None
[2025-02-07T13:41:44.418+0000] {processor.py:208} INFO - Processing /opt/conda/lib/python3.12/site-packages/airflow/example_dags/example_params_trigger_ui.py took 0.073 seconds
[2025-02-07T13:42:56.913+0000] {processor.py:186} INFO - Started process (PID=823) to work on /opt/conda/lib/python3.12/site-packages/airflow/example_dags/example_params_trigger_ui.py
[2025-02-07T13:42:56.915+0000] {processor.py:914} INFO - Processing file /opt/conda/lib/python3.12/site-packages/airflow/example_dags/example_params_trigger_ui.py for tasks to queue
[2025-02-07T13:42:56.920+0000] {logging_mixin.py:190} INFO - [2025-02-07T13:42:56.920+0000] {dagbag.py:588} INFO - Filling up the DagBag from /opt/conda/lib/python3.12/site-packages/airflow/example_dags/example_params_trigger_ui.py
[2025-02-07T13:42:56.928+0000] {processor.py:925} INFO - DAG(s) 'example_params_trigger_ui' retrieved from /opt/conda/lib/python3.12/site-packages/airflow/example_dags/example_params_trigger_ui.py
[2025-02-07T13:42:56.948+0000] {logging_mixin.py:190} INFO - [2025-02-07T13:42:56.948+0000] {dag.py:3239} INFO - Sync 1 DAGs
[2025-02-07T13:42:56.955+0000] {logging_mixin.py:190} INFO - [2025-02-07T13:42:56.955+0000] {dag.py:4180} INFO - Setting next_dagrun for example_params_trigger_ui to None, run_after=None
[2025-02-07T13:42:56.967+0000] {processor.py:208} INFO - Processing /opt/conda/lib/python3.12/site-packages/airflow/example_dags/example_params_trigger_ui.py took 0.058 seconds
[2025-02-07T13:44:26.165+0000] {processor.py:186} INFO - Started process (PID=1015) to work on /opt/conda/lib/python3.12/site-packages/airflow/example_dags/example_params_trigger_ui.py
[2025-02-07T13:44:26.166+0000] {processor.py:914} INFO - Processing file /opt/conda/lib/python3.12/site-packages/airflow/example_dags/example_params_trigger_ui.py for tasks to queue
[2025-02-07T13:44:26.169+0000] {logging_mixin.py:190} INFO - [2025-02-07T13:44:26.168+0000] {dagbag.py:588} INFO - Filling up the DagBag from /opt/conda/lib/python3.12/site-packages/airflow/example_dags/example_params_trigger_ui.py
[2025-02-07T13:44:26.179+0000] {processor.py:925} INFO - DAG(s) 'example_params_trigger_ui' retrieved from /opt/conda/lib/python3.12/site-packages/airflow/example_dags/example_params_trigger_ui.py
[2025-02-07T13:44:26.205+0000] {logging_mixin.py:190} INFO - [2025-02-07T13:44:26.205+0000] {dag.py:3239} INFO - Sync 1 DAGs
[2025-02-07T13:44:26.214+0000] {logging_mixin.py:190} INFO - [2025-02-07T13:44:26.214+0000] {dag.py:4180} INFO - Setting next_dagrun for example_params_trigger_ui to None, run_after=None
[2025-02-07T13:44:26.239+0000] {processor.py:208} INFO - Processing /opt/conda/lib/python3.12/site-packages/airflow/example_dags/example_params_trigger_ui.py took 0.080 seconds
[2025-02-07T13:46:02.475+0000] {processor.py:186} INFO - Started process (PID=1201) to work on /opt/conda/lib/python3.12/site-packages/airflow/example_dags/example_params_trigger_ui.py
[2025-02-07T13:46:02.476+0000] {processor.py:914} INFO - Processing file /opt/conda/lib/python3.12/site-packages/airflow/example_dags/example_params_trigger_ui.py for tasks to queue
[2025-02-07T13:46:02.478+0000] {logging_mixin.py:190} INFO - [2025-02-07T13:46:02.478+0000] {dagbag.py:588} INFO - Filling up the DagBag from /opt/conda/lib/python3.12/site-packages/airflow/example_dags/example_params_trigger_ui.py
[2025-02-07T13:46:02.489+0000] {processor.py:925} INFO - DAG(s) 'example_params_trigger_ui' retrieved from /opt/conda/lib/python3.12/site-packages/airflow/example_dags/example_params_trigger_ui.py
[2025-02-07T13:46:02.539+0000] {logging_mixin.py:190} INFO - [2025-02-07T13:46:02.538+0000] {dag.py:3239} INFO - Sync 1 DAGs
[2025-02-07T13:46:02.560+0000] {logging_mixin.py:190} INFO - [2025-02-07T13:46:02.560+0000] {dag.py:4180} INFO - Setting next_dagrun for example_params_trigger_ui to None, run_after=None
[2025-02-07T13:46:02.601+0000] {processor.py:208} INFO - Processing /opt/conda/lib/python3.12/site-packages/airflow/example_dags/example_params_trigger_ui.py took 0.133 seconds
[2025-02-07T14:05:19.370+0000] {processor.py:186} INFO - Started process (PID=1759) to work on /opt/conda/lib/python3.12/site-packages/airflow/example_dags/example_params_trigger_ui.py
[2025-02-07T14:05:19.376+0000] {processor.py:914} INFO - Processing file /opt/conda/lib/python3.12/site-packages/airflow/example_dags/example_params_trigger_ui.py for tasks to queue
[2025-02-07T14:05:19.379+0000] {logging_mixin.py:190} INFO - [2025-02-07T14:05:19.379+0000] {dagbag.py:588} INFO - Filling up the DagBag from /opt/conda/lib/python3.12/site-packages/airflow/example_dags/example_params_trigger_ui.py
[2025-02-07T14:05:19.395+0000] {processor.py:925} INFO - DAG(s) 'example_params_trigger_ui' retrieved from /opt/conda/lib/python3.12/site-packages/airflow/example_dags/example_params_trigger_ui.py
[2025-02-07T14:05:19.433+0000] {logging_mixin.py:190} INFO - [2025-02-07T14:05:19.433+0000] {dag.py:3239} INFO - Sync 1 DAGs
[2025-02-07T14:05:19.464+0000] {logging_mixin.py:190} INFO - [2025-02-07T14:05:19.464+0000] {dag.py:4180} INFO - Setting next_dagrun for example_params_trigger_ui to None, run_after=None
[2025-02-07T14:05:19.493+0000] {processor.py:208} INFO - Processing /opt/conda/lib/python3.12/site-packages/airflow/example_dags/example_params_trigger_ui.py took 0.144 seconds
[2025-02-07T14:06:23.076+0000] {processor.py:186} INFO - Started process (PID=1829) to work on /opt/conda/lib/python3.12/site-packages/airflow/example_dags/example_params_trigger_ui.py
[2025-02-07T14:06:23.077+0000] {processor.py:914} INFO - Processing file /opt/conda/lib/python3.12/site-packages/airflow/example_dags/example_params_trigger_ui.py for tasks to queue
[2025-02-07T14:06:23.078+0000] {logging_mixin.py:190} INFO - [2025-02-07T14:06:23.078+0000] {dagbag.py:588} INFO - Filling up the DagBag from /opt/conda/lib/python3.12/site-packages/airflow/example_dags/example_params_trigger_ui.py
[2025-02-07T14:06:23.085+0000] {processor.py:925} INFO - DAG(s) 'example_params_trigger_ui' retrieved from /opt/conda/lib/python3.12/site-packages/airflow/example_dags/example_params_trigger_ui.py
[2025-02-07T14:06:23.110+0000] {logging_mixin.py:190} INFO - [2025-02-07T14:06:23.110+0000] {dag.py:3239} INFO - Sync 1 DAGs
[2025-02-07T14:06:23.125+0000] {logging_mixin.py:190} INFO - [2025-02-07T14:06:23.125+0000] {dag.py:4180} INFO - Setting next_dagrun for example_params_trigger_ui to None, run_after=None
[2025-02-07T14:06:23.153+0000] {processor.py:208} INFO - Processing /opt/conda/lib/python3.12/site-packages/airflow/example_dags/example_params_trigger_ui.py took 0.087 seconds
[2025-02-07T14:07:43.911+0000] {processor.py:186} INFO - Started process (PID=2015) to work on /opt/conda/lib/python3.12/site-packages/airflow/example_dags/example_params_trigger_ui.py
[2025-02-07T14:07:43.913+0000] {processor.py:914} INFO - Processing file /opt/conda/lib/python3.12/site-packages/airflow/example_dags/example_params_trigger_ui.py for tasks to queue
[2025-02-07T14:07:43.915+0000] {logging_mixin.py:190} INFO - [2025-02-07T14:07:43.914+0000] {dagbag.py:588} INFO - Filling up the DagBag from /opt/conda/lib/python3.12/site-packages/airflow/example_dags/example_params_trigger_ui.py
[2025-02-07T14:07:43.942+0000] {processor.py:925} INFO - DAG(s) 'example_params_trigger_ui' retrieved from /opt/conda/lib/python3.12/site-packages/airflow/example_dags/example_params_trigger_ui.py
[2025-02-07T14:07:43.973+0000] {logging_mixin.py:190} INFO - [2025-02-07T14:07:43.973+0000] {dag.py:3239} INFO - Sync 1 DAGs
[2025-02-07T14:07:44.001+0000] {logging_mixin.py:190} INFO - [2025-02-07T14:07:44.000+0000] {dag.py:4180} INFO - Setting next_dagrun for example_params_trigger_ui to None, run_after=None
[2025-02-07T14:07:44.050+0000] {processor.py:208} INFO - Processing /opt/conda/lib/python3.12/site-packages/airflow/example_dags/example_params_trigger_ui.py took 0.151 seconds
