[2025-02-07T12:14:05.501+0000] {processor.py:186} INFO - Started process (PID=3426) to work on /opt/conda/lib/python3.12/site-packages/airflow/example_dags/example_bash_operator.py
[2025-02-07T12:14:05.502+0000] {processor.py:914} INFO - Processing file /opt/conda/lib/python3.12/site-packages/airflow/example_dags/example_bash_operator.py for tasks to queue
[2025-02-07T12:14:05.504+0000] {logging_mixin.py:190} INFO - [2025-02-07T12:14:05.504+0000] {dagbag.py:588} INFO - Filling up the DagBag from /opt/conda/lib/python3.12/site-packages/airflow/example_dags/example_bash_operator.py
[2025-02-07T12:14:05.516+0000] {processor.py:925} INFO - DAG(s) 'example_bash_operator' retrieved from /opt/conda/lib/python3.12/site-packages/airflow/example_dags/example_bash_operator.py
[2025-02-07T12:14:05.616+0000] {logging_mixin.py:190} INFO - [2025-02-07T12:14:05.615+0000] {override.py:1912} INFO - Created Permission View: can delete on DAG:example_bash_operator
[2025-02-07T12:14:05.625+0000] {logging_mixin.py:190} INFO - [2025-02-07T12:14:05.624+0000] {override.py:1912} INFO - Created Permission View: can read on DAG:example_bash_operator
[2025-02-07T12:14:05.631+0000] {logging_mixin.py:190} INFO - [2025-02-07T12:14:05.631+0000] {override.py:1912} INFO - Created Permission View: can edit on DAG:example_bash_operator
[2025-02-07T12:14:05.644+0000] {logging_mixin.py:190} INFO - [2025-02-07T12:14:05.644+0000] {override.py:1912} INFO - Created Permission View: can create on DAG Run:example_bash_operator
[2025-02-07T12:14:05.651+0000] {logging_mixin.py:190} INFO - [2025-02-07T12:14:05.651+0000] {override.py:1912} INFO - Created Permission View: menu access on DAG Run:example_bash_operator
[2025-02-07T12:14:05.658+0000] {logging_mixin.py:190} INFO - [2025-02-07T12:14:05.658+0000] {override.py:1912} INFO - Created Permission View: can read on DAG Run:example_bash_operator
[2025-02-07T12:14:05.664+0000] {logging_mixin.py:190} INFO - [2025-02-07T12:14:05.664+0000] {override.py:1912} INFO - Created Permission View: can delete on DAG Run:example_bash_operator
[2025-02-07T12:14:05.665+0000] {logging_mixin.py:190} INFO - [2025-02-07T12:14:05.665+0000] {dag.py:3239} INFO - Sync 1 DAGs
[2025-02-07T12:14:05.672+0000] {logging_mixin.py:190} INFO - [2025-02-07T12:14:05.672+0000] {dag.py:3262} INFO - Creating ORM DAG for example_bash_operator
[2025-02-07T12:14:05.678+0000] {logging_mixin.py:190} INFO - [2025-02-07T12:14:05.678+0000] {dag.py:4180} INFO - Setting next_dagrun for example_bash_operator to 2025-02-06 00:00:00+00:00, run_after=2025-02-07 00:00:00+00:00
[2025-02-07T12:14:05.705+0000] {processor.py:208} INFO - Processing /opt/conda/lib/python3.12/site-packages/airflow/example_dags/example_bash_operator.py took 0.208 seconds
[2025-02-07T12:37:06.849+0000] {processor.py:186} INFO - Started process (PID=125) to work on /opt/conda/lib/python3.12/site-packages/airflow/example_dags/example_bash_operator.py
[2025-02-07T12:37:06.852+0000] {processor.py:914} INFO - Processing file /opt/conda/lib/python3.12/site-packages/airflow/example_dags/example_bash_operator.py for tasks to queue
[2025-02-07T12:37:06.861+0000] {logging_mixin.py:190} INFO - [2025-02-07T12:37:06.860+0000] {dagbag.py:588} INFO - Filling up the DagBag from /opt/conda/lib/python3.12/site-packages/airflow/example_dags/example_bash_operator.py
[2025-02-07T12:37:06.950+0000] {processor.py:925} INFO - DAG(s) 'example_bash_operator' retrieved from /opt/conda/lib/python3.12/site-packages/airflow/example_dags/example_bash_operator.py
[2025-02-07T12:37:07.032+0000] {logging_mixin.py:190} INFO - [2025-02-07T12:37:07.031+0000] {dag.py:3239} INFO - Sync 1 DAGs
[2025-02-07T12:37:07.051+0000] {logging_mixin.py:190} INFO - [2025-02-07T12:37:07.051+0000] {dag.py:4180} INFO - Setting next_dagrun for example_bash_operator to 2025-02-06 00:00:00+00:00, run_after=2025-02-07 00:00:00+00:00
[2025-02-07T12:37:07.072+0000] {processor.py:208} INFO - Processing /opt/conda/lib/python3.12/site-packages/airflow/example_dags/example_bash_operator.py took 0.230 seconds
[2025-02-07T12:38:19.129+0000] {processor.py:186} INFO - Started process (PID=200) to work on /opt/conda/lib/python3.12/site-packages/airflow/example_dags/example_bash_operator.py
[2025-02-07T12:38:19.131+0000] {processor.py:914} INFO - Processing file /opt/conda/lib/python3.12/site-packages/airflow/example_dags/example_bash_operator.py for tasks to queue
[2025-02-07T12:38:19.133+0000] {logging_mixin.py:190} INFO - [2025-02-07T12:38:19.133+0000] {dagbag.py:588} INFO - Filling up the DagBag from /opt/conda/lib/python3.12/site-packages/airflow/example_dags/example_bash_operator.py
[2025-02-07T12:38:19.142+0000] {processor.py:925} INFO - DAG(s) 'example_bash_operator' retrieved from /opt/conda/lib/python3.12/site-packages/airflow/example_dags/example_bash_operator.py
[2025-02-07T12:38:19.157+0000] {logging_mixin.py:190} INFO - [2025-02-07T12:38:19.157+0000] {dag.py:3239} INFO - Sync 1 DAGs
[2025-02-07T12:38:19.170+0000] {logging_mixin.py:190} INFO - [2025-02-07T12:38:19.170+0000] {dag.py:4180} INFO - Setting next_dagrun for example_bash_operator to 2025-02-06 00:00:00+00:00, run_after=2025-02-07 00:00:00+00:00
[2025-02-07T12:38:19.183+0000] {processor.py:208} INFO - Processing /opt/conda/lib/python3.12/site-packages/airflow/example_dags/example_bash_operator.py took 0.060 seconds
[2025-02-07T12:39:18.314+0000] {processor.py:186} INFO - Started process (PID=269) to work on /opt/conda/lib/python3.12/site-packages/airflow/example_dags/example_bash_operator.py
[2025-02-07T12:39:18.315+0000] {processor.py:914} INFO - Processing file /opt/conda/lib/python3.12/site-packages/airflow/example_dags/example_bash_operator.py for tasks to queue
[2025-02-07T12:39:18.318+0000] {logging_mixin.py:190} INFO - [2025-02-07T12:39:18.317+0000] {dagbag.py:588} INFO - Filling up the DagBag from /opt/conda/lib/python3.12/site-packages/airflow/example_dags/example_bash_operator.py
[2025-02-07T12:39:18.333+0000] {processor.py:925} INFO - DAG(s) 'example_bash_operator' retrieved from /opt/conda/lib/python3.12/site-packages/airflow/example_dags/example_bash_operator.py
[2025-02-07T12:39:18.363+0000] {logging_mixin.py:190} INFO - [2025-02-07T12:39:18.362+0000] {dag.py:3239} INFO - Sync 1 DAGs
[2025-02-07T12:39:18.378+0000] {logging_mixin.py:190} INFO - [2025-02-07T12:39:18.378+0000] {dag.py:4180} INFO - Setting next_dagrun for example_bash_operator to 2025-02-06 00:00:00+00:00, run_after=2025-02-07 00:00:00+00:00
[2025-02-07T12:39:18.394+0000] {processor.py:208} INFO - Processing /opt/conda/lib/python3.12/site-packages/airflow/example_dags/example_bash_operator.py took 0.088 seconds
[2025-02-07T12:40:16.127+0000] {processor.py:186} INFO - Started process (PID=337) to work on /opt/conda/lib/python3.12/site-packages/airflow/example_dags/example_bash_operator.py
[2025-02-07T12:40:16.128+0000] {processor.py:914} INFO - Processing file /opt/conda/lib/python3.12/site-packages/airflow/example_dags/example_bash_operator.py for tasks to queue
[2025-02-07T12:40:16.130+0000] {logging_mixin.py:190} INFO - [2025-02-07T12:40:16.130+0000] {dagbag.py:588} INFO - Filling up the DagBag from /opt/conda/lib/python3.12/site-packages/airflow/example_dags/example_bash_operator.py
[2025-02-07T12:40:16.142+0000] {processor.py:925} INFO - DAG(s) 'example_bash_operator' retrieved from /opt/conda/lib/python3.12/site-packages/airflow/example_dags/example_bash_operator.py
[2025-02-07T12:40:16.160+0000] {logging_mixin.py:190} INFO - [2025-02-07T12:40:16.160+0000] {dag.py:3239} INFO - Sync 1 DAGs
[2025-02-07T12:40:16.173+0000] {logging_mixin.py:190} INFO - [2025-02-07T12:40:16.173+0000] {dag.py:4180} INFO - Setting next_dagrun for example_bash_operator to 2025-02-06 00:00:00+00:00, run_after=2025-02-07 00:00:00+00:00
[2025-02-07T12:40:16.186+0000] {processor.py:208} INFO - Processing /opt/conda/lib/python3.12/site-packages/airflow/example_dags/example_bash_operator.py took 0.064 seconds
[2025-02-07T12:41:15.219+0000] {processor.py:186} INFO - Started process (PID=406) to work on /opt/conda/lib/python3.12/site-packages/airflow/example_dags/example_bash_operator.py
[2025-02-07T12:41:15.220+0000] {processor.py:914} INFO - Processing file /opt/conda/lib/python3.12/site-packages/airflow/example_dags/example_bash_operator.py for tasks to queue
[2025-02-07T12:41:15.222+0000] {logging_mixin.py:190} INFO - [2025-02-07T12:41:15.222+0000] {dagbag.py:588} INFO - Filling up the DagBag from /opt/conda/lib/python3.12/site-packages/airflow/example_dags/example_bash_operator.py
[2025-02-07T12:41:15.235+0000] {processor.py:925} INFO - DAG(s) 'example_bash_operator' retrieved from /opt/conda/lib/python3.12/site-packages/airflow/example_dags/example_bash_operator.py
[2025-02-07T12:41:15.253+0000] {logging_mixin.py:190} INFO - [2025-02-07T12:41:15.253+0000] {dag.py:3239} INFO - Sync 1 DAGs
[2025-02-07T12:41:15.271+0000] {logging_mixin.py:190} INFO - [2025-02-07T12:41:15.270+0000] {dag.py:4180} INFO - Setting next_dagrun for example_bash_operator to 2025-02-06 00:00:00+00:00, run_after=2025-02-07 00:00:00+00:00
[2025-02-07T12:41:15.287+0000] {processor.py:208} INFO - Processing /opt/conda/lib/python3.12/site-packages/airflow/example_dags/example_bash_operator.py took 0.082 seconds
[2025-02-07T12:53:35.514+0000] {processor.py:186} INFO - Started process (PID=5359) to work on /opt/conda/lib/python3.12/site-packages/airflow/example_dags/example_bash_operator.py
[2025-02-07T12:53:35.518+0000] {processor.py:914} INFO - Processing file /opt/conda/lib/python3.12/site-packages/airflow/example_dags/example_bash_operator.py for tasks to queue
[2025-02-07T12:53:35.520+0000] {logging_mixin.py:190} INFO - [2025-02-07T12:53:35.520+0000] {dagbag.py:588} INFO - Filling up the DagBag from /opt/conda/lib/python3.12/site-packages/airflow/example_dags/example_bash_operator.py
[2025-02-07T12:53:35.527+0000] {processor.py:925} INFO - DAG(s) 'example_bash_operator' retrieved from /opt/conda/lib/python3.12/site-packages/airflow/example_dags/example_bash_operator.py
[2025-02-07T12:53:35.542+0000] {logging_mixin.py:190} INFO - [2025-02-07T12:53:35.541+0000] {dag.py:3239} INFO - Sync 1 DAGs
[2025-02-07T12:53:35.553+0000] {logging_mixin.py:190} INFO - [2025-02-07T12:53:35.552+0000] {dag.py:4180} INFO - Setting next_dagrun for example_bash_operator to 2025-02-06 00:00:00+00:00, run_after=2025-02-07 00:00:00+00:00
[2025-02-07T12:53:35.563+0000] {processor.py:208} INFO - Processing /opt/conda/lib/python3.12/site-packages/airflow/example_dags/example_bash_operator.py took 0.051 seconds
[2025-02-07T13:28:09.485+0000] {processor.py:186} INFO - Started process (PID=305) to work on /opt/conda/lib/python3.12/site-packages/airflow/example_dags/example_bash_operator.py
[2025-02-07T13:28:09.486+0000] {processor.py:914} INFO - Processing file /opt/conda/lib/python3.12/site-packages/airflow/example_dags/example_bash_operator.py for tasks to queue
[2025-02-07T13:28:09.487+0000] {logging_mixin.py:190} INFO - [2025-02-07T13:28:09.487+0000] {dagbag.py:588} INFO - Filling up the DagBag from /opt/conda/lib/python3.12/site-packages/airflow/example_dags/example_bash_operator.py
[2025-02-07T13:28:09.498+0000] {processor.py:925} INFO - DAG(s) 'example_bash_operator' retrieved from /opt/conda/lib/python3.12/site-packages/airflow/example_dags/example_bash_operator.py
[2025-02-07T13:28:09.533+0000] {logging_mixin.py:190} INFO - [2025-02-07T13:28:09.532+0000] {dag.py:3239} INFO - Sync 1 DAGs
[2025-02-07T13:28:09.580+0000] {logging_mixin.py:190} INFO - [2025-02-07T13:28:09.579+0000] {dag.py:4180} INFO - Setting next_dagrun for example_bash_operator to 2025-02-06 00:00:00+00:00, run_after=2025-02-07 00:00:00+00:00
[2025-02-07T13:28:09.616+0000] {processor.py:208} INFO - Processing /opt/conda/lib/python3.12/site-packages/airflow/example_dags/example_bash_operator.py took 0.138 seconds
[2025-02-07T13:29:43.137+0000] {processor.py:186} INFO - Started process (PID=397) to work on /opt/conda/lib/python3.12/site-packages/airflow/example_dags/example_bash_operator.py
[2025-02-07T13:29:43.138+0000] {processor.py:914} INFO - Processing file /opt/conda/lib/python3.12/site-packages/airflow/example_dags/example_bash_operator.py for tasks to queue
[2025-02-07T13:29:43.140+0000] {logging_mixin.py:190} INFO - [2025-02-07T13:29:43.140+0000] {dagbag.py:588} INFO - Filling up the DagBag from /opt/conda/lib/python3.12/site-packages/airflow/example_dags/example_bash_operator.py
[2025-02-07T13:29:43.153+0000] {processor.py:925} INFO - DAG(s) 'example_bash_operator' retrieved from /opt/conda/lib/python3.12/site-packages/airflow/example_dags/example_bash_operator.py
[2025-02-07T13:29:43.168+0000] {logging_mixin.py:190} INFO - [2025-02-07T13:29:43.168+0000] {dag.py:3239} INFO - Sync 1 DAGs
[2025-02-07T13:29:43.183+0000] {logging_mixin.py:190} INFO - [2025-02-07T13:29:43.183+0000] {dag.py:4180} INFO - Setting next_dagrun for example_bash_operator to 2025-02-06 00:00:00+00:00, run_after=2025-02-07 00:00:00+00:00
[2025-02-07T13:29:43.196+0000] {processor.py:208} INFO - Processing /opt/conda/lib/python3.12/site-packages/airflow/example_dags/example_bash_operator.py took 0.065 seconds
[2025-02-07T13:39:07.060+0000] {processor.py:186} INFO - Started process (PID=455) to work on /opt/conda/lib/python3.12/site-packages/airflow/example_dags/example_bash_operator.py
[2025-02-07T13:39:07.062+0000] {processor.py:914} INFO - Processing file /opt/conda/lib/python3.12/site-packages/airflow/example_dags/example_bash_operator.py for tasks to queue
[2025-02-07T13:39:07.064+0000] {logging_mixin.py:190} INFO - [2025-02-07T13:39:07.063+0000] {dagbag.py:588} INFO - Filling up the DagBag from /opt/conda/lib/python3.12/site-packages/airflow/example_dags/example_bash_operator.py
[2025-02-07T13:39:07.074+0000] {processor.py:925} INFO - DAG(s) 'example_bash_operator' retrieved from /opt/conda/lib/python3.12/site-packages/airflow/example_dags/example_bash_operator.py
[2025-02-07T13:39:07.089+0000] {logging_mixin.py:190} INFO - [2025-02-07T13:39:07.089+0000] {dag.py:3239} INFO - Sync 1 DAGs
[2025-02-07T13:39:07.102+0000] {logging_mixin.py:190} INFO - [2025-02-07T13:39:07.102+0000] {dag.py:4180} INFO - Setting next_dagrun for example_bash_operator to 2025-02-06 00:00:00+00:00, run_after=2025-02-07 00:00:00+00:00
[2025-02-07T13:39:07.118+0000] {processor.py:208} INFO - Processing /opt/conda/lib/python3.12/site-packages/airflow/example_dags/example_bash_operator.py took 0.062 seconds
[2025-02-07T13:40:09.120+0000] {processor.py:186} INFO - Started process (PID=526) to work on /opt/conda/lib/python3.12/site-packages/airflow/example_dags/example_bash_operator.py
[2025-02-07T13:40:09.121+0000] {processor.py:914} INFO - Processing file /opt/conda/lib/python3.12/site-packages/airflow/example_dags/example_bash_operator.py for tasks to queue
[2025-02-07T13:40:09.123+0000] {logging_mixin.py:190} INFO - [2025-02-07T13:40:09.122+0000] {dagbag.py:588} INFO - Filling up the DagBag from /opt/conda/lib/python3.12/site-packages/airflow/example_dags/example_bash_operator.py
[2025-02-07T13:40:09.134+0000] {processor.py:925} INFO - DAG(s) 'example_bash_operator' retrieved from /opt/conda/lib/python3.12/site-packages/airflow/example_dags/example_bash_operator.py
[2025-02-07T13:40:09.149+0000] {logging_mixin.py:190} INFO - [2025-02-07T13:40:09.149+0000] {dag.py:3239} INFO - Sync 1 DAGs
[2025-02-07T13:40:09.163+0000] {logging_mixin.py:190} INFO - [2025-02-07T13:40:09.163+0000] {dag.py:4180} INFO - Setting next_dagrun for example_bash_operator to 2025-02-06 00:00:00+00:00, run_after=2025-02-07 00:00:00+00:00
[2025-02-07T13:40:09.176+0000] {processor.py:208} INFO - Processing /opt/conda/lib/python3.12/site-packages/airflow/example_dags/example_bash_operator.py took 0.061 seconds
[2025-02-07T13:41:07.202+0000] {processor.py:186} INFO - Started process (PID=594) to work on /opt/conda/lib/python3.12/site-packages/airflow/example_dags/example_bash_operator.py
[2025-02-07T13:41:07.203+0000] {processor.py:914} INFO - Processing file /opt/conda/lib/python3.12/site-packages/airflow/example_dags/example_bash_operator.py for tasks to queue
[2025-02-07T13:41:07.205+0000] {logging_mixin.py:190} INFO - [2025-02-07T13:41:07.205+0000] {dagbag.py:588} INFO - Filling up the DagBag from /opt/conda/lib/python3.12/site-packages/airflow/example_dags/example_bash_operator.py
[2025-02-07T13:41:07.218+0000] {processor.py:925} INFO - DAG(s) 'example_bash_operator' retrieved from /opt/conda/lib/python3.12/site-packages/airflow/example_dags/example_bash_operator.py
[2025-02-07T13:41:07.235+0000] {logging_mixin.py:190} INFO - [2025-02-07T13:41:07.235+0000] {dag.py:3239} INFO - Sync 1 DAGs
[2025-02-07T13:41:07.250+0000] {logging_mixin.py:190} INFO - [2025-02-07T13:41:07.250+0000] {dag.py:4180} INFO - Setting next_dagrun for example_bash_operator to 2025-02-06 00:00:00+00:00, run_after=2025-02-07 00:00:00+00:00
[2025-02-07T13:41:07.279+0000] {processor.py:208} INFO - Processing /opt/conda/lib/python3.12/site-packages/airflow/example_dags/example_bash_operator.py took 0.081 seconds
[2025-02-07T13:42:06.019+0000] {processor.py:186} INFO - Started process (PID=662) to work on /opt/conda/lib/python3.12/site-packages/airflow/example_dags/example_bash_operator.py
[2025-02-07T13:42:06.020+0000] {processor.py:914} INFO - Processing file /opt/conda/lib/python3.12/site-packages/airflow/example_dags/example_bash_operator.py for tasks to queue
[2025-02-07T13:42:06.023+0000] {logging_mixin.py:190} INFO - [2025-02-07T13:42:06.022+0000] {dagbag.py:588} INFO - Filling up the DagBag from /opt/conda/lib/python3.12/site-packages/airflow/example_dags/example_bash_operator.py
[2025-02-07T13:42:06.034+0000] {processor.py:925} INFO - DAG(s) 'example_bash_operator' retrieved from /opt/conda/lib/python3.12/site-packages/airflow/example_dags/example_bash_operator.py
[2025-02-07T13:42:06.048+0000] {logging_mixin.py:190} INFO - [2025-02-07T13:42:06.048+0000] {dag.py:3239} INFO - Sync 1 DAGs
[2025-02-07T13:42:06.061+0000] {logging_mixin.py:190} INFO - [2025-02-07T13:42:06.061+0000] {dag.py:4180} INFO - Setting next_dagrun for example_bash_operator to 2025-02-06 00:00:00+00:00, run_after=2025-02-07 00:00:00+00:00
[2025-02-07T13:42:06.074+0000] {processor.py:208} INFO - Processing /opt/conda/lib/python3.12/site-packages/airflow/example_dags/example_bash_operator.py took 0.064 seconds
[2025-02-07T13:43:18.694+0000] {processor.py:186} INFO - Started process (PID=845) to work on /opt/conda/lib/python3.12/site-packages/airflow/example_dags/example_bash_operator.py
[2025-02-07T13:43:18.695+0000] {processor.py:914} INFO - Processing file /opt/conda/lib/python3.12/site-packages/airflow/example_dags/example_bash_operator.py for tasks to queue
[2025-02-07T13:43:18.696+0000] {logging_mixin.py:190} INFO - [2025-02-07T13:43:18.696+0000] {dagbag.py:588} INFO - Filling up the DagBag from /opt/conda/lib/python3.12/site-packages/airflow/example_dags/example_bash_operator.py
[2025-02-07T13:43:18.706+0000] {processor.py:925} INFO - DAG(s) 'example_bash_operator' retrieved from /opt/conda/lib/python3.12/site-packages/airflow/example_dags/example_bash_operator.py
[2025-02-07T13:43:18.722+0000] {logging_mixin.py:190} INFO - [2025-02-07T13:43:18.722+0000] {dag.py:3239} INFO - Sync 1 DAGs
[2025-02-07T13:43:18.735+0000] {logging_mixin.py:190} INFO - [2025-02-07T13:43:18.735+0000] {dag.py:4180} INFO - Setting next_dagrun for example_bash_operator to 2025-02-06 00:00:00+00:00, run_after=2025-02-07 00:00:00+00:00
[2025-02-07T13:43:18.749+0000] {processor.py:208} INFO - Processing /opt/conda/lib/python3.12/site-packages/airflow/example_dags/example_bash_operator.py took 0.059 seconds
[2025-02-07T13:44:46.802+0000] {processor.py:186} INFO - Started process (PID=1037) to work on /opt/conda/lib/python3.12/site-packages/airflow/example_dags/example_bash_operator.py
[2025-02-07T13:44:46.803+0000] {processor.py:914} INFO - Processing file /opt/conda/lib/python3.12/site-packages/airflow/example_dags/example_bash_operator.py for tasks to queue
[2025-02-07T13:44:46.805+0000] {logging_mixin.py:190} INFO - [2025-02-07T13:44:46.805+0000] {dagbag.py:588} INFO - Filling up the DagBag from /opt/conda/lib/python3.12/site-packages/airflow/example_dags/example_bash_operator.py
[2025-02-07T13:44:46.818+0000] {processor.py:925} INFO - DAG(s) 'example_bash_operator' retrieved from /opt/conda/lib/python3.12/site-packages/airflow/example_dags/example_bash_operator.py
[2025-02-07T13:44:46.835+0000] {logging_mixin.py:190} INFO - [2025-02-07T13:44:46.835+0000] {dag.py:3239} INFO - Sync 1 DAGs
[2025-02-07T13:44:46.850+0000] {logging_mixin.py:190} INFO - [2025-02-07T13:44:46.850+0000] {dag.py:4180} INFO - Setting next_dagrun for example_bash_operator to 2025-02-06 00:00:00+00:00, run_after=2025-02-07 00:00:00+00:00
[2025-02-07T13:44:46.883+0000] {processor.py:208} INFO - Processing /opt/conda/lib/python3.12/site-packages/airflow/example_dags/example_bash_operator.py took 0.087 seconds
[2025-02-07T13:46:24.493+0000] {processor.py:186} INFO - Started process (PID=1223) to work on /opt/conda/lib/python3.12/site-packages/airflow/example_dags/example_bash_operator.py
[2025-02-07T13:46:24.494+0000] {processor.py:914} INFO - Processing file /opt/conda/lib/python3.12/site-packages/airflow/example_dags/example_bash_operator.py for tasks to queue
[2025-02-07T13:46:24.495+0000] {logging_mixin.py:190} INFO - [2025-02-07T13:46:24.495+0000] {dagbag.py:588} INFO - Filling up the DagBag from /opt/conda/lib/python3.12/site-packages/airflow/example_dags/example_bash_operator.py
[2025-02-07T13:46:24.504+0000] {processor.py:925} INFO - DAG(s) 'example_bash_operator' retrieved from /opt/conda/lib/python3.12/site-packages/airflow/example_dags/example_bash_operator.py
[2025-02-07T13:46:24.522+0000] {logging_mixin.py:190} INFO - [2025-02-07T13:46:24.521+0000] {dag.py:3239} INFO - Sync 1 DAGs
[2025-02-07T13:46:24.555+0000] {logging_mixin.py:190} INFO - [2025-02-07T13:46:24.555+0000] {dag.py:4180} INFO - Setting next_dagrun for example_bash_operator to 2025-02-06 00:00:00+00:00, run_after=2025-02-07 00:00:00+00:00
[2025-02-07T13:46:24.581+0000] {processor.py:208} INFO - Processing /opt/conda/lib/python3.12/site-packages/airflow/example_dags/example_bash_operator.py took 0.096 seconds
[2025-02-07T14:05:42.436+0000] {processor.py:186} INFO - Started process (PID=1781) to work on /opt/conda/lib/python3.12/site-packages/airflow/example_dags/example_bash_operator.py
[2025-02-07T14:05:42.436+0000] {processor.py:914} INFO - Processing file /opt/conda/lib/python3.12/site-packages/airflow/example_dags/example_bash_operator.py for tasks to queue
[2025-02-07T14:05:42.437+0000] {logging_mixin.py:190} INFO - [2025-02-07T14:05:42.437+0000] {dagbag.py:588} INFO - Filling up the DagBag from /opt/conda/lib/python3.12/site-packages/airflow/example_dags/example_bash_operator.py
[2025-02-07T14:05:42.444+0000] {processor.py:925} INFO - DAG(s) 'example_bash_operator' retrieved from /opt/conda/lib/python3.12/site-packages/airflow/example_dags/example_bash_operator.py
[2025-02-07T14:05:42.457+0000] {logging_mixin.py:190} INFO - [2025-02-07T14:05:42.456+0000] {dag.py:3239} INFO - Sync 1 DAGs
[2025-02-07T14:05:42.467+0000] {logging_mixin.py:190} INFO - [2025-02-07T14:05:42.467+0000] {dag.py:4180} INFO - Setting next_dagrun for example_bash_operator to 2025-02-06 00:00:00+00:00, run_after=2025-02-07 00:00:00+00:00
[2025-02-07T14:05:42.483+0000] {processor.py:208} INFO - Processing /opt/conda/lib/python3.12/site-packages/airflow/example_dags/example_bash_operator.py took 0.051 seconds
[2025-02-07T14:06:46.596+0000] {processor.py:186} INFO - Started process (PID=1851) to work on /opt/conda/lib/python3.12/site-packages/airflow/example_dags/example_bash_operator.py
[2025-02-07T14:06:46.597+0000] {processor.py:914} INFO - Processing file /opt/conda/lib/python3.12/site-packages/airflow/example_dags/example_bash_operator.py for tasks to queue
[2025-02-07T14:06:46.598+0000] {logging_mixin.py:190} INFO - [2025-02-07T14:06:46.598+0000] {dagbag.py:588} INFO - Filling up the DagBag from /opt/conda/lib/python3.12/site-packages/airflow/example_dags/example_bash_operator.py
[2025-02-07T14:06:46.611+0000] {processor.py:925} INFO - DAG(s) 'example_bash_operator' retrieved from /opt/conda/lib/python3.12/site-packages/airflow/example_dags/example_bash_operator.py
[2025-02-07T14:06:46.630+0000] {logging_mixin.py:190} INFO - [2025-02-07T14:06:46.630+0000] {dag.py:3239} INFO - Sync 1 DAGs
[2025-02-07T14:06:46.647+0000] {logging_mixin.py:190} INFO - [2025-02-07T14:06:46.647+0000] {dag.py:4180} INFO - Setting next_dagrun for example_bash_operator to 2025-02-06 00:00:00+00:00, run_after=2025-02-07 00:00:00+00:00
[2025-02-07T14:06:46.664+0000] {processor.py:208} INFO - Processing /opt/conda/lib/python3.12/site-packages/airflow/example_dags/example_bash_operator.py took 0.078 seconds
