[2025-02-07T12:11:21.934+0000] {processor.py:186} INFO - Started process (PID=2487) to work on /opt/conda/lib/python3.12/site-packages/airflow/example_dags/example_kubernetes_executor.py
[2025-02-07T12:11:21.936+0000] {processor.py:914} INFO - Processing file /opt/conda/lib/python3.12/site-packages/airflow/example_dags/example_kubernetes_executor.py for tasks to queue
[2025-02-07T12:11:21.940+0000] {logging_mixin.py:190} INFO - [2025-02-07T12:11:21.940+0000] {dagbag.py:588} INFO - Filling up the DagBag from /opt/conda/lib/python3.12/site-packages/airflow/example_dags/example_kubernetes_executor.py
[2025-02-07T12:11:21.945+0000] {logging_mixin.py:190} INFO - [2025-02-07T12:11:21.945+0000] {example_kubernetes_executor.py:39} WARNING - The example_kubernetes_executor example DAG requires the kubernetes provider. Please install it with: pip install apache-airflow[cncf.kubernetes]
[2025-02-07T12:11:21.945+0000] {processor.py:927} WARNING - No viable dags retrieved from /opt/conda/lib/python3.12/site-packages/airflow/example_dags/example_kubernetes_executor.py
[2025-02-07T12:11:21.979+0000] {processor.py:208} INFO - Processing /opt/conda/lib/python3.12/site-packages/airflow/example_dags/example_kubernetes_executor.py took 0.052 seconds
[2025-02-07T12:22:47.986+0000] {processor.py:186} INFO - Started process (PID=6229) to work on /opt/conda/lib/python3.12/site-packages/airflow/example_dags/example_kubernetes_executor.py
[2025-02-07T12:22:47.988+0000] {processor.py:914} INFO - Processing file /opt/conda/lib/python3.12/site-packages/airflow/example_dags/example_kubernetes_executor.py for tasks to queue
[2025-02-07T12:22:47.992+0000] {logging_mixin.py:190} INFO - [2025-02-07T12:22:47.991+0000] {dagbag.py:588} INFO - Filling up the DagBag from /opt/conda/lib/python3.12/site-packages/airflow/example_dags/example_kubernetes_executor.py
[2025-02-07T12:22:47.998+0000] {logging_mixin.py:190} INFO - [2025-02-07T12:22:47.998+0000] {example_kubernetes_executor.py:39} WARNING - The example_kubernetes_executor example DAG requires the kubernetes provider. Please install it with: pip install apache-airflow[cncf.kubernetes]
[2025-02-07T12:22:47.999+0000] {processor.py:927} WARNING - No viable dags retrieved from /opt/conda/lib/python3.12/site-packages/airflow/example_dags/example_kubernetes_executor.py
[2025-02-07T12:22:48.010+0000] {processor.py:208} INFO - Processing /opt/conda/lib/python3.12/site-packages/airflow/example_dags/example_kubernetes_executor.py took 0.032 seconds
[2025-02-07T12:33:00.977+0000] {processor.py:186} INFO - Started process (PID=132) to work on /opt/conda/lib/python3.12/site-packages/airflow/example_dags/example_kubernetes_executor.py
[2025-02-07T12:33:00.978+0000] {processor.py:914} INFO - Processing file /opt/conda/lib/python3.12/site-packages/airflow/example_dags/example_kubernetes_executor.py for tasks to queue
[2025-02-07T12:33:00.981+0000] {logging_mixin.py:190} INFO - [2025-02-07T12:33:00.981+0000] {dagbag.py:588} INFO - Filling up the DagBag from /opt/conda/lib/python3.12/site-packages/airflow/example_dags/example_kubernetes_executor.py
[2025-02-07T12:33:00.986+0000] {logging_mixin.py:190} INFO - [2025-02-07T12:33:00.986+0000] {example_kubernetes_executor.py:39} WARNING - The example_kubernetes_executor example DAG requires the kubernetes provider. Please install it with: pip install apache-airflow[cncf.kubernetes]
[2025-02-07T12:33:00.987+0000] {processor.py:927} WARNING - No viable dags retrieved from /opt/conda/lib/python3.12/site-packages/airflow/example_dags/example_kubernetes_executor.py
[2025-02-07T12:33:00.999+0000] {processor.py:208} INFO - Processing /opt/conda/lib/python3.12/site-packages/airflow/example_dags/example_kubernetes_executor.py took 0.031 seconds
[2025-02-07T12:36:49.653+0000] {processor.py:186} INFO - Started process (PID=110) to work on /opt/conda/lib/python3.12/site-packages/airflow/example_dags/example_kubernetes_executor.py
[2025-02-07T12:36:49.655+0000] {processor.py:914} INFO - Processing file /opt/conda/lib/python3.12/site-packages/airflow/example_dags/example_kubernetes_executor.py for tasks to queue
[2025-02-07T12:36:49.657+0000] {logging_mixin.py:190} INFO - [2025-02-07T12:36:49.656+0000] {dagbag.py:588} INFO - Filling up the DagBag from /opt/conda/lib/python3.12/site-packages/airflow/example_dags/example_kubernetes_executor.py
[2025-02-07T12:36:49.659+0000] {logging_mixin.py:190} INFO - [2025-02-07T12:36:49.659+0000] {example_kubernetes_executor.py:39} WARNING - The example_kubernetes_executor example DAG requires the kubernetes provider. Please install it with: pip install apache-airflow[cncf.kubernetes]
[2025-02-07T12:36:49.660+0000] {processor.py:927} WARNING - No viable dags retrieved from /opt/conda/lib/python3.12/site-packages/airflow/example_dags/example_kubernetes_executor.py
[2025-02-07T12:36:49.668+0000] {processor.py:208} INFO - Processing /opt/conda/lib/python3.12/site-packages/airflow/example_dags/example_kubernetes_executor.py took 0.021 seconds
[2025-02-07T12:38:03.968+0000] {processor.py:186} INFO - Started process (PID=185) to work on /opt/conda/lib/python3.12/site-packages/airflow/example_dags/example_kubernetes_executor.py
[2025-02-07T12:38:03.969+0000] {processor.py:914} INFO - Processing file /opt/conda/lib/python3.12/site-packages/airflow/example_dags/example_kubernetes_executor.py for tasks to queue
[2025-02-07T12:38:03.971+0000] {logging_mixin.py:190} INFO - [2025-02-07T12:38:03.970+0000] {dagbag.py:588} INFO - Filling up the DagBag from /opt/conda/lib/python3.12/site-packages/airflow/example_dags/example_kubernetes_executor.py
[2025-02-07T12:38:03.973+0000] {logging_mixin.py:190} INFO - [2025-02-07T12:38:03.973+0000] {example_kubernetes_executor.py:39} WARNING - The example_kubernetes_executor example DAG requires the kubernetes provider. Please install it with: pip install apache-airflow[cncf.kubernetes]
[2025-02-07T12:38:03.973+0000] {processor.py:927} WARNING - No viable dags retrieved from /opt/conda/lib/python3.12/site-packages/airflow/example_dags/example_kubernetes_executor.py
[2025-02-07T12:38:03.981+0000] {processor.py:208} INFO - Processing /opt/conda/lib/python3.12/site-packages/airflow/example_dags/example_kubernetes_executor.py took 0.017 seconds
[2025-02-07T12:39:03.353+0000] {processor.py:186} INFO - Started process (PID=254) to work on /opt/conda/lib/python3.12/site-packages/airflow/example_dags/example_kubernetes_executor.py
[2025-02-07T12:39:03.357+0000] {processor.py:914} INFO - Processing file /opt/conda/lib/python3.12/site-packages/airflow/example_dags/example_kubernetes_executor.py for tasks to queue
[2025-02-07T12:39:03.359+0000] {logging_mixin.py:190} INFO - [2025-02-07T12:39:03.359+0000] {dagbag.py:588} INFO - Filling up the DagBag from /opt/conda/lib/python3.12/site-packages/airflow/example_dags/example_kubernetes_executor.py
[2025-02-07T12:39:03.361+0000] {logging_mixin.py:190} INFO - [2025-02-07T12:39:03.361+0000] {example_kubernetes_executor.py:39} WARNING - The example_kubernetes_executor example DAG requires the kubernetes provider. Please install it with: pip install apache-airflow[cncf.kubernetes]
[2025-02-07T12:39:03.364+0000] {processor.py:927} WARNING - No viable dags retrieved from /opt/conda/lib/python3.12/site-packages/airflow/example_dags/example_kubernetes_executor.py
[2025-02-07T12:39:03.373+0000] {processor.py:208} INFO - Processing /opt/conda/lib/python3.12/site-packages/airflow/example_dags/example_kubernetes_executor.py took 0.024 seconds
[2025-02-07T12:40:01.956+0000] {processor.py:186} INFO - Started process (PID=322) to work on /opt/conda/lib/python3.12/site-packages/airflow/example_dags/example_kubernetes_executor.py
[2025-02-07T12:40:01.957+0000] {processor.py:914} INFO - Processing file /opt/conda/lib/python3.12/site-packages/airflow/example_dags/example_kubernetes_executor.py for tasks to queue
[2025-02-07T12:40:01.959+0000] {logging_mixin.py:190} INFO - [2025-02-07T12:40:01.958+0000] {dagbag.py:588} INFO - Filling up the DagBag from /opt/conda/lib/python3.12/site-packages/airflow/example_dags/example_kubernetes_executor.py
[2025-02-07T12:40:01.961+0000] {logging_mixin.py:190} INFO - [2025-02-07T12:40:01.961+0000] {example_kubernetes_executor.py:39} WARNING - The example_kubernetes_executor example DAG requires the kubernetes provider. Please install it with: pip install apache-airflow[cncf.kubernetes]
[2025-02-07T12:40:01.961+0000] {processor.py:927} WARNING - No viable dags retrieved from /opt/conda/lib/python3.12/site-packages/airflow/example_dags/example_kubernetes_executor.py
[2025-02-07T12:40:01.970+0000] {processor.py:208} INFO - Processing /opt/conda/lib/python3.12/site-packages/airflow/example_dags/example_kubernetes_executor.py took 0.019 seconds
[2025-02-07T12:41:01.413+0000] {processor.py:186} INFO - Started process (PID=391) to work on /opt/conda/lib/python3.12/site-packages/airflow/example_dags/example_kubernetes_executor.py
[2025-02-07T12:41:01.415+0000] {processor.py:914} INFO - Processing file /opt/conda/lib/python3.12/site-packages/airflow/example_dags/example_kubernetes_executor.py for tasks to queue
[2025-02-07T12:41:01.416+0000] {logging_mixin.py:190} INFO - [2025-02-07T12:41:01.416+0000] {dagbag.py:588} INFO - Filling up the DagBag from /opt/conda/lib/python3.12/site-packages/airflow/example_dags/example_kubernetes_executor.py
[2025-02-07T12:41:01.418+0000] {logging_mixin.py:190} INFO - [2025-02-07T12:41:01.418+0000] {example_kubernetes_executor.py:39} WARNING - The example_kubernetes_executor example DAG requires the kubernetes provider. Please install it with: pip install apache-airflow[cncf.kubernetes]
[2025-02-07T12:41:01.419+0000] {processor.py:927} WARNING - No viable dags retrieved from /opt/conda/lib/python3.12/site-packages/airflow/example_dags/example_kubernetes_executor.py
[2025-02-07T12:41:01.427+0000] {processor.py:208} INFO - Processing /opt/conda/lib/python3.12/site-packages/airflow/example_dags/example_kubernetes_executor.py took 0.022 seconds
[2025-02-07T12:51:50.880+0000] {processor.py:186} INFO - Started process (PID=4354) to work on /opt/conda/lib/python3.12/site-packages/airflow/example_dags/example_kubernetes_executor.py
[2025-02-07T12:51:50.881+0000] {processor.py:914} INFO - Processing file /opt/conda/lib/python3.12/site-packages/airflow/example_dags/example_kubernetes_executor.py for tasks to queue
[2025-02-07T12:51:50.882+0000] {logging_mixin.py:190} INFO - [2025-02-07T12:51:50.882+0000] {dagbag.py:588} INFO - Filling up the DagBag from /opt/conda/lib/python3.12/site-packages/airflow/example_dags/example_kubernetes_executor.py
[2025-02-07T12:51:50.884+0000] {logging_mixin.py:190} INFO - [2025-02-07T12:51:50.884+0000] {example_kubernetes_executor.py:39} WARNING - The example_kubernetes_executor example DAG requires the kubernetes provider. Please install it with: pip install apache-airflow[cncf.kubernetes]
[2025-02-07T12:51:50.884+0000] {processor.py:927} WARNING - No viable dags retrieved from /opt/conda/lib/python3.12/site-packages/airflow/example_dags/example_kubernetes_executor.py
[2025-02-07T12:51:50.890+0000] {processor.py:208} INFO - Processing /opt/conda/lib/python3.12/site-packages/airflow/example_dags/example_kubernetes_executor.py took 0.013 seconds
[2025-02-07T13:00:16.320+0000] {processor.py:186} INFO - Started process (PID=8130) to work on /opt/conda/lib/python3.12/site-packages/airflow/example_dags/example_kubernetes_executor.py
[2025-02-07T13:00:16.322+0000] {processor.py:914} INFO - Processing file /opt/conda/lib/python3.12/site-packages/airflow/example_dags/example_kubernetes_executor.py for tasks to queue
[2025-02-07T13:00:16.327+0000] {logging_mixin.py:190} INFO - [2025-02-07T13:00:16.326+0000] {dagbag.py:588} INFO - Filling up the DagBag from /opt/conda/lib/python3.12/site-packages/airflow/example_dags/example_kubernetes_executor.py
[2025-02-07T13:00:16.332+0000] {logging_mixin.py:190} INFO - [2025-02-07T13:00:16.332+0000] {example_kubernetes_executor.py:39} WARNING - The example_kubernetes_executor example DAG requires the kubernetes provider. Please install it with: pip install apache-airflow[cncf.kubernetes]
[2025-02-07T13:00:16.333+0000] {processor.py:927} WARNING - No viable dags retrieved from /opt/conda/lib/python3.12/site-packages/airflow/example_dags/example_kubernetes_executor.py
[2025-02-07T13:00:16.360+0000] {processor.py:208} INFO - Processing /opt/conda/lib/python3.12/site-packages/airflow/example_dags/example_kubernetes_executor.py took 0.044 seconds
[2025-02-07T13:27:49.092+0000] {processor.py:186} INFO - Started process (PID=290) to work on /opt/conda/lib/python3.12/site-packages/airflow/example_dags/example_kubernetes_executor.py
[2025-02-07T13:27:49.093+0000] {processor.py:914} INFO - Processing file /opt/conda/lib/python3.12/site-packages/airflow/example_dags/example_kubernetes_executor.py for tasks to queue
[2025-02-07T13:27:49.096+0000] {logging_mixin.py:190} INFO - [2025-02-07T13:27:49.095+0000] {dagbag.py:588} INFO - Filling up the DagBag from /opt/conda/lib/python3.12/site-packages/airflow/example_dags/example_kubernetes_executor.py
[2025-02-07T13:27:49.101+0000] {logging_mixin.py:190} INFO - [2025-02-07T13:27:49.101+0000] {example_kubernetes_executor.py:39} WARNING - The example_kubernetes_executor example DAG requires the kubernetes provider. Please install it with: pip install apache-airflow[cncf.kubernetes]
[2025-02-07T13:27:49.101+0000] {processor.py:927} WARNING - No viable dags retrieved from /opt/conda/lib/python3.12/site-packages/airflow/example_dags/example_kubernetes_executor.py
[2025-02-07T13:27:49.111+0000] {processor.py:208} INFO - Processing /opt/conda/lib/python3.12/site-packages/airflow/example_dags/example_kubernetes_executor.py took 0.026 seconds
[2025-02-07T13:29:27.725+0000] {processor.py:186} INFO - Started process (PID=382) to work on /opt/conda/lib/python3.12/site-packages/airflow/example_dags/example_kubernetes_executor.py
[2025-02-07T13:29:27.733+0000] {processor.py:914} INFO - Processing file /opt/conda/lib/python3.12/site-packages/airflow/example_dags/example_kubernetes_executor.py for tasks to queue
[2025-02-07T13:29:27.736+0000] {logging_mixin.py:190} INFO - [2025-02-07T13:29:27.736+0000] {dagbag.py:588} INFO - Filling up the DagBag from /opt/conda/lib/python3.12/site-packages/airflow/example_dags/example_kubernetes_executor.py
[2025-02-07T13:29:27.740+0000] {logging_mixin.py:190} INFO - [2025-02-07T13:29:27.740+0000] {example_kubernetes_executor.py:39} WARNING - The example_kubernetes_executor example DAG requires the kubernetes provider. Please install it with: pip install apache-airflow[cncf.kubernetes]
[2025-02-07T13:29:27.740+0000] {processor.py:927} WARNING - No viable dags retrieved from /opt/conda/lib/python3.12/site-packages/airflow/example_dags/example_kubernetes_executor.py
[2025-02-07T13:29:27.749+0000] {processor.py:208} INFO - Processing /opt/conda/lib/python3.12/site-packages/airflow/example_dags/example_kubernetes_executor.py took 0.073 seconds
[2025-02-07T13:30:31.761+0000] {processor.py:186} INFO - Started process (PID=462) to work on /opt/conda/lib/python3.12/site-packages/airflow/example_dags/example_kubernetes_executor.py
[2025-02-07T13:30:31.762+0000] {processor.py:914} INFO - Processing file /opt/conda/lib/python3.12/site-packages/airflow/example_dags/example_kubernetes_executor.py for tasks to queue
[2025-02-07T13:30:31.763+0000] {logging_mixin.py:190} INFO - [2025-02-07T13:30:31.763+0000] {dagbag.py:588} INFO - Filling up the DagBag from /opt/conda/lib/python3.12/site-packages/airflow/example_dags/example_kubernetes_executor.py
[2025-02-07T13:30:31.765+0000] {logging_mixin.py:190} INFO - [2025-02-07T13:30:31.765+0000] {example_kubernetes_executor.py:39} WARNING - The example_kubernetes_executor example DAG requires the kubernetes provider. Please install it with: pip install apache-airflow[cncf.kubernetes]
[2025-02-07T13:30:31.766+0000] {processor.py:927} WARNING - No viable dags retrieved from /opt/conda/lib/python3.12/site-packages/airflow/example_dags/example_kubernetes_executor.py
[2025-02-07T13:30:31.771+0000] {processor.py:208} INFO - Processing /opt/conda/lib/python3.12/site-packages/airflow/example_dags/example_kubernetes_executor.py took 0.022 seconds
[2025-02-07T13:33:46.500+0000] {processor.py:186} INFO - Started process (PID=433) to work on /opt/conda/lib/python3.12/site-packages/airflow/example_dags/example_kubernetes_executor.py
[2025-02-07T13:33:46.501+0000] {processor.py:914} INFO - Processing file /opt/conda/lib/python3.12/site-packages/airflow/example_dags/example_kubernetes_executor.py for tasks to queue
[2025-02-07T13:33:46.502+0000] {logging_mixin.py:190} INFO - [2025-02-07T13:33:46.502+0000] {dagbag.py:588} INFO - Filling up the DagBag from /opt/conda/lib/python3.12/site-packages/airflow/example_dags/example_kubernetes_executor.py
[2025-02-07T13:33:46.504+0000] {logging_mixin.py:190} INFO - [2025-02-07T13:33:46.504+0000] {example_kubernetes_executor.py:39} WARNING - The example_kubernetes_executor example DAG requires the kubernetes provider. Please install it with: pip install apache-airflow[cncf.kubernetes]
[2025-02-07T13:33:46.504+0000] {processor.py:927} WARNING - No viable dags retrieved from /opt/conda/lib/python3.12/site-packages/airflow/example_dags/example_kubernetes_executor.py
[2025-02-07T13:33:46.511+0000] {processor.py:208} INFO - Processing /opt/conda/lib/python3.12/site-packages/airflow/example_dags/example_kubernetes_executor.py took 0.015 seconds
[2025-02-07T13:35:21.784+0000] {processor.py:186} INFO - Started process (PID=213) to work on /opt/conda/lib/python3.12/site-packages/airflow/example_dags/example_kubernetes_executor.py
[2025-02-07T13:35:21.785+0000] {processor.py:914} INFO - Processing file /opt/conda/lib/python3.12/site-packages/airflow/example_dags/example_kubernetes_executor.py for tasks to queue
[2025-02-07T13:35:21.786+0000] {logging_mixin.py:190} INFO - [2025-02-07T13:35:21.786+0000] {dagbag.py:588} INFO - Filling up the DagBag from /opt/conda/lib/python3.12/site-packages/airflow/example_dags/example_kubernetes_executor.py
[2025-02-07T13:35:21.788+0000] {logging_mixin.py:190} INFO - [2025-02-07T13:35:21.788+0000] {example_kubernetes_executor.py:39} WARNING - The example_kubernetes_executor example DAG requires the kubernetes provider. Please install it with: pip install apache-airflow[cncf.kubernetes]
[2025-02-07T13:35:21.788+0000] {processor.py:927} WARNING - No viable dags retrieved from /opt/conda/lib/python3.12/site-packages/airflow/example_dags/example_kubernetes_executor.py
[2025-02-07T13:35:21.794+0000] {processor.py:208} INFO - Processing /opt/conda/lib/python3.12/site-packages/airflow/example_dags/example_kubernetes_executor.py took 0.014 seconds
[2025-02-07T13:38:51.559+0000] {processor.py:186} INFO - Started process (PID=438) to work on /opt/conda/lib/python3.12/site-packages/airflow/example_dags/example_kubernetes_executor.py
[2025-02-07T13:38:51.560+0000] {processor.py:914} INFO - Processing file /opt/conda/lib/python3.12/site-packages/airflow/example_dags/example_kubernetes_executor.py for tasks to queue
[2025-02-07T13:38:51.562+0000] {logging_mixin.py:190} INFO - [2025-02-07T13:38:51.562+0000] {dagbag.py:588} INFO - Filling up the DagBag from /opt/conda/lib/python3.12/site-packages/airflow/example_dags/example_kubernetes_executor.py
[2025-02-07T13:38:51.565+0000] {logging_mixin.py:190} INFO - [2025-02-07T13:38:51.565+0000] {example_kubernetes_executor.py:39} WARNING - The example_kubernetes_executor example DAG requires the kubernetes provider. Please install it with: pip install apache-airflow[cncf.kubernetes]
[2025-02-07T13:38:51.565+0000] {processor.py:927} WARNING - No viable dags retrieved from /opt/conda/lib/python3.12/site-packages/airflow/example_dags/example_kubernetes_executor.py
[2025-02-07T13:38:51.573+0000] {processor.py:208} INFO - Processing /opt/conda/lib/python3.12/site-packages/airflow/example_dags/example_kubernetes_executor.py took 0.021 seconds
[2025-02-07T13:39:52.169+0000] {processor.py:186} INFO - Started process (PID=509) to work on /opt/conda/lib/python3.12/site-packages/airflow/example_dags/example_kubernetes_executor.py
[2025-02-07T13:39:52.170+0000] {processor.py:914} INFO - Processing file /opt/conda/lib/python3.12/site-packages/airflow/example_dags/example_kubernetes_executor.py for tasks to queue
[2025-02-07T13:39:52.172+0000] {logging_mixin.py:190} INFO - [2025-02-07T13:39:52.172+0000] {dagbag.py:588} INFO - Filling up the DagBag from /opt/conda/lib/python3.12/site-packages/airflow/example_dags/example_kubernetes_executor.py
[2025-02-07T13:39:52.175+0000] {logging_mixin.py:190} INFO - [2025-02-07T13:39:52.175+0000] {example_kubernetes_executor.py:39} WARNING - The example_kubernetes_executor example DAG requires the kubernetes provider. Please install it with: pip install apache-airflow[cncf.kubernetes]
[2025-02-07T13:39:52.175+0000] {processor.py:927} WARNING - No viable dags retrieved from /opt/conda/lib/python3.12/site-packages/airflow/example_dags/example_kubernetes_executor.py
[2025-02-07T13:39:52.185+0000] {processor.py:208} INFO - Processing /opt/conda/lib/python3.12/site-packages/airflow/example_dags/example_kubernetes_executor.py took 0.021 seconds
[2025-02-07T13:40:49.739+0000] {processor.py:186} INFO - Started process (PID=577) to work on /opt/conda/lib/python3.12/site-packages/airflow/example_dags/example_kubernetes_executor.py
[2025-02-07T13:40:49.741+0000] {processor.py:914} INFO - Processing file /opt/conda/lib/python3.12/site-packages/airflow/example_dags/example_kubernetes_executor.py for tasks to queue
[2025-02-07T13:40:49.746+0000] {logging_mixin.py:190} INFO - [2025-02-07T13:40:49.745+0000] {dagbag.py:588} INFO - Filling up the DagBag from /opt/conda/lib/python3.12/site-packages/airflow/example_dags/example_kubernetes_executor.py
[2025-02-07T13:40:49.750+0000] {logging_mixin.py:190} INFO - [2025-02-07T13:40:49.750+0000] {example_kubernetes_executor.py:39} WARNING - The example_kubernetes_executor example DAG requires the kubernetes provider. Please install it with: pip install apache-airflow[cncf.kubernetes]
[2025-02-07T13:40:49.750+0000] {processor.py:927} WARNING - No viable dags retrieved from /opt/conda/lib/python3.12/site-packages/airflow/example_dags/example_kubernetes_executor.py
[2025-02-07T13:40:49.764+0000] {processor.py:208} INFO - Processing /opt/conda/lib/python3.12/site-packages/airflow/example_dags/example_kubernetes_executor.py took 0.033 seconds
[2025-02-07T13:41:48.542+0000] {processor.py:186} INFO - Started process (PID=645) to work on /opt/conda/lib/python3.12/site-packages/airflow/example_dags/example_kubernetes_executor.py
[2025-02-07T13:41:48.543+0000] {processor.py:914} INFO - Processing file /opt/conda/lib/python3.12/site-packages/airflow/example_dags/example_kubernetes_executor.py for tasks to queue
[2025-02-07T13:41:48.544+0000] {logging_mixin.py:190} INFO - [2025-02-07T13:41:48.544+0000] {dagbag.py:588} INFO - Filling up the DagBag from /opt/conda/lib/python3.12/site-packages/airflow/example_dags/example_kubernetes_executor.py
[2025-02-07T13:41:48.545+0000] {logging_mixin.py:190} INFO - [2025-02-07T13:41:48.545+0000] {example_kubernetes_executor.py:39} WARNING - The example_kubernetes_executor example DAG requires the kubernetes provider. Please install it with: pip install apache-airflow[cncf.kubernetes]
[2025-02-07T13:41:48.546+0000] {processor.py:927} WARNING - No viable dags retrieved from /opt/conda/lib/python3.12/site-packages/airflow/example_dags/example_kubernetes_executor.py
[2025-02-07T13:41:48.552+0000] {processor.py:208} INFO - Processing /opt/conda/lib/python3.12/site-packages/airflow/example_dags/example_kubernetes_executor.py took 0.016 seconds
[2025-02-07T13:43:02.082+0000] {processor.py:186} INFO - Started process (PID=828) to work on /opt/conda/lib/python3.12/site-packages/airflow/example_dags/example_kubernetes_executor.py
[2025-02-07T13:43:02.083+0000] {processor.py:914} INFO - Processing file /opt/conda/lib/python3.12/site-packages/airflow/example_dags/example_kubernetes_executor.py for tasks to queue
[2025-02-07T13:43:02.085+0000] {logging_mixin.py:190} INFO - [2025-02-07T13:43:02.085+0000] {dagbag.py:588} INFO - Filling up the DagBag from /opt/conda/lib/python3.12/site-packages/airflow/example_dags/example_kubernetes_executor.py
[2025-02-07T13:43:02.087+0000] {logging_mixin.py:190} INFO - [2025-02-07T13:43:02.087+0000] {example_kubernetes_executor.py:39} WARNING - The example_kubernetes_executor example DAG requires the kubernetes provider. Please install it with: pip install apache-airflow[cncf.kubernetes]
[2025-02-07T13:43:02.088+0000] {processor.py:927} WARNING - No viable dags retrieved from /opt/conda/lib/python3.12/site-packages/airflow/example_dags/example_kubernetes_executor.py
[2025-02-07T13:43:02.097+0000] {processor.py:208} INFO - Processing /opt/conda/lib/python3.12/site-packages/airflow/example_dags/example_kubernetes_executor.py took 0.021 seconds
[2025-02-07T13:44:30.588+0000] {processor.py:186} INFO - Started process (PID=1020) to work on /opt/conda/lib/python3.12/site-packages/airflow/example_dags/example_kubernetes_executor.py
[2025-02-07T13:44:30.589+0000] {processor.py:914} INFO - Processing file /opt/conda/lib/python3.12/site-packages/airflow/example_dags/example_kubernetes_executor.py for tasks to queue
[2025-02-07T13:44:30.590+0000] {logging_mixin.py:190} INFO - [2025-02-07T13:44:30.590+0000] {dagbag.py:588} INFO - Filling up the DagBag from /opt/conda/lib/python3.12/site-packages/airflow/example_dags/example_kubernetes_executor.py
[2025-02-07T13:44:30.592+0000] {logging_mixin.py:190} INFO - [2025-02-07T13:44:30.592+0000] {example_kubernetes_executor.py:39} WARNING - The example_kubernetes_executor example DAG requires the kubernetes provider. Please install it with: pip install apache-airflow[cncf.kubernetes]
[2025-02-07T13:44:30.592+0000] {processor.py:927} WARNING - No viable dags retrieved from /opt/conda/lib/python3.12/site-packages/airflow/example_dags/example_kubernetes_executor.py
[2025-02-07T13:44:30.599+0000] {processor.py:208} INFO - Processing /opt/conda/lib/python3.12/site-packages/airflow/example_dags/example_kubernetes_executor.py took 0.018 seconds
[2025-02-07T13:46:07.330+0000] {processor.py:186} INFO - Started process (PID=1206) to work on /opt/conda/lib/python3.12/site-packages/airflow/example_dags/example_kubernetes_executor.py
[2025-02-07T13:46:07.331+0000] {processor.py:914} INFO - Processing file /opt/conda/lib/python3.12/site-packages/airflow/example_dags/example_kubernetes_executor.py for tasks to queue
[2025-02-07T13:46:07.333+0000] {logging_mixin.py:190} INFO - [2025-02-07T13:46:07.333+0000] {dagbag.py:588} INFO - Filling up the DagBag from /opt/conda/lib/python3.12/site-packages/airflow/example_dags/example_kubernetes_executor.py
[2025-02-07T13:46:07.336+0000] {logging_mixin.py:190} INFO - [2025-02-07T13:46:07.336+0000] {example_kubernetes_executor.py:39} WARNING - The example_kubernetes_executor example DAG requires the kubernetes provider. Please install it with: pip install apache-airflow[cncf.kubernetes]
[2025-02-07T13:46:07.338+0000] {processor.py:927} WARNING - No viable dags retrieved from /opt/conda/lib/python3.12/site-packages/airflow/example_dags/example_kubernetes_executor.py
[2025-02-07T13:46:07.347+0000] {processor.py:208} INFO - Processing /opt/conda/lib/python3.12/site-packages/airflow/example_dags/example_kubernetes_executor.py took 0.025 seconds
[2025-02-07T14:05:26.021+0000] {processor.py:186} INFO - Started process (PID=1764) to work on /opt/conda/lib/python3.12/site-packages/airflow/example_dags/example_kubernetes_executor.py
[2025-02-07T14:05:26.024+0000] {processor.py:914} INFO - Processing file /opt/conda/lib/python3.12/site-packages/airflow/example_dags/example_kubernetes_executor.py for tasks to queue
[2025-02-07T14:05:26.026+0000] {logging_mixin.py:190} INFO - [2025-02-07T14:05:26.025+0000] {dagbag.py:588} INFO - Filling up the DagBag from /opt/conda/lib/python3.12/site-packages/airflow/example_dags/example_kubernetes_executor.py
[2025-02-07T14:05:26.031+0000] {logging_mixin.py:190} INFO - [2025-02-07T14:05:26.031+0000] {example_kubernetes_executor.py:39} WARNING - The example_kubernetes_executor example DAG requires the kubernetes provider. Please install it with: pip install apache-airflow[cncf.kubernetes]
[2025-02-07T14:05:26.032+0000] {processor.py:927} WARNING - No viable dags retrieved from /opt/conda/lib/python3.12/site-packages/airflow/example_dags/example_kubernetes_executor.py
[2025-02-07T14:05:26.049+0000] {processor.py:208} INFO - Processing /opt/conda/lib/python3.12/site-packages/airflow/example_dags/example_kubernetes_executor.py took 0.056 seconds
[2025-02-07T14:06:29.478+0000] {processor.py:186} INFO - Started process (PID=1834) to work on /opt/conda/lib/python3.12/site-packages/airflow/example_dags/example_kubernetes_executor.py
[2025-02-07T14:06:29.480+0000] {processor.py:914} INFO - Processing file /opt/conda/lib/python3.12/site-packages/airflow/example_dags/example_kubernetes_executor.py for tasks to queue
[2025-02-07T14:06:29.481+0000] {logging_mixin.py:190} INFO - [2025-02-07T14:06:29.481+0000] {dagbag.py:588} INFO - Filling up the DagBag from /opt/conda/lib/python3.12/site-packages/airflow/example_dags/example_kubernetes_executor.py
[2025-02-07T14:06:29.485+0000] {logging_mixin.py:190} INFO - [2025-02-07T14:06:29.485+0000] {example_kubernetes_executor.py:39} WARNING - The example_kubernetes_executor example DAG requires the kubernetes provider. Please install it with: pip install apache-airflow[cncf.kubernetes]
[2025-02-07T14:06:29.486+0000] {processor.py:927} WARNING - No viable dags retrieved from /opt/conda/lib/python3.12/site-packages/airflow/example_dags/example_kubernetes_executor.py
[2025-02-07T14:06:29.499+0000] {processor.py:208} INFO - Processing /opt/conda/lib/python3.12/site-packages/airflow/example_dags/example_kubernetes_executor.py took 0.032 seconds
[2025-02-07T14:07:51.368+0000] {processor.py:186} INFO - Started process (PID=2020) to work on /opt/conda/lib/python3.12/site-packages/airflow/example_dags/example_kubernetes_executor.py
[2025-02-07T14:07:51.378+0000] {processor.py:914} INFO - Processing file /opt/conda/lib/python3.12/site-packages/airflow/example_dags/example_kubernetes_executor.py for tasks to queue
[2025-02-07T14:07:51.384+0000] {logging_mixin.py:190} INFO - [2025-02-07T14:07:51.383+0000] {dagbag.py:588} INFO - Filling up the DagBag from /opt/conda/lib/python3.12/site-packages/airflow/example_dags/example_kubernetes_executor.py
[2025-02-07T14:07:51.394+0000] {logging_mixin.py:190} INFO - [2025-02-07T14:07:51.394+0000] {example_kubernetes_executor.py:39} WARNING - The example_kubernetes_executor example DAG requires the kubernetes provider. Please install it with: pip install apache-airflow[cncf.kubernetes]
[2025-02-07T14:07:51.395+0000] {processor.py:927} WARNING - No viable dags retrieved from /opt/conda/lib/python3.12/site-packages/airflow/example_dags/example_kubernetes_executor.py
[2025-02-07T14:07:51.437+0000] {processor.py:208} INFO - Processing /opt/conda/lib/python3.12/site-packages/airflow/example_dags/example_kubernetes_executor.py took 0.100 seconds
