[2025-02-07T12:08:06.829+0000] {processor.py:186} INFO - Started process (PID=1569) to work on /opt/conda/lib/python3.12/site-packages/airflow/example_dags/example_sla_dag.py
[2025-02-07T12:08:06.853+0000] {processor.py:914} INFO - Processing file /opt/conda/lib/python3.12/site-packages/airflow/example_dags/example_sla_dag.py for tasks to queue
[2025-02-07T12:08:06.882+0000] {logging_mixin.py:190} INFO - [2025-02-07T12:08:06.881+0000] {dagbag.py:588} INFO - Filling up the DagBag from /opt/conda/lib/python3.12/site-packages/airflow/example_dags/example_sla_dag.py
[2025-02-07T12:08:06.905+0000] {processor.py:925} INFO - DAG(s) 'example_sla_dag' retrieved from /opt/conda/lib/python3.12/site-packages/airflow/example_dags/example_sla_dag.py
[2025-02-07T12:08:06.930+0000] {logging_mixin.py:190} INFO - [2025-02-07T12:08:06.930+0000] {dag.py:3239} INFO - Sync 1 DAGs
[2025-02-07T12:08:06.977+0000] {logging_mixin.py:190} INFO - [2025-02-07T12:08:06.977+0000] {dag.py:4180} INFO - Setting next_dagrun for example_sla_dag to 2025-02-07 12:06:00+00:00, run_after=2025-02-07 12:08:00+00:00
[2025-02-07T12:08:06.996+0000] {processor.py:208} INFO - Processing /opt/conda/lib/python3.12/site-packages/airflow/example_dags/example_sla_dag.py took 0.213 seconds
[2025-02-07T12:19:39.276+0000] {processor.py:186} INFO - Started process (PID=5179) to work on /opt/conda/lib/python3.12/site-packages/airflow/example_dags/example_sla_dag.py
[2025-02-07T12:19:39.277+0000] {processor.py:914} INFO - Processing file /opt/conda/lib/python3.12/site-packages/airflow/example_dags/example_sla_dag.py for tasks to queue
[2025-02-07T12:19:39.279+0000] {logging_mixin.py:190} INFO - [2025-02-07T12:19:39.279+0000] {dagbag.py:588} INFO - Filling up the DagBag from /opt/conda/lib/python3.12/site-packages/airflow/example_dags/example_sla_dag.py
[2025-02-07T12:19:39.290+0000] {processor.py:925} INFO - DAG(s) 'example_sla_dag' retrieved from /opt/conda/lib/python3.12/site-packages/airflow/example_dags/example_sla_dag.py
[2025-02-07T12:19:39.305+0000] {logging_mixin.py:190} INFO - [2025-02-07T12:19:39.304+0000] {dag.py:3239} INFO - Sync 1 DAGs
[2025-02-07T12:19:39.333+0000] {logging_mixin.py:190} INFO - [2025-02-07T12:19:39.333+0000] {dag.py:4180} INFO - Setting next_dagrun for example_sla_dag to 2025-02-07 12:16:00+00:00, run_after=2025-02-07 12:18:00+00:00
[2025-02-07T12:19:39.354+0000] {processor.py:208} INFO - Processing /opt/conda/lib/python3.12/site-packages/airflow/example_dags/example_sla_dag.py took 0.082 seconds
[2025-02-07T12:31:49.059+0000] {processor.py:186} INFO - Started process (PID=1861) to work on /opt/conda/lib/python3.12/site-packages/airflow/example_dags/example_sla_dag.py
[2025-02-07T12:31:49.061+0000] {processor.py:914} INFO - Processing file /opt/conda/lib/python3.12/site-packages/airflow/example_dags/example_sla_dag.py for tasks to queue
[2025-02-07T12:31:49.063+0000] {logging_mixin.py:190} INFO - [2025-02-07T12:31:49.063+0000] {dagbag.py:588} INFO - Filling up the DagBag from /opt/conda/lib/python3.12/site-packages/airflow/example_dags/example_sla_dag.py
[2025-02-07T12:31:49.101+0000] {processor.py:925} INFO - DAG(s) 'example_sla_dag' retrieved from /opt/conda/lib/python3.12/site-packages/airflow/example_dags/example_sla_dag.py
[2025-02-07T12:31:49.139+0000] {logging_mixin.py:190} INFO - [2025-02-07T12:31:49.139+0000] {dag.py:3239} INFO - Sync 1 DAGs
[2025-02-07T12:31:49.165+0000] {logging_mixin.py:190} INFO - [2025-02-07T12:31:49.165+0000] {dag.py:4180} INFO - Setting next_dagrun for example_sla_dag to 2025-02-07 12:28:00+00:00, run_after=2025-02-07 12:30:00+00:00
[2025-02-07T12:31:49.217+0000] {processor.py:208} INFO - Processing /opt/conda/lib/python3.12/site-packages/airflow/example_dags/example_sla_dag.py took 0.166 seconds
[2025-02-07T12:32:42.155+0000] {processor.py:186} INFO - Started process (PID=116) to work on /opt/conda/lib/python3.12/site-packages/airflow/example_dags/example_sla_dag.py
[2025-02-07T12:32:42.156+0000] {processor.py:914} INFO - Processing file /opt/conda/lib/python3.12/site-packages/airflow/example_dags/example_sla_dag.py for tasks to queue
[2025-02-07T12:32:42.159+0000] {logging_mixin.py:190} INFO - [2025-02-07T12:32:42.158+0000] {dagbag.py:588} INFO - Filling up the DagBag from /opt/conda/lib/python3.12/site-packages/airflow/example_dags/example_sla_dag.py
[2025-02-07T12:32:42.180+0000] {processor.py:925} INFO - DAG(s) 'example_sla_dag' retrieved from /opt/conda/lib/python3.12/site-packages/airflow/example_dags/example_sla_dag.py
[2025-02-07T12:32:42.204+0000] {logging_mixin.py:190} INFO - [2025-02-07T12:32:42.204+0000] {dag.py:3239} INFO - Sync 1 DAGs
[2025-02-07T12:32:42.229+0000] {logging_mixin.py:190} INFO - [2025-02-07T12:32:42.229+0000] {dag.py:4180} INFO - Setting next_dagrun for example_sla_dag to 2025-02-07 12:30:00+00:00, run_after=2025-02-07 12:32:00+00:00
[2025-02-07T12:32:42.253+0000] {processor.py:208} INFO - Processing /opt/conda/lib/python3.12/site-packages/airflow/example_dags/example_sla_dag.py took 0.104 seconds
[2025-02-07T12:36:31.609+0000] {processor.py:186} INFO - Started process (PID=94) to work on /opt/conda/lib/python3.12/site-packages/airflow/example_dags/example_sla_dag.py
[2025-02-07T12:36:31.611+0000] {processor.py:914} INFO - Processing file /opt/conda/lib/python3.12/site-packages/airflow/example_dags/example_sla_dag.py for tasks to queue
[2025-02-07T12:36:31.617+0000] {logging_mixin.py:190} INFO - [2025-02-07T12:36:31.616+0000] {dagbag.py:588} INFO - Filling up the DagBag from /opt/conda/lib/python3.12/site-packages/airflow/example_dags/example_sla_dag.py
[2025-02-07T12:36:31.649+0000] {processor.py:925} INFO - DAG(s) 'example_sla_dag' retrieved from /opt/conda/lib/python3.12/site-packages/airflow/example_dags/example_sla_dag.py
[2025-02-07T12:36:31.686+0000] {logging_mixin.py:190} INFO - [2025-02-07T12:36:31.685+0000] {dag.py:3239} INFO - Sync 1 DAGs
[2025-02-07T12:36:31.741+0000] {logging_mixin.py:190} INFO - [2025-02-07T12:36:31.740+0000] {dag.py:4180} INFO - Setting next_dagrun for example_sla_dag to 2025-02-07 12:34:00+00:00, run_after=2025-02-07 12:36:00+00:00
[2025-02-07T12:36:31.810+0000] {processor.py:208} INFO - Processing /opt/conda/lib/python3.12/site-packages/airflow/example_dags/example_sla_dag.py took 0.206 seconds
[2025-02-07T12:37:40.497+0000] {processor.py:186} INFO - Started process (PID=162) to work on /opt/conda/lib/python3.12/site-packages/airflow/example_dags/example_sla_dag.py
[2025-02-07T12:37:40.504+0000] {processor.py:914} INFO - Processing file /opt/conda/lib/python3.12/site-packages/airflow/example_dags/example_sla_dag.py for tasks to queue
[2025-02-07T12:37:40.506+0000] {logging_mixin.py:190} INFO - [2025-02-07T12:37:40.506+0000] {dagbag.py:588} INFO - Filling up the DagBag from /opt/conda/lib/python3.12/site-packages/airflow/example_dags/example_sla_dag.py
[2025-02-07T12:37:40.518+0000] {processor.py:925} INFO - DAG(s) 'example_sla_dag' retrieved from /opt/conda/lib/python3.12/site-packages/airflow/example_dags/example_sla_dag.py
[2025-02-07T12:37:40.531+0000] {logging_mixin.py:190} INFO - [2025-02-07T12:37:40.531+0000] {dag.py:3239} INFO - Sync 1 DAGs
[2025-02-07T12:37:40.550+0000] {logging_mixin.py:190} INFO - [2025-02-07T12:37:40.549+0000] {dag.py:4180} INFO - Setting next_dagrun for example_sla_dag to 2025-02-07 12:34:00+00:00, run_after=2025-02-07 12:36:00+00:00
[2025-02-07T12:37:40.580+0000] {processor.py:208} INFO - Processing /opt/conda/lib/python3.12/site-packages/airflow/example_dags/example_sla_dag.py took 0.096 seconds
[2025-02-07T12:38:43.472+0000] {processor.py:186} INFO - Started process (PID=232) to work on /opt/conda/lib/python3.12/site-packages/airflow/example_dags/example_sla_dag.py
[2025-02-07T12:38:43.473+0000] {processor.py:914} INFO - Processing file /opt/conda/lib/python3.12/site-packages/airflow/example_dags/example_sla_dag.py for tasks to queue
[2025-02-07T12:38:43.475+0000] {logging_mixin.py:190} INFO - [2025-02-07T12:38:43.475+0000] {dagbag.py:588} INFO - Filling up the DagBag from /opt/conda/lib/python3.12/site-packages/airflow/example_dags/example_sla_dag.py
[2025-02-07T12:38:43.489+0000] {processor.py:925} INFO - DAG(s) 'example_sla_dag' retrieved from /opt/conda/lib/python3.12/site-packages/airflow/example_dags/example_sla_dag.py
[2025-02-07T12:38:43.504+0000] {logging_mixin.py:190} INFO - [2025-02-07T12:38:43.504+0000] {dag.py:3239} INFO - Sync 1 DAGs
[2025-02-07T12:38:43.520+0000] {logging_mixin.py:190} INFO - [2025-02-07T12:38:43.520+0000] {dag.py:4180} INFO - Setting next_dagrun for example_sla_dag to 2025-02-07 12:36:00+00:00, run_after=2025-02-07 12:38:00+00:00
[2025-02-07T12:38:43.535+0000] {processor.py:208} INFO - Processing /opt/conda/lib/python3.12/site-packages/airflow/example_dags/example_sla_dag.py took 0.070 seconds
[2025-02-07T12:39:39.010+0000] {processor.py:186} INFO - Started process (PID=300) to work on /opt/conda/lib/python3.12/site-packages/airflow/example_dags/example_sla_dag.py
[2025-02-07T12:39:39.011+0000] {processor.py:914} INFO - Processing file /opt/conda/lib/python3.12/site-packages/airflow/example_dags/example_sla_dag.py for tasks to queue
[2025-02-07T12:39:39.013+0000] {logging_mixin.py:190} INFO - [2025-02-07T12:39:39.013+0000] {dagbag.py:588} INFO - Filling up the DagBag from /opt/conda/lib/python3.12/site-packages/airflow/example_dags/example_sla_dag.py
[2025-02-07T12:39:39.021+0000] {processor.py:925} INFO - DAG(s) 'example_sla_dag' retrieved from /opt/conda/lib/python3.12/site-packages/airflow/example_dags/example_sla_dag.py
[2025-02-07T12:39:39.033+0000] {logging_mixin.py:190} INFO - [2025-02-07T12:39:39.033+0000] {dag.py:3239} INFO - Sync 1 DAGs
[2025-02-07T12:39:39.048+0000] {logging_mixin.py:190} INFO - [2025-02-07T12:39:39.048+0000] {dag.py:4180} INFO - Setting next_dagrun for example_sla_dag to 2025-02-07 12:36:00+00:00, run_after=2025-02-07 12:38:00+00:00
[2025-02-07T12:39:39.070+0000] {processor.py:208} INFO - Processing /opt/conda/lib/python3.12/site-packages/airflow/example_dags/example_sla_dag.py took 0.064 seconds
[2025-02-07T12:40:36.510+0000] {processor.py:186} INFO - Started process (PID=357) to work on /opt/conda/lib/python3.12/site-packages/airflow/example_dags/example_sla_dag.py
[2025-02-07T12:40:36.511+0000] {processor.py:914} INFO - Processing file /opt/conda/lib/python3.12/site-packages/airflow/example_dags/example_sla_dag.py for tasks to queue
[2025-02-07T12:40:36.513+0000] {logging_mixin.py:190} INFO - [2025-02-07T12:40:36.513+0000] {dagbag.py:588} INFO - Filling up the DagBag from /opt/conda/lib/python3.12/site-packages/airflow/example_dags/example_sla_dag.py
[2025-02-07T12:40:36.523+0000] {processor.py:925} INFO - DAG(s) 'example_sla_dag' retrieved from /opt/conda/lib/python3.12/site-packages/airflow/example_dags/example_sla_dag.py
[2025-02-07T12:40:36.536+0000] {logging_mixin.py:190} INFO - [2025-02-07T12:40:36.536+0000] {dag.py:3239} INFO - Sync 1 DAGs
[2025-02-07T12:40:36.553+0000] {logging_mixin.py:190} INFO - [2025-02-07T12:40:36.553+0000] {dag.py:4180} INFO - Setting next_dagrun for example_sla_dag to 2025-02-07 12:38:00+00:00, run_after=2025-02-07 12:40:00+00:00
[2025-02-07T12:40:36.569+0000] {processor.py:208} INFO - Processing /opt/conda/lib/python3.12/site-packages/airflow/example_dags/example_sla_dag.py took 0.064 seconds
[2025-02-07T12:43:31.808+0000] {processor.py:186} INFO - Started process (PID=1327) to work on /opt/conda/lib/python3.12/site-packages/airflow/example_dags/example_sla_dag.py
[2025-02-07T12:43:31.809+0000] {processor.py:914} INFO - Processing file /opt/conda/lib/python3.12/site-packages/airflow/example_dags/example_sla_dag.py for tasks to queue
[2025-02-07T12:43:31.814+0000] {logging_mixin.py:190} INFO - [2025-02-07T12:43:31.813+0000] {dagbag.py:588} INFO - Filling up the DagBag from /opt/conda/lib/python3.12/site-packages/airflow/example_dags/example_sla_dag.py
[2025-02-07T12:43:31.828+0000] {processor.py:925} INFO - DAG(s) 'example_sla_dag' retrieved from /opt/conda/lib/python3.12/site-packages/airflow/example_dags/example_sla_dag.py
[2025-02-07T12:43:31.845+0000] {logging_mixin.py:190} INFO - [2025-02-07T12:43:31.845+0000] {dag.py:3239} INFO - Sync 1 DAGs
[2025-02-07T12:43:31.859+0000] {logging_mixin.py:190} INFO - [2025-02-07T12:43:31.859+0000] {dag.py:4180} INFO - Setting next_dagrun for example_sla_dag to 2025-02-07 12:40:00+00:00, run_after=2025-02-07 12:42:00+00:00
[2025-02-07T12:43:31.874+0000] {processor.py:208} INFO - Processing /opt/conda/lib/python3.12/site-packages/airflow/example_dags/example_sla_dag.py took 0.073 seconds
[2025-02-07T12:48:55.290+0000] {processor.py:186} INFO - Started process (PID=3460) to work on /opt/conda/lib/python3.12/site-packages/airflow/example_dags/example_sla_dag.py
[2025-02-07T12:48:55.293+0000] {processor.py:914} INFO - Processing file /opt/conda/lib/python3.12/site-packages/airflow/example_dags/example_sla_dag.py for tasks to queue
[2025-02-07T12:48:55.299+0000] {logging_mixin.py:190} INFO - [2025-02-07T12:48:55.298+0000] {dagbag.py:588} INFO - Filling up the DagBag from /opt/conda/lib/python3.12/site-packages/airflow/example_dags/example_sla_dag.py
[2025-02-07T12:48:55.414+0000] {processor.py:925} INFO - DAG(s) 'example_sla_dag' retrieved from /opt/conda/lib/python3.12/site-packages/airflow/example_dags/example_sla_dag.py
[2025-02-07T12:48:55.457+0000] {logging_mixin.py:190} INFO - [2025-02-07T12:48:55.457+0000] {dag.py:3239} INFO - Sync 1 DAGs
[2025-02-07T12:48:55.486+0000] {logging_mixin.py:190} INFO - [2025-02-07T12:48:55.486+0000] {dag.py:4180} INFO - Setting next_dagrun for example_sla_dag to 2025-02-07 12:46:00+00:00, run_after=2025-02-07 12:48:00+00:00
[2025-02-07T12:48:55.507+0000] {processor.py:208} INFO - Processing /opt/conda/lib/python3.12/site-packages/airflow/example_dags/example_sla_dag.py took 0.225 seconds
[2025-02-07T12:57:04.521+0000] {processor.py:186} INFO - Started process (PID=7036) to work on /opt/conda/lib/python3.12/site-packages/airflow/example_dags/example_sla_dag.py
[2025-02-07T12:57:04.522+0000] {processor.py:914} INFO - Processing file /opt/conda/lib/python3.12/site-packages/airflow/example_dags/example_sla_dag.py for tasks to queue
[2025-02-07T12:57:04.524+0000] {logging_mixin.py:190} INFO - [2025-02-07T12:57:04.524+0000] {dagbag.py:588} INFO - Filling up the DagBag from /opt/conda/lib/python3.12/site-packages/airflow/example_dags/example_sla_dag.py
[2025-02-07T12:57:04.537+0000] {processor.py:925} INFO - DAG(s) 'example_sla_dag' retrieved from /opt/conda/lib/python3.12/site-packages/airflow/example_dags/example_sla_dag.py
[2025-02-07T12:57:04.565+0000] {logging_mixin.py:190} INFO - [2025-02-07T12:57:04.564+0000] {dag.py:3239} INFO - Sync 1 DAGs
[2025-02-07T12:57:04.601+0000] {logging_mixin.py:190} INFO - [2025-02-07T12:57:04.601+0000] {dag.py:4180} INFO - Setting next_dagrun for example_sla_dag to 2025-02-07 12:54:00+00:00, run_after=2025-02-07 12:56:00+00:00
[2025-02-07T12:57:04.618+0000] {processor.py:208} INFO - Processing /opt/conda/lib/python3.12/site-packages/airflow/example_dags/example_sla_dag.py took 0.101 seconds
[2025-02-07T13:04:25.491+0000] {processor.py:186} INFO - Started process (PID=1052) to work on /opt/conda/lib/python3.12/site-packages/airflow/example_dags/example_sla_dag.py
[2025-02-07T13:04:25.492+0000] {processor.py:914} INFO - Processing file /opt/conda/lib/python3.12/site-packages/airflow/example_dags/example_sla_dag.py for tasks to queue
[2025-02-07T13:04:25.494+0000] {logging_mixin.py:190} INFO - [2025-02-07T13:04:25.494+0000] {dagbag.py:588} INFO - Filling up the DagBag from /opt/conda/lib/python3.12/site-packages/airflow/example_dags/example_sla_dag.py
[2025-02-07T13:04:25.500+0000] {processor.py:925} INFO - DAG(s) 'example_sla_dag' retrieved from /opt/conda/lib/python3.12/site-packages/airflow/example_dags/example_sla_dag.py
[2025-02-07T13:04:25.510+0000] {logging_mixin.py:190} INFO - [2025-02-07T13:04:25.510+0000] {dag.py:3239} INFO - Sync 1 DAGs
[2025-02-07T13:04:25.522+0000] {logging_mixin.py:190} INFO - [2025-02-07T13:04:25.521+0000] {dag.py:4180} INFO - Setting next_dagrun for example_sla_dag to 2025-02-07 13:02:00+00:00, run_after=2025-02-07 13:04:00+00:00
[2025-02-07T13:04:25.534+0000] {processor.py:208} INFO - Processing /opt/conda/lib/python3.12/site-packages/airflow/example_dags/example_sla_dag.py took 0.045 seconds
[2025-02-07T13:07:23.829+0000] {processor.py:186} INFO - Started process (PID=534) to work on /opt/conda/lib/python3.12/site-packages/airflow/example_dags/example_sla_dag.py
[2025-02-07T13:07:23.830+0000] {processor.py:914} INFO - Processing file /opt/conda/lib/python3.12/site-packages/airflow/example_dags/example_sla_dag.py for tasks to queue
[2025-02-07T13:07:23.833+0000] {logging_mixin.py:190} INFO - [2025-02-07T13:07:23.833+0000] {dagbag.py:588} INFO - Filling up the DagBag from /opt/conda/lib/python3.12/site-packages/airflow/example_dags/example_sla_dag.py
[2025-02-07T13:07:23.849+0000] {processor.py:925} INFO - DAG(s) 'example_sla_dag' retrieved from /opt/conda/lib/python3.12/site-packages/airflow/example_dags/example_sla_dag.py
[2025-02-07T13:07:23.867+0000] {logging_mixin.py:190} INFO - [2025-02-07T13:07:23.867+0000] {dag.py:3239} INFO - Sync 1 DAGs
[2025-02-07T13:07:23.901+0000] {logging_mixin.py:190} INFO - [2025-02-07T13:07:23.901+0000] {dag.py:4180} INFO - Setting next_dagrun for example_sla_dag to 2025-02-07 13:04:00+00:00, run_after=2025-02-07 13:06:00+00:00
[2025-02-07T13:07:23.919+0000] {processor.py:208} INFO - Processing /opt/conda/lib/python3.12/site-packages/airflow/example_dags/example_sla_dag.py took 0.102 seconds
[2025-02-07T13:25:44.633+0000] {processor.py:186} INFO - Started process (PID=575) to work on /opt/conda/lib/python3.12/site-packages/airflow/example_dags/example_sla_dag.py
[2025-02-07T13:25:44.634+0000] {processor.py:914} INFO - Processing file /opt/conda/lib/python3.12/site-packages/airflow/example_dags/example_sla_dag.py for tasks to queue
[2025-02-07T13:25:44.635+0000] {logging_mixin.py:190} INFO - [2025-02-07T13:25:44.635+0000] {dagbag.py:588} INFO - Filling up the DagBag from /opt/conda/lib/python3.12/site-packages/airflow/example_dags/example_sla_dag.py
[2025-02-07T13:25:44.652+0000] {processor.py:925} INFO - DAG(s) 'example_sla_dag' retrieved from /opt/conda/lib/python3.12/site-packages/airflow/example_dags/example_sla_dag.py
[2025-02-07T13:25:44.664+0000] {logging_mixin.py:190} INFO - [2025-02-07T13:25:44.664+0000] {dag.py:3239} INFO - Sync 1 DAGs
[2025-02-07T13:25:44.678+0000] {logging_mixin.py:190} INFO - [2025-02-07T13:25:44.678+0000] {dag.py:4180} INFO - Setting next_dagrun for example_sla_dag to 2025-02-07 13:22:00+00:00, run_after=2025-02-07 13:24:00+00:00
[2025-02-07T13:25:44.693+0000] {processor.py:208} INFO - Processing /opt/conda/lib/python3.12/site-packages/airflow/example_dags/example_sla_dag.py took 0.069 seconds
[2025-02-07T13:27:17.545+0000] {processor.py:186} INFO - Started process (PID=189) to work on /opt/conda/lib/python3.12/site-packages/airflow/example_dags/example_sla_dag.py
[2025-02-07T13:27:17.546+0000] {processor.py:914} INFO - Processing file /opt/conda/lib/python3.12/site-packages/airflow/example_dags/example_sla_dag.py for tasks to queue
[2025-02-07T13:27:17.553+0000] {logging_mixin.py:190} INFO - [2025-02-07T13:27:17.552+0000] {dagbag.py:588} INFO - Filling up the DagBag from /opt/conda/lib/python3.12/site-packages/airflow/example_dags/example_sla_dag.py
[2025-02-07T13:27:17.575+0000] {processor.py:925} INFO - DAG(s) 'example_sla_dag' retrieved from /opt/conda/lib/python3.12/site-packages/airflow/example_dags/example_sla_dag.py
[2025-02-07T13:27:17.610+0000] {logging_mixin.py:190} INFO - [2025-02-07T13:27:17.610+0000] {dag.py:3239} INFO - Sync 1 DAGs
[2025-02-07T13:27:17.686+0000] {logging_mixin.py:190} INFO - [2025-02-07T13:27:17.686+0000] {dag.py:4180} INFO - Setting next_dagrun for example_sla_dag to 2025-02-07 13:24:00+00:00, run_after=2025-02-07 13:26:00+00:00
[2025-02-07T13:27:17.776+0000] {processor.py:208} INFO - Processing /opt/conda/lib/python3.12/site-packages/airflow/example_dags/example_sla_dag.py took 0.235 seconds
[2025-02-07T13:28:49.980+0000] {processor.py:186} INFO - Started process (PID=342) to work on /opt/conda/lib/python3.12/site-packages/airflow/example_dags/example_sla_dag.py
[2025-02-07T13:28:50.036+0000] {processor.py:914} INFO - Processing file /opt/conda/lib/python3.12/site-packages/airflow/example_dags/example_sla_dag.py for tasks to queue
[2025-02-07T13:28:50.040+0000] {logging_mixin.py:190} INFO - [2025-02-07T13:28:50.040+0000] {dagbag.py:588} INFO - Filling up the DagBag from /opt/conda/lib/python3.12/site-packages/airflow/example_dags/example_sla_dag.py
[2025-02-07T13:28:50.068+0000] {processor.py:925} INFO - DAG(s) 'example_sla_dag' retrieved from /opt/conda/lib/python3.12/site-packages/airflow/example_dags/example_sla_dag.py
[2025-02-07T13:28:50.093+0000] {logging_mixin.py:190} INFO - [2025-02-07T13:28:50.093+0000] {dag.py:3239} INFO - Sync 1 DAGs
[2025-02-07T13:28:50.139+0000] {logging_mixin.py:190} INFO - [2025-02-07T13:28:50.139+0000] {dag.py:4180} INFO - Setting next_dagrun for example_sla_dag to 2025-02-07 13:26:00+00:00, run_after=2025-02-07 13:28:00+00:00
[2025-02-07T13:28:50.205+0000] {processor.py:208} INFO - Processing /opt/conda/lib/python3.12/site-packages/airflow/example_dags/example_sla_dag.py took 0.934 seconds
[2025-02-07T13:30:05.679+0000] {processor.py:186} INFO - Started process (PID=427) to work on /opt/conda/lib/python3.12/site-packages/airflow/example_dags/example_sla_dag.py
[2025-02-07T13:30:05.680+0000] {processor.py:914} INFO - Processing file /opt/conda/lib/python3.12/site-packages/airflow/example_dags/example_sla_dag.py for tasks to queue
[2025-02-07T13:30:05.683+0000] {logging_mixin.py:190} INFO - [2025-02-07T13:30:05.683+0000] {dagbag.py:588} INFO - Filling up the DagBag from /opt/conda/lib/python3.12/site-packages/airflow/example_dags/example_sla_dag.py
[2025-02-07T13:30:05.694+0000] {processor.py:925} INFO - DAG(s) 'example_sla_dag' retrieved from /opt/conda/lib/python3.12/site-packages/airflow/example_dags/example_sla_dag.py
[2025-02-07T13:30:05.707+0000] {logging_mixin.py:190} INFO - [2025-02-07T13:30:05.707+0000] {dag.py:3239} INFO - Sync 1 DAGs
[2025-02-07T13:30:05.725+0000] {logging_mixin.py:190} INFO - [2025-02-07T13:30:05.725+0000] {dag.py:4180} INFO - Setting next_dagrun for example_sla_dag to 2025-02-07 13:28:00+00:00, run_after=2025-02-07 13:30:00+00:00
[2025-02-07T13:30:05.741+0000] {processor.py:208} INFO - Processing /opt/conda/lib/python3.12/site-packages/airflow/example_dags/example_sla_dag.py took 0.073 seconds
[2025-02-07T13:33:12.949+0000] {processor.py:186} INFO - Started process (PID=307) to work on /opt/conda/lib/python3.12/site-packages/airflow/example_dags/example_sla_dag.py
[2025-02-07T13:33:12.950+0000] {processor.py:914} INFO - Processing file /opt/conda/lib/python3.12/site-packages/airflow/example_dags/example_sla_dag.py for tasks to queue
[2025-02-07T13:33:12.951+0000] {logging_mixin.py:190} INFO - [2025-02-07T13:33:12.951+0000] {dagbag.py:588} INFO - Filling up the DagBag from /opt/conda/lib/python3.12/site-packages/airflow/example_dags/example_sla_dag.py
[2025-02-07T13:33:12.956+0000] {processor.py:925} INFO - DAG(s) 'example_sla_dag' retrieved from /opt/conda/lib/python3.12/site-packages/airflow/example_dags/example_sla_dag.py
[2025-02-07T13:33:12.969+0000] {logging_mixin.py:190} INFO - [2025-02-07T13:33:12.969+0000] {dag.py:3239} INFO - Sync 1 DAGs
[2025-02-07T13:33:12.983+0000] {logging_mixin.py:190} INFO - [2025-02-07T13:33:12.983+0000] {dag.py:4180} INFO - Setting next_dagrun for example_sla_dag to 2025-02-07 13:30:00+00:00, run_after=2025-02-07 13:32:00+00:00
[2025-02-07T13:33:12.995+0000] {processor.py:208} INFO - Processing /opt/conda/lib/python3.12/site-packages/airflow/example_dags/example_sla_dag.py took 0.052 seconds
[2025-02-07T13:35:04.451+0000] {processor.py:186} INFO - Started process (PID=197) to work on /opt/conda/lib/python3.12/site-packages/airflow/example_dags/example_sla_dag.py
[2025-02-07T13:35:04.455+0000] {processor.py:914} INFO - Processing file /opt/conda/lib/python3.12/site-packages/airflow/example_dags/example_sla_dag.py for tasks to queue
[2025-02-07T13:35:04.468+0000] {logging_mixin.py:190} INFO - [2025-02-07T13:35:04.466+0000] {dagbag.py:588} INFO - Filling up the DagBag from /opt/conda/lib/python3.12/site-packages/airflow/example_dags/example_sla_dag.py
[2025-02-07T13:35:04.548+0000] {processor.py:925} INFO - DAG(s) 'example_sla_dag' retrieved from /opt/conda/lib/python3.12/site-packages/airflow/example_dags/example_sla_dag.py
[2025-02-07T13:35:04.687+0000] {logging_mixin.py:190} INFO - [2025-02-07T13:35:04.686+0000] {dag.py:3239} INFO - Sync 1 DAGs
[2025-02-07T13:35:04.770+0000] {logging_mixin.py:190} INFO - [2025-02-07T13:35:04.769+0000] {dag.py:4180} INFO - Setting next_dagrun for example_sla_dag to 2025-02-07 13:32:00+00:00, run_after=2025-02-07 13:34:00+00:00
[2025-02-07T13:35:04.827+0000] {processor.py:208} INFO - Processing /opt/conda/lib/python3.12/site-packages/airflow/example_dags/example_sla_dag.py took 0.397 seconds
[2025-02-07T13:38:12.900+0000] {processor.py:186} INFO - Started process (PID=312) to work on /opt/conda/lib/python3.12/site-packages/airflow/example_dags/example_sla_dag.py
[2025-02-07T13:38:12.901+0000] {processor.py:914} INFO - Processing file /opt/conda/lib/python3.12/site-packages/airflow/example_dags/example_sla_dag.py for tasks to queue
[2025-02-07T13:38:12.903+0000] {logging_mixin.py:190} INFO - [2025-02-07T13:38:12.903+0000] {dagbag.py:588} INFO - Filling up the DagBag from /opt/conda/lib/python3.12/site-packages/airflow/example_dags/example_sla_dag.py
[2025-02-07T13:38:12.912+0000] {processor.py:925} INFO - DAG(s) 'example_sla_dag' retrieved from /opt/conda/lib/python3.12/site-packages/airflow/example_dags/example_sla_dag.py
[2025-02-07T13:38:12.924+0000] {logging_mixin.py:190} INFO - [2025-02-07T13:38:12.924+0000] {dag.py:3239} INFO - Sync 1 DAGs
[2025-02-07T13:38:12.943+0000] {logging_mixin.py:190} INFO - [2025-02-07T13:38:12.943+0000] {dag.py:4180} INFO - Setting next_dagrun for example_sla_dag to 2025-02-07 13:36:00+00:00, run_after=2025-02-07 13:38:00+00:00
[2025-02-07T13:38:12.961+0000] {processor.py:208} INFO - Processing /opt/conda/lib/python3.12/site-packages/airflow/example_dags/example_sla_dag.py took 0.068 seconds
[2025-02-07T13:39:33.227+0000] {processor.py:186} INFO - Started process (PID=490) to work on /opt/conda/lib/python3.12/site-packages/airflow/example_dags/example_sla_dag.py
[2025-02-07T13:39:33.228+0000] {processor.py:914} INFO - Processing file /opt/conda/lib/python3.12/site-packages/airflow/example_dags/example_sla_dag.py for tasks to queue
[2025-02-07T13:39:33.230+0000] {logging_mixin.py:190} INFO - [2025-02-07T13:39:33.230+0000] {dagbag.py:588} INFO - Filling up the DagBag from /opt/conda/lib/python3.12/site-packages/airflow/example_dags/example_sla_dag.py
[2025-02-07T13:39:33.237+0000] {processor.py:925} INFO - DAG(s) 'example_sla_dag' retrieved from /opt/conda/lib/python3.12/site-packages/airflow/example_dags/example_sla_dag.py
[2025-02-07T13:39:33.246+0000] {logging_mixin.py:190} INFO - [2025-02-07T13:39:33.246+0000] {dag.py:3239} INFO - Sync 1 DAGs
[2025-02-07T13:39:33.259+0000] {logging_mixin.py:190} INFO - [2025-02-07T13:39:33.259+0000] {dag.py:4180} INFO - Setting next_dagrun for example_sla_dag to 2025-02-07 13:36:00+00:00, run_after=2025-02-07 13:38:00+00:00
[2025-02-07T13:39:33.270+0000] {processor.py:208} INFO - Processing /opt/conda/lib/python3.12/site-packages/airflow/example_dags/example_sla_dag.py took 0.049 seconds
[2025-02-07T13:40:30.512+0000] {processor.py:186} INFO - Started process (PID=558) to work on /opt/conda/lib/python3.12/site-packages/airflow/example_dags/example_sla_dag.py
[2025-02-07T13:40:30.513+0000] {processor.py:914} INFO - Processing file /opt/conda/lib/python3.12/site-packages/airflow/example_dags/example_sla_dag.py for tasks to queue
[2025-02-07T13:40:30.514+0000] {logging_mixin.py:190} INFO - [2025-02-07T13:40:30.514+0000] {dagbag.py:588} INFO - Filling up the DagBag from /opt/conda/lib/python3.12/site-packages/airflow/example_dags/example_sla_dag.py
[2025-02-07T13:40:30.522+0000] {processor.py:925} INFO - DAG(s) 'example_sla_dag' retrieved from /opt/conda/lib/python3.12/site-packages/airflow/example_dags/example_sla_dag.py
[2025-02-07T13:40:30.532+0000] {logging_mixin.py:190} INFO - [2025-02-07T13:40:30.532+0000] {dag.py:3239} INFO - Sync 1 DAGs
[2025-02-07T13:40:30.547+0000] {logging_mixin.py:190} INFO - [2025-02-07T13:40:30.546+0000] {dag.py:4180} INFO - Setting next_dagrun for example_sla_dag to 2025-02-07 13:38:00+00:00, run_after=2025-02-07 13:40:00+00:00
[2025-02-07T13:40:30.559+0000] {processor.py:208} INFO - Processing /opt/conda/lib/python3.12/site-packages/airflow/example_dags/example_sla_dag.py took 0.052 seconds
[2025-02-07T13:41:29.004+0000] {processor.py:186} INFO - Started process (PID=625) to work on /opt/conda/lib/python3.12/site-packages/airflow/example_dags/example_sla_dag.py
[2025-02-07T13:41:29.006+0000] {processor.py:914} INFO - Processing file /opt/conda/lib/python3.12/site-packages/airflow/example_dags/example_sla_dag.py for tasks to queue
[2025-02-07T13:41:29.009+0000] {logging_mixin.py:190} INFO - [2025-02-07T13:41:29.009+0000] {dagbag.py:588} INFO - Filling up the DagBag from /opt/conda/lib/python3.12/site-packages/airflow/example_dags/example_sla_dag.py
[2025-02-07T13:41:29.021+0000] {processor.py:925} INFO - DAG(s) 'example_sla_dag' retrieved from /opt/conda/lib/python3.12/site-packages/airflow/example_dags/example_sla_dag.py
[2025-02-07T13:41:29.034+0000] {logging_mixin.py:190} INFO - [2025-02-07T13:41:29.034+0000] {dag.py:3239} INFO - Sync 1 DAGs
[2025-02-07T13:41:29.050+0000] {logging_mixin.py:190} INFO - [2025-02-07T13:41:29.050+0000] {dag.py:4180} INFO - Setting next_dagrun for example_sla_dag to 2025-02-07 13:38:00+00:00, run_after=2025-02-07 13:40:00+00:00
[2025-02-07T13:41:29.064+0000] {processor.py:208} INFO - Processing /opt/conda/lib/python3.12/site-packages/airflow/example_dags/example_sla_dag.py took 0.070 seconds
[2025-02-07T13:42:37.137+0000] {processor.py:186} INFO - Started process (PID=793) to work on /opt/conda/lib/python3.12/site-packages/airflow/example_dags/example_sla_dag.py
[2025-02-07T13:42:37.138+0000] {processor.py:914} INFO - Processing file /opt/conda/lib/python3.12/site-packages/airflow/example_dags/example_sla_dag.py for tasks to queue
[2025-02-07T13:42:37.141+0000] {logging_mixin.py:190} INFO - [2025-02-07T13:42:37.140+0000] {dagbag.py:588} INFO - Filling up the DagBag from /opt/conda/lib/python3.12/site-packages/airflow/example_dags/example_sla_dag.py
[2025-02-07T13:42:37.149+0000] {processor.py:925} INFO - DAG(s) 'example_sla_dag' retrieved from /opt/conda/lib/python3.12/site-packages/airflow/example_dags/example_sla_dag.py
[2025-02-07T13:42:37.161+0000] {logging_mixin.py:190} INFO - [2025-02-07T13:42:37.161+0000] {dag.py:3239} INFO - Sync 1 DAGs
[2025-02-07T13:42:37.177+0000] {logging_mixin.py:190} INFO - [2025-02-07T13:42:37.177+0000] {dag.py:4180} INFO - Setting next_dagrun for example_sla_dag to 2025-02-07 13:40:00+00:00, run_after=2025-02-07 13:42:00+00:00
[2025-02-07T13:42:37.191+0000] {processor.py:208} INFO - Processing /opt/conda/lib/python3.12/site-packages/airflow/example_dags/example_sla_dag.py took 0.058 seconds
[2025-02-07T13:43:39.336+0000] {processor.py:186} INFO - Started process (PID=866) to work on /opt/conda/lib/python3.12/site-packages/airflow/example_dags/example_sla_dag.py
[2025-02-07T13:43:39.338+0000] {processor.py:914} INFO - Processing file /opt/conda/lib/python3.12/site-packages/airflow/example_dags/example_sla_dag.py for tasks to queue
[2025-02-07T13:43:39.341+0000] {logging_mixin.py:190} INFO - [2025-02-07T13:43:39.340+0000] {dagbag.py:588} INFO - Filling up the DagBag from /opt/conda/lib/python3.12/site-packages/airflow/example_dags/example_sla_dag.py
[2025-02-07T13:43:39.350+0000] {processor.py:925} INFO - DAG(s) 'example_sla_dag' retrieved from /opt/conda/lib/python3.12/site-packages/airflow/example_dags/example_sla_dag.py
[2025-02-07T13:43:39.362+0000] {logging_mixin.py:190} INFO - [2025-02-07T13:43:39.362+0000] {dag.py:3239} INFO - Sync 1 DAGs
[2025-02-07T13:43:39.380+0000] {logging_mixin.py:190} INFO - [2025-02-07T13:43:39.379+0000] {dag.py:4180} INFO - Setting next_dagrun for example_sla_dag to 2025-02-07 13:40:00+00:00, run_after=2025-02-07 13:42:00+00:00
[2025-02-07T13:43:39.394+0000] {processor.py:208} INFO - Processing /opt/conda/lib/python3.12/site-packages/airflow/example_dags/example_sla_dag.py took 0.063 seconds
[2025-02-07T13:45:33.699+0000] {processor.py:186} INFO - Started process (PID=1168) to work on /opt/conda/lib/python3.12/site-packages/airflow/example_dags/example_sla_dag.py
[2025-02-07T13:45:33.703+0000] {processor.py:914} INFO - Processing file /opt/conda/lib/python3.12/site-packages/airflow/example_dags/example_sla_dag.py for tasks to queue
[2025-02-07T13:45:33.709+0000] {logging_mixin.py:190} INFO - [2025-02-07T13:45:33.708+0000] {dagbag.py:588} INFO - Filling up the DagBag from /opt/conda/lib/python3.12/site-packages/airflow/example_dags/example_sla_dag.py
[2025-02-07T13:45:33.748+0000] {processor.py:925} INFO - DAG(s) 'example_sla_dag' retrieved from /opt/conda/lib/python3.12/site-packages/airflow/example_dags/example_sla_dag.py
[2025-02-07T13:45:33.775+0000] {logging_mixin.py:190} INFO - [2025-02-07T13:45:33.775+0000] {dag.py:3239} INFO - Sync 1 DAGs
[2025-02-07T13:45:33.803+0000] {logging_mixin.py:190} INFO - [2025-02-07T13:45:33.803+0000] {dag.py:4180} INFO - Setting next_dagrun for example_sla_dag to 2025-02-07 13:42:00+00:00, run_after=2025-02-07 13:44:00+00:00
[2025-02-07T13:45:33.844+0000] {processor.py:208} INFO - Processing /opt/conda/lib/python3.12/site-packages/airflow/example_dags/example_sla_dag.py took 0.157 seconds
[2025-02-07T14:04:46.801+0000] {processor.py:186} INFO - Started process (PID=1556) to work on /opt/conda/lib/python3.12/site-packages/airflow/example_dags/example_sla_dag.py
[2025-02-07T14:04:46.804+0000] {processor.py:914} INFO - Processing file /opt/conda/lib/python3.12/site-packages/airflow/example_dags/example_sla_dag.py for tasks to queue
[2025-02-07T14:04:46.809+0000] {logging_mixin.py:190} INFO - [2025-02-07T14:04:46.808+0000] {dagbag.py:588} INFO - Filling up the DagBag from /opt/conda/lib/python3.12/site-packages/airflow/example_dags/example_sla_dag.py
[2025-02-07T14:04:46.870+0000] {processor.py:925} INFO - DAG(s) 'example_sla_dag' retrieved from /opt/conda/lib/python3.12/site-packages/airflow/example_dags/example_sla_dag.py
[2025-02-07T14:04:46.888+0000] {logging_mixin.py:190} INFO - [2025-02-07T14:04:46.888+0000] {dag.py:3239} INFO - Sync 1 DAGs
[2025-02-07T14:04:46.906+0000] {logging_mixin.py:190} INFO - [2025-02-07T14:04:46.906+0000] {dag.py:4180} INFO - Setting next_dagrun for example_sla_dag to 2025-02-07 14:02:00+00:00, run_after=2025-02-07 14:04:00+00:00
[2025-02-07T14:04:46.933+0000] {processor.py:208} INFO - Processing /opt/conda/lib/python3.12/site-packages/airflow/example_dags/example_sla_dag.py took 0.138 seconds
[2025-02-07T14:06:10.376+0000] {processor.py:186} INFO - Started process (PID=1816) to work on /opt/conda/lib/python3.12/site-packages/airflow/example_dags/example_sla_dag.py
[2025-02-07T14:06:10.378+0000] {processor.py:914} INFO - Processing file /opt/conda/lib/python3.12/site-packages/airflow/example_dags/example_sla_dag.py for tasks to queue
[2025-02-07T14:06:10.378+0000] {logging_mixin.py:190} INFO - [2025-02-07T14:06:10.378+0000] {dagbag.py:588} INFO - Filling up the DagBag from /opt/conda/lib/python3.12/site-packages/airflow/example_dags/example_sla_dag.py
[2025-02-07T14:06:10.386+0000] {processor.py:925} INFO - DAG(s) 'example_sla_dag' retrieved from /opt/conda/lib/python3.12/site-packages/airflow/example_dags/example_sla_dag.py
[2025-02-07T14:06:10.404+0000] {logging_mixin.py:190} INFO - [2025-02-07T14:06:10.404+0000] {dag.py:3239} INFO - Sync 1 DAGs
[2025-02-07T14:06:10.425+0000] {logging_mixin.py:190} INFO - [2025-02-07T14:06:10.425+0000] {dag.py:4180} INFO - Setting next_dagrun for example_sla_dag to 2025-02-07 14:04:00+00:00, run_after=2025-02-07 14:06:00+00:00
[2025-02-07T14:06:10.460+0000] {processor.py:208} INFO - Processing /opt/conda/lib/python3.12/site-packages/airflow/example_dags/example_sla_dag.py took 0.093 seconds
[2025-02-07T14:07:32.915+0000] {processor.py:186} INFO - Started process (PID=2004) to work on /opt/conda/lib/python3.12/site-packages/airflow/example_dags/example_sla_dag.py
[2025-02-07T14:07:32.917+0000] {processor.py:914} INFO - Processing file /opt/conda/lib/python3.12/site-packages/airflow/example_dags/example_sla_dag.py for tasks to queue
[2025-02-07T14:07:32.918+0000] {logging_mixin.py:190} INFO - [2025-02-07T14:07:32.918+0000] {dagbag.py:588} INFO - Filling up the DagBag from /opt/conda/lib/python3.12/site-packages/airflow/example_dags/example_sla_dag.py
[2025-02-07T14:07:32.928+0000] {processor.py:925} INFO - DAG(s) 'example_sla_dag' retrieved from /opt/conda/lib/python3.12/site-packages/airflow/example_dags/example_sla_dag.py
[2025-02-07T14:07:32.946+0000] {logging_mixin.py:190} INFO - [2025-02-07T14:07:32.945+0000] {dag.py:3239} INFO - Sync 1 DAGs
[2025-02-07T14:07:32.960+0000] {logging_mixin.py:190} INFO - [2025-02-07T14:07:32.960+0000] {dag.py:4180} INFO - Setting next_dagrun for example_sla_dag to 2025-02-07 14:04:00+00:00, run_after=2025-02-07 14:06:00+00:00
[2025-02-07T14:07:32.976+0000] {processor.py:208} INFO - Processing /opt/conda/lib/python3.12/site-packages/airflow/example_dags/example_sla_dag.py took 0.068 seconds
