[2025-02-07T12:08:12.861+0000] {processor.py:186} INFO - Started process (PID=1593) to work on /opt/conda/lib/python3.12/site-packages/airflow/example_dags/example_setup_teardown.py
[2025-02-07T12:08:12.864+0000] {processor.py:914} INFO - Processing file /opt/conda/lib/python3.12/site-packages/airflow/example_dags/example_setup_teardown.py for tasks to queue
[2025-02-07T12:08:12.867+0000] {logging_mixin.py:190} INFO - [2025-02-07T12:08:12.867+0000] {dagbag.py:588} INFO - Filling up the DagBag from /opt/conda/lib/python3.12/site-packages/airflow/example_dags/example_setup_teardown.py
[2025-02-07T12:08:12.888+0000] {processor.py:925} INFO - DAG(s) 'example_setup_teardown' retrieved from /opt/conda/lib/python3.12/site-packages/airflow/example_dags/example_setup_teardown.py
[2025-02-07T12:08:12.929+0000] {logging_mixin.py:190} INFO - [2025-02-07T12:08:12.928+0000] {dag.py:3239} INFO - Sync 1 DAGs
[2025-02-07T12:08:12.944+0000] {logging_mixin.py:190} INFO - [2025-02-07T12:08:12.943+0000] {dag.py:4180} INFO - Setting next_dagrun for example_setup_teardown to None, run_after=None
[2025-02-07T12:08:12.987+0000] {processor.py:208} INFO - Processing /opt/conda/lib/python3.12/site-packages/airflow/example_dags/example_setup_teardown.py took 0.134 seconds
[2025-02-07T12:20:02.853+0000] {processor.py:186} INFO - Started process (PID=5335) to work on /opt/conda/lib/python3.12/site-packages/airflow/example_dags/example_setup_teardown.py
[2025-02-07T12:20:02.855+0000] {processor.py:914} INFO - Processing file /opt/conda/lib/python3.12/site-packages/airflow/example_dags/example_setup_teardown.py for tasks to queue
[2025-02-07T12:20:02.860+0000] {logging_mixin.py:190} INFO - [2025-02-07T12:20:02.859+0000] {dagbag.py:588} INFO - Filling up the DagBag from /opt/conda/lib/python3.12/site-packages/airflow/example_dags/example_setup_teardown.py
[2025-02-07T12:20:02.877+0000] {processor.py:925} INFO - DAG(s) 'example_setup_teardown' retrieved from /opt/conda/lib/python3.12/site-packages/airflow/example_dags/example_setup_teardown.py
[2025-02-07T12:20:02.899+0000] {logging_mixin.py:190} INFO - [2025-02-07T12:20:02.899+0000] {dag.py:3239} INFO - Sync 1 DAGs
[2025-02-07T12:20:02.912+0000] {logging_mixin.py:190} INFO - [2025-02-07T12:20:02.912+0000] {dag.py:4180} INFO - Setting next_dagrun for example_setup_teardown to None, run_after=None
[2025-02-07T12:20:02.933+0000] {processor.py:208} INFO - Processing /opt/conda/lib/python3.12/site-packages/airflow/example_dags/example_setup_teardown.py took 0.094 seconds
[2025-02-07T12:31:54.259+0000] {processor.py:186} INFO - Started process (PID=1885) to work on /opt/conda/lib/python3.12/site-packages/airflow/example_dags/example_setup_teardown.py
[2025-02-07T12:31:54.260+0000] {processor.py:914} INFO - Processing file /opt/conda/lib/python3.12/site-packages/airflow/example_dags/example_setup_teardown.py for tasks to queue
[2025-02-07T12:31:54.262+0000] {logging_mixin.py:190} INFO - [2025-02-07T12:31:54.262+0000] {dagbag.py:588} INFO - Filling up the DagBag from /opt/conda/lib/python3.12/site-packages/airflow/example_dags/example_setup_teardown.py
[2025-02-07T12:31:54.271+0000] {processor.py:925} INFO - DAG(s) 'example_setup_teardown' retrieved from /opt/conda/lib/python3.12/site-packages/airflow/example_dags/example_setup_teardown.py
[2025-02-07T12:31:54.289+0000] {logging_mixin.py:190} INFO - [2025-02-07T12:31:54.289+0000] {dag.py:3239} INFO - Sync 1 DAGs
[2025-02-07T12:31:54.302+0000] {logging_mixin.py:190} INFO - [2025-02-07T12:31:54.302+0000] {dag.py:4180} INFO - Setting next_dagrun for example_setup_teardown to None, run_after=None
[2025-02-07T12:31:54.323+0000] {processor.py:208} INFO - Processing /opt/conda/lib/python3.12/site-packages/airflow/example_dags/example_setup_teardown.py took 0.068 seconds
[2025-02-07T12:32:45.126+0000] {processor.py:186} INFO - Started process (PID=118) to work on /opt/conda/lib/python3.12/site-packages/airflow/example_dags/example_setup_teardown.py
[2025-02-07T12:32:45.127+0000] {processor.py:914} INFO - Processing file /opt/conda/lib/python3.12/site-packages/airflow/example_dags/example_setup_teardown.py for tasks to queue
[2025-02-07T12:32:45.130+0000] {logging_mixin.py:190} INFO - [2025-02-07T12:32:45.129+0000] {dagbag.py:588} INFO - Filling up the DagBag from /opt/conda/lib/python3.12/site-packages/airflow/example_dags/example_setup_teardown.py
[2025-02-07T12:32:45.156+0000] {processor.py:925} INFO - DAG(s) 'example_setup_teardown' retrieved from /opt/conda/lib/python3.12/site-packages/airflow/example_dags/example_setup_teardown.py
[2025-02-07T12:32:45.214+0000] {logging_mixin.py:190} INFO - [2025-02-07T12:32:45.214+0000] {dag.py:3239} INFO - Sync 1 DAGs
[2025-02-07T12:32:45.272+0000] {logging_mixin.py:190} INFO - [2025-02-07T12:32:45.272+0000] {dag.py:4180} INFO - Setting next_dagrun for example_setup_teardown to None, run_after=None
[2025-02-07T12:32:45.322+0000] {processor.py:208} INFO - Processing /opt/conda/lib/python3.12/site-packages/airflow/example_dags/example_setup_teardown.py took 0.201 seconds
[2025-02-07T12:36:33.764+0000] {processor.py:186} INFO - Started process (PID=96) to work on /opt/conda/lib/python3.12/site-packages/airflow/example_dags/example_setup_teardown.py
[2025-02-07T12:36:33.775+0000] {processor.py:914} INFO - Processing file /opt/conda/lib/python3.12/site-packages/airflow/example_dags/example_setup_teardown.py for tasks to queue
[2025-02-07T12:36:33.785+0000] {logging_mixin.py:190} INFO - [2025-02-07T12:36:33.784+0000] {dagbag.py:588} INFO - Filling up the DagBag from /opt/conda/lib/python3.12/site-packages/airflow/example_dags/example_setup_teardown.py
[2025-02-07T12:36:33.814+0000] {processor.py:925} INFO - DAG(s) 'example_setup_teardown' retrieved from /opt/conda/lib/python3.12/site-packages/airflow/example_dags/example_setup_teardown.py
[2025-02-07T12:36:33.882+0000] {logging_mixin.py:190} INFO - [2025-02-07T12:36:33.882+0000] {dag.py:3239} INFO - Sync 1 DAGs
[2025-02-07T12:36:33.915+0000] {logging_mixin.py:190} INFO - [2025-02-07T12:36:33.914+0000] {dag.py:4180} INFO - Setting next_dagrun for example_setup_teardown to None, run_after=None
[2025-02-07T12:36:33.990+0000] {processor.py:208} INFO - Processing /opt/conda/lib/python3.12/site-packages/airflow/example_dags/example_setup_teardown.py took 0.253 seconds
[2025-02-07T12:37:43.012+0000] {processor.py:186} INFO - Started process (PID=164) to work on /opt/conda/lib/python3.12/site-packages/airflow/example_dags/example_setup_teardown.py
[2025-02-07T12:37:43.014+0000] {processor.py:914} INFO - Processing file /opt/conda/lib/python3.12/site-packages/airflow/example_dags/example_setup_teardown.py for tasks to queue
[2025-02-07T12:37:43.018+0000] {logging_mixin.py:190} INFO - [2025-02-07T12:37:43.018+0000] {dagbag.py:588} INFO - Filling up the DagBag from /opt/conda/lib/python3.12/site-packages/airflow/example_dags/example_setup_teardown.py
[2025-02-07T12:37:43.036+0000] {processor.py:925} INFO - DAG(s) 'example_setup_teardown' retrieved from /opt/conda/lib/python3.12/site-packages/airflow/example_dags/example_setup_teardown.py
[2025-02-07T12:37:43.072+0000] {logging_mixin.py:190} INFO - [2025-02-07T12:37:43.071+0000] {dag.py:3239} INFO - Sync 1 DAGs
[2025-02-07T12:37:43.086+0000] {logging_mixin.py:190} INFO - [2025-02-07T12:37:43.086+0000] {dag.py:4180} INFO - Setting next_dagrun for example_setup_teardown to None, run_after=None
[2025-02-07T12:37:43.105+0000] {processor.py:208} INFO - Processing /opt/conda/lib/python3.12/site-packages/airflow/example_dags/example_setup_teardown.py took 0.105 seconds
[2025-02-07T12:38:45.756+0000] {processor.py:186} INFO - Started process (PID=234) to work on /opt/conda/lib/python3.12/site-packages/airflow/example_dags/example_setup_teardown.py
[2025-02-07T12:38:45.758+0000] {processor.py:914} INFO - Processing file /opt/conda/lib/python3.12/site-packages/airflow/example_dags/example_setup_teardown.py for tasks to queue
[2025-02-07T12:38:45.760+0000] {logging_mixin.py:190} INFO - [2025-02-07T12:38:45.759+0000] {dagbag.py:588} INFO - Filling up the DagBag from /opt/conda/lib/python3.12/site-packages/airflow/example_dags/example_setup_teardown.py
[2025-02-07T12:38:45.766+0000] {processor.py:925} INFO - DAG(s) 'example_setup_teardown' retrieved from /opt/conda/lib/python3.12/site-packages/airflow/example_dags/example_setup_teardown.py
[2025-02-07T12:38:45.777+0000] {logging_mixin.py:190} INFO - [2025-02-07T12:38:45.777+0000] {dag.py:3239} INFO - Sync 1 DAGs
[2025-02-07T12:38:45.785+0000] {logging_mixin.py:190} INFO - [2025-02-07T12:38:45.785+0000] {dag.py:4180} INFO - Setting next_dagrun for example_setup_teardown to None, run_after=None
[2025-02-07T12:38:45.799+0000] {processor.py:208} INFO - Processing /opt/conda/lib/python3.12/site-packages/airflow/example_dags/example_setup_teardown.py took 0.048 seconds
[2025-02-07T12:39:41.319+0000] {processor.py:186} INFO - Started process (PID=302) to work on /opt/conda/lib/python3.12/site-packages/airflow/example_dags/example_setup_teardown.py
[2025-02-07T12:39:41.321+0000] {processor.py:914} INFO - Processing file /opt/conda/lib/python3.12/site-packages/airflow/example_dags/example_setup_teardown.py for tasks to queue
[2025-02-07T12:39:41.323+0000] {logging_mixin.py:190} INFO - [2025-02-07T12:39:41.322+0000] {dagbag.py:588} INFO - Filling up the DagBag from /opt/conda/lib/python3.12/site-packages/airflow/example_dags/example_setup_teardown.py
[2025-02-07T12:39:41.330+0000] {processor.py:925} INFO - DAG(s) 'example_setup_teardown' retrieved from /opt/conda/lib/python3.12/site-packages/airflow/example_dags/example_setup_teardown.py
[2025-02-07T12:39:41.343+0000] {logging_mixin.py:190} INFO - [2025-02-07T12:39:41.343+0000] {dag.py:3239} INFO - Sync 1 DAGs
[2025-02-07T12:39:41.351+0000] {logging_mixin.py:190} INFO - [2025-02-07T12:39:41.351+0000] {dag.py:4180} INFO - Setting next_dagrun for example_setup_teardown to None, run_after=None
[2025-02-07T12:39:41.365+0000] {processor.py:208} INFO - Processing /opt/conda/lib/python3.12/site-packages/airflow/example_dags/example_setup_teardown.py took 0.051 seconds
[2025-02-07T12:40:38.489+0000] {processor.py:186} INFO - Started process (PID=359) to work on /opt/conda/lib/python3.12/site-packages/airflow/example_dags/example_setup_teardown.py
[2025-02-07T12:40:38.491+0000] {processor.py:914} INFO - Processing file /opt/conda/lib/python3.12/site-packages/airflow/example_dags/example_setup_teardown.py for tasks to queue
[2025-02-07T12:40:38.493+0000] {logging_mixin.py:190} INFO - [2025-02-07T12:40:38.493+0000] {dagbag.py:588} INFO - Filling up the DagBag from /opt/conda/lib/python3.12/site-packages/airflow/example_dags/example_setup_teardown.py
[2025-02-07T12:40:38.503+0000] {processor.py:925} INFO - DAG(s) 'example_setup_teardown' retrieved from /opt/conda/lib/python3.12/site-packages/airflow/example_dags/example_setup_teardown.py
[2025-02-07T12:40:38.518+0000] {logging_mixin.py:190} INFO - [2025-02-07T12:40:38.518+0000] {dag.py:3239} INFO - Sync 1 DAGs
[2025-02-07T12:40:38.529+0000] {logging_mixin.py:190} INFO - [2025-02-07T12:40:38.529+0000] {dag.py:4180} INFO - Setting next_dagrun for example_setup_teardown to None, run_after=None
[2025-02-07T12:40:38.559+0000] {processor.py:208} INFO - Processing /opt/conda/lib/python3.12/site-packages/airflow/example_dags/example_setup_teardown.py took 0.077 seconds
[2025-02-07T12:43:59.369+0000] {processor.py:186} INFO - Started process (PID=1527) to work on /opt/conda/lib/python3.12/site-packages/airflow/example_dags/example_setup_teardown.py
[2025-02-07T12:43:59.370+0000] {processor.py:914} INFO - Processing file /opt/conda/lib/python3.12/site-packages/airflow/example_dags/example_setup_teardown.py for tasks to queue
[2025-02-07T12:43:59.373+0000] {logging_mixin.py:190} INFO - [2025-02-07T12:43:59.373+0000] {dagbag.py:588} INFO - Filling up the DagBag from /opt/conda/lib/python3.12/site-packages/airflow/example_dags/example_setup_teardown.py
[2025-02-07T12:43:59.383+0000] {processor.py:925} INFO - DAG(s) 'example_setup_teardown' retrieved from /opt/conda/lib/python3.12/site-packages/airflow/example_dags/example_setup_teardown.py
[2025-02-07T12:43:59.395+0000] {logging_mixin.py:190} INFO - [2025-02-07T12:43:59.395+0000] {dag.py:3239} INFO - Sync 1 DAGs
[2025-02-07T12:43:59.403+0000] {logging_mixin.py:190} INFO - [2025-02-07T12:43:59.403+0000] {dag.py:4180} INFO - Setting next_dagrun for example_setup_teardown to None, run_after=None
[2025-02-07T12:43:59.417+0000] {processor.py:208} INFO - Processing /opt/conda/lib/python3.12/site-packages/airflow/example_dags/example_setup_teardown.py took 0.053 seconds
[2025-02-07T12:49:43.452+0000] {processor.py:186} INFO - Started process (PID=3660) to work on /opt/conda/lib/python3.12/site-packages/airflow/example_dags/example_setup_teardown.py
[2025-02-07T12:49:43.454+0000] {processor.py:914} INFO - Processing file /opt/conda/lib/python3.12/site-packages/airflow/example_dags/example_setup_teardown.py for tasks to queue
[2025-02-07T12:49:43.492+0000] {logging_mixin.py:190} INFO - [2025-02-07T12:49:43.491+0000] {dagbag.py:588} INFO - Filling up the DagBag from /opt/conda/lib/python3.12/site-packages/airflow/example_dags/example_setup_teardown.py
[2025-02-07T12:49:43.509+0000] {processor.py:925} INFO - DAG(s) 'example_setup_teardown' retrieved from /opt/conda/lib/python3.12/site-packages/airflow/example_dags/example_setup_teardown.py
[2025-02-07T12:49:43.529+0000] {logging_mixin.py:190} INFO - [2025-02-07T12:49:43.529+0000] {dag.py:3239} INFO - Sync 1 DAGs
[2025-02-07T12:49:43.540+0000] {logging_mixin.py:190} INFO - [2025-02-07T12:49:43.540+0000] {dag.py:4180} INFO - Setting next_dagrun for example_setup_teardown to None, run_after=None
[2025-02-07T12:49:43.555+0000] {processor.py:208} INFO - Processing /opt/conda/lib/python3.12/site-packages/airflow/example_dags/example_setup_teardown.py took 0.108 seconds
[2025-02-07T12:57:31.607+0000] {processor.py:186} INFO - Started process (PID=7236) to work on /opt/conda/lib/python3.12/site-packages/airflow/example_dags/example_setup_teardown.py
[2025-02-07T12:57:31.608+0000] {processor.py:914} INFO - Processing file /opt/conda/lib/python3.12/site-packages/airflow/example_dags/example_setup_teardown.py for tasks to queue
[2025-02-07T12:57:31.611+0000] {logging_mixin.py:190} INFO - [2025-02-07T12:57:31.610+0000] {dagbag.py:588} INFO - Filling up the DagBag from /opt/conda/lib/python3.12/site-packages/airflow/example_dags/example_setup_teardown.py
[2025-02-07T12:57:31.620+0000] {processor.py:925} INFO - DAG(s) 'example_setup_teardown' retrieved from /opt/conda/lib/python3.12/site-packages/airflow/example_dags/example_setup_teardown.py
[2025-02-07T12:57:31.632+0000] {logging_mixin.py:190} INFO - [2025-02-07T12:57:31.632+0000] {dag.py:3239} INFO - Sync 1 DAGs
[2025-02-07T12:57:31.642+0000] {logging_mixin.py:190} INFO - [2025-02-07T12:57:31.642+0000] {dag.py:4180} INFO - Setting next_dagrun for example_setup_teardown to None, run_after=None
[2025-02-07T12:57:31.656+0000] {processor.py:208} INFO - Processing /opt/conda/lib/python3.12/site-packages/airflow/example_dags/example_setup_teardown.py took 0.054 seconds
[2025-02-07T13:04:43.829+0000] {processor.py:186} INFO - Started process (PID=1230) to work on /opt/conda/lib/python3.12/site-packages/airflow/example_dags/example_setup_teardown.py
[2025-02-07T13:04:43.830+0000] {processor.py:914} INFO - Processing file /opt/conda/lib/python3.12/site-packages/airflow/example_dags/example_setup_teardown.py for tasks to queue
[2025-02-07T13:04:43.833+0000] {logging_mixin.py:190} INFO - [2025-02-07T13:04:43.833+0000] {dagbag.py:588} INFO - Filling up the DagBag from /opt/conda/lib/python3.12/site-packages/airflow/example_dags/example_setup_teardown.py
[2025-02-07T13:04:43.842+0000] {processor.py:925} INFO - DAG(s) 'example_setup_teardown' retrieved from /opt/conda/lib/python3.12/site-packages/airflow/example_dags/example_setup_teardown.py
[2025-02-07T13:04:43.870+0000] {logging_mixin.py:190} INFO - [2025-02-07T13:04:43.870+0000] {dag.py:3239} INFO - Sync 1 DAGs
[2025-02-07T13:04:43.882+0000] {logging_mixin.py:190} INFO - [2025-02-07T13:04:43.881+0000] {dag.py:4180} INFO - Setting next_dagrun for example_setup_teardown to None, run_after=None
[2025-02-07T13:04:43.901+0000] {processor.py:208} INFO - Processing /opt/conda/lib/python3.12/site-packages/airflow/example_dags/example_setup_teardown.py took 0.077 seconds
[2025-02-07T13:07:43.225+0000] {processor.py:186} INFO - Started process (PID=690) to work on /opt/conda/lib/python3.12/site-packages/airflow/example_dags/example_setup_teardown.py
[2025-02-07T13:07:43.226+0000] {processor.py:914} INFO - Processing file /opt/conda/lib/python3.12/site-packages/airflow/example_dags/example_setup_teardown.py for tasks to queue
[2025-02-07T13:07:43.228+0000] {logging_mixin.py:190} INFO - [2025-02-07T13:07:43.227+0000] {dagbag.py:588} INFO - Filling up the DagBag from /opt/conda/lib/python3.12/site-packages/airflow/example_dags/example_setup_teardown.py
[2025-02-07T13:07:43.233+0000] {processor.py:925} INFO - DAG(s) 'example_setup_teardown' retrieved from /opt/conda/lib/python3.12/site-packages/airflow/example_dags/example_setup_teardown.py
[2025-02-07T13:07:43.244+0000] {logging_mixin.py:190} INFO - [2025-02-07T13:07:43.244+0000] {dag.py:3239} INFO - Sync 1 DAGs
[2025-02-07T13:07:43.251+0000] {logging_mixin.py:190} INFO - [2025-02-07T13:07:43.251+0000] {dag.py:4180} INFO - Setting next_dagrun for example_setup_teardown to None, run_after=None
[2025-02-07T13:07:43.264+0000] {processor.py:208} INFO - Processing /opt/conda/lib/python3.12/site-packages/airflow/example_dags/example_setup_teardown.py took 0.043 seconds
[2025-02-07T13:25:46.929+0000] {processor.py:186} INFO - Started process (PID=577) to work on /opt/conda/lib/python3.12/site-packages/airflow/example_dags/example_setup_teardown.py
[2025-02-07T13:25:46.930+0000] {processor.py:914} INFO - Processing file /opt/conda/lib/python3.12/site-packages/airflow/example_dags/example_setup_teardown.py for tasks to queue
[2025-02-07T13:25:46.931+0000] {logging_mixin.py:190} INFO - [2025-02-07T13:25:46.930+0000] {dagbag.py:588} INFO - Filling up the DagBag from /opt/conda/lib/python3.12/site-packages/airflow/example_dags/example_setup_teardown.py
[2025-02-07T13:25:46.937+0000] {processor.py:925} INFO - DAG(s) 'example_setup_teardown' retrieved from /opt/conda/lib/python3.12/site-packages/airflow/example_dags/example_setup_teardown.py
[2025-02-07T13:25:46.963+0000] {logging_mixin.py:190} INFO - [2025-02-07T13:25:46.963+0000] {dag.py:3239} INFO - Sync 1 DAGs
[2025-02-07T13:25:46.975+0000] {logging_mixin.py:190} INFO - [2025-02-07T13:25:46.975+0000] {dag.py:4180} INFO - Setting next_dagrun for example_setup_teardown to None, run_after=None
[2025-02-07T13:25:46.987+0000] {processor.py:208} INFO - Processing /opt/conda/lib/python3.12/site-packages/airflow/example_dags/example_setup_teardown.py took 0.063 seconds
[2025-02-07T13:27:20.609+0000] {processor.py:186} INFO - Started process (PID=191) to work on /opt/conda/lib/python3.12/site-packages/airflow/example_dags/example_setup_teardown.py
[2025-02-07T13:27:20.610+0000] {processor.py:914} INFO - Processing file /opt/conda/lib/python3.12/site-packages/airflow/example_dags/example_setup_teardown.py for tasks to queue
[2025-02-07T13:27:20.613+0000] {logging_mixin.py:190} INFO - [2025-02-07T13:27:20.613+0000] {dagbag.py:588} INFO - Filling up the DagBag from /opt/conda/lib/python3.12/site-packages/airflow/example_dags/example_setup_teardown.py
[2025-02-07T13:27:20.638+0000] {processor.py:925} INFO - DAG(s) 'example_setup_teardown' retrieved from /opt/conda/lib/python3.12/site-packages/airflow/example_dags/example_setup_teardown.py
[2025-02-07T13:27:20.673+0000] {logging_mixin.py:190} INFO - [2025-02-07T13:27:20.673+0000] {dag.py:3239} INFO - Sync 1 DAGs
[2025-02-07T13:27:20.688+0000] {logging_mixin.py:190} INFO - [2025-02-07T13:27:20.688+0000] {dag.py:4180} INFO - Setting next_dagrun for example_setup_teardown to None, run_after=None
[2025-02-07T13:27:20.718+0000] {processor.py:208} INFO - Processing /opt/conda/lib/python3.12/site-packages/airflow/example_dags/example_setup_teardown.py took 0.114 seconds
[2025-02-07T13:28:53.533+0000] {processor.py:186} INFO - Started process (PID=344) to work on /opt/conda/lib/python3.12/site-packages/airflow/example_dags/example_setup_teardown.py
[2025-02-07T13:28:53.545+0000] {processor.py:914} INFO - Processing file /opt/conda/lib/python3.12/site-packages/airflow/example_dags/example_setup_teardown.py for tasks to queue
[2025-02-07T13:28:53.550+0000] {logging_mixin.py:190} INFO - [2025-02-07T13:28:53.549+0000] {dagbag.py:588} INFO - Filling up the DagBag from /opt/conda/lib/python3.12/site-packages/airflow/example_dags/example_setup_teardown.py
[2025-02-07T13:28:53.569+0000] {processor.py:925} INFO - DAG(s) 'example_setup_teardown' retrieved from /opt/conda/lib/python3.12/site-packages/airflow/example_dags/example_setup_teardown.py
[2025-02-07T13:28:53.606+0000] {logging_mixin.py:190} INFO - [2025-02-07T13:28:53.606+0000] {dag.py:3239} INFO - Sync 1 DAGs
[2025-02-07T13:28:53.646+0000] {logging_mixin.py:190} INFO - [2025-02-07T13:28:53.646+0000] {dag.py:4180} INFO - Setting next_dagrun for example_setup_teardown to None, run_after=None
[2025-02-07T13:28:53.733+0000] {processor.py:208} INFO - Processing /opt/conda/lib/python3.12/site-packages/airflow/example_dags/example_setup_teardown.py took 0.214 seconds
[2025-02-07T13:30:07.989+0000] {processor.py:186} INFO - Started process (PID=429) to work on /opt/conda/lib/python3.12/site-packages/airflow/example_dags/example_setup_teardown.py
[2025-02-07T13:30:07.992+0000] {processor.py:914} INFO - Processing file /opt/conda/lib/python3.12/site-packages/airflow/example_dags/example_setup_teardown.py for tasks to queue
[2025-02-07T13:30:07.994+0000] {logging_mixin.py:190} INFO - [2025-02-07T13:30:07.994+0000] {dagbag.py:588} INFO - Filling up the DagBag from /opt/conda/lib/python3.12/site-packages/airflow/example_dags/example_setup_teardown.py
[2025-02-07T13:30:08.000+0000] {processor.py:925} INFO - DAG(s) 'example_setup_teardown' retrieved from /opt/conda/lib/python3.12/site-packages/airflow/example_dags/example_setup_teardown.py
[2025-02-07T13:30:08.013+0000] {logging_mixin.py:190} INFO - [2025-02-07T13:30:08.013+0000] {dag.py:3239} INFO - Sync 1 DAGs
[2025-02-07T13:30:08.020+0000] {logging_mixin.py:190} INFO - [2025-02-07T13:30:08.020+0000] {dag.py:4180} INFO - Setting next_dagrun for example_setup_teardown to None, run_after=None
[2025-02-07T13:30:08.032+0000] {processor.py:208} INFO - Processing /opt/conda/lib/python3.12/site-packages/airflow/example_dags/example_setup_teardown.py took 0.049 seconds
[2025-02-07T13:33:15.620+0000] {processor.py:186} INFO - Started process (PID=311) to work on /opt/conda/lib/python3.12/site-packages/airflow/example_dags/example_setup_teardown.py
[2025-02-07T13:33:15.621+0000] {processor.py:914} INFO - Processing file /opt/conda/lib/python3.12/site-packages/airflow/example_dags/example_setup_teardown.py for tasks to queue
[2025-02-07T13:33:15.622+0000] {logging_mixin.py:190} INFO - [2025-02-07T13:33:15.622+0000] {dagbag.py:588} INFO - Filling up the DagBag from /opt/conda/lib/python3.12/site-packages/airflow/example_dags/example_setup_teardown.py
[2025-02-07T13:33:15.627+0000] {processor.py:925} INFO - DAG(s) 'example_setup_teardown' retrieved from /opt/conda/lib/python3.12/site-packages/airflow/example_dags/example_setup_teardown.py
[2025-02-07T13:33:15.637+0000] {logging_mixin.py:190} INFO - [2025-02-07T13:33:15.637+0000] {dag.py:3239} INFO - Sync 1 DAGs
[2025-02-07T13:33:15.644+0000] {logging_mixin.py:190} INFO - [2025-02-07T13:33:15.643+0000] {dag.py:4180} INFO - Setting next_dagrun for example_setup_teardown to None, run_after=None
[2025-02-07T13:33:15.679+0000] {processor.py:208} INFO - Processing /opt/conda/lib/python3.12/site-packages/airflow/example_dags/example_setup_teardown.py took 0.063 seconds
[2025-02-07T13:35:09.701+0000] {processor.py:186} INFO - Started process (PID=201) to work on /opt/conda/lib/python3.12/site-packages/airflow/example_dags/example_setup_teardown.py
[2025-02-07T13:35:09.703+0000] {processor.py:914} INFO - Processing file /opt/conda/lib/python3.12/site-packages/airflow/example_dags/example_setup_teardown.py for tasks to queue
[2025-02-07T13:35:09.708+0000] {logging_mixin.py:190} INFO - [2025-02-07T13:35:09.707+0000] {dagbag.py:588} INFO - Filling up the DagBag from /opt/conda/lib/python3.12/site-packages/airflow/example_dags/example_setup_teardown.py
[2025-02-07T13:35:09.729+0000] {processor.py:925} INFO - DAG(s) 'example_setup_teardown' retrieved from /opt/conda/lib/python3.12/site-packages/airflow/example_dags/example_setup_teardown.py
[2025-02-07T13:35:09.751+0000] {logging_mixin.py:190} INFO - [2025-02-07T13:35:09.750+0000] {dag.py:3239} INFO - Sync 1 DAGs
[2025-02-07T13:35:09.780+0000] {logging_mixin.py:190} INFO - [2025-02-07T13:35:09.779+0000] {dag.py:4180} INFO - Setting next_dagrun for example_setup_teardown to None, run_after=None
[2025-02-07T13:35:09.817+0000] {processor.py:208} INFO - Processing /opt/conda/lib/python3.12/site-packages/airflow/example_dags/example_setup_teardown.py took 0.124 seconds
[2025-02-07T13:38:17.767+0000] {processor.py:186} INFO - Started process (PID=316) to work on /opt/conda/lib/python3.12/site-packages/airflow/example_dags/example_setup_teardown.py
[2025-02-07T13:38:17.770+0000] {processor.py:914} INFO - Processing file /opt/conda/lib/python3.12/site-packages/airflow/example_dags/example_setup_teardown.py for tasks to queue
[2025-02-07T13:38:17.771+0000] {logging_mixin.py:190} INFO - [2025-02-07T13:38:17.771+0000] {dagbag.py:588} INFO - Filling up the DagBag from /opt/conda/lib/python3.12/site-packages/airflow/example_dags/example_setup_teardown.py
[2025-02-07T13:38:17.778+0000] {processor.py:925} INFO - DAG(s) 'example_setup_teardown' retrieved from /opt/conda/lib/python3.12/site-packages/airflow/example_dags/example_setup_teardown.py
[2025-02-07T13:38:17.789+0000] {logging_mixin.py:190} INFO - [2025-02-07T13:38:17.789+0000] {dag.py:3239} INFO - Sync 1 DAGs
[2025-02-07T13:38:17.801+0000] {logging_mixin.py:190} INFO - [2025-02-07T13:38:17.801+0000] {dag.py:4180} INFO - Setting next_dagrun for example_setup_teardown to None, run_after=None
[2025-02-07T13:38:17.815+0000] {processor.py:208} INFO - Processing /opt/conda/lib/python3.12/site-packages/airflow/example_dags/example_setup_teardown.py took 0.061 seconds
[2025-02-07T13:39:37.521+0000] {processor.py:186} INFO - Started process (PID=494) to work on /opt/conda/lib/python3.12/site-packages/airflow/example_dags/example_setup_teardown.py
[2025-02-07T13:39:37.523+0000] {processor.py:914} INFO - Processing file /opt/conda/lib/python3.12/site-packages/airflow/example_dags/example_setup_teardown.py for tasks to queue
[2025-02-07T13:39:37.525+0000] {logging_mixin.py:190} INFO - [2025-02-07T13:39:37.525+0000] {dagbag.py:588} INFO - Filling up the DagBag from /opt/conda/lib/python3.12/site-packages/airflow/example_dags/example_setup_teardown.py
[2025-02-07T13:39:37.533+0000] {processor.py:925} INFO - DAG(s) 'example_setup_teardown' retrieved from /opt/conda/lib/python3.12/site-packages/airflow/example_dags/example_setup_teardown.py
[2025-02-07T13:39:37.545+0000] {logging_mixin.py:190} INFO - [2025-02-07T13:39:37.545+0000] {dag.py:3239} INFO - Sync 1 DAGs
[2025-02-07T13:39:37.553+0000] {logging_mixin.py:190} INFO - [2025-02-07T13:39:37.553+0000] {dag.py:4180} INFO - Setting next_dagrun for example_setup_teardown to None, run_after=None
[2025-02-07T13:39:37.567+0000] {processor.py:208} INFO - Processing /opt/conda/lib/python3.12/site-packages/airflow/example_dags/example_setup_teardown.py took 0.053 seconds
[2025-02-07T13:40:35.084+0000] {processor.py:186} INFO - Started process (PID=562) to work on /opt/conda/lib/python3.12/site-packages/airflow/example_dags/example_setup_teardown.py
[2025-02-07T13:40:35.086+0000] {processor.py:914} INFO - Processing file /opt/conda/lib/python3.12/site-packages/airflow/example_dags/example_setup_teardown.py for tasks to queue
[2025-02-07T13:40:35.088+0000] {logging_mixin.py:190} INFO - [2025-02-07T13:40:35.088+0000] {dagbag.py:588} INFO - Filling up the DagBag from /opt/conda/lib/python3.12/site-packages/airflow/example_dags/example_setup_teardown.py
[2025-02-07T13:40:35.097+0000] {processor.py:925} INFO - DAG(s) 'example_setup_teardown' retrieved from /opt/conda/lib/python3.12/site-packages/airflow/example_dags/example_setup_teardown.py
[2025-02-07T13:40:35.111+0000] {logging_mixin.py:190} INFO - [2025-02-07T13:40:35.111+0000] {dag.py:3239} INFO - Sync 1 DAGs
[2025-02-07T13:40:35.120+0000] {logging_mixin.py:190} INFO - [2025-02-07T13:40:35.120+0000] {dag.py:4180} INFO - Setting next_dagrun for example_setup_teardown to None, run_after=None
[2025-02-07T13:40:35.134+0000] {processor.py:208} INFO - Processing /opt/conda/lib/python3.12/site-packages/airflow/example_dags/example_setup_teardown.py took 0.056 seconds
[2025-02-07T13:41:32.989+0000] {processor.py:186} INFO - Started process (PID=629) to work on /opt/conda/lib/python3.12/site-packages/airflow/example_dags/example_setup_teardown.py
[2025-02-07T13:41:32.991+0000] {processor.py:914} INFO - Processing file /opt/conda/lib/python3.12/site-packages/airflow/example_dags/example_setup_teardown.py for tasks to queue
[2025-02-07T13:41:32.993+0000] {logging_mixin.py:190} INFO - [2025-02-07T13:41:32.992+0000] {dagbag.py:588} INFO - Filling up the DagBag from /opt/conda/lib/python3.12/site-packages/airflow/example_dags/example_setup_teardown.py
[2025-02-07T13:41:33.000+0000] {processor.py:925} INFO - DAG(s) 'example_setup_teardown' retrieved from /opt/conda/lib/python3.12/site-packages/airflow/example_dags/example_setup_teardown.py
[2025-02-07T13:41:33.013+0000] {logging_mixin.py:190} INFO - [2025-02-07T13:41:33.012+0000] {dag.py:3239} INFO - Sync 1 DAGs
[2025-02-07T13:41:33.022+0000] {logging_mixin.py:190} INFO - [2025-02-07T13:41:33.022+0000] {dag.py:4180} INFO - Setting next_dagrun for example_setup_teardown to None, run_after=None
[2025-02-07T13:41:33.055+0000] {processor.py:208} INFO - Processing /opt/conda/lib/python3.12/site-packages/airflow/example_dags/example_setup_teardown.py took 0.074 seconds
[2025-02-07T13:42:40.811+0000] {processor.py:186} INFO - Started process (PID=797) to work on /opt/conda/lib/python3.12/site-packages/airflow/example_dags/example_setup_teardown.py
[2025-02-07T13:42:40.813+0000] {processor.py:914} INFO - Processing file /opt/conda/lib/python3.12/site-packages/airflow/example_dags/example_setup_teardown.py for tasks to queue
[2025-02-07T13:42:40.815+0000] {logging_mixin.py:190} INFO - [2025-02-07T13:42:40.815+0000] {dagbag.py:588} INFO - Filling up the DagBag from /opt/conda/lib/python3.12/site-packages/airflow/example_dags/example_setup_teardown.py
[2025-02-07T13:42:40.821+0000] {processor.py:925} INFO - DAG(s) 'example_setup_teardown' retrieved from /opt/conda/lib/python3.12/site-packages/airflow/example_dags/example_setup_teardown.py
[2025-02-07T13:42:40.833+0000] {logging_mixin.py:190} INFO - [2025-02-07T13:42:40.833+0000] {dag.py:3239} INFO - Sync 1 DAGs
[2025-02-07T13:42:40.841+0000] {logging_mixin.py:190} INFO - [2025-02-07T13:42:40.841+0000] {dag.py:4180} INFO - Setting next_dagrun for example_setup_teardown to None, run_after=None
[2025-02-07T13:42:40.853+0000] {processor.py:208} INFO - Processing /opt/conda/lib/python3.12/site-packages/airflow/example_dags/example_setup_teardown.py took 0.046 seconds
[2025-02-07T13:43:43.346+0000] {processor.py:186} INFO - Started process (PID=870) to work on /opt/conda/lib/python3.12/site-packages/airflow/example_dags/example_setup_teardown.py
[2025-02-07T13:43:43.349+0000] {processor.py:914} INFO - Processing file /opt/conda/lib/python3.12/site-packages/airflow/example_dags/example_setup_teardown.py for tasks to queue
[2025-02-07T13:43:43.351+0000] {logging_mixin.py:190} INFO - [2025-02-07T13:43:43.351+0000] {dagbag.py:588} INFO - Filling up the DagBag from /opt/conda/lib/python3.12/site-packages/airflow/example_dags/example_setup_teardown.py
[2025-02-07T13:43:43.359+0000] {processor.py:925} INFO - DAG(s) 'example_setup_teardown' retrieved from /opt/conda/lib/python3.12/site-packages/airflow/example_dags/example_setup_teardown.py
[2025-02-07T13:43:43.373+0000] {logging_mixin.py:190} INFO - [2025-02-07T13:43:43.372+0000] {dag.py:3239} INFO - Sync 1 DAGs
[2025-02-07T13:43:43.380+0000] {logging_mixin.py:190} INFO - [2025-02-07T13:43:43.380+0000] {dag.py:4180} INFO - Setting next_dagrun for example_setup_teardown to None, run_after=None
[2025-02-07T13:43:43.406+0000] {processor.py:208} INFO - Processing /opt/conda/lib/python3.12/site-packages/airflow/example_dags/example_setup_teardown.py took 0.067 seconds
[2025-02-07T13:45:37.572+0000] {processor.py:186} INFO - Started process (PID=1172) to work on /opt/conda/lib/python3.12/site-packages/airflow/example_dags/example_setup_teardown.py
[2025-02-07T13:45:37.575+0000] {processor.py:914} INFO - Processing file /opt/conda/lib/python3.12/site-packages/airflow/example_dags/example_setup_teardown.py for tasks to queue
[2025-02-07T13:45:37.578+0000] {logging_mixin.py:190} INFO - [2025-02-07T13:45:37.578+0000] {dagbag.py:588} INFO - Filling up the DagBag from /opt/conda/lib/python3.12/site-packages/airflow/example_dags/example_setup_teardown.py
[2025-02-07T13:45:37.590+0000] {processor.py:925} INFO - DAG(s) 'example_setup_teardown' retrieved from /opt/conda/lib/python3.12/site-packages/airflow/example_dags/example_setup_teardown.py
[2025-02-07T13:45:37.607+0000] {logging_mixin.py:190} INFO - [2025-02-07T13:45:37.607+0000] {dag.py:3239} INFO - Sync 1 DAGs
[2025-02-07T13:45:37.621+0000] {logging_mixin.py:190} INFO - [2025-02-07T13:45:37.621+0000] {dag.py:4180} INFO - Setting next_dagrun for example_setup_teardown to None, run_after=None
[2025-02-07T13:45:37.644+0000] {processor.py:208} INFO - Processing /opt/conda/lib/python3.12/site-packages/airflow/example_dags/example_setup_teardown.py took 0.093 seconds
[2025-02-07T14:05:02.531+0000] {processor.py:186} INFO - Started process (PID=1678) to work on /opt/conda/lib/python3.12/site-packages/airflow/example_dags/example_setup_teardown.py
[2025-02-07T14:05:02.533+0000] {processor.py:914} INFO - Processing file /opt/conda/lib/python3.12/site-packages/airflow/example_dags/example_setup_teardown.py for tasks to queue
[2025-02-07T14:05:02.534+0000] {logging_mixin.py:190} INFO - [2025-02-07T14:05:02.533+0000] {dagbag.py:588} INFO - Filling up the DagBag from /opt/conda/lib/python3.12/site-packages/airflow/example_dags/example_setup_teardown.py
[2025-02-07T14:05:02.538+0000] {processor.py:925} INFO - DAG(s) 'example_setup_teardown' retrieved from /opt/conda/lib/python3.12/site-packages/airflow/example_dags/example_setup_teardown.py
[2025-02-07T14:05:02.549+0000] {logging_mixin.py:190} INFO - [2025-02-07T14:05:02.549+0000] {dag.py:3239} INFO - Sync 1 DAGs
[2025-02-07T14:05:02.561+0000] {logging_mixin.py:190} INFO - [2025-02-07T14:05:02.560+0000] {dag.py:4180} INFO - Setting next_dagrun for example_setup_teardown to None, run_after=None
[2025-02-07T14:05:02.576+0000] {processor.py:208} INFO - Processing /opt/conda/lib/python3.12/site-packages/airflow/example_dags/example_setup_teardown.py took 0.051 seconds
[2025-02-07T14:06:14.133+0000] {processor.py:186} INFO - Started process (PID=1820) to work on /opt/conda/lib/python3.12/site-packages/airflow/example_dags/example_setup_teardown.py
[2025-02-07T14:06:14.135+0000] {processor.py:914} INFO - Processing file /opt/conda/lib/python3.12/site-packages/airflow/example_dags/example_setup_teardown.py for tasks to queue
[2025-02-07T14:06:14.137+0000] {logging_mixin.py:190} INFO - [2025-02-07T14:06:14.136+0000] {dagbag.py:588} INFO - Filling up the DagBag from /opt/conda/lib/python3.12/site-packages/airflow/example_dags/example_setup_teardown.py
[2025-02-07T14:06:14.143+0000] {processor.py:925} INFO - DAG(s) 'example_setup_teardown' retrieved from /opt/conda/lib/python3.12/site-packages/airflow/example_dags/example_setup_teardown.py
[2025-02-07T14:06:14.157+0000] {logging_mixin.py:190} INFO - [2025-02-07T14:06:14.157+0000] {dag.py:3239} INFO - Sync 1 DAGs
[2025-02-07T14:06:14.166+0000] {logging_mixin.py:190} INFO - [2025-02-07T14:06:14.166+0000] {dag.py:4180} INFO - Setting next_dagrun for example_setup_teardown to None, run_after=None
[2025-02-07T14:06:14.185+0000] {processor.py:208} INFO - Processing /opt/conda/lib/python3.12/site-packages/airflow/example_dags/example_setup_teardown.py took 0.065 seconds
[2025-02-07T14:07:36.908+0000] {processor.py:186} INFO - Started process (PID=2008) to work on /opt/conda/lib/python3.12/site-packages/airflow/example_dags/example_setup_teardown.py
[2025-02-07T14:07:36.910+0000] {processor.py:914} INFO - Processing file /opt/conda/lib/python3.12/site-packages/airflow/example_dags/example_setup_teardown.py for tasks to queue
[2025-02-07T14:07:36.911+0000] {logging_mixin.py:190} INFO - [2025-02-07T14:07:36.911+0000] {dagbag.py:588} INFO - Filling up the DagBag from /opt/conda/lib/python3.12/site-packages/airflow/example_dags/example_setup_teardown.py
[2025-02-07T14:07:36.919+0000] {processor.py:925} INFO - DAG(s) 'example_setup_teardown' retrieved from /opt/conda/lib/python3.12/site-packages/airflow/example_dags/example_setup_teardown.py
[2025-02-07T14:07:36.939+0000] {logging_mixin.py:190} INFO - [2025-02-07T14:07:36.939+0000] {dag.py:3239} INFO - Sync 1 DAGs
[2025-02-07T14:07:36.949+0000] {logging_mixin.py:190} INFO - [2025-02-07T14:07:36.949+0000] {dag.py:4180} INFO - Setting next_dagrun for example_setup_teardown to None, run_after=None
[2025-02-07T14:07:36.970+0000] {processor.py:208} INFO - Processing /opt/conda/lib/python3.12/site-packages/airflow/example_dags/example_setup_teardown.py took 0.071 seconds
