[2025-02-07T12:12:11.310+0000] {processor.py:186} INFO - Started process (PID=2754) to work on /opt/conda/lib/python3.12/site-packages/airflow/example_dags/example_inlet_event_extra.py
[2025-02-07T12:12:11.311+0000] {processor.py:914} INFO - Processing file /opt/conda/lib/python3.12/site-packages/airflow/example_dags/example_inlet_event_extra.py for tasks to queue
[2025-02-07T12:12:11.315+0000] {logging_mixin.py:190} INFO - [2025-02-07T12:12:11.314+0000] {dagbag.py:588} INFO - Filling up the DagBag from /opt/conda/lib/python3.12/site-packages/airflow/example_dags/example_inlet_event_extra.py
[2025-02-07T12:12:11.349+0000] {processor.py:925} INFO - DAG(s) 'read_dataset_event', 'read_dataset_event_from_classic' retrieved from /opt/conda/lib/python3.12/site-packages/airflow/example_dags/example_inlet_event_extra.py
[2025-02-07T12:12:11.367+0000] {logging_mixin.py:190} INFO - [2025-02-07T12:12:11.367+0000] {dag.py:3239} INFO - Sync 2 DAGs
[2025-02-07T12:12:11.385+0000] {logging_mixin.py:190} INFO - [2025-02-07T12:12:11.385+0000] {dag.py:4180} INFO - Setting next_dagrun for read_dataset_event to 2025-02-06 00:00:00+00:00, run_after=2025-02-07 00:00:00+00:00
[2025-02-07T12:12:11.389+0000] {logging_mixin.py:190} INFO - [2025-02-07T12:12:11.388+0000] {dag.py:4180} INFO - Setting next_dagrun for read_dataset_event_from_classic to 2025-02-06 00:00:00+00:00, run_after=2025-02-07 00:00:00+00:00
[2025-02-07T12:12:11.413+0000] {processor.py:208} INFO - Processing /opt/conda/lib/python3.12/site-packages/airflow/example_dags/example_inlet_event_extra.py took 0.109 seconds
[2025-02-07T12:33:04.633+0000] {processor.py:186} INFO - Started process (PID=135) to work on /opt/conda/lib/python3.12/site-packages/airflow/example_dags/example_inlet_event_extra.py
[2025-02-07T12:33:04.634+0000] {processor.py:914} INFO - Processing file /opt/conda/lib/python3.12/site-packages/airflow/example_dags/example_inlet_event_extra.py for tasks to queue
[2025-02-07T12:33:04.637+0000] {logging_mixin.py:190} INFO - [2025-02-07T12:33:04.637+0000] {dagbag.py:588} INFO - Filling up the DagBag from /opt/conda/lib/python3.12/site-packages/airflow/example_dags/example_inlet_event_extra.py
[2025-02-07T12:33:04.652+0000] {processor.py:925} INFO - DAG(s) 'read_dataset_event_from_classic', 'read_dataset_event' retrieved from /opt/conda/lib/python3.12/site-packages/airflow/example_dags/example_inlet_event_extra.py
[2025-02-07T12:33:04.669+0000] {logging_mixin.py:190} INFO - [2025-02-07T12:33:04.669+0000] {dag.py:3239} INFO - Sync 2 DAGs
[2025-02-07T12:33:04.689+0000] {logging_mixin.py:190} INFO - [2025-02-07T12:33:04.689+0000] {dag.py:4180} INFO - Setting next_dagrun for read_dataset_event to 2025-02-06 00:00:00+00:00, run_after=2025-02-07 00:00:00+00:00
[2025-02-07T12:33:04.693+0000] {logging_mixin.py:190} INFO - [2025-02-07T12:33:04.693+0000] {dag.py:4180} INFO - Setting next_dagrun for read_dataset_event_from_classic to 2025-02-06 00:00:00+00:00, run_after=2025-02-07 00:00:00+00:00
[2025-02-07T12:33:04.708+0000] {processor.py:208} INFO - Processing /opt/conda/lib/python3.12/site-packages/airflow/example_dags/example_inlet_event_extra.py took 0.094 seconds
[2025-02-07T12:36:53.299+0000] {processor.py:186} INFO - Started process (PID=113) to work on /opt/conda/lib/python3.12/site-packages/airflow/example_dags/example_inlet_event_extra.py
[2025-02-07T12:36:53.301+0000] {processor.py:914} INFO - Processing file /opt/conda/lib/python3.12/site-packages/airflow/example_dags/example_inlet_event_extra.py for tasks to queue
[2025-02-07T12:36:53.306+0000] {logging_mixin.py:190} INFO - [2025-02-07T12:36:53.305+0000] {dagbag.py:588} INFO - Filling up the DagBag from /opt/conda/lib/python3.12/site-packages/airflow/example_dags/example_inlet_event_extra.py
[2025-02-07T12:36:53.338+0000] {processor.py:925} INFO - DAG(s) 'read_dataset_event_from_classic', 'read_dataset_event' retrieved from /opt/conda/lib/python3.12/site-packages/airflow/example_dags/example_inlet_event_extra.py
[2025-02-07T12:36:53.371+0000] {logging_mixin.py:190} INFO - [2025-02-07T12:36:53.371+0000] {dag.py:3239} INFO - Sync 2 DAGs
[2025-02-07T12:36:53.394+0000] {logging_mixin.py:190} INFO - [2025-02-07T12:36:53.394+0000] {dag.py:4180} INFO - Setting next_dagrun for read_dataset_event to 2025-02-06 00:00:00+00:00, run_after=2025-02-07 00:00:00+00:00
[2025-02-07T12:36:53.400+0000] {logging_mixin.py:190} INFO - [2025-02-07T12:36:53.400+0000] {dag.py:4180} INFO - Setting next_dagrun for read_dataset_event_from_classic to 2025-02-06 00:00:00+00:00, run_after=2025-02-07 00:00:00+00:00
[2025-02-07T12:36:53.417+0000] {processor.py:208} INFO - Processing /opt/conda/lib/python3.12/site-packages/airflow/example_dags/example_inlet_event_extra.py took 0.129 seconds
[2025-02-07T12:38:07.251+0000] {processor.py:186} INFO - Started process (PID=188) to work on /opt/conda/lib/python3.12/site-packages/airflow/example_dags/example_inlet_event_extra.py
[2025-02-07T12:38:07.252+0000] {processor.py:914} INFO - Processing file /opt/conda/lib/python3.12/site-packages/airflow/example_dags/example_inlet_event_extra.py for tasks to queue
[2025-02-07T12:38:07.253+0000] {logging_mixin.py:190} INFO - [2025-02-07T12:38:07.253+0000] {dagbag.py:588} INFO - Filling up the DagBag from /opt/conda/lib/python3.12/site-packages/airflow/example_dags/example_inlet_event_extra.py
[2025-02-07T12:38:07.263+0000] {processor.py:925} INFO - DAG(s) 'read_dataset_event_from_classic', 'read_dataset_event' retrieved from /opt/conda/lib/python3.12/site-packages/airflow/example_dags/example_inlet_event_extra.py
[2025-02-07T12:38:07.276+0000] {logging_mixin.py:190} INFO - [2025-02-07T12:38:07.276+0000] {dag.py:3239} INFO - Sync 2 DAGs
[2025-02-07T12:38:07.290+0000] {logging_mixin.py:190} INFO - [2025-02-07T12:38:07.290+0000] {dag.py:4180} INFO - Setting next_dagrun for read_dataset_event to 2025-02-06 00:00:00+00:00, run_after=2025-02-07 00:00:00+00:00
[2025-02-07T12:38:07.293+0000] {logging_mixin.py:190} INFO - [2025-02-07T12:38:07.293+0000] {dag.py:4180} INFO - Setting next_dagrun for read_dataset_event_from_classic to 2025-02-06 00:00:00+00:00, run_after=2025-02-07 00:00:00+00:00
[2025-02-07T12:38:07.307+0000] {processor.py:208} INFO - Processing /opt/conda/lib/python3.12/site-packages/airflow/example_dags/example_inlet_event_extra.py took 0.060 seconds
[2025-02-07T12:39:06.831+0000] {processor.py:186} INFO - Started process (PID=257) to work on /opt/conda/lib/python3.12/site-packages/airflow/example_dags/example_inlet_event_extra.py
[2025-02-07T12:39:06.832+0000] {processor.py:914} INFO - Processing file /opt/conda/lib/python3.12/site-packages/airflow/example_dags/example_inlet_event_extra.py for tasks to queue
[2025-02-07T12:39:06.834+0000] {logging_mixin.py:190} INFO - [2025-02-07T12:39:06.834+0000] {dagbag.py:588} INFO - Filling up the DagBag from /opt/conda/lib/python3.12/site-packages/airflow/example_dags/example_inlet_event_extra.py
[2025-02-07T12:39:06.845+0000] {processor.py:925} INFO - DAG(s) 'read_dataset_event_from_classic', 'read_dataset_event' retrieved from /opt/conda/lib/python3.12/site-packages/airflow/example_dags/example_inlet_event_extra.py
[2025-02-07T12:39:06.859+0000] {logging_mixin.py:190} INFO - [2025-02-07T12:39:06.858+0000] {dag.py:3239} INFO - Sync 2 DAGs
[2025-02-07T12:39:06.874+0000] {logging_mixin.py:190} INFO - [2025-02-07T12:39:06.874+0000] {dag.py:4180} INFO - Setting next_dagrun for read_dataset_event to 2025-02-06 00:00:00+00:00, run_after=2025-02-07 00:00:00+00:00
[2025-02-07T12:39:06.877+0000] {logging_mixin.py:190} INFO - [2025-02-07T12:39:06.877+0000] {dag.py:4180} INFO - Setting next_dagrun for read_dataset_event_from_classic to 2025-02-06 00:00:00+00:00, run_after=2025-02-07 00:00:00+00:00
[2025-02-07T12:39:06.889+0000] {processor.py:208} INFO - Processing /opt/conda/lib/python3.12/site-packages/airflow/example_dags/example_inlet_event_extra.py took 0.063 seconds
[2025-02-07T12:40:04.674+0000] {processor.py:186} INFO - Started process (PID=325) to work on /opt/conda/lib/python3.12/site-packages/airflow/example_dags/example_inlet_event_extra.py
[2025-02-07T12:40:04.675+0000] {processor.py:914} INFO - Processing file /opt/conda/lib/python3.12/site-packages/airflow/example_dags/example_inlet_event_extra.py for tasks to queue
[2025-02-07T12:40:04.677+0000] {logging_mixin.py:190} INFO - [2025-02-07T12:40:04.677+0000] {dagbag.py:588} INFO - Filling up the DagBag from /opt/conda/lib/python3.12/site-packages/airflow/example_dags/example_inlet_event_extra.py
[2025-02-07T12:40:04.688+0000] {processor.py:925} INFO - DAG(s) 'read_dataset_event_from_classic', 'read_dataset_event' retrieved from /opt/conda/lib/python3.12/site-packages/airflow/example_dags/example_inlet_event_extra.py
[2025-02-07T12:40:04.703+0000] {logging_mixin.py:190} INFO - [2025-02-07T12:40:04.702+0000] {dag.py:3239} INFO - Sync 2 DAGs
[2025-02-07T12:40:04.716+0000] {logging_mixin.py:190} INFO - [2025-02-07T12:40:04.716+0000] {dag.py:4180} INFO - Setting next_dagrun for read_dataset_event to 2025-02-06 00:00:00+00:00, run_after=2025-02-07 00:00:00+00:00
[2025-02-07T12:40:04.719+0000] {logging_mixin.py:190} INFO - [2025-02-07T12:40:04.719+0000] {dag.py:4180} INFO - Setting next_dagrun for read_dataset_event_from_classic to 2025-02-06 00:00:00+00:00, run_after=2025-02-07 00:00:00+00:00
[2025-02-07T12:40:04.731+0000] {processor.py:208} INFO - Processing /opt/conda/lib/python3.12/site-packages/airflow/example_dags/example_inlet_event_extra.py took 0.062 seconds
[2025-02-07T12:41:03.664+0000] {processor.py:186} INFO - Started process (PID=394) to work on /opt/conda/lib/python3.12/site-packages/airflow/example_dags/example_inlet_event_extra.py
[2025-02-07T12:41:03.665+0000] {processor.py:914} INFO - Processing file /opt/conda/lib/python3.12/site-packages/airflow/example_dags/example_inlet_event_extra.py for tasks to queue
[2025-02-07T12:41:03.666+0000] {logging_mixin.py:190} INFO - [2025-02-07T12:41:03.666+0000] {dagbag.py:588} INFO - Filling up the DagBag from /opt/conda/lib/python3.12/site-packages/airflow/example_dags/example_inlet_event_extra.py
[2025-02-07T12:41:03.673+0000] {processor.py:925} INFO - DAG(s) 'read_dataset_event_from_classic', 'read_dataset_event' retrieved from /opt/conda/lib/python3.12/site-packages/airflow/example_dags/example_inlet_event_extra.py
[2025-02-07T12:41:03.681+0000] {logging_mixin.py:190} INFO - [2025-02-07T12:41:03.681+0000] {dag.py:3239} INFO - Sync 2 DAGs
[2025-02-07T12:41:03.692+0000] {logging_mixin.py:190} INFO - [2025-02-07T12:41:03.692+0000] {dag.py:4180} INFO - Setting next_dagrun for read_dataset_event to 2025-02-06 00:00:00+00:00, run_after=2025-02-07 00:00:00+00:00
[2025-02-07T12:41:03.694+0000] {logging_mixin.py:190} INFO - [2025-02-07T12:41:03.694+0000] {dag.py:4180} INFO - Setting next_dagrun for read_dataset_event_from_classic to 2025-02-06 00:00:00+00:00, run_after=2025-02-07 00:00:00+00:00
[2025-02-07T12:41:03.706+0000] {processor.py:208} INFO - Processing /opt/conda/lib/python3.12/site-packages/airflow/example_dags/example_inlet_event_extra.py took 0.048 seconds
[2025-02-07T12:52:18.907+0000] {processor.py:186} INFO - Started process (PID=4621) to work on /opt/conda/lib/python3.12/site-packages/airflow/example_dags/example_inlet_event_extra.py
[2025-02-07T12:52:18.908+0000] {processor.py:914} INFO - Processing file /opt/conda/lib/python3.12/site-packages/airflow/example_dags/example_inlet_event_extra.py for tasks to queue
[2025-02-07T12:52:18.909+0000] {logging_mixin.py:190} INFO - [2025-02-07T12:52:18.909+0000] {dagbag.py:588} INFO - Filling up the DagBag from /opt/conda/lib/python3.12/site-packages/airflow/example_dags/example_inlet_event_extra.py
[2025-02-07T12:52:18.916+0000] {processor.py:925} INFO - DAG(s) 'read_dataset_event', 'read_dataset_event_from_classic' retrieved from /opt/conda/lib/python3.12/site-packages/airflow/example_dags/example_inlet_event_extra.py
[2025-02-07T12:52:18.926+0000] {logging_mixin.py:190} INFO - [2025-02-07T12:52:18.926+0000] {dag.py:3239} INFO - Sync 2 DAGs
[2025-02-07T12:52:18.938+0000] {logging_mixin.py:190} INFO - [2025-02-07T12:52:18.938+0000] {dag.py:4180} INFO - Setting next_dagrun for read_dataset_event to 2025-02-06 00:00:00+00:00, run_after=2025-02-07 00:00:00+00:00
[2025-02-07T12:52:18.941+0000] {logging_mixin.py:190} INFO - [2025-02-07T12:52:18.941+0000] {dag.py:4180} INFO - Setting next_dagrun for read_dataset_event_from_classic to 2025-02-06 00:00:00+00:00, run_after=2025-02-07 00:00:00+00:00
[2025-02-07T12:52:18.952+0000] {processor.py:208} INFO - Processing /opt/conda/lib/python3.12/site-packages/airflow/example_dags/example_inlet_event_extra.py took 0.048 seconds
[2025-02-07T13:00:30.591+0000] {processor.py:186} INFO - Started process (PID=8221) to work on /opt/conda/lib/python3.12/site-packages/airflow/example_dags/example_inlet_event_extra.py
[2025-02-07T13:00:30.592+0000] {processor.py:914} INFO - Processing file /opt/conda/lib/python3.12/site-packages/airflow/example_dags/example_inlet_event_extra.py for tasks to queue
[2025-02-07T13:00:30.595+0000] {logging_mixin.py:190} INFO - [2025-02-07T13:00:30.594+0000] {dagbag.py:588} INFO - Filling up the DagBag from /opt/conda/lib/python3.12/site-packages/airflow/example_dags/example_inlet_event_extra.py
[2025-02-07T13:00:30.617+0000] {processor.py:925} INFO - DAG(s) 'read_dataset_event_from_classic', 'read_dataset_event' retrieved from /opt/conda/lib/python3.12/site-packages/airflow/example_dags/example_inlet_event_extra.py
[2025-02-07T13:00:30.630+0000] {logging_mixin.py:190} INFO - [2025-02-07T13:00:30.629+0000] {dag.py:3239} INFO - Sync 2 DAGs
[2025-02-07T13:00:30.650+0000] {logging_mixin.py:190} INFO - [2025-02-07T13:00:30.650+0000] {dag.py:4180} INFO - Setting next_dagrun for read_dataset_event to 2025-02-06 00:00:00+00:00, run_after=2025-02-07 00:00:00+00:00
[2025-02-07T13:00:30.654+0000] {logging_mixin.py:190} INFO - [2025-02-07T13:00:30.654+0000] {dag.py:4180} INFO - Setting next_dagrun for read_dataset_event_from_classic to 2025-02-06 00:00:00+00:00, run_after=2025-02-07 00:00:00+00:00
[2025-02-07T13:00:30.680+0000] {processor.py:208} INFO - Processing /opt/conda/lib/python3.12/site-packages/airflow/example_dags/example_inlet_event_extra.py took 0.094 seconds
[2025-02-07T13:27:52.624+0000] {processor.py:186} INFO - Started process (PID=293) to work on /opt/conda/lib/python3.12/site-packages/airflow/example_dags/example_inlet_event_extra.py
[2025-02-07T13:27:52.626+0000] {processor.py:914} INFO - Processing file /opt/conda/lib/python3.12/site-packages/airflow/example_dags/example_inlet_event_extra.py for tasks to queue
[2025-02-07T13:27:52.628+0000] {logging_mixin.py:190} INFO - [2025-02-07T13:27:52.628+0000] {dagbag.py:588} INFO - Filling up the DagBag from /opt/conda/lib/python3.12/site-packages/airflow/example_dags/example_inlet_event_extra.py
[2025-02-07T13:27:52.650+0000] {processor.py:925} INFO - DAG(s) 'read_dataset_event_from_classic', 'read_dataset_event' retrieved from /opt/conda/lib/python3.12/site-packages/airflow/example_dags/example_inlet_event_extra.py
[2025-02-07T13:27:52.665+0000] {logging_mixin.py:190} INFO - [2025-02-07T13:27:52.665+0000] {dag.py:3239} INFO - Sync 2 DAGs
[2025-02-07T13:27:52.682+0000] {logging_mixin.py:190} INFO - [2025-02-07T13:27:52.681+0000] {dag.py:4180} INFO - Setting next_dagrun for read_dataset_event to 2025-02-06 00:00:00+00:00, run_after=2025-02-07 00:00:00+00:00
[2025-02-07T13:27:52.684+0000] {logging_mixin.py:190} INFO - [2025-02-07T13:27:52.684+0000] {dag.py:4180} INFO - Setting next_dagrun for read_dataset_event_from_classic to 2025-02-06 00:00:00+00:00, run_after=2025-02-07 00:00:00+00:00
[2025-02-07T13:27:52.698+0000] {processor.py:208} INFO - Processing /opt/conda/lib/python3.12/site-packages/airflow/example_dags/example_inlet_event_extra.py took 0.080 seconds
[2025-02-07T13:29:30.550+0000] {processor.py:186} INFO - Started process (PID=385) to work on /opt/conda/lib/python3.12/site-packages/airflow/example_dags/example_inlet_event_extra.py
[2025-02-07T13:29:30.552+0000] {processor.py:914} INFO - Processing file /opt/conda/lib/python3.12/site-packages/airflow/example_dags/example_inlet_event_extra.py for tasks to queue
[2025-02-07T13:29:30.555+0000] {logging_mixin.py:190} INFO - [2025-02-07T13:29:30.555+0000] {dagbag.py:588} INFO - Filling up the DagBag from /opt/conda/lib/python3.12/site-packages/airflow/example_dags/example_inlet_event_extra.py
[2025-02-07T13:29:30.566+0000] {processor.py:925} INFO - DAG(s) 'read_dataset_event_from_classic', 'read_dataset_event' retrieved from /opt/conda/lib/python3.12/site-packages/airflow/example_dags/example_inlet_event_extra.py
[2025-02-07T13:29:30.580+0000] {logging_mixin.py:190} INFO - [2025-02-07T13:29:30.579+0000] {dag.py:3239} INFO - Sync 2 DAGs
[2025-02-07T13:29:30.594+0000] {logging_mixin.py:190} INFO - [2025-02-07T13:29:30.594+0000] {dag.py:4180} INFO - Setting next_dagrun for read_dataset_event to 2025-02-06 00:00:00+00:00, run_after=2025-02-07 00:00:00+00:00
[2025-02-07T13:29:30.596+0000] {logging_mixin.py:190} INFO - [2025-02-07T13:29:30.596+0000] {dag.py:4180} INFO - Setting next_dagrun for read_dataset_event_from_classic to 2025-02-06 00:00:00+00:00, run_after=2025-02-07 00:00:00+00:00
[2025-02-07T13:29:30.610+0000] {processor.py:208} INFO - Processing /opt/conda/lib/python3.12/site-packages/airflow/example_dags/example_inlet_event_extra.py took 0.077 seconds
[2025-02-07T13:30:35.067+0000] {processor.py:186} INFO - Started process (PID=465) to work on /opt/conda/lib/python3.12/site-packages/airflow/example_dags/example_inlet_event_extra.py
[2025-02-07T13:30:35.067+0000] {processor.py:914} INFO - Processing file /opt/conda/lib/python3.12/site-packages/airflow/example_dags/example_inlet_event_extra.py for tasks to queue
[2025-02-07T13:30:35.069+0000] {logging_mixin.py:190} INFO - [2025-02-07T13:30:35.069+0000] {dagbag.py:588} INFO - Filling up the DagBag from /opt/conda/lib/python3.12/site-packages/airflow/example_dags/example_inlet_event_extra.py
[2025-02-07T13:30:35.079+0000] {processor.py:925} INFO - DAG(s) 'read_dataset_event', 'read_dataset_event_from_classic' retrieved from /opt/conda/lib/python3.12/site-packages/airflow/example_dags/example_inlet_event_extra.py
[2025-02-07T13:30:35.092+0000] {logging_mixin.py:190} INFO - [2025-02-07T13:30:35.092+0000] {dag.py:3239} INFO - Sync 2 DAGs
[2025-02-07T13:30:35.108+0000] {logging_mixin.py:190} INFO - [2025-02-07T13:30:35.108+0000] {dag.py:4180} INFO - Setting next_dagrun for read_dataset_event to 2025-02-06 00:00:00+00:00, run_after=2025-02-07 00:00:00+00:00
[2025-02-07T13:30:35.113+0000] {logging_mixin.py:190} INFO - [2025-02-07T13:30:35.113+0000] {dag.py:4180} INFO - Setting next_dagrun for read_dataset_event_from_classic to 2025-02-06 00:00:00+00:00, run_after=2025-02-07 00:00:00+00:00
[2025-02-07T13:30:35.125+0000] {processor.py:208} INFO - Processing /opt/conda/lib/python3.12/site-packages/airflow/example_dags/example_inlet_event_extra.py took 0.061 seconds
[2025-02-07T13:33:48.048+0000] {processor.py:186} INFO - Started process (PID=435) to work on /opt/conda/lib/python3.12/site-packages/airflow/example_dags/example_inlet_event_extra.py
[2025-02-07T13:33:48.049+0000] {processor.py:914} INFO - Processing file /opt/conda/lib/python3.12/site-packages/airflow/example_dags/example_inlet_event_extra.py for tasks to queue
[2025-02-07T13:33:48.053+0000] {logging_mixin.py:190} INFO - [2025-02-07T13:33:48.053+0000] {dagbag.py:588} INFO - Filling up the DagBag from /opt/conda/lib/python3.12/site-packages/airflow/example_dags/example_inlet_event_extra.py
[2025-02-07T13:33:48.063+0000] {processor.py:925} INFO - DAG(s) 'read_dataset_event', 'read_dataset_event_from_classic' retrieved from /opt/conda/lib/python3.12/site-packages/airflow/example_dags/example_inlet_event_extra.py
[2025-02-07T13:33:48.079+0000] {logging_mixin.py:190} INFO - [2025-02-07T13:33:48.079+0000] {dag.py:3239} INFO - Sync 2 DAGs
[2025-02-07T13:33:48.097+0000] {logging_mixin.py:190} INFO - [2025-02-07T13:33:48.096+0000] {dag.py:4180} INFO - Setting next_dagrun for read_dataset_event to 2025-02-06 00:00:00+00:00, run_after=2025-02-07 00:00:00+00:00
[2025-02-07T13:33:48.101+0000] {logging_mixin.py:190} INFO - [2025-02-07T13:33:48.101+0000] {dag.py:4180} INFO - Setting next_dagrun for read_dataset_event_from_classic to 2025-02-06 00:00:00+00:00, run_after=2025-02-07 00:00:00+00:00
[2025-02-07T13:33:48.125+0000] {processor.py:208} INFO - Processing /opt/conda/lib/python3.12/site-packages/airflow/example_dags/example_inlet_event_extra.py took 0.080 seconds
[2025-02-07T13:35:29.607+0000] {processor.py:186} INFO - Started process (PID=237) to work on /opt/conda/lib/python3.12/site-packages/airflow/example_dags/example_inlet_event_extra.py
[2025-02-07T13:35:29.608+0000] {processor.py:914} INFO - Processing file /opt/conda/lib/python3.12/site-packages/airflow/example_dags/example_inlet_event_extra.py for tasks to queue
[2025-02-07T13:35:29.610+0000] {logging_mixin.py:190} INFO - [2025-02-07T13:35:29.610+0000] {dagbag.py:588} INFO - Filling up the DagBag from /opt/conda/lib/python3.12/site-packages/airflow/example_dags/example_inlet_event_extra.py
[2025-02-07T13:35:29.642+0000] {processor.py:925} INFO - DAG(s) 'read_dataset_event', 'read_dataset_event_from_classic' retrieved from /opt/conda/lib/python3.12/site-packages/airflow/example_dags/example_inlet_event_extra.py
[2025-02-07T13:35:29.661+0000] {logging_mixin.py:190} INFO - [2025-02-07T13:35:29.661+0000] {dag.py:3239} INFO - Sync 2 DAGs
[2025-02-07T13:35:29.676+0000] {logging_mixin.py:190} INFO - [2025-02-07T13:35:29.676+0000] {dag.py:4180} INFO - Setting next_dagrun for read_dataset_event to 2025-02-06 00:00:00+00:00, run_after=2025-02-07 00:00:00+00:00
[2025-02-07T13:35:29.679+0000] {logging_mixin.py:190} INFO - [2025-02-07T13:35:29.679+0000] {dag.py:4180} INFO - Setting next_dagrun for read_dataset_event_from_classic to 2025-02-06 00:00:00+00:00, run_after=2025-02-07 00:00:00+00:00
[2025-02-07T13:35:29.691+0000] {processor.py:208} INFO - Processing /opt/conda/lib/python3.12/site-packages/airflow/example_dags/example_inlet_event_extra.py took 0.089 seconds
[2025-02-07T13:38:53.074+0000] {processor.py:186} INFO - Started process (PID=440) to work on /opt/conda/lib/python3.12/site-packages/airflow/example_dags/example_inlet_event_extra.py
[2025-02-07T13:38:53.075+0000] {processor.py:914} INFO - Processing file /opt/conda/lib/python3.12/site-packages/airflow/example_dags/example_inlet_event_extra.py for tasks to queue
[2025-02-07T13:38:53.077+0000] {logging_mixin.py:190} INFO - [2025-02-07T13:38:53.077+0000] {dagbag.py:588} INFO - Filling up the DagBag from /opt/conda/lib/python3.12/site-packages/airflow/example_dags/example_inlet_event_extra.py
[2025-02-07T13:38:53.087+0000] {processor.py:925} INFO - DAG(s) 'read_dataset_event_from_classic', 'read_dataset_event' retrieved from /opt/conda/lib/python3.12/site-packages/airflow/example_dags/example_inlet_event_extra.py
[2025-02-07T13:38:53.103+0000] {logging_mixin.py:190} INFO - [2025-02-07T13:38:53.103+0000] {dag.py:3239} INFO - Sync 2 DAGs
[2025-02-07T13:38:53.119+0000] {logging_mixin.py:190} INFO - [2025-02-07T13:38:53.118+0000] {dag.py:4180} INFO - Setting next_dagrun for read_dataset_event to 2025-02-06 00:00:00+00:00, run_after=2025-02-07 00:00:00+00:00
[2025-02-07T13:38:53.121+0000] {logging_mixin.py:190} INFO - [2025-02-07T13:38:53.121+0000] {dag.py:4180} INFO - Setting next_dagrun for read_dataset_event_from_classic to 2025-02-06 00:00:00+00:00, run_after=2025-02-07 00:00:00+00:00
[2025-02-07T13:38:53.132+0000] {processor.py:208} INFO - Processing /opt/conda/lib/python3.12/site-packages/airflow/example_dags/example_inlet_event_extra.py took 0.062 seconds
[2025-02-07T13:39:53.863+0000] {processor.py:186} INFO - Started process (PID=511) to work on /opt/conda/lib/python3.12/site-packages/airflow/example_dags/example_inlet_event_extra.py
[2025-02-07T13:39:53.864+0000] {processor.py:914} INFO - Processing file /opt/conda/lib/python3.12/site-packages/airflow/example_dags/example_inlet_event_extra.py for tasks to queue
[2025-02-07T13:39:53.865+0000] {logging_mixin.py:190} INFO - [2025-02-07T13:39:53.865+0000] {dagbag.py:588} INFO - Filling up the DagBag from /opt/conda/lib/python3.12/site-packages/airflow/example_dags/example_inlet_event_extra.py
[2025-02-07T13:39:53.873+0000] {processor.py:925} INFO - DAG(s) 'read_dataset_event_from_classic', 'read_dataset_event' retrieved from /opt/conda/lib/python3.12/site-packages/airflow/example_dags/example_inlet_event_extra.py
[2025-02-07T13:39:53.888+0000] {logging_mixin.py:190} INFO - [2025-02-07T13:39:53.888+0000] {dag.py:3239} INFO - Sync 2 DAGs
[2025-02-07T13:39:53.904+0000] {logging_mixin.py:190} INFO - [2025-02-07T13:39:53.904+0000] {dag.py:4180} INFO - Setting next_dagrun for read_dataset_event to 2025-02-06 00:00:00+00:00, run_after=2025-02-07 00:00:00+00:00
[2025-02-07T13:39:53.907+0000] {logging_mixin.py:190} INFO - [2025-02-07T13:39:53.907+0000] {dag.py:4180} INFO - Setting next_dagrun for read_dataset_event_from_classic to 2025-02-06 00:00:00+00:00, run_after=2025-02-07 00:00:00+00:00
[2025-02-07T13:39:53.919+0000] {processor.py:208} INFO - Processing /opt/conda/lib/python3.12/site-packages/airflow/example_dags/example_inlet_event_extra.py took 0.061 seconds
[2025-02-07T13:40:51.726+0000] {processor.py:186} INFO - Started process (PID=579) to work on /opt/conda/lib/python3.12/site-packages/airflow/example_dags/example_inlet_event_extra.py
[2025-02-07T13:40:51.727+0000] {processor.py:914} INFO - Processing file /opt/conda/lib/python3.12/site-packages/airflow/example_dags/example_inlet_event_extra.py for tasks to queue
[2025-02-07T13:40:51.728+0000] {logging_mixin.py:190} INFO - [2025-02-07T13:40:51.728+0000] {dagbag.py:588} INFO - Filling up the DagBag from /opt/conda/lib/python3.12/site-packages/airflow/example_dags/example_inlet_event_extra.py
[2025-02-07T13:40:51.739+0000] {processor.py:925} INFO - DAG(s) 'read_dataset_event_from_classic', 'read_dataset_event' retrieved from /opt/conda/lib/python3.12/site-packages/airflow/example_dags/example_inlet_event_extra.py
[2025-02-07T13:40:51.752+0000] {logging_mixin.py:190} INFO - [2025-02-07T13:40:51.752+0000] {dag.py:3239} INFO - Sync 2 DAGs
[2025-02-07T13:40:51.769+0000] {logging_mixin.py:190} INFO - [2025-02-07T13:40:51.769+0000] {dag.py:4180} INFO - Setting next_dagrun for read_dataset_event to 2025-02-06 00:00:00+00:00, run_after=2025-02-07 00:00:00+00:00
[2025-02-07T13:40:51.772+0000] {logging_mixin.py:190} INFO - [2025-02-07T13:40:51.772+0000] {dag.py:4180} INFO - Setting next_dagrun for read_dataset_event_from_classic to 2025-02-06 00:00:00+00:00, run_after=2025-02-07 00:00:00+00:00
[2025-02-07T13:40:51.795+0000] {processor.py:208} INFO - Processing /opt/conda/lib/python3.12/site-packages/airflow/example_dags/example_inlet_event_extra.py took 0.074 seconds
[2025-02-07T13:41:50.462+0000] {processor.py:186} INFO - Started process (PID=647) to work on /opt/conda/lib/python3.12/site-packages/airflow/example_dags/example_inlet_event_extra.py
[2025-02-07T13:41:50.463+0000] {processor.py:914} INFO - Processing file /opt/conda/lib/python3.12/site-packages/airflow/example_dags/example_inlet_event_extra.py for tasks to queue
[2025-02-07T13:41:50.465+0000] {logging_mixin.py:190} INFO - [2025-02-07T13:41:50.464+0000] {dagbag.py:588} INFO - Filling up the DagBag from /opt/conda/lib/python3.12/site-packages/airflow/example_dags/example_inlet_event_extra.py
[2025-02-07T13:41:50.476+0000] {processor.py:925} INFO - DAG(s) 'read_dataset_event', 'read_dataset_event_from_classic' retrieved from /opt/conda/lib/python3.12/site-packages/airflow/example_dags/example_inlet_event_extra.py
[2025-02-07T13:41:50.487+0000] {logging_mixin.py:190} INFO - [2025-02-07T13:41:50.487+0000] {dag.py:3239} INFO - Sync 2 DAGs
[2025-02-07T13:41:50.499+0000] {logging_mixin.py:190} INFO - [2025-02-07T13:41:50.499+0000] {dag.py:4180} INFO - Setting next_dagrun for read_dataset_event to 2025-02-06 00:00:00+00:00, run_after=2025-02-07 00:00:00+00:00
[2025-02-07T13:41:50.502+0000] {logging_mixin.py:190} INFO - [2025-02-07T13:41:50.502+0000] {dag.py:4180} INFO - Setting next_dagrun for read_dataset_event_from_classic to 2025-02-06 00:00:00+00:00, run_after=2025-02-07 00:00:00+00:00
[2025-02-07T13:41:50.513+0000] {processor.py:208} INFO - Processing /opt/conda/lib/python3.12/site-packages/airflow/example_dags/example_inlet_event_extra.py took 0.058 seconds
[2025-02-07T13:43:04.408+0000] {processor.py:186} INFO - Started process (PID=830) to work on /opt/conda/lib/python3.12/site-packages/airflow/example_dags/example_inlet_event_extra.py
[2025-02-07T13:43:04.409+0000] {processor.py:914} INFO - Processing file /opt/conda/lib/python3.12/site-packages/airflow/example_dags/example_inlet_event_extra.py for tasks to queue
[2025-02-07T13:43:04.411+0000] {logging_mixin.py:190} INFO - [2025-02-07T13:43:04.410+0000] {dagbag.py:588} INFO - Filling up the DagBag from /opt/conda/lib/python3.12/site-packages/airflow/example_dags/example_inlet_event_extra.py
[2025-02-07T13:43:04.422+0000] {processor.py:925} INFO - DAG(s) 'read_dataset_event_from_classic', 'read_dataset_event' retrieved from /opt/conda/lib/python3.12/site-packages/airflow/example_dags/example_inlet_event_extra.py
[2025-02-07T13:43:04.437+0000] {logging_mixin.py:190} INFO - [2025-02-07T13:43:04.437+0000] {dag.py:3239} INFO - Sync 2 DAGs
[2025-02-07T13:43:04.453+0000] {logging_mixin.py:190} INFO - [2025-02-07T13:43:04.453+0000] {dag.py:4180} INFO - Setting next_dagrun for read_dataset_event to 2025-02-06 00:00:00+00:00, run_after=2025-02-07 00:00:00+00:00
[2025-02-07T13:43:04.456+0000] {logging_mixin.py:190} INFO - [2025-02-07T13:43:04.456+0000] {dag.py:4180} INFO - Setting next_dagrun for read_dataset_event_from_classic to 2025-02-06 00:00:00+00:00, run_after=2025-02-07 00:00:00+00:00
[2025-02-07T13:43:04.468+0000] {processor.py:208} INFO - Processing /opt/conda/lib/python3.12/site-packages/airflow/example_dags/example_inlet_event_extra.py took 0.067 seconds
[2025-02-07T13:44:31.797+0000] {processor.py:186} INFO - Started process (PID=1022) to work on /opt/conda/lib/python3.12/site-packages/airflow/example_dags/example_inlet_event_extra.py
[2025-02-07T13:44:31.798+0000] {processor.py:914} INFO - Processing file /opt/conda/lib/python3.12/site-packages/airflow/example_dags/example_inlet_event_extra.py for tasks to queue
[2025-02-07T13:44:31.801+0000] {logging_mixin.py:190} INFO - [2025-02-07T13:44:31.800+0000] {dagbag.py:588} INFO - Filling up the DagBag from /opt/conda/lib/python3.12/site-packages/airflow/example_dags/example_inlet_event_extra.py
[2025-02-07T13:44:31.811+0000] {processor.py:925} INFO - DAG(s) 'read_dataset_event', 'read_dataset_event_from_classic' retrieved from /opt/conda/lib/python3.12/site-packages/airflow/example_dags/example_inlet_event_extra.py
[2025-02-07T13:44:31.825+0000] {logging_mixin.py:190} INFO - [2025-02-07T13:44:31.824+0000] {dag.py:3239} INFO - Sync 2 DAGs
[2025-02-07T13:44:31.840+0000] {logging_mixin.py:190} INFO - [2025-02-07T13:44:31.839+0000] {dag.py:4180} INFO - Setting next_dagrun for read_dataset_event to 2025-02-06 00:00:00+00:00, run_after=2025-02-07 00:00:00+00:00
[2025-02-07T13:44:31.842+0000] {logging_mixin.py:190} INFO - [2025-02-07T13:44:31.842+0000] {dag.py:4180} INFO - Setting next_dagrun for read_dataset_event_from_classic to 2025-02-06 00:00:00+00:00, run_after=2025-02-07 00:00:00+00:00
[2025-02-07T13:44:31.853+0000] {processor.py:208} INFO - Processing /opt/conda/lib/python3.12/site-packages/airflow/example_dags/example_inlet_event_extra.py took 0.064 seconds
[2025-02-07T13:46:08.848+0000] {processor.py:186} INFO - Started process (PID=1208) to work on /opt/conda/lib/python3.12/site-packages/airflow/example_dags/example_inlet_event_extra.py
[2025-02-07T13:46:08.850+0000] {processor.py:914} INFO - Processing file /opt/conda/lib/python3.12/site-packages/airflow/example_dags/example_inlet_event_extra.py for tasks to queue
[2025-02-07T13:46:08.853+0000] {logging_mixin.py:190} INFO - [2025-02-07T13:46:08.852+0000] {dagbag.py:588} INFO - Filling up the DagBag from /opt/conda/lib/python3.12/site-packages/airflow/example_dags/example_inlet_event_extra.py
[2025-02-07T13:46:08.873+0000] {processor.py:925} INFO - DAG(s) 'read_dataset_event', 'read_dataset_event_from_classic' retrieved from /opt/conda/lib/python3.12/site-packages/airflow/example_dags/example_inlet_event_extra.py
[2025-02-07T13:46:08.891+0000] {logging_mixin.py:190} INFO - [2025-02-07T13:46:08.891+0000] {dag.py:3239} INFO - Sync 2 DAGs
[2025-02-07T13:46:08.910+0000] {logging_mixin.py:190} INFO - [2025-02-07T13:46:08.910+0000] {dag.py:4180} INFO - Setting next_dagrun for read_dataset_event to 2025-02-06 00:00:00+00:00, run_after=2025-02-07 00:00:00+00:00
[2025-02-07T13:46:08.913+0000] {logging_mixin.py:190} INFO - [2025-02-07T13:46:08.913+0000] {dag.py:4180} INFO - Setting next_dagrun for read_dataset_event_from_classic to 2025-02-06 00:00:00+00:00, run_after=2025-02-07 00:00:00+00:00
[2025-02-07T13:46:08.929+0000] {processor.py:208} INFO - Processing /opt/conda/lib/python3.12/site-packages/airflow/example_dags/example_inlet_event_extra.py took 0.105 seconds
[2025-02-07T14:05:27.300+0000] {processor.py:186} INFO - Started process (PID=1766) to work on /opt/conda/lib/python3.12/site-packages/airflow/example_dags/example_inlet_event_extra.py
[2025-02-07T14:05:27.301+0000] {processor.py:914} INFO - Processing file /opt/conda/lib/python3.12/site-packages/airflow/example_dags/example_inlet_event_extra.py for tasks to queue
[2025-02-07T14:05:27.302+0000] {logging_mixin.py:190} INFO - [2025-02-07T14:05:27.302+0000] {dagbag.py:588} INFO - Filling up the DagBag from /opt/conda/lib/python3.12/site-packages/airflow/example_dags/example_inlet_event_extra.py
[2025-02-07T14:05:27.310+0000] {processor.py:925} INFO - DAG(s) 'read_dataset_event', 'read_dataset_event_from_classic' retrieved from /opt/conda/lib/python3.12/site-packages/airflow/example_dags/example_inlet_event_extra.py
[2025-02-07T14:05:27.325+0000] {logging_mixin.py:190} INFO - [2025-02-07T14:05:27.324+0000] {dag.py:3239} INFO - Sync 2 DAGs
[2025-02-07T14:05:27.342+0000] {logging_mixin.py:190} INFO - [2025-02-07T14:05:27.342+0000] {dag.py:4180} INFO - Setting next_dagrun for read_dataset_event to 2025-02-06 00:00:00+00:00, run_after=2025-02-07 00:00:00+00:00
[2025-02-07T14:05:27.344+0000] {logging_mixin.py:190} INFO - [2025-02-07T14:05:27.344+0000] {dag.py:4180} INFO - Setting next_dagrun for read_dataset_event_from_classic to 2025-02-06 00:00:00+00:00, run_after=2025-02-07 00:00:00+00:00
[2025-02-07T14:05:27.357+0000] {processor.py:208} INFO - Processing /opt/conda/lib/python3.12/site-packages/airflow/example_dags/example_inlet_event_extra.py took 0.064 seconds
[2025-02-07T14:06:31.120+0000] {processor.py:186} INFO - Started process (PID=1836) to work on /opt/conda/lib/python3.12/site-packages/airflow/example_dags/example_inlet_event_extra.py
[2025-02-07T14:06:31.122+0000] {processor.py:914} INFO - Processing file /opt/conda/lib/python3.12/site-packages/airflow/example_dags/example_inlet_event_extra.py for tasks to queue
[2025-02-07T14:06:31.123+0000] {logging_mixin.py:190} INFO - [2025-02-07T14:06:31.123+0000] {dagbag.py:588} INFO - Filling up the DagBag from /opt/conda/lib/python3.12/site-packages/airflow/example_dags/example_inlet_event_extra.py
[2025-02-07T14:06:31.151+0000] {processor.py:925} INFO - DAG(s) 'read_dataset_event_from_classic', 'read_dataset_event' retrieved from /opt/conda/lib/python3.12/site-packages/airflow/example_dags/example_inlet_event_extra.py
[2025-02-07T14:06:31.176+0000] {logging_mixin.py:190} INFO - [2025-02-07T14:06:31.175+0000] {dag.py:3239} INFO - Sync 2 DAGs
[2025-02-07T14:06:31.242+0000] {logging_mixin.py:190} INFO - [2025-02-07T14:06:31.242+0000] {dag.py:4180} INFO - Setting next_dagrun for read_dataset_event to 2025-02-06 00:00:00+00:00, run_after=2025-02-07 00:00:00+00:00
[2025-02-07T14:06:31.249+0000] {logging_mixin.py:190} INFO - [2025-02-07T14:06:31.249+0000] {dag.py:4180} INFO - Setting next_dagrun for read_dataset_event_from_classic to 2025-02-06 00:00:00+00:00, run_after=2025-02-07 00:00:00+00:00
[2025-02-07T14:06:31.277+0000] {processor.py:208} INFO - Processing /opt/conda/lib/python3.12/site-packages/airflow/example_dags/example_inlet_event_extra.py took 0.167 seconds
[2025-02-07T14:07:53.471+0000] {processor.py:186} INFO - Started process (PID=2022) to work on /opt/conda/lib/python3.12/site-packages/airflow/example_dags/example_inlet_event_extra.py
[2025-02-07T14:07:53.478+0000] {processor.py:914} INFO - Processing file /opt/conda/lib/python3.12/site-packages/airflow/example_dags/example_inlet_event_extra.py for tasks to queue
[2025-02-07T14:07:53.481+0000] {logging_mixin.py:190} INFO - [2025-02-07T14:07:53.480+0000] {dagbag.py:588} INFO - Filling up the DagBag from /opt/conda/lib/python3.12/site-packages/airflow/example_dags/example_inlet_event_extra.py
[2025-02-07T14:07:53.546+0000] {processor.py:925} INFO - DAG(s) 'read_dataset_event', 'read_dataset_event_from_classic' retrieved from /opt/conda/lib/python3.12/site-packages/airflow/example_dags/example_inlet_event_extra.py
[2025-02-07T14:07:53.625+0000] {logging_mixin.py:190} INFO - [2025-02-07T14:07:53.624+0000] {dag.py:3239} INFO - Sync 2 DAGs
[2025-02-07T14:07:53.687+0000] {logging_mixin.py:190} INFO - [2025-02-07T14:07:53.686+0000] {dag.py:4180} INFO - Setting next_dagrun for read_dataset_event to 2025-02-06 00:00:00+00:00, run_after=2025-02-07 00:00:00+00:00
[2025-02-07T14:07:53.702+0000] {logging_mixin.py:190} INFO - [2025-02-07T14:07:53.702+0000] {dag.py:4180} INFO - Setting next_dagrun for read_dataset_event_from_classic to 2025-02-06 00:00:00+00:00, run_after=2025-02-07 00:00:00+00:00
[2025-02-07T14:07:53.881+0000] {processor.py:208} INFO - Processing /opt/conda/lib/python3.12/site-packages/airflow/example_dags/example_inlet_event_extra.py took 0.450 seconds
