[2025-02-07T12:09:10.548+0000] {processor.py:186} INFO - Started process (PID=1860) to work on /opt/conda/lib/python3.12/site-packages/airflow/example_dags/example_sensor_decorator.py
[2025-02-07T12:09:10.549+0000] {processor.py:914} INFO - Processing file /opt/conda/lib/python3.12/site-packages/airflow/example_dags/example_sensor_decorator.py for tasks to queue
[2025-02-07T12:09:10.552+0000] {logging_mixin.py:190} INFO - [2025-02-07T12:09:10.552+0000] {dagbag.py:588} INFO - Filling up the DagBag from /opt/conda/lib/python3.12/site-packages/airflow/example_dags/example_sensor_decorator.py
[2025-02-07T12:09:10.565+0000] {processor.py:925} INFO - DAG(s) 'example_sensor_decorator' retrieved from /opt/conda/lib/python3.12/site-packages/airflow/example_dags/example_sensor_decorator.py
[2025-02-07T12:09:10.585+0000] {logging_mixin.py:190} INFO - [2025-02-07T12:09:10.585+0000] {dag.py:3239} INFO - Sync 1 DAGs
[2025-02-07T12:09:10.622+0000] {logging_mixin.py:190} INFO - [2025-02-07T12:09:10.622+0000] {dag.py:4180} INFO - Setting next_dagrun for example_sensor_decorator to None, run_after=None
[2025-02-07T12:09:10.659+0000] {processor.py:208} INFO - Processing /opt/conda/lib/python3.12/site-packages/airflow/example_dags/example_sensor_decorator.py took 0.118 seconds
[2025-02-07T12:20:50.170+0000] {processor.py:186} INFO - Started process (PID=5602) to work on /opt/conda/lib/python3.12/site-packages/airflow/example_dags/example_sensor_decorator.py
[2025-02-07T12:20:50.171+0000] {processor.py:914} INFO - Processing file /opt/conda/lib/python3.12/site-packages/airflow/example_dags/example_sensor_decorator.py for tasks to queue
[2025-02-07T12:20:50.181+0000] {logging_mixin.py:190} INFO - [2025-02-07T12:20:50.180+0000] {dagbag.py:588} INFO - Filling up the DagBag from /opt/conda/lib/python3.12/site-packages/airflow/example_dags/example_sensor_decorator.py
[2025-02-07T12:20:50.197+0000] {processor.py:925} INFO - DAG(s) 'example_sensor_decorator' retrieved from /opt/conda/lib/python3.12/site-packages/airflow/example_dags/example_sensor_decorator.py
[2025-02-07T12:20:50.216+0000] {logging_mixin.py:190} INFO - [2025-02-07T12:20:50.216+0000] {dag.py:3239} INFO - Sync 1 DAGs
[2025-02-07T12:20:50.233+0000] {logging_mixin.py:190} INFO - [2025-02-07T12:20:50.232+0000] {dag.py:4180} INFO - Setting next_dagrun for example_sensor_decorator to None, run_after=None
[2025-02-07T12:20:50.254+0000] {processor.py:208} INFO - Processing /opt/conda/lib/python3.12/site-packages/airflow/example_dags/example_sensor_decorator.py took 0.091 seconds
[2025-02-07T12:32:48.844+0000] {processor.py:186} INFO - Started process (PID=121) to work on /opt/conda/lib/python3.12/site-packages/airflow/example_dags/example_sensor_decorator.py
[2025-02-07T12:32:48.848+0000] {processor.py:914} INFO - Processing file /opt/conda/lib/python3.12/site-packages/airflow/example_dags/example_sensor_decorator.py for tasks to queue
[2025-02-07T12:32:48.855+0000] {logging_mixin.py:190} INFO - [2025-02-07T12:32:48.854+0000] {dagbag.py:588} INFO - Filling up the DagBag from /opt/conda/lib/python3.12/site-packages/airflow/example_dags/example_sensor_decorator.py
[2025-02-07T12:32:48.881+0000] {processor.py:925} INFO - DAG(s) 'example_sensor_decorator' retrieved from /opt/conda/lib/python3.12/site-packages/airflow/example_dags/example_sensor_decorator.py
[2025-02-07T12:32:48.928+0000] {logging_mixin.py:190} INFO - [2025-02-07T12:32:48.928+0000] {dag.py:3239} INFO - Sync 1 DAGs
[2025-02-07T12:32:48.965+0000] {logging_mixin.py:190} INFO - [2025-02-07T12:32:48.963+0000] {dag.py:4180} INFO - Setting next_dagrun for example_sensor_decorator to None, run_after=None
[2025-02-07T12:32:49.031+0000] {processor.py:208} INFO - Processing /opt/conda/lib/python3.12/site-packages/airflow/example_dags/example_sensor_decorator.py took 0.195 seconds
[2025-02-07T12:36:38.027+0000] {processor.py:186} INFO - Started process (PID=99) to work on /opt/conda/lib/python3.12/site-packages/airflow/example_dags/example_sensor_decorator.py
[2025-02-07T12:36:38.029+0000] {processor.py:914} INFO - Processing file /opt/conda/lib/python3.12/site-packages/airflow/example_dags/example_sensor_decorator.py for tasks to queue
[2025-02-07T12:36:38.038+0000] {logging_mixin.py:190} INFO - [2025-02-07T12:36:38.036+0000] {dagbag.py:588} INFO - Filling up the DagBag from /opt/conda/lib/python3.12/site-packages/airflow/example_dags/example_sensor_decorator.py
[2025-02-07T12:36:38.055+0000] {processor.py:925} INFO - DAG(s) 'example_sensor_decorator' retrieved from /opt/conda/lib/python3.12/site-packages/airflow/example_dags/example_sensor_decorator.py
[2025-02-07T12:36:38.100+0000] {logging_mixin.py:190} INFO - [2025-02-07T12:36:38.100+0000] {dag.py:3239} INFO - Sync 1 DAGs
[2025-02-07T12:36:38.149+0000] {logging_mixin.py:190} INFO - [2025-02-07T12:36:38.149+0000] {dag.py:4180} INFO - Setting next_dagrun for example_sensor_decorator to None, run_after=None
[2025-02-07T12:36:38.173+0000] {processor.py:208} INFO - Processing /opt/conda/lib/python3.12/site-packages/airflow/example_dags/example_sensor_decorator.py took 0.155 seconds
[2025-02-07T12:37:45.663+0000] {processor.py:186} INFO - Started process (PID=167) to work on /opt/conda/lib/python3.12/site-packages/airflow/example_dags/example_sensor_decorator.py
[2025-02-07T12:37:45.664+0000] {processor.py:914} INFO - Processing file /opt/conda/lib/python3.12/site-packages/airflow/example_dags/example_sensor_decorator.py for tasks to queue
[2025-02-07T12:37:45.667+0000] {logging_mixin.py:190} INFO - [2025-02-07T12:37:45.666+0000] {dagbag.py:588} INFO - Filling up the DagBag from /opt/conda/lib/python3.12/site-packages/airflow/example_dags/example_sensor_decorator.py
[2025-02-07T12:37:45.679+0000] {processor.py:925} INFO - DAG(s) 'example_sensor_decorator' retrieved from /opt/conda/lib/python3.12/site-packages/airflow/example_dags/example_sensor_decorator.py
[2025-02-07T12:37:45.721+0000] {logging_mixin.py:190} INFO - [2025-02-07T12:37:45.720+0000] {dag.py:3239} INFO - Sync 1 DAGs
[2025-02-07T12:37:45.733+0000] {logging_mixin.py:190} INFO - [2025-02-07T12:37:45.732+0000] {dag.py:4180} INFO - Setting next_dagrun for example_sensor_decorator to None, run_after=None
[2025-02-07T12:37:45.755+0000] {processor.py:208} INFO - Processing /opt/conda/lib/python3.12/site-packages/airflow/example_dags/example_sensor_decorator.py took 0.101 seconds
[2025-02-07T12:38:47.849+0000] {processor.py:186} INFO - Started process (PID=237) to work on /opt/conda/lib/python3.12/site-packages/airflow/example_dags/example_sensor_decorator.py
[2025-02-07T12:38:47.850+0000] {processor.py:914} INFO - Processing file /opt/conda/lib/python3.12/site-packages/airflow/example_dags/example_sensor_decorator.py for tasks to queue
[2025-02-07T12:38:47.851+0000] {logging_mixin.py:190} INFO - [2025-02-07T12:38:47.851+0000] {dagbag.py:588} INFO - Filling up the DagBag from /opt/conda/lib/python3.12/site-packages/airflow/example_dags/example_sensor_decorator.py
[2025-02-07T12:38:47.858+0000] {processor.py:925} INFO - DAG(s) 'example_sensor_decorator' retrieved from /opt/conda/lib/python3.12/site-packages/airflow/example_dags/example_sensor_decorator.py
[2025-02-07T12:38:47.871+0000] {logging_mixin.py:190} INFO - [2025-02-07T12:38:47.870+0000] {dag.py:3239} INFO - Sync 1 DAGs
[2025-02-07T12:38:47.879+0000] {logging_mixin.py:190} INFO - [2025-02-07T12:38:47.879+0000] {dag.py:4180} INFO - Setting next_dagrun for example_sensor_decorator to None, run_after=None
[2025-02-07T12:38:47.894+0000] {processor.py:208} INFO - Processing /opt/conda/lib/python3.12/site-packages/airflow/example_dags/example_sensor_decorator.py took 0.049 seconds
[2025-02-07T12:39:44.169+0000] {processor.py:186} INFO - Started process (PID=305) to work on /opt/conda/lib/python3.12/site-packages/airflow/example_dags/example_sensor_decorator.py
[2025-02-07T12:39:44.170+0000] {processor.py:914} INFO - Processing file /opt/conda/lib/python3.12/site-packages/airflow/example_dags/example_sensor_decorator.py for tasks to queue
[2025-02-07T12:39:44.171+0000] {logging_mixin.py:190} INFO - [2025-02-07T12:39:44.171+0000] {dagbag.py:588} INFO - Filling up the DagBag from /opt/conda/lib/python3.12/site-packages/airflow/example_dags/example_sensor_decorator.py
[2025-02-07T12:39:44.177+0000] {processor.py:925} INFO - DAG(s) 'example_sensor_decorator' retrieved from /opt/conda/lib/python3.12/site-packages/airflow/example_dags/example_sensor_decorator.py
[2025-02-07T12:39:44.191+0000] {logging_mixin.py:190} INFO - [2025-02-07T12:39:44.191+0000] {dag.py:3239} INFO - Sync 1 DAGs
[2025-02-07T12:39:44.199+0000] {logging_mixin.py:190} INFO - [2025-02-07T12:39:44.199+0000] {dag.py:4180} INFO - Setting next_dagrun for example_sensor_decorator to None, run_after=None
[2025-02-07T12:39:44.213+0000] {processor.py:208} INFO - Processing /opt/conda/lib/python3.12/site-packages/airflow/example_dags/example_sensor_decorator.py took 0.048 seconds
[2025-02-07T12:40:41.952+0000] {processor.py:186} INFO - Started process (PID=362) to work on /opt/conda/lib/python3.12/site-packages/airflow/example_dags/example_sensor_decorator.py
[2025-02-07T12:40:41.953+0000] {processor.py:914} INFO - Processing file /opt/conda/lib/python3.12/site-packages/airflow/example_dags/example_sensor_decorator.py for tasks to queue
[2025-02-07T12:40:41.955+0000] {logging_mixin.py:190} INFO - [2025-02-07T12:40:41.954+0000] {dagbag.py:588} INFO - Filling up the DagBag from /opt/conda/lib/python3.12/site-packages/airflow/example_dags/example_sensor_decorator.py
[2025-02-07T12:40:41.962+0000] {processor.py:925} INFO - DAG(s) 'example_sensor_decorator' retrieved from /opt/conda/lib/python3.12/site-packages/airflow/example_dags/example_sensor_decorator.py
[2025-02-07T12:40:41.974+0000] {logging_mixin.py:190} INFO - [2025-02-07T12:40:41.974+0000] {dag.py:3239} INFO - Sync 1 DAGs
[2025-02-07T12:40:41.983+0000] {logging_mixin.py:190} INFO - [2025-02-07T12:40:41.983+0000] {dag.py:4180} INFO - Setting next_dagrun for example_sensor_decorator to None, run_after=None
[2025-02-07T12:40:41.997+0000] {processor.py:208} INFO - Processing /opt/conda/lib/python3.12/site-packages/airflow/example_dags/example_sensor_decorator.py took 0.052 seconds
[2025-02-07T12:44:11.881+0000] {processor.py:186} INFO - Started process (PID=1618) to work on /opt/conda/lib/python3.12/site-packages/airflow/example_dags/example_sensor_decorator.py
[2025-02-07T12:44:11.882+0000] {processor.py:914} INFO - Processing file /opt/conda/lib/python3.12/site-packages/airflow/example_dags/example_sensor_decorator.py for tasks to queue
[2025-02-07T12:44:11.884+0000] {logging_mixin.py:190} INFO - [2025-02-07T12:44:11.884+0000] {dagbag.py:588} INFO - Filling up the DagBag from /opt/conda/lib/python3.12/site-packages/airflow/example_dags/example_sensor_decorator.py
[2025-02-07T12:44:11.892+0000] {processor.py:925} INFO - DAG(s) 'example_sensor_decorator' retrieved from /opt/conda/lib/python3.12/site-packages/airflow/example_dags/example_sensor_decorator.py
[2025-02-07T12:44:11.904+0000] {logging_mixin.py:190} INFO - [2025-02-07T12:44:11.904+0000] {dag.py:3239} INFO - Sync 1 DAGs
[2025-02-07T12:44:11.913+0000] {logging_mixin.py:190} INFO - [2025-02-07T12:44:11.913+0000] {dag.py:4180} INFO - Setting next_dagrun for example_sensor_decorator to None, run_after=None
[2025-02-07T12:44:11.927+0000] {processor.py:208} INFO - Processing /opt/conda/lib/python3.12/site-packages/airflow/example_dags/example_sensor_decorator.py took 0.051 seconds
[2025-02-07T12:50:02.183+0000] {processor.py:186} INFO - Started process (PID=3751) to work on /opt/conda/lib/python3.12/site-packages/airflow/example_dags/example_sensor_decorator.py
[2025-02-07T12:50:02.184+0000] {processor.py:914} INFO - Processing file /opt/conda/lib/python3.12/site-packages/airflow/example_dags/example_sensor_decorator.py for tasks to queue
[2025-02-07T12:50:02.187+0000] {logging_mixin.py:190} INFO - [2025-02-07T12:50:02.187+0000] {dagbag.py:588} INFO - Filling up the DagBag from /opt/conda/lib/python3.12/site-packages/airflow/example_dags/example_sensor_decorator.py
[2025-02-07T12:50:02.199+0000] {processor.py:925} INFO - DAG(s) 'example_sensor_decorator' retrieved from /opt/conda/lib/python3.12/site-packages/airflow/example_dags/example_sensor_decorator.py
[2025-02-07T12:50:02.212+0000] {logging_mixin.py:190} INFO - [2025-02-07T12:50:02.212+0000] {dag.py:3239} INFO - Sync 1 DAGs
[2025-02-07T12:50:02.223+0000] {logging_mixin.py:190} INFO - [2025-02-07T12:50:02.223+0000] {dag.py:4180} INFO - Setting next_dagrun for example_sensor_decorator to None, run_after=None
[2025-02-07T12:50:02.242+0000] {processor.py:208} INFO - Processing /opt/conda/lib/python3.12/site-packages/airflow/example_dags/example_sensor_decorator.py took 0.065 seconds
[2025-02-07T12:57:45.732+0000] {processor.py:186} INFO - Started process (PID=7327) to work on /opt/conda/lib/python3.12/site-packages/airflow/example_dags/example_sensor_decorator.py
[2025-02-07T12:57:45.733+0000] {processor.py:914} INFO - Processing file /opt/conda/lib/python3.12/site-packages/airflow/example_dags/example_sensor_decorator.py for tasks to queue
[2025-02-07T12:57:45.735+0000] {logging_mixin.py:190} INFO - [2025-02-07T12:57:45.735+0000] {dagbag.py:588} INFO - Filling up the DagBag from /opt/conda/lib/python3.12/site-packages/airflow/example_dags/example_sensor_decorator.py
[2025-02-07T12:57:45.744+0000] {processor.py:925} INFO - DAG(s) 'example_sensor_decorator' retrieved from /opt/conda/lib/python3.12/site-packages/airflow/example_dags/example_sensor_decorator.py
[2025-02-07T12:57:45.756+0000] {logging_mixin.py:190} INFO - [2025-02-07T12:57:45.755+0000] {dag.py:3239} INFO - Sync 1 DAGs
[2025-02-07T12:57:45.769+0000] {logging_mixin.py:190} INFO - [2025-02-07T12:57:45.769+0000] {dag.py:4180} INFO - Setting next_dagrun for example_sensor_decorator to None, run_after=None
[2025-02-07T12:57:45.781+0000] {processor.py:208} INFO - Processing /opt/conda/lib/python3.12/site-packages/airflow/example_dags/example_sensor_decorator.py took 0.054 seconds
[2025-02-07T13:07:50.728+0000] {processor.py:186} INFO - Started process (PID=759) to work on /opt/conda/lib/python3.12/site-packages/airflow/example_dags/example_sensor_decorator.py
[2025-02-07T13:07:50.728+0000] {processor.py:914} INFO - Processing file /opt/conda/lib/python3.12/site-packages/airflow/example_dags/example_sensor_decorator.py for tasks to queue
[2025-02-07T13:07:50.730+0000] {logging_mixin.py:190} INFO - [2025-02-07T13:07:50.729+0000] {dagbag.py:588} INFO - Filling up the DagBag from /opt/conda/lib/python3.12/site-packages/airflow/example_dags/example_sensor_decorator.py
[2025-02-07T13:07:50.734+0000] {processor.py:925} INFO - DAG(s) 'example_sensor_decorator' retrieved from /opt/conda/lib/python3.12/site-packages/airflow/example_dags/example_sensor_decorator.py
[2025-02-07T13:07:50.743+0000] {logging_mixin.py:190} INFO - [2025-02-07T13:07:50.743+0000] {dag.py:3239} INFO - Sync 1 DAGs
[2025-02-07T13:07:50.751+0000] {logging_mixin.py:190} INFO - [2025-02-07T13:07:50.751+0000] {dag.py:4180} INFO - Setting next_dagrun for example_sensor_decorator to None, run_after=None
[2025-02-07T13:07:50.762+0000] {processor.py:208} INFO - Processing /opt/conda/lib/python3.12/site-packages/airflow/example_dags/example_sensor_decorator.py took 0.038 seconds
[2025-02-07T13:27:23.190+0000] {processor.py:186} INFO - Started process (PID=194) to work on /opt/conda/lib/python3.12/site-packages/airflow/example_dags/example_sensor_decorator.py
[2025-02-07T13:27:23.193+0000] {processor.py:914} INFO - Processing file /opt/conda/lib/python3.12/site-packages/airflow/example_dags/example_sensor_decorator.py for tasks to queue
[2025-02-07T13:27:23.196+0000] {logging_mixin.py:190} INFO - [2025-02-07T13:27:23.196+0000] {dagbag.py:588} INFO - Filling up the DagBag from /opt/conda/lib/python3.12/site-packages/airflow/example_dags/example_sensor_decorator.py
[2025-02-07T13:27:23.211+0000] {processor.py:925} INFO - DAG(s) 'example_sensor_decorator' retrieved from /opt/conda/lib/python3.12/site-packages/airflow/example_dags/example_sensor_decorator.py
[2025-02-07T13:27:23.237+0000] {logging_mixin.py:190} INFO - [2025-02-07T13:27:23.236+0000] {dag.py:3239} INFO - Sync 1 DAGs
[2025-02-07T13:27:23.250+0000] {logging_mixin.py:190} INFO - [2025-02-07T13:27:23.250+0000] {dag.py:4180} INFO - Setting next_dagrun for example_sensor_decorator to None, run_after=None
[2025-02-07T13:27:23.289+0000] {processor.py:208} INFO - Processing /opt/conda/lib/python3.12/site-packages/airflow/example_dags/example_sensor_decorator.py took 0.109 seconds
[2025-02-07T13:28:57.378+0000] {processor.py:186} INFO - Started process (PID=347) to work on /opt/conda/lib/python3.12/site-packages/airflow/example_dags/example_sensor_decorator.py
[2025-02-07T13:28:57.380+0000] {processor.py:914} INFO - Processing file /opt/conda/lib/python3.12/site-packages/airflow/example_dags/example_sensor_decorator.py for tasks to queue
[2025-02-07T13:28:57.381+0000] {logging_mixin.py:190} INFO - [2025-02-07T13:28:57.381+0000] {dagbag.py:588} INFO - Filling up the DagBag from /opt/conda/lib/python3.12/site-packages/airflow/example_dags/example_sensor_decorator.py
[2025-02-07T13:28:57.387+0000] {processor.py:925} INFO - DAG(s) 'example_sensor_decorator' retrieved from /opt/conda/lib/python3.12/site-packages/airflow/example_dags/example_sensor_decorator.py
[2025-02-07T13:28:57.400+0000] {logging_mixin.py:190} INFO - [2025-02-07T13:28:57.400+0000] {dag.py:3239} INFO - Sync 1 DAGs
[2025-02-07T13:28:57.416+0000] {logging_mixin.py:190} INFO - [2025-02-07T13:28:57.415+0000] {dag.py:4180} INFO - Setting next_dagrun for example_sensor_decorator to None, run_after=None
[2025-02-07T13:28:57.436+0000] {processor.py:208} INFO - Processing /opt/conda/lib/python3.12/site-packages/airflow/example_dags/example_sensor_decorator.py took 0.076 seconds
[2025-02-07T13:30:10.821+0000] {processor.py:186} INFO - Started process (PID=432) to work on /opt/conda/lib/python3.12/site-packages/airflow/example_dags/example_sensor_decorator.py
[2025-02-07T13:30:10.822+0000] {processor.py:914} INFO - Processing file /opt/conda/lib/python3.12/site-packages/airflow/example_dags/example_sensor_decorator.py for tasks to queue
[2025-02-07T13:30:10.824+0000] {logging_mixin.py:190} INFO - [2025-02-07T13:30:10.824+0000] {dagbag.py:588} INFO - Filling up the DagBag from /opt/conda/lib/python3.12/site-packages/airflow/example_dags/example_sensor_decorator.py
[2025-02-07T13:30:10.831+0000] {processor.py:925} INFO - DAG(s) 'example_sensor_decorator' retrieved from /opt/conda/lib/python3.12/site-packages/airflow/example_dags/example_sensor_decorator.py
[2025-02-07T13:30:10.842+0000] {logging_mixin.py:190} INFO - [2025-02-07T13:30:10.842+0000] {dag.py:3239} INFO - Sync 1 DAGs
[2025-02-07T13:30:10.850+0000] {logging_mixin.py:190} INFO - [2025-02-07T13:30:10.850+0000] {dag.py:4180} INFO - Setting next_dagrun for example_sensor_decorator to None, run_after=None
[2025-02-07T13:30:10.864+0000] {processor.py:208} INFO - Processing /opt/conda/lib/python3.12/site-packages/airflow/example_dags/example_sensor_decorator.py took 0.064 seconds
[2025-02-07T13:33:20.837+0000] {processor.py:186} INFO - Started process (PID=316) to work on /opt/conda/lib/python3.12/site-packages/airflow/example_dags/example_sensor_decorator.py
[2025-02-07T13:33:20.886+0000] {processor.py:914} INFO - Processing file /opt/conda/lib/python3.12/site-packages/airflow/example_dags/example_sensor_decorator.py for tasks to queue
[2025-02-07T13:33:20.890+0000] {logging_mixin.py:190} INFO - [2025-02-07T13:33:20.889+0000] {dagbag.py:588} INFO - Filling up the DagBag from /opt/conda/lib/python3.12/site-packages/airflow/example_dags/example_sensor_decorator.py
[2025-02-07T13:33:20.900+0000] {processor.py:925} INFO - DAG(s) 'example_sensor_decorator' retrieved from /opt/conda/lib/python3.12/site-packages/airflow/example_dags/example_sensor_decorator.py
[2025-02-07T13:33:20.944+0000] {logging_mixin.py:190} INFO - [2025-02-07T13:33:20.944+0000] {dag.py:3239} INFO - Sync 1 DAGs
[2025-02-07T13:33:21.078+0000] {logging_mixin.py:190} INFO - [2025-02-07T13:33:21.077+0000] {dag.py:4180} INFO - Setting next_dagrun for example_sensor_decorator to None, run_after=None
[2025-02-07T13:33:21.112+0000] {processor.py:208} INFO - Processing /opt/conda/lib/python3.12/site-packages/airflow/example_dags/example_sensor_decorator.py took 0.284 seconds
[2025-02-07T13:35:15.474+0000] {processor.py:186} INFO - Started process (PID=206) to work on /opt/conda/lib/python3.12/site-packages/airflow/example_dags/example_sensor_decorator.py
[2025-02-07T13:35:15.475+0000] {processor.py:914} INFO - Processing file /opt/conda/lib/python3.12/site-packages/airflow/example_dags/example_sensor_decorator.py for tasks to queue
[2025-02-07T13:35:15.476+0000] {logging_mixin.py:190} INFO - [2025-02-07T13:35:15.476+0000] {dagbag.py:588} INFO - Filling up the DagBag from /opt/conda/lib/python3.12/site-packages/airflow/example_dags/example_sensor_decorator.py
[2025-02-07T13:35:15.481+0000] {processor.py:925} INFO - DAG(s) 'example_sensor_decorator' retrieved from /opt/conda/lib/python3.12/site-packages/airflow/example_dags/example_sensor_decorator.py
[2025-02-07T13:35:15.490+0000] {logging_mixin.py:190} INFO - [2025-02-07T13:35:15.490+0000] {dag.py:3239} INFO - Sync 1 DAGs
[2025-02-07T13:35:15.499+0000] {logging_mixin.py:190} INFO - [2025-02-07T13:35:15.498+0000] {dag.py:4180} INFO - Setting next_dagrun for example_sensor_decorator to None, run_after=None
[2025-02-07T13:35:15.511+0000] {processor.py:208} INFO - Processing /opt/conda/lib/python3.12/site-packages/airflow/example_dags/example_sensor_decorator.py took 0.043 seconds
[2025-02-07T13:38:22.743+0000] {processor.py:186} INFO - Started process (PID=321) to work on /opt/conda/lib/python3.12/site-packages/airflow/example_dags/example_sensor_decorator.py
[2025-02-07T13:38:22.744+0000] {processor.py:914} INFO - Processing file /opt/conda/lib/python3.12/site-packages/airflow/example_dags/example_sensor_decorator.py for tasks to queue
[2025-02-07T13:38:22.745+0000] {logging_mixin.py:190} INFO - [2025-02-07T13:38:22.745+0000] {dagbag.py:588} INFO - Filling up the DagBag from /opt/conda/lib/python3.12/site-packages/airflow/example_dags/example_sensor_decorator.py
[2025-02-07T13:38:22.751+0000] {processor.py:925} INFO - DAG(s) 'example_sensor_decorator' retrieved from /opt/conda/lib/python3.12/site-packages/airflow/example_dags/example_sensor_decorator.py
[2025-02-07T13:38:22.761+0000] {logging_mixin.py:190} INFO - [2025-02-07T13:38:22.761+0000] {dag.py:3239} INFO - Sync 1 DAGs
[2025-02-07T13:38:22.770+0000] {logging_mixin.py:190} INFO - [2025-02-07T13:38:22.769+0000] {dag.py:4180} INFO - Setting next_dagrun for example_sensor_decorator to None, run_after=None
[2025-02-07T13:38:22.793+0000] {processor.py:208} INFO - Processing /opt/conda/lib/python3.12/site-packages/airflow/example_dags/example_sensor_decorator.py took 0.057 seconds
[2025-02-07T13:39:43.015+0000] {processor.py:186} INFO - Started process (PID=499) to work on /opt/conda/lib/python3.12/site-packages/airflow/example_dags/example_sensor_decorator.py
[2025-02-07T13:39:43.016+0000] {processor.py:914} INFO - Processing file /opt/conda/lib/python3.12/site-packages/airflow/example_dags/example_sensor_decorator.py for tasks to queue
[2025-02-07T13:39:43.018+0000] {logging_mixin.py:190} INFO - [2025-02-07T13:39:43.018+0000] {dagbag.py:588} INFO - Filling up the DagBag from /opt/conda/lib/python3.12/site-packages/airflow/example_dags/example_sensor_decorator.py
[2025-02-07T13:39:43.025+0000] {processor.py:925} INFO - DAG(s) 'example_sensor_decorator' retrieved from /opt/conda/lib/python3.12/site-packages/airflow/example_dags/example_sensor_decorator.py
[2025-02-07T13:39:43.038+0000] {logging_mixin.py:190} INFO - [2025-02-07T13:39:43.038+0000] {dag.py:3239} INFO - Sync 1 DAGs
[2025-02-07T13:39:43.047+0000] {logging_mixin.py:190} INFO - [2025-02-07T13:39:43.047+0000] {dag.py:4180} INFO - Setting next_dagrun for example_sensor_decorator to None, run_after=None
[2025-02-07T13:39:43.062+0000] {processor.py:208} INFO - Processing /opt/conda/lib/python3.12/site-packages/airflow/example_dags/example_sensor_decorator.py took 0.052 seconds
[2025-02-07T13:40:40.247+0000] {processor.py:186} INFO - Started process (PID=567) to work on /opt/conda/lib/python3.12/site-packages/airflow/example_dags/example_sensor_decorator.py
[2025-02-07T13:40:40.248+0000] {processor.py:914} INFO - Processing file /opt/conda/lib/python3.12/site-packages/airflow/example_dags/example_sensor_decorator.py for tasks to queue
[2025-02-07T13:40:40.250+0000] {logging_mixin.py:190} INFO - [2025-02-07T13:40:40.250+0000] {dagbag.py:588} INFO - Filling up the DagBag from /opt/conda/lib/python3.12/site-packages/airflow/example_dags/example_sensor_decorator.py
[2025-02-07T13:40:40.258+0000] {processor.py:925} INFO - DAG(s) 'example_sensor_decorator' retrieved from /opt/conda/lib/python3.12/site-packages/airflow/example_dags/example_sensor_decorator.py
[2025-02-07T13:40:40.270+0000] {logging_mixin.py:190} INFO - [2025-02-07T13:40:40.270+0000] {dag.py:3239} INFO - Sync 1 DAGs
[2025-02-07T13:40:40.278+0000] {logging_mixin.py:190} INFO - [2025-02-07T13:40:40.278+0000] {dag.py:4180} INFO - Setting next_dagrun for example_sensor_decorator to None, run_after=None
[2025-02-07T13:40:40.292+0000] {processor.py:208} INFO - Processing /opt/conda/lib/python3.12/site-packages/airflow/example_dags/example_sensor_decorator.py took 0.051 seconds
[2025-02-07T13:41:38.028+0000] {processor.py:186} INFO - Started process (PID=634) to work on /opt/conda/lib/python3.12/site-packages/airflow/example_dags/example_sensor_decorator.py
[2025-02-07T13:41:38.029+0000] {processor.py:914} INFO - Processing file /opt/conda/lib/python3.12/site-packages/airflow/example_dags/example_sensor_decorator.py for tasks to queue
[2025-02-07T13:41:38.031+0000] {logging_mixin.py:190} INFO - [2025-02-07T13:41:38.031+0000] {dagbag.py:588} INFO - Filling up the DagBag from /opt/conda/lib/python3.12/site-packages/airflow/example_dags/example_sensor_decorator.py
[2025-02-07T13:41:38.038+0000] {processor.py:925} INFO - DAG(s) 'example_sensor_decorator' retrieved from /opt/conda/lib/python3.12/site-packages/airflow/example_dags/example_sensor_decorator.py
[2025-02-07T13:41:38.049+0000] {logging_mixin.py:190} INFO - [2025-02-07T13:41:38.049+0000] {dag.py:3239} INFO - Sync 1 DAGs
[2025-02-07T13:41:38.058+0000] {logging_mixin.py:190} INFO - [2025-02-07T13:41:38.057+0000] {dag.py:4180} INFO - Setting next_dagrun for example_sensor_decorator to None, run_after=None
[2025-02-07T13:41:38.071+0000] {processor.py:208} INFO - Processing /opt/conda/lib/python3.12/site-packages/airflow/example_dags/example_sensor_decorator.py took 0.053 seconds
[2025-02-07T13:42:45.733+0000] {processor.py:186} INFO - Started process (PID=802) to work on /opt/conda/lib/python3.12/site-packages/airflow/example_dags/example_sensor_decorator.py
[2025-02-07T13:42:45.735+0000] {processor.py:914} INFO - Processing file /opt/conda/lib/python3.12/site-packages/airflow/example_dags/example_sensor_decorator.py for tasks to queue
[2025-02-07T13:42:45.737+0000] {logging_mixin.py:190} INFO - [2025-02-07T13:42:45.737+0000] {dagbag.py:588} INFO - Filling up the DagBag from /opt/conda/lib/python3.12/site-packages/airflow/example_dags/example_sensor_decorator.py
[2025-02-07T13:42:45.744+0000] {processor.py:925} INFO - DAG(s) 'example_sensor_decorator' retrieved from /opt/conda/lib/python3.12/site-packages/airflow/example_dags/example_sensor_decorator.py
[2025-02-07T13:42:45.757+0000] {logging_mixin.py:190} INFO - [2025-02-07T13:42:45.757+0000] {dag.py:3239} INFO - Sync 1 DAGs
[2025-02-07T13:42:45.765+0000] {logging_mixin.py:190} INFO - [2025-02-07T13:42:45.765+0000] {dag.py:4180} INFO - Setting next_dagrun for example_sensor_decorator to None, run_after=None
[2025-02-07T13:42:45.778+0000] {processor.py:208} INFO - Processing /opt/conda/lib/python3.12/site-packages/airflow/example_dags/example_sensor_decorator.py took 0.052 seconds
[2025-02-07T13:43:51.102+0000] {processor.py:186} INFO - Started process (PID=897) to work on /opt/conda/lib/python3.12/site-packages/airflow/example_dags/example_sensor_decorator.py
[2025-02-07T13:43:51.103+0000] {processor.py:914} INFO - Processing file /opt/conda/lib/python3.12/site-packages/airflow/example_dags/example_sensor_decorator.py for tasks to queue
[2025-02-07T13:43:51.107+0000] {logging_mixin.py:190} INFO - [2025-02-07T13:43:51.107+0000] {dagbag.py:588} INFO - Filling up the DagBag from /opt/conda/lib/python3.12/site-packages/airflow/example_dags/example_sensor_decorator.py
[2025-02-07T13:43:51.121+0000] {processor.py:925} INFO - DAG(s) 'example_sensor_decorator' retrieved from /opt/conda/lib/python3.12/site-packages/airflow/example_dags/example_sensor_decorator.py
[2025-02-07T13:43:51.158+0000] {logging_mixin.py:190} INFO - [2025-02-07T13:43:51.157+0000] {dag.py:3239} INFO - Sync 1 DAGs
[2025-02-07T13:43:51.177+0000] {logging_mixin.py:190} INFO - [2025-02-07T13:43:51.177+0000] {dag.py:4180} INFO - Setting next_dagrun for example_sensor_decorator to None, run_after=None
[2025-02-07T13:43:51.191+0000] {processor.py:208} INFO - Processing /opt/conda/lib/python3.12/site-packages/airflow/example_dags/example_sensor_decorator.py took 0.097 seconds
[2025-02-07T13:45:44.056+0000] {processor.py:186} INFO - Started process (PID=1177) to work on /opt/conda/lib/python3.12/site-packages/airflow/example_dags/example_sensor_decorator.py
[2025-02-07T13:45:44.060+0000] {processor.py:914} INFO - Processing file /opt/conda/lib/python3.12/site-packages/airflow/example_dags/example_sensor_decorator.py for tasks to queue
[2025-02-07T13:45:44.070+0000] {logging_mixin.py:190} INFO - [2025-02-07T13:45:44.068+0000] {dagbag.py:588} INFO - Filling up the DagBag from /opt/conda/lib/python3.12/site-packages/airflow/example_dags/example_sensor_decorator.py
[2025-02-07T13:45:44.100+0000] {processor.py:925} INFO - DAG(s) 'example_sensor_decorator' retrieved from /opt/conda/lib/python3.12/site-packages/airflow/example_dags/example_sensor_decorator.py
[2025-02-07T13:45:44.140+0000] {logging_mixin.py:190} INFO - [2025-02-07T13:45:44.140+0000] {dag.py:3239} INFO - Sync 1 DAGs
[2025-02-07T13:45:44.171+0000] {logging_mixin.py:190} INFO - [2025-02-07T13:45:44.170+0000] {dag.py:4180} INFO - Setting next_dagrun for example_sensor_decorator to None, run_after=None
[2025-02-07T13:45:44.224+0000] {processor.py:208} INFO - Processing /opt/conda/lib/python3.12/site-packages/airflow/example_dags/example_sensor_decorator.py took 0.191 seconds
[2025-02-07T14:05:16.700+0000] {processor.py:186} INFO - Started process (PID=1757) to work on /opt/conda/lib/python3.12/site-packages/airflow/example_dags/example_sensor_decorator.py
[2025-02-07T14:05:16.702+0000] {processor.py:914} INFO - Processing file /opt/conda/lib/python3.12/site-packages/airflow/example_dags/example_sensor_decorator.py for tasks to queue
[2025-02-07T14:05:16.703+0000] {logging_mixin.py:190} INFO - [2025-02-07T14:05:16.703+0000] {dagbag.py:588} INFO - Filling up the DagBag from /opt/conda/lib/python3.12/site-packages/airflow/example_dags/example_sensor_decorator.py
[2025-02-07T14:05:16.708+0000] {processor.py:925} INFO - DAG(s) 'example_sensor_decorator' retrieved from /opt/conda/lib/python3.12/site-packages/airflow/example_dags/example_sensor_decorator.py
[2025-02-07T14:05:16.727+0000] {logging_mixin.py:190} INFO - [2025-02-07T14:05:16.727+0000] {dag.py:3239} INFO - Sync 1 DAGs
[2025-02-07T14:05:16.739+0000] {logging_mixin.py:190} INFO - [2025-02-07T14:05:16.739+0000] {dag.py:4180} INFO - Setting next_dagrun for example_sensor_decorator to None, run_after=None
[2025-02-07T14:05:16.765+0000] {processor.py:208} INFO - Processing /opt/conda/lib/python3.12/site-packages/airflow/example_dags/example_sensor_decorator.py took 0.072 seconds
[2025-02-07T14:06:19.387+0000] {processor.py:186} INFO - Started process (PID=1825) to work on /opt/conda/lib/python3.12/site-packages/airflow/example_dags/example_sensor_decorator.py
[2025-02-07T14:06:19.388+0000] {processor.py:914} INFO - Processing file /opt/conda/lib/python3.12/site-packages/airflow/example_dags/example_sensor_decorator.py for tasks to queue
[2025-02-07T14:06:19.389+0000] {logging_mixin.py:190} INFO - [2025-02-07T14:06:19.389+0000] {dagbag.py:588} INFO - Filling up the DagBag from /opt/conda/lib/python3.12/site-packages/airflow/example_dags/example_sensor_decorator.py
[2025-02-07T14:06:19.396+0000] {processor.py:925} INFO - DAG(s) 'example_sensor_decorator' retrieved from /opt/conda/lib/python3.12/site-packages/airflow/example_dags/example_sensor_decorator.py
[2025-02-07T14:06:19.415+0000] {logging_mixin.py:190} INFO - [2025-02-07T14:06:19.415+0000] {dag.py:3239} INFO - Sync 1 DAGs
[2025-02-07T14:06:19.429+0000] {logging_mixin.py:190} INFO - [2025-02-07T14:06:19.429+0000] {dag.py:4180} INFO - Setting next_dagrun for example_sensor_decorator to None, run_after=None
[2025-02-07T14:06:19.449+0000] {processor.py:208} INFO - Processing /opt/conda/lib/python3.12/site-packages/airflow/example_dags/example_sensor_decorator.py took 0.077 seconds
[2025-02-07T14:07:42.402+0000] {processor.py:186} INFO - Started process (PID=2013) to work on /opt/conda/lib/python3.12/site-packages/airflow/example_dags/example_sensor_decorator.py
[2025-02-07T14:07:42.404+0000] {processor.py:914} INFO - Processing file /opt/conda/lib/python3.12/site-packages/airflow/example_dags/example_sensor_decorator.py for tasks to queue
[2025-02-07T14:07:42.406+0000] {logging_mixin.py:190} INFO - [2025-02-07T14:07:42.405+0000] {dagbag.py:588} INFO - Filling up the DagBag from /opt/conda/lib/python3.12/site-packages/airflow/example_dags/example_sensor_decorator.py
[2025-02-07T14:07:42.432+0000] {processor.py:925} INFO - DAG(s) 'example_sensor_decorator' retrieved from /opt/conda/lib/python3.12/site-packages/airflow/example_dags/example_sensor_decorator.py
[2025-02-07T14:07:42.493+0000] {logging_mixin.py:190} INFO - [2025-02-07T14:07:42.492+0000] {dag.py:3239} INFO - Sync 1 DAGs
[2025-02-07T14:07:42.532+0000] {logging_mixin.py:190} INFO - [2025-02-07T14:07:42.531+0000] {dag.py:4180} INFO - Setting next_dagrun for example_sensor_decorator to None, run_after=None
[2025-02-07T14:07:42.552+0000] {processor.py:208} INFO - Processing /opt/conda/lib/python3.12/site-packages/airflow/example_dags/example_sensor_decorator.py took 0.158 seconds
