[2025-02-07T12:12:40.780+0000] {processor.py:186} INFO - Started process (PID=2911) to work on /opt/conda/lib/python3.12/site-packages/airflow/example_dags/example_display_name.py
[2025-02-07T12:12:40.781+0000] {processor.py:914} INFO - Processing file /opt/conda/lib/python3.12/site-packages/airflow/example_dags/example_display_name.py for tasks to queue
[2025-02-07T12:12:40.783+0000] {logging_mixin.py:190} INFO - [2025-02-07T12:12:40.782+0000] {dagbag.py:588} INFO - Filling up the DagBag from /opt/conda/lib/python3.12/site-packages/airflow/example_dags/example_display_name.py
[2025-02-07T12:12:40.791+0000] {processor.py:925} INFO - DAG(s) 'example_display_name' retrieved from /opt/conda/lib/python3.12/site-packages/airflow/example_dags/example_display_name.py
[2025-02-07T12:12:40.804+0000] {logging_mixin.py:190} INFO - [2025-02-07T12:12:40.803+0000] {dag.py:3239} INFO - Sync 1 DAGs
[2025-02-07T12:12:40.813+0000] {logging_mixin.py:190} INFO - [2025-02-07T12:12:40.813+0000] {dag.py:4180} INFO - Setting next_dagrun for example_display_name to None, run_after=None
[2025-02-07T12:12:40.833+0000] {processor.py:208} INFO - Processing /opt/conda/lib/python3.12/site-packages/airflow/example_dags/example_display_name.py took 0.058 seconds
[2025-02-07T12:33:07.458+0000] {processor.py:186} INFO - Started process (PID=138) to work on /opt/conda/lib/python3.12/site-packages/airflow/example_dags/example_display_name.py
[2025-02-07T12:33:07.460+0000] {processor.py:914} INFO - Processing file /opt/conda/lib/python3.12/site-packages/airflow/example_dags/example_display_name.py for tasks to queue
[2025-02-07T12:33:07.461+0000] {logging_mixin.py:190} INFO - [2025-02-07T12:33:07.461+0000] {dagbag.py:588} INFO - Filling up the DagBag from /opt/conda/lib/python3.12/site-packages/airflow/example_dags/example_display_name.py
[2025-02-07T12:33:07.468+0000] {processor.py:925} INFO - DAG(s) 'example_display_name' retrieved from /opt/conda/lib/python3.12/site-packages/airflow/example_dags/example_display_name.py
[2025-02-07T12:33:07.482+0000] {logging_mixin.py:190} INFO - [2025-02-07T12:33:07.481+0000] {dag.py:3239} INFO - Sync 1 DAGs
[2025-02-07T12:33:07.491+0000] {logging_mixin.py:190} INFO - [2025-02-07T12:33:07.491+0000] {dag.py:4180} INFO - Setting next_dagrun for example_display_name to None, run_after=None
[2025-02-07T12:33:07.535+0000] {processor.py:208} INFO - Processing /opt/conda/lib/python3.12/site-packages/airflow/example_dags/example_display_name.py took 0.083 seconds
[2025-02-07T12:36:56.152+0000] {processor.py:186} INFO - Started process (PID=116) to work on /opt/conda/lib/python3.12/site-packages/airflow/example_dags/example_display_name.py
[2025-02-07T12:36:56.154+0000] {processor.py:914} INFO - Processing file /opt/conda/lib/python3.12/site-packages/airflow/example_dags/example_display_name.py for tasks to queue
[2025-02-07T12:36:56.156+0000] {logging_mixin.py:190} INFO - [2025-02-07T12:36:56.156+0000] {dagbag.py:588} INFO - Filling up the DagBag from /opt/conda/lib/python3.12/site-packages/airflow/example_dags/example_display_name.py
[2025-02-07T12:36:56.166+0000] {processor.py:925} INFO - DAG(s) 'example_display_name' retrieved from /opt/conda/lib/python3.12/site-packages/airflow/example_dags/example_display_name.py
[2025-02-07T12:36:56.183+0000] {logging_mixin.py:190} INFO - [2025-02-07T12:36:56.182+0000] {dag.py:3239} INFO - Sync 1 DAGs
[2025-02-07T12:36:56.193+0000] {logging_mixin.py:190} INFO - [2025-02-07T12:36:56.192+0000] {dag.py:4180} INFO - Setting next_dagrun for example_display_name to None, run_after=None
[2025-02-07T12:36:56.213+0000] {processor.py:208} INFO - Processing /opt/conda/lib/python3.12/site-packages/airflow/example_dags/example_display_name.py took 0.067 seconds
[2025-02-07T12:38:10.294+0000] {processor.py:186} INFO - Started process (PID=191) to work on /opt/conda/lib/python3.12/site-packages/airflow/example_dags/example_display_name.py
[2025-02-07T12:38:10.301+0000] {processor.py:914} INFO - Processing file /opt/conda/lib/python3.12/site-packages/airflow/example_dags/example_display_name.py for tasks to queue
[2025-02-07T12:38:10.303+0000] {logging_mixin.py:190} INFO - [2025-02-07T12:38:10.303+0000] {dagbag.py:588} INFO - Filling up the DagBag from /opt/conda/lib/python3.12/site-packages/airflow/example_dags/example_display_name.py
[2025-02-07T12:38:10.308+0000] {processor.py:925} INFO - DAG(s) 'example_display_name' retrieved from /opt/conda/lib/python3.12/site-packages/airflow/example_dags/example_display_name.py
[2025-02-07T12:38:10.317+0000] {logging_mixin.py:190} INFO - [2025-02-07T12:38:10.317+0000] {dag.py:3239} INFO - Sync 1 DAGs
[2025-02-07T12:38:10.324+0000] {logging_mixin.py:190} INFO - [2025-02-07T12:38:10.324+0000] {dag.py:4180} INFO - Setting next_dagrun for example_display_name to None, run_after=None
[2025-02-07T12:38:10.339+0000] {processor.py:208} INFO - Processing /opt/conda/lib/python3.12/site-packages/airflow/example_dags/example_display_name.py took 0.048 seconds
[2025-02-07T12:39:09.305+0000] {processor.py:186} INFO - Started process (PID=260) to work on /opt/conda/lib/python3.12/site-packages/airflow/example_dags/example_display_name.py
[2025-02-07T12:39:09.306+0000] {processor.py:914} INFO - Processing file /opt/conda/lib/python3.12/site-packages/airflow/example_dags/example_display_name.py for tasks to queue
[2025-02-07T12:39:09.308+0000] {logging_mixin.py:190} INFO - [2025-02-07T12:39:09.308+0000] {dagbag.py:588} INFO - Filling up the DagBag from /opt/conda/lib/python3.12/site-packages/airflow/example_dags/example_display_name.py
[2025-02-07T12:39:09.315+0000] {processor.py:925} INFO - DAG(s) 'example_display_name' retrieved from /opt/conda/lib/python3.12/site-packages/airflow/example_dags/example_display_name.py
[2025-02-07T12:39:09.328+0000] {logging_mixin.py:190} INFO - [2025-02-07T12:39:09.328+0000] {dag.py:3239} INFO - Sync 1 DAGs
[2025-02-07T12:39:09.337+0000] {logging_mixin.py:190} INFO - [2025-02-07T12:39:09.337+0000] {dag.py:4180} INFO - Setting next_dagrun for example_display_name to None, run_after=None
[2025-02-07T12:39:09.355+0000] {processor.py:208} INFO - Processing /opt/conda/lib/python3.12/site-packages/airflow/example_dags/example_display_name.py took 0.055 seconds
[2025-02-07T12:40:07.426+0000] {processor.py:186} INFO - Started process (PID=328) to work on /opt/conda/lib/python3.12/site-packages/airflow/example_dags/example_display_name.py
[2025-02-07T12:40:07.427+0000] {processor.py:914} INFO - Processing file /opt/conda/lib/python3.12/site-packages/airflow/example_dags/example_display_name.py for tasks to queue
[2025-02-07T12:40:07.428+0000] {logging_mixin.py:190} INFO - [2025-02-07T12:40:07.428+0000] {dagbag.py:588} INFO - Filling up the DagBag from /opt/conda/lib/python3.12/site-packages/airflow/example_dags/example_display_name.py
[2025-02-07T12:40:07.433+0000] {processor.py:925} INFO - DAG(s) 'example_display_name' retrieved from /opt/conda/lib/python3.12/site-packages/airflow/example_dags/example_display_name.py
[2025-02-07T12:40:07.441+0000] {logging_mixin.py:190} INFO - [2025-02-07T12:40:07.441+0000] {dag.py:3239} INFO - Sync 1 DAGs
[2025-02-07T12:40:07.447+0000] {logging_mixin.py:190} INFO - [2025-02-07T12:40:07.447+0000] {dag.py:4180} INFO - Setting next_dagrun for example_display_name to None, run_after=None
[2025-02-07T12:40:07.459+0000] {processor.py:208} INFO - Processing /opt/conda/lib/python3.12/site-packages/airflow/example_dags/example_display_name.py took 0.037 seconds
[2025-02-07T12:41:05.642+0000] {processor.py:186} INFO - Started process (PID=397) to work on /opt/conda/lib/python3.12/site-packages/airflow/example_dags/example_display_name.py
[2025-02-07T12:41:05.643+0000] {processor.py:914} INFO - Processing file /opt/conda/lib/python3.12/site-packages/airflow/example_dags/example_display_name.py for tasks to queue
[2025-02-07T12:41:05.645+0000] {logging_mixin.py:190} INFO - [2025-02-07T12:41:05.645+0000] {dagbag.py:588} INFO - Filling up the DagBag from /opt/conda/lib/python3.12/site-packages/airflow/example_dags/example_display_name.py
[2025-02-07T12:41:05.651+0000] {processor.py:925} INFO - DAG(s) 'example_display_name' retrieved from /opt/conda/lib/python3.12/site-packages/airflow/example_dags/example_display_name.py
[2025-02-07T12:41:05.661+0000] {logging_mixin.py:190} INFO - [2025-02-07T12:41:05.661+0000] {dag.py:3239} INFO - Sync 1 DAGs
[2025-02-07T12:41:05.668+0000] {logging_mixin.py:190} INFO - [2025-02-07T12:41:05.668+0000] {dag.py:4180} INFO - Setting next_dagrun for example_display_name to None, run_after=None
[2025-02-07T12:41:05.685+0000] {processor.py:208} INFO - Processing /opt/conda/lib/python3.12/site-packages/airflow/example_dags/example_display_name.py took 0.050 seconds
[2025-02-07T12:52:26.558+0000] {processor.py:186} INFO - Started process (PID=4690) to work on /opt/conda/lib/python3.12/site-packages/airflow/example_dags/example_display_name.py
[2025-02-07T12:52:26.563+0000] {processor.py:914} INFO - Processing file /opt/conda/lib/python3.12/site-packages/airflow/example_dags/example_display_name.py for tasks to queue
[2025-02-07T12:52:26.564+0000] {logging_mixin.py:190} INFO - [2025-02-07T12:52:26.564+0000] {dagbag.py:588} INFO - Filling up the DagBag from /opt/conda/lib/python3.12/site-packages/airflow/example_dags/example_display_name.py
[2025-02-07T12:52:26.569+0000] {processor.py:925} INFO - DAG(s) 'example_display_name' retrieved from /opt/conda/lib/python3.12/site-packages/airflow/example_dags/example_display_name.py
[2025-02-07T12:52:26.578+0000] {logging_mixin.py:190} INFO - [2025-02-07T12:52:26.578+0000] {dag.py:3239} INFO - Sync 1 DAGs
[2025-02-07T12:52:26.584+0000] {logging_mixin.py:190} INFO - [2025-02-07T12:52:26.584+0000] {dag.py:4180} INFO - Setting next_dagrun for example_display_name to None, run_after=None
[2025-02-07T12:52:26.596+0000] {processor.py:208} INFO - Processing /opt/conda/lib/python3.12/site-packages/airflow/example_dags/example_display_name.py took 0.041 seconds
[2025-02-07T13:01:06.145+0000] {processor.py:186} INFO - Started process (PID=8444) to work on /opt/conda/lib/python3.12/site-packages/airflow/example_dags/example_display_name.py
[2025-02-07T13:01:06.147+0000] {processor.py:914} INFO - Processing file /opt/conda/lib/python3.12/site-packages/airflow/example_dags/example_display_name.py for tasks to queue
[2025-02-07T13:01:06.150+0000] {logging_mixin.py:190} INFO - [2025-02-07T13:01:06.150+0000] {dagbag.py:588} INFO - Filling up the DagBag from /opt/conda/lib/python3.12/site-packages/airflow/example_dags/example_display_name.py
[2025-02-07T13:01:06.164+0000] {processor.py:925} INFO - DAG(s) 'example_display_name' retrieved from /opt/conda/lib/python3.12/site-packages/airflow/example_dags/example_display_name.py
[2025-02-07T13:01:06.180+0000] {logging_mixin.py:190} INFO - [2025-02-07T13:01:06.180+0000] {dag.py:3239} INFO - Sync 1 DAGs
[2025-02-07T13:01:06.197+0000] {logging_mixin.py:190} INFO - [2025-02-07T13:01:06.196+0000] {dag.py:4180} INFO - Setting next_dagrun for example_display_name to None, run_after=None
[2025-02-07T13:01:06.225+0000] {processor.py:208} INFO - Processing /opt/conda/lib/python3.12/site-packages/airflow/example_dags/example_display_name.py took 0.085 seconds
[2025-02-07T13:27:56.427+0000] {processor.py:186} INFO - Started process (PID=296) to work on /opt/conda/lib/python3.12/site-packages/airflow/example_dags/example_display_name.py
[2025-02-07T13:27:56.429+0000] {processor.py:914} INFO - Processing file /opt/conda/lib/python3.12/site-packages/airflow/example_dags/example_display_name.py for tasks to queue
[2025-02-07T13:27:56.433+0000] {logging_mixin.py:190} INFO - [2025-02-07T13:27:56.432+0000] {dagbag.py:588} INFO - Filling up the DagBag from /opt/conda/lib/python3.12/site-packages/airflow/example_dags/example_display_name.py
[2025-02-07T13:27:56.444+0000] {processor.py:925} INFO - DAG(s) 'example_display_name' retrieved from /opt/conda/lib/python3.12/site-packages/airflow/example_dags/example_display_name.py
[2025-02-07T13:27:56.485+0000] {logging_mixin.py:190} INFO - [2025-02-07T13:27:56.484+0000] {dag.py:3239} INFO - Sync 1 DAGs
[2025-02-07T13:27:56.517+0000] {logging_mixin.py:190} INFO - [2025-02-07T13:27:56.517+0000] {dag.py:4180} INFO - Setting next_dagrun for example_display_name to None, run_after=None
[2025-02-07T13:27:56.597+0000] {processor.py:208} INFO - Processing /opt/conda/lib/python3.12/site-packages/airflow/example_dags/example_display_name.py took 0.188 seconds
[2025-02-07T13:29:34.143+0000] {processor.py:186} INFO - Started process (PID=388) to work on /opt/conda/lib/python3.12/site-packages/airflow/example_dags/example_display_name.py
[2025-02-07T13:29:34.151+0000] {processor.py:914} INFO - Processing file /opt/conda/lib/python3.12/site-packages/airflow/example_dags/example_display_name.py for tasks to queue
[2025-02-07T13:29:34.157+0000] {logging_mixin.py:190} INFO - [2025-02-07T13:29:34.156+0000] {dagbag.py:588} INFO - Filling up the DagBag from /opt/conda/lib/python3.12/site-packages/airflow/example_dags/example_display_name.py
[2025-02-07T13:29:34.197+0000] {processor.py:925} INFO - DAG(s) 'example_display_name' retrieved from /opt/conda/lib/python3.12/site-packages/airflow/example_dags/example_display_name.py
[2025-02-07T13:29:34.231+0000] {logging_mixin.py:190} INFO - [2025-02-07T13:29:34.231+0000] {dag.py:3239} INFO - Sync 1 DAGs
[2025-02-07T13:29:34.244+0000] {logging_mixin.py:190} INFO - [2025-02-07T13:29:34.243+0000] {dag.py:4180} INFO - Setting next_dagrun for example_display_name to None, run_after=None
[2025-02-07T13:29:34.268+0000] {processor.py:208} INFO - Processing /opt/conda/lib/python3.12/site-packages/airflow/example_dags/example_display_name.py took 0.135 seconds
[2025-02-07T13:30:38.089+0000] {processor.py:186} INFO - Started process (PID=468) to work on /opt/conda/lib/python3.12/site-packages/airflow/example_dags/example_display_name.py
[2025-02-07T13:30:38.090+0000] {processor.py:914} INFO - Processing file /opt/conda/lib/python3.12/site-packages/airflow/example_dags/example_display_name.py for tasks to queue
[2025-02-07T13:30:38.091+0000] {logging_mixin.py:190} INFO - [2025-02-07T13:30:38.091+0000] {dagbag.py:588} INFO - Filling up the DagBag from /opt/conda/lib/python3.12/site-packages/airflow/example_dags/example_display_name.py
[2025-02-07T13:30:38.097+0000] {processor.py:925} INFO - DAG(s) 'example_display_name' retrieved from /opt/conda/lib/python3.12/site-packages/airflow/example_dags/example_display_name.py
[2025-02-07T13:30:38.109+0000] {logging_mixin.py:190} INFO - [2025-02-07T13:30:38.109+0000] {dag.py:3239} INFO - Sync 1 DAGs
[2025-02-07T13:30:38.118+0000] {logging_mixin.py:190} INFO - [2025-02-07T13:30:38.118+0000] {dag.py:4180} INFO - Setting next_dagrun for example_display_name to None, run_after=None
[2025-02-07T13:30:38.137+0000] {processor.py:208} INFO - Processing /opt/conda/lib/python3.12/site-packages/airflow/example_dags/example_display_name.py took 0.053 seconds
[2025-02-07T13:33:51.489+0000] {processor.py:186} INFO - Started process (PID=438) to work on /opt/conda/lib/python3.12/site-packages/airflow/example_dags/example_display_name.py
[2025-02-07T13:33:51.490+0000] {processor.py:914} INFO - Processing file /opt/conda/lib/python3.12/site-packages/airflow/example_dags/example_display_name.py for tasks to queue
[2025-02-07T13:33:51.492+0000] {logging_mixin.py:190} INFO - [2025-02-07T13:33:51.492+0000] {dagbag.py:588} INFO - Filling up the DagBag from /opt/conda/lib/python3.12/site-packages/airflow/example_dags/example_display_name.py
[2025-02-07T13:33:51.497+0000] {processor.py:925} INFO - DAG(s) 'example_display_name' retrieved from /opt/conda/lib/python3.12/site-packages/airflow/example_dags/example_display_name.py
[2025-02-07T13:33:51.509+0000] {logging_mixin.py:190} INFO - [2025-02-07T13:33:51.509+0000] {dag.py:3239} INFO - Sync 1 DAGs
[2025-02-07T13:33:51.518+0000] {logging_mixin.py:190} INFO - [2025-02-07T13:33:51.518+0000] {dag.py:4180} INFO - Setting next_dagrun for example_display_name to None, run_after=None
[2025-02-07T13:33:51.533+0000] {processor.py:208} INFO - Processing /opt/conda/lib/python3.12/site-packages/airflow/example_dags/example_display_name.py took 0.047 seconds
[2025-02-07T13:38:56.528+0000] {processor.py:186} INFO - Started process (PID=443) to work on /opt/conda/lib/python3.12/site-packages/airflow/example_dags/example_display_name.py
[2025-02-07T13:38:56.529+0000] {processor.py:914} INFO - Processing file /opt/conda/lib/python3.12/site-packages/airflow/example_dags/example_display_name.py for tasks to queue
[2025-02-07T13:38:56.531+0000] {logging_mixin.py:190} INFO - [2025-02-07T13:38:56.531+0000] {dagbag.py:588} INFO - Filling up the DagBag from /opt/conda/lib/python3.12/site-packages/airflow/example_dags/example_display_name.py
[2025-02-07T13:38:56.537+0000] {processor.py:925} INFO - DAG(s) 'example_display_name' retrieved from /opt/conda/lib/python3.12/site-packages/airflow/example_dags/example_display_name.py
[2025-02-07T13:38:56.551+0000] {logging_mixin.py:190} INFO - [2025-02-07T13:38:56.551+0000] {dag.py:3239} INFO - Sync 1 DAGs
[2025-02-07T13:38:56.559+0000] {logging_mixin.py:190} INFO - [2025-02-07T13:38:56.559+0000] {dag.py:4180} INFO - Setting next_dagrun for example_display_name to None, run_after=None
[2025-02-07T13:38:56.572+0000] {processor.py:208} INFO - Processing /opt/conda/lib/python3.12/site-packages/airflow/example_dags/example_display_name.py took 0.049 seconds
[2025-02-07T13:39:57.331+0000] {processor.py:186} INFO - Started process (PID=514) to work on /opt/conda/lib/python3.12/site-packages/airflow/example_dags/example_display_name.py
[2025-02-07T13:39:57.332+0000] {processor.py:914} INFO - Processing file /opt/conda/lib/python3.12/site-packages/airflow/example_dags/example_display_name.py for tasks to queue
[2025-02-07T13:39:57.334+0000] {logging_mixin.py:190} INFO - [2025-02-07T13:39:57.334+0000] {dagbag.py:588} INFO - Filling up the DagBag from /opt/conda/lib/python3.12/site-packages/airflow/example_dags/example_display_name.py
[2025-02-07T13:39:57.340+0000] {processor.py:925} INFO - DAG(s) 'example_display_name' retrieved from /opt/conda/lib/python3.12/site-packages/airflow/example_dags/example_display_name.py
[2025-02-07T13:39:57.353+0000] {logging_mixin.py:190} INFO - [2025-02-07T13:39:57.353+0000] {dag.py:3239} INFO - Sync 1 DAGs
[2025-02-07T13:39:57.362+0000] {logging_mixin.py:190} INFO - [2025-02-07T13:39:57.361+0000] {dag.py:4180} INFO - Setting next_dagrun for example_display_name to None, run_after=None
[2025-02-07T13:39:57.376+0000] {processor.py:208} INFO - Processing /opt/conda/lib/python3.12/site-packages/airflow/example_dags/example_display_name.py took 0.051 seconds
[2025-02-07T13:40:55.172+0000] {processor.py:186} INFO - Started process (PID=582) to work on /opt/conda/lib/python3.12/site-packages/airflow/example_dags/example_display_name.py
[2025-02-07T13:40:55.173+0000] {processor.py:914} INFO - Processing file /opt/conda/lib/python3.12/site-packages/airflow/example_dags/example_display_name.py for tasks to queue
[2025-02-07T13:40:55.176+0000] {logging_mixin.py:190} INFO - [2025-02-07T13:40:55.175+0000] {dagbag.py:588} INFO - Filling up the DagBag from /opt/conda/lib/python3.12/site-packages/airflow/example_dags/example_display_name.py
[2025-02-07T13:40:55.183+0000] {processor.py:925} INFO - DAG(s) 'example_display_name' retrieved from /opt/conda/lib/python3.12/site-packages/airflow/example_dags/example_display_name.py
[2025-02-07T13:40:55.194+0000] {logging_mixin.py:190} INFO - [2025-02-07T13:40:55.194+0000] {dag.py:3239} INFO - Sync 1 DAGs
[2025-02-07T13:40:55.203+0000] {logging_mixin.py:190} INFO - [2025-02-07T13:40:55.203+0000] {dag.py:4180} INFO - Setting next_dagrun for example_display_name to None, run_after=None
[2025-02-07T13:40:55.217+0000] {processor.py:208} INFO - Processing /opt/conda/lib/python3.12/site-packages/airflow/example_dags/example_display_name.py took 0.051 seconds
[2025-02-07T13:41:53.508+0000] {processor.py:186} INFO - Started process (PID=650) to work on /opt/conda/lib/python3.12/site-packages/airflow/example_dags/example_display_name.py
[2025-02-07T13:41:53.509+0000] {processor.py:914} INFO - Processing file /opt/conda/lib/python3.12/site-packages/airflow/example_dags/example_display_name.py for tasks to queue
[2025-02-07T13:41:53.511+0000] {logging_mixin.py:190} INFO - [2025-02-07T13:41:53.511+0000] {dagbag.py:588} INFO - Filling up the DagBag from /opt/conda/lib/python3.12/site-packages/airflow/example_dags/example_display_name.py
[2025-02-07T13:41:53.518+0000] {processor.py:925} INFO - DAG(s) 'example_display_name' retrieved from /opt/conda/lib/python3.12/site-packages/airflow/example_dags/example_display_name.py
[2025-02-07T13:41:53.531+0000] {logging_mixin.py:190} INFO - [2025-02-07T13:41:53.531+0000] {dag.py:3239} INFO - Sync 1 DAGs
[2025-02-07T13:41:53.540+0000] {logging_mixin.py:190} INFO - [2025-02-07T13:41:53.540+0000] {dag.py:4180} INFO - Setting next_dagrun for example_display_name to None, run_after=None
[2025-02-07T13:41:53.555+0000] {processor.py:208} INFO - Processing /opt/conda/lib/python3.12/site-packages/airflow/example_dags/example_display_name.py took 0.053 seconds
[2025-02-07T13:43:06.887+0000] {processor.py:186} INFO - Started process (PID=833) to work on /opt/conda/lib/python3.12/site-packages/airflow/example_dags/example_display_name.py
[2025-02-07T13:43:06.888+0000] {processor.py:914} INFO - Processing file /opt/conda/lib/python3.12/site-packages/airflow/example_dags/example_display_name.py for tasks to queue
[2025-02-07T13:43:06.889+0000] {logging_mixin.py:190} INFO - [2025-02-07T13:43:06.889+0000] {dagbag.py:588} INFO - Filling up the DagBag from /opt/conda/lib/python3.12/site-packages/airflow/example_dags/example_display_name.py
[2025-02-07T13:43:06.894+0000] {processor.py:925} INFO - DAG(s) 'example_display_name' retrieved from /opt/conda/lib/python3.12/site-packages/airflow/example_dags/example_display_name.py
[2025-02-07T13:43:06.903+0000] {logging_mixin.py:190} INFO - [2025-02-07T13:43:06.903+0000] {dag.py:3239} INFO - Sync 1 DAGs
[2025-02-07T13:43:06.911+0000] {logging_mixin.py:190} INFO - [2025-02-07T13:43:06.910+0000] {dag.py:4180} INFO - Setting next_dagrun for example_display_name to None, run_after=None
[2025-02-07T13:43:06.922+0000] {processor.py:208} INFO - Processing /opt/conda/lib/python3.12/site-packages/airflow/example_dags/example_display_name.py took 0.039 seconds
[2025-02-07T13:44:35.251+0000] {processor.py:186} INFO - Started process (PID=1025) to work on /opt/conda/lib/python3.12/site-packages/airflow/example_dags/example_display_name.py
[2025-02-07T13:44:35.252+0000] {processor.py:914} INFO - Processing file /opt/conda/lib/python3.12/site-packages/airflow/example_dags/example_display_name.py for tasks to queue
[2025-02-07T13:44:35.254+0000] {logging_mixin.py:190} INFO - [2025-02-07T13:44:35.253+0000] {dagbag.py:588} INFO - Filling up the DagBag from /opt/conda/lib/python3.12/site-packages/airflow/example_dags/example_display_name.py
[2025-02-07T13:44:35.260+0000] {processor.py:925} INFO - DAG(s) 'example_display_name' retrieved from /opt/conda/lib/python3.12/site-packages/airflow/example_dags/example_display_name.py
[2025-02-07T13:44:35.272+0000] {logging_mixin.py:190} INFO - [2025-02-07T13:44:35.272+0000] {dag.py:3239} INFO - Sync 1 DAGs
[2025-02-07T13:44:35.281+0000] {logging_mixin.py:190} INFO - [2025-02-07T13:44:35.281+0000] {dag.py:4180} INFO - Setting next_dagrun for example_display_name to None, run_after=None
[2025-02-07T13:44:35.297+0000] {processor.py:208} INFO - Processing /opt/conda/lib/python3.12/site-packages/airflow/example_dags/example_display_name.py took 0.050 seconds
[2025-02-07T13:46:12.516+0000] {processor.py:186} INFO - Started process (PID=1211) to work on /opt/conda/lib/python3.12/site-packages/airflow/example_dags/example_display_name.py
[2025-02-07T13:46:12.517+0000] {processor.py:914} INFO - Processing file /opt/conda/lib/python3.12/site-packages/airflow/example_dags/example_display_name.py for tasks to queue
[2025-02-07T13:46:12.518+0000] {logging_mixin.py:190} INFO - [2025-02-07T13:46:12.518+0000] {dagbag.py:588} INFO - Filling up the DagBag from /opt/conda/lib/python3.12/site-packages/airflow/example_dags/example_display_name.py
[2025-02-07T13:46:12.524+0000] {processor.py:925} INFO - DAG(s) 'example_display_name' retrieved from /opt/conda/lib/python3.12/site-packages/airflow/example_dags/example_display_name.py
[2025-02-07T13:46:12.534+0000] {logging_mixin.py:190} INFO - [2025-02-07T13:46:12.533+0000] {dag.py:3239} INFO - Sync 1 DAGs
[2025-02-07T13:46:12.541+0000] {logging_mixin.py:190} INFO - [2025-02-07T13:46:12.541+0000] {dag.py:4180} INFO - Setting next_dagrun for example_display_name to None, run_after=None
[2025-02-07T13:46:12.559+0000] {processor.py:208} INFO - Processing /opt/conda/lib/python3.12/site-packages/airflow/example_dags/example_display_name.py took 0.050 seconds
[2025-02-07T14:05:31.197+0000] {processor.py:186} INFO - Started process (PID=1769) to work on /opt/conda/lib/python3.12/site-packages/airflow/example_dags/example_display_name.py
[2025-02-07T14:05:31.198+0000] {processor.py:914} INFO - Processing file /opt/conda/lib/python3.12/site-packages/airflow/example_dags/example_display_name.py for tasks to queue
[2025-02-07T14:05:31.199+0000] {logging_mixin.py:190} INFO - [2025-02-07T14:05:31.199+0000] {dagbag.py:588} INFO - Filling up the DagBag from /opt/conda/lib/python3.12/site-packages/airflow/example_dags/example_display_name.py
[2025-02-07T14:05:31.204+0000] {processor.py:925} INFO - DAG(s) 'example_display_name' retrieved from /opt/conda/lib/python3.12/site-packages/airflow/example_dags/example_display_name.py
[2025-02-07T14:05:31.215+0000] {logging_mixin.py:190} INFO - [2025-02-07T14:05:31.215+0000] {dag.py:3239} INFO - Sync 1 DAGs
[2025-02-07T14:05:31.222+0000] {logging_mixin.py:190} INFO - [2025-02-07T14:05:31.222+0000] {dag.py:4180} INFO - Setting next_dagrun for example_display_name to None, run_after=None
[2025-02-07T14:05:31.237+0000] {processor.py:208} INFO - Processing /opt/conda/lib/python3.12/site-packages/airflow/example_dags/example_display_name.py took 0.046 seconds
[2025-02-07T14:06:34.559+0000] {processor.py:186} INFO - Started process (PID=1839) to work on /opt/conda/lib/python3.12/site-packages/airflow/example_dags/example_display_name.py
[2025-02-07T14:06:34.564+0000] {processor.py:914} INFO - Processing file /opt/conda/lib/python3.12/site-packages/airflow/example_dags/example_display_name.py for tasks to queue
[2025-02-07T14:06:34.565+0000] {logging_mixin.py:190} INFO - [2025-02-07T14:06:34.565+0000] {dagbag.py:588} INFO - Filling up the DagBag from /opt/conda/lib/python3.12/site-packages/airflow/example_dags/example_display_name.py
[2025-02-07T14:06:34.568+0000] {processor.py:925} INFO - DAG(s) 'example_display_name' retrieved from /opt/conda/lib/python3.12/site-packages/airflow/example_dags/example_display_name.py
[2025-02-07T14:06:34.577+0000] {logging_mixin.py:190} INFO - [2025-02-07T14:06:34.577+0000] {dag.py:3239} INFO - Sync 1 DAGs
[2025-02-07T14:06:34.583+0000] {logging_mixin.py:190} INFO - [2025-02-07T14:06:34.583+0000] {dag.py:4180} INFO - Setting next_dagrun for example_display_name to None, run_after=None
[2025-02-07T14:06:34.598+0000] {processor.py:208} INFO - Processing /opt/conda/lib/python3.12/site-packages/airflow/example_dags/example_display_name.py took 0.057 seconds
[2025-02-07T14:08:09.835+0000] {processor.py:186} INFO - Started process (PID=2047) to work on /opt/conda/lib/python3.12/site-packages/airflow/example_dags/example_display_name.py
[2025-02-07T14:08:09.840+0000] {processor.py:914} INFO - Processing file /opt/conda/lib/python3.12/site-packages/airflow/example_dags/example_display_name.py for tasks to queue
[2025-02-07T14:08:09.843+0000] {logging_mixin.py:190} INFO - [2025-02-07T14:08:09.842+0000] {dagbag.py:588} INFO - Filling up the DagBag from /opt/conda/lib/python3.12/site-packages/airflow/example_dags/example_display_name.py
[2025-02-07T14:08:09.882+0000] {processor.py:925} INFO - DAG(s) 'example_display_name' retrieved from /opt/conda/lib/python3.12/site-packages/airflow/example_dags/example_display_name.py
[2025-02-07T14:08:09.950+0000] {logging_mixin.py:190} INFO - [2025-02-07T14:08:09.949+0000] {dag.py:3239} INFO - Sync 1 DAGs
[2025-02-07T14:08:09.978+0000] {logging_mixin.py:190} INFO - [2025-02-07T14:08:09.977+0000] {dag.py:4180} INFO - Setting next_dagrun for example_display_name to None, run_after=None
[2025-02-07T14:08:10.026+0000] {processor.py:208} INFO - Processing /opt/conda/lib/python3.12/site-packages/airflow/example_dags/example_display_name.py took 0.229 seconds
