[2025-02-07T12:05:50.655+0000] {processor.py:186} INFO - Started process (PID=1054) to work on /opt/conda/lib/python3.12/site-packages/airflow/example_dags/example_trigger_target_dag.py
[2025-02-07T12:05:50.662+0000] {processor.py:914} INFO - Processing file /opt/conda/lib/python3.12/site-packages/airflow/example_dags/example_trigger_target_dag.py for tasks to queue
[2025-02-07T12:05:50.666+0000] {logging_mixin.py:190} INFO - [2025-02-07T12:05:50.665+0000] {dagbag.py:588} INFO - Filling up the DagBag from /opt/conda/lib/python3.12/site-packages/airflow/example_dags/example_trigger_target_dag.py
[2025-02-07T12:05:50.686+0000] {processor.py:925} INFO - DAG(s) 'example_trigger_target_dag' retrieved from /opt/conda/lib/python3.12/site-packages/airflow/example_dags/example_trigger_target_dag.py
[2025-02-07T12:05:50.768+0000] {logging_mixin.py:190} INFO - [2025-02-07T12:05:50.768+0000] {dag.py:3239} INFO - Sync 1 DAGs
[2025-02-07T12:05:50.789+0000] {logging_mixin.py:190} INFO - [2025-02-07T12:05:50.788+0000] {dag.py:4180} INFO - Setting next_dagrun for example_trigger_target_dag to None, run_after=None
[2025-02-07T12:05:50.833+0000] {processor.py:208} INFO - Processing /opt/conda/lib/python3.12/site-packages/airflow/example_dags/example_trigger_target_dag.py took 0.200 seconds
[2025-02-07T12:18:04.917+0000] {processor.py:186} INFO - Started process (PID=4709) to work on /opt/conda/lib/python3.12/site-packages/airflow/example_dags/example_trigger_target_dag.py
[2025-02-07T12:18:04.918+0000] {processor.py:914} INFO - Processing file /opt/conda/lib/python3.12/site-packages/airflow/example_dags/example_trigger_target_dag.py for tasks to queue
[2025-02-07T12:18:04.920+0000] {logging_mixin.py:190} INFO - [2025-02-07T12:18:04.920+0000] {dagbag.py:588} INFO - Filling up the DagBag from /opt/conda/lib/python3.12/site-packages/airflow/example_dags/example_trigger_target_dag.py
[2025-02-07T12:18:04.928+0000] {processor.py:925} INFO - DAG(s) 'example_trigger_target_dag' retrieved from /opt/conda/lib/python3.12/site-packages/airflow/example_dags/example_trigger_target_dag.py
[2025-02-07T12:18:04.941+0000] {logging_mixin.py:190} INFO - [2025-02-07T12:18:04.941+0000] {dag.py:3239} INFO - Sync 1 DAGs
[2025-02-07T12:18:04.951+0000] {logging_mixin.py:190} INFO - [2025-02-07T12:18:04.951+0000] {dag.py:4180} INFO - Setting next_dagrun for example_trigger_target_dag to None, run_after=None
[2025-02-07T12:18:04.971+0000] {processor.py:208} INFO - Processing /opt/conda/lib/python3.12/site-packages/airflow/example_dags/example_trigger_target_dag.py took 0.059 seconds
[2025-02-07T12:30:29.335+0000] {processor.py:186} INFO - Started process (PID=1347) to work on /opt/conda/lib/python3.12/site-packages/airflow/example_dags/example_trigger_target_dag.py
[2025-02-07T12:30:29.336+0000] {processor.py:914} INFO - Processing file /opt/conda/lib/python3.12/site-packages/airflow/example_dags/example_trigger_target_dag.py for tasks to queue
[2025-02-07T12:30:29.337+0000] {logging_mixin.py:190} INFO - [2025-02-07T12:30:29.337+0000] {dagbag.py:588} INFO - Filling up the DagBag from /opt/conda/lib/python3.12/site-packages/airflow/example_dags/example_trigger_target_dag.py
[2025-02-07T12:30:29.341+0000] {processor.py:925} INFO - DAG(s) 'example_trigger_target_dag' retrieved from /opt/conda/lib/python3.12/site-packages/airflow/example_dags/example_trigger_target_dag.py
[2025-02-07T12:30:29.360+0000] {logging_mixin.py:190} INFO - [2025-02-07T12:30:29.360+0000] {dag.py:3239} INFO - Sync 1 DAGs
[2025-02-07T12:30:29.369+0000] {logging_mixin.py:190} INFO - [2025-02-07T12:30:29.369+0000] {dag.py:4180} INFO - Setting next_dagrun for example_trigger_target_dag to None, run_after=None
[2025-02-07T12:30:29.386+0000] {processor.py:208} INFO - Processing /opt/conda/lib/python3.12/site-packages/airflow/example_dags/example_trigger_target_dag.py took 0.054 seconds
[2025-02-07T12:32:31.670+0000] {processor.py:186} INFO - Started process (PID=108) to work on /opt/conda/lib/python3.12/site-packages/airflow/example_dags/example_trigger_target_dag.py
[2025-02-07T12:32:31.676+0000] {processor.py:914} INFO - Processing file /opt/conda/lib/python3.12/site-packages/airflow/example_dags/example_trigger_target_dag.py for tasks to queue
[2025-02-07T12:32:31.680+0000] {logging_mixin.py:190} INFO - [2025-02-07T12:32:31.679+0000] {dagbag.py:588} INFO - Filling up the DagBag from /opt/conda/lib/python3.12/site-packages/airflow/example_dags/example_trigger_target_dag.py
[2025-02-07T12:32:31.696+0000] {processor.py:925} INFO - DAG(s) 'example_trigger_target_dag' retrieved from /opt/conda/lib/python3.12/site-packages/airflow/example_dags/example_trigger_target_dag.py
[2025-02-07T12:32:31.726+0000] {logging_mixin.py:190} INFO - [2025-02-07T12:32:31.725+0000] {dag.py:3239} INFO - Sync 1 DAGs
[2025-02-07T12:32:31.736+0000] {logging_mixin.py:190} INFO - [2025-02-07T12:32:31.736+0000] {dag.py:4180} INFO - Setting next_dagrun for example_trigger_target_dag to None, run_after=None
[2025-02-07T12:32:31.786+0000] {processor.py:208} INFO - Processing /opt/conda/lib/python3.12/site-packages/airflow/example_dags/example_trigger_target_dag.py took 0.155 seconds
[2025-02-07T12:36:20.007+0000] {processor.py:186} INFO - Started process (PID=86) to work on /opt/conda/lib/python3.12/site-packages/airflow/example_dags/example_trigger_target_dag.py
[2025-02-07T12:36:20.012+0000] {processor.py:914} INFO - Processing file /opt/conda/lib/python3.12/site-packages/airflow/example_dags/example_trigger_target_dag.py for tasks to queue
[2025-02-07T12:36:20.015+0000] {logging_mixin.py:190} INFO - [2025-02-07T12:36:20.015+0000] {dagbag.py:588} INFO - Filling up the DagBag from /opt/conda/lib/python3.12/site-packages/airflow/example_dags/example_trigger_target_dag.py
[2025-02-07T12:36:20.025+0000] {processor.py:925} INFO - DAG(s) 'example_trigger_target_dag' retrieved from /opt/conda/lib/python3.12/site-packages/airflow/example_dags/example_trigger_target_dag.py
[2025-02-07T12:36:20.046+0000] {logging_mixin.py:190} INFO - [2025-02-07T12:36:20.045+0000] {dag.py:3239} INFO - Sync 1 DAGs
[2025-02-07T12:36:20.056+0000] {logging_mixin.py:190} INFO - [2025-02-07T12:36:20.056+0000] {dag.py:4180} INFO - Setting next_dagrun for example_trigger_target_dag to None, run_after=None
[2025-02-07T12:36:20.099+0000] {processor.py:208} INFO - Processing /opt/conda/lib/python3.12/site-packages/airflow/example_dags/example_trigger_target_dag.py took 0.148 seconds
[2025-02-07T12:37:32.426+0000] {processor.py:186} INFO - Started process (PID=154) to work on /opt/conda/lib/python3.12/site-packages/airflow/example_dags/example_trigger_target_dag.py
[2025-02-07T12:37:32.427+0000] {processor.py:914} INFO - Processing file /opt/conda/lib/python3.12/site-packages/airflow/example_dags/example_trigger_target_dag.py for tasks to queue
[2025-02-07T12:37:32.433+0000] {logging_mixin.py:190} INFO - [2025-02-07T12:37:32.432+0000] {dagbag.py:588} INFO - Filling up the DagBag from /opt/conda/lib/python3.12/site-packages/airflow/example_dags/example_trigger_target_dag.py
[2025-02-07T12:37:32.441+0000] {processor.py:925} INFO - DAG(s) 'example_trigger_target_dag' retrieved from /opt/conda/lib/python3.12/site-packages/airflow/example_dags/example_trigger_target_dag.py
[2025-02-07T12:37:32.453+0000] {logging_mixin.py:190} INFO - [2025-02-07T12:37:32.453+0000] {dag.py:3239} INFO - Sync 1 DAGs
[2025-02-07T12:37:32.463+0000] {logging_mixin.py:190} INFO - [2025-02-07T12:37:32.463+0000] {dag.py:4180} INFO - Setting next_dagrun for example_trigger_target_dag to None, run_after=None
[2025-02-07T12:37:32.479+0000] {processor.py:208} INFO - Processing /opt/conda/lib/python3.12/site-packages/airflow/example_dags/example_trigger_target_dag.py took 0.061 seconds
[2025-02-07T12:38:35.447+0000] {processor.py:186} INFO - Started process (PID=224) to work on /opt/conda/lib/python3.12/site-packages/airflow/example_dags/example_trigger_target_dag.py
[2025-02-07T12:38:35.448+0000] {processor.py:914} INFO - Processing file /opt/conda/lib/python3.12/site-packages/airflow/example_dags/example_trigger_target_dag.py for tasks to queue
[2025-02-07T12:38:35.451+0000] {logging_mixin.py:190} INFO - [2025-02-07T12:38:35.450+0000] {dagbag.py:588} INFO - Filling up the DagBag from /opt/conda/lib/python3.12/site-packages/airflow/example_dags/example_trigger_target_dag.py
[2025-02-07T12:38:35.458+0000] {processor.py:925} INFO - DAG(s) 'example_trigger_target_dag' retrieved from /opt/conda/lib/python3.12/site-packages/airflow/example_dags/example_trigger_target_dag.py
[2025-02-07T12:38:35.471+0000] {logging_mixin.py:190} INFO - [2025-02-07T12:38:35.471+0000] {dag.py:3239} INFO - Sync 1 DAGs
[2025-02-07T12:38:35.479+0000] {logging_mixin.py:190} INFO - [2025-02-07T12:38:35.479+0000] {dag.py:4180} INFO - Setting next_dagrun for example_trigger_target_dag to None, run_after=None
[2025-02-07T12:38:35.493+0000] {processor.py:208} INFO - Processing /opt/conda/lib/python3.12/site-packages/airflow/example_dags/example_trigger_target_dag.py took 0.051 seconds
[2025-02-07T12:39:32.161+0000] {processor.py:186} INFO - Started process (PID=292) to work on /opt/conda/lib/python3.12/site-packages/airflow/example_dags/example_trigger_target_dag.py
[2025-02-07T12:39:32.162+0000] {processor.py:914} INFO - Processing file /opt/conda/lib/python3.12/site-packages/airflow/example_dags/example_trigger_target_dag.py for tasks to queue
[2025-02-07T12:39:32.165+0000] {logging_mixin.py:190} INFO - [2025-02-07T12:39:32.164+0000] {dagbag.py:588} INFO - Filling up the DagBag from /opt/conda/lib/python3.12/site-packages/airflow/example_dags/example_trigger_target_dag.py
[2025-02-07T12:39:32.171+0000] {processor.py:925} INFO - DAG(s) 'example_trigger_target_dag' retrieved from /opt/conda/lib/python3.12/site-packages/airflow/example_dags/example_trigger_target_dag.py
[2025-02-07T12:39:32.183+0000] {logging_mixin.py:190} INFO - [2025-02-07T12:39:32.183+0000] {dag.py:3239} INFO - Sync 1 DAGs
[2025-02-07T12:39:32.192+0000] {logging_mixin.py:190} INFO - [2025-02-07T12:39:32.192+0000] {dag.py:4180} INFO - Setting next_dagrun for example_trigger_target_dag to None, run_after=None
[2025-02-07T12:39:32.208+0000] {processor.py:208} INFO - Processing /opt/conda/lib/python3.12/site-packages/airflow/example_dags/example_trigger_target_dag.py took 0.052 seconds
[2025-02-07T12:40:28.342+0000] {processor.py:186} INFO - Started process (PID=349) to work on /opt/conda/lib/python3.12/site-packages/airflow/example_dags/example_trigger_target_dag.py
[2025-02-07T12:40:28.343+0000] {processor.py:914} INFO - Processing file /opt/conda/lib/python3.12/site-packages/airflow/example_dags/example_trigger_target_dag.py for tasks to queue
[2025-02-07T12:40:28.345+0000] {logging_mixin.py:190} INFO - [2025-02-07T12:40:28.345+0000] {dagbag.py:588} INFO - Filling up the DagBag from /opt/conda/lib/python3.12/site-packages/airflow/example_dags/example_trigger_target_dag.py
[2025-02-07T12:40:28.353+0000] {processor.py:925} INFO - DAG(s) 'example_trigger_target_dag' retrieved from /opt/conda/lib/python3.12/site-packages/airflow/example_dags/example_trigger_target_dag.py
[2025-02-07T12:40:28.365+0000] {logging_mixin.py:190} INFO - [2025-02-07T12:40:28.365+0000] {dag.py:3239} INFO - Sync 1 DAGs
[2025-02-07T12:40:28.374+0000] {logging_mixin.py:190} INFO - [2025-02-07T12:40:28.374+0000] {dag.py:4180} INFO - Setting next_dagrun for example_trigger_target_dag to None, run_after=None
[2025-02-07T12:40:28.386+0000] {processor.py:208} INFO - Processing /opt/conda/lib/python3.12/site-packages/airflow/example_dags/example_trigger_target_dag.py took 0.050 seconds
[2025-02-07T12:41:39.242+0000] {processor.py:186} INFO - Started process (PID=527) to work on /opt/conda/lib/python3.12/site-packages/airflow/example_dags/example_trigger_target_dag.py
[2025-02-07T12:41:39.243+0000] {processor.py:914} INFO - Processing file /opt/conda/lib/python3.12/site-packages/airflow/example_dags/example_trigger_target_dag.py for tasks to queue
[2025-02-07T12:41:39.246+0000] {logging_mixin.py:190} INFO - [2025-02-07T12:41:39.246+0000] {dagbag.py:588} INFO - Filling up the DagBag from /opt/conda/lib/python3.12/site-packages/airflow/example_dags/example_trigger_target_dag.py
[2025-02-07T12:41:39.254+0000] {processor.py:925} INFO - DAG(s) 'example_trigger_target_dag' retrieved from /opt/conda/lib/python3.12/site-packages/airflow/example_dags/example_trigger_target_dag.py
[2025-02-07T12:41:39.264+0000] {logging_mixin.py:190} INFO - [2025-02-07T12:41:39.264+0000] {dag.py:3239} INFO - Sync 1 DAGs
[2025-02-07T12:41:39.273+0000] {logging_mixin.py:190} INFO - [2025-02-07T12:41:39.272+0000] {dag.py:4180} INFO - Setting next_dagrun for example_trigger_target_dag to None, run_after=None
[2025-02-07T12:41:39.284+0000] {processor.py:208} INFO - Processing /opt/conda/lib/python3.12/site-packages/airflow/example_dags/example_trigger_target_dag.py took 0.046 seconds
[2025-02-07T12:47:08.211+0000] {processor.py:186} INFO - Started process (PID=2902) to work on /opt/conda/lib/python3.12/site-packages/airflow/example_dags/example_trigger_target_dag.py
[2025-02-07T12:47:08.212+0000] {processor.py:914} INFO - Processing file /opt/conda/lib/python3.12/site-packages/airflow/example_dags/example_trigger_target_dag.py for tasks to queue
[2025-02-07T12:47:08.214+0000] {logging_mixin.py:190} INFO - [2025-02-07T12:47:08.214+0000] {dagbag.py:588} INFO - Filling up the DagBag from /opt/conda/lib/python3.12/site-packages/airflow/example_dags/example_trigger_target_dag.py
[2025-02-07T12:47:08.223+0000] {processor.py:925} INFO - DAG(s) 'example_trigger_target_dag' retrieved from /opt/conda/lib/python3.12/site-packages/airflow/example_dags/example_trigger_target_dag.py
[2025-02-07T12:47:08.235+0000] {logging_mixin.py:190} INFO - [2025-02-07T12:47:08.235+0000] {dag.py:3239} INFO - Sync 1 DAGs
[2025-02-07T12:47:08.244+0000] {logging_mixin.py:190} INFO - [2025-02-07T12:47:08.244+0000] {dag.py:4180} INFO - Setting next_dagrun for example_trigger_target_dag to None, run_after=None
[2025-02-07T12:47:08.263+0000] {processor.py:208} INFO - Processing /opt/conda/lib/python3.12/site-packages/airflow/example_dags/example_trigger_target_dag.py took 0.057 seconds
[2025-02-07T12:55:49.639+0000] {processor.py:186} INFO - Started process (PID=6478) to work on /opt/conda/lib/python3.12/site-packages/airflow/example_dags/example_trigger_target_dag.py
[2025-02-07T12:55:49.640+0000] {processor.py:914} INFO - Processing file /opt/conda/lib/python3.12/site-packages/airflow/example_dags/example_trigger_target_dag.py for tasks to queue
[2025-02-07T12:55:49.643+0000] {logging_mixin.py:190} INFO - [2025-02-07T12:55:49.643+0000] {dagbag.py:588} INFO - Filling up the DagBag from /opt/conda/lib/python3.12/site-packages/airflow/example_dags/example_trigger_target_dag.py
[2025-02-07T12:55:49.653+0000] {processor.py:925} INFO - DAG(s) 'example_trigger_target_dag' retrieved from /opt/conda/lib/python3.12/site-packages/airflow/example_dags/example_trigger_target_dag.py
[2025-02-07T12:55:49.665+0000] {logging_mixin.py:190} INFO - [2025-02-07T12:55:49.665+0000] {dag.py:3239} INFO - Sync 1 DAGs
[2025-02-07T12:55:49.673+0000] {logging_mixin.py:190} INFO - [2025-02-07T12:55:49.673+0000] {dag.py:4180} INFO - Setting next_dagrun for example_trigger_target_dag to None, run_after=None
[2025-02-07T12:55:49.687+0000] {processor.py:208} INFO - Processing /opt/conda/lib/python3.12/site-packages/airflow/example_dags/example_trigger_target_dag.py took 0.053 seconds
[2025-02-07T13:03:48.978+0000] {processor.py:186} INFO - Started process (PID=711) to work on /opt/conda/lib/python3.12/site-packages/airflow/example_dags/example_trigger_target_dag.py
[2025-02-07T13:03:48.979+0000] {processor.py:914} INFO - Processing file /opt/conda/lib/python3.12/site-packages/airflow/example_dags/example_trigger_target_dag.py for tasks to queue
[2025-02-07T13:03:48.980+0000] {logging_mixin.py:190} INFO - [2025-02-07T13:03:48.980+0000] {dagbag.py:588} INFO - Filling up the DagBag from /opt/conda/lib/python3.12/site-packages/airflow/example_dags/example_trigger_target_dag.py
[2025-02-07T13:03:48.987+0000] {processor.py:925} INFO - DAG(s) 'example_trigger_target_dag' retrieved from /opt/conda/lib/python3.12/site-packages/airflow/example_dags/example_trigger_target_dag.py
[2025-02-07T13:03:49.004+0000] {logging_mixin.py:190} INFO - [2025-02-07T13:03:49.004+0000] {dag.py:3239} INFO - Sync 1 DAGs
[2025-02-07T13:03:49.011+0000] {logging_mixin.py:190} INFO - [2025-02-07T13:03:49.010+0000] {dag.py:4180} INFO - Setting next_dagrun for example_trigger_target_dag to None, run_after=None
[2025-02-07T13:03:49.022+0000] {processor.py:208} INFO - Processing /opt/conda/lib/python3.12/site-packages/airflow/example_dags/example_trigger_target_dag.py took 0.047 seconds
[2025-02-07T13:06:52.391+0000] {processor.py:186} INFO - Started process (PID=372) to work on /opt/conda/lib/python3.12/site-packages/airflow/example_dags/example_trigger_target_dag.py
[2025-02-07T13:06:52.393+0000] {processor.py:914} INFO - Processing file /opt/conda/lib/python3.12/site-packages/airflow/example_dags/example_trigger_target_dag.py for tasks to queue
[2025-02-07T13:06:52.395+0000] {logging_mixin.py:190} INFO - [2025-02-07T13:06:52.395+0000] {dagbag.py:588} INFO - Filling up the DagBag from /opt/conda/lib/python3.12/site-packages/airflow/example_dags/example_trigger_target_dag.py
[2025-02-07T13:06:52.403+0000] {processor.py:925} INFO - DAG(s) 'example_trigger_target_dag' retrieved from /opt/conda/lib/python3.12/site-packages/airflow/example_dags/example_trigger_target_dag.py
[2025-02-07T13:06:52.580+0000] {logging_mixin.py:190} INFO - [2025-02-07T13:06:52.579+0000] {dag.py:3239} INFO - Sync 1 DAGs
[2025-02-07T13:06:52.610+0000] {logging_mixin.py:190} INFO - [2025-02-07T13:06:52.609+0000] {dag.py:4180} INFO - Setting next_dagrun for example_trigger_target_dag to None, run_after=None
[2025-02-07T13:06:52.649+0000] {processor.py:208} INFO - Processing /opt/conda/lib/python3.12/site-packages/airflow/example_dags/example_trigger_target_dag.py took 0.266 seconds
[2025-02-07T13:24:45.581+0000] {processor.py:186} INFO - Started process (PID=482) to work on /opt/conda/lib/python3.12/site-packages/airflow/example_dags/example_trigger_target_dag.py
[2025-02-07T13:24:45.583+0000] {processor.py:914} INFO - Processing file /opt/conda/lib/python3.12/site-packages/airflow/example_dags/example_trigger_target_dag.py for tasks to queue
[2025-02-07T13:24:45.584+0000] {logging_mixin.py:190} INFO - [2025-02-07T13:24:45.584+0000] {dagbag.py:588} INFO - Filling up the DagBag from /opt/conda/lib/python3.12/site-packages/airflow/example_dags/example_trigger_target_dag.py
[2025-02-07T13:24:45.596+0000] {processor.py:925} INFO - DAG(s) 'example_trigger_target_dag' retrieved from /opt/conda/lib/python3.12/site-packages/airflow/example_dags/example_trigger_target_dag.py
[2025-02-07T13:24:45.623+0000] {logging_mixin.py:190} INFO - [2025-02-07T13:24:45.623+0000] {dag.py:3239} INFO - Sync 1 DAGs
[2025-02-07T13:24:45.647+0000] {logging_mixin.py:190} INFO - [2025-02-07T13:24:45.647+0000] {dag.py:4180} INFO - Setting next_dagrun for example_trigger_target_dag to None, run_after=None
[2025-02-07T13:24:45.682+0000] {processor.py:208} INFO - Processing /opt/conda/lib/python3.12/site-packages/airflow/example_dags/example_trigger_target_dag.py took 0.125 seconds
[2025-02-07T13:27:07.391+0000] {processor.py:186} INFO - Started process (PID=181) to work on /opt/conda/lib/python3.12/site-packages/airflow/example_dags/example_trigger_target_dag.py
[2025-02-07T13:27:07.393+0000] {processor.py:914} INFO - Processing file /opt/conda/lib/python3.12/site-packages/airflow/example_dags/example_trigger_target_dag.py for tasks to queue
[2025-02-07T13:27:07.396+0000] {logging_mixin.py:190} INFO - [2025-02-07T13:27:07.395+0000] {dagbag.py:588} INFO - Filling up the DagBag from /opt/conda/lib/python3.12/site-packages/airflow/example_dags/example_trigger_target_dag.py
[2025-02-07T13:27:07.416+0000] {processor.py:925} INFO - DAG(s) 'example_trigger_target_dag' retrieved from /opt/conda/lib/python3.12/site-packages/airflow/example_dags/example_trigger_target_dag.py
[2025-02-07T13:27:07.448+0000] {logging_mixin.py:190} INFO - [2025-02-07T13:27:07.448+0000] {dag.py:3239} INFO - Sync 1 DAGs
[2025-02-07T13:27:07.462+0000] {logging_mixin.py:190} INFO - [2025-02-07T13:27:07.462+0000] {dag.py:4180} INFO - Setting next_dagrun for example_trigger_target_dag to None, run_after=None
[2025-02-07T13:27:07.520+0000] {processor.py:208} INFO - Processing /opt/conda/lib/python3.12/site-packages/airflow/example_dags/example_trigger_target_dag.py took 0.174 seconds
[2025-02-07T13:28:39.239+0000] {processor.py:186} INFO - Started process (PID=334) to work on /opt/conda/lib/python3.12/site-packages/airflow/example_dags/example_trigger_target_dag.py
[2025-02-07T13:28:39.259+0000] {processor.py:914} INFO - Processing file /opt/conda/lib/python3.12/site-packages/airflow/example_dags/example_trigger_target_dag.py for tasks to queue
[2025-02-07T13:28:39.265+0000] {logging_mixin.py:190} INFO - [2025-02-07T13:28:39.264+0000] {dagbag.py:588} INFO - Filling up the DagBag from /opt/conda/lib/python3.12/site-packages/airflow/example_dags/example_trigger_target_dag.py
[2025-02-07T13:28:39.286+0000] {processor.py:925} INFO - DAG(s) 'example_trigger_target_dag' retrieved from /opt/conda/lib/python3.12/site-packages/airflow/example_dags/example_trigger_target_dag.py
[2025-02-07T13:28:39.328+0000] {logging_mixin.py:190} INFO - [2025-02-07T13:28:39.327+0000] {dag.py:3239} INFO - Sync 1 DAGs
[2025-02-07T13:28:39.471+0000] {logging_mixin.py:190} INFO - [2025-02-07T13:28:39.469+0000] {dag.py:4180} INFO - Setting next_dagrun for example_trigger_target_dag to None, run_after=None
[2025-02-07T13:28:39.655+0000] {processor.py:208} INFO - Processing /opt/conda/lib/python3.12/site-packages/airflow/example_dags/example_trigger_target_dag.py took 0.564 seconds
[2025-02-07T13:29:57.681+0000] {processor.py:186} INFO - Started process (PID=419) to work on /opt/conda/lib/python3.12/site-packages/airflow/example_dags/example_trigger_target_dag.py
[2025-02-07T13:29:57.682+0000] {processor.py:914} INFO - Processing file /opt/conda/lib/python3.12/site-packages/airflow/example_dags/example_trigger_target_dag.py for tasks to queue
[2025-02-07T13:29:57.684+0000] {logging_mixin.py:190} INFO - [2025-02-07T13:29:57.684+0000] {dagbag.py:588} INFO - Filling up the DagBag from /opt/conda/lib/python3.12/site-packages/airflow/example_dags/example_trigger_target_dag.py
[2025-02-07T13:29:57.692+0000] {processor.py:925} INFO - DAG(s) 'example_trigger_target_dag' retrieved from /opt/conda/lib/python3.12/site-packages/airflow/example_dags/example_trigger_target_dag.py
[2025-02-07T13:29:57.706+0000] {logging_mixin.py:190} INFO - [2025-02-07T13:29:57.705+0000] {dag.py:3239} INFO - Sync 1 DAGs
[2025-02-07T13:29:57.715+0000] {logging_mixin.py:190} INFO - [2025-02-07T13:29:57.715+0000] {dag.py:4180} INFO - Setting next_dagrun for example_trigger_target_dag to None, run_after=None
[2025-02-07T13:29:57.730+0000] {processor.py:208} INFO - Processing /opt/conda/lib/python3.12/site-packages/airflow/example_dags/example_trigger_target_dag.py took 0.055 seconds
[2025-02-07T13:33:05.242+0000] {processor.py:186} INFO - Started process (PID=301) to work on /opt/conda/lib/python3.12/site-packages/airflow/example_dags/example_trigger_target_dag.py
[2025-02-07T13:33:05.242+0000] {processor.py:914} INFO - Processing file /opt/conda/lib/python3.12/site-packages/airflow/example_dags/example_trigger_target_dag.py for tasks to queue
[2025-02-07T13:33:05.244+0000] {logging_mixin.py:190} INFO - [2025-02-07T13:33:05.244+0000] {dagbag.py:588} INFO - Filling up the DagBag from /opt/conda/lib/python3.12/site-packages/airflow/example_dags/example_trigger_target_dag.py
[2025-02-07T13:33:05.251+0000] {processor.py:925} INFO - DAG(s) 'example_trigger_target_dag' retrieved from /opt/conda/lib/python3.12/site-packages/airflow/example_dags/example_trigger_target_dag.py
[2025-02-07T13:33:05.266+0000] {logging_mixin.py:190} INFO - [2025-02-07T13:33:05.265+0000] {dag.py:3239} INFO - Sync 1 DAGs
[2025-02-07T13:33:05.272+0000] {logging_mixin.py:190} INFO - [2025-02-07T13:33:05.272+0000] {dag.py:4180} INFO - Setting next_dagrun for example_trigger_target_dag to None, run_after=None
[2025-02-07T13:33:05.290+0000] {processor.py:208} INFO - Processing /opt/conda/lib/python3.12/site-packages/airflow/example_dags/example_trigger_target_dag.py took 0.052 seconds
[2025-02-07T13:34:55.636+0000] {processor.py:186} INFO - Started process (PID=191) to work on /opt/conda/lib/python3.12/site-packages/airflow/example_dags/example_trigger_target_dag.py
[2025-02-07T13:34:55.642+0000] {processor.py:914} INFO - Processing file /opt/conda/lib/python3.12/site-packages/airflow/example_dags/example_trigger_target_dag.py for tasks to queue
[2025-02-07T13:34:55.653+0000] {logging_mixin.py:190} INFO - [2025-02-07T13:34:55.651+0000] {dagbag.py:588} INFO - Filling up the DagBag from /opt/conda/lib/python3.12/site-packages/airflow/example_dags/example_trigger_target_dag.py
[2025-02-07T13:34:55.684+0000] {processor.py:925} INFO - DAG(s) 'example_trigger_target_dag' retrieved from /opt/conda/lib/python3.12/site-packages/airflow/example_dags/example_trigger_target_dag.py
[2025-02-07T13:34:55.759+0000] {logging_mixin.py:190} INFO - [2025-02-07T13:34:55.759+0000] {dag.py:3239} INFO - Sync 1 DAGs
[2025-02-07T13:34:55.782+0000] {logging_mixin.py:190} INFO - [2025-02-07T13:34:55.781+0000] {dag.py:4180} INFO - Setting next_dagrun for example_trigger_target_dag to None, run_after=None
[2025-02-07T13:34:55.893+0000] {processor.py:208} INFO - Processing /opt/conda/lib/python3.12/site-packages/airflow/example_dags/example_trigger_target_dag.py took 0.325 seconds
[2025-02-07T13:36:04.375+0000] {processor.py:186} INFO - Started process (PID=82) to work on /opt/conda/lib/python3.12/site-packages/airflow/example_dags/example_trigger_target_dag.py
[2025-02-07T13:36:04.376+0000] {processor.py:914} INFO - Processing file /opt/conda/lib/python3.12/site-packages/airflow/example_dags/example_trigger_target_dag.py for tasks to queue
[2025-02-07T13:36:04.379+0000] {logging_mixin.py:190} INFO - [2025-02-07T13:36:04.379+0000] {dagbag.py:588} INFO - Filling up the DagBag from /opt/conda/lib/python3.12/site-packages/airflow/example_dags/example_trigger_target_dag.py
[2025-02-07T13:36:04.386+0000] {processor.py:925} INFO - DAG(s) 'example_trigger_target_dag' retrieved from /opt/conda/lib/python3.12/site-packages/airflow/example_dags/example_trigger_target_dag.py
[2025-02-07T13:36:04.413+0000] {logging_mixin.py:190} INFO - [2025-02-07T13:36:04.413+0000] {dag.py:3239} INFO - Sync 1 DAGs
[2025-02-07T13:36:04.429+0000] {logging_mixin.py:190} INFO - [2025-02-07T13:36:04.428+0000] {dag.py:4180} INFO - Setting next_dagrun for example_trigger_target_dag to None, run_after=None
[2025-02-07T13:36:04.485+0000] {processor.py:208} INFO - Processing /opt/conda/lib/python3.12/site-packages/airflow/example_dags/example_trigger_target_dag.py took 0.116 seconds
[2025-02-07T13:38:04.604+0000] {processor.py:186} INFO - Started process (PID=306) to work on /opt/conda/lib/python3.12/site-packages/airflow/example_dags/example_trigger_target_dag.py
[2025-02-07T13:38:04.610+0000] {processor.py:914} INFO - Processing file /opt/conda/lib/python3.12/site-packages/airflow/example_dags/example_trigger_target_dag.py for tasks to queue
[2025-02-07T13:38:04.614+0000] {logging_mixin.py:190} INFO - [2025-02-07T13:38:04.614+0000] {dagbag.py:588} INFO - Filling up the DagBag from /opt/conda/lib/python3.12/site-packages/airflow/example_dags/example_trigger_target_dag.py
[2025-02-07T13:38:04.628+0000] {processor.py:925} INFO - DAG(s) 'example_trigger_target_dag' retrieved from /opt/conda/lib/python3.12/site-packages/airflow/example_dags/example_trigger_target_dag.py
[2025-02-07T13:38:04.698+0000] {logging_mixin.py:190} INFO - [2025-02-07T13:38:04.698+0000] {dag.py:3239} INFO - Sync 1 DAGs
[2025-02-07T13:38:04.707+0000] {logging_mixin.py:190} INFO - [2025-02-07T13:38:04.707+0000] {dag.py:4180} INFO - Setting next_dagrun for example_trigger_target_dag to None, run_after=None
[2025-02-07T13:38:04.760+0000] {processor.py:208} INFO - Processing /opt/conda/lib/python3.12/site-packages/airflow/example_dags/example_trigger_target_dag.py took 0.163 seconds
[2025-02-07T13:39:27.362+0000] {processor.py:186} INFO - Started process (PID=484) to work on /opt/conda/lib/python3.12/site-packages/airflow/example_dags/example_trigger_target_dag.py
[2025-02-07T13:39:27.363+0000] {processor.py:914} INFO - Processing file /opt/conda/lib/python3.12/site-packages/airflow/example_dags/example_trigger_target_dag.py for tasks to queue
[2025-02-07T13:39:27.366+0000] {logging_mixin.py:190} INFO - [2025-02-07T13:39:27.365+0000] {dagbag.py:588} INFO - Filling up the DagBag from /opt/conda/lib/python3.12/site-packages/airflow/example_dags/example_trigger_target_dag.py
[2025-02-07T13:39:27.372+0000] {processor.py:925} INFO - DAG(s) 'example_trigger_target_dag' retrieved from /opt/conda/lib/python3.12/site-packages/airflow/example_dags/example_trigger_target_dag.py
[2025-02-07T13:39:27.384+0000] {logging_mixin.py:190} INFO - [2025-02-07T13:39:27.384+0000] {dag.py:3239} INFO - Sync 1 DAGs
[2025-02-07T13:39:27.392+0000] {logging_mixin.py:190} INFO - [2025-02-07T13:39:27.392+0000] {dag.py:4180} INFO - Setting next_dagrun for example_trigger_target_dag to None, run_after=None
[2025-02-07T13:39:27.406+0000] {processor.py:208} INFO - Processing /opt/conda/lib/python3.12/site-packages/airflow/example_dags/example_trigger_target_dag.py took 0.048 seconds
[2025-02-07T13:40:25.920+0000] {processor.py:186} INFO - Started process (PID=552) to work on /opt/conda/lib/python3.12/site-packages/airflow/example_dags/example_trigger_target_dag.py
[2025-02-07T13:40:25.921+0000] {processor.py:914} INFO - Processing file /opt/conda/lib/python3.12/site-packages/airflow/example_dags/example_trigger_target_dag.py for tasks to queue
[2025-02-07T13:40:25.923+0000] {logging_mixin.py:190} INFO - [2025-02-07T13:40:25.923+0000] {dagbag.py:588} INFO - Filling up the DagBag from /opt/conda/lib/python3.12/site-packages/airflow/example_dags/example_trigger_target_dag.py
[2025-02-07T13:40:25.929+0000] {processor.py:925} INFO - DAG(s) 'example_trigger_target_dag' retrieved from /opt/conda/lib/python3.12/site-packages/airflow/example_dags/example_trigger_target_dag.py
[2025-02-07T13:40:25.941+0000] {logging_mixin.py:190} INFO - [2025-02-07T13:40:25.941+0000] {dag.py:3239} INFO - Sync 1 DAGs
[2025-02-07T13:40:25.950+0000] {logging_mixin.py:190} INFO - [2025-02-07T13:40:25.950+0000] {dag.py:4180} INFO - Setting next_dagrun for example_trigger_target_dag to None, run_after=None
[2025-02-07T13:40:25.963+0000] {processor.py:208} INFO - Processing /opt/conda/lib/python3.12/site-packages/airflow/example_dags/example_trigger_target_dag.py took 0.049 seconds
[2025-02-07T13:41:22.698+0000] {processor.py:186} INFO - Started process (PID=619) to work on /opt/conda/lib/python3.12/site-packages/airflow/example_dags/example_trigger_target_dag.py
[2025-02-07T13:41:22.699+0000] {processor.py:914} INFO - Processing file /opt/conda/lib/python3.12/site-packages/airflow/example_dags/example_trigger_target_dag.py for tasks to queue
[2025-02-07T13:41:22.702+0000] {logging_mixin.py:190} INFO - [2025-02-07T13:41:22.702+0000] {dagbag.py:588} INFO - Filling up the DagBag from /opt/conda/lib/python3.12/site-packages/airflow/example_dags/example_trigger_target_dag.py
[2025-02-07T13:41:22.713+0000] {processor.py:925} INFO - DAG(s) 'example_trigger_target_dag' retrieved from /opt/conda/lib/python3.12/site-packages/airflow/example_dags/example_trigger_target_dag.py
[2025-02-07T13:41:22.728+0000] {logging_mixin.py:190} INFO - [2025-02-07T13:41:22.728+0000] {dag.py:3239} INFO - Sync 1 DAGs
[2025-02-07T13:41:22.737+0000] {logging_mixin.py:190} INFO - [2025-02-07T13:41:22.737+0000] {dag.py:4180} INFO - Setting next_dagrun for example_trigger_target_dag to None, run_after=None
[2025-02-07T13:41:22.762+0000] {processor.py:208} INFO - Processing /opt/conda/lib/python3.12/site-packages/airflow/example_dags/example_trigger_target_dag.py took 0.072 seconds
[2025-02-07T13:42:31.997+0000] {processor.py:186} INFO - Started process (PID=787) to work on /opt/conda/lib/python3.12/site-packages/airflow/example_dags/example_trigger_target_dag.py
[2025-02-07T13:42:31.998+0000] {processor.py:914} INFO - Processing file /opt/conda/lib/python3.12/site-packages/airflow/example_dags/example_trigger_target_dag.py for tasks to queue
[2025-02-07T13:42:32.001+0000] {logging_mixin.py:190} INFO - [2025-02-07T13:42:32.001+0000] {dagbag.py:588} INFO - Filling up the DagBag from /opt/conda/lib/python3.12/site-packages/airflow/example_dags/example_trigger_target_dag.py
[2025-02-07T13:42:32.010+0000] {processor.py:925} INFO - DAG(s) 'example_trigger_target_dag' retrieved from /opt/conda/lib/python3.12/site-packages/airflow/example_dags/example_trigger_target_dag.py
[2025-02-07T13:42:32.025+0000] {logging_mixin.py:190} INFO - [2025-02-07T13:42:32.025+0000] {dag.py:3239} INFO - Sync 1 DAGs
[2025-02-07T13:42:32.034+0000] {logging_mixin.py:190} INFO - [2025-02-07T13:42:32.033+0000] {dag.py:4180} INFO - Setting next_dagrun for example_trigger_target_dag to None, run_after=None
[2025-02-07T13:42:32.048+0000] {processor.py:208} INFO - Processing /opt/conda/lib/python3.12/site-packages/airflow/example_dags/example_trigger_target_dag.py took 0.062 seconds
[2025-02-07T13:43:33.015+0000] {processor.py:186} INFO - Started process (PID=860) to work on /opt/conda/lib/python3.12/site-packages/airflow/example_dags/example_trigger_target_dag.py
[2025-02-07T13:43:33.017+0000] {processor.py:914} INFO - Processing file /opt/conda/lib/python3.12/site-packages/airflow/example_dags/example_trigger_target_dag.py for tasks to queue
[2025-02-07T13:43:33.019+0000] {logging_mixin.py:190} INFO - [2025-02-07T13:43:33.019+0000] {dagbag.py:588} INFO - Filling up the DagBag from /opt/conda/lib/python3.12/site-packages/airflow/example_dags/example_trigger_target_dag.py
[2025-02-07T13:43:33.026+0000] {processor.py:925} INFO - DAG(s) 'example_trigger_target_dag' retrieved from /opt/conda/lib/python3.12/site-packages/airflow/example_dags/example_trigger_target_dag.py
[2025-02-07T13:43:33.038+0000] {logging_mixin.py:190} INFO - [2025-02-07T13:43:33.038+0000] {dag.py:3239} INFO - Sync 1 DAGs
[2025-02-07T13:43:33.046+0000] {logging_mixin.py:190} INFO - [2025-02-07T13:43:33.046+0000] {dag.py:4180} INFO - Setting next_dagrun for example_trigger_target_dag to None, run_after=None
[2025-02-07T13:43:33.060+0000] {processor.py:208} INFO - Processing /opt/conda/lib/python3.12/site-packages/airflow/example_dags/example_trigger_target_dag.py took 0.052 seconds
[2025-02-07T13:44:21.467+0000] {processor.py:186} INFO - Started process (PID=1011) to work on /opt/conda/lib/python3.12/site-packages/airflow/example_dags/example_trigger_target_dag.py
[2025-02-07T13:44:21.468+0000] {processor.py:914} INFO - Processing file /opt/conda/lib/python3.12/site-packages/airflow/example_dags/example_trigger_target_dag.py for tasks to queue
[2025-02-07T13:44:21.469+0000] {logging_mixin.py:190} INFO - [2025-02-07T13:44:21.469+0000] {dagbag.py:588} INFO - Filling up the DagBag from /opt/conda/lib/python3.12/site-packages/airflow/example_dags/example_trigger_target_dag.py
[2025-02-07T13:44:21.479+0000] {processor.py:925} INFO - DAG(s) 'example_trigger_target_dag' retrieved from /opt/conda/lib/python3.12/site-packages/airflow/example_dags/example_trigger_target_dag.py
[2025-02-07T13:44:21.490+0000] {logging_mixin.py:190} INFO - [2025-02-07T13:44:21.490+0000] {dag.py:3239} INFO - Sync 1 DAGs
[2025-02-07T13:44:21.498+0000] {logging_mixin.py:190} INFO - [2025-02-07T13:44:21.498+0000] {dag.py:4180} INFO - Setting next_dagrun for example_trigger_target_dag to None, run_after=None
[2025-02-07T13:44:21.522+0000] {processor.py:208} INFO - Processing /opt/conda/lib/python3.12/site-packages/airflow/example_dags/example_trigger_target_dag.py took 0.062 seconds
[2025-02-07T13:45:57.866+0000] {processor.py:186} INFO - Started process (PID=1197) to work on /opt/conda/lib/python3.12/site-packages/airflow/example_dags/example_trigger_target_dag.py
[2025-02-07T13:45:57.868+0000] {processor.py:914} INFO - Processing file /opt/conda/lib/python3.12/site-packages/airflow/example_dags/example_trigger_target_dag.py for tasks to queue
[2025-02-07T13:45:57.884+0000] {logging_mixin.py:190} INFO - [2025-02-07T13:45:57.880+0000] {dagbag.py:588} INFO - Filling up the DagBag from /opt/conda/lib/python3.12/site-packages/airflow/example_dags/example_trigger_target_dag.py
[2025-02-07T13:45:57.903+0000] {processor.py:925} INFO - DAG(s) 'example_trigger_target_dag' retrieved from /opt/conda/lib/python3.12/site-packages/airflow/example_dags/example_trigger_target_dag.py
[2025-02-07T13:45:57.926+0000] {logging_mixin.py:190} INFO - [2025-02-07T13:45:57.926+0000] {dag.py:3239} INFO - Sync 1 DAGs
[2025-02-07T13:45:57.940+0000] {logging_mixin.py:190} INFO - [2025-02-07T13:45:57.940+0000] {dag.py:4180} INFO - Setting next_dagrun for example_trigger_target_dag to None, run_after=None
[2025-02-07T13:45:57.972+0000] {processor.py:208} INFO - Processing /opt/conda/lib/python3.12/site-packages/airflow/example_dags/example_trigger_target_dag.py took 0.120 seconds
[2025-02-07T13:47:19.562+0000] {processor.py:186} INFO - Started process (PID=1286) to work on /opt/conda/lib/python3.12/site-packages/airflow/example_dags/example_trigger_target_dag.py
[2025-02-07T13:47:19.568+0000] {processor.py:914} INFO - Processing file /opt/conda/lib/python3.12/site-packages/airflow/example_dags/example_trigger_target_dag.py for tasks to queue
[2025-02-07T13:47:19.587+0000] {logging_mixin.py:190} INFO - [2025-02-07T13:47:19.586+0000] {dagbag.py:588} INFO - Filling up the DagBag from /opt/conda/lib/python3.12/site-packages/airflow/example_dags/example_trigger_target_dag.py
[2025-02-07T13:47:19.637+0000] {processor.py:925} INFO - DAG(s) 'example_trigger_target_dag' retrieved from /opt/conda/lib/python3.12/site-packages/airflow/example_dags/example_trigger_target_dag.py
[2025-02-07T13:47:19.706+0000] {logging_mixin.py:190} INFO - [2025-02-07T13:47:19.706+0000] {dag.py:3239} INFO - Sync 1 DAGs
[2025-02-07T13:47:19.764+0000] {logging_mixin.py:190} INFO - [2025-02-07T13:47:19.764+0000] {dag.py:4180} INFO - Setting next_dagrun for example_trigger_target_dag to None, run_after=None
[2025-02-07T13:47:19.854+0000] {processor.py:208} INFO - Processing /opt/conda/lib/python3.12/site-packages/airflow/example_dags/example_trigger_target_dag.py took 0.325 seconds
[2025-02-07T14:04:05.082+0000] {processor.py:186} INFO - Started process (PID=1218) to work on /opt/conda/lib/python3.12/site-packages/airflow/example_dags/example_trigger_target_dag.py
[2025-02-07T14:04:05.083+0000] {processor.py:914} INFO - Processing file /opt/conda/lib/python3.12/site-packages/airflow/example_dags/example_trigger_target_dag.py for tasks to queue
[2025-02-07T14:04:05.084+0000] {logging_mixin.py:190} INFO - [2025-02-07T14:04:05.084+0000] {dagbag.py:588} INFO - Filling up the DagBag from /opt/conda/lib/python3.12/site-packages/airflow/example_dags/example_trigger_target_dag.py
[2025-02-07T14:04:05.091+0000] {processor.py:925} INFO - DAG(s) 'example_trigger_target_dag' retrieved from /opt/conda/lib/python3.12/site-packages/airflow/example_dags/example_trigger_target_dag.py
[2025-02-07T14:04:05.120+0000] {logging_mixin.py:190} INFO - [2025-02-07T14:04:05.120+0000] {dag.py:3239} INFO - Sync 1 DAGs
[2025-02-07T14:04:05.129+0000] {logging_mixin.py:190} INFO - [2025-02-07T14:04:05.129+0000] {dag.py:4180} INFO - Setting next_dagrun for example_trigger_target_dag to None, run_after=None
[2025-02-07T14:04:05.148+0000] {processor.py:208} INFO - Processing /opt/conda/lib/python3.12/site-packages/airflow/example_dags/example_trigger_target_dag.py took 0.071 seconds
[2025-02-07T14:06:03.835+0000] {processor.py:186} INFO - Started process (PID=1810) to work on /opt/conda/lib/python3.12/site-packages/airflow/example_dags/example_trigger_target_dag.py
[2025-02-07T14:06:03.837+0000] {processor.py:914} INFO - Processing file /opt/conda/lib/python3.12/site-packages/airflow/example_dags/example_trigger_target_dag.py for tasks to queue
[2025-02-07T14:06:03.839+0000] {logging_mixin.py:190} INFO - [2025-02-07T14:06:03.838+0000] {dagbag.py:588} INFO - Filling up the DagBag from /opt/conda/lib/python3.12/site-packages/airflow/example_dags/example_trigger_target_dag.py
[2025-02-07T14:06:03.846+0000] {processor.py:925} INFO - DAG(s) 'example_trigger_target_dag' retrieved from /opt/conda/lib/python3.12/site-packages/airflow/example_dags/example_trigger_target_dag.py
[2025-02-07T14:06:03.861+0000] {logging_mixin.py:190} INFO - [2025-02-07T14:06:03.860+0000] {dag.py:3239} INFO - Sync 1 DAGs
[2025-02-07T14:06:03.869+0000] {logging_mixin.py:190} INFO - [2025-02-07T14:06:03.869+0000] {dag.py:4180} INFO - Setting next_dagrun for example_trigger_target_dag to None, run_after=None
[2025-02-07T14:06:03.886+0000] {processor.py:208} INFO - Processing /opt/conda/lib/python3.12/site-packages/airflow/example_dags/example_trigger_target_dag.py took 0.060 seconds
[2025-02-07T14:07:27.543+0000] {processor.py:186} INFO - Started process (PID=1998) to work on /opt/conda/lib/python3.12/site-packages/airflow/example_dags/example_trigger_target_dag.py
[2025-02-07T14:07:27.545+0000] {processor.py:914} INFO - Processing file /opt/conda/lib/python3.12/site-packages/airflow/example_dags/example_trigger_target_dag.py for tasks to queue
[2025-02-07T14:07:27.546+0000] {logging_mixin.py:190} INFO - [2025-02-07T14:07:27.546+0000] {dagbag.py:588} INFO - Filling up the DagBag from /opt/conda/lib/python3.12/site-packages/airflow/example_dags/example_trigger_target_dag.py
[2025-02-07T14:07:27.560+0000] {processor.py:925} INFO - DAG(s) 'example_trigger_target_dag' retrieved from /opt/conda/lib/python3.12/site-packages/airflow/example_dags/example_trigger_target_dag.py
[2025-02-07T14:07:27.579+0000] {logging_mixin.py:190} INFO - [2025-02-07T14:07:27.579+0000] {dag.py:3239} INFO - Sync 1 DAGs
[2025-02-07T14:07:27.589+0000] {logging_mixin.py:190} INFO - [2025-02-07T14:07:27.589+0000] {dag.py:4180} INFO - Setting next_dagrun for example_trigger_target_dag to None, run_after=None
[2025-02-07T14:07:27.629+0000] {processor.py:208} INFO - Processing /opt/conda/lib/python3.12/site-packages/airflow/example_dags/example_trigger_target_dag.py took 0.096 seconds
