[2025-02-07T12:07:02.722+0000] {processor.py:186} INFO - Started process (PID=1302) to work on /opt/conda/lib/python3.12/site-packages/airflow/example_dags/example_short_circuit_operator.py
[2025-02-07T12:07:02.724+0000] {processor.py:914} INFO - Processing file /opt/conda/lib/python3.12/site-packages/airflow/example_dags/example_short_circuit_operator.py for tasks to queue
[2025-02-07T12:07:02.730+0000] {logging_mixin.py:190} INFO - [2025-02-07T12:07:02.729+0000] {dagbag.py:588} INFO - Filling up the DagBag from /opt/conda/lib/python3.12/site-packages/airflow/example_dags/example_short_circuit_operator.py
[2025-02-07T12:07:02.769+0000] {processor.py:925} INFO - DAG(s) 'example_short_circuit_operator' retrieved from /opt/conda/lib/python3.12/site-packages/airflow/example_dags/example_short_circuit_operator.py
[2025-02-07T12:07:02.818+0000] {logging_mixin.py:190} INFO - [2025-02-07T12:07:02.817+0000] {dag.py:3239} INFO - Sync 1 DAGs
[2025-02-07T12:07:02.851+0000] {logging_mixin.py:190} INFO - [2025-02-07T12:07:02.850+0000] {dag.py:4180} INFO - Setting next_dagrun for example_short_circuit_operator to None, run_after=None
[2025-02-07T12:07:02.899+0000] {processor.py:208} INFO - Processing /opt/conda/lib/python3.12/site-packages/airflow/example_dags/example_short_circuit_operator.py took 0.193 seconds
[2025-02-07T12:19:21.523+0000] {processor.py:186} INFO - Started process (PID=5088) to work on /opt/conda/lib/python3.12/site-packages/airflow/example_dags/example_short_circuit_operator.py
[2025-02-07T12:19:21.525+0000] {processor.py:914} INFO - Processing file /opt/conda/lib/python3.12/site-packages/airflow/example_dags/example_short_circuit_operator.py for tasks to queue
[2025-02-07T12:19:21.530+0000] {logging_mixin.py:190} INFO - [2025-02-07T12:19:21.529+0000] {dagbag.py:588} INFO - Filling up the DagBag from /opt/conda/lib/python3.12/site-packages/airflow/example_dags/example_short_circuit_operator.py
[2025-02-07T12:19:21.555+0000] {processor.py:925} INFO - DAG(s) 'example_short_circuit_operator' retrieved from /opt/conda/lib/python3.12/site-packages/airflow/example_dags/example_short_circuit_operator.py
[2025-02-07T12:19:21.576+0000] {logging_mixin.py:190} INFO - [2025-02-07T12:19:21.575+0000] {dag.py:3239} INFO - Sync 1 DAGs
[2025-02-07T12:19:21.590+0000] {logging_mixin.py:190} INFO - [2025-02-07T12:19:21.590+0000] {dag.py:4180} INFO - Setting next_dagrun for example_short_circuit_operator to None, run_after=None
[2025-02-07T12:19:21.613+0000] {processor.py:208} INFO - Processing /opt/conda/lib/python3.12/site-packages/airflow/example_dags/example_short_circuit_operator.py took 0.097 seconds
[2025-02-07T12:31:06.121+0000] {processor.py:186} INFO - Started process (PID=1594) to work on /opt/conda/lib/python3.12/site-packages/airflow/example_dags/example_short_circuit_operator.py
[2025-02-07T12:31:06.122+0000] {processor.py:914} INFO - Processing file /opt/conda/lib/python3.12/site-packages/airflow/example_dags/example_short_circuit_operator.py for tasks to queue
[2025-02-07T12:31:06.123+0000] {logging_mixin.py:190} INFO - [2025-02-07T12:31:06.123+0000] {dagbag.py:588} INFO - Filling up the DagBag from /opt/conda/lib/python3.12/site-packages/airflow/example_dags/example_short_circuit_operator.py
[2025-02-07T12:31:06.129+0000] {processor.py:925} INFO - DAG(s) 'example_short_circuit_operator' retrieved from /opt/conda/lib/python3.12/site-packages/airflow/example_dags/example_short_circuit_operator.py
[2025-02-07T12:31:06.154+0000] {logging_mixin.py:190} INFO - [2025-02-07T12:31:06.154+0000] {dag.py:3239} INFO - Sync 1 DAGs
[2025-02-07T12:31:06.164+0000] {logging_mixin.py:190} INFO - [2025-02-07T12:31:06.164+0000] {dag.py:4180} INFO - Setting next_dagrun for example_short_circuit_operator to None, run_after=None
[2025-02-07T12:31:06.182+0000] {processor.py:208} INFO - Processing /opt/conda/lib/python3.12/site-packages/airflow/example_dags/example_short_circuit_operator.py took 0.066 seconds
[2025-02-07T12:32:38.309+0000] {processor.py:186} INFO - Started process (PID=113) to work on /opt/conda/lib/python3.12/site-packages/airflow/example_dags/example_short_circuit_operator.py
[2025-02-07T12:32:38.311+0000] {processor.py:914} INFO - Processing file /opt/conda/lib/python3.12/site-packages/airflow/example_dags/example_short_circuit_operator.py for tasks to queue
[2025-02-07T12:32:38.317+0000] {logging_mixin.py:190} INFO - [2025-02-07T12:32:38.316+0000] {dagbag.py:588} INFO - Filling up the DagBag from /opt/conda/lib/python3.12/site-packages/airflow/example_dags/example_short_circuit_operator.py
[2025-02-07T12:32:38.335+0000] {processor.py:925} INFO - DAG(s) 'example_short_circuit_operator' retrieved from /opt/conda/lib/python3.12/site-packages/airflow/example_dags/example_short_circuit_operator.py
[2025-02-07T12:32:38.356+0000] {logging_mixin.py:190} INFO - [2025-02-07T12:32:38.356+0000] {dag.py:3239} INFO - Sync 1 DAGs
[2025-02-07T12:32:38.369+0000] {logging_mixin.py:190} INFO - [2025-02-07T12:32:38.369+0000] {dag.py:4180} INFO - Setting next_dagrun for example_short_circuit_operator to None, run_after=None
[2025-02-07T12:32:38.397+0000] {processor.py:208} INFO - Processing /opt/conda/lib/python3.12/site-packages/airflow/example_dags/example_short_circuit_operator.py took 0.107 seconds
[2025-02-07T12:36:27.946+0000] {processor.py:186} INFO - Started process (PID=91) to work on /opt/conda/lib/python3.12/site-packages/airflow/example_dags/example_short_circuit_operator.py
[2025-02-07T12:36:27.948+0000] {processor.py:914} INFO - Processing file /opt/conda/lib/python3.12/site-packages/airflow/example_dags/example_short_circuit_operator.py for tasks to queue
[2025-02-07T12:36:27.951+0000] {logging_mixin.py:190} INFO - [2025-02-07T12:36:27.950+0000] {dagbag.py:588} INFO - Filling up the DagBag from /opt/conda/lib/python3.12/site-packages/airflow/example_dags/example_short_circuit_operator.py
[2025-02-07T12:36:27.976+0000] {processor.py:925} INFO - DAG(s) 'example_short_circuit_operator' retrieved from /opt/conda/lib/python3.12/site-packages/airflow/example_dags/example_short_circuit_operator.py
[2025-02-07T12:36:28.019+0000] {logging_mixin.py:190} INFO - [2025-02-07T12:36:28.017+0000] {dag.py:3239} INFO - Sync 1 DAGs
[2025-02-07T12:36:28.059+0000] {logging_mixin.py:190} INFO - [2025-02-07T12:36:28.059+0000] {dag.py:4180} INFO - Setting next_dagrun for example_short_circuit_operator to None, run_after=None
[2025-02-07T12:36:28.162+0000] {processor.py:208} INFO - Processing /opt/conda/lib/python3.12/site-packages/airflow/example_dags/example_short_circuit_operator.py took 0.221 seconds
[2025-02-07T12:37:36.656+0000] {processor.py:186} INFO - Started process (PID=159) to work on /opt/conda/lib/python3.12/site-packages/airflow/example_dags/example_short_circuit_operator.py
[2025-02-07T12:37:36.658+0000] {processor.py:914} INFO - Processing file /opt/conda/lib/python3.12/site-packages/airflow/example_dags/example_short_circuit_operator.py for tasks to queue
[2025-02-07T12:37:36.659+0000] {logging_mixin.py:190} INFO - [2025-02-07T12:37:36.659+0000] {dagbag.py:588} INFO - Filling up the DagBag from /opt/conda/lib/python3.12/site-packages/airflow/example_dags/example_short_circuit_operator.py
[2025-02-07T12:37:36.665+0000] {processor.py:925} INFO - DAG(s) 'example_short_circuit_operator' retrieved from /opt/conda/lib/python3.12/site-packages/airflow/example_dags/example_short_circuit_operator.py
[2025-02-07T12:37:36.681+0000] {logging_mixin.py:190} INFO - [2025-02-07T12:37:36.681+0000] {dag.py:3239} INFO - Sync 1 DAGs
[2025-02-07T12:37:36.690+0000] {logging_mixin.py:190} INFO - [2025-02-07T12:37:36.690+0000] {dag.py:4180} INFO - Setting next_dagrun for example_short_circuit_operator to None, run_after=None
[2025-02-07T12:37:36.706+0000] {processor.py:208} INFO - Processing /opt/conda/lib/python3.12/site-packages/airflow/example_dags/example_short_circuit_operator.py took 0.055 seconds
[2025-02-07T12:38:39.999+0000] {processor.py:186} INFO - Started process (PID=229) to work on /opt/conda/lib/python3.12/site-packages/airflow/example_dags/example_short_circuit_operator.py
[2025-02-07T12:38:40.000+0000] {processor.py:914} INFO - Processing file /opt/conda/lib/python3.12/site-packages/airflow/example_dags/example_short_circuit_operator.py for tasks to queue
[2025-02-07T12:38:40.003+0000] {logging_mixin.py:190} INFO - [2025-02-07T12:38:40.002+0000] {dagbag.py:588} INFO - Filling up the DagBag from /opt/conda/lib/python3.12/site-packages/airflow/example_dags/example_short_circuit_operator.py
[2025-02-07T12:38:40.010+0000] {processor.py:925} INFO - DAG(s) 'example_short_circuit_operator' retrieved from /opt/conda/lib/python3.12/site-packages/airflow/example_dags/example_short_circuit_operator.py
[2025-02-07T12:38:40.026+0000] {logging_mixin.py:190} INFO - [2025-02-07T12:38:40.026+0000] {dag.py:3239} INFO - Sync 1 DAGs
[2025-02-07T12:38:40.035+0000] {logging_mixin.py:190} INFO - [2025-02-07T12:38:40.035+0000] {dag.py:4180} INFO - Setting next_dagrun for example_short_circuit_operator to None, run_after=None
[2025-02-07T12:38:40.049+0000] {processor.py:208} INFO - Processing /opt/conda/lib/python3.12/site-packages/airflow/example_dags/example_short_circuit_operator.py took 0.056 seconds
[2025-02-07T12:39:37.106+0000] {processor.py:186} INFO - Started process (PID=297) to work on /opt/conda/lib/python3.12/site-packages/airflow/example_dags/example_short_circuit_operator.py
[2025-02-07T12:39:37.107+0000] {processor.py:914} INFO - Processing file /opt/conda/lib/python3.12/site-packages/airflow/example_dags/example_short_circuit_operator.py for tasks to queue
[2025-02-07T12:39:37.108+0000] {logging_mixin.py:190} INFO - [2025-02-07T12:39:37.108+0000] {dagbag.py:588} INFO - Filling up the DagBag from /opt/conda/lib/python3.12/site-packages/airflow/example_dags/example_short_circuit_operator.py
[2025-02-07T12:39:37.112+0000] {processor.py:925} INFO - DAG(s) 'example_short_circuit_operator' retrieved from /opt/conda/lib/python3.12/site-packages/airflow/example_dags/example_short_circuit_operator.py
[2025-02-07T12:39:37.121+0000] {logging_mixin.py:190} INFO - [2025-02-07T12:39:37.121+0000] {dag.py:3239} INFO - Sync 1 DAGs
[2025-02-07T12:39:37.128+0000] {logging_mixin.py:190} INFO - [2025-02-07T12:39:37.128+0000] {dag.py:4180} INFO - Setting next_dagrun for example_short_circuit_operator to None, run_after=None
[2025-02-07T12:39:37.140+0000] {processor.py:208} INFO - Processing /opt/conda/lib/python3.12/site-packages/airflow/example_dags/example_short_circuit_operator.py took 0.036 seconds
[2025-02-07T12:40:33.950+0000] {processor.py:186} INFO - Started process (PID=354) to work on /opt/conda/lib/python3.12/site-packages/airflow/example_dags/example_short_circuit_operator.py
[2025-02-07T12:40:33.951+0000] {processor.py:914} INFO - Processing file /opt/conda/lib/python3.12/site-packages/airflow/example_dags/example_short_circuit_operator.py for tasks to queue
[2025-02-07T12:40:33.954+0000] {logging_mixin.py:190} INFO - [2025-02-07T12:40:33.954+0000] {dagbag.py:588} INFO - Filling up the DagBag from /opt/conda/lib/python3.12/site-packages/airflow/example_dags/example_short_circuit_operator.py
[2025-02-07T12:40:33.965+0000] {processor.py:925} INFO - DAG(s) 'example_short_circuit_operator' retrieved from /opt/conda/lib/python3.12/site-packages/airflow/example_dags/example_short_circuit_operator.py
[2025-02-07T12:40:33.983+0000] {logging_mixin.py:190} INFO - [2025-02-07T12:40:33.983+0000] {dag.py:3239} INFO - Sync 1 DAGs
[2025-02-07T12:40:33.994+0000] {logging_mixin.py:190} INFO - [2025-02-07T12:40:33.994+0000] {dag.py:4180} INFO - Setting next_dagrun for example_short_circuit_operator to None, run_after=None
[2025-02-07T12:40:34.009+0000] {processor.py:208} INFO - Processing /opt/conda/lib/python3.12/site-packages/airflow/example_dags/example_short_circuit_operator.py took 0.065 seconds
[2025-02-07T12:43:07.191+0000] {processor.py:186} INFO - Started process (PID=1148) to work on /opt/conda/lib/python3.12/site-packages/airflow/example_dags/example_short_circuit_operator.py
[2025-02-07T12:43:07.192+0000] {processor.py:914} INFO - Processing file /opt/conda/lib/python3.12/site-packages/airflow/example_dags/example_short_circuit_operator.py for tasks to queue
[2025-02-07T12:43:07.193+0000] {logging_mixin.py:190} INFO - [2025-02-07T12:43:07.193+0000] {dagbag.py:588} INFO - Filling up the DagBag from /opt/conda/lib/python3.12/site-packages/airflow/example_dags/example_short_circuit_operator.py
[2025-02-07T12:43:07.199+0000] {processor.py:925} INFO - DAG(s) 'example_short_circuit_operator' retrieved from /opt/conda/lib/python3.12/site-packages/airflow/example_dags/example_short_circuit_operator.py
[2025-02-07T12:43:07.212+0000] {logging_mixin.py:190} INFO - [2025-02-07T12:43:07.212+0000] {dag.py:3239} INFO - Sync 1 DAGs
[2025-02-07T12:43:07.219+0000] {logging_mixin.py:190} INFO - [2025-02-07T12:43:07.219+0000] {dag.py:4180} INFO - Setting next_dagrun for example_short_circuit_operator to None, run_after=None
[2025-02-07T12:43:07.241+0000] {processor.py:208} INFO - Processing /opt/conda/lib/python3.12/site-packages/airflow/example_dags/example_short_circuit_operator.py took 0.054 seconds
[2025-02-07T12:48:25.029+0000] {processor.py:186} INFO - Started process (PID=3281) to work on /opt/conda/lib/python3.12/site-packages/airflow/example_dags/example_short_circuit_operator.py
[2025-02-07T12:48:25.031+0000] {processor.py:914} INFO - Processing file /opt/conda/lib/python3.12/site-packages/airflow/example_dags/example_short_circuit_operator.py for tasks to queue
[2025-02-07T12:48:25.032+0000] {logging_mixin.py:190} INFO - [2025-02-07T12:48:25.032+0000] {dagbag.py:588} INFO - Filling up the DagBag from /opt/conda/lib/python3.12/site-packages/airflow/example_dags/example_short_circuit_operator.py
[2025-02-07T12:48:25.039+0000] {processor.py:925} INFO - DAG(s) 'example_short_circuit_operator' retrieved from /opt/conda/lib/python3.12/site-packages/airflow/example_dags/example_short_circuit_operator.py
[2025-02-07T12:48:25.052+0000] {logging_mixin.py:190} INFO - [2025-02-07T12:48:25.052+0000] {dag.py:3239} INFO - Sync 1 DAGs
[2025-02-07T12:48:25.059+0000] {logging_mixin.py:190} INFO - [2025-02-07T12:48:25.059+0000] {dag.py:4180} INFO - Setting next_dagrun for example_short_circuit_operator to None, run_after=None
[2025-02-07T12:48:25.072+0000] {processor.py:208} INFO - Processing /opt/conda/lib/python3.12/site-packages/airflow/example_dags/example_short_circuit_operator.py took 0.050 seconds
[2025-02-07T12:56:42.092+0000] {processor.py:186} INFO - Started process (PID=6857) to work on /opt/conda/lib/python3.12/site-packages/airflow/example_dags/example_short_circuit_operator.py
[2025-02-07T12:56:42.093+0000] {processor.py:914} INFO - Processing file /opt/conda/lib/python3.12/site-packages/airflow/example_dags/example_short_circuit_operator.py for tasks to queue
[2025-02-07T12:56:42.096+0000] {logging_mixin.py:190} INFO - [2025-02-07T12:56:42.095+0000] {dagbag.py:588} INFO - Filling up the DagBag from /opt/conda/lib/python3.12/site-packages/airflow/example_dags/example_short_circuit_operator.py
[2025-02-07T12:56:42.104+0000] {processor.py:925} INFO - DAG(s) 'example_short_circuit_operator' retrieved from /opt/conda/lib/python3.12/site-packages/airflow/example_dags/example_short_circuit_operator.py
[2025-02-07T12:56:42.120+0000] {logging_mixin.py:190} INFO - [2025-02-07T12:56:42.120+0000] {dag.py:3239} INFO - Sync 1 DAGs
[2025-02-07T12:56:42.129+0000] {logging_mixin.py:190} INFO - [2025-02-07T12:56:42.129+0000] {dag.py:4180} INFO - Setting next_dagrun for example_short_circuit_operator to None, run_after=None
[2025-02-07T12:56:42.145+0000] {processor.py:208} INFO - Processing /opt/conda/lib/python3.12/site-packages/airflow/example_dags/example_short_circuit_operator.py took 0.059 seconds
[2025-02-07T13:04:17.303+0000] {processor.py:186} INFO - Started process (PID=983) to work on /opt/conda/lib/python3.12/site-packages/airflow/example_dags/example_short_circuit_operator.py
[2025-02-07T13:04:17.305+0000] {processor.py:914} INFO - Processing file /opt/conda/lib/python3.12/site-packages/airflow/example_dags/example_short_circuit_operator.py for tasks to queue
[2025-02-07T13:04:17.308+0000] {logging_mixin.py:190} INFO - [2025-02-07T13:04:17.307+0000] {dagbag.py:588} INFO - Filling up the DagBag from /opt/conda/lib/python3.12/site-packages/airflow/example_dags/example_short_circuit_operator.py
[2025-02-07T13:04:17.318+0000] {processor.py:925} INFO - DAG(s) 'example_short_circuit_operator' retrieved from /opt/conda/lib/python3.12/site-packages/airflow/example_dags/example_short_circuit_operator.py
[2025-02-07T13:04:17.333+0000] {logging_mixin.py:190} INFO - [2025-02-07T13:04:17.333+0000] {dag.py:3239} INFO - Sync 1 DAGs
[2025-02-07T13:04:17.341+0000] {logging_mixin.py:190} INFO - [2025-02-07T13:04:17.341+0000] {dag.py:4180} INFO - Setting next_dagrun for example_short_circuit_operator to None, run_after=None
[2025-02-07T13:04:17.356+0000] {processor.py:208} INFO - Processing /opt/conda/lib/python3.12/site-packages/airflow/example_dags/example_short_circuit_operator.py took 0.059 seconds
[2025-02-07T13:06:58.310+0000] {processor.py:186} INFO - Started process (PID=377) to work on /opt/conda/lib/python3.12/site-packages/airflow/example_dags/example_short_circuit_operator.py
[2025-02-07T13:06:58.313+0000] {processor.py:914} INFO - Processing file /opt/conda/lib/python3.12/site-packages/airflow/example_dags/example_short_circuit_operator.py for tasks to queue
[2025-02-07T13:06:58.318+0000] {logging_mixin.py:190} INFO - [2025-02-07T13:06:58.317+0000] {dagbag.py:588} INFO - Filling up the DagBag from /opt/conda/lib/python3.12/site-packages/airflow/example_dags/example_short_circuit_operator.py
[2025-02-07T13:06:58.332+0000] {processor.py:925} INFO - DAG(s) 'example_short_circuit_operator' retrieved from /opt/conda/lib/python3.12/site-packages/airflow/example_dags/example_short_circuit_operator.py
[2025-02-07T13:06:58.360+0000] {logging_mixin.py:190} INFO - [2025-02-07T13:06:58.359+0000] {dag.py:3239} INFO - Sync 1 DAGs
[2025-02-07T13:06:58.384+0000] {logging_mixin.py:190} INFO - [2025-02-07T13:06:58.383+0000] {dag.py:4180} INFO - Setting next_dagrun for example_short_circuit_operator to None, run_after=None
[2025-02-07T13:06:58.414+0000] {processor.py:208} INFO - Processing /opt/conda/lib/python3.12/site-packages/airflow/example_dags/example_short_circuit_operator.py took 0.114 seconds
[2025-02-07T13:25:42.172+0000] {processor.py:186} INFO - Started process (PID=572) to work on /opt/conda/lib/python3.12/site-packages/airflow/example_dags/example_short_circuit_operator.py
[2025-02-07T13:25:42.174+0000] {processor.py:914} INFO - Processing file /opt/conda/lib/python3.12/site-packages/airflow/example_dags/example_short_circuit_operator.py for tasks to queue
[2025-02-07T13:25:42.176+0000] {logging_mixin.py:190} INFO - [2025-02-07T13:25:42.175+0000] {dagbag.py:588} INFO - Filling up the DagBag from /opt/conda/lib/python3.12/site-packages/airflow/example_dags/example_short_circuit_operator.py
[2025-02-07T13:25:42.227+0000] {processor.py:925} INFO - DAG(s) 'example_short_circuit_operator' retrieved from /opt/conda/lib/python3.12/site-packages/airflow/example_dags/example_short_circuit_operator.py
[2025-02-07T13:25:42.279+0000] {logging_mixin.py:190} INFO - [2025-02-07T13:25:42.279+0000] {dag.py:3239} INFO - Sync 1 DAGs
[2025-02-07T13:25:42.288+0000] {logging_mixin.py:190} INFO - [2025-02-07T13:25:42.288+0000] {dag.py:4180} INFO - Setting next_dagrun for example_short_circuit_operator to None, run_after=None
[2025-02-07T13:25:42.327+0000] {processor.py:208} INFO - Processing /opt/conda/lib/python3.12/site-packages/airflow/example_dags/example_short_circuit_operator.py took 0.164 seconds
[2025-02-07T13:27:13.667+0000] {processor.py:186} INFO - Started process (PID=186) to work on /opt/conda/lib/python3.12/site-packages/airflow/example_dags/example_short_circuit_operator.py
[2025-02-07T13:27:13.669+0000] {processor.py:914} INFO - Processing file /opt/conda/lib/python3.12/site-packages/airflow/example_dags/example_short_circuit_operator.py for tasks to queue
[2025-02-07T13:27:13.673+0000] {logging_mixin.py:190} INFO - [2025-02-07T13:27:13.672+0000] {dagbag.py:588} INFO - Filling up the DagBag from /opt/conda/lib/python3.12/site-packages/airflow/example_dags/example_short_circuit_operator.py
[2025-02-07T13:27:13.713+0000] {processor.py:925} INFO - DAG(s) 'example_short_circuit_operator' retrieved from /opt/conda/lib/python3.12/site-packages/airflow/example_dags/example_short_circuit_operator.py
[2025-02-07T13:27:13.739+0000] {logging_mixin.py:190} INFO - [2025-02-07T13:27:13.739+0000] {dag.py:3239} INFO - Sync 1 DAGs
[2025-02-07T13:27:13.761+0000] {logging_mixin.py:190} INFO - [2025-02-07T13:27:13.761+0000] {dag.py:4180} INFO - Setting next_dagrun for example_short_circuit_operator to None, run_after=None
[2025-02-07T13:27:13.792+0000] {processor.py:208} INFO - Processing /opt/conda/lib/python3.12/site-packages/airflow/example_dags/example_short_circuit_operator.py took 0.129 seconds
[2025-02-07T13:28:45.186+0000] {processor.py:186} INFO - Started process (PID=339) to work on /opt/conda/lib/python3.12/site-packages/airflow/example_dags/example_short_circuit_operator.py
[2025-02-07T13:28:45.186+0000] {processor.py:914} INFO - Processing file /opt/conda/lib/python3.12/site-packages/airflow/example_dags/example_short_circuit_operator.py for tasks to queue
[2025-02-07T13:28:45.187+0000] {logging_mixin.py:190} INFO - [2025-02-07T13:28:45.187+0000] {dagbag.py:588} INFO - Filling up the DagBag from /opt/conda/lib/python3.12/site-packages/airflow/example_dags/example_short_circuit_operator.py
[2025-02-07T13:28:45.195+0000] {processor.py:925} INFO - DAG(s) 'example_short_circuit_operator' retrieved from /opt/conda/lib/python3.12/site-packages/airflow/example_dags/example_short_circuit_operator.py
[2025-02-07T13:28:45.224+0000] {logging_mixin.py:190} INFO - [2025-02-07T13:28:45.223+0000] {dag.py:3239} INFO - Sync 1 DAGs
[2025-02-07T13:28:45.246+0000] {logging_mixin.py:190} INFO - [2025-02-07T13:28:45.246+0000] {dag.py:4180} INFO - Setting next_dagrun for example_short_circuit_operator to None, run_after=None
[2025-02-07T13:28:45.280+0000] {processor.py:208} INFO - Processing /opt/conda/lib/python3.12/site-packages/airflow/example_dags/example_short_circuit_operator.py took 0.099 seconds
[2025-02-07T13:30:02.846+0000] {processor.py:186} INFO - Started process (PID=424) to work on /opt/conda/lib/python3.12/site-packages/airflow/example_dags/example_short_circuit_operator.py
[2025-02-07T13:30:02.847+0000] {processor.py:914} INFO - Processing file /opt/conda/lib/python3.12/site-packages/airflow/example_dags/example_short_circuit_operator.py for tasks to queue
[2025-02-07T13:30:02.849+0000] {logging_mixin.py:190} INFO - [2025-02-07T13:30:02.849+0000] {dagbag.py:588} INFO - Filling up the DagBag from /opt/conda/lib/python3.12/site-packages/airflow/example_dags/example_short_circuit_operator.py
[2025-02-07T13:30:02.857+0000] {processor.py:925} INFO - DAG(s) 'example_short_circuit_operator' retrieved from /opt/conda/lib/python3.12/site-packages/airflow/example_dags/example_short_circuit_operator.py
[2025-02-07T13:30:02.871+0000] {logging_mixin.py:190} INFO - [2025-02-07T13:30:02.871+0000] {dag.py:3239} INFO - Sync 1 DAGs
[2025-02-07T13:30:02.879+0000] {logging_mixin.py:190} INFO - [2025-02-07T13:30:02.879+0000] {dag.py:4180} INFO - Setting next_dagrun for example_short_circuit_operator to None, run_after=None
[2025-02-07T13:30:02.895+0000] {processor.py:208} INFO - Processing /opt/conda/lib/python3.12/site-packages/airflow/example_dags/example_short_circuit_operator.py took 0.067 seconds
[2025-02-07T13:33:10.457+0000] {processor.py:186} INFO - Started process (PID=305) to work on /opt/conda/lib/python3.12/site-packages/airflow/example_dags/example_short_circuit_operator.py
[2025-02-07T13:33:10.458+0000] {processor.py:914} INFO - Processing file /opt/conda/lib/python3.12/site-packages/airflow/example_dags/example_short_circuit_operator.py for tasks to queue
[2025-02-07T13:33:10.459+0000] {logging_mixin.py:190} INFO - [2025-02-07T13:33:10.459+0000] {dagbag.py:588} INFO - Filling up the DagBag from /opt/conda/lib/python3.12/site-packages/airflow/example_dags/example_short_circuit_operator.py
[2025-02-07T13:33:10.465+0000] {processor.py:925} INFO - DAG(s) 'example_short_circuit_operator' retrieved from /opt/conda/lib/python3.12/site-packages/airflow/example_dags/example_short_circuit_operator.py
[2025-02-07T13:33:10.476+0000] {logging_mixin.py:190} INFO - [2025-02-07T13:33:10.476+0000] {dag.py:3239} INFO - Sync 1 DAGs
[2025-02-07T13:33:10.487+0000] {logging_mixin.py:190} INFO - [2025-02-07T13:33:10.487+0000] {dag.py:4180} INFO - Setting next_dagrun for example_short_circuit_operator to None, run_after=None
[2025-02-07T13:33:10.546+0000] {processor.py:208} INFO - Processing /opt/conda/lib/python3.12/site-packages/airflow/example_dags/example_short_circuit_operator.py took 0.091 seconds
[2025-02-07T13:35:00.738+0000] {processor.py:186} INFO - Started process (PID=195) to work on /opt/conda/lib/python3.12/site-packages/airflow/example_dags/example_short_circuit_operator.py
[2025-02-07T13:35:00.742+0000] {processor.py:914} INFO - Processing file /opt/conda/lib/python3.12/site-packages/airflow/example_dags/example_short_circuit_operator.py for tasks to queue
[2025-02-07T13:35:00.754+0000] {logging_mixin.py:190} INFO - [2025-02-07T13:35:00.752+0000] {dagbag.py:588} INFO - Filling up the DagBag from /opt/conda/lib/python3.12/site-packages/airflow/example_dags/example_short_circuit_operator.py
[2025-02-07T13:35:00.846+0000] {processor.py:925} INFO - DAG(s) 'example_short_circuit_operator' retrieved from /opt/conda/lib/python3.12/site-packages/airflow/example_dags/example_short_circuit_operator.py
[2025-02-07T13:35:00.974+0000] {logging_mixin.py:190} INFO - [2025-02-07T13:35:00.974+0000] {dag.py:3239} INFO - Sync 1 DAGs
[2025-02-07T13:35:00.992+0000] {logging_mixin.py:190} INFO - [2025-02-07T13:35:00.991+0000] {dag.py:4180} INFO - Setting next_dagrun for example_short_circuit_operator to None, run_after=None
[2025-02-07T13:35:01.039+0000] {processor.py:208} INFO - Processing /opt/conda/lib/python3.12/site-packages/airflow/example_dags/example_short_circuit_operator.py took 0.309 seconds
[2025-02-07T13:38:09.951+0000] {processor.py:186} INFO - Started process (PID=310) to work on /opt/conda/lib/python3.12/site-packages/airflow/example_dags/example_short_circuit_operator.py
[2025-02-07T13:38:09.954+0000] {processor.py:914} INFO - Processing file /opt/conda/lib/python3.12/site-packages/airflow/example_dags/example_short_circuit_operator.py for tasks to queue
[2025-02-07T13:38:09.957+0000] {logging_mixin.py:190} INFO - [2025-02-07T13:38:09.957+0000] {dagbag.py:588} INFO - Filling up the DagBag from /opt/conda/lib/python3.12/site-packages/airflow/example_dags/example_short_circuit_operator.py
[2025-02-07T13:38:09.970+0000] {processor.py:925} INFO - DAG(s) 'example_short_circuit_operator' retrieved from /opt/conda/lib/python3.12/site-packages/airflow/example_dags/example_short_circuit_operator.py
[2025-02-07T13:38:09.997+0000] {logging_mixin.py:190} INFO - [2025-02-07T13:38:09.997+0000] {dag.py:3239} INFO - Sync 1 DAGs
[2025-02-07T13:38:10.007+0000] {logging_mixin.py:190} INFO - [2025-02-07T13:38:10.007+0000] {dag.py:4180} INFO - Setting next_dagrun for example_short_circuit_operator to None, run_after=None
[2025-02-07T13:38:10.048+0000] {processor.py:208} INFO - Processing /opt/conda/lib/python3.12/site-packages/airflow/example_dags/example_short_circuit_operator.py took 0.115 seconds
[2025-02-07T13:39:31.537+0000] {processor.py:186} INFO - Started process (PID=488) to work on /opt/conda/lib/python3.12/site-packages/airflow/example_dags/example_short_circuit_operator.py
[2025-02-07T13:39:31.539+0000] {processor.py:914} INFO - Processing file /opt/conda/lib/python3.12/site-packages/airflow/example_dags/example_short_circuit_operator.py for tasks to queue
[2025-02-07T13:39:31.542+0000] {logging_mixin.py:190} INFO - [2025-02-07T13:39:31.542+0000] {dagbag.py:588} INFO - Filling up the DagBag from /opt/conda/lib/python3.12/site-packages/airflow/example_dags/example_short_circuit_operator.py
[2025-02-07T13:39:31.552+0000] {processor.py:925} INFO - DAG(s) 'example_short_circuit_operator' retrieved from /opt/conda/lib/python3.12/site-packages/airflow/example_dags/example_short_circuit_operator.py
[2025-02-07T13:39:31.570+0000] {logging_mixin.py:190} INFO - [2025-02-07T13:39:31.570+0000] {dag.py:3239} INFO - Sync 1 DAGs
[2025-02-07T13:39:31.580+0000] {logging_mixin.py:190} INFO - [2025-02-07T13:39:31.579+0000] {dag.py:4180} INFO - Setting next_dagrun for example_short_circuit_operator to None, run_after=None
[2025-02-07T13:39:31.594+0000] {processor.py:208} INFO - Processing /opt/conda/lib/python3.12/site-packages/airflow/example_dags/example_short_circuit_operator.py took 0.064 seconds
[2025-02-07T13:40:29.926+0000] {processor.py:186} INFO - Started process (PID=556) to work on /opt/conda/lib/python3.12/site-packages/airflow/example_dags/example_short_circuit_operator.py
[2025-02-07T13:40:29.927+0000] {processor.py:914} INFO - Processing file /opt/conda/lib/python3.12/site-packages/airflow/example_dags/example_short_circuit_operator.py for tasks to queue
[2025-02-07T13:40:29.930+0000] {logging_mixin.py:190} INFO - [2025-02-07T13:40:29.929+0000] {dagbag.py:588} INFO - Filling up the DagBag from /opt/conda/lib/python3.12/site-packages/airflow/example_dags/example_short_circuit_operator.py
[2025-02-07T13:40:29.935+0000] {processor.py:925} INFO - DAG(s) 'example_short_circuit_operator' retrieved from /opt/conda/lib/python3.12/site-packages/airflow/example_dags/example_short_circuit_operator.py
[2025-02-07T13:40:29.947+0000] {logging_mixin.py:190} INFO - [2025-02-07T13:40:29.946+0000] {dag.py:3239} INFO - Sync 1 DAGs
[2025-02-07T13:40:29.967+0000] {logging_mixin.py:190} INFO - [2025-02-07T13:40:29.967+0000] {dag.py:4180} INFO - Setting next_dagrun for example_short_circuit_operator to None, run_after=None
[2025-02-07T13:40:29.980+0000] {processor.py:208} INFO - Processing /opt/conda/lib/python3.12/site-packages/airflow/example_dags/example_short_circuit_operator.py took 0.061 seconds
[2025-02-07T13:41:26.694+0000] {processor.py:186} INFO - Started process (PID=623) to work on /opt/conda/lib/python3.12/site-packages/airflow/example_dags/example_short_circuit_operator.py
[2025-02-07T13:41:26.695+0000] {processor.py:914} INFO - Processing file /opt/conda/lib/python3.12/site-packages/airflow/example_dags/example_short_circuit_operator.py for tasks to queue
[2025-02-07T13:41:26.697+0000] {logging_mixin.py:190} INFO - [2025-02-07T13:41:26.697+0000] {dagbag.py:588} INFO - Filling up the DagBag from /opt/conda/lib/python3.12/site-packages/airflow/example_dags/example_short_circuit_operator.py
[2025-02-07T13:41:26.705+0000] {processor.py:925} INFO - DAG(s) 'example_short_circuit_operator' retrieved from /opt/conda/lib/python3.12/site-packages/airflow/example_dags/example_short_circuit_operator.py
[2025-02-07T13:41:26.720+0000] {logging_mixin.py:190} INFO - [2025-02-07T13:41:26.720+0000] {dag.py:3239} INFO - Sync 1 DAGs
[2025-02-07T13:41:26.728+0000] {logging_mixin.py:190} INFO - [2025-02-07T13:41:26.728+0000] {dag.py:4180} INFO - Setting next_dagrun for example_short_circuit_operator to None, run_after=None
[2025-02-07T13:41:26.744+0000] {processor.py:208} INFO - Processing /opt/conda/lib/python3.12/site-packages/airflow/example_dags/example_short_circuit_operator.py took 0.059 seconds
[2025-02-07T13:42:35.823+0000] {processor.py:186} INFO - Started process (PID=791) to work on /opt/conda/lib/python3.12/site-packages/airflow/example_dags/example_short_circuit_operator.py
[2025-02-07T13:42:35.824+0000] {processor.py:914} INFO - Processing file /opt/conda/lib/python3.12/site-packages/airflow/example_dags/example_short_circuit_operator.py for tasks to queue
[2025-02-07T13:42:35.826+0000] {logging_mixin.py:190} INFO - [2025-02-07T13:42:35.826+0000] {dagbag.py:588} INFO - Filling up the DagBag from /opt/conda/lib/python3.12/site-packages/airflow/example_dags/example_short_circuit_operator.py
[2025-02-07T13:42:35.833+0000] {processor.py:925} INFO - DAG(s) 'example_short_circuit_operator' retrieved from /opt/conda/lib/python3.12/site-packages/airflow/example_dags/example_short_circuit_operator.py
[2025-02-07T13:42:35.846+0000] {logging_mixin.py:190} INFO - [2025-02-07T13:42:35.846+0000] {dag.py:3239} INFO - Sync 1 DAGs
[2025-02-07T13:42:35.855+0000] {logging_mixin.py:190} INFO - [2025-02-07T13:42:35.855+0000] {dag.py:4180} INFO - Setting next_dagrun for example_short_circuit_operator to None, run_after=None
[2025-02-07T13:42:35.874+0000] {processor.py:208} INFO - Processing /opt/conda/lib/python3.12/site-packages/airflow/example_dags/example_short_circuit_operator.py took 0.058 seconds
[2025-02-07T13:43:37.280+0000] {processor.py:186} INFO - Started process (PID=864) to work on /opt/conda/lib/python3.12/site-packages/airflow/example_dags/example_short_circuit_operator.py
[2025-02-07T13:43:37.281+0000] {processor.py:914} INFO - Processing file /opt/conda/lib/python3.12/site-packages/airflow/example_dags/example_short_circuit_operator.py for tasks to queue
[2025-02-07T13:43:37.284+0000] {logging_mixin.py:190} INFO - [2025-02-07T13:43:37.283+0000] {dagbag.py:588} INFO - Filling up the DagBag from /opt/conda/lib/python3.12/site-packages/airflow/example_dags/example_short_circuit_operator.py
[2025-02-07T13:43:37.292+0000] {processor.py:925} INFO - DAG(s) 'example_short_circuit_operator' retrieved from /opt/conda/lib/python3.12/site-packages/airflow/example_dags/example_short_circuit_operator.py
[2025-02-07T13:43:37.309+0000] {logging_mixin.py:190} INFO - [2025-02-07T13:43:37.308+0000] {dag.py:3239} INFO - Sync 1 DAGs
[2025-02-07T13:43:37.318+0000] {logging_mixin.py:190} INFO - [2025-02-07T13:43:37.318+0000] {dag.py:4180} INFO - Setting next_dagrun for example_short_circuit_operator to None, run_after=None
[2025-02-07T13:43:37.332+0000] {processor.py:208} INFO - Processing /opt/conda/lib/python3.12/site-packages/airflow/example_dags/example_short_circuit_operator.py took 0.057 seconds
[2025-02-07T13:45:31.358+0000] {processor.py:186} INFO - Started process (PID=1166) to work on /opt/conda/lib/python3.12/site-packages/airflow/example_dags/example_short_circuit_operator.py
[2025-02-07T13:45:31.360+0000] {processor.py:914} INFO - Processing file /opt/conda/lib/python3.12/site-packages/airflow/example_dags/example_short_circuit_operator.py for tasks to queue
[2025-02-07T13:45:31.363+0000] {logging_mixin.py:190} INFO - [2025-02-07T13:45:31.363+0000] {dagbag.py:588} INFO - Filling up the DagBag from /opt/conda/lib/python3.12/site-packages/airflow/example_dags/example_short_circuit_operator.py
[2025-02-07T13:45:31.372+0000] {processor.py:925} INFO - DAG(s) 'example_short_circuit_operator' retrieved from /opt/conda/lib/python3.12/site-packages/airflow/example_dags/example_short_circuit_operator.py
[2025-02-07T13:45:31.414+0000] {logging_mixin.py:190} INFO - [2025-02-07T13:45:31.414+0000] {dag.py:3239} INFO - Sync 1 DAGs
[2025-02-07T13:45:31.433+0000] {logging_mixin.py:190} INFO - [2025-02-07T13:45:31.433+0000] {dag.py:4180} INFO - Setting next_dagrun for example_short_circuit_operator to None, run_after=None
[2025-02-07T13:45:31.466+0000] {processor.py:208} INFO - Processing /opt/conda/lib/python3.12/site-packages/airflow/example_dags/example_short_circuit_operator.py took 0.120 seconds
[2025-02-07T13:48:05.769+0000] {processor.py:186} INFO - Started process (PID=1399) to work on /opt/conda/lib/python3.12/site-packages/airflow/example_dags/example_short_circuit_operator.py
[2025-02-07T13:48:05.771+0000] {processor.py:914} INFO - Processing file /opt/conda/lib/python3.12/site-packages/airflow/example_dags/example_short_circuit_operator.py for tasks to queue
[2025-02-07T13:48:05.776+0000] {logging_mixin.py:190} INFO - [2025-02-07T13:48:05.776+0000] {dagbag.py:588} INFO - Filling up the DagBag from /opt/conda/lib/python3.12/site-packages/airflow/example_dags/example_short_circuit_operator.py
[2025-02-07T13:48:05.788+0000] {processor.py:925} INFO - DAG(s) 'example_short_circuit_operator' retrieved from /opt/conda/lib/python3.12/site-packages/airflow/example_dags/example_short_circuit_operator.py
[2025-02-07T13:48:05.817+0000] {logging_mixin.py:190} INFO - [2025-02-07T13:48:05.817+0000] {dag.py:3239} INFO - Sync 1 DAGs
[2025-02-07T13:48:05.834+0000] {logging_mixin.py:190} INFO - [2025-02-07T13:48:05.833+0000] {dag.py:4180} INFO - Setting next_dagrun for example_short_circuit_operator to None, run_after=None
[2025-02-07T13:48:05.870+0000] {processor.py:208} INFO - Processing /opt/conda/lib/python3.12/site-packages/airflow/example_dags/example_short_circuit_operator.py took 0.112 seconds
[2025-02-07T14:04:30.499+0000] {processor.py:186} INFO - Started process (PID=1414) to work on /opt/conda/lib/python3.12/site-packages/airflow/example_dags/example_short_circuit_operator.py
[2025-02-07T14:04:30.499+0000] {processor.py:914} INFO - Processing file /opt/conda/lib/python3.12/site-packages/airflow/example_dags/example_short_circuit_operator.py for tasks to queue
[2025-02-07T14:04:30.500+0000] {logging_mixin.py:190} INFO - [2025-02-07T14:04:30.500+0000] {dagbag.py:588} INFO - Filling up the DagBag from /opt/conda/lib/python3.12/site-packages/airflow/example_dags/example_short_circuit_operator.py
[2025-02-07T14:04:30.505+0000] {processor.py:925} INFO - DAG(s) 'example_short_circuit_operator' retrieved from /opt/conda/lib/python3.12/site-packages/airflow/example_dags/example_short_circuit_operator.py
[2025-02-07T14:04:30.517+0000] {logging_mixin.py:190} INFO - [2025-02-07T14:04:30.517+0000] {dag.py:3239} INFO - Sync 1 DAGs
[2025-02-07T14:04:30.523+0000] {logging_mixin.py:190} INFO - [2025-02-07T14:04:30.523+0000] {dag.py:4180} INFO - Setting next_dagrun for example_short_circuit_operator to None, run_after=None
[2025-02-07T14:04:30.535+0000] {processor.py:208} INFO - Processing /opt/conda/lib/python3.12/site-packages/airflow/example_dags/example_short_circuit_operator.py took 0.040 seconds
[2025-02-07T14:06:08.757+0000] {processor.py:186} INFO - Started process (PID=1814) to work on /opt/conda/lib/python3.12/site-packages/airflow/example_dags/example_short_circuit_operator.py
[2025-02-07T14:06:08.763+0000] {processor.py:914} INFO - Processing file /opt/conda/lib/python3.12/site-packages/airflow/example_dags/example_short_circuit_operator.py for tasks to queue
[2025-02-07T14:06:08.765+0000] {logging_mixin.py:190} INFO - [2025-02-07T14:06:08.765+0000] {dagbag.py:588} INFO - Filling up the DagBag from /opt/conda/lib/python3.12/site-packages/airflow/example_dags/example_short_circuit_operator.py
[2025-02-07T14:06:08.772+0000] {processor.py:925} INFO - DAG(s) 'example_short_circuit_operator' retrieved from /opt/conda/lib/python3.12/site-packages/airflow/example_dags/example_short_circuit_operator.py
[2025-02-07T14:06:08.792+0000] {logging_mixin.py:190} INFO - [2025-02-07T14:06:08.792+0000] {dag.py:3239} INFO - Sync 1 DAGs
[2025-02-07T14:06:08.811+0000] {logging_mixin.py:190} INFO - [2025-02-07T14:06:08.811+0000] {dag.py:4180} INFO - Setting next_dagrun for example_short_circuit_operator to None, run_after=None
[2025-02-07T14:06:08.834+0000] {processor.py:208} INFO - Processing /opt/conda/lib/python3.12/site-packages/airflow/example_dags/example_short_circuit_operator.py took 0.089 seconds
[2025-02-07T14:07:30.955+0000] {processor.py:186} INFO - Started process (PID=2002) to work on /opt/conda/lib/python3.12/site-packages/airflow/example_dags/example_short_circuit_operator.py
[2025-02-07T14:07:30.956+0000] {processor.py:914} INFO - Processing file /opt/conda/lib/python3.12/site-packages/airflow/example_dags/example_short_circuit_operator.py for tasks to queue
[2025-02-07T14:07:30.957+0000] {logging_mixin.py:190} INFO - [2025-02-07T14:07:30.957+0000] {dagbag.py:588} INFO - Filling up the DagBag from /opt/conda/lib/python3.12/site-packages/airflow/example_dags/example_short_circuit_operator.py
[2025-02-07T14:07:30.962+0000] {processor.py:925} INFO - DAG(s) 'example_short_circuit_operator' retrieved from /opt/conda/lib/python3.12/site-packages/airflow/example_dags/example_short_circuit_operator.py
[2025-02-07T14:07:30.975+0000] {logging_mixin.py:190} INFO - [2025-02-07T14:07:30.975+0000] {dag.py:3239} INFO - Sync 1 DAGs
[2025-02-07T14:07:30.984+0000] {logging_mixin.py:190} INFO - [2025-02-07T14:07:30.983+0000] {dag.py:4180} INFO - Setting next_dagrun for example_short_circuit_operator to None, run_after=None
[2025-02-07T14:07:30.998+0000] {processor.py:208} INFO - Processing /opt/conda/lib/python3.12/site-packages/airflow/example_dags/example_short_circuit_operator.py took 0.047 seconds
