[2025-02-07T12:08:08.151+0000] {processor.py:186} INFO - Started process (PID=1570) to work on /opt/conda/lib/python3.12/site-packages/airflow/example_dags/example_skip_dag.py
[2025-02-07T12:08:08.152+0000] {processor.py:914} INFO - Processing file /opt/conda/lib/python3.12/site-packages/airflow/example_dags/example_skip_dag.py for tasks to queue
[2025-02-07T12:08:08.155+0000] {logging_mixin.py:190} INFO - [2025-02-07T12:08:08.154+0000] {dagbag.py:588} INFO - Filling up the DagBag from /opt/conda/lib/python3.12/site-packages/airflow/example_dags/example_skip_dag.py
[2025-02-07T12:08:08.166+0000] {processor.py:925} INFO - DAG(s) 'example_skip_dag' retrieved from /opt/conda/lib/python3.12/site-packages/airflow/example_dags/example_skip_dag.py
[2025-02-07T12:08:08.190+0000] {logging_mixin.py:190} INFO - [2025-02-07T12:08:08.189+0000] {dag.py:3239} INFO - Sync 1 DAGs
[2025-02-07T12:08:08.212+0000] {logging_mixin.py:190} INFO - [2025-02-07T12:08:08.212+0000] {dag.py:4180} INFO - Setting next_dagrun for example_skip_dag to 2025-02-06 00:00:00+00:00, run_after=2025-02-07 00:00:00+00:00
[2025-02-07T12:08:08.249+0000] {processor.py:208} INFO - Processing /opt/conda/lib/python3.12/site-packages/airflow/example_dags/example_skip_dag.py took 0.117 seconds
[2025-02-07T12:19:46.117+0000] {processor.py:186} INFO - Started process (PID=5224) to work on /opt/conda/lib/python3.12/site-packages/airflow/example_dags/example_skip_dag.py
[2025-02-07T12:19:46.120+0000] {processor.py:914} INFO - Processing file /opt/conda/lib/python3.12/site-packages/airflow/example_dags/example_skip_dag.py for tasks to queue
[2025-02-07T12:19:46.124+0000] {logging_mixin.py:190} INFO - [2025-02-07T12:19:46.124+0000] {dagbag.py:588} INFO - Filling up the DagBag from /opt/conda/lib/python3.12/site-packages/airflow/example_dags/example_skip_dag.py
[2025-02-07T12:19:46.137+0000] {processor.py:925} INFO - DAG(s) 'example_skip_dag' retrieved from /opt/conda/lib/python3.12/site-packages/airflow/example_dags/example_skip_dag.py
[2025-02-07T12:19:46.155+0000] {logging_mixin.py:190} INFO - [2025-02-07T12:19:46.155+0000] {dag.py:3239} INFO - Sync 1 DAGs
[2025-02-07T12:19:46.193+0000] {logging_mixin.py:190} INFO - [2025-02-07T12:19:46.192+0000] {dag.py:4180} INFO - Setting next_dagrun for example_skip_dag to 2025-02-06 00:00:00+00:00, run_after=2025-02-07 00:00:00+00:00
[2025-02-07T12:19:46.214+0000] {processor.py:208} INFO - Processing /opt/conda/lib/python3.12/site-packages/airflow/example_dags/example_skip_dag.py took 0.109 seconds
[2025-02-07T12:31:50.344+0000] {processor.py:186} INFO - Started process (PID=1862) to work on /opt/conda/lib/python3.12/site-packages/airflow/example_dags/example_skip_dag.py
[2025-02-07T12:31:50.346+0000] {processor.py:914} INFO - Processing file /opt/conda/lib/python3.12/site-packages/airflow/example_dags/example_skip_dag.py for tasks to queue
[2025-02-07T12:31:50.347+0000] {logging_mixin.py:190} INFO - [2025-02-07T12:31:50.347+0000] {dagbag.py:588} INFO - Filling up the DagBag from /opt/conda/lib/python3.12/site-packages/airflow/example_dags/example_skip_dag.py
[2025-02-07T12:31:50.358+0000] {processor.py:925} INFO - DAG(s) 'example_skip_dag' retrieved from /opt/conda/lib/python3.12/site-packages/airflow/example_dags/example_skip_dag.py
[2025-02-07T12:31:50.374+0000] {logging_mixin.py:190} INFO - [2025-02-07T12:31:50.373+0000] {dag.py:3239} INFO - Sync 1 DAGs
[2025-02-07T12:31:50.387+0000] {logging_mixin.py:190} INFO - [2025-02-07T12:31:50.387+0000] {dag.py:4180} INFO - Setting next_dagrun for example_skip_dag to 2025-02-06 00:00:00+00:00, run_after=2025-02-07 00:00:00+00:00
[2025-02-07T12:31:50.402+0000] {processor.py:208} INFO - Processing /opt/conda/lib/python3.12/site-packages/airflow/example_dags/example_skip_dag.py took 0.064 seconds
[2025-02-07T12:32:43.495+0000] {processor.py:186} INFO - Started process (PID=117) to work on /opt/conda/lib/python3.12/site-packages/airflow/example_dags/example_skip_dag.py
[2025-02-07T12:32:43.500+0000] {processor.py:914} INFO - Processing file /opt/conda/lib/python3.12/site-packages/airflow/example_dags/example_skip_dag.py for tasks to queue
[2025-02-07T12:32:43.514+0000] {logging_mixin.py:190} INFO - [2025-02-07T12:32:43.514+0000] {dagbag.py:588} INFO - Filling up the DagBag from /opt/conda/lib/python3.12/site-packages/airflow/example_dags/example_skip_dag.py
[2025-02-07T12:32:43.575+0000] {processor.py:925} INFO - DAG(s) 'example_skip_dag' retrieved from /opt/conda/lib/python3.12/site-packages/airflow/example_dags/example_skip_dag.py
[2025-02-07T12:32:43.651+0000] {logging_mixin.py:190} INFO - [2025-02-07T12:32:43.650+0000] {dag.py:3239} INFO - Sync 1 DAGs
[2025-02-07T12:32:43.729+0000] {logging_mixin.py:190} INFO - [2025-02-07T12:32:43.728+0000] {dag.py:4180} INFO - Setting next_dagrun for example_skip_dag to 2025-02-06 00:00:00+00:00, run_after=2025-02-07 00:00:00+00:00
[2025-02-07T12:32:43.888+0000] {processor.py:208} INFO - Processing /opt/conda/lib/python3.12/site-packages/airflow/example_dags/example_skip_dag.py took 0.400 seconds
[2025-02-07T12:36:32.597+0000] {processor.py:186} INFO - Started process (PID=95) to work on /opt/conda/lib/python3.12/site-packages/airflow/example_dags/example_skip_dag.py
[2025-02-07T12:36:32.598+0000] {processor.py:914} INFO - Processing file /opt/conda/lib/python3.12/site-packages/airflow/example_dags/example_skip_dag.py for tasks to queue
[2025-02-07T12:36:32.603+0000] {logging_mixin.py:190} INFO - [2025-02-07T12:36:32.601+0000] {dagbag.py:588} INFO - Filling up the DagBag from /opt/conda/lib/python3.12/site-packages/airflow/example_dags/example_skip_dag.py
[2025-02-07T12:36:32.626+0000] {processor.py:925} INFO - DAG(s) 'example_skip_dag' retrieved from /opt/conda/lib/python3.12/site-packages/airflow/example_dags/example_skip_dag.py
[2025-02-07T12:36:32.676+0000] {logging_mixin.py:190} INFO - [2025-02-07T12:36:32.676+0000] {dag.py:3239} INFO - Sync 1 DAGs
[2025-02-07T12:36:32.695+0000] {logging_mixin.py:190} INFO - [2025-02-07T12:36:32.695+0000] {dag.py:4180} INFO - Setting next_dagrun for example_skip_dag to 2025-02-06 00:00:00+00:00, run_after=2025-02-07 00:00:00+00:00
[2025-02-07T12:36:32.719+0000] {processor.py:208} INFO - Processing /opt/conda/lib/python3.12/site-packages/airflow/example_dags/example_skip_dag.py took 0.127 seconds
[2025-02-07T12:37:41.767+0000] {processor.py:186} INFO - Started process (PID=163) to work on /opt/conda/lib/python3.12/site-packages/airflow/example_dags/example_skip_dag.py
[2025-02-07T12:37:41.768+0000] {processor.py:914} INFO - Processing file /opt/conda/lib/python3.12/site-packages/airflow/example_dags/example_skip_dag.py for tasks to queue
[2025-02-07T12:37:41.770+0000] {logging_mixin.py:190} INFO - [2025-02-07T12:37:41.770+0000] {dagbag.py:588} INFO - Filling up the DagBag from /opt/conda/lib/python3.12/site-packages/airflow/example_dags/example_skip_dag.py
[2025-02-07T12:37:41.782+0000] {processor.py:925} INFO - DAG(s) 'example_skip_dag' retrieved from /opt/conda/lib/python3.12/site-packages/airflow/example_dags/example_skip_dag.py
[2025-02-07T12:37:41.808+0000] {logging_mixin.py:190} INFO - [2025-02-07T12:37:41.807+0000] {dag.py:3239} INFO - Sync 1 DAGs
[2025-02-07T12:37:41.824+0000] {logging_mixin.py:190} INFO - [2025-02-07T12:37:41.823+0000] {dag.py:4180} INFO - Setting next_dagrun for example_skip_dag to 2025-02-06 00:00:00+00:00, run_after=2025-02-07 00:00:00+00:00
[2025-02-07T12:37:41.849+0000] {processor.py:208} INFO - Processing /opt/conda/lib/python3.12/site-packages/airflow/example_dags/example_skip_dag.py took 0.088 seconds
[2025-02-07T12:38:44.609+0000] {processor.py:186} INFO - Started process (PID=233) to work on /opt/conda/lib/python3.12/site-packages/airflow/example_dags/example_skip_dag.py
[2025-02-07T12:38:44.610+0000] {processor.py:914} INFO - Processing file /opt/conda/lib/python3.12/site-packages/airflow/example_dags/example_skip_dag.py for tasks to queue
[2025-02-07T12:38:44.612+0000] {logging_mixin.py:190} INFO - [2025-02-07T12:38:44.612+0000] {dagbag.py:588} INFO - Filling up the DagBag from /opt/conda/lib/python3.12/site-packages/airflow/example_dags/example_skip_dag.py
[2025-02-07T12:38:44.619+0000] {processor.py:925} INFO - DAG(s) 'example_skip_dag' retrieved from /opt/conda/lib/python3.12/site-packages/airflow/example_dags/example_skip_dag.py
[2025-02-07T12:38:44.634+0000] {logging_mixin.py:190} INFO - [2025-02-07T12:38:44.634+0000] {dag.py:3239} INFO - Sync 1 DAGs
[2025-02-07T12:38:44.646+0000] {logging_mixin.py:190} INFO - [2025-02-07T12:38:44.646+0000] {dag.py:4180} INFO - Setting next_dagrun for example_skip_dag to 2025-02-06 00:00:00+00:00, run_after=2025-02-07 00:00:00+00:00
[2025-02-07T12:38:44.659+0000] {processor.py:208} INFO - Processing /opt/conda/lib/python3.12/site-packages/airflow/example_dags/example_skip_dag.py took 0.056 seconds
[2025-02-07T12:39:40.160+0000] {processor.py:186} INFO - Started process (PID=301) to work on /opt/conda/lib/python3.12/site-packages/airflow/example_dags/example_skip_dag.py
[2025-02-07T12:39:40.161+0000] {processor.py:914} INFO - Processing file /opt/conda/lib/python3.12/site-packages/airflow/example_dags/example_skip_dag.py for tasks to queue
[2025-02-07T12:39:40.162+0000] {logging_mixin.py:190} INFO - [2025-02-07T12:39:40.162+0000] {dagbag.py:588} INFO - Filling up the DagBag from /opt/conda/lib/python3.12/site-packages/airflow/example_dags/example_skip_dag.py
[2025-02-07T12:39:40.168+0000] {processor.py:925} INFO - DAG(s) 'example_skip_dag' retrieved from /opt/conda/lib/python3.12/site-packages/airflow/example_dags/example_skip_dag.py
[2025-02-07T12:39:40.178+0000] {logging_mixin.py:190} INFO - [2025-02-07T12:39:40.178+0000] {dag.py:3239} INFO - Sync 1 DAGs
[2025-02-07T12:39:40.191+0000] {logging_mixin.py:190} INFO - [2025-02-07T12:39:40.191+0000] {dag.py:4180} INFO - Setting next_dagrun for example_skip_dag to 2025-02-06 00:00:00+00:00, run_after=2025-02-07 00:00:00+00:00
[2025-02-07T12:39:40.203+0000] {processor.py:208} INFO - Processing /opt/conda/lib/python3.12/site-packages/airflow/example_dags/example_skip_dag.py took 0.046 seconds
[2025-02-07T12:40:37.662+0000] {processor.py:186} INFO - Started process (PID=358) to work on /opt/conda/lib/python3.12/site-packages/airflow/example_dags/example_skip_dag.py
[2025-02-07T12:40:37.663+0000] {processor.py:914} INFO - Processing file /opt/conda/lib/python3.12/site-packages/airflow/example_dags/example_skip_dag.py for tasks to queue
[2025-02-07T12:40:37.665+0000] {logging_mixin.py:190} INFO - [2025-02-07T12:40:37.665+0000] {dagbag.py:588} INFO - Filling up the DagBag from /opt/conda/lib/python3.12/site-packages/airflow/example_dags/example_skip_dag.py
[2025-02-07T12:40:37.681+0000] {processor.py:925} INFO - DAG(s) 'example_skip_dag' retrieved from /opt/conda/lib/python3.12/site-packages/airflow/example_dags/example_skip_dag.py
[2025-02-07T12:40:37.696+0000] {logging_mixin.py:190} INFO - [2025-02-07T12:40:37.696+0000] {dag.py:3239} INFO - Sync 1 DAGs
[2025-02-07T12:40:37.711+0000] {logging_mixin.py:190} INFO - [2025-02-07T12:40:37.711+0000] {dag.py:4180} INFO - Setting next_dagrun for example_skip_dag to 2025-02-06 00:00:00+00:00, run_after=2025-02-07 00:00:00+00:00
[2025-02-07T12:40:37.725+0000] {processor.py:208} INFO - Processing /opt/conda/lib/python3.12/site-packages/airflow/example_dags/example_skip_dag.py took 0.068 seconds
[2025-02-07T12:43:45.056+0000] {processor.py:186} INFO - Started process (PID=1438) to work on /opt/conda/lib/python3.12/site-packages/airflow/example_dags/example_skip_dag.py
[2025-02-07T12:43:45.057+0000] {processor.py:914} INFO - Processing file /opt/conda/lib/python3.12/site-packages/airflow/example_dags/example_skip_dag.py for tasks to queue
[2025-02-07T12:43:45.070+0000] {logging_mixin.py:190} INFO - [2025-02-07T12:43:45.070+0000] {dagbag.py:588} INFO - Filling up the DagBag from /opt/conda/lib/python3.12/site-packages/airflow/example_dags/example_skip_dag.py
[2025-02-07T12:43:45.079+0000] {processor.py:925} INFO - DAG(s) 'example_skip_dag' retrieved from /opt/conda/lib/python3.12/site-packages/airflow/example_dags/example_skip_dag.py
[2025-02-07T12:43:45.110+0000] {logging_mixin.py:190} INFO - [2025-02-07T12:43:45.109+0000] {dag.py:3239} INFO - Sync 1 DAGs
[2025-02-07T12:43:45.133+0000] {logging_mixin.py:190} INFO - [2025-02-07T12:43:45.133+0000] {dag.py:4180} INFO - Setting next_dagrun for example_skip_dag to 2025-02-06 00:00:00+00:00, run_after=2025-02-07 00:00:00+00:00
[2025-02-07T12:43:45.149+0000] {processor.py:208} INFO - Processing /opt/conda/lib/python3.12/site-packages/airflow/example_dags/example_skip_dag.py took 0.105 seconds
[2025-02-07T12:49:23.043+0000] {processor.py:186} INFO - Started process (PID=3571) to work on /opt/conda/lib/python3.12/site-packages/airflow/example_dags/example_skip_dag.py
[2025-02-07T12:49:23.046+0000] {processor.py:914} INFO - Processing file /opt/conda/lib/python3.12/site-packages/airflow/example_dags/example_skip_dag.py for tasks to queue
[2025-02-07T12:49:23.124+0000] {logging_mixin.py:190} INFO - [2025-02-07T12:49:23.121+0000] {dagbag.py:588} INFO - Filling up the DagBag from /opt/conda/lib/python3.12/site-packages/airflow/example_dags/example_skip_dag.py
[2025-02-07T12:49:23.203+0000] {processor.py:925} INFO - DAG(s) 'example_skip_dag' retrieved from /opt/conda/lib/python3.12/site-packages/airflow/example_dags/example_skip_dag.py
[2025-02-07T12:49:23.294+0000] {logging_mixin.py:190} INFO - [2025-02-07T12:49:23.293+0000] {dag.py:3239} INFO - Sync 1 DAGs
[2025-02-07T12:49:23.370+0000] {logging_mixin.py:190} INFO - [2025-02-07T12:49:23.370+0000] {dag.py:4180} INFO - Setting next_dagrun for example_skip_dag to 2025-02-06 00:00:00+00:00, run_after=2025-02-07 00:00:00+00:00
[2025-02-07T12:49:23.440+0000] {processor.py:208} INFO - Processing /opt/conda/lib/python3.12/site-packages/airflow/example_dags/example_skip_dag.py took 0.413 seconds
[2025-02-07T12:57:18.867+0000] {processor.py:186} INFO - Started process (PID=7147) to work on /opt/conda/lib/python3.12/site-packages/airflow/example_dags/example_skip_dag.py
[2025-02-07T12:57:18.869+0000] {processor.py:914} INFO - Processing file /opt/conda/lib/python3.12/site-packages/airflow/example_dags/example_skip_dag.py for tasks to queue
[2025-02-07T12:57:18.871+0000] {logging_mixin.py:190} INFO - [2025-02-07T12:57:18.871+0000] {dagbag.py:588} INFO - Filling up the DagBag from /opt/conda/lib/python3.12/site-packages/airflow/example_dags/example_skip_dag.py
[2025-02-07T12:57:18.880+0000] {processor.py:925} INFO - DAG(s) 'example_skip_dag' retrieved from /opt/conda/lib/python3.12/site-packages/airflow/example_dags/example_skip_dag.py
[2025-02-07T12:57:18.892+0000] {logging_mixin.py:190} INFO - [2025-02-07T12:57:18.891+0000] {dag.py:3239} INFO - Sync 1 DAGs
[2025-02-07T12:57:18.923+0000] {logging_mixin.py:190} INFO - [2025-02-07T12:57:18.923+0000] {dag.py:4180} INFO - Setting next_dagrun for example_skip_dag to 2025-02-06 00:00:00+00:00, run_after=2025-02-07 00:00:00+00:00
[2025-02-07T12:57:18.938+0000] {processor.py:208} INFO - Processing /opt/conda/lib/python3.12/site-packages/airflow/example_dags/example_skip_dag.py took 0.076 seconds
[2025-02-07T13:04:34.483+0000] {processor.py:186} INFO - Started process (PID=1141) to work on /opt/conda/lib/python3.12/site-packages/airflow/example_dags/example_skip_dag.py
[2025-02-07T13:04:34.484+0000] {processor.py:914} INFO - Processing file /opt/conda/lib/python3.12/site-packages/airflow/example_dags/example_skip_dag.py for tasks to queue
[2025-02-07T13:04:34.487+0000] {logging_mixin.py:190} INFO - [2025-02-07T13:04:34.486+0000] {dagbag.py:588} INFO - Filling up the DagBag from /opt/conda/lib/python3.12/site-packages/airflow/example_dags/example_skip_dag.py
[2025-02-07T13:04:34.495+0000] {processor.py:925} INFO - DAG(s) 'example_skip_dag' retrieved from /opt/conda/lib/python3.12/site-packages/airflow/example_dags/example_skip_dag.py
[2025-02-07T13:04:34.510+0000] {logging_mixin.py:190} INFO - [2025-02-07T13:04:34.510+0000] {dag.py:3239} INFO - Sync 1 DAGs
[2025-02-07T13:04:34.524+0000] {logging_mixin.py:190} INFO - [2025-02-07T13:04:34.524+0000] {dag.py:4180} INFO - Setting next_dagrun for example_skip_dag to 2025-02-06 00:00:00+00:00, run_after=2025-02-07 00:00:00+00:00
[2025-02-07T13:04:34.536+0000] {processor.py:208} INFO - Processing /opt/conda/lib/python3.12/site-packages/airflow/example_dags/example_skip_dag.py took 0.059 seconds
[2025-02-07T13:07:36.246+0000] {processor.py:186} INFO - Started process (PID=623) to work on /opt/conda/lib/python3.12/site-packages/airflow/example_dags/example_skip_dag.py
[2025-02-07T13:07:36.247+0000] {processor.py:914} INFO - Processing file /opt/conda/lib/python3.12/site-packages/airflow/example_dags/example_skip_dag.py for tasks to queue
[2025-02-07T13:07:36.250+0000] {logging_mixin.py:190} INFO - [2025-02-07T13:07:36.249+0000] {dagbag.py:588} INFO - Filling up the DagBag from /opt/conda/lib/python3.12/site-packages/airflow/example_dags/example_skip_dag.py
[2025-02-07T13:07:36.262+0000] {processor.py:925} INFO - DAG(s) 'example_skip_dag' retrieved from /opt/conda/lib/python3.12/site-packages/airflow/example_dags/example_skip_dag.py
[2025-02-07T13:07:36.277+0000] {logging_mixin.py:190} INFO - [2025-02-07T13:07:36.276+0000] {dag.py:3239} INFO - Sync 1 DAGs
[2025-02-07T13:07:36.290+0000] {logging_mixin.py:190} INFO - [2025-02-07T13:07:36.290+0000] {dag.py:4180} INFO - Setting next_dagrun for example_skip_dag to 2025-02-06 00:00:00+00:00, run_after=2025-02-07 00:00:00+00:00
[2025-02-07T13:07:36.304+0000] {processor.py:208} INFO - Processing /opt/conda/lib/python3.12/site-packages/airflow/example_dags/example_skip_dag.py took 0.062 seconds
[2025-02-07T13:25:45.773+0000] {processor.py:186} INFO - Started process (PID=576) to work on /opt/conda/lib/python3.12/site-packages/airflow/example_dags/example_skip_dag.py
[2025-02-07T13:25:45.774+0000] {processor.py:914} INFO - Processing file /opt/conda/lib/python3.12/site-packages/airflow/example_dags/example_skip_dag.py for tasks to queue
[2025-02-07T13:25:45.775+0000] {logging_mixin.py:190} INFO - [2025-02-07T13:25:45.775+0000] {dagbag.py:588} INFO - Filling up the DagBag from /opt/conda/lib/python3.12/site-packages/airflow/example_dags/example_skip_dag.py
[2025-02-07T13:25:45.798+0000] {processor.py:925} INFO - DAG(s) 'example_skip_dag' retrieved from /opt/conda/lib/python3.12/site-packages/airflow/example_dags/example_skip_dag.py
[2025-02-07T13:25:45.826+0000] {logging_mixin.py:190} INFO - [2025-02-07T13:25:45.826+0000] {dag.py:3239} INFO - Sync 1 DAGs
[2025-02-07T13:25:45.838+0000] {logging_mixin.py:190} INFO - [2025-02-07T13:25:45.838+0000] {dag.py:4180} INFO - Setting next_dagrun for example_skip_dag to 2025-02-06 00:00:00+00:00, run_after=2025-02-07 00:00:00+00:00
[2025-02-07T13:25:45.853+0000] {processor.py:208} INFO - Processing /opt/conda/lib/python3.12/site-packages/airflow/example_dags/example_skip_dag.py took 0.085 seconds
[2025-02-07T13:27:19.221+0000] {processor.py:186} INFO - Started process (PID=190) to work on /opt/conda/lib/python3.12/site-packages/airflow/example_dags/example_skip_dag.py
[2025-02-07T13:27:19.223+0000] {processor.py:914} INFO - Processing file /opt/conda/lib/python3.12/site-packages/airflow/example_dags/example_skip_dag.py for tasks to queue
[2025-02-07T13:27:19.242+0000] {logging_mixin.py:190} INFO - [2025-02-07T13:27:19.239+0000] {dagbag.py:588} INFO - Filling up the DagBag from /opt/conda/lib/python3.12/site-packages/airflow/example_dags/example_skip_dag.py
[2025-02-07T13:27:19.262+0000] {processor.py:925} INFO - DAG(s) 'example_skip_dag' retrieved from /opt/conda/lib/python3.12/site-packages/airflow/example_dags/example_skip_dag.py
[2025-02-07T13:27:19.330+0000] {logging_mixin.py:190} INFO - [2025-02-07T13:27:19.330+0000] {dag.py:3239} INFO - Sync 1 DAGs
[2025-02-07T13:27:19.411+0000] {logging_mixin.py:190} INFO - [2025-02-07T13:27:19.411+0000] {dag.py:4180} INFO - Setting next_dagrun for example_skip_dag to 2025-02-06 00:00:00+00:00, run_after=2025-02-07 00:00:00+00:00
[2025-02-07T13:27:19.479+0000] {processor.py:208} INFO - Processing /opt/conda/lib/python3.12/site-packages/airflow/example_dags/example_skip_dag.py took 0.273 seconds
[2025-02-07T13:28:52.040+0000] {processor.py:186} INFO - Started process (PID=343) to work on /opt/conda/lib/python3.12/site-packages/airflow/example_dags/example_skip_dag.py
[2025-02-07T13:28:52.049+0000] {processor.py:914} INFO - Processing file /opt/conda/lib/python3.12/site-packages/airflow/example_dags/example_skip_dag.py for tasks to queue
[2025-02-07T13:28:52.055+0000] {logging_mixin.py:190} INFO - [2025-02-07T13:28:52.054+0000] {dagbag.py:588} INFO - Filling up the DagBag from /opt/conda/lib/python3.12/site-packages/airflow/example_dags/example_skip_dag.py
[2025-02-07T13:28:52.086+0000] {processor.py:925} INFO - DAG(s) 'example_skip_dag' retrieved from /opt/conda/lib/python3.12/site-packages/airflow/example_dags/example_skip_dag.py
[2025-02-07T13:28:52.121+0000] {logging_mixin.py:190} INFO - [2025-02-07T13:28:52.121+0000] {dag.py:3239} INFO - Sync 1 DAGs
[2025-02-07T13:28:52.177+0000] {logging_mixin.py:190} INFO - [2025-02-07T13:28:52.177+0000] {dag.py:4180} INFO - Setting next_dagrun for example_skip_dag to 2025-02-06 00:00:00+00:00, run_after=2025-02-07 00:00:00+00:00
[2025-02-07T13:28:52.210+0000] {processor.py:208} INFO - Processing /opt/conda/lib/python3.12/site-packages/airflow/example_dags/example_skip_dag.py took 0.798 seconds
[2025-02-07T13:30:06.840+0000] {processor.py:186} INFO - Started process (PID=428) to work on /opt/conda/lib/python3.12/site-packages/airflow/example_dags/example_skip_dag.py
[2025-02-07T13:30:06.842+0000] {processor.py:914} INFO - Processing file /opt/conda/lib/python3.12/site-packages/airflow/example_dags/example_skip_dag.py for tasks to queue
[2025-02-07T13:30:06.844+0000] {logging_mixin.py:190} INFO - [2025-02-07T13:30:06.844+0000] {dagbag.py:588} INFO - Filling up the DagBag from /opt/conda/lib/python3.12/site-packages/airflow/example_dags/example_skip_dag.py
[2025-02-07T13:30:06.851+0000] {processor.py:925} INFO - DAG(s) 'example_skip_dag' retrieved from /opt/conda/lib/python3.12/site-packages/airflow/example_dags/example_skip_dag.py
[2025-02-07T13:30:06.866+0000] {logging_mixin.py:190} INFO - [2025-02-07T13:30:06.865+0000] {dag.py:3239} INFO - Sync 1 DAGs
[2025-02-07T13:30:06.880+0000] {logging_mixin.py:190} INFO - [2025-02-07T13:30:06.880+0000] {dag.py:4180} INFO - Setting next_dagrun for example_skip_dag to 2025-02-06 00:00:00+00:00, run_after=2025-02-07 00:00:00+00:00
[2025-02-07T13:30:06.894+0000] {processor.py:208} INFO - Processing /opt/conda/lib/python3.12/site-packages/airflow/example_dags/example_skip_dag.py took 0.064 seconds
[2025-02-07T13:33:14.085+0000] {processor.py:186} INFO - Started process (PID=308) to work on /opt/conda/lib/python3.12/site-packages/airflow/example_dags/example_skip_dag.py
[2025-02-07T13:33:14.086+0000] {processor.py:914} INFO - Processing file /opt/conda/lib/python3.12/site-packages/airflow/example_dags/example_skip_dag.py for tasks to queue
[2025-02-07T13:33:14.088+0000] {logging_mixin.py:190} INFO - [2025-02-07T13:33:14.087+0000] {dagbag.py:588} INFO - Filling up the DagBag from /opt/conda/lib/python3.12/site-packages/airflow/example_dags/example_skip_dag.py
[2025-02-07T13:33:14.092+0000] {processor.py:925} INFO - DAG(s) 'example_skip_dag' retrieved from /opt/conda/lib/python3.12/site-packages/airflow/example_dags/example_skip_dag.py
[2025-02-07T13:33:14.105+0000] {logging_mixin.py:190} INFO - [2025-02-07T13:33:14.105+0000] {dag.py:3239} INFO - Sync 1 DAGs
[2025-02-07T13:33:14.118+0000] {logging_mixin.py:190} INFO - [2025-02-07T13:33:14.118+0000] {dag.py:4180} INFO - Setting next_dagrun for example_skip_dag to 2025-02-06 00:00:00+00:00, run_after=2025-02-07 00:00:00+00:00
[2025-02-07T13:33:14.130+0000] {processor.py:208} INFO - Processing /opt/conda/lib/python3.12/site-packages/airflow/example_dags/example_skip_dag.py took 0.052 seconds
[2025-02-07T13:35:06.128+0000] {processor.py:186} INFO - Started process (PID=198) to work on /opt/conda/lib/python3.12/site-packages/airflow/example_dags/example_skip_dag.py
[2025-02-07T13:35:06.130+0000] {processor.py:914} INFO - Processing file /opt/conda/lib/python3.12/site-packages/airflow/example_dags/example_skip_dag.py for tasks to queue
[2025-02-07T13:35:06.134+0000] {logging_mixin.py:190} INFO - [2025-02-07T13:35:06.133+0000] {dagbag.py:588} INFO - Filling up the DagBag from /opt/conda/lib/python3.12/site-packages/airflow/example_dags/example_skip_dag.py
[2025-02-07T13:35:06.146+0000] {processor.py:925} INFO - DAG(s) 'example_skip_dag' retrieved from /opt/conda/lib/python3.12/site-packages/airflow/example_dags/example_skip_dag.py
[2025-02-07T13:35:06.198+0000] {logging_mixin.py:190} INFO - [2025-02-07T13:35:06.197+0000] {dag.py:3239} INFO - Sync 1 DAGs
[2025-02-07T13:35:06.254+0000] {logging_mixin.py:190} INFO - [2025-02-07T13:35:06.252+0000] {dag.py:4180} INFO - Setting next_dagrun for example_skip_dag to 2025-02-06 00:00:00+00:00, run_after=2025-02-07 00:00:00+00:00
[2025-02-07T13:35:06.274+0000] {processor.py:208} INFO - Processing /opt/conda/lib/python3.12/site-packages/airflow/example_dags/example_skip_dag.py took 0.179 seconds
[2025-02-07T13:38:14.092+0000] {processor.py:186} INFO - Started process (PID=313) to work on /opt/conda/lib/python3.12/site-packages/airflow/example_dags/example_skip_dag.py
[2025-02-07T13:38:14.098+0000] {processor.py:914} INFO - Processing file /opt/conda/lib/python3.12/site-packages/airflow/example_dags/example_skip_dag.py for tasks to queue
[2025-02-07T13:38:14.104+0000] {logging_mixin.py:190} INFO - [2025-02-07T13:38:14.104+0000] {dagbag.py:588} INFO - Filling up the DagBag from /opt/conda/lib/python3.12/site-packages/airflow/example_dags/example_skip_dag.py
[2025-02-07T13:38:14.123+0000] {processor.py:925} INFO - DAG(s) 'example_skip_dag' retrieved from /opt/conda/lib/python3.12/site-packages/airflow/example_dags/example_skip_dag.py
[2025-02-07T13:38:14.198+0000] {logging_mixin.py:190} INFO - [2025-02-07T13:38:14.197+0000] {dag.py:3239} INFO - Sync 1 DAGs
[2025-02-07T13:38:14.221+0000] {logging_mixin.py:190} INFO - [2025-02-07T13:38:14.221+0000] {dag.py:4180} INFO - Setting next_dagrun for example_skip_dag to 2025-02-06 00:00:00+00:00, run_after=2025-02-07 00:00:00+00:00
[2025-02-07T13:38:14.268+0000] {processor.py:208} INFO - Processing /opt/conda/lib/python3.12/site-packages/airflow/example_dags/example_skip_dag.py took 0.187 seconds
[2025-02-07T13:39:34.392+0000] {processor.py:186} INFO - Started process (PID=491) to work on /opt/conda/lib/python3.12/site-packages/airflow/example_dags/example_skip_dag.py
[2025-02-07T13:39:34.393+0000] {processor.py:914} INFO - Processing file /opt/conda/lib/python3.12/site-packages/airflow/example_dags/example_skip_dag.py for tasks to queue
[2025-02-07T13:39:34.395+0000] {logging_mixin.py:190} INFO - [2025-02-07T13:39:34.395+0000] {dagbag.py:588} INFO - Filling up the DagBag from /opt/conda/lib/python3.12/site-packages/airflow/example_dags/example_skip_dag.py
[2025-02-07T13:39:34.402+0000] {processor.py:925} INFO - DAG(s) 'example_skip_dag' retrieved from /opt/conda/lib/python3.12/site-packages/airflow/example_dags/example_skip_dag.py
[2025-02-07T13:39:34.416+0000] {logging_mixin.py:190} INFO - [2025-02-07T13:39:34.416+0000] {dag.py:3239} INFO - Sync 1 DAGs
[2025-02-07T13:39:34.430+0000] {logging_mixin.py:190} INFO - [2025-02-07T13:39:34.430+0000] {dag.py:4180} INFO - Setting next_dagrun for example_skip_dag to 2025-02-06 00:00:00+00:00, run_after=2025-02-07 00:00:00+00:00
[2025-02-07T13:39:34.444+0000] {processor.py:208} INFO - Processing /opt/conda/lib/python3.12/site-packages/airflow/example_dags/example_skip_dag.py took 0.060 seconds
[2025-02-07T13:40:31.684+0000] {processor.py:186} INFO - Started process (PID=559) to work on /opt/conda/lib/python3.12/site-packages/airflow/example_dags/example_skip_dag.py
[2025-02-07T13:40:31.685+0000] {processor.py:914} INFO - Processing file /opt/conda/lib/python3.12/site-packages/airflow/example_dags/example_skip_dag.py for tasks to queue
[2025-02-07T13:40:31.687+0000] {logging_mixin.py:190} INFO - [2025-02-07T13:40:31.687+0000] {dagbag.py:588} INFO - Filling up the DagBag from /opt/conda/lib/python3.12/site-packages/airflow/example_dags/example_skip_dag.py
[2025-02-07T13:40:31.695+0000] {processor.py:925} INFO - DAG(s) 'example_skip_dag' retrieved from /opt/conda/lib/python3.12/site-packages/airflow/example_dags/example_skip_dag.py
[2025-02-07T13:40:31.709+0000] {logging_mixin.py:190} INFO - [2025-02-07T13:40:31.709+0000] {dag.py:3239} INFO - Sync 1 DAGs
[2025-02-07T13:40:31.722+0000] {logging_mixin.py:190} INFO - [2025-02-07T13:40:31.722+0000] {dag.py:4180} INFO - Setting next_dagrun for example_skip_dag to 2025-02-06 00:00:00+00:00, run_after=2025-02-07 00:00:00+00:00
[2025-02-07T13:40:31.736+0000] {processor.py:208} INFO - Processing /opt/conda/lib/python3.12/site-packages/airflow/example_dags/example_skip_dag.py took 0.058 seconds
[2025-02-07T13:41:30.154+0000] {processor.py:186} INFO - Started process (PID=626) to work on /opt/conda/lib/python3.12/site-packages/airflow/example_dags/example_skip_dag.py
[2025-02-07T13:41:30.155+0000] {processor.py:914} INFO - Processing file /opt/conda/lib/python3.12/site-packages/airflow/example_dags/example_skip_dag.py for tasks to queue
[2025-02-07T13:41:30.156+0000] {logging_mixin.py:190} INFO - [2025-02-07T13:41:30.156+0000] {dagbag.py:588} INFO - Filling up the DagBag from /opt/conda/lib/python3.12/site-packages/airflow/example_dags/example_skip_dag.py
[2025-02-07T13:41:30.162+0000] {processor.py:925} INFO - DAG(s) 'example_skip_dag' retrieved from /opt/conda/lib/python3.12/site-packages/airflow/example_dags/example_skip_dag.py
[2025-02-07T13:41:30.174+0000] {logging_mixin.py:190} INFO - [2025-02-07T13:41:30.174+0000] {dag.py:3239} INFO - Sync 1 DAGs
[2025-02-07T13:41:30.187+0000] {logging_mixin.py:190} INFO - [2025-02-07T13:41:30.187+0000] {dag.py:4180} INFO - Setting next_dagrun for example_skip_dag to 2025-02-06 00:00:00+00:00, run_after=2025-02-07 00:00:00+00:00
[2025-02-07T13:41:30.199+0000] {processor.py:208} INFO - Processing /opt/conda/lib/python3.12/site-packages/airflow/example_dags/example_skip_dag.py took 0.054 seconds
[2025-02-07T13:42:38.288+0000] {processor.py:186} INFO - Started process (PID=794) to work on /opt/conda/lib/python3.12/site-packages/airflow/example_dags/example_skip_dag.py
[2025-02-07T13:42:38.289+0000] {processor.py:914} INFO - Processing file /opt/conda/lib/python3.12/site-packages/airflow/example_dags/example_skip_dag.py for tasks to queue
[2025-02-07T13:42:38.291+0000] {logging_mixin.py:190} INFO - [2025-02-07T13:42:38.290+0000] {dagbag.py:588} INFO - Filling up the DagBag from /opt/conda/lib/python3.12/site-packages/airflow/example_dags/example_skip_dag.py
[2025-02-07T13:42:38.298+0000] {processor.py:925} INFO - DAG(s) 'example_skip_dag' retrieved from /opt/conda/lib/python3.12/site-packages/airflow/example_dags/example_skip_dag.py
[2025-02-07T13:42:38.312+0000] {logging_mixin.py:190} INFO - [2025-02-07T13:42:38.312+0000] {dag.py:3239} INFO - Sync 1 DAGs
[2025-02-07T13:42:38.325+0000] {logging_mixin.py:190} INFO - [2025-02-07T13:42:38.325+0000] {dag.py:4180} INFO - Setting next_dagrun for example_skip_dag to 2025-02-06 00:00:00+00:00, run_after=2025-02-07 00:00:00+00:00
[2025-02-07T13:42:38.340+0000] {processor.py:208} INFO - Processing /opt/conda/lib/python3.12/site-packages/airflow/example_dags/example_skip_dag.py took 0.057 seconds
[2025-02-07T13:43:40.480+0000] {processor.py:186} INFO - Started process (PID=867) to work on /opt/conda/lib/python3.12/site-packages/airflow/example_dags/example_skip_dag.py
[2025-02-07T13:43:40.480+0000] {processor.py:914} INFO - Processing file /opt/conda/lib/python3.12/site-packages/airflow/example_dags/example_skip_dag.py for tasks to queue
[2025-02-07T13:43:40.483+0000] {logging_mixin.py:190} INFO - [2025-02-07T13:43:40.483+0000] {dagbag.py:588} INFO - Filling up the DagBag from /opt/conda/lib/python3.12/site-packages/airflow/example_dags/example_skip_dag.py
[2025-02-07T13:43:40.489+0000] {processor.py:925} INFO - DAG(s) 'example_skip_dag' retrieved from /opt/conda/lib/python3.12/site-packages/airflow/example_dags/example_skip_dag.py
[2025-02-07T13:43:40.502+0000] {logging_mixin.py:190} INFO - [2025-02-07T13:43:40.502+0000] {dag.py:3239} INFO - Sync 1 DAGs
[2025-02-07T13:43:40.517+0000] {logging_mixin.py:190} INFO - [2025-02-07T13:43:40.516+0000] {dag.py:4180} INFO - Setting next_dagrun for example_skip_dag to 2025-02-06 00:00:00+00:00, run_after=2025-02-07 00:00:00+00:00
[2025-02-07T13:43:40.531+0000] {processor.py:208} INFO - Processing /opt/conda/lib/python3.12/site-packages/airflow/example_dags/example_skip_dag.py took 0.056 seconds
[2025-02-07T13:45:34.990+0000] {processor.py:186} INFO - Started process (PID=1169) to work on /opt/conda/lib/python3.12/site-packages/airflow/example_dags/example_skip_dag.py
[2025-02-07T13:45:34.992+0000] {processor.py:914} INFO - Processing file /opt/conda/lib/python3.12/site-packages/airflow/example_dags/example_skip_dag.py for tasks to queue
[2025-02-07T13:45:34.995+0000] {logging_mixin.py:190} INFO - [2025-02-07T13:45:34.994+0000] {dagbag.py:588} INFO - Filling up the DagBag from /opt/conda/lib/python3.12/site-packages/airflow/example_dags/example_skip_dag.py
[2025-02-07T13:45:35.001+0000] {processor.py:925} INFO - DAG(s) 'example_skip_dag' retrieved from /opt/conda/lib/python3.12/site-packages/airflow/example_dags/example_skip_dag.py
[2025-02-07T13:45:35.020+0000] {logging_mixin.py:190} INFO - [2025-02-07T13:45:35.019+0000] {dag.py:3239} INFO - Sync 1 DAGs
[2025-02-07T13:45:35.041+0000] {logging_mixin.py:190} INFO - [2025-02-07T13:45:35.041+0000] {dag.py:4180} INFO - Setting next_dagrun for example_skip_dag to 2025-02-06 00:00:00+00:00, run_after=2025-02-07 00:00:00+00:00
[2025-02-07T13:45:35.065+0000] {processor.py:208} INFO - Processing /opt/conda/lib/python3.12/site-packages/airflow/example_dags/example_skip_dag.py took 0.083 seconds
[2025-02-07T14:04:55.804+0000] {processor.py:186} INFO - Started process (PID=1631) to work on /opt/conda/lib/python3.12/site-packages/airflow/example_dags/example_skip_dag.py
[2025-02-07T14:04:55.805+0000] {processor.py:914} INFO - Processing file /opt/conda/lib/python3.12/site-packages/airflow/example_dags/example_skip_dag.py for tasks to queue
[2025-02-07T14:04:55.807+0000] {logging_mixin.py:190} INFO - [2025-02-07T14:04:55.806+0000] {dagbag.py:588} INFO - Filling up the DagBag from /opt/conda/lib/python3.12/site-packages/airflow/example_dags/example_skip_dag.py
[2025-02-07T14:04:55.826+0000] {processor.py:925} INFO - DAG(s) 'example_skip_dag' retrieved from /opt/conda/lib/python3.12/site-packages/airflow/example_dags/example_skip_dag.py
[2025-02-07T14:04:55.841+0000] {logging_mixin.py:190} INFO - [2025-02-07T14:04:55.841+0000] {dag.py:3239} INFO - Sync 1 DAGs
[2025-02-07T14:04:55.855+0000] {logging_mixin.py:190} INFO - [2025-02-07T14:04:55.855+0000] {dag.py:4180} INFO - Setting next_dagrun for example_skip_dag to 2025-02-06 00:00:00+00:00, run_after=2025-02-07 00:00:00+00:00
[2025-02-07T14:04:55.870+0000] {processor.py:208} INFO - Processing /opt/conda/lib/python3.12/site-packages/airflow/example_dags/example_skip_dag.py took 0.071 seconds
[2025-02-07T14:06:11.581+0000] {processor.py:186} INFO - Started process (PID=1817) to work on /opt/conda/lib/python3.12/site-packages/airflow/example_dags/example_skip_dag.py
[2025-02-07T14:06:11.582+0000] {processor.py:914} INFO - Processing file /opt/conda/lib/python3.12/site-packages/airflow/example_dags/example_skip_dag.py for tasks to queue
[2025-02-07T14:06:11.584+0000] {logging_mixin.py:190} INFO - [2025-02-07T14:06:11.583+0000] {dagbag.py:588} INFO - Filling up the DagBag from /opt/conda/lib/python3.12/site-packages/airflow/example_dags/example_skip_dag.py
[2025-02-07T14:06:11.591+0000] {processor.py:925} INFO - DAG(s) 'example_skip_dag' retrieved from /opt/conda/lib/python3.12/site-packages/airflow/example_dags/example_skip_dag.py
[2025-02-07T14:06:11.603+0000] {logging_mixin.py:190} INFO - [2025-02-07T14:06:11.603+0000] {dag.py:3239} INFO - Sync 1 DAGs
[2025-02-07T14:06:11.625+0000] {logging_mixin.py:190} INFO - [2025-02-07T14:06:11.625+0000] {dag.py:4180} INFO - Setting next_dagrun for example_skip_dag to 2025-02-06 00:00:00+00:00, run_after=2025-02-07 00:00:00+00:00
[2025-02-07T14:06:11.643+0000] {processor.py:208} INFO - Processing /opt/conda/lib/python3.12/site-packages/airflow/example_dags/example_skip_dag.py took 0.073 seconds
[2025-02-07T14:07:33.234+0000] {processor.py:186} INFO - Started process (PID=2005) to work on /opt/conda/lib/python3.12/site-packages/airflow/example_dags/example_skip_dag.py
[2025-02-07T14:07:33.235+0000] {processor.py:914} INFO - Processing file /opt/conda/lib/python3.12/site-packages/airflow/example_dags/example_skip_dag.py for tasks to queue
[2025-02-07T14:07:33.236+0000] {logging_mixin.py:190} INFO - [2025-02-07T14:07:33.235+0000] {dagbag.py:588} INFO - Filling up the DagBag from /opt/conda/lib/python3.12/site-packages/airflow/example_dags/example_skip_dag.py
[2025-02-07T14:07:33.242+0000] {processor.py:925} INFO - DAG(s) 'example_skip_dag' retrieved from /opt/conda/lib/python3.12/site-packages/airflow/example_dags/example_skip_dag.py
[2025-02-07T14:07:33.256+0000] {logging_mixin.py:190} INFO - [2025-02-07T14:07:33.256+0000] {dag.py:3239} INFO - Sync 1 DAGs
[2025-02-07T14:07:33.269+0000] {logging_mixin.py:190} INFO - [2025-02-07T14:07:33.268+0000] {dag.py:4180} INFO - Setting next_dagrun for example_skip_dag to 2025-02-06 00:00:00+00:00, run_after=2025-02-07 00:00:00+00:00
[2025-02-07T14:07:33.299+0000] {processor.py:208} INFO - Processing /opt/conda/lib/python3.12/site-packages/airflow/example_dags/example_skip_dag.py took 0.075 seconds
