[2025-02-07T12:07:49.395+0000] {processor.py:186} INFO - Started process (PID=1502) to work on /opt/conda/lib/python3.12/site-packages/airflow/example_dags/example_setup_teardown_taskflow.py
[2025-02-07T12:07:49.399+0000] {processor.py:914} INFO - Processing file /opt/conda/lib/python3.12/site-packages/airflow/example_dags/example_setup_teardown_taskflow.py for tasks to queue
[2025-02-07T12:07:49.410+0000] {logging_mixin.py:190} INFO - [2025-02-07T12:07:49.410+0000] {dagbag.py:588} INFO - Filling up the DagBag from /opt/conda/lib/python3.12/site-packages/airflow/example_dags/example_setup_teardown_taskflow.py
[2025-02-07T12:07:49.427+0000] {processor.py:925} INFO - DAG(s) 'example_setup_teardown_taskflow' retrieved from /opt/conda/lib/python3.12/site-packages/airflow/example_dags/example_setup_teardown_taskflow.py
[2025-02-07T12:07:49.447+0000] {logging_mixin.py:190} INFO - [2025-02-07T12:07:49.446+0000] {dag.py:3239} INFO - Sync 1 DAGs
[2025-02-07T12:07:49.458+0000] {logging_mixin.py:190} INFO - [2025-02-07T12:07:49.458+0000] {dag.py:4180} INFO - Setting next_dagrun for example_setup_teardown_taskflow to None, run_after=None
[2025-02-07T12:07:49.479+0000] {processor.py:208} INFO - Processing /opt/conda/lib/python3.12/site-packages/airflow/example_dags/example_setup_teardown_taskflow.py took 0.111 seconds
[2025-02-07T12:19:35.371+0000] {processor.py:186} INFO - Started process (PID=5156) to work on /opt/conda/lib/python3.12/site-packages/airflow/example_dags/example_setup_teardown_taskflow.py
[2025-02-07T12:19:35.372+0000] {processor.py:914} INFO - Processing file /opt/conda/lib/python3.12/site-packages/airflow/example_dags/example_setup_teardown_taskflow.py for tasks to queue
[2025-02-07T12:19:35.375+0000] {logging_mixin.py:190} INFO - [2025-02-07T12:19:35.375+0000] {dagbag.py:588} INFO - Filling up the DagBag from /opt/conda/lib/python3.12/site-packages/airflow/example_dags/example_setup_teardown_taskflow.py
[2025-02-07T12:19:35.385+0000] {processor.py:925} INFO - DAG(s) 'example_setup_teardown_taskflow' retrieved from /opt/conda/lib/python3.12/site-packages/airflow/example_dags/example_setup_teardown_taskflow.py
[2025-02-07T12:19:35.403+0000] {logging_mixin.py:190} INFO - [2025-02-07T12:19:35.403+0000] {dag.py:3239} INFO - Sync 1 DAGs
[2025-02-07T12:19:35.413+0000] {logging_mixin.py:190} INFO - [2025-02-07T12:19:35.413+0000] {dag.py:4180} INFO - Setting next_dagrun for example_setup_teardown_taskflow to None, run_after=None
[2025-02-07T12:19:35.431+0000] {processor.py:208} INFO - Processing /opt/conda/lib/python3.12/site-packages/airflow/example_dags/example_setup_teardown_taskflow.py took 0.066 seconds
[2025-02-07T12:31:37.924+0000] {processor.py:186} INFO - Started process (PID=1794) to work on /opt/conda/lib/python3.12/site-packages/airflow/example_dags/example_setup_teardown_taskflow.py
[2025-02-07T12:31:37.925+0000] {processor.py:914} INFO - Processing file /opt/conda/lib/python3.12/site-packages/airflow/example_dags/example_setup_teardown_taskflow.py for tasks to queue
[2025-02-07T12:31:37.927+0000] {logging_mixin.py:190} INFO - [2025-02-07T12:31:37.926+0000] {dagbag.py:588} INFO - Filling up the DagBag from /opt/conda/lib/python3.12/site-packages/airflow/example_dags/example_setup_teardown_taskflow.py
[2025-02-07T12:31:37.938+0000] {processor.py:925} INFO - DAG(s) 'example_setup_teardown_taskflow' retrieved from /opt/conda/lib/python3.12/site-packages/airflow/example_dags/example_setup_teardown_taskflow.py
[2025-02-07T12:31:37.957+0000] {logging_mixin.py:190} INFO - [2025-02-07T12:31:37.957+0000] {dag.py:3239} INFO - Sync 1 DAGs
[2025-02-07T12:31:37.966+0000] {logging_mixin.py:190} INFO - [2025-02-07T12:31:37.966+0000] {dag.py:4180} INFO - Setting next_dagrun for example_setup_teardown_taskflow to None, run_after=None
[2025-02-07T12:31:37.988+0000] {processor.py:208} INFO - Processing /opt/conda/lib/python3.12/site-packages/airflow/example_dags/example_setup_teardown_taskflow.py took 0.069 seconds
[2025-02-07T12:32:40.324+0000] {processor.py:186} INFO - Started process (PID=115) to work on /opt/conda/lib/python3.12/site-packages/airflow/example_dags/example_setup_teardown_taskflow.py
[2025-02-07T12:32:40.326+0000] {processor.py:914} INFO - Processing file /opt/conda/lib/python3.12/site-packages/airflow/example_dags/example_setup_teardown_taskflow.py for tasks to queue
[2025-02-07T12:32:40.337+0000] {logging_mixin.py:190} INFO - [2025-02-07T12:32:40.335+0000] {dagbag.py:588} INFO - Filling up the DagBag from /opt/conda/lib/python3.12/site-packages/airflow/example_dags/example_setup_teardown_taskflow.py
[2025-02-07T12:32:40.632+0000] {processor.py:925} INFO - DAG(s) 'example_setup_teardown_taskflow' retrieved from /opt/conda/lib/python3.12/site-packages/airflow/example_dags/example_setup_teardown_taskflow.py
[2025-02-07T12:32:40.747+0000] {logging_mixin.py:190} INFO - [2025-02-07T12:32:40.745+0000] {dag.py:3239} INFO - Sync 1 DAGs
[2025-02-07T12:32:40.799+0000] {logging_mixin.py:190} INFO - [2025-02-07T12:32:40.798+0000] {dag.py:4180} INFO - Setting next_dagrun for example_setup_teardown_taskflow to None, run_after=None
[2025-02-07T12:32:40.894+0000] {processor.py:208} INFO - Processing /opt/conda/lib/python3.12/site-packages/airflow/example_dags/example_setup_teardown_taskflow.py took 0.577 seconds
[2025-02-07T12:36:30.223+0000] {processor.py:186} INFO - Started process (PID=93) to work on /opt/conda/lib/python3.12/site-packages/airflow/example_dags/example_setup_teardown_taskflow.py
[2025-02-07T12:36:30.231+0000] {processor.py:914} INFO - Processing file /opt/conda/lib/python3.12/site-packages/airflow/example_dags/example_setup_teardown_taskflow.py for tasks to queue
[2025-02-07T12:36:30.238+0000] {logging_mixin.py:190} INFO - [2025-02-07T12:36:30.236+0000] {dagbag.py:588} INFO - Filling up the DagBag from /opt/conda/lib/python3.12/site-packages/airflow/example_dags/example_setup_teardown_taskflow.py
[2025-02-07T12:36:30.293+0000] {processor.py:925} INFO - DAG(s) 'example_setup_teardown_taskflow' retrieved from /opt/conda/lib/python3.12/site-packages/airflow/example_dags/example_setup_teardown_taskflow.py
[2025-02-07T12:36:30.361+0000] {logging_mixin.py:190} INFO - [2025-02-07T12:36:30.360+0000] {dag.py:3239} INFO - Sync 1 DAGs
[2025-02-07T12:36:30.402+0000] {logging_mixin.py:190} INFO - [2025-02-07T12:36:30.402+0000] {dag.py:4180} INFO - Setting next_dagrun for example_setup_teardown_taskflow to None, run_after=None
[2025-02-07T12:36:30.473+0000] {processor.py:208} INFO - Processing /opt/conda/lib/python3.12/site-packages/airflow/example_dags/example_setup_teardown_taskflow.py took 0.284 seconds
[2025-02-07T12:37:39.003+0000] {processor.py:186} INFO - Started process (PID=161) to work on /opt/conda/lib/python3.12/site-packages/airflow/example_dags/example_setup_teardown_taskflow.py
[2025-02-07T12:37:39.008+0000] {processor.py:914} INFO - Processing file /opt/conda/lib/python3.12/site-packages/airflow/example_dags/example_setup_teardown_taskflow.py for tasks to queue
[2025-02-07T12:37:39.013+0000] {logging_mixin.py:190} INFO - [2025-02-07T12:37:39.012+0000] {dagbag.py:588} INFO - Filling up the DagBag from /opt/conda/lib/python3.12/site-packages/airflow/example_dags/example_setup_teardown_taskflow.py
[2025-02-07T12:37:39.077+0000] {processor.py:925} INFO - DAG(s) 'example_setup_teardown_taskflow' retrieved from /opt/conda/lib/python3.12/site-packages/airflow/example_dags/example_setup_teardown_taskflow.py
[2025-02-07T12:37:39.155+0000] {logging_mixin.py:190} INFO - [2025-02-07T12:37:39.154+0000] {dag.py:3239} INFO - Sync 1 DAGs
[2025-02-07T12:37:39.214+0000] {logging_mixin.py:190} INFO - [2025-02-07T12:37:39.214+0000] {dag.py:4180} INFO - Setting next_dagrun for example_setup_teardown_taskflow to None, run_after=None
[2025-02-07T12:37:39.258+0000] {processor.py:208} INFO - Processing /opt/conda/lib/python3.12/site-packages/airflow/example_dags/example_setup_teardown_taskflow.py took 0.264 seconds
[2025-02-07T12:38:42.311+0000] {processor.py:186} INFO - Started process (PID=231) to work on /opt/conda/lib/python3.12/site-packages/airflow/example_dags/example_setup_teardown_taskflow.py
[2025-02-07T12:38:42.312+0000] {processor.py:914} INFO - Processing file /opt/conda/lib/python3.12/site-packages/airflow/example_dags/example_setup_teardown_taskflow.py for tasks to queue
[2025-02-07T12:38:42.314+0000] {logging_mixin.py:190} INFO - [2025-02-07T12:38:42.314+0000] {dagbag.py:588} INFO - Filling up the DagBag from /opt/conda/lib/python3.12/site-packages/airflow/example_dags/example_setup_teardown_taskflow.py
[2025-02-07T12:38:42.323+0000] {processor.py:925} INFO - DAG(s) 'example_setup_teardown_taskflow' retrieved from /opt/conda/lib/python3.12/site-packages/airflow/example_dags/example_setup_teardown_taskflow.py
[2025-02-07T12:38:42.337+0000] {logging_mixin.py:190} INFO - [2025-02-07T12:38:42.337+0000] {dag.py:3239} INFO - Sync 1 DAGs
[2025-02-07T12:38:42.348+0000] {logging_mixin.py:190} INFO - [2025-02-07T12:38:42.347+0000] {dag.py:4180} INFO - Setting next_dagrun for example_setup_teardown_taskflow to None, run_after=None
[2025-02-07T12:38:42.362+0000] {processor.py:208} INFO - Processing /opt/conda/lib/python3.12/site-packages/airflow/example_dags/example_setup_teardown_taskflow.py took 0.056 seconds
[2025-02-07T12:39:37.852+0000] {processor.py:186} INFO - Started process (PID=299) to work on /opt/conda/lib/python3.12/site-packages/airflow/example_dags/example_setup_teardown_taskflow.py
[2025-02-07T12:39:37.856+0000] {processor.py:914} INFO - Processing file /opt/conda/lib/python3.12/site-packages/airflow/example_dags/example_setup_teardown_taskflow.py for tasks to queue
[2025-02-07T12:39:37.861+0000] {logging_mixin.py:190} INFO - [2025-02-07T12:39:37.861+0000] {dagbag.py:588} INFO - Filling up the DagBag from /opt/conda/lib/python3.12/site-packages/airflow/example_dags/example_setup_teardown_taskflow.py
[2025-02-07T12:39:37.870+0000] {processor.py:925} INFO - DAG(s) 'example_setup_teardown_taskflow' retrieved from /opt/conda/lib/python3.12/site-packages/airflow/example_dags/example_setup_teardown_taskflow.py
[2025-02-07T12:39:37.886+0000] {logging_mixin.py:190} INFO - [2025-02-07T12:39:37.886+0000] {dag.py:3239} INFO - Sync 1 DAGs
[2025-02-07T12:39:37.895+0000] {logging_mixin.py:190} INFO - [2025-02-07T12:39:37.895+0000] {dag.py:4180} INFO - Setting next_dagrun for example_setup_teardown_taskflow to None, run_after=None
[2025-02-07T12:39:37.912+0000] {processor.py:208} INFO - Processing /opt/conda/lib/python3.12/site-packages/airflow/example_dags/example_setup_teardown_taskflow.py took 0.065 seconds
[2025-02-07T12:40:35.324+0000] {processor.py:186} INFO - Started process (PID=356) to work on /opt/conda/lib/python3.12/site-packages/airflow/example_dags/example_setup_teardown_taskflow.py
[2025-02-07T12:40:35.325+0000] {processor.py:914} INFO - Processing file /opt/conda/lib/python3.12/site-packages/airflow/example_dags/example_setup_teardown_taskflow.py for tasks to queue
[2025-02-07T12:40:35.328+0000] {logging_mixin.py:190} INFO - [2025-02-07T12:40:35.327+0000] {dagbag.py:588} INFO - Filling up the DagBag from /opt/conda/lib/python3.12/site-packages/airflow/example_dags/example_setup_teardown_taskflow.py
[2025-02-07T12:40:35.342+0000] {processor.py:925} INFO - DAG(s) 'example_setup_teardown_taskflow' retrieved from /opt/conda/lib/python3.12/site-packages/airflow/example_dags/example_setup_teardown_taskflow.py
[2025-02-07T12:40:35.357+0000] {logging_mixin.py:190} INFO - [2025-02-07T12:40:35.357+0000] {dag.py:3239} INFO - Sync 1 DAGs
[2025-02-07T12:40:35.365+0000] {logging_mixin.py:190} INFO - [2025-02-07T12:40:35.365+0000] {dag.py:4180} INFO - Setting next_dagrun for example_setup_teardown_taskflow to None, run_after=None
[2025-02-07T12:40:35.379+0000] {processor.py:208} INFO - Processing /opt/conda/lib/python3.12/site-packages/airflow/example_dags/example_setup_teardown_taskflow.py took 0.061 seconds
[2025-02-07T12:43:16.136+0000] {processor.py:186} INFO - Started process (PID=1216) to work on /opt/conda/lib/python3.12/site-packages/airflow/example_dags/example_setup_teardown_taskflow.py
[2025-02-07T12:43:16.138+0000] {processor.py:914} INFO - Processing file /opt/conda/lib/python3.12/site-packages/airflow/example_dags/example_setup_teardown_taskflow.py for tasks to queue
[2025-02-07T12:43:16.141+0000] {logging_mixin.py:190} INFO - [2025-02-07T12:43:16.141+0000] {dagbag.py:588} INFO - Filling up the DagBag from /opt/conda/lib/python3.12/site-packages/airflow/example_dags/example_setup_teardown_taskflow.py
[2025-02-07T12:43:16.154+0000] {processor.py:925} INFO - DAG(s) 'example_setup_teardown_taskflow' retrieved from /opt/conda/lib/python3.12/site-packages/airflow/example_dags/example_setup_teardown_taskflow.py
[2025-02-07T12:43:16.171+0000] {logging_mixin.py:190} INFO - [2025-02-07T12:43:16.171+0000] {dag.py:3239} INFO - Sync 1 DAGs
[2025-02-07T12:43:16.181+0000] {logging_mixin.py:190} INFO - [2025-02-07T12:43:16.181+0000] {dag.py:4180} INFO - Setting next_dagrun for example_setup_teardown_taskflow to None, run_after=None
[2025-02-07T12:43:16.195+0000] {processor.py:208} INFO - Processing /opt/conda/lib/python3.12/site-packages/airflow/example_dags/example_setup_teardown_taskflow.py took 0.072 seconds
[2025-02-07T12:48:35.411+0000] {processor.py:186} INFO - Started process (PID=3349) to work on /opt/conda/lib/python3.12/site-packages/airflow/example_dags/example_setup_teardown_taskflow.py
[2025-02-07T12:48:35.416+0000] {processor.py:914} INFO - Processing file /opt/conda/lib/python3.12/site-packages/airflow/example_dags/example_setup_teardown_taskflow.py for tasks to queue
[2025-02-07T12:48:35.425+0000] {logging_mixin.py:190} INFO - [2025-02-07T12:48:35.424+0000] {dagbag.py:588} INFO - Filling up the DagBag from /opt/conda/lib/python3.12/site-packages/airflow/example_dags/example_setup_teardown_taskflow.py
[2025-02-07T12:48:35.459+0000] {processor.py:925} INFO - DAG(s) 'example_setup_teardown_taskflow' retrieved from /opt/conda/lib/python3.12/site-packages/airflow/example_dags/example_setup_teardown_taskflow.py
[2025-02-07T12:48:35.508+0000] {logging_mixin.py:190} INFO - [2025-02-07T12:48:35.507+0000] {dag.py:3239} INFO - Sync 1 DAGs
[2025-02-07T12:48:35.519+0000] {logging_mixin.py:190} INFO - [2025-02-07T12:48:35.519+0000] {dag.py:4180} INFO - Setting next_dagrun for example_setup_teardown_taskflow to None, run_after=None
[2025-02-07T12:48:35.533+0000] {processor.py:208} INFO - Processing /opt/conda/lib/python3.12/site-packages/airflow/example_dags/example_setup_teardown_taskflow.py took 0.133 seconds
[2025-02-07T12:56:49.974+0000] {processor.py:186} INFO - Started process (PID=6925) to work on /opt/conda/lib/python3.12/site-packages/airflow/example_dags/example_setup_teardown_taskflow.py
[2025-02-07T12:56:49.974+0000] {processor.py:914} INFO - Processing file /opt/conda/lib/python3.12/site-packages/airflow/example_dags/example_setup_teardown_taskflow.py for tasks to queue
[2025-02-07T12:56:49.976+0000] {logging_mixin.py:190} INFO - [2025-02-07T12:56:49.976+0000] {dagbag.py:588} INFO - Filling up the DagBag from /opt/conda/lib/python3.12/site-packages/airflow/example_dags/example_setup_teardown_taskflow.py
[2025-02-07T12:56:49.983+0000] {processor.py:925} INFO - DAG(s) 'example_setup_teardown_taskflow' retrieved from /opt/conda/lib/python3.12/site-packages/airflow/example_dags/example_setup_teardown_taskflow.py
[2025-02-07T12:56:49.993+0000] {logging_mixin.py:190} INFO - [2025-02-07T12:56:49.993+0000] {dag.py:3239} INFO - Sync 1 DAGs
[2025-02-07T12:56:50.001+0000] {logging_mixin.py:190} INFO - [2025-02-07T12:56:50.000+0000] {dag.py:4180} INFO - Setting next_dagrun for example_setup_teardown_taskflow to None, run_after=None
[2025-02-07T12:56:50.019+0000] {processor.py:208} INFO - Processing /opt/conda/lib/python3.12/site-packages/airflow/example_dags/example_setup_teardown_taskflow.py took 0.048 seconds
[2025-02-07T13:04:20.965+0000] {processor.py:186} INFO - Started process (PID=1007) to work on /opt/conda/lib/python3.12/site-packages/airflow/example_dags/example_setup_teardown_taskflow.py
[2025-02-07T13:04:20.966+0000] {processor.py:914} INFO - Processing file /opt/conda/lib/python3.12/site-packages/airflow/example_dags/example_setup_teardown_taskflow.py for tasks to queue
[2025-02-07T13:04:20.968+0000] {logging_mixin.py:190} INFO - [2025-02-07T13:04:20.967+0000] {dagbag.py:588} INFO - Filling up the DagBag from /opt/conda/lib/python3.12/site-packages/airflow/example_dags/example_setup_teardown_taskflow.py
[2025-02-07T13:04:20.974+0000] {processor.py:925} INFO - DAG(s) 'example_setup_teardown_taskflow' retrieved from /opt/conda/lib/python3.12/site-packages/airflow/example_dags/example_setup_teardown_taskflow.py
[2025-02-07T13:04:20.986+0000] {logging_mixin.py:190} INFO - [2025-02-07T13:04:20.986+0000] {dag.py:3239} INFO - Sync 1 DAGs
[2025-02-07T13:04:20.993+0000] {logging_mixin.py:190} INFO - [2025-02-07T13:04:20.993+0000] {dag.py:4180} INFO - Setting next_dagrun for example_setup_teardown_taskflow to None, run_after=None
[2025-02-07T13:04:21.006+0000] {processor.py:208} INFO - Processing /opt/conda/lib/python3.12/site-packages/airflow/example_dags/example_setup_teardown_taskflow.py took 0.044 seconds
[2025-02-07T13:07:09.279+0000] {processor.py:186} INFO - Started process (PID=445) to work on /opt/conda/lib/python3.12/site-packages/airflow/example_dags/example_setup_teardown_taskflow.py
[2025-02-07T13:07:09.280+0000] {processor.py:914} INFO - Processing file /opt/conda/lib/python3.12/site-packages/airflow/example_dags/example_setup_teardown_taskflow.py for tasks to queue
[2025-02-07T13:07:09.282+0000] {logging_mixin.py:190} INFO - [2025-02-07T13:07:09.282+0000] {dagbag.py:588} INFO - Filling up the DagBag from /opt/conda/lib/python3.12/site-packages/airflow/example_dags/example_setup_teardown_taskflow.py
[2025-02-07T13:07:09.290+0000] {processor.py:925} INFO - DAG(s) 'example_setup_teardown_taskflow' retrieved from /opt/conda/lib/python3.12/site-packages/airflow/example_dags/example_setup_teardown_taskflow.py
[2025-02-07T13:07:09.304+0000] {logging_mixin.py:190} INFO - [2025-02-07T13:07:09.304+0000] {dag.py:3239} INFO - Sync 1 DAGs
[2025-02-07T13:07:09.312+0000] {logging_mixin.py:190} INFO - [2025-02-07T13:07:09.312+0000] {dag.py:4180} INFO - Setting next_dagrun for example_setup_teardown_taskflow to None, run_after=None
[2025-02-07T13:07:09.333+0000] {processor.py:208} INFO - Processing /opt/conda/lib/python3.12/site-packages/airflow/example_dags/example_setup_teardown_taskflow.py took 0.058 seconds
[2025-02-07T13:25:44.406+0000] {processor.py:186} INFO - Started process (PID=574) to work on /opt/conda/lib/python3.12/site-packages/airflow/example_dags/example_setup_teardown_taskflow.py
[2025-02-07T13:25:44.407+0000] {processor.py:914} INFO - Processing file /opt/conda/lib/python3.12/site-packages/airflow/example_dags/example_setup_teardown_taskflow.py for tasks to queue
[2025-02-07T13:25:44.408+0000] {logging_mixin.py:190} INFO - [2025-02-07T13:25:44.408+0000] {dagbag.py:588} INFO - Filling up the DagBag from /opt/conda/lib/python3.12/site-packages/airflow/example_dags/example_setup_teardown_taskflow.py
[2025-02-07T13:25:44.423+0000] {processor.py:925} INFO - DAG(s) 'example_setup_teardown_taskflow' retrieved from /opt/conda/lib/python3.12/site-packages/airflow/example_dags/example_setup_teardown_taskflow.py
[2025-02-07T13:25:44.443+0000] {logging_mixin.py:190} INFO - [2025-02-07T13:25:44.442+0000] {dag.py:3239} INFO - Sync 1 DAGs
[2025-02-07T13:25:44.450+0000] {logging_mixin.py:190} INFO - [2025-02-07T13:25:44.450+0000] {dag.py:4180} INFO - Setting next_dagrun for example_setup_teardown_taskflow to None, run_after=None
[2025-02-07T13:25:44.465+0000] {processor.py:208} INFO - Processing /opt/conda/lib/python3.12/site-packages/airflow/example_dags/example_setup_teardown_taskflow.py took 0.070 seconds
[2025-02-07T13:27:16.253+0000] {processor.py:186} INFO - Started process (PID=188) to work on /opt/conda/lib/python3.12/site-packages/airflow/example_dags/example_setup_teardown_taskflow.py
[2025-02-07T13:27:16.255+0000] {processor.py:914} INFO - Processing file /opt/conda/lib/python3.12/site-packages/airflow/example_dags/example_setup_teardown_taskflow.py for tasks to queue
[2025-02-07T13:27:16.261+0000] {logging_mixin.py:190} INFO - [2025-02-07T13:27:16.260+0000] {dagbag.py:588} INFO - Filling up the DagBag from /opt/conda/lib/python3.12/site-packages/airflow/example_dags/example_setup_teardown_taskflow.py
[2025-02-07T13:27:16.289+0000] {processor.py:925} INFO - DAG(s) 'example_setup_teardown_taskflow' retrieved from /opt/conda/lib/python3.12/site-packages/airflow/example_dags/example_setup_teardown_taskflow.py
[2025-02-07T13:27:16.333+0000] {logging_mixin.py:190} INFO - [2025-02-07T13:27:16.333+0000] {dag.py:3239} INFO - Sync 1 DAGs
[2025-02-07T13:27:16.361+0000] {logging_mixin.py:190} INFO - [2025-02-07T13:27:16.359+0000] {dag.py:4180} INFO - Setting next_dagrun for example_setup_teardown_taskflow to None, run_after=None
[2025-02-07T13:27:16.403+0000] {processor.py:208} INFO - Processing /opt/conda/lib/python3.12/site-packages/airflow/example_dags/example_setup_teardown_taskflow.py took 0.153 seconds
[2025-02-07T13:28:47.807+0000] {processor.py:186} INFO - Started process (PID=341) to work on /opt/conda/lib/python3.12/site-packages/airflow/example_dags/example_setup_teardown_taskflow.py
[2025-02-07T13:28:47.809+0000] {processor.py:914} INFO - Processing file /opt/conda/lib/python3.12/site-packages/airflow/example_dags/example_setup_teardown_taskflow.py for tasks to queue
[2025-02-07T13:28:47.813+0000] {logging_mixin.py:190} INFO - [2025-02-07T13:28:47.812+0000] {dagbag.py:588} INFO - Filling up the DagBag from /opt/conda/lib/python3.12/site-packages/airflow/example_dags/example_setup_teardown_taskflow.py
[2025-02-07T13:28:47.843+0000] {processor.py:925} INFO - DAG(s) 'example_setup_teardown_taskflow' retrieved from /opt/conda/lib/python3.12/site-packages/airflow/example_dags/example_setup_teardown_taskflow.py
[2025-02-07T13:28:47.860+0000] {logging_mixin.py:190} INFO - [2025-02-07T13:28:47.860+0000] {dag.py:3239} INFO - Sync 1 DAGs
[2025-02-07T13:28:47.873+0000] {logging_mixin.py:190} INFO - [2025-02-07T13:28:47.873+0000] {dag.py:4180} INFO - Setting next_dagrun for example_setup_teardown_taskflow to None, run_after=None
[2025-02-07T13:28:47.904+0000] {processor.py:208} INFO - Processing /opt/conda/lib/python3.12/site-packages/airflow/example_dags/example_setup_teardown_taskflow.py took 0.107 seconds
[2025-02-07T13:30:04.620+0000] {processor.py:186} INFO - Started process (PID=426) to work on /opt/conda/lib/python3.12/site-packages/airflow/example_dags/example_setup_teardown_taskflow.py
[2025-02-07T13:30:04.622+0000] {processor.py:914} INFO - Processing file /opt/conda/lib/python3.12/site-packages/airflow/example_dags/example_setup_teardown_taskflow.py for tasks to queue
[2025-02-07T13:30:04.624+0000] {logging_mixin.py:190} INFO - [2025-02-07T13:30:04.624+0000] {dagbag.py:588} INFO - Filling up the DagBag from /opt/conda/lib/python3.12/site-packages/airflow/example_dags/example_setup_teardown_taskflow.py
[2025-02-07T13:30:04.633+0000] {processor.py:925} INFO - DAG(s) 'example_setup_teardown_taskflow' retrieved from /opt/conda/lib/python3.12/site-packages/airflow/example_dags/example_setup_teardown_taskflow.py
[2025-02-07T13:30:04.648+0000] {logging_mixin.py:190} INFO - [2025-02-07T13:30:04.648+0000] {dag.py:3239} INFO - Sync 1 DAGs
[2025-02-07T13:30:04.657+0000] {logging_mixin.py:190} INFO - [2025-02-07T13:30:04.657+0000] {dag.py:4180} INFO - Setting next_dagrun for example_setup_teardown_taskflow to None, run_after=None
[2025-02-07T13:30:04.676+0000] {processor.py:208} INFO - Processing /opt/conda/lib/python3.12/site-packages/airflow/example_dags/example_setup_teardown_taskflow.py took 0.064 seconds
[2025-02-07T13:33:15.401+0000] {processor.py:186} INFO - Started process (PID=310) to work on /opt/conda/lib/python3.12/site-packages/airflow/example_dags/example_setup_teardown_taskflow.py
[2025-02-07T13:33:15.402+0000] {processor.py:914} INFO - Processing file /opt/conda/lib/python3.12/site-packages/airflow/example_dags/example_setup_teardown_taskflow.py for tasks to queue
[2025-02-07T13:33:15.403+0000] {logging_mixin.py:190} INFO - [2025-02-07T13:33:15.403+0000] {dagbag.py:588} INFO - Filling up the DagBag from /opt/conda/lib/python3.12/site-packages/airflow/example_dags/example_setup_teardown_taskflow.py
[2025-02-07T13:33:15.412+0000] {processor.py:925} INFO - DAG(s) 'example_setup_teardown_taskflow' retrieved from /opt/conda/lib/python3.12/site-packages/airflow/example_dags/example_setup_teardown_taskflow.py
[2025-02-07T13:33:15.422+0000] {logging_mixin.py:190} INFO - [2025-02-07T13:33:15.422+0000] {dag.py:3239} INFO - Sync 1 DAGs
[2025-02-07T13:33:15.428+0000] {logging_mixin.py:190} INFO - [2025-02-07T13:33:15.428+0000] {dag.py:4180} INFO - Setting next_dagrun for example_setup_teardown_taskflow to None, run_after=None
[2025-02-07T13:33:15.441+0000] {processor.py:208} INFO - Processing /opt/conda/lib/python3.12/site-packages/airflow/example_dags/example_setup_teardown_taskflow.py took 0.045 seconds
[2025-02-07T13:35:08.717+0000] {processor.py:186} INFO - Started process (PID=200) to work on /opt/conda/lib/python3.12/site-packages/airflow/example_dags/example_setup_teardown_taskflow.py
[2025-02-07T13:35:08.721+0000] {processor.py:914} INFO - Processing file /opt/conda/lib/python3.12/site-packages/airflow/example_dags/example_setup_teardown_taskflow.py for tasks to queue
[2025-02-07T13:35:08.725+0000] {logging_mixin.py:190} INFO - [2025-02-07T13:35:08.724+0000] {dagbag.py:588} INFO - Filling up the DagBag from /opt/conda/lib/python3.12/site-packages/airflow/example_dags/example_setup_teardown_taskflow.py
[2025-02-07T13:35:08.791+0000] {processor.py:925} INFO - DAG(s) 'example_setup_teardown_taskflow' retrieved from /opt/conda/lib/python3.12/site-packages/airflow/example_dags/example_setup_teardown_taskflow.py
[2025-02-07T13:35:08.813+0000] {logging_mixin.py:190} INFO - [2025-02-07T13:35:08.812+0000] {dag.py:3239} INFO - Sync 1 DAGs
[2025-02-07T13:35:08.838+0000] {logging_mixin.py:190} INFO - [2025-02-07T13:35:08.838+0000] {dag.py:4180} INFO - Setting next_dagrun for example_setup_teardown_taskflow to None, run_after=None
[2025-02-07T13:35:08.967+0000] {processor.py:208} INFO - Processing /opt/conda/lib/python3.12/site-packages/airflow/example_dags/example_setup_teardown_taskflow.py took 0.280 seconds
[2025-02-07T13:38:16.474+0000] {processor.py:186} INFO - Started process (PID=315) to work on /opt/conda/lib/python3.12/site-packages/airflow/example_dags/example_setup_teardown_taskflow.py
[2025-02-07T13:38:16.479+0000] {processor.py:914} INFO - Processing file /opt/conda/lib/python3.12/site-packages/airflow/example_dags/example_setup_teardown_taskflow.py for tasks to queue
[2025-02-07T13:38:16.485+0000] {logging_mixin.py:190} INFO - [2025-02-07T13:38:16.484+0000] {dagbag.py:588} INFO - Filling up the DagBag from /opt/conda/lib/python3.12/site-packages/airflow/example_dags/example_setup_teardown_taskflow.py
[2025-02-07T13:38:16.506+0000] {processor.py:925} INFO - DAG(s) 'example_setup_teardown_taskflow' retrieved from /opt/conda/lib/python3.12/site-packages/airflow/example_dags/example_setup_teardown_taskflow.py
[2025-02-07T13:38:16.534+0000] {logging_mixin.py:190} INFO - [2025-02-07T13:38:16.534+0000] {dag.py:3239} INFO - Sync 1 DAGs
[2025-02-07T13:38:16.550+0000] {logging_mixin.py:190} INFO - [2025-02-07T13:38:16.550+0000] {dag.py:4180} INFO - Setting next_dagrun for example_setup_teardown_taskflow to None, run_after=None
[2025-02-07T13:38:16.578+0000] {processor.py:208} INFO - Processing /opt/conda/lib/python3.12/site-packages/airflow/example_dags/example_setup_teardown_taskflow.py took 0.116 seconds
[2025-02-07T13:39:36.683+0000] {processor.py:186} INFO - Started process (PID=493) to work on /opt/conda/lib/python3.12/site-packages/airflow/example_dags/example_setup_teardown_taskflow.py
[2025-02-07T13:39:36.684+0000] {processor.py:914} INFO - Processing file /opt/conda/lib/python3.12/site-packages/airflow/example_dags/example_setup_teardown_taskflow.py for tasks to queue
[2025-02-07T13:39:36.686+0000] {logging_mixin.py:190} INFO - [2025-02-07T13:39:36.686+0000] {dagbag.py:588} INFO - Filling up the DagBag from /opt/conda/lib/python3.12/site-packages/airflow/example_dags/example_setup_teardown_taskflow.py
[2025-02-07T13:39:36.694+0000] {processor.py:925} INFO - DAG(s) 'example_setup_teardown_taskflow' retrieved from /opt/conda/lib/python3.12/site-packages/airflow/example_dags/example_setup_teardown_taskflow.py
[2025-02-07T13:39:36.708+0000] {logging_mixin.py:190} INFO - [2025-02-07T13:39:36.708+0000] {dag.py:3239} INFO - Sync 1 DAGs
[2025-02-07T13:39:36.716+0000] {logging_mixin.py:190} INFO - [2025-02-07T13:39:36.716+0000] {dag.py:4180} INFO - Setting next_dagrun for example_setup_teardown_taskflow to None, run_after=None
[2025-02-07T13:39:36.729+0000] {processor.py:208} INFO - Processing /opt/conda/lib/python3.12/site-packages/airflow/example_dags/example_setup_teardown_taskflow.py took 0.051 seconds
[2025-02-07T13:40:33.938+0000] {processor.py:186} INFO - Started process (PID=561) to work on /opt/conda/lib/python3.12/site-packages/airflow/example_dags/example_setup_teardown_taskflow.py
[2025-02-07T13:40:33.939+0000] {processor.py:914} INFO - Processing file /opt/conda/lib/python3.12/site-packages/airflow/example_dags/example_setup_teardown_taskflow.py for tasks to queue
[2025-02-07T13:40:33.942+0000] {logging_mixin.py:190} INFO - [2025-02-07T13:40:33.941+0000] {dagbag.py:588} INFO - Filling up the DagBag from /opt/conda/lib/python3.12/site-packages/airflow/example_dags/example_setup_teardown_taskflow.py
[2025-02-07T13:40:33.952+0000] {processor.py:925} INFO - DAG(s) 'example_setup_teardown_taskflow' retrieved from /opt/conda/lib/python3.12/site-packages/airflow/example_dags/example_setup_teardown_taskflow.py
[2025-02-07T13:40:33.967+0000] {logging_mixin.py:190} INFO - [2025-02-07T13:40:33.967+0000] {dag.py:3239} INFO - Sync 1 DAGs
[2025-02-07T13:40:33.975+0000] {logging_mixin.py:190} INFO - [2025-02-07T13:40:33.975+0000] {dag.py:4180} INFO - Setting next_dagrun for example_setup_teardown_taskflow to None, run_after=None
[2025-02-07T13:40:33.988+0000] {processor.py:208} INFO - Processing /opt/conda/lib/python3.12/site-packages/airflow/example_dags/example_setup_teardown_taskflow.py took 0.055 seconds
[2025-02-07T13:41:31.824+0000] {processor.py:186} INFO - Started process (PID=628) to work on /opt/conda/lib/python3.12/site-packages/airflow/example_dags/example_setup_teardown_taskflow.py
[2025-02-07T13:41:31.824+0000] {processor.py:914} INFO - Processing file /opt/conda/lib/python3.12/site-packages/airflow/example_dags/example_setup_teardown_taskflow.py for tasks to queue
[2025-02-07T13:41:31.826+0000] {logging_mixin.py:190} INFO - [2025-02-07T13:41:31.826+0000] {dagbag.py:588} INFO - Filling up the DagBag from /opt/conda/lib/python3.12/site-packages/airflow/example_dags/example_setup_teardown_taskflow.py
[2025-02-07T13:41:31.835+0000] {processor.py:925} INFO - DAG(s) 'example_setup_teardown_taskflow' retrieved from /opt/conda/lib/python3.12/site-packages/airflow/example_dags/example_setup_teardown_taskflow.py
[2025-02-07T13:41:31.850+0000] {logging_mixin.py:190} INFO - [2025-02-07T13:41:31.849+0000] {dag.py:3239} INFO - Sync 1 DAGs
[2025-02-07T13:41:31.864+0000] {logging_mixin.py:190} INFO - [2025-02-07T13:41:31.864+0000] {dag.py:4180} INFO - Setting next_dagrun for example_setup_teardown_taskflow to None, run_after=None
[2025-02-07T13:41:31.878+0000] {processor.py:208} INFO - Processing /opt/conda/lib/python3.12/site-packages/airflow/example_dags/example_setup_teardown_taskflow.py took 0.061 seconds
[2025-02-07T13:42:40.597+0000] {processor.py:186} INFO - Started process (PID=796) to work on /opt/conda/lib/python3.12/site-packages/airflow/example_dags/example_setup_teardown_taskflow.py
[2025-02-07T13:42:40.598+0000] {processor.py:914} INFO - Processing file /opt/conda/lib/python3.12/site-packages/airflow/example_dags/example_setup_teardown_taskflow.py for tasks to queue
[2025-02-07T13:42:40.600+0000] {logging_mixin.py:190} INFO - [2025-02-07T13:42:40.600+0000] {dagbag.py:588} INFO - Filling up the DagBag from /opt/conda/lib/python3.12/site-packages/airflow/example_dags/example_setup_teardown_taskflow.py
[2025-02-07T13:42:40.609+0000] {processor.py:925} INFO - DAG(s) 'example_setup_teardown_taskflow' retrieved from /opt/conda/lib/python3.12/site-packages/airflow/example_dags/example_setup_teardown_taskflow.py
[2025-02-07T13:42:40.622+0000] {logging_mixin.py:190} INFO - [2025-02-07T13:42:40.622+0000] {dag.py:3239} INFO - Sync 1 DAGs
[2025-02-07T13:42:40.630+0000] {logging_mixin.py:190} INFO - [2025-02-07T13:42:40.630+0000] {dag.py:4180} INFO - Setting next_dagrun for example_setup_teardown_taskflow to None, run_after=None
[2025-02-07T13:42:40.643+0000] {processor.py:208} INFO - Processing /opt/conda/lib/python3.12/site-packages/airflow/example_dags/example_setup_teardown_taskflow.py took 0.050 seconds
[2025-02-07T13:43:42.689+0000] {processor.py:186} INFO - Started process (PID=869) to work on /opt/conda/lib/python3.12/site-packages/airflow/example_dags/example_setup_teardown_taskflow.py
[2025-02-07T13:43:42.690+0000] {processor.py:914} INFO - Processing file /opt/conda/lib/python3.12/site-packages/airflow/example_dags/example_setup_teardown_taskflow.py for tasks to queue
[2025-02-07T13:43:42.692+0000] {logging_mixin.py:190} INFO - [2025-02-07T13:43:42.692+0000] {dagbag.py:588} INFO - Filling up the DagBag from /opt/conda/lib/python3.12/site-packages/airflow/example_dags/example_setup_teardown_taskflow.py
[2025-02-07T13:43:42.701+0000] {processor.py:925} INFO - DAG(s) 'example_setup_teardown_taskflow' retrieved from /opt/conda/lib/python3.12/site-packages/airflow/example_dags/example_setup_teardown_taskflow.py
[2025-02-07T13:43:42.714+0000] {logging_mixin.py:190} INFO - [2025-02-07T13:43:42.714+0000] {dag.py:3239} INFO - Sync 1 DAGs
[2025-02-07T13:43:42.722+0000] {logging_mixin.py:190} INFO - [2025-02-07T13:43:42.722+0000] {dag.py:4180} INFO - Setting next_dagrun for example_setup_teardown_taskflow to None, run_after=None
[2025-02-07T13:43:42.738+0000] {processor.py:208} INFO - Processing /opt/conda/lib/python3.12/site-packages/airflow/example_dags/example_setup_teardown_taskflow.py took 0.055 seconds
[2025-02-07T13:45:37.259+0000] {processor.py:186} INFO - Started process (PID=1171) to work on /opt/conda/lib/python3.12/site-packages/airflow/example_dags/example_setup_teardown_taskflow.py
[2025-02-07T13:45:37.261+0000] {processor.py:914} INFO - Processing file /opt/conda/lib/python3.12/site-packages/airflow/example_dags/example_setup_teardown_taskflow.py for tasks to queue
[2025-02-07T13:45:37.264+0000] {logging_mixin.py:190} INFO - [2025-02-07T13:45:37.264+0000] {dagbag.py:588} INFO - Filling up the DagBag from /opt/conda/lib/python3.12/site-packages/airflow/example_dags/example_setup_teardown_taskflow.py
[2025-02-07T13:45:37.277+0000] {processor.py:925} INFO - DAG(s) 'example_setup_teardown_taskflow' retrieved from /opt/conda/lib/python3.12/site-packages/airflow/example_dags/example_setup_teardown_taskflow.py
[2025-02-07T13:45:37.305+0000] {logging_mixin.py:190} INFO - [2025-02-07T13:45:37.305+0000] {dag.py:3239} INFO - Sync 1 DAGs
[2025-02-07T13:45:37.323+0000] {logging_mixin.py:190} INFO - [2025-02-07T13:45:37.323+0000] {dag.py:4180} INFO - Setting next_dagrun for example_setup_teardown_taskflow to None, run_after=None
[2025-02-07T13:45:37.358+0000] {processor.py:208} INFO - Processing /opt/conda/lib/python3.12/site-packages/airflow/example_dags/example_setup_teardown_taskflow.py took 0.115 seconds
[2025-02-07T14:04:59.643+0000] {processor.py:186} INFO - Started process (PID=1655) to work on /opt/conda/lib/python3.12/site-packages/airflow/example_dags/example_setup_teardown_taskflow.py
[2025-02-07T14:04:59.645+0000] {processor.py:914} INFO - Processing file /opt/conda/lib/python3.12/site-packages/airflow/example_dags/example_setup_teardown_taskflow.py for tasks to queue
[2025-02-07T14:04:59.647+0000] {logging_mixin.py:190} INFO - [2025-02-07T14:04:59.646+0000] {dagbag.py:588} INFO - Filling up the DagBag from /opt/conda/lib/python3.12/site-packages/airflow/example_dags/example_setup_teardown_taskflow.py
[2025-02-07T14:04:59.670+0000] {processor.py:925} INFO - DAG(s) 'example_setup_teardown_taskflow' retrieved from /opt/conda/lib/python3.12/site-packages/airflow/example_dags/example_setup_teardown_taskflow.py
[2025-02-07T14:04:59.686+0000] {logging_mixin.py:190} INFO - [2025-02-07T14:04:59.686+0000] {dag.py:3239} INFO - Sync 1 DAGs
[2025-02-07T14:04:59.696+0000] {logging_mixin.py:190} INFO - [2025-02-07T14:04:59.696+0000] {dag.py:4180} INFO - Setting next_dagrun for example_setup_teardown_taskflow to None, run_after=None
[2025-02-07T14:04:59.721+0000] {processor.py:208} INFO - Processing /opt/conda/lib/python3.12/site-packages/airflow/example_dags/example_setup_teardown_taskflow.py took 0.082 seconds
[2025-02-07T14:06:12.650+0000] {processor.py:186} INFO - Started process (PID=1819) to work on /opt/conda/lib/python3.12/site-packages/airflow/example_dags/example_setup_teardown_taskflow.py
[2025-02-07T14:06:12.653+0000] {processor.py:914} INFO - Processing file /opt/conda/lib/python3.12/site-packages/airflow/example_dags/example_setup_teardown_taskflow.py for tasks to queue
[2025-02-07T14:06:12.657+0000] {logging_mixin.py:190} INFO - [2025-02-07T14:06:12.656+0000] {dagbag.py:588} INFO - Filling up the DagBag from /opt/conda/lib/python3.12/site-packages/airflow/example_dags/example_setup_teardown_taskflow.py
[2025-02-07T14:06:12.696+0000] {processor.py:925} INFO - DAG(s) 'example_setup_teardown_taskflow' retrieved from /opt/conda/lib/python3.12/site-packages/airflow/example_dags/example_setup_teardown_taskflow.py
[2025-02-07T14:06:12.807+0000] {logging_mixin.py:190} INFO - [2025-02-07T14:06:12.807+0000] {dag.py:3239} INFO - Sync 1 DAGs
[2025-02-07T14:06:12.829+0000] {logging_mixin.py:190} INFO - [2025-02-07T14:06:12.829+0000] {dag.py:4180} INFO - Setting next_dagrun for example_setup_teardown_taskflow to None, run_after=None
[2025-02-07T14:06:12.869+0000] {processor.py:208} INFO - Processing /opt/conda/lib/python3.12/site-packages/airflow/example_dags/example_setup_teardown_taskflow.py took 0.286 seconds
[2025-02-07T14:07:35.724+0000] {processor.py:186} INFO - Started process (PID=2007) to work on /opt/conda/lib/python3.12/site-packages/airflow/example_dags/example_setup_teardown_taskflow.py
[2025-02-07T14:07:35.725+0000] {processor.py:914} INFO - Processing file /opt/conda/lib/python3.12/site-packages/airflow/example_dags/example_setup_teardown_taskflow.py for tasks to queue
[2025-02-07T14:07:35.726+0000] {logging_mixin.py:190} INFO - [2025-02-07T14:07:35.726+0000] {dagbag.py:588} INFO - Filling up the DagBag from /opt/conda/lib/python3.12/site-packages/airflow/example_dags/example_setup_teardown_taskflow.py
[2025-02-07T14:07:35.736+0000] {processor.py:925} INFO - DAG(s) 'example_setup_teardown_taskflow' retrieved from /opt/conda/lib/python3.12/site-packages/airflow/example_dags/example_setup_teardown_taskflow.py
[2025-02-07T14:07:35.753+0000] {logging_mixin.py:190} INFO - [2025-02-07T14:07:35.753+0000] {dag.py:3239} INFO - Sync 1 DAGs
[2025-02-07T14:07:35.766+0000] {logging_mixin.py:190} INFO - [2025-02-07T14:07:35.765+0000] {dag.py:4180} INFO - Setting next_dagrun for example_setup_teardown_taskflow to None, run_after=None
[2025-02-07T14:07:35.782+0000] {processor.py:208} INFO - Processing /opt/conda/lib/python3.12/site-packages/airflow/example_dags/example_setup_teardown_taskflow.py took 0.067 seconds
