[2025-02-07T12:12:44.348+0000] {processor.py:186} INFO - Started process (PID=2934) to work on /opt/conda/lib/python3.12/site-packages/airflow/example_dags/example_dag_decorator.py
[2025-02-07T12:12:44.349+0000] {processor.py:914} INFO - Processing file /opt/conda/lib/python3.12/site-packages/airflow/example_dags/example_dag_decorator.py for tasks to queue
[2025-02-07T12:12:44.354+0000] {logging_mixin.py:190} INFO - [2025-02-07T12:12:44.354+0000] {dagbag.py:588} INFO - Filling up the DagBag from /opt/conda/lib/python3.12/site-packages/airflow/example_dags/example_dag_decorator.py
[2025-02-07T12:12:44.384+0000] {processor.py:925} INFO - DAG(s) 'example_dag_decorator' retrieved from /opt/conda/lib/python3.12/site-packages/airflow/example_dags/example_dag_decorator.py
[2025-02-07T12:12:44.522+0000] {logging_mixin.py:190} INFO - [2025-02-07T12:12:44.522+0000] {dag.py:3239} INFO - Sync 1 DAGs
[2025-02-07T12:12:44.531+0000] {logging_mixin.py:190} INFO - [2025-02-07T12:12:44.531+0000] {dag.py:4180} INFO - Setting next_dagrun for example_dag_decorator to None, run_after=None
[2025-02-07T12:12:44.562+0000] {processor.py:208} INFO - Processing /opt/conda/lib/python3.12/site-packages/airflow/example_dags/example_dag_decorator.py took 0.219 seconds
[2025-02-07T12:33:08.660+0000] {processor.py:186} INFO - Started process (PID=139) to work on /opt/conda/lib/python3.12/site-packages/airflow/example_dags/example_dag_decorator.py
[2025-02-07T12:33:08.664+0000] {processor.py:914} INFO - Processing file /opt/conda/lib/python3.12/site-packages/airflow/example_dags/example_dag_decorator.py for tasks to queue
[2025-02-07T12:33:08.671+0000] {logging_mixin.py:190} INFO - [2025-02-07T12:33:08.669+0000] {dagbag.py:588} INFO - Filling up the DagBag from /opt/conda/lib/python3.12/site-packages/airflow/example_dags/example_dag_decorator.py
[2025-02-07T12:33:08.800+0000] {processor.py:925} INFO - DAG(s) 'example_dag_decorator' retrieved from /opt/conda/lib/python3.12/site-packages/airflow/example_dags/example_dag_decorator.py
[2025-02-07T12:33:09.228+0000] {logging_mixin.py:190} INFO - [2025-02-07T12:33:09.227+0000] {dag.py:3239} INFO - Sync 1 DAGs
[2025-02-07T12:33:09.252+0000] {logging_mixin.py:190} INFO - [2025-02-07T12:33:09.252+0000] {dag.py:4180} INFO - Setting next_dagrun for example_dag_decorator to None, run_after=None
[2025-02-07T12:33:09.299+0000] {processor.py:208} INFO - Processing /opt/conda/lib/python3.12/site-packages/airflow/example_dags/example_dag_decorator.py took 0.655 seconds
[2025-02-07T12:36:57.306+0000] {processor.py:186} INFO - Started process (PID=117) to work on /opt/conda/lib/python3.12/site-packages/airflow/example_dags/example_dag_decorator.py
[2025-02-07T12:36:57.307+0000] {processor.py:914} INFO - Processing file /opt/conda/lib/python3.12/site-packages/airflow/example_dags/example_dag_decorator.py for tasks to queue
[2025-02-07T12:36:57.311+0000] {logging_mixin.py:190} INFO - [2025-02-07T12:36:57.310+0000] {dagbag.py:588} INFO - Filling up the DagBag from /opt/conda/lib/python3.12/site-packages/airflow/example_dags/example_dag_decorator.py
[2025-02-07T12:36:57.328+0000] {processor.py:925} INFO - DAG(s) 'example_dag_decorator' retrieved from /opt/conda/lib/python3.12/site-packages/airflow/example_dags/example_dag_decorator.py
[2025-02-07T12:36:57.458+0000] {logging_mixin.py:190} INFO - [2025-02-07T12:36:57.457+0000] {dag.py:3239} INFO - Sync 1 DAGs
[2025-02-07T12:36:57.468+0000] {logging_mixin.py:190} INFO - [2025-02-07T12:36:57.468+0000] {dag.py:4180} INFO - Setting next_dagrun for example_dag_decorator to None, run_after=None
[2025-02-07T12:36:57.496+0000] {processor.py:208} INFO - Processing /opt/conda/lib/python3.12/site-packages/airflow/example_dags/example_dag_decorator.py took 0.196 seconds
[2025-02-07T12:38:11.447+0000] {processor.py:186} INFO - Started process (PID=192) to work on /opt/conda/lib/python3.12/site-packages/airflow/example_dags/example_dag_decorator.py
[2025-02-07T12:38:11.448+0000] {processor.py:914} INFO - Processing file /opt/conda/lib/python3.12/site-packages/airflow/example_dags/example_dag_decorator.py for tasks to queue
[2025-02-07T12:38:11.449+0000] {logging_mixin.py:190} INFO - [2025-02-07T12:38:11.449+0000] {dagbag.py:588} INFO - Filling up the DagBag from /opt/conda/lib/python3.12/site-packages/airflow/example_dags/example_dag_decorator.py
[2025-02-07T12:38:11.466+0000] {processor.py:925} INFO - DAG(s) 'example_dag_decorator' retrieved from /opt/conda/lib/python3.12/site-packages/airflow/example_dags/example_dag_decorator.py
[2025-02-07T12:38:11.580+0000] {logging_mixin.py:190} INFO - [2025-02-07T12:38:11.580+0000] {dag.py:3239} INFO - Sync 1 DAGs
[2025-02-07T12:38:11.585+0000] {logging_mixin.py:190} INFO - [2025-02-07T12:38:11.585+0000] {dag.py:4180} INFO - Setting next_dagrun for example_dag_decorator to None, run_after=None
[2025-02-07T12:38:11.597+0000] {processor.py:208} INFO - Processing /opt/conda/lib/python3.12/site-packages/airflow/example_dags/example_dag_decorator.py took 0.153 seconds
[2025-02-07T12:39:10.453+0000] {processor.py:186} INFO - Started process (PID=261) to work on /opt/conda/lib/python3.12/site-packages/airflow/example_dags/example_dag_decorator.py
[2025-02-07T12:39:10.454+0000] {processor.py:914} INFO - Processing file /opt/conda/lib/python3.12/site-packages/airflow/example_dags/example_dag_decorator.py for tasks to queue
[2025-02-07T12:39:10.456+0000] {logging_mixin.py:190} INFO - [2025-02-07T12:39:10.456+0000] {dagbag.py:588} INFO - Filling up the DagBag from /opt/conda/lib/python3.12/site-packages/airflow/example_dags/example_dag_decorator.py
[2025-02-07T12:39:10.466+0000] {processor.py:925} INFO - DAG(s) 'example_dag_decorator' retrieved from /opt/conda/lib/python3.12/site-packages/airflow/example_dags/example_dag_decorator.py
[2025-02-07T12:39:10.531+0000] {logging_mixin.py:190} INFO - [2025-02-07T12:39:10.530+0000] {dag.py:3239} INFO - Sync 1 DAGs
[2025-02-07T12:39:10.536+0000] {logging_mixin.py:190} INFO - [2025-02-07T12:39:10.536+0000] {dag.py:4180} INFO - Setting next_dagrun for example_dag_decorator to None, run_after=None
[2025-02-07T12:39:10.549+0000] {processor.py:208} INFO - Processing /opt/conda/lib/python3.12/site-packages/airflow/example_dags/example_dag_decorator.py took 0.101 seconds
[2025-02-07T12:40:07.919+0000] {processor.py:186} INFO - Started process (PID=329) to work on /opt/conda/lib/python3.12/site-packages/airflow/example_dags/example_dag_decorator.py
[2025-02-07T12:40:07.921+0000] {processor.py:914} INFO - Processing file /opt/conda/lib/python3.12/site-packages/airflow/example_dags/example_dag_decorator.py for tasks to queue
[2025-02-07T12:40:07.923+0000] {logging_mixin.py:190} INFO - [2025-02-07T12:40:07.923+0000] {dagbag.py:588} INFO - Filling up the DagBag from /opt/conda/lib/python3.12/site-packages/airflow/example_dags/example_dag_decorator.py
[2025-02-07T12:40:07.931+0000] {processor.py:925} INFO - DAG(s) 'example_dag_decorator' retrieved from /opt/conda/lib/python3.12/site-packages/airflow/example_dags/example_dag_decorator.py
[2025-02-07T12:40:08.006+0000] {logging_mixin.py:190} INFO - [2025-02-07T12:40:08.006+0000] {dag.py:3239} INFO - Sync 1 DAGs
[2025-02-07T12:40:08.013+0000] {logging_mixin.py:190} INFO - [2025-02-07T12:40:08.013+0000] {dag.py:4180} INFO - Setting next_dagrun for example_dag_decorator to None, run_after=None
[2025-02-07T12:40:08.026+0000] {processor.py:208} INFO - Processing /opt/conda/lib/python3.12/site-packages/airflow/example_dags/example_dag_decorator.py took 0.113 seconds
[2025-02-07T12:41:06.800+0000] {processor.py:186} INFO - Started process (PID=398) to work on /opt/conda/lib/python3.12/site-packages/airflow/example_dags/example_dag_decorator.py
[2025-02-07T12:41:06.801+0000] {processor.py:914} INFO - Processing file /opt/conda/lib/python3.12/site-packages/airflow/example_dags/example_dag_decorator.py for tasks to queue
[2025-02-07T12:41:06.803+0000] {logging_mixin.py:190} INFO - [2025-02-07T12:41:06.802+0000] {dagbag.py:588} INFO - Filling up the DagBag from /opt/conda/lib/python3.12/site-packages/airflow/example_dags/example_dag_decorator.py
[2025-02-07T12:41:06.813+0000] {processor.py:925} INFO - DAG(s) 'example_dag_decorator' retrieved from /opt/conda/lib/python3.12/site-packages/airflow/example_dags/example_dag_decorator.py
[2025-02-07T12:41:06.891+0000] {logging_mixin.py:190} INFO - [2025-02-07T12:41:06.891+0000] {dag.py:3239} INFO - Sync 1 DAGs
[2025-02-07T12:41:06.897+0000] {logging_mixin.py:190} INFO - [2025-02-07T12:41:06.897+0000] {dag.py:4180} INFO - Setting next_dagrun for example_dag_decorator to None, run_after=None
[2025-02-07T12:41:06.909+0000] {processor.py:208} INFO - Processing /opt/conda/lib/python3.12/site-packages/airflow/example_dags/example_dag_decorator.py took 0.118 seconds
[2025-02-07T12:52:37.446+0000] {processor.py:186} INFO - Started process (PID=4801) to work on /opt/conda/lib/python3.12/site-packages/airflow/example_dags/example_dag_decorator.py
[2025-02-07T12:52:37.447+0000] {processor.py:914} INFO - Processing file /opt/conda/lib/python3.12/site-packages/airflow/example_dags/example_dag_decorator.py for tasks to queue
[2025-02-07T12:52:37.448+0000] {logging_mixin.py:190} INFO - [2025-02-07T12:52:37.448+0000] {dagbag.py:588} INFO - Filling up the DagBag from /opt/conda/lib/python3.12/site-packages/airflow/example_dags/example_dag_decorator.py
[2025-02-07T12:52:37.464+0000] {processor.py:925} INFO - DAG(s) 'example_dag_decorator' retrieved from /opt/conda/lib/python3.12/site-packages/airflow/example_dags/example_dag_decorator.py
[2025-02-07T12:52:37.584+0000] {logging_mixin.py:190} INFO - [2025-02-07T12:52:37.584+0000] {dag.py:3239} INFO - Sync 1 DAGs
[2025-02-07T12:52:37.589+0000] {logging_mixin.py:190} INFO - [2025-02-07T12:52:37.589+0000] {dag.py:4180} INFO - Setting next_dagrun for example_dag_decorator to None, run_after=None
[2025-02-07T12:52:37.600+0000] {processor.py:208} INFO - Processing /opt/conda/lib/python3.12/site-packages/airflow/example_dags/example_dag_decorator.py took 0.156 seconds
[2025-02-07T13:01:14.990+0000] {processor.py:186} INFO - Started process (PID=8511) to work on /opt/conda/lib/python3.12/site-packages/airflow/example_dags/example_dag_decorator.py
[2025-02-07T13:01:14.991+0000] {processor.py:914} INFO - Processing file /opt/conda/lib/python3.12/site-packages/airflow/example_dags/example_dag_decorator.py for tasks to queue
[2025-02-07T13:01:14.994+0000] {logging_mixin.py:190} INFO - [2025-02-07T13:01:14.994+0000] {dagbag.py:588} INFO - Filling up the DagBag from /opt/conda/lib/python3.12/site-packages/airflow/example_dags/example_dag_decorator.py
[2025-02-07T13:01:15.020+0000] {processor.py:925} INFO - DAG(s) 'example_dag_decorator' retrieved from /opt/conda/lib/python3.12/site-packages/airflow/example_dags/example_dag_decorator.py
[2025-02-07T13:01:15.039+0000] {logging_mixin.py:190} INFO - [2025-02-07T13:01:15.039+0000] {dag.py:3239} INFO - Sync 1 DAGs
[2025-02-07T13:01:15.048+0000] {logging_mixin.py:190} INFO - [2025-02-07T13:01:15.048+0000] {dag.py:4180} INFO - Setting next_dagrun for example_dag_decorator to None, run_after=None
[2025-02-07T13:01:15.063+0000] {processor.py:208} INFO - Processing /opt/conda/lib/python3.12/site-packages/airflow/example_dags/example_dag_decorator.py took 0.078 seconds
[2025-02-07T13:27:57.918+0000] {processor.py:186} INFO - Started process (PID=297) to work on /opt/conda/lib/python3.12/site-packages/airflow/example_dags/example_dag_decorator.py
[2025-02-07T13:27:57.922+0000] {processor.py:914} INFO - Processing file /opt/conda/lib/python3.12/site-packages/airflow/example_dags/example_dag_decorator.py for tasks to queue
[2025-02-07T13:27:57.929+0000] {logging_mixin.py:190} INFO - [2025-02-07T13:27:57.928+0000] {dagbag.py:588} INFO - Filling up the DagBag from /opt/conda/lib/python3.12/site-packages/airflow/example_dags/example_dag_decorator.py
[2025-02-07T13:27:58.036+0000] {processor.py:925} INFO - DAG(s) 'example_dag_decorator' retrieved from /opt/conda/lib/python3.12/site-packages/airflow/example_dags/example_dag_decorator.py
[2025-02-07T13:27:58.584+0000] {logging_mixin.py:190} INFO - [2025-02-07T13:27:58.583+0000] {dag.py:3239} INFO - Sync 1 DAGs
[2025-02-07T13:27:58.614+0000] {logging_mixin.py:190} INFO - [2025-02-07T13:27:58.614+0000] {dag.py:4180} INFO - Setting next_dagrun for example_dag_decorator to None, run_after=None
[2025-02-07T13:27:58.694+0000] {processor.py:208} INFO - Processing /opt/conda/lib/python3.12/site-packages/airflow/example_dags/example_dag_decorator.py took 0.823 seconds
[2025-02-07T13:29:34.505+0000] {processor.py:186} INFO - Started process (PID=389) to work on /opt/conda/lib/python3.12/site-packages/airflow/example_dags/example_dag_decorator.py
[2025-02-07T13:29:34.509+0000] {processor.py:914} INFO - Processing file /opt/conda/lib/python3.12/site-packages/airflow/example_dags/example_dag_decorator.py for tasks to queue
[2025-02-07T13:29:34.510+0000] {logging_mixin.py:190} INFO - [2025-02-07T13:29:34.510+0000] {dagbag.py:588} INFO - Filling up the DagBag from /opt/conda/lib/python3.12/site-packages/airflow/example_dags/example_dag_decorator.py
[2025-02-07T13:29:34.521+0000] {processor.py:925} INFO - DAG(s) 'example_dag_decorator' retrieved from /opt/conda/lib/python3.12/site-packages/airflow/example_dags/example_dag_decorator.py
[2025-02-07T13:29:34.616+0000] {logging_mixin.py:190} INFO - [2025-02-07T13:29:34.616+0000] {dag.py:3239} INFO - Sync 1 DAGs
[2025-02-07T13:29:34.622+0000] {logging_mixin.py:190} INFO - [2025-02-07T13:29:34.622+0000] {dag.py:4180} INFO - Setting next_dagrun for example_dag_decorator to None, run_after=None
[2025-02-07T13:29:34.643+0000] {processor.py:208} INFO - Processing /opt/conda/lib/python3.12/site-packages/airflow/example_dags/example_dag_decorator.py took 0.149 seconds
[2025-02-07T13:30:39.237+0000] {processor.py:186} INFO - Started process (PID=469) to work on /opt/conda/lib/python3.12/site-packages/airflow/example_dags/example_dag_decorator.py
[2025-02-07T13:30:39.238+0000] {processor.py:914} INFO - Processing file /opt/conda/lib/python3.12/site-packages/airflow/example_dags/example_dag_decorator.py for tasks to queue
[2025-02-07T13:30:39.240+0000] {logging_mixin.py:190} INFO - [2025-02-07T13:30:39.239+0000] {dagbag.py:588} INFO - Filling up the DagBag from /opt/conda/lib/python3.12/site-packages/airflow/example_dags/example_dag_decorator.py
[2025-02-07T13:30:39.248+0000] {processor.py:925} INFO - DAG(s) 'example_dag_decorator' retrieved from /opt/conda/lib/python3.12/site-packages/airflow/example_dags/example_dag_decorator.py
[2025-02-07T13:30:39.358+0000] {logging_mixin.py:190} INFO - [2025-02-07T13:30:39.358+0000] {dag.py:3239} INFO - Sync 1 DAGs
[2025-02-07T13:30:39.366+0000] {logging_mixin.py:190} INFO - [2025-02-07T13:30:39.366+0000] {dag.py:4180} INFO - Setting next_dagrun for example_dag_decorator to None, run_after=None
[2025-02-07T13:30:39.388+0000] {processor.py:208} INFO - Processing /opt/conda/lib/python3.12/site-packages/airflow/example_dags/example_dag_decorator.py took 0.154 seconds
[2025-02-07T13:39:00.533+0000] {processor.py:186} INFO - Started process (PID=448) to work on /opt/conda/lib/python3.12/site-packages/airflow/example_dags/example_dag_decorator.py
[2025-02-07T13:39:00.535+0000] {processor.py:914} INFO - Processing file /opt/conda/lib/python3.12/site-packages/airflow/example_dags/example_dag_decorator.py for tasks to queue
[2025-02-07T13:39:00.537+0000] {logging_mixin.py:190} INFO - [2025-02-07T13:39:00.536+0000] {dagbag.py:588} INFO - Filling up the DagBag from /opt/conda/lib/python3.12/site-packages/airflow/example_dags/example_dag_decorator.py
[2025-02-07T13:39:00.563+0000] {processor.py:925} INFO - DAG(s) 'example_dag_decorator' retrieved from /opt/conda/lib/python3.12/site-packages/airflow/example_dags/example_dag_decorator.py
[2025-02-07T13:39:00.680+0000] {logging_mixin.py:190} INFO - [2025-02-07T13:39:00.680+0000] {dag.py:3239} INFO - Sync 1 DAGs
[2025-02-07T13:39:00.685+0000] {logging_mixin.py:190} INFO - [2025-02-07T13:39:00.685+0000] {dag.py:4180} INFO - Setting next_dagrun for example_dag_decorator to None, run_after=None
[2025-02-07T13:39:00.699+0000] {processor.py:208} INFO - Processing /opt/conda/lib/python3.12/site-packages/airflow/example_dags/example_dag_decorator.py took 0.171 seconds
[2025-02-07T13:40:02.376+0000] {processor.py:186} INFO - Started process (PID=519) to work on /opt/conda/lib/python3.12/site-packages/airflow/example_dags/example_dag_decorator.py
[2025-02-07T13:40:02.377+0000] {processor.py:914} INFO - Processing file /opt/conda/lib/python3.12/site-packages/airflow/example_dags/example_dag_decorator.py for tasks to queue
[2025-02-07T13:40:02.379+0000] {logging_mixin.py:190} INFO - [2025-02-07T13:40:02.379+0000] {dagbag.py:588} INFO - Filling up the DagBag from /opt/conda/lib/python3.12/site-packages/airflow/example_dags/example_dag_decorator.py
[2025-02-07T13:40:02.398+0000] {processor.py:925} INFO - DAG(s) 'example_dag_decorator' retrieved from /opt/conda/lib/python3.12/site-packages/airflow/example_dags/example_dag_decorator.py
[2025-02-07T13:40:02.470+0000] {logging_mixin.py:190} INFO - [2025-02-07T13:40:02.469+0000] {dag.py:3239} INFO - Sync 1 DAGs
[2025-02-07T13:40:02.475+0000] {logging_mixin.py:190} INFO - [2025-02-07T13:40:02.475+0000] {dag.py:4180} INFO - Setting next_dagrun for example_dag_decorator to None, run_after=None
[2025-02-07T13:40:02.485+0000] {processor.py:208} INFO - Processing /opt/conda/lib/python3.12/site-packages/airflow/example_dags/example_dag_decorator.py took 0.114 seconds
[2025-02-07T13:40:59.837+0000] {processor.py:186} INFO - Started process (PID=587) to work on /opt/conda/lib/python3.12/site-packages/airflow/example_dags/example_dag_decorator.py
[2025-02-07T13:40:59.838+0000] {processor.py:914} INFO - Processing file /opt/conda/lib/python3.12/site-packages/airflow/example_dags/example_dag_decorator.py for tasks to queue
[2025-02-07T13:40:59.839+0000] {logging_mixin.py:190} INFO - [2025-02-07T13:40:59.839+0000] {dagbag.py:588} INFO - Filling up the DagBag from /opt/conda/lib/python3.12/site-packages/airflow/example_dags/example_dag_decorator.py
[2025-02-07T13:40:59.850+0000] {processor.py:925} INFO - DAG(s) 'example_dag_decorator' retrieved from /opt/conda/lib/python3.12/site-packages/airflow/example_dags/example_dag_decorator.py
[2025-02-07T13:40:59.929+0000] {logging_mixin.py:190} INFO - [2025-02-07T13:40:59.928+0000] {dag.py:3239} INFO - Sync 1 DAGs
[2025-02-07T13:40:59.937+0000] {logging_mixin.py:190} INFO - [2025-02-07T13:40:59.937+0000] {dag.py:4180} INFO - Setting next_dagrun for example_dag_decorator to None, run_after=None
[2025-02-07T13:40:59.950+0000] {processor.py:208} INFO - Processing /opt/conda/lib/python3.12/site-packages/airflow/example_dags/example_dag_decorator.py took 0.118 seconds
[2025-02-07T13:41:58.683+0000] {processor.py:186} INFO - Started process (PID=655) to work on /opt/conda/lib/python3.12/site-packages/airflow/example_dags/example_dag_decorator.py
[2025-02-07T13:41:58.684+0000] {processor.py:914} INFO - Processing file /opt/conda/lib/python3.12/site-packages/airflow/example_dags/example_dag_decorator.py for tasks to queue
[2025-02-07T13:41:58.687+0000] {logging_mixin.py:190} INFO - [2025-02-07T13:41:58.687+0000] {dagbag.py:588} INFO - Filling up the DagBag from /opt/conda/lib/python3.12/site-packages/airflow/example_dags/example_dag_decorator.py
[2025-02-07T13:41:58.700+0000] {processor.py:925} INFO - DAG(s) 'example_dag_decorator' retrieved from /opt/conda/lib/python3.12/site-packages/airflow/example_dags/example_dag_decorator.py
[2025-02-07T13:41:58.717+0000] {logging_mixin.py:190} INFO - [2025-02-07T13:41:58.716+0000] {dag.py:3239} INFO - Sync 1 DAGs
[2025-02-07T13:41:58.728+0000] {logging_mixin.py:190} INFO - [2025-02-07T13:41:58.728+0000] {dag.py:4180} INFO - Setting next_dagrun for example_dag_decorator to None, run_after=None
[2025-02-07T13:41:58.746+0000] {processor.py:208} INFO - Processing /opt/conda/lib/python3.12/site-packages/airflow/example_dags/example_dag_decorator.py took 0.071 seconds
[2025-02-07T13:43:11.126+0000] {processor.py:186} INFO - Started process (PID=838) to work on /opt/conda/lib/python3.12/site-packages/airflow/example_dags/example_dag_decorator.py
[2025-02-07T13:43:11.130+0000] {processor.py:914} INFO - Processing file /opt/conda/lib/python3.12/site-packages/airflow/example_dags/example_dag_decorator.py for tasks to queue
[2025-02-07T13:43:11.132+0000] {logging_mixin.py:190} INFO - [2025-02-07T13:43:11.132+0000] {dagbag.py:588} INFO - Filling up the DagBag from /opt/conda/lib/python3.12/site-packages/airflow/example_dags/example_dag_decorator.py
[2025-02-07T13:43:11.142+0000] {processor.py:925} INFO - DAG(s) 'example_dag_decorator' retrieved from /opt/conda/lib/python3.12/site-packages/airflow/example_dags/example_dag_decorator.py
[2025-02-07T13:43:11.204+0000] {logging_mixin.py:190} INFO - [2025-02-07T13:43:11.204+0000] {dag.py:3239} INFO - Sync 1 DAGs
[2025-02-07T13:43:11.209+0000] {logging_mixin.py:190} INFO - [2025-02-07T13:43:11.209+0000] {dag.py:4180} INFO - Setting next_dagrun for example_dag_decorator to None, run_after=None
[2025-02-07T13:43:11.220+0000] {processor.py:208} INFO - Processing /opt/conda/lib/python3.12/site-packages/airflow/example_dags/example_dag_decorator.py took 0.100 seconds
[2025-02-07T13:44:39.262+0000] {processor.py:186} INFO - Started process (PID=1030) to work on /opt/conda/lib/python3.12/site-packages/airflow/example_dags/example_dag_decorator.py
[2025-02-07T13:44:39.263+0000] {processor.py:914} INFO - Processing file /opt/conda/lib/python3.12/site-packages/airflow/example_dags/example_dag_decorator.py for tasks to queue
[2025-02-07T13:44:39.265+0000] {logging_mixin.py:190} INFO - [2025-02-07T13:44:39.265+0000] {dagbag.py:588} INFO - Filling up the DagBag from /opt/conda/lib/python3.12/site-packages/airflow/example_dags/example_dag_decorator.py
[2025-02-07T13:44:39.276+0000] {processor.py:925} INFO - DAG(s) 'example_dag_decorator' retrieved from /opt/conda/lib/python3.12/site-packages/airflow/example_dags/example_dag_decorator.py
[2025-02-07T13:44:39.358+0000] {logging_mixin.py:190} INFO - [2025-02-07T13:44:39.358+0000] {dag.py:3239} INFO - Sync 1 DAGs
[2025-02-07T13:44:39.364+0000] {logging_mixin.py:190} INFO - [2025-02-07T13:44:39.363+0000] {dag.py:4180} INFO - Setting next_dagrun for example_dag_decorator to None, run_after=None
[2025-02-07T13:44:39.375+0000] {processor.py:208} INFO - Processing /opt/conda/lib/python3.12/site-packages/airflow/example_dags/example_dag_decorator.py took 0.117 seconds
[2025-02-07T13:46:17.638+0000] {processor.py:186} INFO - Started process (PID=1216) to work on /opt/conda/lib/python3.12/site-packages/airflow/example_dags/example_dag_decorator.py
[2025-02-07T13:46:17.639+0000] {processor.py:914} INFO - Processing file /opt/conda/lib/python3.12/site-packages/airflow/example_dags/example_dag_decorator.py for tasks to queue
[2025-02-07T13:46:17.641+0000] {logging_mixin.py:190} INFO - [2025-02-07T13:46:17.640+0000] {dagbag.py:588} INFO - Filling up the DagBag from /opt/conda/lib/python3.12/site-packages/airflow/example_dags/example_dag_decorator.py
[2025-02-07T13:46:17.664+0000] {processor.py:925} INFO - DAG(s) 'example_dag_decorator' retrieved from /opt/conda/lib/python3.12/site-packages/airflow/example_dags/example_dag_decorator.py
[2025-02-07T13:46:17.684+0000] {logging_mixin.py:190} INFO - [2025-02-07T13:46:17.684+0000] {dag.py:3239} INFO - Sync 1 DAGs
[2025-02-07T13:46:17.694+0000] {logging_mixin.py:190} INFO - [2025-02-07T13:46:17.694+0000] {dag.py:4180} INFO - Setting next_dagrun for example_dag_decorator to None, run_after=None
[2025-02-07T13:46:17.714+0000] {processor.py:208} INFO - Processing /opt/conda/lib/python3.12/site-packages/airflow/example_dags/example_dag_decorator.py took 0.091 seconds
[2025-02-07T14:05:35.966+0000] {processor.py:186} INFO - Started process (PID=1774) to work on /opt/conda/lib/python3.12/site-packages/airflow/example_dags/example_dag_decorator.py
[2025-02-07T14:05:35.967+0000] {processor.py:914} INFO - Processing file /opt/conda/lib/python3.12/site-packages/airflow/example_dags/example_dag_decorator.py for tasks to queue
[2025-02-07T14:05:35.968+0000] {logging_mixin.py:190} INFO - [2025-02-07T14:05:35.968+0000] {dagbag.py:588} INFO - Filling up the DagBag from /opt/conda/lib/python3.12/site-packages/airflow/example_dags/example_dag_decorator.py
[2025-02-07T14:05:35.987+0000] {processor.py:925} INFO - DAG(s) 'example_dag_decorator' retrieved from /opt/conda/lib/python3.12/site-packages/airflow/example_dags/example_dag_decorator.py
[2025-02-07T14:05:36.126+0000] {logging_mixin.py:190} INFO - [2025-02-07T14:05:36.126+0000] {dag.py:3239} INFO - Sync 1 DAGs
[2025-02-07T14:05:36.133+0000] {logging_mixin.py:190} INFO - [2025-02-07T14:05:36.132+0000] {dag.py:4180} INFO - Setting next_dagrun for example_dag_decorator to None, run_after=None
[2025-02-07T14:05:36.144+0000] {processor.py:208} INFO - Processing /opt/conda/lib/python3.12/site-packages/airflow/example_dags/example_dag_decorator.py took 0.183 seconds
[2025-02-07T14:06:39.705+0000] {processor.py:186} INFO - Started process (PID=1844) to work on /opt/conda/lib/python3.12/site-packages/airflow/example_dags/example_dag_decorator.py
[2025-02-07T14:06:39.706+0000] {processor.py:914} INFO - Processing file /opt/conda/lib/python3.12/site-packages/airflow/example_dags/example_dag_decorator.py for tasks to queue
[2025-02-07T14:06:39.707+0000] {logging_mixin.py:190} INFO - [2025-02-07T14:06:39.707+0000] {dagbag.py:588} INFO - Filling up the DagBag from /opt/conda/lib/python3.12/site-packages/airflow/example_dags/example_dag_decorator.py
[2025-02-07T14:06:39.716+0000] {processor.py:925} INFO - DAG(s) 'example_dag_decorator' retrieved from /opt/conda/lib/python3.12/site-packages/airflow/example_dags/example_dag_decorator.py
[2025-02-07T14:06:39.986+0000] {logging_mixin.py:190} INFO - [2025-02-07T14:06:39.986+0000] {dag.py:3239} INFO - Sync 1 DAGs
[2025-02-07T14:06:39.992+0000] {logging_mixin.py:190} INFO - [2025-02-07T14:06:39.992+0000] {dag.py:4180} INFO - Setting next_dagrun for example_dag_decorator to None, run_after=None
[2025-02-07T14:06:40.005+0000] {processor.py:208} INFO - Processing /opt/conda/lib/python3.12/site-packages/airflow/example_dags/example_dag_decorator.py took 0.303 seconds
[2025-02-07T14:08:49.413+0000] {processor.py:186} INFO - Started process (PID=2148) to work on /opt/conda/lib/python3.12/site-packages/airflow/example_dags/example_dag_decorator.py
[2025-02-07T14:08:49.414+0000] {processor.py:914} INFO - Processing file /opt/conda/lib/python3.12/site-packages/airflow/example_dags/example_dag_decorator.py for tasks to queue
[2025-02-07T14:08:49.416+0000] {logging_mixin.py:190} INFO - [2025-02-07T14:08:49.415+0000] {dagbag.py:588} INFO - Filling up the DagBag from /opt/conda/lib/python3.12/site-packages/airflow/example_dags/example_dag_decorator.py
[2025-02-07T14:08:49.454+0000] {processor.py:925} INFO - DAG(s) 'example_dag_decorator' retrieved from /opt/conda/lib/python3.12/site-packages/airflow/example_dags/example_dag_decorator.py
[2025-02-07T14:08:50.178+0000] {logging_mixin.py:190} INFO - [2025-02-07T14:08:50.177+0000] {dag.py:3239} INFO - Sync 1 DAGs
[2025-02-07T14:08:50.185+0000] {logging_mixin.py:190} INFO - [2025-02-07T14:08:50.185+0000] {dag.py:4180} INFO - Setting next_dagrun for example_dag_decorator to None, run_after=None
[2025-02-07T14:08:50.220+0000] {processor.py:208} INFO - Processing /opt/conda/lib/python3.12/site-packages/airflow/example_dags/example_dag_decorator.py took 0.819 seconds
