[2025-02-07T12:06:21.047+0000] {processor.py:186} INFO - Started process (PID=1146) to work on /opt/conda/lib/python3.12/site-packages/airflow/example_dags/example_trigger_controller_dag.py
[2025-02-07T12:06:21.051+0000] {processor.py:914} INFO - Processing file /opt/conda/lib/python3.12/site-packages/airflow/example_dags/example_trigger_controller_dag.py for tasks to queue
[2025-02-07T12:06:21.055+0000] {logging_mixin.py:190} INFO - [2025-02-07T12:06:21.054+0000] {dagbag.py:588} INFO - Filling up the DagBag from /opt/conda/lib/python3.12/site-packages/airflow/example_dags/example_trigger_controller_dag.py
[2025-02-07T12:06:21.068+0000] {processor.py:925} INFO - DAG(s) 'example_trigger_controller_dag' retrieved from /opt/conda/lib/python3.12/site-packages/airflow/example_dags/example_trigger_controller_dag.py
[2025-02-07T12:06:21.100+0000] {logging_mixin.py:190} INFO - [2025-02-07T12:06:21.100+0000] {dag.py:3239} INFO - Sync 1 DAGs
[2025-02-07T12:06:21.127+0000] {logging_mixin.py:190} INFO - [2025-02-07T12:06:21.126+0000] {dag.py:4180} INFO - Setting next_dagrun for example_trigger_controller_dag to 2021-01-01 00:00:00+00:00, run_after=2021-01-01 00:00:00+00:00
[2025-02-07T12:06:21.175+0000] {processor.py:208} INFO - Processing /opt/conda/lib/python3.12/site-packages/airflow/example_dags/example_trigger_controller_dag.py took 0.139 seconds
[2025-02-07T12:18:41.217+0000] {processor.py:186} INFO - Started process (PID=4888) to work on /opt/conda/lib/python3.12/site-packages/airflow/example_dags/example_trigger_controller_dag.py
[2025-02-07T12:18:41.219+0000] {processor.py:914} INFO - Processing file /opt/conda/lib/python3.12/site-packages/airflow/example_dags/example_trigger_controller_dag.py for tasks to queue
[2025-02-07T12:18:41.223+0000] {logging_mixin.py:190} INFO - [2025-02-07T12:18:41.222+0000] {dagbag.py:588} INFO - Filling up the DagBag from /opt/conda/lib/python3.12/site-packages/airflow/example_dags/example_trigger_controller_dag.py
[2025-02-07T12:18:41.235+0000] {processor.py:925} INFO - DAG(s) 'example_trigger_controller_dag' retrieved from /opt/conda/lib/python3.12/site-packages/airflow/example_dags/example_trigger_controller_dag.py
[2025-02-07T12:18:41.255+0000] {logging_mixin.py:190} INFO - [2025-02-07T12:18:41.255+0000] {dag.py:3239} INFO - Sync 1 DAGs
[2025-02-07T12:18:41.275+0000] {logging_mixin.py:190} INFO - [2025-02-07T12:18:41.275+0000] {dag.py:4180} INFO - Setting next_dagrun for example_trigger_controller_dag to 2021-01-01 00:00:00+00:00, run_after=2021-01-01 00:00:00+00:00
[2025-02-07T12:18:41.294+0000] {processor.py:208} INFO - Processing /opt/conda/lib/python3.12/site-packages/airflow/example_dags/example_trigger_controller_dag.py took 0.084 seconds
[2025-02-07T12:30:42.613+0000] {processor.py:186} INFO - Started process (PID=1438) to work on /opt/conda/lib/python3.12/site-packages/airflow/example_dags/example_trigger_controller_dag.py
[2025-02-07T12:30:42.614+0000] {processor.py:914} INFO - Processing file /opt/conda/lib/python3.12/site-packages/airflow/example_dags/example_trigger_controller_dag.py for tasks to queue
[2025-02-07T12:30:42.616+0000] {logging_mixin.py:190} INFO - [2025-02-07T12:30:42.616+0000] {dagbag.py:588} INFO - Filling up the DagBag from /opt/conda/lib/python3.12/site-packages/airflow/example_dags/example_trigger_controller_dag.py
[2025-02-07T12:30:42.620+0000] {processor.py:925} INFO - DAG(s) 'example_trigger_controller_dag' retrieved from /opt/conda/lib/python3.12/site-packages/airflow/example_dags/example_trigger_controller_dag.py
[2025-02-07T12:30:42.638+0000] {logging_mixin.py:190} INFO - [2025-02-07T12:30:42.638+0000] {dag.py:3239} INFO - Sync 1 DAGs
[2025-02-07T12:30:42.651+0000] {logging_mixin.py:190} INFO - [2025-02-07T12:30:42.651+0000] {dag.py:4180} INFO - Setting next_dagrun for example_trigger_controller_dag to 2021-01-01 00:00:00+00:00, run_after=2021-01-01 00:00:00+00:00
[2025-02-07T12:30:42.667+0000] {processor.py:208} INFO - Processing /opt/conda/lib/python3.12/site-packages/airflow/example_dags/example_trigger_controller_dag.py took 0.059 seconds
[2025-02-07T12:32:35.637+0000] {processor.py:186} INFO - Started process (PID=111) to work on /opt/conda/lib/python3.12/site-packages/airflow/example_dags/example_trigger_controller_dag.py
[2025-02-07T12:32:35.639+0000] {processor.py:914} INFO - Processing file /opt/conda/lib/python3.12/site-packages/airflow/example_dags/example_trigger_controller_dag.py for tasks to queue
[2025-02-07T12:32:35.642+0000] {logging_mixin.py:190} INFO - [2025-02-07T12:32:35.641+0000] {dagbag.py:588} INFO - Filling up the DagBag from /opt/conda/lib/python3.12/site-packages/airflow/example_dags/example_trigger_controller_dag.py
[2025-02-07T12:32:35.651+0000] {processor.py:925} INFO - DAG(s) 'example_trigger_controller_dag' retrieved from /opt/conda/lib/python3.12/site-packages/airflow/example_dags/example_trigger_controller_dag.py
[2025-02-07T12:32:35.673+0000] {logging_mixin.py:190} INFO - [2025-02-07T12:32:35.673+0000] {dag.py:3239} INFO - Sync 1 DAGs
[2025-02-07T12:32:35.689+0000] {logging_mixin.py:190} INFO - [2025-02-07T12:32:35.689+0000] {dag.py:4180} INFO - Setting next_dagrun for example_trigger_controller_dag to 2021-01-01 00:00:00+00:00, run_after=2021-01-01 00:00:00+00:00
[2025-02-07T12:32:35.731+0000] {processor.py:208} INFO - Processing /opt/conda/lib/python3.12/site-packages/airflow/example_dags/example_trigger_controller_dag.py took 0.111 seconds
[2025-02-07T12:36:24.731+0000] {processor.py:186} INFO - Started process (PID=89) to work on /opt/conda/lib/python3.12/site-packages/airflow/example_dags/example_trigger_controller_dag.py
[2025-02-07T12:36:24.738+0000] {processor.py:914} INFO - Processing file /opt/conda/lib/python3.12/site-packages/airflow/example_dags/example_trigger_controller_dag.py for tasks to queue
[2025-02-07T12:36:24.754+0000] {logging_mixin.py:190} INFO - [2025-02-07T12:36:24.745+0000] {dagbag.py:588} INFO - Filling up the DagBag from /opt/conda/lib/python3.12/site-packages/airflow/example_dags/example_trigger_controller_dag.py
[2025-02-07T12:36:24.832+0000] {processor.py:925} INFO - DAG(s) 'example_trigger_controller_dag' retrieved from /opt/conda/lib/python3.12/site-packages/airflow/example_dags/example_trigger_controller_dag.py
[2025-02-07T12:36:24.982+0000] {logging_mixin.py:190} INFO - [2025-02-07T12:36:24.981+0000] {dag.py:3239} INFO - Sync 1 DAGs
[2025-02-07T12:36:25.079+0000] {logging_mixin.py:190} INFO - [2025-02-07T12:36:25.078+0000] {dag.py:4180} INFO - Setting next_dagrun for example_trigger_controller_dag to 2021-01-01 00:00:00+00:00, run_after=2021-01-01 00:00:00+00:00
[2025-02-07T12:36:25.305+0000] {processor.py:208} INFO - Processing /opt/conda/lib/python3.12/site-packages/airflow/example_dags/example_trigger_controller_dag.py took 0.604 seconds
[2025-02-07T12:37:35.140+0000] {processor.py:186} INFO - Started process (PID=157) to work on /opt/conda/lib/python3.12/site-packages/airflow/example_dags/example_trigger_controller_dag.py
[2025-02-07T12:37:35.142+0000] {processor.py:914} INFO - Processing file /opt/conda/lib/python3.12/site-packages/airflow/example_dags/example_trigger_controller_dag.py for tasks to queue
[2025-02-07T12:37:35.143+0000] {logging_mixin.py:190} INFO - [2025-02-07T12:37:35.143+0000] {dagbag.py:588} INFO - Filling up the DagBag from /opt/conda/lib/python3.12/site-packages/airflow/example_dags/example_trigger_controller_dag.py
[2025-02-07T12:37:35.148+0000] {processor.py:925} INFO - DAG(s) 'example_trigger_controller_dag' retrieved from /opt/conda/lib/python3.12/site-packages/airflow/example_dags/example_trigger_controller_dag.py
[2025-02-07T12:37:35.161+0000] {logging_mixin.py:190} INFO - [2025-02-07T12:37:35.160+0000] {dag.py:3239} INFO - Sync 1 DAGs
[2025-02-07T12:37:35.174+0000] {logging_mixin.py:190} INFO - [2025-02-07T12:37:35.174+0000] {dag.py:4180} INFO - Setting next_dagrun for example_trigger_controller_dag to 2021-01-01 00:00:00+00:00, run_after=2021-01-01 00:00:00+00:00
[2025-02-07T12:37:35.189+0000] {processor.py:208} INFO - Processing /opt/conda/lib/python3.12/site-packages/airflow/example_dags/example_trigger_controller_dag.py took 0.054 seconds
[2025-02-07T12:38:37.698+0000] {processor.py:186} INFO - Started process (PID=227) to work on /opt/conda/lib/python3.12/site-packages/airflow/example_dags/example_trigger_controller_dag.py
[2025-02-07T12:38:37.699+0000] {processor.py:914} INFO - Processing file /opt/conda/lib/python3.12/site-packages/airflow/example_dags/example_trigger_controller_dag.py for tasks to queue
[2025-02-07T12:38:37.702+0000] {logging_mixin.py:190} INFO - [2025-02-07T12:38:37.701+0000] {dagbag.py:588} INFO - Filling up the DagBag from /opt/conda/lib/python3.12/site-packages/airflow/example_dags/example_trigger_controller_dag.py
[2025-02-07T12:38:37.707+0000] {processor.py:925} INFO - DAG(s) 'example_trigger_controller_dag' retrieved from /opt/conda/lib/python3.12/site-packages/airflow/example_dags/example_trigger_controller_dag.py
[2025-02-07T12:38:37.719+0000] {logging_mixin.py:190} INFO - [2025-02-07T12:38:37.719+0000] {dag.py:3239} INFO - Sync 1 DAGs
[2025-02-07T12:38:37.733+0000] {logging_mixin.py:190} INFO - [2025-02-07T12:38:37.732+0000] {dag.py:4180} INFO - Setting next_dagrun for example_trigger_controller_dag to 2021-01-01 00:00:00+00:00, run_after=2021-01-01 00:00:00+00:00
[2025-02-07T12:38:37.747+0000] {processor.py:208} INFO - Processing /opt/conda/lib/python3.12/site-packages/airflow/example_dags/example_trigger_controller_dag.py took 0.053 seconds
[2025-02-07T12:39:34.819+0000] {processor.py:186} INFO - Started process (PID=295) to work on /opt/conda/lib/python3.12/site-packages/airflow/example_dags/example_trigger_controller_dag.py
[2025-02-07T12:39:34.821+0000] {processor.py:914} INFO - Processing file /opt/conda/lib/python3.12/site-packages/airflow/example_dags/example_trigger_controller_dag.py for tasks to queue
[2025-02-07T12:39:34.823+0000] {logging_mixin.py:190} INFO - [2025-02-07T12:39:34.823+0000] {dagbag.py:588} INFO - Filling up the DagBag from /opt/conda/lib/python3.12/site-packages/airflow/example_dags/example_trigger_controller_dag.py
[2025-02-07T12:39:34.830+0000] {processor.py:925} INFO - DAG(s) 'example_trigger_controller_dag' retrieved from /opt/conda/lib/python3.12/site-packages/airflow/example_dags/example_trigger_controller_dag.py
[2025-02-07T12:39:34.848+0000] {logging_mixin.py:190} INFO - [2025-02-07T12:39:34.847+0000] {dag.py:3239} INFO - Sync 1 DAGs
[2025-02-07T12:39:34.863+0000] {logging_mixin.py:190} INFO - [2025-02-07T12:39:34.863+0000] {dag.py:4180} INFO - Setting next_dagrun for example_trigger_controller_dag to 2021-01-01 00:00:00+00:00, run_after=2021-01-01 00:00:00+00:00
[2025-02-07T12:39:34.876+0000] {processor.py:208} INFO - Processing /opt/conda/lib/python3.12/site-packages/airflow/example_dags/example_trigger_controller_dag.py took 0.061 seconds
[2025-02-07T12:40:31.636+0000] {processor.py:186} INFO - Started process (PID=352) to work on /opt/conda/lib/python3.12/site-packages/airflow/example_dags/example_trigger_controller_dag.py
[2025-02-07T12:40:31.637+0000] {processor.py:914} INFO - Processing file /opt/conda/lib/python3.12/site-packages/airflow/example_dags/example_trigger_controller_dag.py for tasks to queue
[2025-02-07T12:40:31.640+0000] {logging_mixin.py:190} INFO - [2025-02-07T12:40:31.640+0000] {dagbag.py:588} INFO - Filling up the DagBag from /opt/conda/lib/python3.12/site-packages/airflow/example_dags/example_trigger_controller_dag.py
[2025-02-07T12:40:31.646+0000] {processor.py:925} INFO - DAG(s) 'example_trigger_controller_dag' retrieved from /opt/conda/lib/python3.12/site-packages/airflow/example_dags/example_trigger_controller_dag.py
[2025-02-07T12:40:31.658+0000] {logging_mixin.py:190} INFO - [2025-02-07T12:40:31.658+0000] {dag.py:3239} INFO - Sync 1 DAGs
[2025-02-07T12:40:31.673+0000] {logging_mixin.py:190} INFO - [2025-02-07T12:40:31.673+0000] {dag.py:4180} INFO - Setting next_dagrun for example_trigger_controller_dag to 2021-01-01 00:00:00+00:00, run_after=2021-01-01 00:00:00+00:00
[2025-02-07T12:40:31.688+0000] {processor.py:208} INFO - Processing /opt/conda/lib/python3.12/site-packages/airflow/example_dags/example_trigger_controller_dag.py took 0.058 seconds
[2025-02-07T12:42:57.632+0000] {processor.py:186} INFO - Started process (PID=1080) to work on /opt/conda/lib/python3.12/site-packages/airflow/example_dags/example_trigger_controller_dag.py
[2025-02-07T12:42:57.633+0000] {processor.py:914} INFO - Processing file /opt/conda/lib/python3.12/site-packages/airflow/example_dags/example_trigger_controller_dag.py for tasks to queue
[2025-02-07T12:42:57.636+0000] {logging_mixin.py:190} INFO - [2025-02-07T12:42:57.636+0000] {dagbag.py:588} INFO - Filling up the DagBag from /opt/conda/lib/python3.12/site-packages/airflow/example_dags/example_trigger_controller_dag.py
[2025-02-07T12:42:57.645+0000] {processor.py:925} INFO - DAG(s) 'example_trigger_controller_dag' retrieved from /opt/conda/lib/python3.12/site-packages/airflow/example_dags/example_trigger_controller_dag.py
[2025-02-07T12:42:57.657+0000] {logging_mixin.py:190} INFO - [2025-02-07T12:42:57.657+0000] {dag.py:3239} INFO - Sync 1 DAGs
[2025-02-07T12:42:57.670+0000] {logging_mixin.py:190} INFO - [2025-02-07T12:42:57.670+0000] {dag.py:4180} INFO - Setting next_dagrun for example_trigger_controller_dag to 2021-01-01 00:00:00+00:00, run_after=2021-01-01 00:00:00+00:00
[2025-02-07T12:42:57.686+0000] {processor.py:208} INFO - Processing /opt/conda/lib/python3.12/site-packages/airflow/example_dags/example_trigger_controller_dag.py took 0.059 seconds
[2025-02-07T12:48:10.053+0000] {processor.py:186} INFO - Started process (PID=3213) to work on /opt/conda/lib/python3.12/site-packages/airflow/example_dags/example_trigger_controller_dag.py
[2025-02-07T12:48:10.054+0000] {processor.py:914} INFO - Processing file /opt/conda/lib/python3.12/site-packages/airflow/example_dags/example_trigger_controller_dag.py for tasks to queue
[2025-02-07T12:48:10.057+0000] {logging_mixin.py:190} INFO - [2025-02-07T12:48:10.057+0000] {dagbag.py:588} INFO - Filling up the DagBag from /opt/conda/lib/python3.12/site-packages/airflow/example_dags/example_trigger_controller_dag.py
[2025-02-07T12:48:10.116+0000] {processor.py:925} INFO - DAG(s) 'example_trigger_controller_dag' retrieved from /opt/conda/lib/python3.12/site-packages/airflow/example_dags/example_trigger_controller_dag.py
[2025-02-07T12:48:10.158+0000] {logging_mixin.py:190} INFO - [2025-02-07T12:48:10.158+0000] {dag.py:3239} INFO - Sync 1 DAGs
[2025-02-07T12:48:10.196+0000] {logging_mixin.py:190} INFO - [2025-02-07T12:48:10.195+0000] {dag.py:4180} INFO - Setting next_dagrun for example_trigger_controller_dag to 2021-01-01 00:00:00+00:00, run_after=2021-01-01 00:00:00+00:00
[2025-02-07T12:48:10.216+0000] {processor.py:208} INFO - Processing /opt/conda/lib/python3.12/site-packages/airflow/example_dags/example_trigger_controller_dag.py took 0.169 seconds
[2025-02-07T12:56:32.708+0000] {processor.py:186} INFO - Started process (PID=6789) to work on /opt/conda/lib/python3.12/site-packages/airflow/example_dags/example_trigger_controller_dag.py
[2025-02-07T12:56:32.709+0000] {processor.py:914} INFO - Processing file /opt/conda/lib/python3.12/site-packages/airflow/example_dags/example_trigger_controller_dag.py for tasks to queue
[2025-02-07T12:56:32.712+0000] {logging_mixin.py:190} INFO - [2025-02-07T12:56:32.712+0000] {dagbag.py:588} INFO - Filling up the DagBag from /opt/conda/lib/python3.12/site-packages/airflow/example_dags/example_trigger_controller_dag.py
[2025-02-07T12:56:32.721+0000] {processor.py:925} INFO - DAG(s) 'example_trigger_controller_dag' retrieved from /opt/conda/lib/python3.12/site-packages/airflow/example_dags/example_trigger_controller_dag.py
[2025-02-07T12:56:32.748+0000] {logging_mixin.py:190} INFO - [2025-02-07T12:56:32.748+0000] {dag.py:3239} INFO - Sync 1 DAGs
[2025-02-07T12:56:32.773+0000] {logging_mixin.py:190} INFO - [2025-02-07T12:56:32.772+0000] {dag.py:4180} INFO - Setting next_dagrun for example_trigger_controller_dag to 2021-01-01 00:00:00+00:00, run_after=2021-01-01 00:00:00+00:00
[2025-02-07T12:56:32.788+0000] {processor.py:208} INFO - Processing /opt/conda/lib/python3.12/site-packages/airflow/example_dags/example_trigger_controller_dag.py took 0.085 seconds
[2025-02-07T13:04:06.441+0000] {processor.py:186} INFO - Started process (PID=892) to work on /opt/conda/lib/python3.12/site-packages/airflow/example_dags/example_trigger_controller_dag.py
[2025-02-07T13:04:06.442+0000] {processor.py:914} INFO - Processing file /opt/conda/lib/python3.12/site-packages/airflow/example_dags/example_trigger_controller_dag.py for tasks to queue
[2025-02-07T13:04:06.443+0000] {logging_mixin.py:190} INFO - [2025-02-07T13:04:06.443+0000] {dagbag.py:588} INFO - Filling up the DagBag from /opt/conda/lib/python3.12/site-packages/airflow/example_dags/example_trigger_controller_dag.py
[2025-02-07T13:04:06.446+0000] {processor.py:925} INFO - DAG(s) 'example_trigger_controller_dag' retrieved from /opt/conda/lib/python3.12/site-packages/airflow/example_dags/example_trigger_controller_dag.py
[2025-02-07T13:04:06.456+0000] {logging_mixin.py:190} INFO - [2025-02-07T13:04:06.456+0000] {dag.py:3239} INFO - Sync 1 DAGs
[2025-02-07T13:04:06.466+0000] {logging_mixin.py:190} INFO - [2025-02-07T13:04:06.466+0000] {dag.py:4180} INFO - Setting next_dagrun for example_trigger_controller_dag to 2021-01-01 00:00:00+00:00, run_after=2021-01-01 00:00:00+00:00
[2025-02-07T13:04:06.490+0000] {processor.py:208} INFO - Processing /opt/conda/lib/python3.12/site-packages/airflow/example_dags/example_trigger_controller_dag.py took 0.052 seconds
[2025-02-07T13:06:55.452+0000] {processor.py:186} INFO - Started process (PID=375) to work on /opt/conda/lib/python3.12/site-packages/airflow/example_dags/example_trigger_controller_dag.py
[2025-02-07T13:06:55.453+0000] {processor.py:914} INFO - Processing file /opt/conda/lib/python3.12/site-packages/airflow/example_dags/example_trigger_controller_dag.py for tasks to queue
[2025-02-07T13:06:55.455+0000] {logging_mixin.py:190} INFO - [2025-02-07T13:06:55.455+0000] {dagbag.py:588} INFO - Filling up the DagBag from /opt/conda/lib/python3.12/site-packages/airflow/example_dags/example_trigger_controller_dag.py
[2025-02-07T13:06:55.462+0000] {processor.py:925} INFO - DAG(s) 'example_trigger_controller_dag' retrieved from /opt/conda/lib/python3.12/site-packages/airflow/example_dags/example_trigger_controller_dag.py
[2025-02-07T13:06:55.477+0000] {logging_mixin.py:190} INFO - [2025-02-07T13:06:55.477+0000] {dag.py:3239} INFO - Sync 1 DAGs
[2025-02-07T13:06:55.491+0000] {logging_mixin.py:190} INFO - [2025-02-07T13:06:55.490+0000] {dag.py:4180} INFO - Setting next_dagrun for example_trigger_controller_dag to 2021-01-01 00:00:00+00:00, run_after=2021-01-01 00:00:00+00:00
[2025-02-07T13:06:55.515+0000] {processor.py:208} INFO - Processing /opt/conda/lib/python3.12/site-packages/airflow/example_dags/example_trigger_controller_dag.py took 0.068 seconds
[2025-02-07T13:25:19.675+0000] {processor.py:186} INFO - Started process (PID=529) to work on /opt/conda/lib/python3.12/site-packages/airflow/example_dags/example_trigger_controller_dag.py
[2025-02-07T13:25:19.679+0000] {processor.py:914} INFO - Processing file /opt/conda/lib/python3.12/site-packages/airflow/example_dags/example_trigger_controller_dag.py for tasks to queue
[2025-02-07T13:25:19.703+0000] {logging_mixin.py:190} INFO - [2025-02-07T13:25:19.698+0000] {dagbag.py:588} INFO - Filling up the DagBag from /opt/conda/lib/python3.12/site-packages/airflow/example_dags/example_trigger_controller_dag.py
[2025-02-07T13:25:19.740+0000] {processor.py:925} INFO - DAG(s) 'example_trigger_controller_dag' retrieved from /opt/conda/lib/python3.12/site-packages/airflow/example_dags/example_trigger_controller_dag.py
[2025-02-07T13:25:19.836+0000] {logging_mixin.py:190} INFO - [2025-02-07T13:25:19.836+0000] {dag.py:3239} INFO - Sync 1 DAGs
[2025-02-07T13:25:19.880+0000] {logging_mixin.py:190} INFO - [2025-02-07T13:25:19.878+0000] {dag.py:4180} INFO - Setting next_dagrun for example_trigger_controller_dag to 2021-01-01 00:00:00+00:00, run_after=2021-01-01 00:00:00+00:00
[2025-02-07T13:25:19.963+0000] {processor.py:208} INFO - Processing /opt/conda/lib/python3.12/site-packages/airflow/example_dags/example_trigger_controller_dag.py took 0.298 seconds
[2025-02-07T13:27:11.615+0000] {processor.py:186} INFO - Started process (PID=184) to work on /opt/conda/lib/python3.12/site-packages/airflow/example_dags/example_trigger_controller_dag.py
[2025-02-07T13:27:11.616+0000] {processor.py:914} INFO - Processing file /opt/conda/lib/python3.12/site-packages/airflow/example_dags/example_trigger_controller_dag.py for tasks to queue
[2025-02-07T13:27:11.618+0000] {logging_mixin.py:190} INFO - [2025-02-07T13:27:11.618+0000] {dagbag.py:588} INFO - Filling up the DagBag from /opt/conda/lib/python3.12/site-packages/airflow/example_dags/example_trigger_controller_dag.py
[2025-02-07T13:27:11.624+0000] {processor.py:925} INFO - DAG(s) 'example_trigger_controller_dag' retrieved from /opt/conda/lib/python3.12/site-packages/airflow/example_dags/example_trigger_controller_dag.py
[2025-02-07T13:27:11.644+0000] {logging_mixin.py:190} INFO - [2025-02-07T13:27:11.644+0000] {dag.py:3239} INFO - Sync 1 DAGs
[2025-02-07T13:27:11.657+0000] {logging_mixin.py:190} INFO - [2025-02-07T13:27:11.657+0000] {dag.py:4180} INFO - Setting next_dagrun for example_trigger_controller_dag to 2021-01-01 00:00:00+00:00, run_after=2021-01-01 00:00:00+00:00
[2025-02-07T13:27:11.672+0000] {processor.py:208} INFO - Processing /opt/conda/lib/python3.12/site-packages/airflow/example_dags/example_trigger_controller_dag.py took 0.067 seconds
[2025-02-07T13:28:42.739+0000] {processor.py:186} INFO - Started process (PID=337) to work on /opt/conda/lib/python3.12/site-packages/airflow/example_dags/example_trigger_controller_dag.py
[2025-02-07T13:28:42.740+0000] {processor.py:914} INFO - Processing file /opt/conda/lib/python3.12/site-packages/airflow/example_dags/example_trigger_controller_dag.py for tasks to queue
[2025-02-07T13:28:42.742+0000] {logging_mixin.py:190} INFO - [2025-02-07T13:28:42.742+0000] {dagbag.py:588} INFO - Filling up the DagBag from /opt/conda/lib/python3.12/site-packages/airflow/example_dags/example_trigger_controller_dag.py
[2025-02-07T13:28:42.748+0000] {processor.py:925} INFO - DAG(s) 'example_trigger_controller_dag' retrieved from /opt/conda/lib/python3.12/site-packages/airflow/example_dags/example_trigger_controller_dag.py
[2025-02-07T13:28:42.764+0000] {logging_mixin.py:190} INFO - [2025-02-07T13:28:42.763+0000] {dag.py:3239} INFO - Sync 1 DAGs
[2025-02-07T13:28:42.778+0000] {logging_mixin.py:190} INFO - [2025-02-07T13:28:42.778+0000] {dag.py:4180} INFO - Setting next_dagrun for example_trigger_controller_dag to 2021-01-01 00:00:00+00:00, run_after=2021-01-01 00:00:00+00:00
[2025-02-07T13:28:42.803+0000] {processor.py:208} INFO - Processing /opt/conda/lib/python3.12/site-packages/airflow/example_dags/example_trigger_controller_dag.py took 0.079 seconds
[2025-02-07T13:30:00.516+0000] {processor.py:186} INFO - Started process (PID=422) to work on /opt/conda/lib/python3.12/site-packages/airflow/example_dags/example_trigger_controller_dag.py
[2025-02-07T13:30:00.518+0000] {processor.py:914} INFO - Processing file /opt/conda/lib/python3.12/site-packages/airflow/example_dags/example_trigger_controller_dag.py for tasks to queue
[2025-02-07T13:30:00.520+0000] {logging_mixin.py:190} INFO - [2025-02-07T13:30:00.519+0000] {dagbag.py:588} INFO - Filling up the DagBag from /opt/conda/lib/python3.12/site-packages/airflow/example_dags/example_trigger_controller_dag.py
[2025-02-07T13:30:00.528+0000] {processor.py:925} INFO - DAG(s) 'example_trigger_controller_dag' retrieved from /opt/conda/lib/python3.12/site-packages/airflow/example_dags/example_trigger_controller_dag.py
[2025-02-07T13:30:00.548+0000] {logging_mixin.py:190} INFO - [2025-02-07T13:30:00.547+0000] {dag.py:3239} INFO - Sync 1 DAGs
[2025-02-07T13:30:00.561+0000] {logging_mixin.py:190} INFO - [2025-02-07T13:30:00.560+0000] {dag.py:4180} INFO - Setting next_dagrun for example_trigger_controller_dag to 2021-01-01 00:00:00+00:00, run_after=2021-01-01 00:00:00+00:00
[2025-02-07T13:30:00.578+0000] {processor.py:208} INFO - Processing /opt/conda/lib/python3.12/site-packages/airflow/example_dags/example_trigger_controller_dag.py took 0.069 seconds
[2025-02-07T13:33:08.030+0000] {processor.py:186} INFO - Started process (PID=303) to work on /opt/conda/lib/python3.12/site-packages/airflow/example_dags/example_trigger_controller_dag.py
[2025-02-07T13:33:08.036+0000] {processor.py:914} INFO - Processing file /opt/conda/lib/python3.12/site-packages/airflow/example_dags/example_trigger_controller_dag.py for tasks to queue
[2025-02-07T13:33:08.049+0000] {logging_mixin.py:190} INFO - [2025-02-07T13:33:08.048+0000] {dagbag.py:588} INFO - Filling up the DagBag from /opt/conda/lib/python3.12/site-packages/airflow/example_dags/example_trigger_controller_dag.py
[2025-02-07T13:33:08.069+0000] {processor.py:925} INFO - DAG(s) 'example_trigger_controller_dag' retrieved from /opt/conda/lib/python3.12/site-packages/airflow/example_dags/example_trigger_controller_dag.py
[2025-02-07T13:33:08.156+0000] {logging_mixin.py:190} INFO - [2025-02-07T13:33:08.154+0000] {dag.py:3239} INFO - Sync 1 DAGs
[2025-02-07T13:33:08.299+0000] {logging_mixin.py:190} INFO - [2025-02-07T13:33:08.298+0000] {dag.py:4180} INFO - Setting next_dagrun for example_trigger_controller_dag to 2021-01-01 00:00:00+00:00, run_after=2021-01-01 00:00:00+00:00
[2025-02-07T13:33:08.409+0000] {processor.py:208} INFO - Processing /opt/conda/lib/python3.12/site-packages/airflow/example_dags/example_trigger_controller_dag.py took 0.419 seconds
[2025-02-07T13:34:58.674+0000] {processor.py:186} INFO - Started process (PID=193) to work on /opt/conda/lib/python3.12/site-packages/airflow/example_dags/example_trigger_controller_dag.py
[2025-02-07T13:34:58.676+0000] {processor.py:914} INFO - Processing file /opt/conda/lib/python3.12/site-packages/airflow/example_dags/example_trigger_controller_dag.py for tasks to queue
[2025-02-07T13:34:58.681+0000] {logging_mixin.py:190} INFO - [2025-02-07T13:34:58.680+0000] {dagbag.py:588} INFO - Filling up the DagBag from /opt/conda/lib/python3.12/site-packages/airflow/example_dags/example_trigger_controller_dag.py
[2025-02-07T13:34:58.702+0000] {processor.py:925} INFO - DAG(s) 'example_trigger_controller_dag' retrieved from /opt/conda/lib/python3.12/site-packages/airflow/example_dags/example_trigger_controller_dag.py
[2025-02-07T13:34:58.766+0000] {logging_mixin.py:190} INFO - [2025-02-07T13:34:58.766+0000] {dag.py:3239} INFO - Sync 1 DAGs
[2025-02-07T13:34:58.799+0000] {logging_mixin.py:190} INFO - [2025-02-07T13:34:58.799+0000] {dag.py:4180} INFO - Setting next_dagrun for example_trigger_controller_dag to 2021-01-01 00:00:00+00:00, run_after=2021-01-01 00:00:00+00:00
[2025-02-07T13:34:58.888+0000] {processor.py:208} INFO - Processing /opt/conda/lib/python3.12/site-packages/airflow/example_dags/example_trigger_controller_dag.py took 0.227 seconds
[2025-02-07T13:38:08.035+0000] {processor.py:186} INFO - Started process (PID=308) to work on /opt/conda/lib/python3.12/site-packages/airflow/example_dags/example_trigger_controller_dag.py
[2025-02-07T13:38:08.041+0000] {processor.py:914} INFO - Processing file /opt/conda/lib/python3.12/site-packages/airflow/example_dags/example_trigger_controller_dag.py for tasks to queue
[2025-02-07T13:38:08.057+0000] {logging_mixin.py:190} INFO - [2025-02-07T13:38:08.055+0000] {dagbag.py:588} INFO - Filling up the DagBag from /opt/conda/lib/python3.12/site-packages/airflow/example_dags/example_trigger_controller_dag.py
[2025-02-07T13:38:08.129+0000] {processor.py:925} INFO - DAG(s) 'example_trigger_controller_dag' retrieved from /opt/conda/lib/python3.12/site-packages/airflow/example_dags/example_trigger_controller_dag.py
[2025-02-07T13:38:08.169+0000] {logging_mixin.py:190} INFO - [2025-02-07T13:38:08.169+0000] {dag.py:3239} INFO - Sync 1 DAGs
[2025-02-07T13:38:08.238+0000] {logging_mixin.py:190} INFO - [2025-02-07T13:38:08.238+0000] {dag.py:4180} INFO - Setting next_dagrun for example_trigger_controller_dag to 2021-01-01 00:00:00+00:00, run_after=2021-01-01 00:00:00+00:00
[2025-02-07T13:38:08.320+0000] {processor.py:208} INFO - Processing /opt/conda/lib/python3.12/site-packages/airflow/example_dags/example_trigger_controller_dag.py took 0.334 seconds
[2025-02-07T13:39:29.278+0000] {processor.py:186} INFO - Started process (PID=486) to work on /opt/conda/lib/python3.12/site-packages/airflow/example_dags/example_trigger_controller_dag.py
[2025-02-07T13:39:29.280+0000] {processor.py:914} INFO - Processing file /opt/conda/lib/python3.12/site-packages/airflow/example_dags/example_trigger_controller_dag.py for tasks to queue
[2025-02-07T13:39:29.282+0000] {logging_mixin.py:190} INFO - [2025-02-07T13:39:29.281+0000] {dagbag.py:588} INFO - Filling up the DagBag from /opt/conda/lib/python3.12/site-packages/airflow/example_dags/example_trigger_controller_dag.py
[2025-02-07T13:39:29.288+0000] {processor.py:925} INFO - DAG(s) 'example_trigger_controller_dag' retrieved from /opt/conda/lib/python3.12/site-packages/airflow/example_dags/example_trigger_controller_dag.py
[2025-02-07T13:39:29.300+0000] {logging_mixin.py:190} INFO - [2025-02-07T13:39:29.300+0000] {dag.py:3239} INFO - Sync 1 DAGs
[2025-02-07T13:39:29.313+0000] {logging_mixin.py:190} INFO - [2025-02-07T13:39:29.313+0000] {dag.py:4180} INFO - Setting next_dagrun for example_trigger_controller_dag to 2021-01-01 00:00:00+00:00, run_after=2021-01-01 00:00:00+00:00
[2025-02-07T13:39:29.326+0000] {processor.py:208} INFO - Processing /opt/conda/lib/python3.12/site-packages/airflow/example_dags/example_trigger_controller_dag.py took 0.054 seconds
[2025-02-07T13:40:28.221+0000] {processor.py:186} INFO - Started process (PID=554) to work on /opt/conda/lib/python3.12/site-packages/airflow/example_dags/example_trigger_controller_dag.py
[2025-02-07T13:40:28.222+0000] {processor.py:914} INFO - Processing file /opt/conda/lib/python3.12/site-packages/airflow/example_dags/example_trigger_controller_dag.py for tasks to queue
[2025-02-07T13:40:28.225+0000] {logging_mixin.py:190} INFO - [2025-02-07T13:40:28.224+0000] {dagbag.py:588} INFO - Filling up the DagBag from /opt/conda/lib/python3.12/site-packages/airflow/example_dags/example_trigger_controller_dag.py
[2025-02-07T13:40:28.230+0000] {processor.py:925} INFO - DAG(s) 'example_trigger_controller_dag' retrieved from /opt/conda/lib/python3.12/site-packages/airflow/example_dags/example_trigger_controller_dag.py
[2025-02-07T13:40:28.239+0000] {logging_mixin.py:190} INFO - [2025-02-07T13:40:28.239+0000] {dag.py:3239} INFO - Sync 1 DAGs
[2025-02-07T13:40:28.252+0000] {logging_mixin.py:190} INFO - [2025-02-07T13:40:28.252+0000] {dag.py:4180} INFO - Setting next_dagrun for example_trigger_controller_dag to 2021-01-01 00:00:00+00:00, run_after=2021-01-01 00:00:00+00:00
[2025-02-07T13:40:28.274+0000] {processor.py:208} INFO - Processing /opt/conda/lib/python3.12/site-packages/airflow/example_dags/example_trigger_controller_dag.py took 0.057 seconds
[2025-02-07T13:41:25.237+0000] {processor.py:186} INFO - Started process (PID=621) to work on /opt/conda/lib/python3.12/site-packages/airflow/example_dags/example_trigger_controller_dag.py
[2025-02-07T13:41:25.239+0000] {processor.py:914} INFO - Processing file /opt/conda/lib/python3.12/site-packages/airflow/example_dags/example_trigger_controller_dag.py for tasks to queue
[2025-02-07T13:41:25.241+0000] {logging_mixin.py:190} INFO - [2025-02-07T13:41:25.240+0000] {dagbag.py:588} INFO - Filling up the DagBag from /opt/conda/lib/python3.12/site-packages/airflow/example_dags/example_trigger_controller_dag.py
[2025-02-07T13:41:25.247+0000] {processor.py:925} INFO - DAG(s) 'example_trigger_controller_dag' retrieved from /opt/conda/lib/python3.12/site-packages/airflow/example_dags/example_trigger_controller_dag.py
[2025-02-07T13:41:25.260+0000] {logging_mixin.py:190} INFO - [2025-02-07T13:41:25.259+0000] {dag.py:3239} INFO - Sync 1 DAGs
[2025-02-07T13:41:25.274+0000] {logging_mixin.py:190} INFO - [2025-02-07T13:41:25.273+0000] {dag.py:4180} INFO - Setting next_dagrun for example_trigger_controller_dag to 2021-01-01 00:00:00+00:00, run_after=2021-01-01 00:00:00+00:00
[2025-02-07T13:41:25.289+0000] {processor.py:208} INFO - Processing /opt/conda/lib/python3.12/site-packages/airflow/example_dags/example_trigger_controller_dag.py took 0.064 seconds
[2025-02-07T13:42:34.293+0000] {processor.py:186} INFO - Started process (PID=789) to work on /opt/conda/lib/python3.12/site-packages/airflow/example_dags/example_trigger_controller_dag.py
[2025-02-07T13:42:34.294+0000] {processor.py:914} INFO - Processing file /opt/conda/lib/python3.12/site-packages/airflow/example_dags/example_trigger_controller_dag.py for tasks to queue
[2025-02-07T13:42:34.297+0000] {logging_mixin.py:190} INFO - [2025-02-07T13:42:34.297+0000] {dagbag.py:588} INFO - Filling up the DagBag from /opt/conda/lib/python3.12/site-packages/airflow/example_dags/example_trigger_controller_dag.py
[2025-02-07T13:42:34.305+0000] {processor.py:925} INFO - DAG(s) 'example_trigger_controller_dag' retrieved from /opt/conda/lib/python3.12/site-packages/airflow/example_dags/example_trigger_controller_dag.py
[2025-02-07T13:42:34.318+0000] {logging_mixin.py:190} INFO - [2025-02-07T13:42:34.317+0000] {dag.py:3239} INFO - Sync 1 DAGs
[2025-02-07T13:42:34.332+0000] {logging_mixin.py:190} INFO - [2025-02-07T13:42:34.332+0000] {dag.py:4180} INFO - Setting next_dagrun for example_trigger_controller_dag to 2021-01-01 00:00:00+00:00, run_after=2021-01-01 00:00:00+00:00
[2025-02-07T13:42:34.346+0000] {processor.py:208} INFO - Processing /opt/conda/lib/python3.12/site-packages/airflow/example_dags/example_trigger_controller_dag.py took 0.058 seconds
[2025-02-07T13:43:35.318+0000] {processor.py:186} INFO - Started process (PID=862) to work on /opt/conda/lib/python3.12/site-packages/airflow/example_dags/example_trigger_controller_dag.py
[2025-02-07T13:43:35.319+0000] {processor.py:914} INFO - Processing file /opt/conda/lib/python3.12/site-packages/airflow/example_dags/example_trigger_controller_dag.py for tasks to queue
[2025-02-07T13:43:35.321+0000] {logging_mixin.py:190} INFO - [2025-02-07T13:43:35.321+0000] {dagbag.py:588} INFO - Filling up the DagBag from /opt/conda/lib/python3.12/site-packages/airflow/example_dags/example_trigger_controller_dag.py
[2025-02-07T13:43:35.327+0000] {processor.py:925} INFO - DAG(s) 'example_trigger_controller_dag' retrieved from /opt/conda/lib/python3.12/site-packages/airflow/example_dags/example_trigger_controller_dag.py
[2025-02-07T13:43:35.342+0000] {logging_mixin.py:190} INFO - [2025-02-07T13:43:35.342+0000] {dag.py:3239} INFO - Sync 1 DAGs
[2025-02-07T13:43:35.356+0000] {logging_mixin.py:190} INFO - [2025-02-07T13:43:35.356+0000] {dag.py:4180} INFO - Setting next_dagrun for example_trigger_controller_dag to 2021-01-01 00:00:00+00:00, run_after=2021-01-01 00:00:00+00:00
[2025-02-07T13:43:35.370+0000] {processor.py:208} INFO - Processing /opt/conda/lib/python3.12/site-packages/airflow/example_dags/example_trigger_controller_dag.py took 0.058 seconds
[2025-02-07T13:44:23.868+0000] {processor.py:186} INFO - Started process (PID=1013) to work on /opt/conda/lib/python3.12/site-packages/airflow/example_dags/example_trigger_controller_dag.py
[2025-02-07T13:44:23.870+0000] {processor.py:914} INFO - Processing file /opt/conda/lib/python3.12/site-packages/airflow/example_dags/example_trigger_controller_dag.py for tasks to queue
[2025-02-07T13:44:23.874+0000] {logging_mixin.py:190} INFO - [2025-02-07T13:44:23.874+0000] {dagbag.py:588} INFO - Filling up the DagBag from /opt/conda/lib/python3.12/site-packages/airflow/example_dags/example_trigger_controller_dag.py
[2025-02-07T13:44:23.881+0000] {processor.py:925} INFO - DAG(s) 'example_trigger_controller_dag' retrieved from /opt/conda/lib/python3.12/site-packages/airflow/example_dags/example_trigger_controller_dag.py
[2025-02-07T13:44:23.894+0000] {logging_mixin.py:190} INFO - [2025-02-07T13:44:23.893+0000] {dag.py:3239} INFO - Sync 1 DAGs
[2025-02-07T13:44:23.908+0000] {logging_mixin.py:190} INFO - [2025-02-07T13:44:23.908+0000] {dag.py:4180} INFO - Setting next_dagrun for example_trigger_controller_dag to 2021-01-01 00:00:00+00:00, run_after=2021-01-01 00:00:00+00:00
[2025-02-07T13:44:23.922+0000] {processor.py:208} INFO - Processing /opt/conda/lib/python3.12/site-packages/airflow/example_dags/example_trigger_controller_dag.py took 0.067 seconds
[2025-02-07T13:45:59.817+0000] {processor.py:186} INFO - Started process (PID=1199) to work on /opt/conda/lib/python3.12/site-packages/airflow/example_dags/example_trigger_controller_dag.py
[2025-02-07T13:45:59.822+0000] {processor.py:914} INFO - Processing file /opt/conda/lib/python3.12/site-packages/airflow/example_dags/example_trigger_controller_dag.py for tasks to queue
[2025-02-07T13:45:59.851+0000] {logging_mixin.py:190} INFO - [2025-02-07T13:45:59.846+0000] {dagbag.py:588} INFO - Filling up the DagBag from /opt/conda/lib/python3.12/site-packages/airflow/example_dags/example_trigger_controller_dag.py
[2025-02-07T13:45:59.876+0000] {processor.py:925} INFO - DAG(s) 'example_trigger_controller_dag' retrieved from /opt/conda/lib/python3.12/site-packages/airflow/example_dags/example_trigger_controller_dag.py
[2025-02-07T13:45:59.930+0000] {logging_mixin.py:190} INFO - [2025-02-07T13:45:59.930+0000] {dag.py:3239} INFO - Sync 1 DAGs
[2025-02-07T13:45:59.967+0000] {logging_mixin.py:190} INFO - [2025-02-07T13:45:59.967+0000] {dag.py:4180} INFO - Setting next_dagrun for example_trigger_controller_dag to 2021-01-01 00:00:00+00:00, run_after=2021-01-01 00:00:00+00:00
[2025-02-07T13:46:00.015+0000] {processor.py:208} INFO - Processing /opt/conda/lib/python3.12/site-packages/airflow/example_dags/example_trigger_controller_dag.py took 0.382 seconds
[2025-02-07T14:04:26.464+0000] {processor.py:186} INFO - Started process (PID=1390) to work on /opt/conda/lib/python3.12/site-packages/airflow/example_dags/example_trigger_controller_dag.py
[2025-02-07T14:04:26.465+0000] {processor.py:914} INFO - Processing file /opt/conda/lib/python3.12/site-packages/airflow/example_dags/example_trigger_controller_dag.py for tasks to queue
[2025-02-07T14:04:26.466+0000] {logging_mixin.py:190} INFO - [2025-02-07T14:04:26.466+0000] {dagbag.py:588} INFO - Filling up the DagBag from /opt/conda/lib/python3.12/site-packages/airflow/example_dags/example_trigger_controller_dag.py
[2025-02-07T14:04:26.475+0000] {processor.py:925} INFO - DAG(s) 'example_trigger_controller_dag' retrieved from /opt/conda/lib/python3.12/site-packages/airflow/example_dags/example_trigger_controller_dag.py
[2025-02-07T14:04:26.528+0000] {logging_mixin.py:190} INFO - [2025-02-07T14:04:26.527+0000] {dag.py:3239} INFO - Sync 1 DAGs
[2025-02-07T14:04:26.541+0000] {logging_mixin.py:190} INFO - [2025-02-07T14:04:26.541+0000] {dag.py:4180} INFO - Setting next_dagrun for example_trigger_controller_dag to 2021-01-01 00:00:00+00:00, run_after=2021-01-01 00:00:00+00:00
[2025-02-07T14:04:26.556+0000] {processor.py:208} INFO - Processing /opt/conda/lib/python3.12/site-packages/airflow/example_dags/example_trigger_controller_dag.py took 0.097 seconds
[2025-02-07T14:06:06.262+0000] {processor.py:186} INFO - Started process (PID=1812) to work on /opt/conda/lib/python3.12/site-packages/airflow/example_dags/example_trigger_controller_dag.py
[2025-02-07T14:06:06.263+0000] {processor.py:914} INFO - Processing file /opt/conda/lib/python3.12/site-packages/airflow/example_dags/example_trigger_controller_dag.py for tasks to queue
[2025-02-07T14:06:06.264+0000] {logging_mixin.py:190} INFO - [2025-02-07T14:06:06.264+0000] {dagbag.py:588} INFO - Filling up the DagBag from /opt/conda/lib/python3.12/site-packages/airflow/example_dags/example_trigger_controller_dag.py
[2025-02-07T14:06:06.268+0000] {processor.py:925} INFO - DAG(s) 'example_trigger_controller_dag' retrieved from /opt/conda/lib/python3.12/site-packages/airflow/example_dags/example_trigger_controller_dag.py
[2025-02-07T14:06:06.281+0000] {logging_mixin.py:190} INFO - [2025-02-07T14:06:06.281+0000] {dag.py:3239} INFO - Sync 1 DAGs
[2025-02-07T14:06:06.295+0000] {logging_mixin.py:190} INFO - [2025-02-07T14:06:06.295+0000] {dag.py:4180} INFO - Setting next_dagrun for example_trigger_controller_dag to 2021-01-01 00:00:00+00:00, run_after=2021-01-01 00:00:00+00:00
[2025-02-07T14:06:06.309+0000] {processor.py:208} INFO - Processing /opt/conda/lib/python3.12/site-packages/airflow/example_dags/example_trigger_controller_dag.py took 0.054 seconds
[2025-02-07T14:07:29.231+0000] {processor.py:186} INFO - Started process (PID=2000) to work on /opt/conda/lib/python3.12/site-packages/airflow/example_dags/example_trigger_controller_dag.py
[2025-02-07T14:07:29.232+0000] {processor.py:914} INFO - Processing file /opt/conda/lib/python3.12/site-packages/airflow/example_dags/example_trigger_controller_dag.py for tasks to queue
[2025-02-07T14:07:29.233+0000] {logging_mixin.py:190} INFO - [2025-02-07T14:07:29.233+0000] {dagbag.py:588} INFO - Filling up the DagBag from /opt/conda/lib/python3.12/site-packages/airflow/example_dags/example_trigger_controller_dag.py
[2025-02-07T14:07:29.240+0000] {processor.py:925} INFO - DAG(s) 'example_trigger_controller_dag' retrieved from /opt/conda/lib/python3.12/site-packages/airflow/example_dags/example_trigger_controller_dag.py
[2025-02-07T14:07:29.259+0000] {logging_mixin.py:190} INFO - [2025-02-07T14:07:29.259+0000] {dag.py:3239} INFO - Sync 1 DAGs
[2025-02-07T14:07:29.274+0000] {logging_mixin.py:190} INFO - [2025-02-07T14:07:29.274+0000] {dag.py:4180} INFO - Setting next_dagrun for example_trigger_controller_dag to 2021-01-01 00:00:00+00:00, run_after=2021-01-01 00:00:00+00:00
[2025-02-07T14:07:29.289+0000] {processor.py:208} INFO - Processing /opt/conda/lib/python3.12/site-packages/airflow/example_dags/example_trigger_controller_dag.py took 0.065 seconds
