[2025-02-07T12:13:53.340+0000] {processor.py:186} INFO - Started process (PID=3357) to work on /opt/conda/lib/python3.12/site-packages/airflow/example_dags/example_branch_operator.py
[2025-02-07T12:13:53.342+0000] {processor.py:914} INFO - Processing file /opt/conda/lib/python3.12/site-packages/airflow/example_dags/example_branch_operator.py for tasks to queue
[2025-02-07T12:13:53.347+0000] {logging_mixin.py:190} INFO - [2025-02-07T12:13:53.346+0000] {dagbag.py:588} INFO - Filling up the DagBag from /opt/conda/lib/python3.12/site-packages/airflow/example_dags/example_branch_operator.py
[2025-02-07T12:13:53.352+0000] {processor.py:927} WARNING - No viable dags retrieved from /opt/conda/lib/python3.12/site-packages/airflow/example_dags/example_branch_operator.py
[2025-02-07T12:13:53.367+0000] {processor.py:208} INFO - Processing /opt/conda/lib/python3.12/site-packages/airflow/example_dags/example_branch_operator.py took 0.049 seconds
[2025-02-07T12:33:13.908+0000] {processor.py:186} INFO - Started process (PID=144) to work on /opt/conda/lib/python3.12/site-packages/airflow/example_dags/example_branch_operator.py
[2025-02-07T12:33:13.909+0000] {processor.py:914} INFO - Processing file /opt/conda/lib/python3.12/site-packages/airflow/example_dags/example_branch_operator.py for tasks to queue
[2025-02-07T12:33:13.911+0000] {logging_mixin.py:190} INFO - [2025-02-07T12:33:13.911+0000] {dagbag.py:588} INFO - Filling up the DagBag from /opt/conda/lib/python3.12/site-packages/airflow/example_dags/example_branch_operator.py
[2025-02-07T12:33:13.914+0000] {processor.py:927} WARNING - No viable dags retrieved from /opt/conda/lib/python3.12/site-packages/airflow/example_dags/example_branch_operator.py
[2025-02-07T12:33:13.927+0000] {processor.py:208} INFO - Processing /opt/conda/lib/python3.12/site-packages/airflow/example_dags/example_branch_operator.py took 0.027 seconds
[2025-02-07T12:37:04.291+0000] {processor.py:186} INFO - Started process (PID=122) to work on /opt/conda/lib/python3.12/site-packages/airflow/example_dags/example_branch_operator.py
[2025-02-07T12:37:04.295+0000] {processor.py:914} INFO - Processing file /opt/conda/lib/python3.12/site-packages/airflow/example_dags/example_branch_operator.py for tasks to queue
[2025-02-07T12:37:04.302+0000] {logging_mixin.py:190} INFO - [2025-02-07T12:37:04.302+0000] {dagbag.py:588} INFO - Filling up the DagBag from /opt/conda/lib/python3.12/site-packages/airflow/example_dags/example_branch_operator.py
[2025-02-07T12:37:04.323+0000] {processor.py:927} WARNING - No viable dags retrieved from /opt/conda/lib/python3.12/site-packages/airflow/example_dags/example_branch_operator.py
[2025-02-07T12:37:04.376+0000] {processor.py:208} INFO - Processing /opt/conda/lib/python3.12/site-packages/airflow/example_dags/example_branch_operator.py took 0.092 seconds
[2025-02-07T12:38:16.250+0000] {processor.py:186} INFO - Started process (PID=197) to work on /opt/conda/lib/python3.12/site-packages/airflow/example_dags/example_branch_operator.py
[2025-02-07T12:38:16.251+0000] {processor.py:914} INFO - Processing file /opt/conda/lib/python3.12/site-packages/airflow/example_dags/example_branch_operator.py for tasks to queue
[2025-02-07T12:38:16.253+0000] {logging_mixin.py:190} INFO - [2025-02-07T12:38:16.253+0000] {dagbag.py:588} INFO - Filling up the DagBag from /opt/conda/lib/python3.12/site-packages/airflow/example_dags/example_branch_operator.py
[2025-02-07T12:38:16.256+0000] {processor.py:927} WARNING - No viable dags retrieved from /opt/conda/lib/python3.12/site-packages/airflow/example_dags/example_branch_operator.py
[2025-02-07T12:38:16.264+0000] {processor.py:208} INFO - Processing /opt/conda/lib/python3.12/site-packages/airflow/example_dags/example_branch_operator.py took 0.018 seconds
[2025-02-07T12:39:15.455+0000] {processor.py:186} INFO - Started process (PID=266) to work on /opt/conda/lib/python3.12/site-packages/airflow/example_dags/example_branch_operator.py
[2025-02-07T12:39:15.456+0000] {processor.py:914} INFO - Processing file /opt/conda/lib/python3.12/site-packages/airflow/example_dags/example_branch_operator.py for tasks to queue
[2025-02-07T12:39:15.460+0000] {logging_mixin.py:190} INFO - [2025-02-07T12:39:15.459+0000] {dagbag.py:588} INFO - Filling up the DagBag from /opt/conda/lib/python3.12/site-packages/airflow/example_dags/example_branch_operator.py
[2025-02-07T12:39:15.463+0000] {processor.py:927} WARNING - No viable dags retrieved from /opt/conda/lib/python3.12/site-packages/airflow/example_dags/example_branch_operator.py
[2025-02-07T12:39:15.472+0000] {processor.py:208} INFO - Processing /opt/conda/lib/python3.12/site-packages/airflow/example_dags/example_branch_operator.py took 0.025 seconds
[2025-02-07T12:40:13.280+0000] {processor.py:186} INFO - Started process (PID=334) to work on /opt/conda/lib/python3.12/site-packages/airflow/example_dags/example_branch_operator.py
[2025-02-07T12:40:13.281+0000] {processor.py:914} INFO - Processing file /opt/conda/lib/python3.12/site-packages/airflow/example_dags/example_branch_operator.py for tasks to queue
[2025-02-07T12:40:13.283+0000] {logging_mixin.py:190} INFO - [2025-02-07T12:40:13.282+0000] {dagbag.py:588} INFO - Filling up the DagBag from /opt/conda/lib/python3.12/site-packages/airflow/example_dags/example_branch_operator.py
[2025-02-07T12:40:13.284+0000] {processor.py:927} WARNING - No viable dags retrieved from /opt/conda/lib/python3.12/site-packages/airflow/example_dags/example_branch_operator.py
[2025-02-07T12:40:13.294+0000] {processor.py:208} INFO - Processing /opt/conda/lib/python3.12/site-packages/airflow/example_dags/example_branch_operator.py took 0.017 seconds
[2025-02-07T12:41:11.749+0000] {processor.py:186} INFO - Started process (PID=403) to work on /opt/conda/lib/python3.12/site-packages/airflow/example_dags/example_branch_operator.py
[2025-02-07T12:41:11.751+0000] {processor.py:914} INFO - Processing file /opt/conda/lib/python3.12/site-packages/airflow/example_dags/example_branch_operator.py for tasks to queue
[2025-02-07T12:41:11.754+0000] {logging_mixin.py:190} INFO - [2025-02-07T12:41:11.753+0000] {dagbag.py:588} INFO - Filling up the DagBag from /opt/conda/lib/python3.12/site-packages/airflow/example_dags/example_branch_operator.py
[2025-02-07T12:41:11.757+0000] {processor.py:927} WARNING - No viable dags retrieved from /opt/conda/lib/python3.12/site-packages/airflow/example_dags/example_branch_operator.py
[2025-02-07T12:41:11.766+0000] {processor.py:208} INFO - Processing /opt/conda/lib/python3.12/site-packages/airflow/example_dags/example_branch_operator.py took 0.027 seconds
[2025-02-07T12:53:08.886+0000] {processor.py:186} INFO - Started process (PID=5092) to work on /opt/conda/lib/python3.12/site-packages/airflow/example_dags/example_branch_operator.py
[2025-02-07T12:53:08.886+0000] {processor.py:914} INFO - Processing file /opt/conda/lib/python3.12/site-packages/airflow/example_dags/example_branch_operator.py for tasks to queue
[2025-02-07T12:53:08.888+0000] {logging_mixin.py:190} INFO - [2025-02-07T12:53:08.887+0000] {dagbag.py:588} INFO - Filling up the DagBag from /opt/conda/lib/python3.12/site-packages/airflow/example_dags/example_branch_operator.py
[2025-02-07T12:53:08.889+0000] {processor.py:927} WARNING - No viable dags retrieved from /opt/conda/lib/python3.12/site-packages/airflow/example_dags/example_branch_operator.py
[2025-02-07T12:53:08.895+0000] {processor.py:208} INFO - Processing /opt/conda/lib/python3.12/site-packages/airflow/example_dags/example_branch_operator.py took 0.012 seconds
[2025-02-07T13:28:05.948+0000] {processor.py:186} INFO - Started process (PID=302) to work on /opt/conda/lib/python3.12/site-packages/airflow/example_dags/example_branch_operator.py
[2025-02-07T13:28:05.951+0000] {processor.py:914} INFO - Processing file /opt/conda/lib/python3.12/site-packages/airflow/example_dags/example_branch_operator.py for tasks to queue
[2025-02-07T13:28:05.959+0000] {logging_mixin.py:190} INFO - [2025-02-07T13:28:05.957+0000] {dagbag.py:588} INFO - Filling up the DagBag from /opt/conda/lib/python3.12/site-packages/airflow/example_dags/example_branch_operator.py
[2025-02-07T13:28:05.969+0000] {processor.py:927} WARNING - No viable dags retrieved from /opt/conda/lib/python3.12/site-packages/airflow/example_dags/example_branch_operator.py
[2025-02-07T13:28:06.053+0000] {processor.py:208} INFO - Processing /opt/conda/lib/python3.12/site-packages/airflow/example_dags/example_branch_operator.py took 0.115 seconds
[2025-02-07T13:29:39.834+0000] {processor.py:186} INFO - Started process (PID=394) to work on /opt/conda/lib/python3.12/site-packages/airflow/example_dags/example_branch_operator.py
[2025-02-07T13:29:39.835+0000] {processor.py:914} INFO - Processing file /opt/conda/lib/python3.12/site-packages/airflow/example_dags/example_branch_operator.py for tasks to queue
[2025-02-07T13:29:39.836+0000] {logging_mixin.py:190} INFO - [2025-02-07T13:29:39.836+0000] {dagbag.py:588} INFO - Filling up the DagBag from /opt/conda/lib/python3.12/site-packages/airflow/example_dags/example_branch_operator.py
[2025-02-07T13:29:39.839+0000] {processor.py:927} WARNING - No viable dags retrieved from /opt/conda/lib/python3.12/site-packages/airflow/example_dags/example_branch_operator.py
[2025-02-07T13:29:39.853+0000] {processor.py:208} INFO - Processing /opt/conda/lib/python3.12/site-packages/airflow/example_dags/example_branch_operator.py took 0.034 seconds
[2025-02-07T13:33:54.350+0000] {processor.py:186} INFO - Started process (PID=442) to work on /opt/conda/lib/python3.12/site-packages/airflow/example_dags/example_branch_operator.py
[2025-02-07T13:33:54.352+0000] {processor.py:914} INFO - Processing file /opt/conda/lib/python3.12/site-packages/airflow/example_dags/example_branch_operator.py for tasks to queue
[2025-02-07T13:33:54.354+0000] {logging_mixin.py:190} INFO - [2025-02-07T13:33:54.353+0000] {dagbag.py:588} INFO - Filling up the DagBag from /opt/conda/lib/python3.12/site-packages/airflow/example_dags/example_branch_operator.py
[2025-02-07T13:33:54.355+0000] {processor.py:927} WARNING - No viable dags retrieved from /opt/conda/lib/python3.12/site-packages/airflow/example_dags/example_branch_operator.py
[2025-02-07T13:33:54.363+0000] {processor.py:208} INFO - Processing /opt/conda/lib/python3.12/site-packages/airflow/example_dags/example_branch_operator.py took 0.016 seconds
[2025-02-07T13:38:59.377+0000] {processor.py:186} INFO - Started process (PID=447) to work on /opt/conda/lib/python3.12/site-packages/airflow/example_dags/example_branch_operator.py
[2025-02-07T13:38:59.378+0000] {processor.py:914} INFO - Processing file /opt/conda/lib/python3.12/site-packages/airflow/example_dags/example_branch_operator.py for tasks to queue
[2025-02-07T13:38:59.380+0000] {logging_mixin.py:190} INFO - [2025-02-07T13:38:59.380+0000] {dagbag.py:588} INFO - Filling up the DagBag from /opt/conda/lib/python3.12/site-packages/airflow/example_dags/example_branch_operator.py
[2025-02-07T13:38:59.383+0000] {processor.py:927} WARNING - No viable dags retrieved from /opt/conda/lib/python3.12/site-packages/airflow/example_dags/example_branch_operator.py
[2025-02-07T13:38:59.391+0000] {processor.py:208} INFO - Processing /opt/conda/lib/python3.12/site-packages/airflow/example_dags/example_branch_operator.py took 0.018 seconds
[2025-02-07T13:40:01.292+0000] {processor.py:186} INFO - Started process (PID=518) to work on /opt/conda/lib/python3.12/site-packages/airflow/example_dags/example_branch_operator.py
[2025-02-07T13:40:01.292+0000] {processor.py:914} INFO - Processing file /opt/conda/lib/python3.12/site-packages/airflow/example_dags/example_branch_operator.py for tasks to queue
[2025-02-07T13:40:01.294+0000] {logging_mixin.py:190} INFO - [2025-02-07T13:40:01.294+0000] {dagbag.py:588} INFO - Filling up the DagBag from /opt/conda/lib/python3.12/site-packages/airflow/example_dags/example_branch_operator.py
[2025-02-07T13:40:01.297+0000] {processor.py:927} WARNING - No viable dags retrieved from /opt/conda/lib/python3.12/site-packages/airflow/example_dags/example_branch_operator.py
[2025-02-07T13:40:01.314+0000] {processor.py:208} INFO - Processing /opt/conda/lib/python3.12/site-packages/airflow/example_dags/example_branch_operator.py took 0.029 seconds
[2025-02-07T13:40:58.679+0000] {processor.py:186} INFO - Started process (PID=586) to work on /opt/conda/lib/python3.12/site-packages/airflow/example_dags/example_branch_operator.py
[2025-02-07T13:40:58.680+0000] {processor.py:914} INFO - Processing file /opt/conda/lib/python3.12/site-packages/airflow/example_dags/example_branch_operator.py for tasks to queue
[2025-02-07T13:40:58.682+0000] {logging_mixin.py:190} INFO - [2025-02-07T13:40:58.682+0000] {dagbag.py:588} INFO - Filling up the DagBag from /opt/conda/lib/python3.12/site-packages/airflow/example_dags/example_branch_operator.py
[2025-02-07T13:40:58.684+0000] {processor.py:927} WARNING - No viable dags retrieved from /opt/conda/lib/python3.12/site-packages/airflow/example_dags/example_branch_operator.py
[2025-02-07T13:40:58.693+0000] {processor.py:208} INFO - Processing /opt/conda/lib/python3.12/site-packages/airflow/example_dags/example_branch_operator.py took 0.021 seconds
[2025-02-07T13:41:57.518+0000] {processor.py:186} INFO - Started process (PID=654) to work on /opt/conda/lib/python3.12/site-packages/airflow/example_dags/example_branch_operator.py
[2025-02-07T13:41:57.519+0000] {processor.py:914} INFO - Processing file /opt/conda/lib/python3.12/site-packages/airflow/example_dags/example_branch_operator.py for tasks to queue
[2025-02-07T13:41:57.521+0000] {logging_mixin.py:190} INFO - [2025-02-07T13:41:57.521+0000] {dagbag.py:588} INFO - Filling up the DagBag from /opt/conda/lib/python3.12/site-packages/airflow/example_dags/example_branch_operator.py
[2025-02-07T13:41:57.524+0000] {processor.py:927} WARNING - No viable dags retrieved from /opt/conda/lib/python3.12/site-packages/airflow/example_dags/example_branch_operator.py
[2025-02-07T13:41:57.535+0000] {processor.py:208} INFO - Processing /opt/conda/lib/python3.12/site-packages/airflow/example_dags/example_branch_operator.py took 0.024 seconds
[2025-02-07T13:43:10.715+0000] {processor.py:186} INFO - Started process (PID=837) to work on /opt/conda/lib/python3.12/site-packages/airflow/example_dags/example_branch_operator.py
[2025-02-07T13:43:10.716+0000] {processor.py:914} INFO - Processing file /opt/conda/lib/python3.12/site-packages/airflow/example_dags/example_branch_operator.py for tasks to queue
[2025-02-07T13:43:10.719+0000] {logging_mixin.py:190} INFO - [2025-02-07T13:43:10.718+0000] {dagbag.py:588} INFO - Filling up the DagBag from /opt/conda/lib/python3.12/site-packages/airflow/example_dags/example_branch_operator.py
[2025-02-07T13:43:10.721+0000] {processor.py:927} WARNING - No viable dags retrieved from /opt/conda/lib/python3.12/site-packages/airflow/example_dags/example_branch_operator.py
[2025-02-07T13:43:10.732+0000] {processor.py:208} INFO - Processing /opt/conda/lib/python3.12/site-packages/airflow/example_dags/example_branch_operator.py took 0.022 seconds
[2025-02-07T13:44:38.110+0000] {processor.py:186} INFO - Started process (PID=1029) to work on /opt/conda/lib/python3.12/site-packages/airflow/example_dags/example_branch_operator.py
[2025-02-07T13:44:38.111+0000] {processor.py:914} INFO - Processing file /opt/conda/lib/python3.12/site-packages/airflow/example_dags/example_branch_operator.py for tasks to queue
[2025-02-07T13:44:38.113+0000] {logging_mixin.py:190} INFO - [2025-02-07T13:44:38.112+0000] {dagbag.py:588} INFO - Filling up the DagBag from /opt/conda/lib/python3.12/site-packages/airflow/example_dags/example_branch_operator.py
[2025-02-07T13:44:38.115+0000] {processor.py:927} WARNING - No viable dags retrieved from /opt/conda/lib/python3.12/site-packages/airflow/example_dags/example_branch_operator.py
[2025-02-07T13:44:38.124+0000] {processor.py:208} INFO - Processing /opt/conda/lib/python3.12/site-packages/airflow/example_dags/example_branch_operator.py took 0.018 seconds
[2025-02-07T13:46:16.441+0000] {processor.py:186} INFO - Started process (PID=1215) to work on /opt/conda/lib/python3.12/site-packages/airflow/example_dags/example_branch_operator.py
[2025-02-07T13:46:16.443+0000] {processor.py:914} INFO - Processing file /opt/conda/lib/python3.12/site-packages/airflow/example_dags/example_branch_operator.py for tasks to queue
[2025-02-07T13:46:16.444+0000] {logging_mixin.py:190} INFO - [2025-02-07T13:46:16.444+0000] {dagbag.py:588} INFO - Filling up the DagBag from /opt/conda/lib/python3.12/site-packages/airflow/example_dags/example_branch_operator.py
[2025-02-07T13:46:16.447+0000] {processor.py:927} WARNING - No viable dags retrieved from /opt/conda/lib/python3.12/site-packages/airflow/example_dags/example_branch_operator.py
[2025-02-07T13:46:16.454+0000] {processor.py:208} INFO - Processing /opt/conda/lib/python3.12/site-packages/airflow/example_dags/example_branch_operator.py took 0.020 seconds
[2025-02-07T14:05:34.812+0000] {processor.py:186} INFO - Started process (PID=1773) to work on /opt/conda/lib/python3.12/site-packages/airflow/example_dags/example_branch_operator.py
[2025-02-07T14:05:34.814+0000] {processor.py:914} INFO - Processing file /opt/conda/lib/python3.12/site-packages/airflow/example_dags/example_branch_operator.py for tasks to queue
[2025-02-07T14:05:34.815+0000] {logging_mixin.py:190} INFO - [2025-02-07T14:05:34.815+0000] {dagbag.py:588} INFO - Filling up the DagBag from /opt/conda/lib/python3.12/site-packages/airflow/example_dags/example_branch_operator.py
[2025-02-07T14:05:34.818+0000] {processor.py:927} WARNING - No viable dags retrieved from /opt/conda/lib/python3.12/site-packages/airflow/example_dags/example_branch_operator.py
[2025-02-07T14:05:34.827+0000] {processor.py:208} INFO - Processing /opt/conda/lib/python3.12/site-packages/airflow/example_dags/example_branch_operator.py took 0.025 seconds
[2025-02-07T14:06:38.567+0000] {processor.py:186} INFO - Started process (PID=1843) to work on /opt/conda/lib/python3.12/site-packages/airflow/example_dags/example_branch_operator.py
[2025-02-07T14:06:38.568+0000] {processor.py:914} INFO - Processing file /opt/conda/lib/python3.12/site-packages/airflow/example_dags/example_branch_operator.py for tasks to queue
[2025-02-07T14:06:38.568+0000] {logging_mixin.py:190} INFO - [2025-02-07T14:06:38.568+0000] {dagbag.py:588} INFO - Filling up the DagBag from /opt/conda/lib/python3.12/site-packages/airflow/example_dags/example_branch_operator.py
[2025-02-07T14:06:38.571+0000] {processor.py:927} WARNING - No viable dags retrieved from /opt/conda/lib/python3.12/site-packages/airflow/example_dags/example_branch_operator.py
[2025-02-07T14:06:38.577+0000] {processor.py:208} INFO - Processing /opt/conda/lib/python3.12/site-packages/airflow/example_dags/example_branch_operator.py took 0.017 seconds
[2025-02-07T14:08:48.175+0000] {processor.py:186} INFO - Started process (PID=2147) to work on /opt/conda/lib/python3.12/site-packages/airflow/example_dags/example_branch_operator.py
[2025-02-07T14:08:48.177+0000] {processor.py:914} INFO - Processing file /opt/conda/lib/python3.12/site-packages/airflow/example_dags/example_branch_operator.py for tasks to queue
[2025-02-07T14:08:48.180+0000] {logging_mixin.py:190} INFO - [2025-02-07T14:08:48.178+0000] {dagbag.py:588} INFO - Filling up the DagBag from /opt/conda/lib/python3.12/site-packages/airflow/example_dags/example_branch_operator.py
[2025-02-07T14:08:48.191+0000] {processor.py:927} WARNING - No viable dags retrieved from /opt/conda/lib/python3.12/site-packages/airflow/example_dags/example_branch_operator.py
[2025-02-07T14:08:48.208+0000] {processor.py:208} INFO - Processing /opt/conda/lib/python3.12/site-packages/airflow/example_dags/example_branch_operator.py took 0.042 seconds
