[2025-02-07T12:09:50.842+0000] {processor.py:186} INFO - Started process (PID=2040) to work on /opt/conda/lib/python3.12/site-packages/airflow/example_dags/example_nested_branch_dag.py
[2025-02-07T12:09:50.850+0000] {processor.py:914} INFO - Processing file /opt/conda/lib/python3.12/site-packages/airflow/example_dags/example_nested_branch_dag.py for tasks to queue
[2025-02-07T12:09:50.866+0000] {logging_mixin.py:190} INFO - [2025-02-07T12:09:50.863+0000] {dagbag.py:588} INFO - Filling up the DagBag from /opt/conda/lib/python3.12/site-packages/airflow/example_dags/example_nested_branch_dag.py
[2025-02-07T12:09:50.897+0000] {processor.py:925} INFO - DAG(s) 'example_nested_branch_dag' retrieved from /opt/conda/lib/python3.12/site-packages/airflow/example_dags/example_nested_branch_dag.py
[2025-02-07T12:09:50.922+0000] {logging_mixin.py:190} INFO - [2025-02-07T12:09:50.922+0000] {dag.py:3239} INFO - Sync 1 DAGs
[2025-02-07T12:09:50.943+0000] {logging_mixin.py:190} INFO - [2025-02-07T12:09:50.943+0000] {dag.py:4180} INFO - Setting next_dagrun for example_nested_branch_dag to 2025-02-06 00:00:00+00:00, run_after=2025-02-07 00:00:00+00:00
[2025-02-07T12:09:50.989+0000] {processor.py:208} INFO - Processing /opt/conda/lib/python3.12/site-packages/airflow/example_dags/example_nested_branch_dag.py took 0.157 seconds
[2025-02-07T12:21:21.241+0000] {processor.py:186} INFO - Started process (PID=5782) to work on /opt/conda/lib/python3.12/site-packages/airflow/example_dags/example_nested_branch_dag.py
[2025-02-07T12:21:21.242+0000] {processor.py:914} INFO - Processing file /opt/conda/lib/python3.12/site-packages/airflow/example_dags/example_nested_branch_dag.py for tasks to queue
[2025-02-07T12:21:21.246+0000] {logging_mixin.py:190} INFO - [2025-02-07T12:21:21.245+0000] {dagbag.py:588} INFO - Filling up the DagBag from /opt/conda/lib/python3.12/site-packages/airflow/example_dags/example_nested_branch_dag.py
[2025-02-07T12:21:21.274+0000] {processor.py:925} INFO - DAG(s) 'example_nested_branch_dag' retrieved from /opt/conda/lib/python3.12/site-packages/airflow/example_dags/example_nested_branch_dag.py
[2025-02-07T12:21:21.292+0000] {logging_mixin.py:190} INFO - [2025-02-07T12:21:21.292+0000] {dag.py:3239} INFO - Sync 1 DAGs
[2025-02-07T12:21:21.311+0000] {logging_mixin.py:190} INFO - [2025-02-07T12:21:21.311+0000] {dag.py:4180} INFO - Setting next_dagrun for example_nested_branch_dag to 2025-02-06 00:00:00+00:00, run_after=2025-02-07 00:00:00+00:00
[2025-02-07T12:21:21.328+0000] {processor.py:208} INFO - Processing /opt/conda/lib/python3.12/site-packages/airflow/example_dags/example_nested_branch_dag.py took 0.093 seconds
[2025-02-07T12:32:53.164+0000] {processor.py:186} INFO - Started process (PID=125) to work on /opt/conda/lib/python3.12/site-packages/airflow/example_dags/example_nested_branch_dag.py
[2025-02-07T12:32:53.167+0000] {processor.py:914} INFO - Processing file /opt/conda/lib/python3.12/site-packages/airflow/example_dags/example_nested_branch_dag.py for tasks to queue
[2025-02-07T12:32:53.178+0000] {logging_mixin.py:190} INFO - [2025-02-07T12:32:53.177+0000] {dagbag.py:588} INFO - Filling up the DagBag from /opt/conda/lib/python3.12/site-packages/airflow/example_dags/example_nested_branch_dag.py
[2025-02-07T12:32:53.236+0000] {processor.py:925} INFO - DAG(s) 'example_nested_branch_dag' retrieved from /opt/conda/lib/python3.12/site-packages/airflow/example_dags/example_nested_branch_dag.py
[2025-02-07T12:32:53.301+0000] {logging_mixin.py:190} INFO - [2025-02-07T12:32:53.300+0000] {dag.py:3239} INFO - Sync 1 DAGs
[2025-02-07T12:32:53.376+0000] {logging_mixin.py:190} INFO - [2025-02-07T12:32:53.376+0000] {dag.py:4180} INFO - Setting next_dagrun for example_nested_branch_dag to 2025-02-06 00:00:00+00:00, run_after=2025-02-07 00:00:00+00:00
[2025-02-07T12:32:53.402+0000] {processor.py:208} INFO - Processing /opt/conda/lib/python3.12/site-packages/airflow/example_dags/example_nested_branch_dag.py took 0.245 seconds
[2025-02-07T12:36:42.938+0000] {processor.py:186} INFO - Started process (PID=103) to work on /opt/conda/lib/python3.12/site-packages/airflow/example_dags/example_nested_branch_dag.py
[2025-02-07T12:36:42.944+0000] {processor.py:914} INFO - Processing file /opt/conda/lib/python3.12/site-packages/airflow/example_dags/example_nested_branch_dag.py for tasks to queue
[2025-02-07T12:36:42.949+0000] {logging_mixin.py:190} INFO - [2025-02-07T12:36:42.948+0000] {dagbag.py:588} INFO - Filling up the DagBag from /opt/conda/lib/python3.12/site-packages/airflow/example_dags/example_nested_branch_dag.py
[2025-02-07T12:36:42.958+0000] {processor.py:925} INFO - DAG(s) 'example_nested_branch_dag' retrieved from /opt/conda/lib/python3.12/site-packages/airflow/example_dags/example_nested_branch_dag.py
[2025-02-07T12:36:42.970+0000] {logging_mixin.py:190} INFO - [2025-02-07T12:36:42.970+0000] {dag.py:3239} INFO - Sync 1 DAGs
[2025-02-07T12:36:42.985+0000] {logging_mixin.py:190} INFO - [2025-02-07T12:36:42.984+0000] {dag.py:4180} INFO - Setting next_dagrun for example_nested_branch_dag to 2025-02-06 00:00:00+00:00, run_after=2025-02-07 00:00:00+00:00
[2025-02-07T12:36:43.015+0000] {processor.py:208} INFO - Processing /opt/conda/lib/python3.12/site-packages/airflow/example_dags/example_nested_branch_dag.py took 0.083 seconds
[2025-02-07T12:37:49.665+0000] {processor.py:186} INFO - Started process (PID=171) to work on /opt/conda/lib/python3.12/site-packages/airflow/example_dags/example_nested_branch_dag.py
[2025-02-07T12:37:49.667+0000] {processor.py:914} INFO - Processing file /opt/conda/lib/python3.12/site-packages/airflow/example_dags/example_nested_branch_dag.py for tasks to queue
[2025-02-07T12:37:49.669+0000] {logging_mixin.py:190} INFO - [2025-02-07T12:37:49.669+0000] {dagbag.py:588} INFO - Filling up the DagBag from /opt/conda/lib/python3.12/site-packages/airflow/example_dags/example_nested_branch_dag.py
[2025-02-07T12:37:49.679+0000] {processor.py:925} INFO - DAG(s) 'example_nested_branch_dag' retrieved from /opt/conda/lib/python3.12/site-packages/airflow/example_dags/example_nested_branch_dag.py
[2025-02-07T12:37:49.691+0000] {logging_mixin.py:190} INFO - [2025-02-07T12:37:49.691+0000] {dag.py:3239} INFO - Sync 1 DAGs
[2025-02-07T12:37:49.715+0000] {logging_mixin.py:190} INFO - [2025-02-07T12:37:49.714+0000] {dag.py:4180} INFO - Setting next_dagrun for example_nested_branch_dag to 2025-02-06 00:00:00+00:00, run_after=2025-02-07 00:00:00+00:00
[2025-02-07T12:37:49.737+0000] {processor.py:208} INFO - Processing /opt/conda/lib/python3.12/site-packages/airflow/example_dags/example_nested_branch_dag.py took 0.083 seconds
[2025-02-07T12:38:51.464+0000] {processor.py:186} INFO - Started process (PID=241) to work on /opt/conda/lib/python3.12/site-packages/airflow/example_dags/example_nested_branch_dag.py
[2025-02-07T12:38:51.465+0000] {processor.py:914} INFO - Processing file /opt/conda/lib/python3.12/site-packages/airflow/example_dags/example_nested_branch_dag.py for tasks to queue
[2025-02-07T12:38:51.468+0000] {logging_mixin.py:190} INFO - [2025-02-07T12:38:51.467+0000] {dagbag.py:588} INFO - Filling up the DagBag from /opt/conda/lib/python3.12/site-packages/airflow/example_dags/example_nested_branch_dag.py
[2025-02-07T12:38:51.477+0000] {processor.py:925} INFO - DAG(s) 'example_nested_branch_dag' retrieved from /opt/conda/lib/python3.12/site-packages/airflow/example_dags/example_nested_branch_dag.py
[2025-02-07T12:38:51.491+0000] {logging_mixin.py:190} INFO - [2025-02-07T12:38:51.491+0000] {dag.py:3239} INFO - Sync 1 DAGs
[2025-02-07T12:38:51.505+0000] {logging_mixin.py:190} INFO - [2025-02-07T12:38:51.505+0000] {dag.py:4180} INFO - Setting next_dagrun for example_nested_branch_dag to 2025-02-06 00:00:00+00:00, run_after=2025-02-07 00:00:00+00:00
[2025-02-07T12:38:51.519+0000] {processor.py:208} INFO - Processing /opt/conda/lib/python3.12/site-packages/airflow/example_dags/example_nested_branch_dag.py took 0.060 seconds
[2025-02-07T12:39:48.174+0000] {processor.py:186} INFO - Started process (PID=309) to work on /opt/conda/lib/python3.12/site-packages/airflow/example_dags/example_nested_branch_dag.py
[2025-02-07T12:39:48.175+0000] {processor.py:914} INFO - Processing file /opt/conda/lib/python3.12/site-packages/airflow/example_dags/example_nested_branch_dag.py for tasks to queue
[2025-02-07T12:39:48.176+0000] {logging_mixin.py:190} INFO - [2025-02-07T12:39:48.176+0000] {dagbag.py:588} INFO - Filling up the DagBag from /opt/conda/lib/python3.12/site-packages/airflow/example_dags/example_nested_branch_dag.py
[2025-02-07T12:39:48.184+0000] {processor.py:925} INFO - DAG(s) 'example_nested_branch_dag' retrieved from /opt/conda/lib/python3.12/site-packages/airflow/example_dags/example_nested_branch_dag.py
[2025-02-07T12:39:48.201+0000] {logging_mixin.py:190} INFO - [2025-02-07T12:39:48.201+0000] {dag.py:3239} INFO - Sync 1 DAGs
[2025-02-07T12:39:48.213+0000] {logging_mixin.py:190} INFO - [2025-02-07T12:39:48.213+0000] {dag.py:4180} INFO - Setting next_dagrun for example_nested_branch_dag to 2025-02-06 00:00:00+00:00, run_after=2025-02-07 00:00:00+00:00
[2025-02-07T12:39:48.229+0000] {processor.py:208} INFO - Processing /opt/conda/lib/python3.12/site-packages/airflow/example_dags/example_nested_branch_dag.py took 0.060 seconds
[2025-02-07T12:40:45.977+0000] {processor.py:186} INFO - Started process (PID=366) to work on /opt/conda/lib/python3.12/site-packages/airflow/example_dags/example_nested_branch_dag.py
[2025-02-07T12:40:45.977+0000] {processor.py:914} INFO - Processing file /opt/conda/lib/python3.12/site-packages/airflow/example_dags/example_nested_branch_dag.py for tasks to queue
[2025-02-07T12:40:45.979+0000] {logging_mixin.py:190} INFO - [2025-02-07T12:40:45.979+0000] {dagbag.py:588} INFO - Filling up the DagBag from /opt/conda/lib/python3.12/site-packages/airflow/example_dags/example_nested_branch_dag.py
[2025-02-07T12:40:45.987+0000] {processor.py:925} INFO - DAG(s) 'example_nested_branch_dag' retrieved from /opt/conda/lib/python3.12/site-packages/airflow/example_dags/example_nested_branch_dag.py
[2025-02-07T12:40:45.998+0000] {logging_mixin.py:190} INFO - [2025-02-07T12:40:45.997+0000] {dag.py:3239} INFO - Sync 1 DAGs
[2025-02-07T12:40:46.010+0000] {logging_mixin.py:190} INFO - [2025-02-07T12:40:46.009+0000] {dag.py:4180} INFO - Setting next_dagrun for example_nested_branch_dag to 2025-02-06 00:00:00+00:00, run_after=2025-02-07 00:00:00+00:00
[2025-02-07T12:40:46.023+0000] {processor.py:208} INFO - Processing /opt/conda/lib/python3.12/site-packages/airflow/example_dags/example_nested_branch_dag.py took 0.050 seconds
[2025-02-07T12:45:00.912+0000] {processor.py:186} INFO - Started process (PID=1974) to work on /opt/conda/lib/python3.12/site-packages/airflow/example_dags/example_nested_branch_dag.py
[2025-02-07T12:45:00.913+0000] {processor.py:914} INFO - Processing file /opt/conda/lib/python3.12/site-packages/airflow/example_dags/example_nested_branch_dag.py for tasks to queue
[2025-02-07T12:45:00.915+0000] {logging_mixin.py:190} INFO - [2025-02-07T12:45:00.915+0000] {dagbag.py:588} INFO - Filling up the DagBag from /opt/conda/lib/python3.12/site-packages/airflow/example_dags/example_nested_branch_dag.py
[2025-02-07T12:45:00.929+0000] {processor.py:925} INFO - DAG(s) 'example_nested_branch_dag' retrieved from /opt/conda/lib/python3.12/site-packages/airflow/example_dags/example_nested_branch_dag.py
[2025-02-07T12:45:00.941+0000] {logging_mixin.py:190} INFO - [2025-02-07T12:45:00.941+0000] {dag.py:3239} INFO - Sync 1 DAGs
[2025-02-07T12:45:00.957+0000] {logging_mixin.py:190} INFO - [2025-02-07T12:45:00.957+0000] {dag.py:4180} INFO - Setting next_dagrun for example_nested_branch_dag to 2025-02-06 00:00:00+00:00, run_after=2025-02-07 00:00:00+00:00
[2025-02-07T12:45:00.979+0000] {processor.py:208} INFO - Processing /opt/conda/lib/python3.12/site-packages/airflow/example_dags/example_nested_branch_dag.py took 0.072 seconds
[2025-02-07T12:58:51.933+0000] {processor.py:186} INFO - Started process (PID=7683) to work on /opt/conda/lib/python3.12/site-packages/airflow/example_dags/example_nested_branch_dag.py
[2025-02-07T12:58:51.934+0000] {processor.py:914} INFO - Processing file /opt/conda/lib/python3.12/site-packages/airflow/example_dags/example_nested_branch_dag.py for tasks to queue
[2025-02-07T12:58:51.937+0000] {logging_mixin.py:190} INFO - [2025-02-07T12:58:51.937+0000] {dagbag.py:588} INFO - Filling up the DagBag from /opt/conda/lib/python3.12/site-packages/airflow/example_dags/example_nested_branch_dag.py
[2025-02-07T12:58:51.952+0000] {processor.py:925} INFO - DAG(s) 'example_nested_branch_dag' retrieved from /opt/conda/lib/python3.12/site-packages/airflow/example_dags/example_nested_branch_dag.py
[2025-02-07T12:58:51.975+0000] {logging_mixin.py:190} INFO - [2025-02-07T12:58:51.975+0000] {dag.py:3239} INFO - Sync 1 DAGs
[2025-02-07T12:58:51.989+0000] {logging_mixin.py:190} INFO - [2025-02-07T12:58:51.989+0000] {dag.py:4180} INFO - Setting next_dagrun for example_nested_branch_dag to 2025-02-06 00:00:00+00:00, run_after=2025-02-07 00:00:00+00:00
[2025-02-07T12:58:52.002+0000] {processor.py:208} INFO - Processing /opt/conda/lib/python3.12/site-packages/airflow/example_dags/example_nested_branch_dag.py took 0.075 seconds
[2025-02-07T13:08:20.843+0000] {processor.py:186} INFO - Started process (PID=1049) to work on /opt/conda/lib/python3.12/site-packages/airflow/example_dags/example_nested_branch_dag.py
[2025-02-07T13:08:20.845+0000] {processor.py:914} INFO - Processing file /opt/conda/lib/python3.12/site-packages/airflow/example_dags/example_nested_branch_dag.py for tasks to queue
[2025-02-07T13:08:20.847+0000] {logging_mixin.py:190} INFO - [2025-02-07T13:08:20.846+0000] {dagbag.py:588} INFO - Filling up the DagBag from /opt/conda/lib/python3.12/site-packages/airflow/example_dags/example_nested_branch_dag.py
[2025-02-07T13:08:20.857+0000] {processor.py:925} INFO - DAG(s) 'example_nested_branch_dag' retrieved from /opt/conda/lib/python3.12/site-packages/airflow/example_dags/example_nested_branch_dag.py
[2025-02-07T13:08:20.871+0000] {logging_mixin.py:190} INFO - [2025-02-07T13:08:20.871+0000] {dag.py:3239} INFO - Sync 1 DAGs
[2025-02-07T13:08:20.901+0000] {logging_mixin.py:190} INFO - [2025-02-07T13:08:20.901+0000] {dag.py:4180} INFO - Setting next_dagrun for example_nested_branch_dag to 2025-02-06 00:00:00+00:00, run_after=2025-02-07 00:00:00+00:00
[2025-02-07T13:08:20.915+0000] {processor.py:208} INFO - Processing /opt/conda/lib/python3.12/site-packages/airflow/example_dags/example_nested_branch_dag.py took 0.077 seconds
[2025-02-07T13:27:27.712+0000] {processor.py:186} INFO - Started process (PID=198) to work on /opt/conda/lib/python3.12/site-packages/airflow/example_dags/example_nested_branch_dag.py
[2025-02-07T13:27:27.714+0000] {processor.py:914} INFO - Processing file /opt/conda/lib/python3.12/site-packages/airflow/example_dags/example_nested_branch_dag.py for tasks to queue
[2025-02-07T13:27:27.716+0000] {logging_mixin.py:190} INFO - [2025-02-07T13:27:27.715+0000] {dagbag.py:588} INFO - Filling up the DagBag from /opt/conda/lib/python3.12/site-packages/airflow/example_dags/example_nested_branch_dag.py
[2025-02-07T13:27:27.727+0000] {processor.py:925} INFO - DAG(s) 'example_nested_branch_dag' retrieved from /opt/conda/lib/python3.12/site-packages/airflow/example_dags/example_nested_branch_dag.py
[2025-02-07T13:27:27.742+0000] {logging_mixin.py:190} INFO - [2025-02-07T13:27:27.742+0000] {dag.py:3239} INFO - Sync 1 DAGs
[2025-02-07T13:27:27.761+0000] {logging_mixin.py:190} INFO - [2025-02-07T13:27:27.761+0000] {dag.py:4180} INFO - Setting next_dagrun for example_nested_branch_dag to 2025-02-06 00:00:00+00:00, run_after=2025-02-07 00:00:00+00:00
[2025-02-07T13:27:27.775+0000] {processor.py:208} INFO - Processing /opt/conda/lib/python3.12/site-packages/airflow/example_dags/example_nested_branch_dag.py took 0.073 seconds
[2025-02-07T13:29:02.371+0000] {processor.py:186} INFO - Started process (PID=351) to work on /opt/conda/lib/python3.12/site-packages/airflow/example_dags/example_nested_branch_dag.py
[2025-02-07T13:29:02.373+0000] {processor.py:914} INFO - Processing file /opt/conda/lib/python3.12/site-packages/airflow/example_dags/example_nested_branch_dag.py for tasks to queue
[2025-02-07T13:29:02.374+0000] {logging_mixin.py:190} INFO - [2025-02-07T13:29:02.374+0000] {dagbag.py:588} INFO - Filling up the DagBag from /opt/conda/lib/python3.12/site-packages/airflow/example_dags/example_nested_branch_dag.py
[2025-02-07T13:29:02.383+0000] {processor.py:925} INFO - DAG(s) 'example_nested_branch_dag' retrieved from /opt/conda/lib/python3.12/site-packages/airflow/example_dags/example_nested_branch_dag.py
[2025-02-07T13:29:02.395+0000] {logging_mixin.py:190} INFO - [2025-02-07T13:29:02.395+0000] {dag.py:3239} INFO - Sync 1 DAGs
[2025-02-07T13:29:02.408+0000] {logging_mixin.py:190} INFO - [2025-02-07T13:29:02.408+0000] {dag.py:4180} INFO - Setting next_dagrun for example_nested_branch_dag to 2025-02-06 00:00:00+00:00, run_after=2025-02-07 00:00:00+00:00
[2025-02-07T13:29:02.422+0000] {processor.py:208} INFO - Processing /opt/conda/lib/python3.12/site-packages/airflow/example_dags/example_nested_branch_dag.py took 0.063 seconds
[2025-02-07T13:30:14.768+0000] {processor.py:186} INFO - Started process (PID=436) to work on /opt/conda/lib/python3.12/site-packages/airflow/example_dags/example_nested_branch_dag.py
[2025-02-07T13:30:14.769+0000] {processor.py:914} INFO - Processing file /opt/conda/lib/python3.12/site-packages/airflow/example_dags/example_nested_branch_dag.py for tasks to queue
[2025-02-07T13:30:14.772+0000] {logging_mixin.py:190} INFO - [2025-02-07T13:30:14.772+0000] {dagbag.py:588} INFO - Filling up the DagBag from /opt/conda/lib/python3.12/site-packages/airflow/example_dags/example_nested_branch_dag.py
[2025-02-07T13:30:14.786+0000] {processor.py:925} INFO - DAG(s) 'example_nested_branch_dag' retrieved from /opt/conda/lib/python3.12/site-packages/airflow/example_dags/example_nested_branch_dag.py
[2025-02-07T13:30:14.807+0000] {logging_mixin.py:190} INFO - [2025-02-07T13:30:14.805+0000] {dag.py:3239} INFO - Sync 1 DAGs
[2025-02-07T13:30:14.833+0000] {logging_mixin.py:190} INFO - [2025-02-07T13:30:14.833+0000] {dag.py:4180} INFO - Setting next_dagrun for example_nested_branch_dag to 2025-02-06 00:00:00+00:00, run_after=2025-02-07 00:00:00+00:00
[2025-02-07T13:30:14.850+0000] {processor.py:208} INFO - Processing /opt/conda/lib/python3.12/site-packages/airflow/example_dags/example_nested_branch_dag.py took 0.090 seconds
[2025-02-07T13:33:32.473+0000] {processor.py:186} INFO - Started process (PID=363) to work on /opt/conda/lib/python3.12/site-packages/airflow/example_dags/example_nested_branch_dag.py
[2025-02-07T13:33:32.474+0000] {processor.py:914} INFO - Processing file /opt/conda/lib/python3.12/site-packages/airflow/example_dags/example_nested_branch_dag.py for tasks to queue
[2025-02-07T13:33:32.477+0000] {logging_mixin.py:190} INFO - [2025-02-07T13:33:32.477+0000] {dagbag.py:588} INFO - Filling up the DagBag from /opt/conda/lib/python3.12/site-packages/airflow/example_dags/example_nested_branch_dag.py
[2025-02-07T13:33:32.492+0000] {processor.py:925} INFO - DAG(s) 'example_nested_branch_dag' retrieved from /opt/conda/lib/python3.12/site-packages/airflow/example_dags/example_nested_branch_dag.py
[2025-02-07T13:33:32.516+0000] {logging_mixin.py:190} INFO - [2025-02-07T13:33:32.516+0000] {dag.py:3239} INFO - Sync 1 DAGs
[2025-02-07T13:33:32.534+0000] {logging_mixin.py:190} INFO - [2025-02-07T13:33:32.534+0000] {dag.py:4180} INFO - Setting next_dagrun for example_nested_branch_dag to 2025-02-06 00:00:00+00:00, run_after=2025-02-07 00:00:00+00:00
[2025-02-07T13:33:32.558+0000] {processor.py:208} INFO - Processing /opt/conda/lib/python3.12/site-packages/airflow/example_dags/example_nested_branch_dag.py took 0.090 seconds
[2025-02-07T13:35:18.135+0000] {processor.py:186} INFO - Started process (PID=209) to work on /opt/conda/lib/python3.12/site-packages/airflow/example_dags/example_nested_branch_dag.py
[2025-02-07T13:35:18.136+0000] {processor.py:914} INFO - Processing file /opt/conda/lib/python3.12/site-packages/airflow/example_dags/example_nested_branch_dag.py for tasks to queue
[2025-02-07T13:35:18.137+0000] {logging_mixin.py:190} INFO - [2025-02-07T13:35:18.137+0000] {dagbag.py:588} INFO - Filling up the DagBag from /opt/conda/lib/python3.12/site-packages/airflow/example_dags/example_nested_branch_dag.py
[2025-02-07T13:35:18.143+0000] {processor.py:925} INFO - DAG(s) 'example_nested_branch_dag' retrieved from /opt/conda/lib/python3.12/site-packages/airflow/example_dags/example_nested_branch_dag.py
[2025-02-07T13:35:18.154+0000] {logging_mixin.py:190} INFO - [2025-02-07T13:35:18.153+0000] {dag.py:3239} INFO - Sync 1 DAGs
[2025-02-07T13:35:18.165+0000] {logging_mixin.py:190} INFO - [2025-02-07T13:35:18.165+0000] {dag.py:4180} INFO - Setting next_dagrun for example_nested_branch_dag to 2025-02-06 00:00:00+00:00, run_after=2025-02-07 00:00:00+00:00
[2025-02-07T13:35:18.176+0000] {processor.py:208} INFO - Processing /opt/conda/lib/python3.12/site-packages/airflow/example_dags/example_nested_branch_dag.py took 0.044 seconds
[2025-02-07T13:38:46.932+0000] {processor.py:186} INFO - Started process (PID=434) to work on /opt/conda/lib/python3.12/site-packages/airflow/example_dags/example_nested_branch_dag.py
[2025-02-07T13:38:46.934+0000] {processor.py:914} INFO - Processing file /opt/conda/lib/python3.12/site-packages/airflow/example_dags/example_nested_branch_dag.py for tasks to queue
[2025-02-07T13:38:46.937+0000] {logging_mixin.py:190} INFO - [2025-02-07T13:38:46.936+0000] {dagbag.py:588} INFO - Filling up the DagBag from /opt/conda/lib/python3.12/site-packages/airflow/example_dags/example_nested_branch_dag.py
[2025-02-07T13:38:46.948+0000] {processor.py:925} INFO - DAG(s) 'example_nested_branch_dag' retrieved from /opt/conda/lib/python3.12/site-packages/airflow/example_dags/example_nested_branch_dag.py
[2025-02-07T13:38:46.962+0000] {logging_mixin.py:190} INFO - [2025-02-07T13:38:46.962+0000] {dag.py:3239} INFO - Sync 1 DAGs
[2025-02-07T13:38:46.977+0000] {logging_mixin.py:190} INFO - [2025-02-07T13:38:46.977+0000] {dag.py:4180} INFO - Setting next_dagrun for example_nested_branch_dag to 2025-02-06 00:00:00+00:00, run_after=2025-02-07 00:00:00+00:00
[2025-02-07T13:38:46.991+0000] {processor.py:208} INFO - Processing /opt/conda/lib/python3.12/site-packages/airflow/example_dags/example_nested_branch_dag.py took 0.065 seconds
[2025-02-07T13:39:47.670+0000] {processor.py:186} INFO - Started process (PID=505) to work on /opt/conda/lib/python3.12/site-packages/airflow/example_dags/example_nested_branch_dag.py
[2025-02-07T13:39:47.671+0000] {processor.py:914} INFO - Processing file /opt/conda/lib/python3.12/site-packages/airflow/example_dags/example_nested_branch_dag.py for tasks to queue
[2025-02-07T13:39:47.673+0000] {logging_mixin.py:190} INFO - [2025-02-07T13:39:47.673+0000] {dagbag.py:588} INFO - Filling up the DagBag from /opt/conda/lib/python3.12/site-packages/airflow/example_dags/example_nested_branch_dag.py
[2025-02-07T13:39:47.683+0000] {processor.py:925} INFO - DAG(s) 'example_nested_branch_dag' retrieved from /opt/conda/lib/python3.12/site-packages/airflow/example_dags/example_nested_branch_dag.py
[2025-02-07T13:39:47.696+0000] {logging_mixin.py:190} INFO - [2025-02-07T13:39:47.696+0000] {dag.py:3239} INFO - Sync 1 DAGs
[2025-02-07T13:39:47.710+0000] {logging_mixin.py:190} INFO - [2025-02-07T13:39:47.710+0000] {dag.py:4180} INFO - Setting next_dagrun for example_nested_branch_dag to 2025-02-06 00:00:00+00:00, run_after=2025-02-07 00:00:00+00:00
[2025-02-07T13:39:47.729+0000] {processor.py:208} INFO - Processing /opt/conda/lib/python3.12/site-packages/airflow/example_dags/example_nested_branch_dag.py took 0.063 seconds
[2025-02-07T13:40:46.570+0000] {processor.py:186} INFO - Started process (PID=573) to work on /opt/conda/lib/python3.12/site-packages/airflow/example_dags/example_nested_branch_dag.py
[2025-02-07T13:40:46.571+0000] {processor.py:914} INFO - Processing file /opt/conda/lib/python3.12/site-packages/airflow/example_dags/example_nested_branch_dag.py for tasks to queue
[2025-02-07T13:40:46.573+0000] {logging_mixin.py:190} INFO - [2025-02-07T13:40:46.572+0000] {dagbag.py:588} INFO - Filling up the DagBag from /opt/conda/lib/python3.12/site-packages/airflow/example_dags/example_nested_branch_dag.py
[2025-02-07T13:40:46.583+0000] {processor.py:925} INFO - DAG(s) 'example_nested_branch_dag' retrieved from /opt/conda/lib/python3.12/site-packages/airflow/example_dags/example_nested_branch_dag.py
[2025-02-07T13:40:46.595+0000] {logging_mixin.py:190} INFO - [2025-02-07T13:40:46.595+0000] {dag.py:3239} INFO - Sync 1 DAGs
[2025-02-07T13:40:46.608+0000] {logging_mixin.py:190} INFO - [2025-02-07T13:40:46.608+0000] {dag.py:4180} INFO - Setting next_dagrun for example_nested_branch_dag to 2025-02-06 00:00:00+00:00, run_after=2025-02-07 00:00:00+00:00
[2025-02-07T13:40:46.623+0000] {processor.py:208} INFO - Processing /opt/conda/lib/python3.12/site-packages/airflow/example_dags/example_nested_branch_dag.py took 0.059 seconds
[2025-02-07T13:41:45.497+0000] {processor.py:186} INFO - Started process (PID=641) to work on /opt/conda/lib/python3.12/site-packages/airflow/example_dags/example_nested_branch_dag.py
[2025-02-07T13:41:45.498+0000] {processor.py:914} INFO - Processing file /opt/conda/lib/python3.12/site-packages/airflow/example_dags/example_nested_branch_dag.py for tasks to queue
[2025-02-07T13:41:45.501+0000] {logging_mixin.py:190} INFO - [2025-02-07T13:41:45.500+0000] {dagbag.py:588} INFO - Filling up the DagBag from /opt/conda/lib/python3.12/site-packages/airflow/example_dags/example_nested_branch_dag.py
[2025-02-07T13:41:45.512+0000] {processor.py:925} INFO - DAG(s) 'example_nested_branch_dag' retrieved from /opt/conda/lib/python3.12/site-packages/airflow/example_dags/example_nested_branch_dag.py
[2025-02-07T13:41:45.526+0000] {logging_mixin.py:190} INFO - [2025-02-07T13:41:45.526+0000] {dag.py:3239} INFO - Sync 1 DAGs
[2025-02-07T13:41:45.539+0000] {logging_mixin.py:190} INFO - [2025-02-07T13:41:45.539+0000] {dag.py:4180} INFO - Setting next_dagrun for example_nested_branch_dag to 2025-02-06 00:00:00+00:00, run_after=2025-02-07 00:00:00+00:00
[2025-02-07T13:41:45.552+0000] {processor.py:208} INFO - Processing /opt/conda/lib/python3.12/site-packages/airflow/example_dags/example_nested_branch_dag.py took 0.061 seconds
[2025-02-07T13:42:58.082+0000] {processor.py:186} INFO - Started process (PID=824) to work on /opt/conda/lib/python3.12/site-packages/airflow/example_dags/example_nested_branch_dag.py
[2025-02-07T13:42:58.083+0000] {processor.py:914} INFO - Processing file /opt/conda/lib/python3.12/site-packages/airflow/example_dags/example_nested_branch_dag.py for tasks to queue
[2025-02-07T13:42:58.086+0000] {logging_mixin.py:190} INFO - [2025-02-07T13:42:58.085+0000] {dagbag.py:588} INFO - Filling up the DagBag from /opt/conda/lib/python3.12/site-packages/airflow/example_dags/example_nested_branch_dag.py
[2025-02-07T13:42:58.095+0000] {processor.py:925} INFO - DAG(s) 'example_nested_branch_dag' retrieved from /opt/conda/lib/python3.12/site-packages/airflow/example_dags/example_nested_branch_dag.py
[2025-02-07T13:42:58.110+0000] {logging_mixin.py:190} INFO - [2025-02-07T13:42:58.110+0000] {dag.py:3239} INFO - Sync 1 DAGs
[2025-02-07T13:42:58.126+0000] {logging_mixin.py:190} INFO - [2025-02-07T13:42:58.126+0000] {dag.py:4180} INFO - Setting next_dagrun for example_nested_branch_dag to 2025-02-06 00:00:00+00:00, run_after=2025-02-07 00:00:00+00:00
[2025-02-07T13:42:58.140+0000] {processor.py:208} INFO - Processing /opt/conda/lib/python3.12/site-packages/airflow/example_dags/example_nested_branch_dag.py took 0.064 seconds
[2025-02-07T13:44:26.630+0000] {processor.py:186} INFO - Started process (PID=1016) to work on /opt/conda/lib/python3.12/site-packages/airflow/example_dags/example_nested_branch_dag.py
[2025-02-07T13:44:26.631+0000] {processor.py:914} INFO - Processing file /opt/conda/lib/python3.12/site-packages/airflow/example_dags/example_nested_branch_dag.py for tasks to queue
[2025-02-07T13:44:26.633+0000] {logging_mixin.py:190} INFO - [2025-02-07T13:44:26.633+0000] {dagbag.py:588} INFO - Filling up the DagBag from /opt/conda/lib/python3.12/site-packages/airflow/example_dags/example_nested_branch_dag.py
[2025-02-07T13:44:26.644+0000] {processor.py:925} INFO - DAG(s) 'example_nested_branch_dag' retrieved from /opt/conda/lib/python3.12/site-packages/airflow/example_dags/example_nested_branch_dag.py
[2025-02-07T13:44:26.656+0000] {logging_mixin.py:190} INFO - [2025-02-07T13:44:26.656+0000] {dag.py:3239} INFO - Sync 1 DAGs
[2025-02-07T13:44:26.673+0000] {logging_mixin.py:190} INFO - [2025-02-07T13:44:26.673+0000] {dag.py:4180} INFO - Setting next_dagrun for example_nested_branch_dag to 2025-02-06 00:00:00+00:00, run_after=2025-02-07 00:00:00+00:00
[2025-02-07T13:44:26.687+0000] {processor.py:208} INFO - Processing /opt/conda/lib/python3.12/site-packages/airflow/example_dags/example_nested_branch_dag.py took 0.063 seconds
[2025-02-07T13:46:03.169+0000] {processor.py:186} INFO - Started process (PID=1202) to work on /opt/conda/lib/python3.12/site-packages/airflow/example_dags/example_nested_branch_dag.py
[2025-02-07T13:46:03.170+0000] {processor.py:914} INFO - Processing file /opt/conda/lib/python3.12/site-packages/airflow/example_dags/example_nested_branch_dag.py for tasks to queue
[2025-02-07T13:46:03.174+0000] {logging_mixin.py:190} INFO - [2025-02-07T13:46:03.173+0000] {dagbag.py:588} INFO - Filling up the DagBag from /opt/conda/lib/python3.12/site-packages/airflow/example_dags/example_nested_branch_dag.py
[2025-02-07T13:46:03.182+0000] {processor.py:925} INFO - DAG(s) 'example_nested_branch_dag' retrieved from /opt/conda/lib/python3.12/site-packages/airflow/example_dags/example_nested_branch_dag.py
[2025-02-07T13:46:03.198+0000] {logging_mixin.py:190} INFO - [2025-02-07T13:46:03.198+0000] {dag.py:3239} INFO - Sync 1 DAGs
[2025-02-07T13:46:03.220+0000] {logging_mixin.py:190} INFO - [2025-02-07T13:46:03.220+0000] {dag.py:4180} INFO - Setting next_dagrun for example_nested_branch_dag to 2025-02-06 00:00:00+00:00, run_after=2025-02-07 00:00:00+00:00
[2025-02-07T13:46:03.248+0000] {processor.py:208} INFO - Processing /opt/conda/lib/python3.12/site-packages/airflow/example_dags/example_nested_branch_dag.py took 0.087 seconds
[2025-02-07T14:05:20.623+0000] {processor.py:186} INFO - Started process (PID=1760) to work on /opt/conda/lib/python3.12/site-packages/airflow/example_dags/example_nested_branch_dag.py
[2025-02-07T14:05:20.625+0000] {processor.py:914} INFO - Processing file /opt/conda/lib/python3.12/site-packages/airflow/example_dags/example_nested_branch_dag.py for tasks to queue
[2025-02-07T14:05:20.629+0000] {logging_mixin.py:190} INFO - [2025-02-07T14:05:20.628+0000] {dagbag.py:588} INFO - Filling up the DagBag from /opt/conda/lib/python3.12/site-packages/airflow/example_dags/example_nested_branch_dag.py
[2025-02-07T14:05:20.649+0000] {processor.py:925} INFO - DAG(s) 'example_nested_branch_dag' retrieved from /opt/conda/lib/python3.12/site-packages/airflow/example_dags/example_nested_branch_dag.py
[2025-02-07T14:05:20.679+0000] {logging_mixin.py:190} INFO - [2025-02-07T14:05:20.679+0000] {dag.py:3239} INFO - Sync 1 DAGs
[2025-02-07T14:05:20.701+0000] {logging_mixin.py:190} INFO - [2025-02-07T14:05:20.701+0000] {dag.py:4180} INFO - Setting next_dagrun for example_nested_branch_dag to 2025-02-06 00:00:00+00:00, run_after=2025-02-07 00:00:00+00:00
[2025-02-07T14:05:20.718+0000] {processor.py:208} INFO - Processing /opt/conda/lib/python3.12/site-packages/airflow/example_dags/example_nested_branch_dag.py took 0.102 seconds
[2025-02-07T14:06:24.476+0000] {processor.py:186} INFO - Started process (PID=1830) to work on /opt/conda/lib/python3.12/site-packages/airflow/example_dags/example_nested_branch_dag.py
[2025-02-07T14:06:24.478+0000] {processor.py:914} INFO - Processing file /opt/conda/lib/python3.12/site-packages/airflow/example_dags/example_nested_branch_dag.py for tasks to queue
[2025-02-07T14:06:24.482+0000] {logging_mixin.py:190} INFO - [2025-02-07T14:06:24.481+0000] {dagbag.py:588} INFO - Filling up the DagBag from /opt/conda/lib/python3.12/site-packages/airflow/example_dags/example_nested_branch_dag.py
[2025-02-07T14:06:24.514+0000] {processor.py:925} INFO - DAG(s) 'example_nested_branch_dag' retrieved from /opt/conda/lib/python3.12/site-packages/airflow/example_dags/example_nested_branch_dag.py
[2025-02-07T14:06:24.548+0000] {logging_mixin.py:190} INFO - [2025-02-07T14:06:24.548+0000] {dag.py:3239} INFO - Sync 1 DAGs
[2025-02-07T14:06:24.610+0000] {logging_mixin.py:190} INFO - [2025-02-07T14:06:24.610+0000] {dag.py:4180} INFO - Setting next_dagrun for example_nested_branch_dag to 2025-02-06 00:00:00+00:00, run_after=2025-02-07 00:00:00+00:00
[2025-02-07T14:06:24.684+0000] {processor.py:208} INFO - Processing /opt/conda/lib/python3.12/site-packages/airflow/example_dags/example_nested_branch_dag.py took 0.219 seconds
[2025-02-07T14:07:45.108+0000] {processor.py:186} INFO - Started process (PID=2016) to work on /opt/conda/lib/python3.12/site-packages/airflow/example_dags/example_nested_branch_dag.py
[2025-02-07T14:07:45.110+0000] {processor.py:914} INFO - Processing file /opt/conda/lib/python3.12/site-packages/airflow/example_dags/example_nested_branch_dag.py for tasks to queue
[2025-02-07T14:07:45.111+0000] {logging_mixin.py:190} INFO - [2025-02-07T14:07:45.111+0000] {dagbag.py:588} INFO - Filling up the DagBag from /opt/conda/lib/python3.12/site-packages/airflow/example_dags/example_nested_branch_dag.py
[2025-02-07T14:07:45.142+0000] {processor.py:925} INFO - DAG(s) 'example_nested_branch_dag' retrieved from /opt/conda/lib/python3.12/site-packages/airflow/example_dags/example_nested_branch_dag.py
[2025-02-07T14:07:45.196+0000] {logging_mixin.py:190} INFO - [2025-02-07T14:07:45.195+0000] {dag.py:3239} INFO - Sync 1 DAGs
[2025-02-07T14:07:45.228+0000] {logging_mixin.py:190} INFO - [2025-02-07T14:07:45.228+0000] {dag.py:4180} INFO - Setting next_dagrun for example_nested_branch_dag to 2025-02-06 00:00:00+00:00, run_after=2025-02-07 00:00:00+00:00
[2025-02-07T14:07:45.267+0000] {processor.py:208} INFO - Processing /opt/conda/lib/python3.12/site-packages/airflow/example_dags/example_nested_branch_dag.py took 0.168 seconds
