[2025-02-07T12:10:46.678+0000] {processor.py:186} INFO - Started process (PID=2307) to work on /opt/conda/lib/python3.12/site-packages/airflow/example_dags/example_latest_only.py
[2025-02-07T12:10:46.686+0000] {processor.py:914} INFO - Processing file /opt/conda/lib/python3.12/site-packages/airflow/example_dags/example_latest_only.py for tasks to queue
[2025-02-07T12:10:46.702+0000] {logging_mixin.py:190} INFO - [2025-02-07T12:10:46.702+0000] {dagbag.py:588} INFO - Filling up the DagBag from /opt/conda/lib/python3.12/site-packages/airflow/example_dags/example_latest_only.py
[2025-02-07T12:10:46.715+0000] {processor.py:925} INFO - DAG(s) 'latest_only' retrieved from /opt/conda/lib/python3.12/site-packages/airflow/example_dags/example_latest_only.py
[2025-02-07T12:10:46.735+0000] {logging_mixin.py:190} INFO - [2025-02-07T12:10:46.735+0000] {dag.py:3239} INFO - Sync 1 DAGs
[2025-02-07T12:10:46.764+0000] {logging_mixin.py:190} INFO - [2025-02-07T12:10:46.764+0000] {dag.py:4180} INFO - Setting next_dagrun for latest_only to 2025-02-07 08:00:00+00:00, run_after=2025-02-07 12:00:00+00:00
[2025-02-07T12:10:46.787+0000] {processor.py:208} INFO - Processing /opt/conda/lib/python3.12/site-packages/airflow/example_dags/example_latest_only.py took 0.124 seconds
[2025-02-07T12:22:14.644+0000] {processor.py:186} INFO - Started process (PID=6049) to work on /opt/conda/lib/python3.12/site-packages/airflow/example_dags/example_latest_only.py
[2025-02-07T12:22:14.646+0000] {processor.py:914} INFO - Processing file /opt/conda/lib/python3.12/site-packages/airflow/example_dags/example_latest_only.py for tasks to queue
[2025-02-07T12:22:14.654+0000] {logging_mixin.py:190} INFO - [2025-02-07T12:22:14.654+0000] {dagbag.py:588} INFO - Filling up the DagBag from /opt/conda/lib/python3.12/site-packages/airflow/example_dags/example_latest_only.py
[2025-02-07T12:22:14.668+0000] {processor.py:925} INFO - DAG(s) 'latest_only' retrieved from /opt/conda/lib/python3.12/site-packages/airflow/example_dags/example_latest_only.py
[2025-02-07T12:22:14.709+0000] {logging_mixin.py:190} INFO - [2025-02-07T12:22:14.709+0000] {dag.py:3239} INFO - Sync 1 DAGs
[2025-02-07T12:22:14.730+0000] {logging_mixin.py:190} INFO - [2025-02-07T12:22:14.730+0000] {dag.py:4180} INFO - Setting next_dagrun for latest_only to 2025-02-07 08:00:00+00:00, run_after=2025-02-07 12:00:00+00:00
[2025-02-07T12:22:14.747+0000] {processor.py:208} INFO - Processing /opt/conda/lib/python3.12/site-packages/airflow/example_dags/example_latest_only.py took 0.109 seconds
[2025-02-07T12:32:56.670+0000] {processor.py:186} INFO - Started process (PID=128) to work on /opt/conda/lib/python3.12/site-packages/airflow/example_dags/example_latest_only.py
[2025-02-07T12:32:56.673+0000] {processor.py:914} INFO - Processing file /opt/conda/lib/python3.12/site-packages/airflow/example_dags/example_latest_only.py for tasks to queue
[2025-02-07T12:32:56.676+0000] {logging_mixin.py:190} INFO - [2025-02-07T12:32:56.676+0000] {dagbag.py:588} INFO - Filling up the DagBag from /opt/conda/lib/python3.12/site-packages/airflow/example_dags/example_latest_only.py
[2025-02-07T12:32:56.693+0000] {processor.py:925} INFO - DAG(s) 'latest_only' retrieved from /opt/conda/lib/python3.12/site-packages/airflow/example_dags/example_latest_only.py
[2025-02-07T12:32:56.719+0000] {logging_mixin.py:190} INFO - [2025-02-07T12:32:56.719+0000] {dag.py:3239} INFO - Sync 1 DAGs
[2025-02-07T12:32:56.756+0000] {logging_mixin.py:190} INFO - [2025-02-07T12:32:56.756+0000] {dag.py:4180} INFO - Setting next_dagrun for latest_only to 2025-02-07 08:00:00+00:00, run_after=2025-02-07 12:00:00+00:00
[2025-02-07T12:32:56.783+0000] {processor.py:208} INFO - Processing /opt/conda/lib/python3.12/site-packages/airflow/example_dags/example_latest_only.py took 0.130 seconds
[2025-02-07T12:36:45.652+0000] {processor.py:186} INFO - Started process (PID=106) to work on /opt/conda/lib/python3.12/site-packages/airflow/example_dags/example_latest_only.py
[2025-02-07T12:36:45.654+0000] {processor.py:914} INFO - Processing file /opt/conda/lib/python3.12/site-packages/airflow/example_dags/example_latest_only.py for tasks to queue
[2025-02-07T12:36:45.659+0000] {logging_mixin.py:190} INFO - [2025-02-07T12:36:45.658+0000] {dagbag.py:588} INFO - Filling up the DagBag from /opt/conda/lib/python3.12/site-packages/airflow/example_dags/example_latest_only.py
[2025-02-07T12:36:45.672+0000] {processor.py:925} INFO - DAG(s) 'latest_only' retrieved from /opt/conda/lib/python3.12/site-packages/airflow/example_dags/example_latest_only.py
[2025-02-07T12:36:45.715+0000] {logging_mixin.py:190} INFO - [2025-02-07T12:36:45.714+0000] {dag.py:3239} INFO - Sync 1 DAGs
[2025-02-07T12:36:45.742+0000] {logging_mixin.py:190} INFO - [2025-02-07T12:36:45.742+0000] {dag.py:4180} INFO - Setting next_dagrun for latest_only to 2025-02-07 08:00:00+00:00, run_after=2025-02-07 12:00:00+00:00
[2025-02-07T12:36:45.767+0000] {processor.py:208} INFO - Processing /opt/conda/lib/python3.12/site-packages/airflow/example_dags/example_latest_only.py took 0.121 seconds
[2025-02-07T12:37:59.998+0000] {processor.py:186} INFO - Started process (PID=181) to work on /opt/conda/lib/python3.12/site-packages/airflow/example_dags/example_latest_only.py
[2025-02-07T12:38:00.000+0000] {processor.py:914} INFO - Processing file /opt/conda/lib/python3.12/site-packages/airflow/example_dags/example_latest_only.py for tasks to queue
[2025-02-07T12:38:00.002+0000] {logging_mixin.py:190} INFO - [2025-02-07T12:38:00.002+0000] {dagbag.py:588} INFO - Filling up the DagBag from /opt/conda/lib/python3.12/site-packages/airflow/example_dags/example_latest_only.py
[2025-02-07T12:38:00.007+0000] {processor.py:925} INFO - DAG(s) 'latest_only' retrieved from /opt/conda/lib/python3.12/site-packages/airflow/example_dags/example_latest_only.py
[2025-02-07T12:38:00.019+0000] {logging_mixin.py:190} INFO - [2025-02-07T12:38:00.018+0000] {dag.py:3239} INFO - Sync 1 DAGs
[2025-02-07T12:38:00.035+0000] {logging_mixin.py:190} INFO - [2025-02-07T12:38:00.035+0000] {dag.py:4180} INFO - Setting next_dagrun for latest_only to 2025-02-07 08:00:00+00:00, run_after=2025-02-07 12:00:00+00:00
[2025-02-07T12:38:00.051+0000] {processor.py:208} INFO - Processing /opt/conda/lib/python3.12/site-packages/airflow/example_dags/example_latest_only.py took 0.062 seconds
[2025-02-07T12:39:00.328+0000] {processor.py:186} INFO - Started process (PID=250) to work on /opt/conda/lib/python3.12/site-packages/airflow/example_dags/example_latest_only.py
[2025-02-07T12:39:00.328+0000] {processor.py:914} INFO - Processing file /opt/conda/lib/python3.12/site-packages/airflow/example_dags/example_latest_only.py for tasks to queue
[2025-02-07T12:39:00.330+0000] {logging_mixin.py:190} INFO - [2025-02-07T12:39:00.330+0000] {dagbag.py:588} INFO - Filling up the DagBag from /opt/conda/lib/python3.12/site-packages/airflow/example_dags/example_latest_only.py
[2025-02-07T12:39:00.336+0000] {processor.py:925} INFO - DAG(s) 'latest_only' retrieved from /opt/conda/lib/python3.12/site-packages/airflow/example_dags/example_latest_only.py
[2025-02-07T12:39:00.350+0000] {logging_mixin.py:190} INFO - [2025-02-07T12:39:00.350+0000] {dag.py:3239} INFO - Sync 1 DAGs
[2025-02-07T12:39:00.364+0000] {logging_mixin.py:190} INFO - [2025-02-07T12:39:00.364+0000] {dag.py:4180} INFO - Setting next_dagrun for latest_only to 2025-02-07 08:00:00+00:00, run_after=2025-02-07 12:00:00+00:00
[2025-02-07T12:39:00.379+0000] {processor.py:208} INFO - Processing /opt/conda/lib/python3.12/site-packages/airflow/example_dags/example_latest_only.py took 0.056 seconds
[2025-02-07T12:39:57.758+0000] {processor.py:186} INFO - Started process (PID=318) to work on /opt/conda/lib/python3.12/site-packages/airflow/example_dags/example_latest_only.py
[2025-02-07T12:39:57.759+0000] {processor.py:914} INFO - Processing file /opt/conda/lib/python3.12/site-packages/airflow/example_dags/example_latest_only.py for tasks to queue
[2025-02-07T12:39:57.761+0000] {logging_mixin.py:190} INFO - [2025-02-07T12:39:57.760+0000] {dagbag.py:588} INFO - Filling up the DagBag from /opt/conda/lib/python3.12/site-packages/airflow/example_dags/example_latest_only.py
[2025-02-07T12:39:57.767+0000] {processor.py:925} INFO - DAG(s) 'latest_only' retrieved from /opt/conda/lib/python3.12/site-packages/airflow/example_dags/example_latest_only.py
[2025-02-07T12:39:57.779+0000] {logging_mixin.py:190} INFO - [2025-02-07T12:39:57.779+0000] {dag.py:3239} INFO - Sync 1 DAGs
[2025-02-07T12:39:57.793+0000] {logging_mixin.py:190} INFO - [2025-02-07T12:39:57.793+0000] {dag.py:4180} INFO - Setting next_dagrun for latest_only to 2025-02-07 08:00:00+00:00, run_after=2025-02-07 12:00:00+00:00
[2025-02-07T12:39:57.807+0000] {processor.py:208} INFO - Processing /opt/conda/lib/python3.12/site-packages/airflow/example_dags/example_latest_only.py took 0.054 seconds
[2025-02-07T12:40:58.558+0000] {processor.py:186} INFO - Started process (PID=387) to work on /opt/conda/lib/python3.12/site-packages/airflow/example_dags/example_latest_only.py
[2025-02-07T12:40:58.559+0000] {processor.py:914} INFO - Processing file /opt/conda/lib/python3.12/site-packages/airflow/example_dags/example_latest_only.py for tasks to queue
[2025-02-07T12:40:58.560+0000] {logging_mixin.py:190} INFO - [2025-02-07T12:40:58.560+0000] {dagbag.py:588} INFO - Filling up the DagBag from /opt/conda/lib/python3.12/site-packages/airflow/example_dags/example_latest_only.py
[2025-02-07T12:40:58.566+0000] {processor.py:925} INFO - DAG(s) 'latest_only' retrieved from /opt/conda/lib/python3.12/site-packages/airflow/example_dags/example_latest_only.py
[2025-02-07T12:40:58.576+0000] {logging_mixin.py:190} INFO - [2025-02-07T12:40:58.576+0000] {dag.py:3239} INFO - Sync 1 DAGs
[2025-02-07T12:40:58.589+0000] {logging_mixin.py:190} INFO - [2025-02-07T12:40:58.589+0000] {dag.py:4180} INFO - Setting next_dagrun for latest_only to 2025-02-07 08:00:00+00:00, run_after=2025-02-07 12:00:00+00:00
[2025-02-07T12:40:58.609+0000] {processor.py:208} INFO - Processing /opt/conda/lib/python3.12/site-packages/airflow/example_dags/example_latest_only.py took 0.056 seconds
[2025-02-07T12:51:26.462+0000] {processor.py:186} INFO - Started process (PID=4174) to work on /opt/conda/lib/python3.12/site-packages/airflow/example_dags/example_latest_only.py
[2025-02-07T12:51:26.464+0000] {processor.py:914} INFO - Processing file /opt/conda/lib/python3.12/site-packages/airflow/example_dags/example_latest_only.py for tasks to queue
[2025-02-07T12:51:26.479+0000] {logging_mixin.py:190} INFO - [2025-02-07T12:51:26.478+0000] {dagbag.py:588} INFO - Filling up the DagBag from /opt/conda/lib/python3.12/site-packages/airflow/example_dags/example_latest_only.py
[2025-02-07T12:51:26.519+0000] {processor.py:925} INFO - DAG(s) 'latest_only' retrieved from /opt/conda/lib/python3.12/site-packages/airflow/example_dags/example_latest_only.py
[2025-02-07T12:51:26.576+0000] {logging_mixin.py:190} INFO - [2025-02-07T12:51:26.576+0000] {dag.py:3239} INFO - Sync 1 DAGs
[2025-02-07T12:51:26.620+0000] {logging_mixin.py:190} INFO - [2025-02-07T12:51:26.620+0000] {dag.py:4180} INFO - Setting next_dagrun for latest_only to 2025-02-07 08:00:00+00:00, run_after=2025-02-07 12:00:00+00:00
[2025-02-07T12:51:26.656+0000] {processor.py:208} INFO - Processing /opt/conda/lib/python3.12/site-packages/airflow/example_dags/example_latest_only.py took 0.203 seconds
[2025-02-07T12:59:13.799+0000] {processor.py:186} INFO - Started process (PID=7774) to work on /opt/conda/lib/python3.12/site-packages/airflow/example_dags/example_latest_only.py
[2025-02-07T12:59:13.800+0000] {processor.py:914} INFO - Processing file /opt/conda/lib/python3.12/site-packages/airflow/example_dags/example_latest_only.py for tasks to queue
[2025-02-07T12:59:13.803+0000] {logging_mixin.py:190} INFO - [2025-02-07T12:59:13.803+0000] {dagbag.py:588} INFO - Filling up the DagBag from /opt/conda/lib/python3.12/site-packages/airflow/example_dags/example_latest_only.py
[2025-02-07T12:59:13.815+0000] {processor.py:925} INFO - DAG(s) 'latest_only' retrieved from /opt/conda/lib/python3.12/site-packages/airflow/example_dags/example_latest_only.py
[2025-02-07T12:59:13.847+0000] {logging_mixin.py:190} INFO - [2025-02-07T12:59:13.847+0000] {dag.py:3239} INFO - Sync 1 DAGs
[2025-02-07T12:59:13.862+0000] {logging_mixin.py:190} INFO - [2025-02-07T12:59:13.862+0000] {dag.py:4180} INFO - Setting next_dagrun for latest_only to 2025-02-07 08:00:00+00:00, run_after=2025-02-07 12:00:00+00:00
[2025-02-07T12:59:13.880+0000] {processor.py:208} INFO - Processing /opt/conda/lib/python3.12/site-packages/airflow/example_dags/example_latest_only.py took 0.090 seconds
[2025-02-07T13:08:29.229+0000] {processor.py:186} INFO - Started process (PID=1118) to work on /opt/conda/lib/python3.12/site-packages/airflow/example_dags/example_latest_only.py
[2025-02-07T13:08:29.230+0000] {processor.py:914} INFO - Processing file /opt/conda/lib/python3.12/site-packages/airflow/example_dags/example_latest_only.py for tasks to queue
[2025-02-07T13:08:29.234+0000] {logging_mixin.py:190} INFO - [2025-02-07T13:08:29.233+0000] {dagbag.py:588} INFO - Filling up the DagBag from /opt/conda/lib/python3.12/site-packages/airflow/example_dags/example_latest_only.py
[2025-02-07T13:08:29.244+0000] {processor.py:925} INFO - DAG(s) 'latest_only' retrieved from /opt/conda/lib/python3.12/site-packages/airflow/example_dags/example_latest_only.py
[2025-02-07T13:08:29.272+0000] {logging_mixin.py:190} INFO - [2025-02-07T13:08:29.272+0000] {dag.py:3239} INFO - Sync 1 DAGs
[2025-02-07T13:08:29.289+0000] {logging_mixin.py:190} INFO - [2025-02-07T13:08:29.289+0000] {dag.py:4180} INFO - Setting next_dagrun for latest_only to 2025-02-07 08:00:00+00:00, run_after=2025-02-07 12:00:00+00:00
[2025-02-07T13:08:29.305+0000] {processor.py:208} INFO - Processing /opt/conda/lib/python3.12/site-packages/airflow/example_dags/example_latest_only.py took 0.085 seconds
[2025-02-07T13:27:35.024+0000] {processor.py:186} INFO - Started process (PID=223) to work on /opt/conda/lib/python3.12/site-packages/airflow/example_dags/example_latest_only.py
[2025-02-07T13:27:35.038+0000] {processor.py:914} INFO - Processing file /opt/conda/lib/python3.12/site-packages/airflow/example_dags/example_latest_only.py for tasks to queue
[2025-02-07T13:27:35.041+0000] {logging_mixin.py:190} INFO - [2025-02-07T13:27:35.041+0000] {dagbag.py:588} INFO - Filling up the DagBag from /opt/conda/lib/python3.12/site-packages/airflow/example_dags/example_latest_only.py
[2025-02-07T13:27:35.052+0000] {processor.py:925} INFO - DAG(s) 'latest_only' retrieved from /opt/conda/lib/python3.12/site-packages/airflow/example_dags/example_latest_only.py
[2025-02-07T13:27:35.070+0000] {logging_mixin.py:190} INFO - [2025-02-07T13:27:35.070+0000] {dag.py:3239} INFO - Sync 1 DAGs
[2025-02-07T13:27:35.091+0000] {logging_mixin.py:190} INFO - [2025-02-07T13:27:35.091+0000] {dag.py:4180} INFO - Setting next_dagrun for latest_only to 2025-02-07 08:00:00+00:00, run_after=2025-02-07 12:00:00+00:00
[2025-02-07T13:27:35.119+0000] {processor.py:208} INFO - Processing /opt/conda/lib/python3.12/site-packages/airflow/example_dags/example_latest_only.py took 0.110 seconds
[2025-02-07T13:29:04.882+0000] {processor.py:186} INFO - Started process (PID=354) to work on /opt/conda/lib/python3.12/site-packages/airflow/example_dags/example_latest_only.py
[2025-02-07T13:29:04.884+0000] {processor.py:914} INFO - Processing file /opt/conda/lib/python3.12/site-packages/airflow/example_dags/example_latest_only.py for tasks to queue
[2025-02-07T13:29:04.886+0000] {logging_mixin.py:190} INFO - [2025-02-07T13:29:04.886+0000] {dagbag.py:588} INFO - Filling up the DagBag from /opt/conda/lib/python3.12/site-packages/airflow/example_dags/example_latest_only.py
[2025-02-07T13:29:04.892+0000] {processor.py:925} INFO - DAG(s) 'latest_only' retrieved from /opt/conda/lib/python3.12/site-packages/airflow/example_dags/example_latest_only.py
[2025-02-07T13:29:04.905+0000] {logging_mixin.py:190} INFO - [2025-02-07T13:29:04.905+0000] {dag.py:3239} INFO - Sync 1 DAGs
[2025-02-07T13:29:04.920+0000] {logging_mixin.py:190} INFO - [2025-02-07T13:29:04.920+0000] {dag.py:4180} INFO - Setting next_dagrun for latest_only to 2025-02-07 08:00:00+00:00, run_after=2025-02-07 12:00:00+00:00
[2025-02-07T13:29:04.933+0000] {processor.py:208} INFO - Processing /opt/conda/lib/python3.12/site-packages/airflow/example_dags/example_latest_only.py took 0.059 seconds
[2025-02-07T13:30:18.229+0000] {processor.py:186} INFO - Started process (PID=439) to work on /opt/conda/lib/python3.12/site-packages/airflow/example_dags/example_latest_only.py
[2025-02-07T13:30:18.230+0000] {processor.py:914} INFO - Processing file /opt/conda/lib/python3.12/site-packages/airflow/example_dags/example_latest_only.py for tasks to queue
[2025-02-07T13:30:18.232+0000] {logging_mixin.py:190} INFO - [2025-02-07T13:30:18.232+0000] {dagbag.py:588} INFO - Filling up the DagBag from /opt/conda/lib/python3.12/site-packages/airflow/example_dags/example_latest_only.py
[2025-02-07T13:30:18.237+0000] {processor.py:925} INFO - DAG(s) 'latest_only' retrieved from /opt/conda/lib/python3.12/site-packages/airflow/example_dags/example_latest_only.py
[2025-02-07T13:30:18.248+0000] {logging_mixin.py:190} INFO - [2025-02-07T13:30:18.248+0000] {dag.py:3239} INFO - Sync 1 DAGs
[2025-02-07T13:30:18.261+0000] {logging_mixin.py:190} INFO - [2025-02-07T13:30:18.261+0000] {dag.py:4180} INFO - Setting next_dagrun for latest_only to 2025-02-07 08:00:00+00:00, run_after=2025-02-07 12:00:00+00:00
[2025-02-07T13:30:18.278+0000] {processor.py:208} INFO - Processing /opt/conda/lib/python3.12/site-packages/airflow/example_dags/example_latest_only.py took 0.054 seconds
[2025-02-07T13:33:47.678+0000] {processor.py:186} INFO - Started process (PID=434) to work on /opt/conda/lib/python3.12/site-packages/airflow/example_dags/example_latest_only.py
[2025-02-07T13:33:47.681+0000] {processor.py:914} INFO - Processing file /opt/conda/lib/python3.12/site-packages/airflow/example_dags/example_latest_only.py for tasks to queue
[2025-02-07T13:33:47.684+0000] {logging_mixin.py:190} INFO - [2025-02-07T13:33:47.684+0000] {dagbag.py:588} INFO - Filling up the DagBag from /opt/conda/lib/python3.12/site-packages/airflow/example_dags/example_latest_only.py
[2025-02-07T13:33:47.691+0000] {processor.py:925} INFO - DAG(s) 'latest_only' retrieved from /opt/conda/lib/python3.12/site-packages/airflow/example_dags/example_latest_only.py
[2025-02-07T13:33:47.706+0000] {logging_mixin.py:190} INFO - [2025-02-07T13:33:47.706+0000] {dag.py:3239} INFO - Sync 1 DAGs
[2025-02-07T13:33:47.720+0000] {logging_mixin.py:190} INFO - [2025-02-07T13:33:47.720+0000] {dag.py:4180} INFO - Setting next_dagrun for latest_only to 2025-02-07 08:00:00+00:00, run_after=2025-02-07 12:00:00+00:00
[2025-02-07T13:33:47.733+0000] {processor.py:208} INFO - Processing /opt/conda/lib/python3.12/site-packages/airflow/example_dags/example_latest_only.py took 0.069 seconds
[2025-02-07T13:35:22.953+0000] {processor.py:186} INFO - Started process (PID=214) to work on /opt/conda/lib/python3.12/site-packages/airflow/example_dags/example_latest_only.py
[2025-02-07T13:35:22.970+0000] {processor.py:914} INFO - Processing file /opt/conda/lib/python3.12/site-packages/airflow/example_dags/example_latest_only.py for tasks to queue
[2025-02-07T13:35:22.972+0000] {logging_mixin.py:190} INFO - [2025-02-07T13:35:22.972+0000] {dagbag.py:588} INFO - Filling up the DagBag from /opt/conda/lib/python3.12/site-packages/airflow/example_dags/example_latest_only.py
[2025-02-07T13:35:22.978+0000] {processor.py:925} INFO - DAG(s) 'latest_only' retrieved from /opt/conda/lib/python3.12/site-packages/airflow/example_dags/example_latest_only.py
[2025-02-07T13:35:22.991+0000] {logging_mixin.py:190} INFO - [2025-02-07T13:35:22.990+0000] {dag.py:3239} INFO - Sync 1 DAGs
[2025-02-07T13:35:23.005+0000] {logging_mixin.py:190} INFO - [2025-02-07T13:35:23.005+0000] {dag.py:4180} INFO - Setting next_dagrun for latest_only to 2025-02-07 08:00:00+00:00, run_after=2025-02-07 12:00:00+00:00
[2025-02-07T13:35:23.019+0000] {processor.py:208} INFO - Processing /opt/conda/lib/python3.12/site-packages/airflow/example_dags/example_latest_only.py took 0.089 seconds
[2025-02-07T13:38:51.914+0000] {processor.py:186} INFO - Started process (PID=439) to work on /opt/conda/lib/python3.12/site-packages/airflow/example_dags/example_latest_only.py
[2025-02-07T13:38:51.915+0000] {processor.py:914} INFO - Processing file /opt/conda/lib/python3.12/site-packages/airflow/example_dags/example_latest_only.py for tasks to queue
[2025-02-07T13:38:51.917+0000] {logging_mixin.py:190} INFO - [2025-02-07T13:38:51.916+0000] {dagbag.py:588} INFO - Filling up the DagBag from /opt/conda/lib/python3.12/site-packages/airflow/example_dags/example_latest_only.py
[2025-02-07T13:38:51.921+0000] {processor.py:925} INFO - DAG(s) 'latest_only' retrieved from /opt/conda/lib/python3.12/site-packages/airflow/example_dags/example_latest_only.py
[2025-02-07T13:38:51.934+0000] {logging_mixin.py:190} INFO - [2025-02-07T13:38:51.933+0000] {dag.py:3239} INFO - Sync 1 DAGs
[2025-02-07T13:38:51.946+0000] {logging_mixin.py:190} INFO - [2025-02-07T13:38:51.946+0000] {dag.py:4180} INFO - Setting next_dagrun for latest_only to 2025-02-07 08:00:00+00:00, run_after=2025-02-07 12:00:00+00:00
[2025-02-07T13:38:51.960+0000] {processor.py:208} INFO - Processing /opt/conda/lib/python3.12/site-packages/airflow/example_dags/example_latest_only.py took 0.052 seconds
[2025-02-07T13:39:53.324+0000] {processor.py:186} INFO - Started process (PID=510) to work on /opt/conda/lib/python3.12/site-packages/airflow/example_dags/example_latest_only.py
[2025-02-07T13:39:53.325+0000] {processor.py:914} INFO - Processing file /opt/conda/lib/python3.12/site-packages/airflow/example_dags/example_latest_only.py for tasks to queue
[2025-02-07T13:39:53.328+0000] {logging_mixin.py:190} INFO - [2025-02-07T13:39:53.327+0000] {dagbag.py:588} INFO - Filling up the DagBag from /opt/conda/lib/python3.12/site-packages/airflow/example_dags/example_latest_only.py
[2025-02-07T13:39:53.335+0000] {processor.py:925} INFO - DAG(s) 'latest_only' retrieved from /opt/conda/lib/python3.12/site-packages/airflow/example_dags/example_latest_only.py
[2025-02-07T13:39:53.350+0000] {logging_mixin.py:190} INFO - [2025-02-07T13:39:53.350+0000] {dag.py:3239} INFO - Sync 1 DAGs
[2025-02-07T13:39:53.364+0000] {logging_mixin.py:190} INFO - [2025-02-07T13:39:53.364+0000] {dag.py:4180} INFO - Setting next_dagrun for latest_only to 2025-02-07 08:00:00+00:00, run_after=2025-02-07 12:00:00+00:00
[2025-02-07T13:39:53.379+0000] {processor.py:208} INFO - Processing /opt/conda/lib/python3.12/site-packages/airflow/example_dags/example_latest_only.py took 0.061 seconds
[2025-02-07T13:40:50.571+0000] {processor.py:186} INFO - Started process (PID=578) to work on /opt/conda/lib/python3.12/site-packages/airflow/example_dags/example_latest_only.py
[2025-02-07T13:40:50.571+0000] {processor.py:914} INFO - Processing file /opt/conda/lib/python3.12/site-packages/airflow/example_dags/example_latest_only.py for tasks to queue
[2025-02-07T13:40:50.573+0000] {logging_mixin.py:190} INFO - [2025-02-07T13:40:50.572+0000] {dagbag.py:588} INFO - Filling up the DagBag from /opt/conda/lib/python3.12/site-packages/airflow/example_dags/example_latest_only.py
[2025-02-07T13:40:50.579+0000] {processor.py:925} INFO - DAG(s) 'latest_only' retrieved from /opt/conda/lib/python3.12/site-packages/airflow/example_dags/example_latest_only.py
[2025-02-07T13:40:50.593+0000] {logging_mixin.py:190} INFO - [2025-02-07T13:40:50.593+0000] {dag.py:3239} INFO - Sync 1 DAGs
[2025-02-07T13:40:50.611+0000] {logging_mixin.py:190} INFO - [2025-02-07T13:40:50.611+0000] {dag.py:4180} INFO - Setting next_dagrun for latest_only to 2025-02-07 08:00:00+00:00, run_after=2025-02-07 12:00:00+00:00
[2025-02-07T13:40:50.627+0000] {processor.py:208} INFO - Processing /opt/conda/lib/python3.12/site-packages/airflow/example_dags/example_latest_only.py took 0.061 seconds
[2025-02-07T13:41:49.310+0000] {processor.py:186} INFO - Started process (PID=646) to work on /opt/conda/lib/python3.12/site-packages/airflow/example_dags/example_latest_only.py
[2025-02-07T13:41:49.311+0000] {processor.py:914} INFO - Processing file /opt/conda/lib/python3.12/site-packages/airflow/example_dags/example_latest_only.py for tasks to queue
[2025-02-07T13:41:49.313+0000] {logging_mixin.py:190} INFO - [2025-02-07T13:41:49.313+0000] {dagbag.py:588} INFO - Filling up the DagBag from /opt/conda/lib/python3.12/site-packages/airflow/example_dags/example_latest_only.py
[2025-02-07T13:41:49.321+0000] {processor.py:925} INFO - DAG(s) 'latest_only' retrieved from /opt/conda/lib/python3.12/site-packages/airflow/example_dags/example_latest_only.py
[2025-02-07T13:41:49.337+0000] {logging_mixin.py:190} INFO - [2025-02-07T13:41:49.336+0000] {dag.py:3239} INFO - Sync 1 DAGs
[2025-02-07T13:41:49.351+0000] {logging_mixin.py:190} INFO - [2025-02-07T13:41:49.351+0000] {dag.py:4180} INFO - Setting next_dagrun for latest_only to 2025-02-07 08:00:00+00:00, run_after=2025-02-07 12:00:00+00:00
[2025-02-07T13:41:49.365+0000] {processor.py:208} INFO - Processing /opt/conda/lib/python3.12/site-packages/airflow/example_dags/example_latest_only.py took 0.063 seconds
[2025-02-07T13:43:03.256+0000] {processor.py:186} INFO - Started process (PID=829) to work on /opt/conda/lib/python3.12/site-packages/airflow/example_dags/example_latest_only.py
[2025-02-07T13:43:03.257+0000] {processor.py:914} INFO - Processing file /opt/conda/lib/python3.12/site-packages/airflow/example_dags/example_latest_only.py for tasks to queue
[2025-02-07T13:43:03.259+0000] {logging_mixin.py:190} INFO - [2025-02-07T13:43:03.259+0000] {dagbag.py:588} INFO - Filling up the DagBag from /opt/conda/lib/python3.12/site-packages/airflow/example_dags/example_latest_only.py
[2025-02-07T13:43:03.265+0000] {processor.py:925} INFO - DAG(s) 'latest_only' retrieved from /opt/conda/lib/python3.12/site-packages/airflow/example_dags/example_latest_only.py
[2025-02-07T13:43:03.276+0000] {logging_mixin.py:190} INFO - [2025-02-07T13:43:03.276+0000] {dag.py:3239} INFO - Sync 1 DAGs
[2025-02-07T13:43:03.290+0000] {logging_mixin.py:190} INFO - [2025-02-07T13:43:03.289+0000] {dag.py:4180} INFO - Setting next_dagrun for latest_only to 2025-02-07 08:00:00+00:00, run_after=2025-02-07 12:00:00+00:00
[2025-02-07T13:43:03.303+0000] {processor.py:208} INFO - Processing /opt/conda/lib/python3.12/site-packages/airflow/example_dags/example_latest_only.py took 0.053 seconds
[2025-02-07T13:44:31.135+0000] {processor.py:186} INFO - Started process (PID=1021) to work on /opt/conda/lib/python3.12/site-packages/airflow/example_dags/example_latest_only.py
[2025-02-07T13:44:31.136+0000] {processor.py:914} INFO - Processing file /opt/conda/lib/python3.12/site-packages/airflow/example_dags/example_latest_only.py for tasks to queue
[2025-02-07T13:44:31.138+0000] {logging_mixin.py:190} INFO - [2025-02-07T13:44:31.138+0000] {dagbag.py:588} INFO - Filling up the DagBag from /opt/conda/lib/python3.12/site-packages/airflow/example_dags/example_latest_only.py
[2025-02-07T13:44:31.145+0000] {processor.py:925} INFO - DAG(s) 'latest_only' retrieved from /opt/conda/lib/python3.12/site-packages/airflow/example_dags/example_latest_only.py
[2025-02-07T13:44:31.157+0000] {logging_mixin.py:190} INFO - [2025-02-07T13:44:31.157+0000] {dag.py:3239} INFO - Sync 1 DAGs
[2025-02-07T13:44:31.175+0000] {logging_mixin.py:190} INFO - [2025-02-07T13:44:31.175+0000] {dag.py:4180} INFO - Setting next_dagrun for latest_only to 2025-02-07 08:00:00+00:00, run_after=2025-02-07 12:00:00+00:00
[2025-02-07T13:44:31.194+0000] {processor.py:208} INFO - Processing /opt/conda/lib/python3.12/site-packages/airflow/example_dags/example_latest_only.py took 0.065 seconds
[2025-02-07T13:46:07.715+0000] {processor.py:186} INFO - Started process (PID=1207) to work on /opt/conda/lib/python3.12/site-packages/airflow/example_dags/example_latest_only.py
[2025-02-07T13:46:07.716+0000] {processor.py:914} INFO - Processing file /opt/conda/lib/python3.12/site-packages/airflow/example_dags/example_latest_only.py for tasks to queue
[2025-02-07T13:46:07.718+0000] {logging_mixin.py:190} INFO - [2025-02-07T13:46:07.718+0000] {dagbag.py:588} INFO - Filling up the DagBag from /opt/conda/lib/python3.12/site-packages/airflow/example_dags/example_latest_only.py
[2025-02-07T13:46:07.723+0000] {processor.py:925} INFO - DAG(s) 'latest_only' retrieved from /opt/conda/lib/python3.12/site-packages/airflow/example_dags/example_latest_only.py
[2025-02-07T13:46:07.738+0000] {logging_mixin.py:190} INFO - [2025-02-07T13:46:07.738+0000] {dag.py:3239} INFO - Sync 1 DAGs
[2025-02-07T13:46:07.752+0000] {logging_mixin.py:190} INFO - [2025-02-07T13:46:07.752+0000] {dag.py:4180} INFO - Setting next_dagrun for latest_only to 2025-02-07 08:00:00+00:00, run_after=2025-02-07 12:00:00+00:00
[2025-02-07T13:46:07.774+0000] {processor.py:208} INFO - Processing /opt/conda/lib/python3.12/site-packages/airflow/example_dags/example_latest_only.py took 0.067 seconds
[2025-02-07T14:05:26.791+0000] {processor.py:186} INFO - Started process (PID=1765) to work on /opt/conda/lib/python3.12/site-packages/airflow/example_dags/example_latest_only.py
[2025-02-07T14:05:26.793+0000] {processor.py:914} INFO - Processing file /opt/conda/lib/python3.12/site-packages/airflow/example_dags/example_latest_only.py for tasks to queue
[2025-02-07T14:05:26.794+0000] {logging_mixin.py:190} INFO - [2025-02-07T14:05:26.793+0000] {dagbag.py:588} INFO - Filling up the DagBag from /opt/conda/lib/python3.12/site-packages/airflow/example_dags/example_latest_only.py
[2025-02-07T14:05:26.804+0000] {processor.py:925} INFO - DAG(s) 'latest_only' retrieved from /opt/conda/lib/python3.12/site-packages/airflow/example_dags/example_latest_only.py
[2025-02-07T14:05:26.833+0000] {logging_mixin.py:190} INFO - [2025-02-07T14:05:26.833+0000] {dag.py:3239} INFO - Sync 1 DAGs
[2025-02-07T14:05:26.857+0000] {logging_mixin.py:190} INFO - [2025-02-07T14:05:26.856+0000] {dag.py:4180} INFO - Setting next_dagrun for latest_only to 2025-02-07 08:00:00+00:00, run_after=2025-02-07 12:00:00+00:00
[2025-02-07T14:05:26.882+0000] {processor.py:208} INFO - Processing /opt/conda/lib/python3.12/site-packages/airflow/example_dags/example_latest_only.py took 0.099 seconds
[2025-02-07T14:06:29.912+0000] {processor.py:186} INFO - Started process (PID=1835) to work on /opt/conda/lib/python3.12/site-packages/airflow/example_dags/example_latest_only.py
[2025-02-07T14:06:29.913+0000] {processor.py:914} INFO - Processing file /opt/conda/lib/python3.12/site-packages/airflow/example_dags/example_latest_only.py for tasks to queue
[2025-02-07T14:06:29.914+0000] {logging_mixin.py:190} INFO - [2025-02-07T14:06:29.914+0000] {dagbag.py:588} INFO - Filling up the DagBag from /opt/conda/lib/python3.12/site-packages/airflow/example_dags/example_latest_only.py
[2025-02-07T14:06:29.920+0000] {processor.py:925} INFO - DAG(s) 'latest_only' retrieved from /opt/conda/lib/python3.12/site-packages/airflow/example_dags/example_latest_only.py
[2025-02-07T14:06:29.937+0000] {logging_mixin.py:190} INFO - [2025-02-07T14:06:29.937+0000] {dag.py:3239} INFO - Sync 1 DAGs
[2025-02-07T14:06:29.954+0000] {logging_mixin.py:190} INFO - [2025-02-07T14:06:29.953+0000] {dag.py:4180} INFO - Setting next_dagrun for latest_only to 2025-02-07 08:00:00+00:00, run_after=2025-02-07 12:00:00+00:00
[2025-02-07T14:06:29.983+0000] {processor.py:208} INFO - Processing /opt/conda/lib/python3.12/site-packages/airflow/example_dags/example_latest_only.py took 0.080 seconds
[2025-02-07T14:07:52.690+0000] {processor.py:186} INFO - Started process (PID=2021) to work on /opt/conda/lib/python3.12/site-packages/airflow/example_dags/example_latest_only.py
[2025-02-07T14:07:52.691+0000] {processor.py:914} INFO - Processing file /opt/conda/lib/python3.12/site-packages/airflow/example_dags/example_latest_only.py for tasks to queue
[2025-02-07T14:07:52.695+0000] {logging_mixin.py:190} INFO - [2025-02-07T14:07:52.694+0000] {dagbag.py:588} INFO - Filling up the DagBag from /opt/conda/lib/python3.12/site-packages/airflow/example_dags/example_latest_only.py
[2025-02-07T14:07:52.719+0000] {processor.py:925} INFO - DAG(s) 'latest_only' retrieved from /opt/conda/lib/python3.12/site-packages/airflow/example_dags/example_latest_only.py
[2025-02-07T14:07:52.769+0000] {logging_mixin.py:190} INFO - [2025-02-07T14:07:52.768+0000] {dag.py:3239} INFO - Sync 1 DAGs
[2025-02-07T14:07:52.861+0000] {logging_mixin.py:190} INFO - [2025-02-07T14:07:52.861+0000] {dag.py:4180} INFO - Setting next_dagrun for latest_only to 2025-02-07 08:00:00+00:00, run_after=2025-02-07 12:00:00+00:00
[2025-02-07T14:07:52.906+0000] {processor.py:208} INFO - Processing /opt/conda/lib/python3.12/site-packages/airflow/example_dags/example_latest_only.py took 0.229 seconds
