[2025-02-07T12:05:03.976+0000] {processor.py:186} INFO - Started process (PID=854) to work on /opt/conda/lib/python3.12/site-packages/airflow/example_dags/example_subdag_operator.py
[2025-02-07T12:05:03.977+0000] {processor.py:914} INFO - Processing file /opt/conda/lib/python3.12/site-packages/airflow/example_dags/example_subdag_operator.py for tasks to queue
[2025-02-07T12:05:03.983+0000] {logging_mixin.py:190} INFO - [2025-02-07T12:05:03.983+0000] {dagbag.py:588} INFO - Filling up the DagBag from /opt/conda/lib/python3.12/site-packages/airflow/example_dags/example_subdag_operator.py
[2025-02-07T12:05:04.041+0000] {processor.py:925} INFO - DAG(s) 'example_subdag_operator.section-1', 'example_subdag_operator.section-2', 'example_subdag_operator' retrieved from /opt/conda/lib/python3.12/site-packages/airflow/example_dags/example_subdag_operator.py
[2025-02-07T12:05:04.116+0000] {logging_mixin.py:190} INFO - [2025-02-07T12:05:04.116+0000] {dag.py:3239} INFO - Sync 3 DAGs
[2025-02-07T12:05:04.141+0000] {logging_mixin.py:190} INFO - [2025-02-07T12:05:04.141+0000] {dag.py:4180} INFO - Setting next_dagrun for example_subdag_operator to 2022-01-01 00:00:00+00:00, run_after=2022-01-01 00:00:00+00:00
[2025-02-07T12:05:04.146+0000] {logging_mixin.py:190} INFO - [2025-02-07T12:05:04.146+0000] {dag.py:4180} INFO - Setting next_dagrun for example_subdag_operator.section-1 to None, run_after=None
[2025-02-07T12:05:04.147+0000] {logging_mixin.py:190} INFO - [2025-02-07T12:05:04.147+0000] {dag.py:4180} INFO - Setting next_dagrun for example_subdag_operator.section-2 to None, run_after=None
[2025-02-07T12:05:04.155+0000] {logging_mixin.py:190} INFO - [2025-02-07T12:05:04.155+0000] {dag.py:3239} INFO - Sync 2 DAGs
[2025-02-07T12:05:04.161+0000] {logging_mixin.py:190} INFO - [2025-02-07T12:05:04.161+0000] {dag.py:4180} INFO - Setting next_dagrun for example_subdag_operator.section-1 to None, run_after=None
[2025-02-07T12:05:04.162+0000] {logging_mixin.py:190} INFO - [2025-02-07T12:05:04.162+0000] {dag.py:4180} INFO - Setting next_dagrun for example_subdag_operator.section-2 to None, run_after=None
[2025-02-07T12:05:04.173+0000] {processor.py:208} INFO - Processing /opt/conda/lib/python3.12/site-packages/airflow/example_dags/example_subdag_operator.py took 0.205 seconds
[2025-02-07T12:17:51.741+0000] {processor.py:186} INFO - Started process (PID=4641) to work on /opt/conda/lib/python3.12/site-packages/airflow/example_dags/example_subdag_operator.py
[2025-02-07T12:17:51.743+0000] {processor.py:914} INFO - Processing file /opt/conda/lib/python3.12/site-packages/airflow/example_dags/example_subdag_operator.py for tasks to queue
[2025-02-07T12:17:51.748+0000] {logging_mixin.py:190} INFO - [2025-02-07T12:17:51.747+0000] {dagbag.py:588} INFO - Filling up the DagBag from /opt/conda/lib/python3.12/site-packages/airflow/example_dags/example_subdag_operator.py
[2025-02-07T12:17:51.780+0000] {processor.py:925} INFO - DAG(s) 'example_subdag_operator.section-1', 'example_subdag_operator.section-2', 'example_subdag_operator' retrieved from /opt/conda/lib/python3.12/site-packages/airflow/example_dags/example_subdag_operator.py
[2025-02-07T12:17:51.801+0000] {logging_mixin.py:190} INFO - [2025-02-07T12:17:51.801+0000] {dag.py:3239} INFO - Sync 3 DAGs
[2025-02-07T12:17:51.846+0000] {logging_mixin.py:190} INFO - [2025-02-07T12:17:51.846+0000] {dag.py:4180} INFO - Setting next_dagrun for example_subdag_operator to 2022-01-01 00:00:00+00:00, run_after=2022-01-01 00:00:00+00:00
[2025-02-07T12:17:51.849+0000] {logging_mixin.py:190} INFO - [2025-02-07T12:17:51.849+0000] {dag.py:4180} INFO - Setting next_dagrun for example_subdag_operator.section-1 to None, run_after=None
[2025-02-07T12:17:51.850+0000] {logging_mixin.py:190} INFO - [2025-02-07T12:17:51.850+0000] {dag.py:4180} INFO - Setting next_dagrun for example_subdag_operator.section-2 to None, run_after=None
[2025-02-07T12:17:51.857+0000] {logging_mixin.py:190} INFO - [2025-02-07T12:17:51.857+0000] {dag.py:3239} INFO - Sync 2 DAGs
[2025-02-07T12:17:51.860+0000] {logging_mixin.py:190} INFO - [2025-02-07T12:17:51.860+0000] {dag.py:4180} INFO - Setting next_dagrun for example_subdag_operator.section-1 to None, run_after=None
[2025-02-07T12:17:51.861+0000] {logging_mixin.py:190} INFO - [2025-02-07T12:17:51.860+0000] {dag.py:4180} INFO - Setting next_dagrun for example_subdag_operator.section-2 to None, run_after=None
[2025-02-07T12:17:51.874+0000] {processor.py:208} INFO - Processing /opt/conda/lib/python3.12/site-packages/airflow/example_dags/example_subdag_operator.py took 0.142 seconds
[2025-02-07T12:30:00.047+0000] {processor.py:186} INFO - Started process (PID=1147) to work on /opt/conda/lib/python3.12/site-packages/airflow/example_dags/example_subdag_operator.py
[2025-02-07T12:30:00.048+0000] {processor.py:914} INFO - Processing file /opt/conda/lib/python3.12/site-packages/airflow/example_dags/example_subdag_operator.py for tasks to queue
[2025-02-07T12:30:00.049+0000] {logging_mixin.py:190} INFO - [2025-02-07T12:30:00.049+0000] {dagbag.py:588} INFO - Filling up the DagBag from /opt/conda/lib/python3.12/site-packages/airflow/example_dags/example_subdag_operator.py
[2025-02-07T12:30:00.071+0000] {processor.py:925} INFO - DAG(s) 'example_subdag_operator.section-1', 'example_subdag_operator.section-2', 'example_subdag_operator' retrieved from /opt/conda/lib/python3.12/site-packages/airflow/example_dags/example_subdag_operator.py
[2025-02-07T12:30:00.099+0000] {logging_mixin.py:190} INFO - [2025-02-07T12:30:00.099+0000] {dag.py:3239} INFO - Sync 3 DAGs
[2025-02-07T12:30:00.113+0000] {logging_mixin.py:190} INFO - [2025-02-07T12:30:00.113+0000] {dag.py:4180} INFO - Setting next_dagrun for example_subdag_operator to 2022-01-01 00:00:00+00:00, run_after=2022-01-01 00:00:00+00:00
[2025-02-07T12:30:00.117+0000] {logging_mixin.py:190} INFO - [2025-02-07T12:30:00.117+0000] {dag.py:4180} INFO - Setting next_dagrun for example_subdag_operator.section-1 to None, run_after=None
[2025-02-07T12:30:00.120+0000] {logging_mixin.py:190} INFO - [2025-02-07T12:30:00.120+0000] {dag.py:4180} INFO - Setting next_dagrun for example_subdag_operator.section-2 to None, run_after=None
[2025-02-07T12:30:00.126+0000] {logging_mixin.py:190} INFO - [2025-02-07T12:30:00.126+0000] {dag.py:3239} INFO - Sync 2 DAGs
[2025-02-07T12:30:00.130+0000] {logging_mixin.py:190} INFO - [2025-02-07T12:30:00.130+0000] {dag.py:4180} INFO - Setting next_dagrun for example_subdag_operator.section-1 to None, run_after=None
[2025-02-07T12:30:00.134+0000] {logging_mixin.py:190} INFO - [2025-02-07T12:30:00.134+0000] {dag.py:4180} INFO - Setting next_dagrun for example_subdag_operator.section-2 to None, run_after=None
[2025-02-07T12:30:00.151+0000] {processor.py:208} INFO - Processing /opt/conda/lib/python3.12/site-packages/airflow/example_dags/example_subdag_operator.py took 0.108 seconds
[2025-02-07T12:32:28.885+0000] {processor.py:186} INFO - Started process (PID=106) to work on /opt/conda/lib/python3.12/site-packages/airflow/example_dags/example_subdag_operator.py
[2025-02-07T12:32:28.889+0000] {processor.py:914} INFO - Processing file /opt/conda/lib/python3.12/site-packages/airflow/example_dags/example_subdag_operator.py for tasks to queue
[2025-02-07T12:32:28.894+0000] {logging_mixin.py:190} INFO - [2025-02-07T12:32:28.893+0000] {dagbag.py:588} INFO - Filling up the DagBag from /opt/conda/lib/python3.12/site-packages/airflow/example_dags/example_subdag_operator.py
[2025-02-07T12:32:28.931+0000] {processor.py:925} INFO - DAG(s) 'example_subdag_operator.section-1', 'example_subdag_operator.section-2', 'example_subdag_operator' retrieved from /opt/conda/lib/python3.12/site-packages/airflow/example_dags/example_subdag_operator.py
[2025-02-07T12:32:28.959+0000] {logging_mixin.py:190} INFO - [2025-02-07T12:32:28.959+0000] {dag.py:3239} INFO - Sync 3 DAGs
[2025-02-07T12:32:28.977+0000] {logging_mixin.py:190} INFO - [2025-02-07T12:32:28.977+0000] {dag.py:4180} INFO - Setting next_dagrun for example_subdag_operator to 2022-01-01 00:00:00+00:00, run_after=2022-01-01 00:00:00+00:00
[2025-02-07T12:32:29.035+0000] {logging_mixin.py:190} INFO - [2025-02-07T12:32:29.035+0000] {dag.py:4180} INFO - Setting next_dagrun for example_subdag_operator.section-1 to None, run_after=None
[2025-02-07T12:32:29.037+0000] {logging_mixin.py:190} INFO - [2025-02-07T12:32:29.037+0000] {dag.py:4180} INFO - Setting next_dagrun for example_subdag_operator.section-2 to None, run_after=None
[2025-02-07T12:32:29.046+0000] {logging_mixin.py:190} INFO - [2025-02-07T12:32:29.046+0000] {dag.py:3239} INFO - Sync 2 DAGs
[2025-02-07T12:32:29.050+0000] {logging_mixin.py:190} INFO - [2025-02-07T12:32:29.049+0000] {dag.py:4180} INFO - Setting next_dagrun for example_subdag_operator.section-1 to None, run_after=None
[2025-02-07T12:32:29.050+0000] {logging_mixin.py:190} INFO - [2025-02-07T12:32:29.050+0000] {dag.py:4180} INFO - Setting next_dagrun for example_subdag_operator.section-2 to None, run_after=None
[2025-02-07T12:32:29.063+0000] {processor.py:208} INFO - Processing /opt/conda/lib/python3.12/site-packages/airflow/example_dags/example_subdag_operator.py took 0.227 seconds
[2025-02-07T12:36:17.331+0000] {processor.py:186} INFO - Started process (PID=84) to work on /opt/conda/lib/python3.12/site-packages/airflow/example_dags/example_subdag_operator.py
[2025-02-07T12:36:17.339+0000] {processor.py:914} INFO - Processing file /opt/conda/lib/python3.12/site-packages/airflow/example_dags/example_subdag_operator.py for tasks to queue
[2025-02-07T12:36:17.342+0000] {logging_mixin.py:190} INFO - [2025-02-07T12:36:17.341+0000] {dagbag.py:588} INFO - Filling up the DagBag from /opt/conda/lib/python3.12/site-packages/airflow/example_dags/example_subdag_operator.py
[2025-02-07T12:36:17.372+0000] {processor.py:925} INFO - DAG(s) 'example_subdag_operator.section-1', 'example_subdag_operator.section-2', 'example_subdag_operator' retrieved from /opt/conda/lib/python3.12/site-packages/airflow/example_dags/example_subdag_operator.py
[2025-02-07T12:36:17.401+0000] {logging_mixin.py:190} INFO - [2025-02-07T12:36:17.401+0000] {dag.py:3239} INFO - Sync 3 DAGs
[2025-02-07T12:36:17.452+0000] {logging_mixin.py:190} INFO - [2025-02-07T12:36:17.452+0000] {dag.py:4180} INFO - Setting next_dagrun for example_subdag_operator to 2022-01-01 00:00:00+00:00, run_after=2022-01-01 00:00:00+00:00
[2025-02-07T12:36:17.457+0000] {logging_mixin.py:190} INFO - [2025-02-07T12:36:17.457+0000] {dag.py:4180} INFO - Setting next_dagrun for example_subdag_operator.section-1 to None, run_after=None
[2025-02-07T12:36:17.458+0000] {logging_mixin.py:190} INFO - [2025-02-07T12:36:17.458+0000] {dag.py:4180} INFO - Setting next_dagrun for example_subdag_operator.section-2 to None, run_after=None
[2025-02-07T12:36:17.464+0000] {logging_mixin.py:190} INFO - [2025-02-07T12:36:17.463+0000] {dag.py:3239} INFO - Sync 2 DAGs
[2025-02-07T12:36:17.466+0000] {logging_mixin.py:190} INFO - [2025-02-07T12:36:17.466+0000] {dag.py:4180} INFO - Setting next_dagrun for example_subdag_operator.section-1 to None, run_after=None
[2025-02-07T12:36:17.467+0000] {logging_mixin.py:190} INFO - [2025-02-07T12:36:17.467+0000] {dag.py:4180} INFO - Setting next_dagrun for example_subdag_operator.section-2 to None, run_after=None
[2025-02-07T12:36:17.478+0000] {processor.py:208} INFO - Processing /opt/conda/lib/python3.12/site-packages/airflow/example_dags/example_subdag_operator.py took 0.159 seconds
[2025-02-07T12:37:29.895+0000] {processor.py:186} INFO - Started process (PID=152) to work on /opt/conda/lib/python3.12/site-packages/airflow/example_dags/example_subdag_operator.py
[2025-02-07T12:37:29.896+0000] {processor.py:914} INFO - Processing file /opt/conda/lib/python3.12/site-packages/airflow/example_dags/example_subdag_operator.py for tasks to queue
[2025-02-07T12:37:29.898+0000] {logging_mixin.py:190} INFO - [2025-02-07T12:37:29.898+0000] {dagbag.py:588} INFO - Filling up the DagBag from /opt/conda/lib/python3.12/site-packages/airflow/example_dags/example_subdag_operator.py
[2025-02-07T12:37:29.921+0000] {processor.py:925} INFO - DAG(s) 'example_subdag_operator.section-1', 'example_subdag_operator.section-2', 'example_subdag_operator' retrieved from /opt/conda/lib/python3.12/site-packages/airflow/example_dags/example_subdag_operator.py
[2025-02-07T12:37:29.937+0000] {logging_mixin.py:190} INFO - [2025-02-07T12:37:29.937+0000] {dag.py:3239} INFO - Sync 3 DAGs
[2025-02-07T12:37:29.979+0000] {logging_mixin.py:190} INFO - [2025-02-07T12:37:29.979+0000] {dag.py:4180} INFO - Setting next_dagrun for example_subdag_operator to 2022-01-01 00:00:00+00:00, run_after=2022-01-01 00:00:00+00:00
[2025-02-07T12:37:29.984+0000] {logging_mixin.py:190} INFO - [2025-02-07T12:37:29.983+0000] {dag.py:4180} INFO - Setting next_dagrun for example_subdag_operator.section-1 to None, run_after=None
[2025-02-07T12:37:29.987+0000] {logging_mixin.py:190} INFO - [2025-02-07T12:37:29.986+0000] {dag.py:4180} INFO - Setting next_dagrun for example_subdag_operator.section-2 to None, run_after=None
[2025-02-07T12:37:30.003+0000] {logging_mixin.py:190} INFO - [2025-02-07T12:37:30.003+0000] {dag.py:3239} INFO - Sync 2 DAGs
[2025-02-07T12:37:30.009+0000] {logging_mixin.py:190} INFO - [2025-02-07T12:37:30.009+0000] {dag.py:4180} INFO - Setting next_dagrun for example_subdag_operator.section-1 to None, run_after=None
[2025-02-07T12:37:30.009+0000] {logging_mixin.py:190} INFO - [2025-02-07T12:37:30.009+0000] {dag.py:4180} INFO - Setting next_dagrun for example_subdag_operator.section-2 to None, run_after=None
[2025-02-07T12:37:30.022+0000] {processor.py:208} INFO - Processing /opt/conda/lib/python3.12/site-packages/airflow/example_dags/example_subdag_operator.py took 0.132 seconds
[2025-02-07T12:38:33.256+0000] {processor.py:186} INFO - Started process (PID=222) to work on /opt/conda/lib/python3.12/site-packages/airflow/example_dags/example_subdag_operator.py
[2025-02-07T12:38:33.257+0000] {processor.py:914} INFO - Processing file /opt/conda/lib/python3.12/site-packages/airflow/example_dags/example_subdag_operator.py for tasks to queue
[2025-02-07T12:38:33.258+0000] {logging_mixin.py:190} INFO - [2025-02-07T12:38:33.258+0000] {dagbag.py:588} INFO - Filling up the DagBag from /opt/conda/lib/python3.12/site-packages/airflow/example_dags/example_subdag_operator.py
[2025-02-07T12:38:33.276+0000] {processor.py:925} INFO - DAG(s) 'example_subdag_operator.section-1', 'example_subdag_operator.section-2', 'example_subdag_operator' retrieved from /opt/conda/lib/python3.12/site-packages/airflow/example_dags/example_subdag_operator.py
[2025-02-07T12:38:33.287+0000] {logging_mixin.py:190} INFO - [2025-02-07T12:38:33.287+0000] {dag.py:3239} INFO - Sync 3 DAGs
[2025-02-07T12:38:33.300+0000] {logging_mixin.py:190} INFO - [2025-02-07T12:38:33.300+0000] {dag.py:4180} INFO - Setting next_dagrun for example_subdag_operator to 2022-01-01 00:00:00+00:00, run_after=2022-01-01 00:00:00+00:00
[2025-02-07T12:38:33.302+0000] {logging_mixin.py:190} INFO - [2025-02-07T12:38:33.302+0000] {dag.py:4180} INFO - Setting next_dagrun for example_subdag_operator.section-1 to None, run_after=None
[2025-02-07T12:38:33.303+0000] {logging_mixin.py:190} INFO - [2025-02-07T12:38:33.303+0000] {dag.py:4180} INFO - Setting next_dagrun for example_subdag_operator.section-2 to None, run_after=None
[2025-02-07T12:38:33.308+0000] {logging_mixin.py:190} INFO - [2025-02-07T12:38:33.307+0000] {dag.py:3239} INFO - Sync 2 DAGs
[2025-02-07T12:38:33.309+0000] {logging_mixin.py:190} INFO - [2025-02-07T12:38:33.309+0000] {dag.py:4180} INFO - Setting next_dagrun for example_subdag_operator.section-1 to None, run_after=None
[2025-02-07T12:38:33.310+0000] {logging_mixin.py:190} INFO - [2025-02-07T12:38:33.310+0000] {dag.py:4180} INFO - Setting next_dagrun for example_subdag_operator.section-2 to None, run_after=None
[2025-02-07T12:38:33.317+0000] {processor.py:208} INFO - Processing /opt/conda/lib/python3.12/site-packages/airflow/example_dags/example_subdag_operator.py took 0.066 seconds
[2025-02-07T12:39:29.860+0000] {processor.py:186} INFO - Started process (PID=290) to work on /opt/conda/lib/python3.12/site-packages/airflow/example_dags/example_subdag_operator.py
[2025-02-07T12:39:29.861+0000] {processor.py:914} INFO - Processing file /opt/conda/lib/python3.12/site-packages/airflow/example_dags/example_subdag_operator.py for tasks to queue
[2025-02-07T12:39:29.863+0000] {logging_mixin.py:190} INFO - [2025-02-07T12:39:29.863+0000] {dagbag.py:588} INFO - Filling up the DagBag from /opt/conda/lib/python3.12/site-packages/airflow/example_dags/example_subdag_operator.py
[2025-02-07T12:39:29.883+0000] {processor.py:925} INFO - DAG(s) 'example_subdag_operator.section-1', 'example_subdag_operator.section-2', 'example_subdag_operator' retrieved from /opt/conda/lib/python3.12/site-packages/airflow/example_dags/example_subdag_operator.py
[2025-02-07T12:39:29.894+0000] {logging_mixin.py:190} INFO - [2025-02-07T12:39:29.894+0000] {dag.py:3239} INFO - Sync 3 DAGs
[2025-02-07T12:39:29.907+0000] {logging_mixin.py:190} INFO - [2025-02-07T12:39:29.907+0000] {dag.py:4180} INFO - Setting next_dagrun for example_subdag_operator to 2022-01-01 00:00:00+00:00, run_after=2022-01-01 00:00:00+00:00
[2025-02-07T12:39:29.909+0000] {logging_mixin.py:190} INFO - [2025-02-07T12:39:29.909+0000] {dag.py:4180} INFO - Setting next_dagrun for example_subdag_operator.section-1 to None, run_after=None
[2025-02-07T12:39:29.910+0000] {logging_mixin.py:190} INFO - [2025-02-07T12:39:29.910+0000] {dag.py:4180} INFO - Setting next_dagrun for example_subdag_operator.section-2 to None, run_after=None
[2025-02-07T12:39:29.914+0000] {logging_mixin.py:190} INFO - [2025-02-07T12:39:29.914+0000] {dag.py:3239} INFO - Sync 2 DAGs
[2025-02-07T12:39:29.916+0000] {logging_mixin.py:190} INFO - [2025-02-07T12:39:29.916+0000] {dag.py:4180} INFO - Setting next_dagrun for example_subdag_operator.section-1 to None, run_after=None
[2025-02-07T12:39:29.916+0000] {logging_mixin.py:190} INFO - [2025-02-07T12:39:29.916+0000] {dag.py:4180} INFO - Setting next_dagrun for example_subdag_operator.section-2 to None, run_after=None
[2025-02-07T12:39:29.925+0000] {processor.py:208} INFO - Processing /opt/conda/lib/python3.12/site-packages/airflow/example_dags/example_subdag_operator.py took 0.073 seconds
[2025-02-07T12:40:26.477+0000] {processor.py:186} INFO - Started process (PID=347) to work on /opt/conda/lib/python3.12/site-packages/airflow/example_dags/example_subdag_operator.py
[2025-02-07T12:40:26.478+0000] {processor.py:914} INFO - Processing file /opt/conda/lib/python3.12/site-packages/airflow/example_dags/example_subdag_operator.py for tasks to queue
[2025-02-07T12:40:26.481+0000] {logging_mixin.py:190} INFO - [2025-02-07T12:40:26.480+0000] {dagbag.py:588} INFO - Filling up the DagBag from /opt/conda/lib/python3.12/site-packages/airflow/example_dags/example_subdag_operator.py
[2025-02-07T12:40:26.508+0000] {processor.py:925} INFO - DAG(s) 'example_subdag_operator.section-1', 'example_subdag_operator.section-2', 'example_subdag_operator' retrieved from /opt/conda/lib/python3.12/site-packages/airflow/example_dags/example_subdag_operator.py
[2025-02-07T12:40:26.523+0000] {logging_mixin.py:190} INFO - [2025-02-07T12:40:26.522+0000] {dag.py:3239} INFO - Sync 3 DAGs
[2025-02-07T12:40:26.537+0000] {logging_mixin.py:190} INFO - [2025-02-07T12:40:26.536+0000] {dag.py:4180} INFO - Setting next_dagrun for example_subdag_operator to 2022-01-01 00:00:00+00:00, run_after=2022-01-01 00:00:00+00:00
[2025-02-07T12:40:26.539+0000] {logging_mixin.py:190} INFO - [2025-02-07T12:40:26.539+0000] {dag.py:4180} INFO - Setting next_dagrun for example_subdag_operator.section-1 to None, run_after=None
[2025-02-07T12:40:26.540+0000] {logging_mixin.py:190} INFO - [2025-02-07T12:40:26.540+0000] {dag.py:4180} INFO - Setting next_dagrun for example_subdag_operator.section-2 to None, run_after=None
[2025-02-07T12:40:26.545+0000] {logging_mixin.py:190} INFO - [2025-02-07T12:40:26.545+0000] {dag.py:3239} INFO - Sync 2 DAGs
[2025-02-07T12:40:26.547+0000] {logging_mixin.py:190} INFO - [2025-02-07T12:40:26.547+0000] {dag.py:4180} INFO - Setting next_dagrun for example_subdag_operator.section-1 to None, run_after=None
[2025-02-07T12:40:26.547+0000] {logging_mixin.py:190} INFO - [2025-02-07T12:40:26.547+0000] {dag.py:4180} INFO - Setting next_dagrun for example_subdag_operator.section-2 to None, run_after=None
[2025-02-07T12:40:26.558+0000] {processor.py:208} INFO - Processing /opt/conda/lib/python3.12/site-packages/airflow/example_dags/example_subdag_operator.py took 0.086 seconds
[2025-02-07T12:41:24.278+0000] {processor.py:186} INFO - Started process (PID=415) to work on /opt/conda/lib/python3.12/site-packages/airflow/example_dags/example_subdag_operator.py
[2025-02-07T12:41:24.279+0000] {processor.py:914} INFO - Processing file /opt/conda/lib/python3.12/site-packages/airflow/example_dags/example_subdag_operator.py for tasks to queue
[2025-02-07T12:41:24.282+0000] {logging_mixin.py:190} INFO - [2025-02-07T12:41:24.281+0000] {dagbag.py:588} INFO - Filling up the DagBag from /opt/conda/lib/python3.12/site-packages/airflow/example_dags/example_subdag_operator.py
[2025-02-07T12:41:24.303+0000] {processor.py:925} INFO - DAG(s) 'example_subdag_operator.section-1', 'example_subdag_operator.section-2', 'example_subdag_operator' retrieved from /opt/conda/lib/python3.12/site-packages/airflow/example_dags/example_subdag_operator.py
[2025-02-07T12:41:24.318+0000] {logging_mixin.py:190} INFO - [2025-02-07T12:41:24.318+0000] {dag.py:3239} INFO - Sync 3 DAGs
[2025-02-07T12:41:24.337+0000] {logging_mixin.py:190} INFO - [2025-02-07T12:41:24.337+0000] {dag.py:4180} INFO - Setting next_dagrun for example_subdag_operator to 2022-01-01 00:00:00+00:00, run_after=2022-01-01 00:00:00+00:00
[2025-02-07T12:41:24.340+0000] {logging_mixin.py:190} INFO - [2025-02-07T12:41:24.340+0000] {dag.py:4180} INFO - Setting next_dagrun for example_subdag_operator.section-1 to None, run_after=None
[2025-02-07T12:41:24.341+0000] {logging_mixin.py:190} INFO - [2025-02-07T12:41:24.341+0000] {dag.py:4180} INFO - Setting next_dagrun for example_subdag_operator.section-2 to None, run_after=None
[2025-02-07T12:41:24.349+0000] {logging_mixin.py:190} INFO - [2025-02-07T12:41:24.349+0000] {dag.py:3239} INFO - Sync 2 DAGs
[2025-02-07T12:41:24.351+0000] {logging_mixin.py:190} INFO - [2025-02-07T12:41:24.351+0000] {dag.py:4180} INFO - Setting next_dagrun for example_subdag_operator.section-1 to None, run_after=None
[2025-02-07T12:41:24.351+0000] {logging_mixin.py:190} INFO - [2025-02-07T12:41:24.351+0000] {dag.py:4180} INFO - Setting next_dagrun for example_subdag_operator.section-2 to None, run_after=None
[2025-02-07T12:41:24.368+0000] {processor.py:208} INFO - Processing /opt/conda/lib/python3.12/site-packages/airflow/example_dags/example_subdag_operator.py took 0.098 seconds
[2025-02-07T12:46:59.518+0000] {processor.py:186} INFO - Started process (PID=2834) to work on /opt/conda/lib/python3.12/site-packages/airflow/example_dags/example_subdag_operator.py
[2025-02-07T12:46:59.519+0000] {processor.py:914} INFO - Processing file /opt/conda/lib/python3.12/site-packages/airflow/example_dags/example_subdag_operator.py for tasks to queue
[2025-02-07T12:46:59.521+0000] {logging_mixin.py:190} INFO - [2025-02-07T12:46:59.521+0000] {dagbag.py:588} INFO - Filling up the DagBag from /opt/conda/lib/python3.12/site-packages/airflow/example_dags/example_subdag_operator.py
[2025-02-07T12:46:59.543+0000] {processor.py:925} INFO - DAG(s) 'example_subdag_operator.section-1', 'example_subdag_operator.section-2', 'example_subdag_operator' retrieved from /opt/conda/lib/python3.12/site-packages/airflow/example_dags/example_subdag_operator.py
[2025-02-07T12:46:59.555+0000] {logging_mixin.py:190} INFO - [2025-02-07T12:46:59.555+0000] {dag.py:3239} INFO - Sync 3 DAGs
[2025-02-07T12:46:59.569+0000] {logging_mixin.py:190} INFO - [2025-02-07T12:46:59.568+0000] {dag.py:4180} INFO - Setting next_dagrun for example_subdag_operator to 2022-01-01 00:00:00+00:00, run_after=2022-01-01 00:00:00+00:00
[2025-02-07T12:46:59.571+0000] {logging_mixin.py:190} INFO - [2025-02-07T12:46:59.571+0000] {dag.py:4180} INFO - Setting next_dagrun for example_subdag_operator.section-1 to None, run_after=None
[2025-02-07T12:46:59.572+0000] {logging_mixin.py:190} INFO - [2025-02-07T12:46:59.572+0000] {dag.py:4180} INFO - Setting next_dagrun for example_subdag_operator.section-2 to None, run_after=None
[2025-02-07T12:46:59.576+0000] {logging_mixin.py:190} INFO - [2025-02-07T12:46:59.576+0000] {dag.py:3239} INFO - Sync 2 DAGs
[2025-02-07T12:46:59.579+0000] {logging_mixin.py:190} INFO - [2025-02-07T12:46:59.579+0000] {dag.py:4180} INFO - Setting next_dagrun for example_subdag_operator.section-1 to None, run_after=None
[2025-02-07T12:46:59.579+0000] {logging_mixin.py:190} INFO - [2025-02-07T12:46:59.579+0000] {dag.py:4180} INFO - Setting next_dagrun for example_subdag_operator.section-2 to None, run_after=None
[2025-02-07T12:46:59.586+0000] {processor.py:208} INFO - Processing /opt/conda/lib/python3.12/site-packages/airflow/example_dags/example_subdag_operator.py took 0.074 seconds
[2025-02-07T12:55:40.815+0000] {processor.py:186} INFO - Started process (PID=6410) to work on /opt/conda/lib/python3.12/site-packages/airflow/example_dags/example_subdag_operator.py
[2025-02-07T12:55:40.816+0000] {processor.py:914} INFO - Processing file /opt/conda/lib/python3.12/site-packages/airflow/example_dags/example_subdag_operator.py for tasks to queue
[2025-02-07T12:55:40.818+0000] {logging_mixin.py:190} INFO - [2025-02-07T12:55:40.818+0000] {dagbag.py:588} INFO - Filling up the DagBag from /opt/conda/lib/python3.12/site-packages/airflow/example_dags/example_subdag_operator.py
[2025-02-07T12:55:40.849+0000] {processor.py:925} INFO - DAG(s) 'example_subdag_operator.section-1', 'example_subdag_operator.section-2', 'example_subdag_operator' retrieved from /opt/conda/lib/python3.12/site-packages/airflow/example_dags/example_subdag_operator.py
[2025-02-07T12:55:40.861+0000] {logging_mixin.py:190} INFO - [2025-02-07T12:55:40.860+0000] {dag.py:3239} INFO - Sync 3 DAGs
[2025-02-07T12:55:40.875+0000] {logging_mixin.py:190} INFO - [2025-02-07T12:55:40.875+0000] {dag.py:4180} INFO - Setting next_dagrun for example_subdag_operator to 2022-01-01 00:00:00+00:00, run_after=2022-01-01 00:00:00+00:00
[2025-02-07T12:55:40.878+0000] {logging_mixin.py:190} INFO - [2025-02-07T12:55:40.878+0000] {dag.py:4180} INFO - Setting next_dagrun for example_subdag_operator.section-1 to None, run_after=None
[2025-02-07T12:55:40.879+0000] {logging_mixin.py:190} INFO - [2025-02-07T12:55:40.879+0000] {dag.py:4180} INFO - Setting next_dagrun for example_subdag_operator.section-2 to None, run_after=None
[2025-02-07T12:55:40.883+0000] {logging_mixin.py:190} INFO - [2025-02-07T12:55:40.883+0000] {dag.py:3239} INFO - Sync 2 DAGs
[2025-02-07T12:55:40.886+0000] {logging_mixin.py:190} INFO - [2025-02-07T12:55:40.885+0000] {dag.py:4180} INFO - Setting next_dagrun for example_subdag_operator.section-1 to None, run_after=None
[2025-02-07T12:55:40.886+0000] {logging_mixin.py:190} INFO - [2025-02-07T12:55:40.886+0000] {dag.py:4180} INFO - Setting next_dagrun for example_subdag_operator.section-2 to None, run_after=None
[2025-02-07T12:55:40.912+0000] {processor.py:208} INFO - Processing /opt/conda/lib/python3.12/site-packages/airflow/example_dags/example_subdag_operator.py took 0.102 seconds
[2025-02-07T13:03:42.083+0000] {processor.py:186} INFO - Started process (PID=642) to work on /opt/conda/lib/python3.12/site-packages/airflow/example_dags/example_subdag_operator.py
[2025-02-07T13:03:42.085+0000] {processor.py:914} INFO - Processing file /opt/conda/lib/python3.12/site-packages/airflow/example_dags/example_subdag_operator.py for tasks to queue
[2025-02-07T13:03:42.087+0000] {logging_mixin.py:190} INFO - [2025-02-07T13:03:42.086+0000] {dagbag.py:588} INFO - Filling up the DagBag from /opt/conda/lib/python3.12/site-packages/airflow/example_dags/example_subdag_operator.py
[2025-02-07T13:03:42.118+0000] {processor.py:925} INFO - DAG(s) 'example_subdag_operator.section-1', 'example_subdag_operator.section-2', 'example_subdag_operator' retrieved from /opt/conda/lib/python3.12/site-packages/airflow/example_dags/example_subdag_operator.py
[2025-02-07T13:03:42.154+0000] {logging_mixin.py:190} INFO - [2025-02-07T13:03:42.154+0000] {dag.py:3239} INFO - Sync 3 DAGs
[2025-02-07T13:03:42.170+0000] {logging_mixin.py:190} INFO - [2025-02-07T13:03:42.170+0000] {dag.py:4180} INFO - Setting next_dagrun for example_subdag_operator to 2022-01-01 00:00:00+00:00, run_after=2022-01-01 00:00:00+00:00
[2025-02-07T13:03:42.174+0000] {logging_mixin.py:190} INFO - [2025-02-07T13:03:42.174+0000] {dag.py:4180} INFO - Setting next_dagrun for example_subdag_operator.section-1 to None, run_after=None
[2025-02-07T13:03:42.175+0000] {logging_mixin.py:190} INFO - [2025-02-07T13:03:42.175+0000] {dag.py:4180} INFO - Setting next_dagrun for example_subdag_operator.section-2 to None, run_after=None
[2025-02-07T13:03:42.179+0000] {logging_mixin.py:190} INFO - [2025-02-07T13:03:42.179+0000] {dag.py:3239} INFO - Sync 2 DAGs
[2025-02-07T13:03:42.181+0000] {logging_mixin.py:190} INFO - [2025-02-07T13:03:42.181+0000] {dag.py:4180} INFO - Setting next_dagrun for example_subdag_operator.section-1 to None, run_after=None
[2025-02-07T13:03:42.181+0000] {logging_mixin.py:190} INFO - [2025-02-07T13:03:42.181+0000] {dag.py:4180} INFO - Setting next_dagrun for example_subdag_operator.section-2 to None, run_after=None
[2025-02-07T13:03:42.187+0000] {processor.py:208} INFO - Processing /opt/conda/lib/python3.12/site-packages/airflow/example_dags/example_subdag_operator.py took 0.109 seconds
[2025-02-07T13:06:49.920+0000] {processor.py:186} INFO - Started process (PID=370) to work on /opt/conda/lib/python3.12/site-packages/airflow/example_dags/example_subdag_operator.py
[2025-02-07T13:06:49.931+0000] {processor.py:914} INFO - Processing file /opt/conda/lib/python3.12/site-packages/airflow/example_dags/example_subdag_operator.py for tasks to queue
[2025-02-07T13:06:49.940+0000] {logging_mixin.py:190} INFO - [2025-02-07T13:06:49.939+0000] {dagbag.py:588} INFO - Filling up the DagBag from /opt/conda/lib/python3.12/site-packages/airflow/example_dags/example_subdag_operator.py
[2025-02-07T13:06:50.013+0000] {processor.py:925} INFO - DAG(s) 'example_subdag_operator.section-1', 'example_subdag_operator.section-2', 'example_subdag_operator' retrieved from /opt/conda/lib/python3.12/site-packages/airflow/example_dags/example_subdag_operator.py
[2025-02-07T13:06:50.033+0000] {logging_mixin.py:190} INFO - [2025-02-07T13:06:50.033+0000] {dag.py:3239} INFO - Sync 3 DAGs
[2025-02-07T13:06:50.055+0000] {logging_mixin.py:190} INFO - [2025-02-07T13:06:50.055+0000] {dag.py:4180} INFO - Setting next_dagrun for example_subdag_operator to 2022-01-01 00:00:00+00:00, run_after=2022-01-01 00:00:00+00:00
[2025-02-07T13:06:50.059+0000] {logging_mixin.py:190} INFO - [2025-02-07T13:06:50.059+0000] {dag.py:4180} INFO - Setting next_dagrun for example_subdag_operator.section-1 to None, run_after=None
[2025-02-07T13:06:50.061+0000] {logging_mixin.py:190} INFO - [2025-02-07T13:06:50.060+0000] {dag.py:4180} INFO - Setting next_dagrun for example_subdag_operator.section-2 to None, run_after=None
[2025-02-07T13:06:50.079+0000] {logging_mixin.py:190} INFO - [2025-02-07T13:06:50.079+0000] {dag.py:3239} INFO - Sync 2 DAGs
[2025-02-07T13:06:50.081+0000] {logging_mixin.py:190} INFO - [2025-02-07T13:06:50.081+0000] {dag.py:4180} INFO - Setting next_dagrun for example_subdag_operator.section-1 to None, run_after=None
[2025-02-07T13:06:50.082+0000] {logging_mixin.py:190} INFO - [2025-02-07T13:06:50.082+0000] {dag.py:4180} INFO - Setting next_dagrun for example_subdag_operator.section-2 to None, run_after=None
[2025-02-07T13:06:50.173+0000] {processor.py:208} INFO - Processing /opt/conda/lib/python3.12/site-packages/airflow/example_dags/example_subdag_operator.py took 0.267 seconds
[2025-02-07T13:24:43.433+0000] {processor.py:186} INFO - Started process (PID=480) to work on /opt/conda/lib/python3.12/site-packages/airflow/example_dags/example_subdag_operator.py
[2025-02-07T13:24:43.444+0000] {processor.py:914} INFO - Processing file /opt/conda/lib/python3.12/site-packages/airflow/example_dags/example_subdag_operator.py for tasks to queue
[2025-02-07T13:24:43.445+0000] {logging_mixin.py:190} INFO - [2025-02-07T13:24:43.445+0000] {dagbag.py:588} INFO - Filling up the DagBag from /opt/conda/lib/python3.12/site-packages/airflow/example_dags/example_subdag_operator.py
[2025-02-07T13:24:43.566+0000] {processor.py:925} INFO - DAG(s) 'example_subdag_operator.section-1', 'example_subdag_operator.section-2', 'example_subdag_operator' retrieved from /opt/conda/lib/python3.12/site-packages/airflow/example_dags/example_subdag_operator.py
[2025-02-07T13:24:43.594+0000] {logging_mixin.py:190} INFO - [2025-02-07T13:24:43.594+0000] {dag.py:3239} INFO - Sync 3 DAGs
[2025-02-07T13:24:43.615+0000] {logging_mixin.py:190} INFO - [2025-02-07T13:24:43.615+0000] {dag.py:4180} INFO - Setting next_dagrun for example_subdag_operator to 2022-01-01 00:00:00+00:00, run_after=2022-01-01 00:00:00+00:00
[2025-02-07T13:24:43.631+0000] {logging_mixin.py:190} INFO - [2025-02-07T13:24:43.631+0000] {dag.py:4180} INFO - Setting next_dagrun for example_subdag_operator.section-1 to None, run_after=None
[2025-02-07T13:24:43.640+0000] {logging_mixin.py:190} INFO - [2025-02-07T13:24:43.640+0000] {dag.py:4180} INFO - Setting next_dagrun for example_subdag_operator.section-2 to None, run_after=None
[2025-02-07T13:24:43.655+0000] {logging_mixin.py:190} INFO - [2025-02-07T13:24:43.655+0000] {dag.py:3239} INFO - Sync 2 DAGs
[2025-02-07T13:24:43.663+0000] {logging_mixin.py:190} INFO - [2025-02-07T13:24:43.663+0000] {dag.py:4180} INFO - Setting next_dagrun for example_subdag_operator.section-1 to None, run_after=None
[2025-02-07T13:24:43.663+0000] {logging_mixin.py:190} INFO - [2025-02-07T13:24:43.663+0000] {dag.py:4180} INFO - Setting next_dagrun for example_subdag_operator.section-2 to None, run_after=None
[2025-02-07T13:24:43.689+0000] {processor.py:208} INFO - Processing /opt/conda/lib/python3.12/site-packages/airflow/example_dags/example_subdag_operator.py took 0.329 seconds
[2025-02-07T13:27:04.877+0000] {processor.py:186} INFO - Started process (PID=179) to work on /opt/conda/lib/python3.12/site-packages/airflow/example_dags/example_subdag_operator.py
[2025-02-07T13:27:04.887+0000] {processor.py:914} INFO - Processing file /opt/conda/lib/python3.12/site-packages/airflow/example_dags/example_subdag_operator.py for tasks to queue
[2025-02-07T13:27:04.889+0000] {logging_mixin.py:190} INFO - [2025-02-07T13:27:04.889+0000] {dagbag.py:588} INFO - Filling up the DagBag from /opt/conda/lib/python3.12/site-packages/airflow/example_dags/example_subdag_operator.py
[2025-02-07T13:27:04.911+0000] {processor.py:925} INFO - DAG(s) 'example_subdag_operator.section-1', 'example_subdag_operator.section-2', 'example_subdag_operator' retrieved from /opt/conda/lib/python3.12/site-packages/airflow/example_dags/example_subdag_operator.py
[2025-02-07T13:27:04.924+0000] {logging_mixin.py:190} INFO - [2025-02-07T13:27:04.924+0000] {dag.py:3239} INFO - Sync 3 DAGs
[2025-02-07T13:27:04.957+0000] {logging_mixin.py:190} INFO - [2025-02-07T13:27:04.957+0000] {dag.py:4180} INFO - Setting next_dagrun for example_subdag_operator to 2022-01-01 00:00:00+00:00, run_after=2022-01-01 00:00:00+00:00
[2025-02-07T13:27:04.999+0000] {logging_mixin.py:190} INFO - [2025-02-07T13:27:04.999+0000] {dag.py:4180} INFO - Setting next_dagrun for example_subdag_operator.section-1 to None, run_after=None
[2025-02-07T13:27:05.000+0000] {logging_mixin.py:190} INFO - [2025-02-07T13:27:05.000+0000] {dag.py:4180} INFO - Setting next_dagrun for example_subdag_operator.section-2 to None, run_after=None
[2025-02-07T13:27:05.014+0000] {logging_mixin.py:190} INFO - [2025-02-07T13:27:05.014+0000] {dag.py:3239} INFO - Sync 2 DAGs
[2025-02-07T13:27:05.018+0000] {logging_mixin.py:190} INFO - [2025-02-07T13:27:05.018+0000] {dag.py:4180} INFO - Setting next_dagrun for example_subdag_operator.section-1 to None, run_after=None
[2025-02-07T13:27:05.018+0000] {logging_mixin.py:190} INFO - [2025-02-07T13:27:05.018+0000] {dag.py:4180} INFO - Setting next_dagrun for example_subdag_operator.section-2 to None, run_after=None
[2025-02-07T13:27:05.039+0000] {processor.py:208} INFO - Processing /opt/conda/lib/python3.12/site-packages/airflow/example_dags/example_subdag_operator.py took 0.309 seconds
[2025-02-07T13:28:35.607+0000] {processor.py:186} INFO - Started process (PID=332) to work on /opt/conda/lib/python3.12/site-packages/airflow/example_dags/example_subdag_operator.py
[2025-02-07T13:28:35.613+0000] {processor.py:914} INFO - Processing file /opt/conda/lib/python3.12/site-packages/airflow/example_dags/example_subdag_operator.py for tasks to queue
[2025-02-07T13:28:35.654+0000] {logging_mixin.py:190} INFO - [2025-02-07T13:28:35.654+0000] {dagbag.py:588} INFO - Filling up the DagBag from /opt/conda/lib/python3.12/site-packages/airflow/example_dags/example_subdag_operator.py
[2025-02-07T13:28:35.885+0000] {processor.py:925} INFO - DAG(s) 'example_subdag_operator.section-1', 'example_subdag_operator.section-2', 'example_subdag_operator' retrieved from /opt/conda/lib/python3.12/site-packages/airflow/example_dags/example_subdag_operator.py
[2025-02-07T13:28:35.945+0000] {logging_mixin.py:190} INFO - [2025-02-07T13:28:35.945+0000] {dag.py:3239} INFO - Sync 3 DAGs
[2025-02-07T13:28:36.025+0000] {logging_mixin.py:190} INFO - [2025-02-07T13:28:36.025+0000] {dag.py:4180} INFO - Setting next_dagrun for example_subdag_operator to 2022-01-01 00:00:00+00:00, run_after=2022-01-01 00:00:00+00:00
[2025-02-07T13:28:36.031+0000] {logging_mixin.py:190} INFO - [2025-02-07T13:28:36.030+0000] {dag.py:4180} INFO - Setting next_dagrun for example_subdag_operator.section-1 to None, run_after=None
[2025-02-07T13:28:36.033+0000] {logging_mixin.py:190} INFO - [2025-02-07T13:28:36.033+0000] {dag.py:4180} INFO - Setting next_dagrun for example_subdag_operator.section-2 to None, run_after=None
[2025-02-07T13:28:36.041+0000] {logging_mixin.py:190} INFO - [2025-02-07T13:28:36.041+0000] {dag.py:3239} INFO - Sync 2 DAGs
[2025-02-07T13:28:36.048+0000] {logging_mixin.py:190} INFO - [2025-02-07T13:28:36.048+0000] {dag.py:4180} INFO - Setting next_dagrun for example_subdag_operator.section-1 to None, run_after=None
[2025-02-07T13:28:36.049+0000] {logging_mixin.py:190} INFO - [2025-02-07T13:28:36.049+0000] {dag.py:4180} INFO - Setting next_dagrun for example_subdag_operator.section-2 to None, run_after=None
[2025-02-07T13:28:36.095+0000] {processor.py:208} INFO - Processing /opt/conda/lib/python3.12/site-packages/airflow/example_dags/example_subdag_operator.py took 0.513 seconds
[2025-02-07T13:29:24.105+0000] {processor.py:186} INFO - Started process (PID=379) to work on /opt/conda/lib/python3.12/site-packages/airflow/example_dags/example_subdag_operator.py
[2025-02-07T13:29:24.108+0000] {processor.py:914} INFO - Processing file /opt/conda/lib/python3.12/site-packages/airflow/example_dags/example_subdag_operator.py for tasks to queue
[2025-02-07T13:29:24.109+0000] {logging_mixin.py:190} INFO - [2025-02-07T13:29:24.109+0000] {dagbag.py:588} INFO - Filling up the DagBag from /opt/conda/lib/python3.12/site-packages/airflow/example_dags/example_subdag_operator.py
[2025-02-07T13:29:24.125+0000] {processor.py:925} INFO - DAG(s) 'example_subdag_operator.section-1', 'example_subdag_operator.section-2', 'example_subdag_operator' retrieved from /opt/conda/lib/python3.12/site-packages/airflow/example_dags/example_subdag_operator.py
[2025-02-07T13:29:24.134+0000] {logging_mixin.py:190} INFO - [2025-02-07T13:29:24.134+0000] {dag.py:3239} INFO - Sync 3 DAGs
[2025-02-07T13:29:24.147+0000] {logging_mixin.py:190} INFO - [2025-02-07T13:29:24.147+0000] {dag.py:4180} INFO - Setting next_dagrun for example_subdag_operator to 2022-01-01 00:00:00+00:00, run_after=2022-01-01 00:00:00+00:00
[2025-02-07T13:29:24.150+0000] {logging_mixin.py:190} INFO - [2025-02-07T13:29:24.150+0000] {dag.py:4180} INFO - Setting next_dagrun for example_subdag_operator.section-1 to None, run_after=None
[2025-02-07T13:29:24.152+0000] {logging_mixin.py:190} INFO - [2025-02-07T13:29:24.152+0000] {dag.py:4180} INFO - Setting next_dagrun for example_subdag_operator.section-2 to None, run_after=None
[2025-02-07T13:29:24.162+0000] {logging_mixin.py:190} INFO - [2025-02-07T13:29:24.162+0000] {dag.py:3239} INFO - Sync 2 DAGs
[2025-02-07T13:29:24.164+0000] {logging_mixin.py:190} INFO - [2025-02-07T13:29:24.164+0000] {dag.py:4180} INFO - Setting next_dagrun for example_subdag_operator.section-1 to None, run_after=None
[2025-02-07T13:29:24.164+0000] {logging_mixin.py:190} INFO - [2025-02-07T13:29:24.164+0000] {dag.py:4180} INFO - Setting next_dagrun for example_subdag_operator.section-2 to None, run_after=None
[2025-02-07T13:29:24.200+0000] {processor.py:208} INFO - Processing /opt/conda/lib/python3.12/site-packages/airflow/example_dags/example_subdag_operator.py took 0.114 seconds
[2025-02-07T13:30:28.838+0000] {processor.py:186} INFO - Started process (PID=459) to work on /opt/conda/lib/python3.12/site-packages/airflow/example_dags/example_subdag_operator.py
[2025-02-07T13:30:28.839+0000] {processor.py:914} INFO - Processing file /opt/conda/lib/python3.12/site-packages/airflow/example_dags/example_subdag_operator.py for tasks to queue
[2025-02-07T13:30:28.841+0000] {logging_mixin.py:190} INFO - [2025-02-07T13:30:28.841+0000] {dagbag.py:588} INFO - Filling up the DagBag from /opt/conda/lib/python3.12/site-packages/airflow/example_dags/example_subdag_operator.py
[2025-02-07T13:30:28.862+0000] {processor.py:925} INFO - DAG(s) 'example_subdag_operator.section-1', 'example_subdag_operator.section-2', 'example_subdag_operator' retrieved from /opt/conda/lib/python3.12/site-packages/airflow/example_dags/example_subdag_operator.py
[2025-02-07T13:30:28.873+0000] {logging_mixin.py:190} INFO - [2025-02-07T13:30:28.873+0000] {dag.py:3239} INFO - Sync 3 DAGs
[2025-02-07T13:30:28.885+0000] {logging_mixin.py:190} INFO - [2025-02-07T13:30:28.885+0000] {dag.py:4180} INFO - Setting next_dagrun for example_subdag_operator to 2022-01-01 00:00:00+00:00, run_after=2022-01-01 00:00:00+00:00
[2025-02-07T13:30:28.888+0000] {logging_mixin.py:190} INFO - [2025-02-07T13:30:28.888+0000] {dag.py:4180} INFO - Setting next_dagrun for example_subdag_operator.section-1 to None, run_after=None
[2025-02-07T13:30:28.889+0000] {logging_mixin.py:190} INFO - [2025-02-07T13:30:28.889+0000] {dag.py:4180} INFO - Setting next_dagrun for example_subdag_operator.section-2 to None, run_after=None
[2025-02-07T13:30:28.893+0000] {logging_mixin.py:190} INFO - [2025-02-07T13:30:28.893+0000] {dag.py:3239} INFO - Sync 2 DAGs
[2025-02-07T13:30:28.895+0000] {logging_mixin.py:190} INFO - [2025-02-07T13:30:28.895+0000] {dag.py:4180} INFO - Setting next_dagrun for example_subdag_operator.section-1 to None, run_after=None
[2025-02-07T13:30:28.895+0000] {logging_mixin.py:190} INFO - [2025-02-07T13:30:28.895+0000] {dag.py:4180} INFO - Setting next_dagrun for example_subdag_operator.section-2 to None, run_after=None
[2025-02-07T13:30:28.902+0000] {processor.py:208} INFO - Processing /opt/conda/lib/python3.12/site-packages/airflow/example_dags/example_subdag_operator.py took 0.074 seconds
[2025-02-07T13:33:11.607+0000] {processor.py:186} INFO - Started process (PID=306) to work on /opt/conda/lib/python3.12/site-packages/airflow/example_dags/example_subdag_operator.py
[2025-02-07T13:33:11.607+0000] {processor.py:914} INFO - Processing file /opt/conda/lib/python3.12/site-packages/airflow/example_dags/example_subdag_operator.py for tasks to queue
[2025-02-07T13:33:11.608+0000] {logging_mixin.py:190} INFO - [2025-02-07T13:33:11.608+0000] {dagbag.py:588} INFO - Filling up the DagBag from /opt/conda/lib/python3.12/site-packages/airflow/example_dags/example_subdag_operator.py
[2025-02-07T13:33:11.626+0000] {processor.py:925} INFO - DAG(s) 'example_subdag_operator.section-1', 'example_subdag_operator.section-2', 'example_subdag_operator' retrieved from /opt/conda/lib/python3.12/site-packages/airflow/example_dags/example_subdag_operator.py
[2025-02-07T13:33:11.771+0000] {logging_mixin.py:190} INFO - [2025-02-07T13:33:11.771+0000] {dag.py:3239} INFO - Sync 3 DAGs
[2025-02-07T13:33:11.789+0000] {logging_mixin.py:190} INFO - [2025-02-07T13:33:11.789+0000] {dag.py:4180} INFO - Setting next_dagrun for example_subdag_operator to 2022-01-01 00:00:00+00:00, run_after=2022-01-01 00:00:00+00:00
[2025-02-07T13:33:11.792+0000] {logging_mixin.py:190} INFO - [2025-02-07T13:33:11.792+0000] {dag.py:4180} INFO - Setting next_dagrun for example_subdag_operator.section-1 to None, run_after=None
[2025-02-07T13:33:11.793+0000] {logging_mixin.py:190} INFO - [2025-02-07T13:33:11.793+0000] {dag.py:4180} INFO - Setting next_dagrun for example_subdag_operator.section-2 to None, run_after=None
[2025-02-07T13:33:11.799+0000] {logging_mixin.py:190} INFO - [2025-02-07T13:33:11.799+0000] {dag.py:3239} INFO - Sync 2 DAGs
[2025-02-07T13:33:11.801+0000] {logging_mixin.py:190} INFO - [2025-02-07T13:33:11.801+0000] {dag.py:4180} INFO - Setting next_dagrun for example_subdag_operator.section-1 to None, run_after=None
[2025-02-07T13:33:11.801+0000] {logging_mixin.py:190} INFO - [2025-02-07T13:33:11.801+0000] {dag.py:4180} INFO - Setting next_dagrun for example_subdag_operator.section-2 to None, run_after=None
[2025-02-07T13:33:11.809+0000] {processor.py:208} INFO - Processing /opt/conda/lib/python3.12/site-packages/airflow/example_dags/example_subdag_operator.py took 0.205 seconds
[2025-02-07T13:35:02.303+0000] {processor.py:186} INFO - Started process (PID=196) to work on /opt/conda/lib/python3.12/site-packages/airflow/example_dags/example_subdag_operator.py
[2025-02-07T13:35:02.305+0000] {processor.py:914} INFO - Processing file /opt/conda/lib/python3.12/site-packages/airflow/example_dags/example_subdag_operator.py for tasks to queue
[2025-02-07T13:35:02.314+0000] {logging_mixin.py:190} INFO - [2025-02-07T13:35:02.313+0000] {dagbag.py:588} INFO - Filling up the DagBag from /opt/conda/lib/python3.12/site-packages/airflow/example_dags/example_subdag_operator.py
[2025-02-07T13:35:02.413+0000] {processor.py:925} INFO - DAG(s) 'example_subdag_operator.section-1', 'example_subdag_operator.section-2', 'example_subdag_operator' retrieved from /opt/conda/lib/python3.12/site-packages/airflow/example_dags/example_subdag_operator.py
[2025-02-07T13:35:02.736+0000] {logging_mixin.py:190} INFO - [2025-02-07T13:35:02.735+0000] {dag.py:3239} INFO - Sync 3 DAGs
[2025-02-07T13:35:02.832+0000] {logging_mixin.py:190} INFO - [2025-02-07T13:35:02.830+0000] {dag.py:4180} INFO - Setting next_dagrun for example_subdag_operator to 2022-01-01 00:00:00+00:00, run_after=2022-01-01 00:00:00+00:00
[2025-02-07T13:35:02.845+0000] {logging_mixin.py:190} INFO - [2025-02-07T13:35:02.844+0000] {dag.py:4180} INFO - Setting next_dagrun for example_subdag_operator.section-1 to None, run_after=None
[2025-02-07T13:35:02.849+0000] {logging_mixin.py:190} INFO - [2025-02-07T13:35:02.848+0000] {dag.py:4180} INFO - Setting next_dagrun for example_subdag_operator.section-2 to None, run_after=None
[2025-02-07T13:35:02.905+0000] {logging_mixin.py:190} INFO - [2025-02-07T13:35:02.904+0000] {dag.py:3239} INFO - Sync 2 DAGs
[2025-02-07T13:35:02.918+0000] {logging_mixin.py:190} INFO - [2025-02-07T13:35:02.918+0000] {dag.py:4180} INFO - Setting next_dagrun for example_subdag_operator.section-1 to None, run_after=None
[2025-02-07T13:35:02.920+0000] {logging_mixin.py:190} INFO - [2025-02-07T13:35:02.919+0000] {dag.py:4180} INFO - Setting next_dagrun for example_subdag_operator.section-2 to None, run_after=None
[2025-02-07T13:35:03.030+0000] {processor.py:208} INFO - Processing /opt/conda/lib/python3.12/site-packages/airflow/example_dags/example_subdag_operator.py took 0.737 seconds
[2025-02-07T13:38:11.527+0000] {processor.py:186} INFO - Started process (PID=311) to work on /opt/conda/lib/python3.12/site-packages/airflow/example_dags/example_subdag_operator.py
[2025-02-07T13:38:11.531+0000] {processor.py:914} INFO - Processing file /opt/conda/lib/python3.12/site-packages/airflow/example_dags/example_subdag_operator.py for tasks to queue
[2025-02-07T13:38:11.543+0000] {logging_mixin.py:190} INFO - [2025-02-07T13:38:11.541+0000] {dagbag.py:588} INFO - Filling up the DagBag from /opt/conda/lib/python3.12/site-packages/airflow/example_dags/example_subdag_operator.py
[2025-02-07T13:38:11.621+0000] {processor.py:925} INFO - DAG(s) 'example_subdag_operator.section-1', 'example_subdag_operator.section-2', 'example_subdag_operator' retrieved from /opt/conda/lib/python3.12/site-packages/airflow/example_dags/example_subdag_operator.py
[2025-02-07T13:38:11.655+0000] {logging_mixin.py:190} INFO - [2025-02-07T13:38:11.654+0000] {dag.py:3239} INFO - Sync 3 DAGs
[2025-02-07T13:38:11.689+0000] {logging_mixin.py:190} INFO - [2025-02-07T13:38:11.689+0000] {dag.py:4180} INFO - Setting next_dagrun for example_subdag_operator to 2022-01-01 00:00:00+00:00, run_after=2022-01-01 00:00:00+00:00
[2025-02-07T13:38:11.692+0000] {logging_mixin.py:190} INFO - [2025-02-07T13:38:11.691+0000] {dag.py:4180} INFO - Setting next_dagrun for example_subdag_operator.section-1 to None, run_after=None
[2025-02-07T13:38:11.693+0000] {logging_mixin.py:190} INFO - [2025-02-07T13:38:11.692+0000] {dag.py:4180} INFO - Setting next_dagrun for example_subdag_operator.section-2 to None, run_after=None
[2025-02-07T13:38:11.698+0000] {logging_mixin.py:190} INFO - [2025-02-07T13:38:11.698+0000] {dag.py:3239} INFO - Sync 2 DAGs
[2025-02-07T13:38:11.699+0000] {logging_mixin.py:190} INFO - [2025-02-07T13:38:11.699+0000] {dag.py:4180} INFO - Setting next_dagrun for example_subdag_operator.section-1 to None, run_after=None
[2025-02-07T13:38:11.700+0000] {logging_mixin.py:190} INFO - [2025-02-07T13:38:11.700+0000] {dag.py:4180} INFO - Setting next_dagrun for example_subdag_operator.section-2 to None, run_after=None
[2025-02-07T13:38:11.713+0000] {processor.py:208} INFO - Processing /opt/conda/lib/python3.12/site-packages/airflow/example_dags/example_subdag_operator.py took 0.198 seconds
[2025-02-07T13:39:32.079+0000] {processor.py:186} INFO - Started process (PID=489) to work on /opt/conda/lib/python3.12/site-packages/airflow/example_dags/example_subdag_operator.py
[2025-02-07T13:39:32.081+0000] {processor.py:914} INFO - Processing file /opt/conda/lib/python3.12/site-packages/airflow/example_dags/example_subdag_operator.py for tasks to queue
[2025-02-07T13:39:32.082+0000] {logging_mixin.py:190} INFO - [2025-02-07T13:39:32.082+0000] {dagbag.py:588} INFO - Filling up the DagBag from /opt/conda/lib/python3.12/site-packages/airflow/example_dags/example_subdag_operator.py
[2025-02-07T13:39:32.099+0000] {processor.py:925} INFO - DAG(s) 'example_subdag_operator.section-1', 'example_subdag_operator.section-2', 'example_subdag_operator' retrieved from /opt/conda/lib/python3.12/site-packages/airflow/example_dags/example_subdag_operator.py
[2025-02-07T13:39:32.108+0000] {logging_mixin.py:190} INFO - [2025-02-07T13:39:32.108+0000] {dag.py:3239} INFO - Sync 3 DAGs
[2025-02-07T13:39:32.119+0000] {logging_mixin.py:190} INFO - [2025-02-07T13:39:32.119+0000] {dag.py:4180} INFO - Setting next_dagrun for example_subdag_operator to 2022-01-01 00:00:00+00:00, run_after=2022-01-01 00:00:00+00:00
[2025-02-07T13:39:32.120+0000] {logging_mixin.py:190} INFO - [2025-02-07T13:39:32.120+0000] {dag.py:4180} INFO - Setting next_dagrun for example_subdag_operator.section-1 to None, run_after=None
[2025-02-07T13:39:32.121+0000] {logging_mixin.py:190} INFO - [2025-02-07T13:39:32.121+0000] {dag.py:4180} INFO - Setting next_dagrun for example_subdag_operator.section-2 to None, run_after=None
[2025-02-07T13:39:32.125+0000] {logging_mixin.py:190} INFO - [2025-02-07T13:39:32.125+0000] {dag.py:3239} INFO - Sync 2 DAGs
[2025-02-07T13:39:32.126+0000] {logging_mixin.py:190} INFO - [2025-02-07T13:39:32.126+0000] {dag.py:4180} INFO - Setting next_dagrun for example_subdag_operator.section-1 to None, run_after=None
[2025-02-07T13:39:32.127+0000] {logging_mixin.py:190} INFO - [2025-02-07T13:39:32.126+0000] {dag.py:4180} INFO - Setting next_dagrun for example_subdag_operator.section-2 to None, run_after=None
[2025-02-07T13:39:32.133+0000] {processor.py:208} INFO - Processing /opt/conda/lib/python3.12/site-packages/airflow/example_dags/example_subdag_operator.py took 0.059 seconds
[2025-02-07T13:40:30.279+0000] {processor.py:186} INFO - Started process (PID=557) to work on /opt/conda/lib/python3.12/site-packages/airflow/example_dags/example_subdag_operator.py
[2025-02-07T13:40:30.281+0000] {processor.py:914} INFO - Processing file /opt/conda/lib/python3.12/site-packages/airflow/example_dags/example_subdag_operator.py for tasks to queue
[2025-02-07T13:40:30.283+0000] {logging_mixin.py:190} INFO - [2025-02-07T13:40:30.282+0000] {dagbag.py:588} INFO - Filling up the DagBag from /opt/conda/lib/python3.12/site-packages/airflow/example_dags/example_subdag_operator.py
[2025-02-07T13:40:30.301+0000] {processor.py:925} INFO - DAG(s) 'example_subdag_operator.section-1', 'example_subdag_operator.section-2', 'example_subdag_operator' retrieved from /opt/conda/lib/python3.12/site-packages/airflow/example_dags/example_subdag_operator.py
[2025-02-07T13:40:30.312+0000] {logging_mixin.py:190} INFO - [2025-02-07T13:40:30.312+0000] {dag.py:3239} INFO - Sync 3 DAGs
[2025-02-07T13:40:30.324+0000] {logging_mixin.py:190} INFO - [2025-02-07T13:40:30.324+0000] {dag.py:4180} INFO - Setting next_dagrun for example_subdag_operator to 2022-01-01 00:00:00+00:00, run_after=2022-01-01 00:00:00+00:00
[2025-02-07T13:40:30.326+0000] {logging_mixin.py:190} INFO - [2025-02-07T13:40:30.326+0000] {dag.py:4180} INFO - Setting next_dagrun for example_subdag_operator.section-1 to None, run_after=None
[2025-02-07T13:40:30.327+0000] {logging_mixin.py:190} INFO - [2025-02-07T13:40:30.327+0000] {dag.py:4180} INFO - Setting next_dagrun for example_subdag_operator.section-2 to None, run_after=None
[2025-02-07T13:40:30.332+0000] {logging_mixin.py:190} INFO - [2025-02-07T13:40:30.332+0000] {dag.py:3239} INFO - Sync 2 DAGs
[2025-02-07T13:40:30.334+0000] {logging_mixin.py:190} INFO - [2025-02-07T13:40:30.334+0000] {dag.py:4180} INFO - Setting next_dagrun for example_subdag_operator.section-1 to None, run_after=None
[2025-02-07T13:40:30.335+0000] {logging_mixin.py:190} INFO - [2025-02-07T13:40:30.335+0000] {dag.py:4180} INFO - Setting next_dagrun for example_subdag_operator.section-2 to None, run_after=None
[2025-02-07T13:40:30.345+0000] {processor.py:208} INFO - Processing /opt/conda/lib/python3.12/site-packages/airflow/example_dags/example_subdag_operator.py took 0.072 seconds
[2025-02-07T13:41:27.852+0000] {processor.py:186} INFO - Started process (PID=624) to work on /opt/conda/lib/python3.12/site-packages/airflow/example_dags/example_subdag_operator.py
[2025-02-07T13:41:27.853+0000] {processor.py:914} INFO - Processing file /opt/conda/lib/python3.12/site-packages/airflow/example_dags/example_subdag_operator.py for tasks to queue
[2025-02-07T13:41:27.856+0000] {logging_mixin.py:190} INFO - [2025-02-07T13:41:27.855+0000] {dagbag.py:588} INFO - Filling up the DagBag from /opt/conda/lib/python3.12/site-packages/airflow/example_dags/example_subdag_operator.py
[2025-02-07T13:41:27.876+0000] {processor.py:925} INFO - DAG(s) 'example_subdag_operator.section-1', 'example_subdag_operator.section-2', 'example_subdag_operator' retrieved from /opt/conda/lib/python3.12/site-packages/airflow/example_dags/example_subdag_operator.py
[2025-02-07T13:41:27.888+0000] {logging_mixin.py:190} INFO - [2025-02-07T13:41:27.888+0000] {dag.py:3239} INFO - Sync 3 DAGs
[2025-02-07T13:41:27.909+0000] {logging_mixin.py:190} INFO - [2025-02-07T13:41:27.909+0000] {dag.py:4180} INFO - Setting next_dagrun for example_subdag_operator to 2022-01-01 00:00:00+00:00, run_after=2022-01-01 00:00:00+00:00
[2025-02-07T13:41:27.914+0000] {logging_mixin.py:190} INFO - [2025-02-07T13:41:27.913+0000] {dag.py:4180} INFO - Setting next_dagrun for example_subdag_operator.section-1 to None, run_after=None
[2025-02-07T13:41:27.914+0000] {logging_mixin.py:190} INFO - [2025-02-07T13:41:27.914+0000] {dag.py:4180} INFO - Setting next_dagrun for example_subdag_operator.section-2 to None, run_after=None
[2025-02-07T13:41:27.922+0000] {logging_mixin.py:190} INFO - [2025-02-07T13:41:27.922+0000] {dag.py:3239} INFO - Sync 2 DAGs
[2025-02-07T13:41:27.924+0000] {logging_mixin.py:190} INFO - [2025-02-07T13:41:27.924+0000] {dag.py:4180} INFO - Setting next_dagrun for example_subdag_operator.section-1 to None, run_after=None
[2025-02-07T13:41:27.924+0000] {logging_mixin.py:190} INFO - [2025-02-07T13:41:27.924+0000] {dag.py:4180} INFO - Setting next_dagrun for example_subdag_operator.section-2 to None, run_after=None
[2025-02-07T13:41:27.931+0000] {processor.py:208} INFO - Processing /opt/conda/lib/python3.12/site-packages/airflow/example_dags/example_subdag_operator.py took 0.087 seconds
[2025-02-07T13:42:35.983+0000] {processor.py:186} INFO - Started process (PID=792) to work on /opt/conda/lib/python3.12/site-packages/airflow/example_dags/example_subdag_operator.py
[2025-02-07T13:42:35.984+0000] {processor.py:914} INFO - Processing file /opt/conda/lib/python3.12/site-packages/airflow/example_dags/example_subdag_operator.py for tasks to queue
[2025-02-07T13:42:35.985+0000] {logging_mixin.py:190} INFO - [2025-02-07T13:42:35.985+0000] {dagbag.py:588} INFO - Filling up the DagBag from /opt/conda/lib/python3.12/site-packages/airflow/example_dags/example_subdag_operator.py
[2025-02-07T13:42:36.001+0000] {processor.py:925} INFO - DAG(s) 'example_subdag_operator.section-1', 'example_subdag_operator.section-2', 'example_subdag_operator' retrieved from /opt/conda/lib/python3.12/site-packages/airflow/example_dags/example_subdag_operator.py
[2025-02-07T13:42:36.008+0000] {logging_mixin.py:190} INFO - [2025-02-07T13:42:36.008+0000] {dag.py:3239} INFO - Sync 3 DAGs
[2025-02-07T13:42:36.019+0000] {logging_mixin.py:190} INFO - [2025-02-07T13:42:36.019+0000] {dag.py:4180} INFO - Setting next_dagrun for example_subdag_operator to 2022-01-01 00:00:00+00:00, run_after=2022-01-01 00:00:00+00:00
[2025-02-07T13:42:36.021+0000] {logging_mixin.py:190} INFO - [2025-02-07T13:42:36.021+0000] {dag.py:4180} INFO - Setting next_dagrun for example_subdag_operator.section-1 to None, run_after=None
[2025-02-07T13:42:36.022+0000] {logging_mixin.py:190} INFO - [2025-02-07T13:42:36.022+0000] {dag.py:4180} INFO - Setting next_dagrun for example_subdag_operator.section-2 to None, run_after=None
[2025-02-07T13:42:36.027+0000] {logging_mixin.py:190} INFO - [2025-02-07T13:42:36.027+0000] {dag.py:3239} INFO - Sync 2 DAGs
[2025-02-07T13:42:36.028+0000] {logging_mixin.py:190} INFO - [2025-02-07T13:42:36.028+0000] {dag.py:4180} INFO - Setting next_dagrun for example_subdag_operator.section-1 to None, run_after=None
[2025-02-07T13:42:36.029+0000] {logging_mixin.py:190} INFO - [2025-02-07T13:42:36.029+0000] {dag.py:4180} INFO - Setting next_dagrun for example_subdag_operator.section-2 to None, run_after=None
[2025-02-07T13:42:36.041+0000] {processor.py:208} INFO - Processing /opt/conda/lib/python3.12/site-packages/airflow/example_dags/example_subdag_operator.py took 0.063 seconds
[2025-02-07T13:43:38.167+0000] {processor.py:186} INFO - Started process (PID=865) to work on /opt/conda/lib/python3.12/site-packages/airflow/example_dags/example_subdag_operator.py
[2025-02-07T13:43:38.168+0000] {processor.py:914} INFO - Processing file /opt/conda/lib/python3.12/site-packages/airflow/example_dags/example_subdag_operator.py for tasks to queue
[2025-02-07T13:43:38.171+0000] {logging_mixin.py:190} INFO - [2025-02-07T13:43:38.171+0000] {dagbag.py:588} INFO - Filling up the DagBag from /opt/conda/lib/python3.12/site-packages/airflow/example_dags/example_subdag_operator.py
[2025-02-07T13:43:38.194+0000] {processor.py:925} INFO - DAG(s) 'example_subdag_operator.section-1', 'example_subdag_operator.section-2', 'example_subdag_operator' retrieved from /opt/conda/lib/python3.12/site-packages/airflow/example_dags/example_subdag_operator.py
[2025-02-07T13:43:38.206+0000] {logging_mixin.py:190} INFO - [2025-02-07T13:43:38.206+0000] {dag.py:3239} INFO - Sync 3 DAGs
[2025-02-07T13:43:38.219+0000] {logging_mixin.py:190} INFO - [2025-02-07T13:43:38.219+0000] {dag.py:4180} INFO - Setting next_dagrun for example_subdag_operator to 2022-01-01 00:00:00+00:00, run_after=2022-01-01 00:00:00+00:00
[2025-02-07T13:43:38.221+0000] {logging_mixin.py:190} INFO - [2025-02-07T13:43:38.221+0000] {dag.py:4180} INFO - Setting next_dagrun for example_subdag_operator.section-1 to None, run_after=None
[2025-02-07T13:43:38.222+0000] {logging_mixin.py:190} INFO - [2025-02-07T13:43:38.222+0000] {dag.py:4180} INFO - Setting next_dagrun for example_subdag_operator.section-2 to None, run_after=None
[2025-02-07T13:43:38.226+0000] {logging_mixin.py:190} INFO - [2025-02-07T13:43:38.226+0000] {dag.py:3239} INFO - Sync 2 DAGs
[2025-02-07T13:43:38.228+0000] {logging_mixin.py:190} INFO - [2025-02-07T13:43:38.228+0000] {dag.py:4180} INFO - Setting next_dagrun for example_subdag_operator.section-1 to None, run_after=None
[2025-02-07T13:43:38.228+0000] {logging_mixin.py:190} INFO - [2025-02-07T13:43:38.228+0000] {dag.py:4180} INFO - Setting next_dagrun for example_subdag_operator.section-2 to None, run_after=None
[2025-02-07T13:43:38.237+0000] {processor.py:208} INFO - Processing /opt/conda/lib/python3.12/site-packages/airflow/example_dags/example_subdag_operator.py took 0.077 seconds
[2025-02-07T13:45:32.237+0000] {processor.py:186} INFO - Started process (PID=1167) to work on /opt/conda/lib/python3.12/site-packages/airflow/example_dags/example_subdag_operator.py
[2025-02-07T13:45:32.239+0000] {processor.py:914} INFO - Processing file /opt/conda/lib/python3.12/site-packages/airflow/example_dags/example_subdag_operator.py for tasks to queue
[2025-02-07T13:45:32.243+0000] {logging_mixin.py:190} INFO - [2025-02-07T13:45:32.242+0000] {dagbag.py:588} INFO - Filling up the DagBag from /opt/conda/lib/python3.12/site-packages/airflow/example_dags/example_subdag_operator.py
[2025-02-07T13:45:32.278+0000] {processor.py:925} INFO - DAG(s) 'example_subdag_operator.section-1', 'example_subdag_operator.section-2', 'example_subdag_operator' retrieved from /opt/conda/lib/python3.12/site-packages/airflow/example_dags/example_subdag_operator.py
[2025-02-07T13:45:32.291+0000] {logging_mixin.py:190} INFO - [2025-02-07T13:45:32.291+0000] {dag.py:3239} INFO - Sync 3 DAGs
[2025-02-07T13:45:32.330+0000] {logging_mixin.py:190} INFO - [2025-02-07T13:45:32.330+0000] {dag.py:4180} INFO - Setting next_dagrun for example_subdag_operator to 2022-01-01 00:00:00+00:00, run_after=2022-01-01 00:00:00+00:00
[2025-02-07T13:45:32.334+0000] {logging_mixin.py:190} INFO - [2025-02-07T13:45:32.334+0000] {dag.py:4180} INFO - Setting next_dagrun for example_subdag_operator.section-1 to None, run_after=None
[2025-02-07T13:45:32.335+0000] {logging_mixin.py:190} INFO - [2025-02-07T13:45:32.335+0000] {dag.py:4180} INFO - Setting next_dagrun for example_subdag_operator.section-2 to None, run_after=None
[2025-02-07T13:45:32.341+0000] {logging_mixin.py:190} INFO - [2025-02-07T13:45:32.341+0000] {dag.py:3239} INFO - Sync 2 DAGs
[2025-02-07T13:45:32.344+0000] {logging_mixin.py:190} INFO - [2025-02-07T13:45:32.344+0000] {dag.py:4180} INFO - Setting next_dagrun for example_subdag_operator.section-1 to None, run_after=None
[2025-02-07T13:45:32.344+0000] {logging_mixin.py:190} INFO - [2025-02-07T13:45:32.344+0000] {dag.py:4180} INFO - Setting next_dagrun for example_subdag_operator.section-2 to None, run_after=None
[2025-02-07T13:45:32.361+0000] {processor.py:208} INFO - Processing /opt/conda/lib/python3.12/site-packages/airflow/example_dags/example_subdag_operator.py took 0.142 seconds
[2025-02-07T14:04:35.426+0000] {processor.py:186} INFO - Started process (PID=1459) to work on /opt/conda/lib/python3.12/site-packages/airflow/example_dags/example_subdag_operator.py
[2025-02-07T14:04:35.427+0000] {processor.py:914} INFO - Processing file /opt/conda/lib/python3.12/site-packages/airflow/example_dags/example_subdag_operator.py for tasks to queue
[2025-02-07T14:04:35.428+0000] {logging_mixin.py:190} INFO - [2025-02-07T14:04:35.427+0000] {dagbag.py:588} INFO - Filling up the DagBag from /opt/conda/lib/python3.12/site-packages/airflow/example_dags/example_subdag_operator.py
[2025-02-07T14:04:35.455+0000] {processor.py:925} INFO - DAG(s) 'example_subdag_operator.section-1', 'example_subdag_operator.section-2', 'example_subdag_operator' retrieved from /opt/conda/lib/python3.12/site-packages/airflow/example_dags/example_subdag_operator.py
[2025-02-07T14:04:35.469+0000] {logging_mixin.py:190} INFO - [2025-02-07T14:04:35.469+0000] {dag.py:3239} INFO - Sync 3 DAGs
[2025-02-07T14:04:35.486+0000] {logging_mixin.py:190} INFO - [2025-02-07T14:04:35.486+0000] {dag.py:4180} INFO - Setting next_dagrun for example_subdag_operator to 2022-01-01 00:00:00+00:00, run_after=2022-01-01 00:00:00+00:00
[2025-02-07T14:04:35.488+0000] {logging_mixin.py:190} INFO - [2025-02-07T14:04:35.487+0000] {dag.py:4180} INFO - Setting next_dagrun for example_subdag_operator.section-1 to None, run_after=None
[2025-02-07T14:04:35.488+0000] {logging_mixin.py:190} INFO - [2025-02-07T14:04:35.488+0000] {dag.py:4180} INFO - Setting next_dagrun for example_subdag_operator.section-2 to None, run_after=None
[2025-02-07T14:04:35.492+0000] {logging_mixin.py:190} INFO - [2025-02-07T14:04:35.492+0000] {dag.py:3239} INFO - Sync 2 DAGs
[2025-02-07T14:04:35.494+0000] {logging_mixin.py:190} INFO - [2025-02-07T14:04:35.494+0000] {dag.py:4180} INFO - Setting next_dagrun for example_subdag_operator.section-1 to None, run_after=None
[2025-02-07T14:04:35.494+0000] {logging_mixin.py:190} INFO - [2025-02-07T14:04:35.494+0000] {dag.py:4180} INFO - Setting next_dagrun for example_subdag_operator.section-2 to None, run_after=None
[2025-02-07T14:04:35.502+0000] {processor.py:208} INFO - Processing /opt/conda/lib/python3.12/site-packages/airflow/example_dags/example_subdag_operator.py took 0.081 seconds
[2025-02-07T14:06:09.105+0000] {processor.py:186} INFO - Started process (PID=1815) to work on /opt/conda/lib/python3.12/site-packages/airflow/example_dags/example_subdag_operator.py
[2025-02-07T14:06:09.108+0000] {processor.py:914} INFO - Processing file /opt/conda/lib/python3.12/site-packages/airflow/example_dags/example_subdag_operator.py for tasks to queue
[2025-02-07T14:06:09.111+0000] {logging_mixin.py:190} INFO - [2025-02-07T14:06:09.111+0000] {dagbag.py:588} INFO - Filling up the DagBag from /opt/conda/lib/python3.12/site-packages/airflow/example_dags/example_subdag_operator.py
[2025-02-07T14:06:09.156+0000] {processor.py:925} INFO - DAG(s) 'example_subdag_operator.section-1', 'example_subdag_operator.section-2', 'example_subdag_operator' retrieved from /opt/conda/lib/python3.12/site-packages/airflow/example_dags/example_subdag_operator.py
[2025-02-07T14:06:09.171+0000] {logging_mixin.py:190} INFO - [2025-02-07T14:06:09.171+0000] {dag.py:3239} INFO - Sync 3 DAGs
[2025-02-07T14:06:09.191+0000] {logging_mixin.py:190} INFO - [2025-02-07T14:06:09.190+0000] {dag.py:4180} INFO - Setting next_dagrun for example_subdag_operator to 2022-01-01 00:00:00+00:00, run_after=2022-01-01 00:00:00+00:00
[2025-02-07T14:06:09.195+0000] {logging_mixin.py:190} INFO - [2025-02-07T14:06:09.195+0000] {dag.py:4180} INFO - Setting next_dagrun for example_subdag_operator.section-1 to None, run_after=None
[2025-02-07T14:06:09.196+0000] {logging_mixin.py:190} INFO - [2025-02-07T14:06:09.196+0000] {dag.py:4180} INFO - Setting next_dagrun for example_subdag_operator.section-2 to None, run_after=None
[2025-02-07T14:06:09.203+0000] {logging_mixin.py:190} INFO - [2025-02-07T14:06:09.203+0000] {dag.py:3239} INFO - Sync 2 DAGs
[2025-02-07T14:06:09.208+0000] {logging_mixin.py:190} INFO - [2025-02-07T14:06:09.208+0000] {dag.py:4180} INFO - Setting next_dagrun for example_subdag_operator.section-1 to None, run_after=None
[2025-02-07T14:06:09.209+0000] {logging_mixin.py:190} INFO - [2025-02-07T14:06:09.208+0000] {dag.py:4180} INFO - Setting next_dagrun for example_subdag_operator.section-2 to None, run_after=None
[2025-02-07T14:06:09.232+0000] {processor.py:208} INFO - Processing /opt/conda/lib/python3.12/site-packages/airflow/example_dags/example_subdag_operator.py took 0.145 seconds
[2025-02-07T14:07:32.126+0000] {processor.py:186} INFO - Started process (PID=2003) to work on /opt/conda/lib/python3.12/site-packages/airflow/example_dags/example_subdag_operator.py
[2025-02-07T14:07:32.129+0000] {processor.py:914} INFO - Processing file /opt/conda/lib/python3.12/site-packages/airflow/example_dags/example_subdag_operator.py for tasks to queue
[2025-02-07T14:07:32.130+0000] {logging_mixin.py:190} INFO - [2025-02-07T14:07:32.130+0000] {dagbag.py:588} INFO - Filling up the DagBag from /opt/conda/lib/python3.12/site-packages/airflow/example_dags/example_subdag_operator.py
[2025-02-07T14:07:32.152+0000] {processor.py:925} INFO - DAG(s) 'example_subdag_operator.section-1', 'example_subdag_operator.section-2', 'example_subdag_operator' retrieved from /opt/conda/lib/python3.12/site-packages/airflow/example_dags/example_subdag_operator.py
[2025-02-07T14:07:32.166+0000] {logging_mixin.py:190} INFO - [2025-02-07T14:07:32.166+0000] {dag.py:3239} INFO - Sync 3 DAGs
[2025-02-07T14:07:32.178+0000] {logging_mixin.py:190} INFO - [2025-02-07T14:07:32.178+0000] {dag.py:4180} INFO - Setting next_dagrun for example_subdag_operator to 2022-01-01 00:00:00+00:00, run_after=2022-01-01 00:00:00+00:00
[2025-02-07T14:07:32.180+0000] {logging_mixin.py:190} INFO - [2025-02-07T14:07:32.180+0000] {dag.py:4180} INFO - Setting next_dagrun for example_subdag_operator.section-1 to None, run_after=None
[2025-02-07T14:07:32.181+0000] {logging_mixin.py:190} INFO - [2025-02-07T14:07:32.181+0000] {dag.py:4180} INFO - Setting next_dagrun for example_subdag_operator.section-2 to None, run_after=None
[2025-02-07T14:07:32.186+0000] {logging_mixin.py:190} INFO - [2025-02-07T14:07:32.186+0000] {dag.py:3239} INFO - Sync 2 DAGs
[2025-02-07T14:07:32.188+0000] {logging_mixin.py:190} INFO - [2025-02-07T14:07:32.188+0000] {dag.py:4180} INFO - Setting next_dagrun for example_subdag_operator.section-1 to None, run_after=None
[2025-02-07T14:07:32.188+0000] {logging_mixin.py:190} INFO - [2025-02-07T14:07:32.188+0000] {dag.py:4180} INFO - Setting next_dagrun for example_subdag_operator.section-2 to None, run_after=None
[2025-02-07T14:07:32.197+0000] {processor.py:208} INFO - Processing /opt/conda/lib/python3.12/site-packages/airflow/example_dags/example_subdag_operator.py took 0.084 seconds
