[2025-02-07T12:11:30.099+0000] {processor.py:186} INFO - Started process (PID=2532) to work on /opt/conda/lib/python3.12/site-packages/airflow/example_dags/example_dynamic_task_mapping.py
[2025-02-07T12:11:30.100+0000] {processor.py:914} INFO - Processing file /opt/conda/lib/python3.12/site-packages/airflow/example_dags/example_dynamic_task_mapping.py for tasks to queue
[2025-02-07T12:11:30.108+0000] {logging_mixin.py:190} INFO - [2025-02-07T12:11:30.108+0000] {dagbag.py:588} INFO - Filling up the DagBag from /opt/conda/lib/python3.12/site-packages/airflow/example_dags/example_dynamic_task_mapping.py
[2025-02-07T12:11:30.141+0000] {processor.py:925} INFO - DAG(s) 'example_dynamic_task_mapping' retrieved from /opt/conda/lib/python3.12/site-packages/airflow/example_dags/example_dynamic_task_mapping.py
[2025-02-07T12:11:30.161+0000] {logging_mixin.py:190} INFO - [2025-02-07T12:11:30.161+0000] {dag.py:3239} INFO - Sync 1 DAGs
[2025-02-07T12:11:30.176+0000] {logging_mixin.py:190} INFO - [2025-02-07T12:11:30.175+0000] {dag.py:4180} INFO - Setting next_dagrun for example_dynamic_task_mapping to None, run_after=None
[2025-02-07T12:11:30.205+0000] {processor.py:208} INFO - Processing /opt/conda/lib/python3.12/site-packages/airflow/example_dags/example_dynamic_task_mapping.py took 0.112 seconds
[2025-02-07T12:33:02.181+0000] {processor.py:186} INFO - Started process (PID=133) to work on /opt/conda/lib/python3.12/site-packages/airflow/example_dags/example_dynamic_task_mapping.py
[2025-02-07T12:33:02.183+0000] {processor.py:914} INFO - Processing file /opt/conda/lib/python3.12/site-packages/airflow/example_dags/example_dynamic_task_mapping.py for tasks to queue
[2025-02-07T12:33:02.189+0000] {logging_mixin.py:190} INFO - [2025-02-07T12:33:02.188+0000] {dagbag.py:588} INFO - Filling up the DagBag from /opt/conda/lib/python3.12/site-packages/airflow/example_dags/example_dynamic_task_mapping.py
[2025-02-07T12:33:02.230+0000] {processor.py:925} INFO - DAG(s) 'example_dynamic_task_mapping' retrieved from /opt/conda/lib/python3.12/site-packages/airflow/example_dags/example_dynamic_task_mapping.py
[2025-02-07T12:33:02.261+0000] {logging_mixin.py:190} INFO - [2025-02-07T12:33:02.260+0000] {dag.py:3239} INFO - Sync 1 DAGs
[2025-02-07T12:33:02.286+0000] {logging_mixin.py:190} INFO - [2025-02-07T12:33:02.286+0000] {dag.py:4180} INFO - Setting next_dagrun for example_dynamic_task_mapping to None, run_after=None
[2025-02-07T12:33:02.309+0000] {processor.py:208} INFO - Processing /opt/conda/lib/python3.12/site-packages/airflow/example_dags/example_dynamic_task_mapping.py took 0.136 seconds
[2025-02-07T12:36:50.840+0000] {processor.py:186} INFO - Started process (PID=111) to work on /opt/conda/lib/python3.12/site-packages/airflow/example_dags/example_dynamic_task_mapping.py
[2025-02-07T12:36:50.842+0000] {processor.py:914} INFO - Processing file /opt/conda/lib/python3.12/site-packages/airflow/example_dags/example_dynamic_task_mapping.py for tasks to queue
[2025-02-07T12:36:50.846+0000] {logging_mixin.py:190} INFO - [2025-02-07T12:36:50.845+0000] {dagbag.py:588} INFO - Filling up the DagBag from /opt/conda/lib/python3.12/site-packages/airflow/example_dags/example_dynamic_task_mapping.py
[2025-02-07T12:36:50.860+0000] {processor.py:925} INFO - DAG(s) 'example_dynamic_task_mapping' retrieved from /opt/conda/lib/python3.12/site-packages/airflow/example_dags/example_dynamic_task_mapping.py
[2025-02-07T12:36:50.887+0000] {logging_mixin.py:190} INFO - [2025-02-07T12:36:50.887+0000] {dag.py:3239} INFO - Sync 1 DAGs
[2025-02-07T12:36:50.904+0000] {logging_mixin.py:190} INFO - [2025-02-07T12:36:50.904+0000] {dag.py:4180} INFO - Setting next_dagrun for example_dynamic_task_mapping to None, run_after=None
[2025-02-07T12:36:50.931+0000] {processor.py:208} INFO - Processing /opt/conda/lib/python3.12/site-packages/airflow/example_dags/example_dynamic_task_mapping.py took 0.105 seconds
[2025-02-07T12:38:05.134+0000] {processor.py:186} INFO - Started process (PID=186) to work on /opt/conda/lib/python3.12/site-packages/airflow/example_dags/example_dynamic_task_mapping.py
[2025-02-07T12:38:05.136+0000] {processor.py:914} INFO - Processing file /opt/conda/lib/python3.12/site-packages/airflow/example_dags/example_dynamic_task_mapping.py for tasks to queue
[2025-02-07T12:38:05.138+0000] {logging_mixin.py:190} INFO - [2025-02-07T12:38:05.138+0000] {dagbag.py:588} INFO - Filling up the DagBag from /opt/conda/lib/python3.12/site-packages/airflow/example_dags/example_dynamic_task_mapping.py
[2025-02-07T12:38:05.147+0000] {processor.py:925} INFO - DAG(s) 'example_dynamic_task_mapping' retrieved from /opt/conda/lib/python3.12/site-packages/airflow/example_dags/example_dynamic_task_mapping.py
[2025-02-07T12:38:05.168+0000] {logging_mixin.py:190} INFO - [2025-02-07T12:38:05.168+0000] {dag.py:3239} INFO - Sync 1 DAGs
[2025-02-07T12:38:05.178+0000] {logging_mixin.py:190} INFO - [2025-02-07T12:38:05.178+0000] {dag.py:4180} INFO - Setting next_dagrun for example_dynamic_task_mapping to None, run_after=None
[2025-02-07T12:38:05.196+0000] {processor.py:208} INFO - Processing /opt/conda/lib/python3.12/site-packages/airflow/example_dags/example_dynamic_task_mapping.py took 0.067 seconds
[2025-02-07T12:39:04.517+0000] {processor.py:186} INFO - Started process (PID=255) to work on /opt/conda/lib/python3.12/site-packages/airflow/example_dags/example_dynamic_task_mapping.py
[2025-02-07T12:39:04.518+0000] {processor.py:914} INFO - Processing file /opt/conda/lib/python3.12/site-packages/airflow/example_dags/example_dynamic_task_mapping.py for tasks to queue
[2025-02-07T12:39:04.520+0000] {logging_mixin.py:190} INFO - [2025-02-07T12:39:04.520+0000] {dagbag.py:588} INFO - Filling up the DagBag from /opt/conda/lib/python3.12/site-packages/airflow/example_dags/example_dynamic_task_mapping.py
[2025-02-07T12:39:04.527+0000] {processor.py:925} INFO - DAG(s) 'example_dynamic_task_mapping' retrieved from /opt/conda/lib/python3.12/site-packages/airflow/example_dags/example_dynamic_task_mapping.py
[2025-02-07T12:39:04.539+0000] {logging_mixin.py:190} INFO - [2025-02-07T12:39:04.539+0000] {dag.py:3239} INFO - Sync 1 DAGs
[2025-02-07T12:39:04.548+0000] {logging_mixin.py:190} INFO - [2025-02-07T12:39:04.548+0000] {dag.py:4180} INFO - Setting next_dagrun for example_dynamic_task_mapping to None, run_after=None
[2025-02-07T12:39:04.563+0000] {processor.py:208} INFO - Processing /opt/conda/lib/python3.12/site-packages/airflow/example_dags/example_dynamic_task_mapping.py took 0.051 seconds
[2025-02-07T12:40:02.477+0000] {processor.py:186} INFO - Started process (PID=323) to work on /opt/conda/lib/python3.12/site-packages/airflow/example_dags/example_dynamic_task_mapping.py
[2025-02-07T12:40:02.478+0000] {processor.py:914} INFO - Processing file /opt/conda/lib/python3.12/site-packages/airflow/example_dags/example_dynamic_task_mapping.py for tasks to queue
[2025-02-07T12:40:02.480+0000] {logging_mixin.py:190} INFO - [2025-02-07T12:40:02.480+0000] {dagbag.py:588} INFO - Filling up the DagBag from /opt/conda/lib/python3.12/site-packages/airflow/example_dags/example_dynamic_task_mapping.py
[2025-02-07T12:40:02.488+0000] {processor.py:925} INFO - DAG(s) 'example_dynamic_task_mapping' retrieved from /opt/conda/lib/python3.12/site-packages/airflow/example_dags/example_dynamic_task_mapping.py
[2025-02-07T12:40:02.500+0000] {logging_mixin.py:190} INFO - [2025-02-07T12:40:02.500+0000] {dag.py:3239} INFO - Sync 1 DAGs
[2025-02-07T12:40:02.509+0000] {logging_mixin.py:190} INFO - [2025-02-07T12:40:02.509+0000] {dag.py:4180} INFO - Setting next_dagrun for example_dynamic_task_mapping to None, run_after=None
[2025-02-07T12:40:02.525+0000] {processor.py:208} INFO - Processing /opt/conda/lib/python3.12/site-packages/airflow/example_dags/example_dynamic_task_mapping.py took 0.053 seconds
[2025-02-07T12:41:02.345+0000] {processor.py:186} INFO - Started process (PID=392) to work on /opt/conda/lib/python3.12/site-packages/airflow/example_dags/example_dynamic_task_mapping.py
[2025-02-07T12:41:02.346+0000] {processor.py:914} INFO - Processing file /opt/conda/lib/python3.12/site-packages/airflow/example_dags/example_dynamic_task_mapping.py for tasks to queue
[2025-02-07T12:41:02.348+0000] {logging_mixin.py:190} INFO - [2025-02-07T12:41:02.347+0000] {dagbag.py:588} INFO - Filling up the DagBag from /opt/conda/lib/python3.12/site-packages/airflow/example_dags/example_dynamic_task_mapping.py
[2025-02-07T12:41:02.354+0000] {processor.py:925} INFO - DAG(s) 'example_dynamic_task_mapping' retrieved from /opt/conda/lib/python3.12/site-packages/airflow/example_dags/example_dynamic_task_mapping.py
[2025-02-07T12:41:02.366+0000] {logging_mixin.py:190} INFO - [2025-02-07T12:41:02.365+0000] {dag.py:3239} INFO - Sync 1 DAGs
[2025-02-07T12:41:02.373+0000] {logging_mixin.py:190} INFO - [2025-02-07T12:41:02.373+0000] {dag.py:4180} INFO - Setting next_dagrun for example_dynamic_task_mapping to None, run_after=None
[2025-02-07T12:41:02.386+0000] {processor.py:208} INFO - Processing /opt/conda/lib/python3.12/site-packages/airflow/example_dags/example_dynamic_task_mapping.py took 0.047 seconds
[2025-02-07T12:52:01.843+0000] {processor.py:186} INFO - Started process (PID=4465) to work on /opt/conda/lib/python3.12/site-packages/airflow/example_dags/example_dynamic_task_mapping.py
[2025-02-07T12:52:01.843+0000] {processor.py:914} INFO - Processing file /opt/conda/lib/python3.12/site-packages/airflow/example_dags/example_dynamic_task_mapping.py for tasks to queue
[2025-02-07T12:52:01.844+0000] {logging_mixin.py:190} INFO - [2025-02-07T12:52:01.844+0000] {dagbag.py:588} INFO - Filling up the DagBag from /opt/conda/lib/python3.12/site-packages/airflow/example_dags/example_dynamic_task_mapping.py
[2025-02-07T12:52:01.849+0000] {processor.py:925} INFO - DAG(s) 'example_dynamic_task_mapping' retrieved from /opt/conda/lib/python3.12/site-packages/airflow/example_dags/example_dynamic_task_mapping.py
[2025-02-07T12:52:01.857+0000] {logging_mixin.py:190} INFO - [2025-02-07T12:52:01.857+0000] {dag.py:3239} INFO - Sync 1 DAGs
[2025-02-07T12:52:01.864+0000] {logging_mixin.py:190} INFO - [2025-02-07T12:52:01.864+0000] {dag.py:4180} INFO - Setting next_dagrun for example_dynamic_task_mapping to None, run_after=None
[2025-02-07T12:52:01.875+0000] {processor.py:208} INFO - Processing /opt/conda/lib/python3.12/site-packages/airflow/example_dags/example_dynamic_task_mapping.py took 0.036 seconds
[2025-02-07T13:00:25.129+0000] {processor.py:186} INFO - Started process (PID=8197) to work on /opt/conda/lib/python3.12/site-packages/airflow/example_dags/example_dynamic_task_mapping.py
[2025-02-07T13:00:25.130+0000] {processor.py:914} INFO - Processing file /opt/conda/lib/python3.12/site-packages/airflow/example_dags/example_dynamic_task_mapping.py for tasks to queue
[2025-02-07T13:00:25.132+0000] {logging_mixin.py:190} INFO - [2025-02-07T13:00:25.132+0000] {dagbag.py:588} INFO - Filling up the DagBag from /opt/conda/lib/python3.12/site-packages/airflow/example_dags/example_dynamic_task_mapping.py
[2025-02-07T13:00:25.163+0000] {processor.py:925} INFO - DAG(s) 'example_dynamic_task_mapping' retrieved from /opt/conda/lib/python3.12/site-packages/airflow/example_dags/example_dynamic_task_mapping.py
[2025-02-07T13:00:25.178+0000] {logging_mixin.py:190} INFO - [2025-02-07T13:00:25.178+0000] {dag.py:3239} INFO - Sync 1 DAGs
[2025-02-07T13:00:25.191+0000] {logging_mixin.py:190} INFO - [2025-02-07T13:00:25.191+0000] {dag.py:4180} INFO - Setting next_dagrun for example_dynamic_task_mapping to None, run_after=None
[2025-02-07T13:00:25.208+0000] {processor.py:208} INFO - Processing /opt/conda/lib/python3.12/site-packages/airflow/example_dags/example_dynamic_task_mapping.py took 0.084 seconds
[2025-02-07T13:27:50.244+0000] {processor.py:186} INFO - Started process (PID=291) to work on /opt/conda/lib/python3.12/site-packages/airflow/example_dags/example_dynamic_task_mapping.py
[2025-02-07T13:27:50.245+0000] {processor.py:914} INFO - Processing file /opt/conda/lib/python3.12/site-packages/airflow/example_dags/example_dynamic_task_mapping.py for tasks to queue
[2025-02-07T13:27:50.248+0000] {logging_mixin.py:190} INFO - [2025-02-07T13:27:50.248+0000] {dagbag.py:588} INFO - Filling up the DagBag from /opt/conda/lib/python3.12/site-packages/airflow/example_dags/example_dynamic_task_mapping.py
[2025-02-07T13:27:50.267+0000] {processor.py:925} INFO - DAG(s) 'example_dynamic_task_mapping' retrieved from /opt/conda/lib/python3.12/site-packages/airflow/example_dags/example_dynamic_task_mapping.py
[2025-02-07T13:27:50.350+0000] {logging_mixin.py:190} INFO - [2025-02-07T13:27:50.350+0000] {dag.py:3239} INFO - Sync 1 DAGs
[2025-02-07T13:27:50.495+0000] {logging_mixin.py:190} INFO - [2025-02-07T13:27:50.494+0000] {dag.py:4180} INFO - Setting next_dagrun for example_dynamic_task_mapping to None, run_after=None
[2025-02-07T13:27:50.553+0000] {processor.py:208} INFO - Processing /opt/conda/lib/python3.12/site-packages/airflow/example_dags/example_dynamic_task_mapping.py took 0.314 seconds
[2025-02-07T13:29:28.847+0000] {processor.py:186} INFO - Started process (PID=383) to work on /opt/conda/lib/python3.12/site-packages/airflow/example_dags/example_dynamic_task_mapping.py
[2025-02-07T13:29:28.849+0000] {processor.py:914} INFO - Processing file /opt/conda/lib/python3.12/site-packages/airflow/example_dags/example_dynamic_task_mapping.py for tasks to queue
[2025-02-07T13:29:28.851+0000] {logging_mixin.py:190} INFO - [2025-02-07T13:29:28.850+0000] {dagbag.py:588} INFO - Filling up the DagBag from /opt/conda/lib/python3.12/site-packages/airflow/example_dags/example_dynamic_task_mapping.py
[2025-02-07T13:29:28.863+0000] {processor.py:925} INFO - DAG(s) 'example_dynamic_task_mapping' retrieved from /opt/conda/lib/python3.12/site-packages/airflow/example_dags/example_dynamic_task_mapping.py
[2025-02-07T13:29:28.878+0000] {logging_mixin.py:190} INFO - [2025-02-07T13:29:28.878+0000] {dag.py:3239} INFO - Sync 1 DAGs
[2025-02-07T13:29:28.891+0000] {logging_mixin.py:190} INFO - [2025-02-07T13:29:28.891+0000] {dag.py:4180} INFO - Setting next_dagrun for example_dynamic_task_mapping to None, run_after=None
[2025-02-07T13:29:28.908+0000] {processor.py:208} INFO - Processing /opt/conda/lib/python3.12/site-packages/airflow/example_dags/example_dynamic_task_mapping.py took 0.080 seconds
[2025-02-07T13:30:32.912+0000] {processor.py:186} INFO - Started process (PID=463) to work on /opt/conda/lib/python3.12/site-packages/airflow/example_dags/example_dynamic_task_mapping.py
[2025-02-07T13:30:32.914+0000] {processor.py:914} INFO - Processing file /opt/conda/lib/python3.12/site-packages/airflow/example_dags/example_dynamic_task_mapping.py for tasks to queue
[2025-02-07T13:30:32.915+0000] {logging_mixin.py:190} INFO - [2025-02-07T13:30:32.915+0000] {dagbag.py:588} INFO - Filling up the DagBag from /opt/conda/lib/python3.12/site-packages/airflow/example_dags/example_dynamic_task_mapping.py
[2025-02-07T13:30:32.926+0000] {processor.py:925} INFO - DAG(s) 'example_dynamic_task_mapping' retrieved from /opt/conda/lib/python3.12/site-packages/airflow/example_dags/example_dynamic_task_mapping.py
[2025-02-07T13:30:32.941+0000] {logging_mixin.py:190} INFO - [2025-02-07T13:30:32.940+0000] {dag.py:3239} INFO - Sync 1 DAGs
[2025-02-07T13:30:32.951+0000] {logging_mixin.py:190} INFO - [2025-02-07T13:30:32.951+0000] {dag.py:4180} INFO - Setting next_dagrun for example_dynamic_task_mapping to None, run_after=None
[2025-02-07T13:30:32.969+0000] {processor.py:208} INFO - Processing /opt/conda/lib/python3.12/site-packages/airflow/example_dags/example_dynamic_task_mapping.py took 0.066 seconds
[2025-02-07T13:33:52.637+0000] {processor.py:186} INFO - Started process (PID=439) to work on /opt/conda/lib/python3.12/site-packages/airflow/example_dags/example_dynamic_task_mapping.py
[2025-02-07T13:33:52.638+0000] {processor.py:914} INFO - Processing file /opt/conda/lib/python3.12/site-packages/airflow/example_dags/example_dynamic_task_mapping.py for tasks to queue
[2025-02-07T13:33:52.639+0000] {logging_mixin.py:190} INFO - [2025-02-07T13:33:52.639+0000] {dagbag.py:588} INFO - Filling up the DagBag from /opt/conda/lib/python3.12/site-packages/airflow/example_dags/example_dynamic_task_mapping.py
[2025-02-07T13:33:52.644+0000] {processor.py:925} INFO - DAG(s) 'example_dynamic_task_mapping' retrieved from /opt/conda/lib/python3.12/site-packages/airflow/example_dags/example_dynamic_task_mapping.py
[2025-02-07T13:33:52.654+0000] {logging_mixin.py:190} INFO - [2025-02-07T13:33:52.654+0000] {dag.py:3239} INFO - Sync 1 DAGs
[2025-02-07T13:33:52.660+0000] {logging_mixin.py:190} INFO - [2025-02-07T13:33:52.660+0000] {dag.py:4180} INFO - Setting next_dagrun for example_dynamic_task_mapping to None, run_after=None
[2025-02-07T13:33:52.675+0000] {processor.py:208} INFO - Processing /opt/conda/lib/python3.12/site-packages/airflow/example_dags/example_dynamic_task_mapping.py took 0.041 seconds
[2025-02-07T13:38:56.922+0000] {processor.py:186} INFO - Started process (PID=444) to work on /opt/conda/lib/python3.12/site-packages/airflow/example_dags/example_dynamic_task_mapping.py
[2025-02-07T13:38:56.923+0000] {processor.py:914} INFO - Processing file /opt/conda/lib/python3.12/site-packages/airflow/example_dags/example_dynamic_task_mapping.py for tasks to queue
[2025-02-07T13:38:56.925+0000] {logging_mixin.py:190} INFO - [2025-02-07T13:38:56.925+0000] {dagbag.py:588} INFO - Filling up the DagBag from /opt/conda/lib/python3.12/site-packages/airflow/example_dags/example_dynamic_task_mapping.py
[2025-02-07T13:38:56.933+0000] {processor.py:925} INFO - DAG(s) 'example_dynamic_task_mapping' retrieved from /opt/conda/lib/python3.12/site-packages/airflow/example_dags/example_dynamic_task_mapping.py
[2025-02-07T13:38:56.946+0000] {logging_mixin.py:190} INFO - [2025-02-07T13:38:56.946+0000] {dag.py:3239} INFO - Sync 1 DAGs
[2025-02-07T13:38:56.955+0000] {logging_mixin.py:190} INFO - [2025-02-07T13:38:56.955+0000] {dag.py:4180} INFO - Setting next_dagrun for example_dynamic_task_mapping to None, run_after=None
[2025-02-07T13:38:56.969+0000] {processor.py:208} INFO - Processing /opt/conda/lib/python3.12/site-packages/airflow/example_dags/example_dynamic_task_mapping.py took 0.052 seconds
[2025-02-07T13:39:57.820+0000] {processor.py:186} INFO - Started process (PID=515) to work on /opt/conda/lib/python3.12/site-packages/airflow/example_dags/example_dynamic_task_mapping.py
[2025-02-07T13:39:57.820+0000] {processor.py:914} INFO - Processing file /opt/conda/lib/python3.12/site-packages/airflow/example_dags/example_dynamic_task_mapping.py for tasks to queue
[2025-02-07T13:39:57.822+0000] {logging_mixin.py:190} INFO - [2025-02-07T13:39:57.822+0000] {dagbag.py:588} INFO - Filling up the DagBag from /opt/conda/lib/python3.12/site-packages/airflow/example_dags/example_dynamic_task_mapping.py
[2025-02-07T13:39:57.828+0000] {processor.py:925} INFO - DAG(s) 'example_dynamic_task_mapping' retrieved from /opt/conda/lib/python3.12/site-packages/airflow/example_dags/example_dynamic_task_mapping.py
[2025-02-07T13:39:57.840+0000] {logging_mixin.py:190} INFO - [2025-02-07T13:39:57.840+0000] {dag.py:3239} INFO - Sync 1 DAGs
[2025-02-07T13:39:57.849+0000] {logging_mixin.py:190} INFO - [2025-02-07T13:39:57.849+0000] {dag.py:4180} INFO - Setting next_dagrun for example_dynamic_task_mapping to None, run_after=None
[2025-02-07T13:39:57.864+0000] {processor.py:208} INFO - Processing /opt/conda/lib/python3.12/site-packages/airflow/example_dags/example_dynamic_task_mapping.py took 0.048 seconds
[2025-02-07T13:40:55.724+0000] {processor.py:186} INFO - Started process (PID=583) to work on /opt/conda/lib/python3.12/site-packages/airflow/example_dags/example_dynamic_task_mapping.py
[2025-02-07T13:40:55.725+0000] {processor.py:914} INFO - Processing file /opt/conda/lib/python3.12/site-packages/airflow/example_dags/example_dynamic_task_mapping.py for tasks to queue
[2025-02-07T13:40:55.727+0000] {logging_mixin.py:190} INFO - [2025-02-07T13:40:55.727+0000] {dagbag.py:588} INFO - Filling up the DagBag from /opt/conda/lib/python3.12/site-packages/airflow/example_dags/example_dynamic_task_mapping.py
[2025-02-07T13:40:55.735+0000] {processor.py:925} INFO - DAG(s) 'example_dynamic_task_mapping' retrieved from /opt/conda/lib/python3.12/site-packages/airflow/example_dags/example_dynamic_task_mapping.py
[2025-02-07T13:40:55.747+0000] {logging_mixin.py:190} INFO - [2025-02-07T13:40:55.747+0000] {dag.py:3239} INFO - Sync 1 DAGs
[2025-02-07T13:40:55.756+0000] {logging_mixin.py:190} INFO - [2025-02-07T13:40:55.756+0000] {dag.py:4180} INFO - Setting next_dagrun for example_dynamic_task_mapping to None, run_after=None
[2025-02-07T13:40:55.771+0000] {processor.py:208} INFO - Processing /opt/conda/lib/python3.12/site-packages/airflow/example_dags/example_dynamic_task_mapping.py took 0.053 seconds
[2025-02-07T13:41:54.680+0000] {processor.py:186} INFO - Started process (PID=651) to work on /opt/conda/lib/python3.12/site-packages/airflow/example_dags/example_dynamic_task_mapping.py
[2025-02-07T13:41:54.682+0000] {processor.py:914} INFO - Processing file /opt/conda/lib/python3.12/site-packages/airflow/example_dags/example_dynamic_task_mapping.py for tasks to queue
[2025-02-07T13:41:54.688+0000] {logging_mixin.py:190} INFO - [2025-02-07T13:41:54.688+0000] {dagbag.py:588} INFO - Filling up the DagBag from /opt/conda/lib/python3.12/site-packages/airflow/example_dags/example_dynamic_task_mapping.py
[2025-02-07T13:41:54.704+0000] {processor.py:925} INFO - DAG(s) 'example_dynamic_task_mapping' retrieved from /opt/conda/lib/python3.12/site-packages/airflow/example_dags/example_dynamic_task_mapping.py
[2025-02-07T13:41:54.720+0000] {logging_mixin.py:190} INFO - [2025-02-07T13:41:54.720+0000] {dag.py:3239} INFO - Sync 1 DAGs
[2025-02-07T13:41:54.739+0000] {logging_mixin.py:190} INFO - [2025-02-07T13:41:54.738+0000] {dag.py:4180} INFO - Setting next_dagrun for example_dynamic_task_mapping to None, run_after=None
[2025-02-07T13:41:54.757+0000] {processor.py:208} INFO - Processing /opt/conda/lib/python3.12/site-packages/airflow/example_dags/example_dynamic_task_mapping.py took 0.085 seconds
[2025-02-07T13:43:07.247+0000] {processor.py:186} INFO - Started process (PID=834) to work on /opt/conda/lib/python3.12/site-packages/airflow/example_dags/example_dynamic_task_mapping.py
[2025-02-07T13:43:07.248+0000] {processor.py:914} INFO - Processing file /opt/conda/lib/python3.12/site-packages/airflow/example_dags/example_dynamic_task_mapping.py for tasks to queue
[2025-02-07T13:43:07.250+0000] {logging_mixin.py:190} INFO - [2025-02-07T13:43:07.250+0000] {dagbag.py:588} INFO - Filling up the DagBag from /opt/conda/lib/python3.12/site-packages/airflow/example_dags/example_dynamic_task_mapping.py
[2025-02-07T13:43:07.258+0000] {processor.py:925} INFO - DAG(s) 'example_dynamic_task_mapping' retrieved from /opt/conda/lib/python3.12/site-packages/airflow/example_dags/example_dynamic_task_mapping.py
[2025-02-07T13:43:07.270+0000] {logging_mixin.py:190} INFO - [2025-02-07T13:43:07.270+0000] {dag.py:3239} INFO - Sync 1 DAGs
[2025-02-07T13:43:07.279+0000] {logging_mixin.py:190} INFO - [2025-02-07T13:43:07.279+0000] {dag.py:4180} INFO - Setting next_dagrun for example_dynamic_task_mapping to None, run_after=None
[2025-02-07T13:43:07.294+0000] {processor.py:208} INFO - Processing /opt/conda/lib/python3.12/site-packages/airflow/example_dags/example_dynamic_task_mapping.py took 0.055 seconds
[2025-02-07T13:44:36.400+0000] {processor.py:186} INFO - Started process (PID=1026) to work on /opt/conda/lib/python3.12/site-packages/airflow/example_dags/example_dynamic_task_mapping.py
[2025-02-07T13:44:36.401+0000] {processor.py:914} INFO - Processing file /opt/conda/lib/python3.12/site-packages/airflow/example_dags/example_dynamic_task_mapping.py for tasks to queue
[2025-02-07T13:44:36.404+0000] {logging_mixin.py:190} INFO - [2025-02-07T13:44:36.403+0000] {dagbag.py:588} INFO - Filling up the DagBag from /opt/conda/lib/python3.12/site-packages/airflow/example_dags/example_dynamic_task_mapping.py
[2025-02-07T13:44:36.413+0000] {processor.py:925} INFO - DAG(s) 'example_dynamic_task_mapping' retrieved from /opt/conda/lib/python3.12/site-packages/airflow/example_dags/example_dynamic_task_mapping.py
[2025-02-07T13:44:36.427+0000] {logging_mixin.py:190} INFO - [2025-02-07T13:44:36.427+0000] {dag.py:3239} INFO - Sync 1 DAGs
[2025-02-07T13:44:36.437+0000] {logging_mixin.py:190} INFO - [2025-02-07T13:44:36.437+0000] {dag.py:4180} INFO - Setting next_dagrun for example_dynamic_task_mapping to None, run_after=None
[2025-02-07T13:44:36.454+0000] {processor.py:208} INFO - Processing /opt/conda/lib/python3.12/site-packages/airflow/example_dags/example_dynamic_task_mapping.py took 0.060 seconds
[2025-02-07T13:46:13.318+0000] {processor.py:186} INFO - Started process (PID=1212) to work on /opt/conda/lib/python3.12/site-packages/airflow/example_dags/example_dynamic_task_mapping.py
[2025-02-07T13:46:13.319+0000] {processor.py:914} INFO - Processing file /opt/conda/lib/python3.12/site-packages/airflow/example_dags/example_dynamic_task_mapping.py for tasks to queue
[2025-02-07T13:46:13.320+0000] {logging_mixin.py:190} INFO - [2025-02-07T13:46:13.320+0000] {dagbag.py:588} INFO - Filling up the DagBag from /opt/conda/lib/python3.12/site-packages/airflow/example_dags/example_dynamic_task_mapping.py
[2025-02-07T13:46:13.326+0000] {processor.py:925} INFO - DAG(s) 'example_dynamic_task_mapping' retrieved from /opt/conda/lib/python3.12/site-packages/airflow/example_dags/example_dynamic_task_mapping.py
[2025-02-07T13:46:13.337+0000] {logging_mixin.py:190} INFO - [2025-02-07T13:46:13.337+0000] {dag.py:3239} INFO - Sync 1 DAGs
[2025-02-07T13:46:13.345+0000] {logging_mixin.py:190} INFO - [2025-02-07T13:46:13.345+0000] {dag.py:4180} INFO - Setting next_dagrun for example_dynamic_task_mapping to None, run_after=None
[2025-02-07T13:46:13.360+0000] {processor.py:208} INFO - Processing /opt/conda/lib/python3.12/site-packages/airflow/example_dags/example_dynamic_task_mapping.py took 0.048 seconds
[2025-02-07T14:05:32.319+0000] {processor.py:186} INFO - Started process (PID=1770) to work on /opt/conda/lib/python3.12/site-packages/airflow/example_dags/example_dynamic_task_mapping.py
[2025-02-07T14:05:32.323+0000] {processor.py:914} INFO - Processing file /opt/conda/lib/python3.12/site-packages/airflow/example_dags/example_dynamic_task_mapping.py for tasks to queue
[2025-02-07T14:05:32.330+0000] {logging_mixin.py:190} INFO - [2025-02-07T14:05:32.329+0000] {dagbag.py:588} INFO - Filling up the DagBag from /opt/conda/lib/python3.12/site-packages/airflow/example_dags/example_dynamic_task_mapping.py
[2025-02-07T14:05:32.339+0000] {processor.py:925} INFO - DAG(s) 'example_dynamic_task_mapping' retrieved from /opt/conda/lib/python3.12/site-packages/airflow/example_dags/example_dynamic_task_mapping.py
[2025-02-07T14:05:32.355+0000] {logging_mixin.py:190} INFO - [2025-02-07T14:05:32.355+0000] {dag.py:3239} INFO - Sync 1 DAGs
[2025-02-07T14:05:32.366+0000] {logging_mixin.py:190} INFO - [2025-02-07T14:05:32.366+0000] {dag.py:4180} INFO - Setting next_dagrun for example_dynamic_task_mapping to None, run_after=None
[2025-02-07T14:05:32.381+0000] {processor.py:208} INFO - Processing /opt/conda/lib/python3.12/site-packages/airflow/example_dags/example_dynamic_task_mapping.py took 0.082 seconds
[2025-02-07T14:06:35.102+0000] {processor.py:186} INFO - Started process (PID=1840) to work on /opt/conda/lib/python3.12/site-packages/airflow/example_dags/example_dynamic_task_mapping.py
[2025-02-07T14:06:35.106+0000] {processor.py:914} INFO - Processing file /opt/conda/lib/python3.12/site-packages/airflow/example_dags/example_dynamic_task_mapping.py for tasks to queue
[2025-02-07T14:06:35.107+0000] {logging_mixin.py:190} INFO - [2025-02-07T14:06:35.107+0000] {dagbag.py:588} INFO - Filling up the DagBag from /opt/conda/lib/python3.12/site-packages/airflow/example_dags/example_dynamic_task_mapping.py
[2025-02-07T14:06:35.114+0000] {processor.py:925} INFO - DAG(s) 'example_dynamic_task_mapping' retrieved from /opt/conda/lib/python3.12/site-packages/airflow/example_dags/example_dynamic_task_mapping.py
[2025-02-07T14:06:35.128+0000] {logging_mixin.py:190} INFO - [2025-02-07T14:06:35.127+0000] {dag.py:3239} INFO - Sync 1 DAGs
[2025-02-07T14:06:35.133+0000] {logging_mixin.py:190} INFO - [2025-02-07T14:06:35.133+0000] {dag.py:4180} INFO - Setting next_dagrun for example_dynamic_task_mapping to None, run_after=None
[2025-02-07T14:06:35.147+0000] {processor.py:208} INFO - Processing /opt/conda/lib/python3.12/site-packages/airflow/example_dags/example_dynamic_task_mapping.py took 0.061 seconds
[2025-02-07T14:08:16.817+0000] {processor.py:186} INFO - Started process (PID=2070) to work on /opt/conda/lib/python3.12/site-packages/airflow/example_dags/example_dynamic_task_mapping.py
[2025-02-07T14:08:16.821+0000] {processor.py:914} INFO - Processing file /opt/conda/lib/python3.12/site-packages/airflow/example_dags/example_dynamic_task_mapping.py for tasks to queue
[2025-02-07T14:08:16.822+0000] {logging_mixin.py:190} INFO - [2025-02-07T14:08:16.822+0000] {dagbag.py:588} INFO - Filling up the DagBag from /opt/conda/lib/python3.12/site-packages/airflow/example_dags/example_dynamic_task_mapping.py
[2025-02-07T14:08:16.844+0000] {processor.py:925} INFO - DAG(s) 'example_dynamic_task_mapping' retrieved from /opt/conda/lib/python3.12/site-packages/airflow/example_dags/example_dynamic_task_mapping.py
[2025-02-07T14:08:16.902+0000] {logging_mixin.py:190} INFO - [2025-02-07T14:08:16.901+0000] {dag.py:3239} INFO - Sync 1 DAGs
[2025-02-07T14:08:16.937+0000] {logging_mixin.py:190} INFO - [2025-02-07T14:08:16.937+0000] {dag.py:4180} INFO - Setting next_dagrun for example_dynamic_task_mapping to None, run_after=None
[2025-02-07T14:08:16.971+0000] {processor.py:208} INFO - Processing /opt/conda/lib/python3.12/site-packages/airflow/example_dags/example_dynamic_task_mapping.py took 0.168 seconds
