[2025-02-07T12:11:17.323+0000] {processor.py:186} INFO - Started process (PID=2464) to work on /opt/conda/lib/python3.12/site-packages/airflow/example_dags/example_external_task_marker_dag.py
[2025-02-07T12:11:17.324+0000] {processor.py:914} INFO - Processing file /opt/conda/lib/python3.12/site-packages/airflow/example_dags/example_external_task_marker_dag.py for tasks to queue
[2025-02-07T12:11:17.327+0000] {logging_mixin.py:190} INFO - [2025-02-07T12:11:17.327+0000] {dagbag.py:588} INFO - Filling up the DagBag from /opt/conda/lib/python3.12/site-packages/airflow/example_dags/example_external_task_marker_dag.py
[2025-02-07T12:11:17.334+0000] {processor.py:925} INFO - DAG(s) 'example_external_task_marker_parent', 'example_external_task_marker_child' retrieved from /opt/conda/lib/python3.12/site-packages/airflow/example_dags/example_external_task_marker_dag.py
[2025-02-07T12:11:17.350+0000] {logging_mixin.py:190} INFO - [2025-02-07T12:11:17.350+0000] {dag.py:3239} INFO - Sync 2 DAGs
[2025-02-07T12:11:17.358+0000] {logging_mixin.py:190} INFO - [2025-02-07T12:11:17.358+0000] {dag.py:4180} INFO - Setting next_dagrun for example_external_task_marker_child to None, run_after=None
[2025-02-07T12:11:17.361+0000] {logging_mixin.py:190} INFO - [2025-02-07T12:11:17.361+0000] {dag.py:4180} INFO - Setting next_dagrun for example_external_task_marker_parent to None, run_after=None
[2025-02-07T12:11:17.393+0000] {processor.py:208} INFO - Processing /opt/conda/lib/python3.12/site-packages/airflow/example_dags/example_external_task_marker_dag.py took 0.076 seconds
[2025-02-07T12:22:27.823+0000] {processor.py:186} INFO - Started process (PID=6118) to work on /opt/conda/lib/python3.12/site-packages/airflow/example_dags/example_external_task_marker_dag.py
[2025-02-07T12:22:27.825+0000] {processor.py:914} INFO - Processing file /opt/conda/lib/python3.12/site-packages/airflow/example_dags/example_external_task_marker_dag.py for tasks to queue
[2025-02-07T12:22:27.829+0000] {logging_mixin.py:190} INFO - [2025-02-07T12:22:27.828+0000] {dagbag.py:588} INFO - Filling up the DagBag from /opt/conda/lib/python3.12/site-packages/airflow/example_dags/example_external_task_marker_dag.py
[2025-02-07T12:22:27.842+0000] {processor.py:925} INFO - DAG(s) 'example_external_task_marker_parent', 'example_external_task_marker_child' retrieved from /opt/conda/lib/python3.12/site-packages/airflow/example_dags/example_external_task_marker_dag.py
[2025-02-07T12:22:27.880+0000] {logging_mixin.py:190} INFO - [2025-02-07T12:22:27.880+0000] {dag.py:3239} INFO - Sync 2 DAGs
[2025-02-07T12:22:27.897+0000] {logging_mixin.py:190} INFO - [2025-02-07T12:22:27.897+0000] {dag.py:4180} INFO - Setting next_dagrun for example_external_task_marker_child to None, run_after=None
[2025-02-07T12:22:27.901+0000] {logging_mixin.py:190} INFO - [2025-02-07T12:22:27.901+0000] {dag.py:4180} INFO - Setting next_dagrun for example_external_task_marker_parent to None, run_after=None
[2025-02-07T12:22:27.920+0000] {processor.py:208} INFO - Processing /opt/conda/lib/python3.12/site-packages/airflow/example_dags/example_external_task_marker_dag.py took 0.107 seconds
[2025-02-07T12:32:59.678+0000] {processor.py:186} INFO - Started process (PID=131) to work on /opt/conda/lib/python3.12/site-packages/airflow/example_dags/example_external_task_marker_dag.py
[2025-02-07T12:32:59.680+0000] {processor.py:914} INFO - Processing file /opt/conda/lib/python3.12/site-packages/airflow/example_dags/example_external_task_marker_dag.py for tasks to queue
[2025-02-07T12:32:59.685+0000] {logging_mixin.py:190} INFO - [2025-02-07T12:32:59.684+0000] {dagbag.py:588} INFO - Filling up the DagBag from /opt/conda/lib/python3.12/site-packages/airflow/example_dags/example_external_task_marker_dag.py
[2025-02-07T12:32:59.697+0000] {processor.py:925} INFO - DAG(s) 'example_external_task_marker_child', 'example_external_task_marker_parent' retrieved from /opt/conda/lib/python3.12/site-packages/airflow/example_dags/example_external_task_marker_dag.py
[2025-02-07T12:32:59.740+0000] {logging_mixin.py:190} INFO - [2025-02-07T12:32:59.739+0000] {dag.py:3239} INFO - Sync 2 DAGs
[2025-02-07T12:32:59.756+0000] {logging_mixin.py:190} INFO - [2025-02-07T12:32:59.756+0000] {dag.py:4180} INFO - Setting next_dagrun for example_external_task_marker_child to None, run_after=None
[2025-02-07T12:32:59.761+0000] {logging_mixin.py:190} INFO - [2025-02-07T12:32:59.761+0000] {dag.py:4180} INFO - Setting next_dagrun for example_external_task_marker_parent to None, run_after=None
[2025-02-07T12:32:59.806+0000] {processor.py:208} INFO - Processing /opt/conda/lib/python3.12/site-packages/airflow/example_dags/example_external_task_marker_dag.py took 0.137 seconds
[2025-02-07T12:36:49.177+0000] {processor.py:186} INFO - Started process (PID=109) to work on /opt/conda/lib/python3.12/site-packages/airflow/example_dags/example_external_task_marker_dag.py
[2025-02-07T12:36:49.178+0000] {processor.py:914} INFO - Processing file /opt/conda/lib/python3.12/site-packages/airflow/example_dags/example_external_task_marker_dag.py for tasks to queue
[2025-02-07T12:36:49.181+0000] {logging_mixin.py:190} INFO - [2025-02-07T12:36:49.180+0000] {dagbag.py:588} INFO - Filling up the DagBag from /opt/conda/lib/python3.12/site-packages/airflow/example_dags/example_external_task_marker_dag.py
[2025-02-07T12:36:49.188+0000] {processor.py:925} INFO - DAG(s) 'example_external_task_marker_child', 'example_external_task_marker_parent' retrieved from /opt/conda/lib/python3.12/site-packages/airflow/example_dags/example_external_task_marker_dag.py
[2025-02-07T12:36:49.209+0000] {logging_mixin.py:190} INFO - [2025-02-07T12:36:49.209+0000] {dag.py:3239} INFO - Sync 2 DAGs
[2025-02-07T12:36:49.226+0000] {logging_mixin.py:190} INFO - [2025-02-07T12:36:49.226+0000] {dag.py:4180} INFO - Setting next_dagrun for example_external_task_marker_child to None, run_after=None
[2025-02-07T12:36:49.230+0000] {logging_mixin.py:190} INFO - [2025-02-07T12:36:49.230+0000] {dag.py:4180} INFO - Setting next_dagrun for example_external_task_marker_parent to None, run_after=None
[2025-02-07T12:36:49.248+0000] {processor.py:208} INFO - Processing /opt/conda/lib/python3.12/site-packages/airflow/example_dags/example_external_task_marker_dag.py took 0.076 seconds
[2025-02-07T12:38:03.204+0000] {processor.py:186} INFO - Started process (PID=184) to work on /opt/conda/lib/python3.12/site-packages/airflow/example_dags/example_external_task_marker_dag.py
[2025-02-07T12:38:03.206+0000] {processor.py:914} INFO - Processing file /opt/conda/lib/python3.12/site-packages/airflow/example_dags/example_external_task_marker_dag.py for tasks to queue
[2025-02-07T12:38:03.208+0000] {logging_mixin.py:190} INFO - [2025-02-07T12:38:03.208+0000] {dagbag.py:588} INFO - Filling up the DagBag from /opt/conda/lib/python3.12/site-packages/airflow/example_dags/example_external_task_marker_dag.py
[2025-02-07T12:38:03.215+0000] {processor.py:925} INFO - DAG(s) 'example_external_task_marker_child', 'example_external_task_marker_parent' retrieved from /opt/conda/lib/python3.12/site-packages/airflow/example_dags/example_external_task_marker_dag.py
[2025-02-07T12:38:03.230+0000] {logging_mixin.py:190} INFO - [2025-02-07T12:38:03.230+0000] {dag.py:3239} INFO - Sync 2 DAGs
[2025-02-07T12:38:03.240+0000] {logging_mixin.py:190} INFO - [2025-02-07T12:38:03.240+0000] {dag.py:4180} INFO - Setting next_dagrun for example_external_task_marker_child to None, run_after=None
[2025-02-07T12:38:03.242+0000] {logging_mixin.py:190} INFO - [2025-02-07T12:38:03.242+0000] {dag.py:4180} INFO - Setting next_dagrun for example_external_task_marker_parent to None, run_after=None
[2025-02-07T12:38:03.256+0000] {processor.py:208} INFO - Processing /opt/conda/lib/python3.12/site-packages/airflow/example_dags/example_external_task_marker_dag.py took 0.060 seconds
[2025-02-07T12:39:02.952+0000] {processor.py:186} INFO - Started process (PID=253) to work on /opt/conda/lib/python3.12/site-packages/airflow/example_dags/example_external_task_marker_dag.py
[2025-02-07T12:39:02.954+0000] {processor.py:914} INFO - Processing file /opt/conda/lib/python3.12/site-packages/airflow/example_dags/example_external_task_marker_dag.py for tasks to queue
[2025-02-07T12:39:02.956+0000] {logging_mixin.py:190} INFO - [2025-02-07T12:39:02.955+0000] {dagbag.py:588} INFO - Filling up the DagBag from /opt/conda/lib/python3.12/site-packages/airflow/example_dags/example_external_task_marker_dag.py
[2025-02-07T12:39:02.964+0000] {processor.py:925} INFO - DAG(s) 'example_external_task_marker_child', 'example_external_task_marker_parent' retrieved from /opt/conda/lib/python3.12/site-packages/airflow/example_dags/example_external_task_marker_dag.py
[2025-02-07T12:39:02.981+0000] {logging_mixin.py:190} INFO - [2025-02-07T12:39:02.980+0000] {dag.py:3239} INFO - Sync 2 DAGs
[2025-02-07T12:39:02.991+0000] {logging_mixin.py:190} INFO - [2025-02-07T12:39:02.991+0000] {dag.py:4180} INFO - Setting next_dagrun for example_external_task_marker_child to None, run_after=None
[2025-02-07T12:39:02.993+0000] {logging_mixin.py:190} INFO - [2025-02-07T12:39:02.993+0000] {dag.py:4180} INFO - Setting next_dagrun for example_external_task_marker_parent to None, run_after=None
[2025-02-07T12:39:03.005+0000] {processor.py:208} INFO - Processing /opt/conda/lib/python3.12/site-packages/airflow/example_dags/example_external_task_marker_dag.py took 0.058 seconds
[2025-02-07T12:40:00.801+0000] {processor.py:186} INFO - Started process (PID=321) to work on /opt/conda/lib/python3.12/site-packages/airflow/example_dags/example_external_task_marker_dag.py
[2025-02-07T12:40:00.803+0000] {processor.py:914} INFO - Processing file /opt/conda/lib/python3.12/site-packages/airflow/example_dags/example_external_task_marker_dag.py for tasks to queue
[2025-02-07T12:40:00.804+0000] {logging_mixin.py:190} INFO - [2025-02-07T12:40:00.804+0000] {dagbag.py:588} INFO - Filling up the DagBag from /opt/conda/lib/python3.12/site-packages/airflow/example_dags/example_external_task_marker_dag.py
[2025-02-07T12:40:00.810+0000] {processor.py:925} INFO - DAG(s) 'example_external_task_marker_parent', 'example_external_task_marker_child' retrieved from /opt/conda/lib/python3.12/site-packages/airflow/example_dags/example_external_task_marker_dag.py
[2025-02-07T12:40:00.821+0000] {logging_mixin.py:190} INFO - [2025-02-07T12:40:00.821+0000] {dag.py:3239} INFO - Sync 2 DAGs
[2025-02-07T12:40:00.827+0000] {logging_mixin.py:190} INFO - [2025-02-07T12:40:00.827+0000] {dag.py:4180} INFO - Setting next_dagrun for example_external_task_marker_child to None, run_after=None
[2025-02-07T12:40:00.828+0000] {logging_mixin.py:190} INFO - [2025-02-07T12:40:00.828+0000] {dag.py:4180} INFO - Setting next_dagrun for example_external_task_marker_parent to None, run_after=None
[2025-02-07T12:40:00.838+0000] {processor.py:208} INFO - Processing /opt/conda/lib/python3.12/site-packages/airflow/example_dags/example_external_task_marker_dag.py took 0.042 seconds
[2025-02-07T12:41:00.240+0000] {processor.py:186} INFO - Started process (PID=390) to work on /opt/conda/lib/python3.12/site-packages/airflow/example_dags/example_external_task_marker_dag.py
[2025-02-07T12:41:00.242+0000] {processor.py:914} INFO - Processing file /opt/conda/lib/python3.12/site-packages/airflow/example_dags/example_external_task_marker_dag.py for tasks to queue
[2025-02-07T12:41:00.244+0000] {logging_mixin.py:190} INFO - [2025-02-07T12:41:00.243+0000] {dagbag.py:588} INFO - Filling up the DagBag from /opt/conda/lib/python3.12/site-packages/airflow/example_dags/example_external_task_marker_dag.py
[2025-02-07T12:41:00.251+0000] {processor.py:925} INFO - DAG(s) 'example_external_task_marker_child', 'example_external_task_marker_parent' retrieved from /opt/conda/lib/python3.12/site-packages/airflow/example_dags/example_external_task_marker_dag.py
[2025-02-07T12:41:00.265+0000] {logging_mixin.py:190} INFO - [2025-02-07T12:41:00.265+0000] {dag.py:3239} INFO - Sync 2 DAGs
[2025-02-07T12:41:00.272+0000] {logging_mixin.py:190} INFO - [2025-02-07T12:41:00.272+0000] {dag.py:4180} INFO - Setting next_dagrun for example_external_task_marker_child to None, run_after=None
[2025-02-07T12:41:00.275+0000] {logging_mixin.py:190} INFO - [2025-02-07T12:41:00.275+0000] {dag.py:4180} INFO - Setting next_dagrun for example_external_task_marker_parent to None, run_after=None
[2025-02-07T12:41:00.287+0000] {processor.py:208} INFO - Processing /opt/conda/lib/python3.12/site-packages/airflow/example_dags/example_external_task_marker_dag.py took 0.053 seconds
[2025-02-07T12:51:37.592+0000] {processor.py:186} INFO - Started process (PID=4243) to work on /opt/conda/lib/python3.12/site-packages/airflow/example_dags/example_external_task_marker_dag.py
[2025-02-07T12:51:37.593+0000] {processor.py:914} INFO - Processing file /opt/conda/lib/python3.12/site-packages/airflow/example_dags/example_external_task_marker_dag.py for tasks to queue
[2025-02-07T12:51:37.595+0000] {logging_mixin.py:190} INFO - [2025-02-07T12:51:37.595+0000] {dagbag.py:588} INFO - Filling up the DagBag from /opt/conda/lib/python3.12/site-packages/airflow/example_dags/example_external_task_marker_dag.py
[2025-02-07T12:51:37.602+0000] {processor.py:925} INFO - DAG(s) 'example_external_task_marker_parent', 'example_external_task_marker_child' retrieved from /opt/conda/lib/python3.12/site-packages/airflow/example_dags/example_external_task_marker_dag.py
[2025-02-07T12:51:37.615+0000] {logging_mixin.py:190} INFO - [2025-02-07T12:51:37.614+0000] {dag.py:3239} INFO - Sync 2 DAGs
[2025-02-07T12:51:37.623+0000] {logging_mixin.py:190} INFO - [2025-02-07T12:51:37.622+0000] {dag.py:4180} INFO - Setting next_dagrun for example_external_task_marker_child to None, run_after=None
[2025-02-07T12:51:37.625+0000] {logging_mixin.py:190} INFO - [2025-02-07T12:51:37.625+0000] {dag.py:4180} INFO - Setting next_dagrun for example_external_task_marker_parent to None, run_after=None
[2025-02-07T12:51:37.637+0000] {processor.py:208} INFO - Processing /opt/conda/lib/python3.12/site-packages/airflow/example_dags/example_external_task_marker_dag.py took 0.049 seconds
[2025-02-07T12:59:59.676+0000] {processor.py:186} INFO - Started process (PID=8041) to work on /opt/conda/lib/python3.12/site-packages/airflow/example_dags/example_external_task_marker_dag.py
[2025-02-07T12:59:59.677+0000] {processor.py:914} INFO - Processing file /opt/conda/lib/python3.12/site-packages/airflow/example_dags/example_external_task_marker_dag.py for tasks to queue
[2025-02-07T12:59:59.680+0000] {logging_mixin.py:190} INFO - [2025-02-07T12:59:59.680+0000] {dagbag.py:588} INFO - Filling up the DagBag from /opt/conda/lib/python3.12/site-packages/airflow/example_dags/example_external_task_marker_dag.py
[2025-02-07T12:59:59.690+0000] {processor.py:925} INFO - DAG(s) 'example_external_task_marker_parent', 'example_external_task_marker_child' retrieved from /opt/conda/lib/python3.12/site-packages/airflow/example_dags/example_external_task_marker_dag.py
[2025-02-07T12:59:59.706+0000] {logging_mixin.py:190} INFO - [2025-02-07T12:59:59.706+0000] {dag.py:3239} INFO - Sync 2 DAGs
[2025-02-07T12:59:59.717+0000] {logging_mixin.py:190} INFO - [2025-02-07T12:59:59.717+0000] {dag.py:4180} INFO - Setting next_dagrun for example_external_task_marker_child to None, run_after=None
[2025-02-07T12:59:59.719+0000] {logging_mixin.py:190} INFO - [2025-02-07T12:59:59.719+0000] {dag.py:4180} INFO - Setting next_dagrun for example_external_task_marker_parent to None, run_after=None
[2025-02-07T12:59:59.731+0000] {processor.py:208} INFO - Processing /opt/conda/lib/python3.12/site-packages/airflow/example_dags/example_external_task_marker_dag.py took 0.062 seconds
[2025-02-07T13:27:47.881+0000] {processor.py:186} INFO - Started process (PID=289) to work on /opt/conda/lib/python3.12/site-packages/airflow/example_dags/example_external_task_marker_dag.py
[2025-02-07T13:27:47.883+0000] {processor.py:914} INFO - Processing file /opt/conda/lib/python3.12/site-packages/airflow/example_dags/example_external_task_marker_dag.py for tasks to queue
[2025-02-07T13:27:47.885+0000] {logging_mixin.py:190} INFO - [2025-02-07T13:27:47.885+0000] {dagbag.py:588} INFO - Filling up the DagBag from /opt/conda/lib/python3.12/site-packages/airflow/example_dags/example_external_task_marker_dag.py
[2025-02-07T13:27:47.896+0000] {processor.py:925} INFO - DAG(s) 'example_external_task_marker_parent', 'example_external_task_marker_child' retrieved from /opt/conda/lib/python3.12/site-packages/airflow/example_dags/example_external_task_marker_dag.py
[2025-02-07T13:27:47.916+0000] {logging_mixin.py:190} INFO - [2025-02-07T13:27:47.916+0000] {dag.py:3239} INFO - Sync 2 DAGs
[2025-02-07T13:27:47.930+0000] {logging_mixin.py:190} INFO - [2025-02-07T13:27:47.930+0000] {dag.py:4180} INFO - Setting next_dagrun for example_external_task_marker_child to None, run_after=None
[2025-02-07T13:27:47.934+0000] {logging_mixin.py:190} INFO - [2025-02-07T13:27:47.933+0000] {dag.py:4180} INFO - Setting next_dagrun for example_external_task_marker_parent to None, run_after=None
[2025-02-07T13:27:47.951+0000] {processor.py:208} INFO - Processing /opt/conda/lib/python3.12/site-packages/airflow/example_dags/example_external_task_marker_dag.py took 0.075 seconds
[2025-02-07T13:29:26.531+0000] {processor.py:186} INFO - Started process (PID=381) to work on /opt/conda/lib/python3.12/site-packages/airflow/example_dags/example_external_task_marker_dag.py
[2025-02-07T13:29:26.535+0000] {processor.py:914} INFO - Processing file /opt/conda/lib/python3.12/site-packages/airflow/example_dags/example_external_task_marker_dag.py for tasks to queue
[2025-02-07T13:29:26.537+0000] {logging_mixin.py:190} INFO - [2025-02-07T13:29:26.537+0000] {dagbag.py:588} INFO - Filling up the DagBag from /opt/conda/lib/python3.12/site-packages/airflow/example_dags/example_external_task_marker_dag.py
[2025-02-07T13:29:26.544+0000] {processor.py:925} INFO - DAG(s) 'example_external_task_marker_parent', 'example_external_task_marker_child' retrieved from /opt/conda/lib/python3.12/site-packages/airflow/example_dags/example_external_task_marker_dag.py
[2025-02-07T13:29:26.561+0000] {logging_mixin.py:190} INFO - [2025-02-07T13:29:26.561+0000] {dag.py:3239} INFO - Sync 2 DAGs
[2025-02-07T13:29:26.569+0000] {logging_mixin.py:190} INFO - [2025-02-07T13:29:26.569+0000] {dag.py:4180} INFO - Setting next_dagrun for example_external_task_marker_child to None, run_after=None
[2025-02-07T13:29:26.571+0000] {logging_mixin.py:190} INFO - [2025-02-07T13:29:26.571+0000] {dag.py:4180} INFO - Setting next_dagrun for example_external_task_marker_parent to None, run_after=None
[2025-02-07T13:29:26.583+0000] {processor.py:208} INFO - Processing /opt/conda/lib/python3.12/site-packages/airflow/example_dags/example_external_task_marker_dag.py took 0.063 seconds
[2025-02-07T13:30:31.144+0000] {processor.py:186} INFO - Started process (PID=461) to work on /opt/conda/lib/python3.12/site-packages/airflow/example_dags/example_external_task_marker_dag.py
[2025-02-07T13:30:31.146+0000] {processor.py:914} INFO - Processing file /opt/conda/lib/python3.12/site-packages/airflow/example_dags/example_external_task_marker_dag.py for tasks to queue
[2025-02-07T13:30:31.149+0000] {logging_mixin.py:190} INFO - [2025-02-07T13:30:31.149+0000] {dagbag.py:588} INFO - Filling up the DagBag from /opt/conda/lib/python3.12/site-packages/airflow/example_dags/example_external_task_marker_dag.py
[2025-02-07T13:30:31.157+0000] {processor.py:925} INFO - DAG(s) 'example_external_task_marker_parent', 'example_external_task_marker_child' retrieved from /opt/conda/lib/python3.12/site-packages/airflow/example_dags/example_external_task_marker_dag.py
[2025-02-07T13:30:31.172+0000] {logging_mixin.py:190} INFO - [2025-02-07T13:30:31.172+0000] {dag.py:3239} INFO - Sync 2 DAGs
[2025-02-07T13:30:31.180+0000] {logging_mixin.py:190} INFO - [2025-02-07T13:30:31.180+0000] {dag.py:4180} INFO - Setting next_dagrun for example_external_task_marker_child to None, run_after=None
[2025-02-07T13:30:31.182+0000] {logging_mixin.py:190} INFO - [2025-02-07T13:30:31.182+0000] {dag.py:4180} INFO - Setting next_dagrun for example_external_task_marker_parent to None, run_after=None
[2025-02-07T13:30:31.196+0000] {processor.py:208} INFO - Processing /opt/conda/lib/python3.12/site-packages/airflow/example_dags/example_external_task_marker_dag.py took 0.062 seconds
[2025-02-07T13:33:50.340+0000] {processor.py:186} INFO - Started process (PID=437) to work on /opt/conda/lib/python3.12/site-packages/airflow/example_dags/example_external_task_marker_dag.py
[2025-02-07T13:33:50.341+0000] {processor.py:914} INFO - Processing file /opt/conda/lib/python3.12/site-packages/airflow/example_dags/example_external_task_marker_dag.py for tasks to queue
[2025-02-07T13:33:50.343+0000] {logging_mixin.py:190} INFO - [2025-02-07T13:33:50.343+0000] {dagbag.py:588} INFO - Filling up the DagBag from /opt/conda/lib/python3.12/site-packages/airflow/example_dags/example_external_task_marker_dag.py
[2025-02-07T13:33:50.350+0000] {processor.py:925} INFO - DAG(s) 'example_external_task_marker_child', 'example_external_task_marker_parent' retrieved from /opt/conda/lib/python3.12/site-packages/airflow/example_dags/example_external_task_marker_dag.py
[2025-02-07T13:33:50.366+0000] {logging_mixin.py:190} INFO - [2025-02-07T13:33:50.366+0000] {dag.py:3239} INFO - Sync 2 DAGs
[2025-02-07T13:33:50.375+0000] {logging_mixin.py:190} INFO - [2025-02-07T13:33:50.375+0000] {dag.py:4180} INFO - Setting next_dagrun for example_external_task_marker_child to None, run_after=None
[2025-02-07T13:33:50.377+0000] {logging_mixin.py:190} INFO - [2025-02-07T13:33:50.377+0000] {dag.py:4180} INFO - Setting next_dagrun for example_external_task_marker_parent to None, run_after=None
[2025-02-07T13:33:50.389+0000] {processor.py:208} INFO - Processing /opt/conda/lib/python3.12/site-packages/airflow/example_dags/example_external_task_marker_dag.py took 0.055 seconds
[2025-02-07T13:38:55.378+0000] {processor.py:186} INFO - Started process (PID=442) to work on /opt/conda/lib/python3.12/site-packages/airflow/example_dags/example_external_task_marker_dag.py
[2025-02-07T13:38:55.379+0000] {processor.py:914} INFO - Processing file /opt/conda/lib/python3.12/site-packages/airflow/example_dags/example_external_task_marker_dag.py for tasks to queue
[2025-02-07T13:38:55.382+0000] {logging_mixin.py:190} INFO - [2025-02-07T13:38:55.382+0000] {dagbag.py:588} INFO - Filling up the DagBag from /opt/conda/lib/python3.12/site-packages/airflow/example_dags/example_external_task_marker_dag.py
[2025-02-07T13:38:55.389+0000] {processor.py:925} INFO - DAG(s) 'example_external_task_marker_parent', 'example_external_task_marker_child' retrieved from /opt/conda/lib/python3.12/site-packages/airflow/example_dags/example_external_task_marker_dag.py
[2025-02-07T13:38:55.405+0000] {logging_mixin.py:190} INFO - [2025-02-07T13:38:55.405+0000] {dag.py:3239} INFO - Sync 2 DAGs
[2025-02-07T13:38:55.413+0000] {logging_mixin.py:190} INFO - [2025-02-07T13:38:55.413+0000] {dag.py:4180} INFO - Setting next_dagrun for example_external_task_marker_child to None, run_after=None
[2025-02-07T13:38:55.415+0000] {logging_mixin.py:190} INFO - [2025-02-07T13:38:55.415+0000] {dag.py:4180} INFO - Setting next_dagrun for example_external_task_marker_parent to None, run_after=None
[2025-02-07T13:38:55.431+0000] {processor.py:208} INFO - Processing /opt/conda/lib/python3.12/site-packages/airflow/example_dags/example_external_task_marker_dag.py took 0.057 seconds
[2025-02-07T13:39:56.178+0000] {processor.py:186} INFO - Started process (PID=513) to work on /opt/conda/lib/python3.12/site-packages/airflow/example_dags/example_external_task_marker_dag.py
[2025-02-07T13:39:56.178+0000] {processor.py:914} INFO - Processing file /opt/conda/lib/python3.12/site-packages/airflow/example_dags/example_external_task_marker_dag.py for tasks to queue
[2025-02-07T13:39:56.180+0000] {logging_mixin.py:190} INFO - [2025-02-07T13:39:56.180+0000] {dagbag.py:588} INFO - Filling up the DagBag from /opt/conda/lib/python3.12/site-packages/airflow/example_dags/example_external_task_marker_dag.py
[2025-02-07T13:39:56.186+0000] {processor.py:925} INFO - DAG(s) 'example_external_task_marker_parent', 'example_external_task_marker_child' retrieved from /opt/conda/lib/python3.12/site-packages/airflow/example_dags/example_external_task_marker_dag.py
[2025-02-07T13:39:56.198+0000] {logging_mixin.py:190} INFO - [2025-02-07T13:39:56.198+0000] {dag.py:3239} INFO - Sync 2 DAGs
[2025-02-07T13:39:56.207+0000] {logging_mixin.py:190} INFO - [2025-02-07T13:39:56.207+0000] {dag.py:4180} INFO - Setting next_dagrun for example_external_task_marker_child to None, run_after=None
[2025-02-07T13:39:56.209+0000] {logging_mixin.py:190} INFO - [2025-02-07T13:39:56.209+0000] {dag.py:4180} INFO - Setting next_dagrun for example_external_task_marker_parent to None, run_after=None
[2025-02-07T13:39:56.223+0000] {processor.py:208} INFO - Processing /opt/conda/lib/python3.12/site-packages/airflow/example_dags/example_external_task_marker_dag.py took 0.049 seconds
[2025-02-07T13:40:54.017+0000] {processor.py:186} INFO - Started process (PID=581) to work on /opt/conda/lib/python3.12/site-packages/airflow/example_dags/example_external_task_marker_dag.py
[2025-02-07T13:40:54.018+0000] {processor.py:914} INFO - Processing file /opt/conda/lib/python3.12/site-packages/airflow/example_dags/example_external_task_marker_dag.py for tasks to queue
[2025-02-07T13:40:54.020+0000] {logging_mixin.py:190} INFO - [2025-02-07T13:40:54.020+0000] {dagbag.py:588} INFO - Filling up the DagBag from /opt/conda/lib/python3.12/site-packages/airflow/example_dags/example_external_task_marker_dag.py
[2025-02-07T13:40:54.028+0000] {processor.py:925} INFO - DAG(s) 'example_external_task_marker_parent', 'example_external_task_marker_child' retrieved from /opt/conda/lib/python3.12/site-packages/airflow/example_dags/example_external_task_marker_dag.py
[2025-02-07T13:40:54.050+0000] {logging_mixin.py:190} INFO - [2025-02-07T13:40:54.049+0000] {dag.py:3239} INFO - Sync 2 DAGs
[2025-02-07T13:40:54.058+0000] {logging_mixin.py:190} INFO - [2025-02-07T13:40:54.058+0000] {dag.py:4180} INFO - Setting next_dagrun for example_external_task_marker_child to None, run_after=None
[2025-02-07T13:40:54.060+0000] {logging_mixin.py:190} INFO - [2025-02-07T13:40:54.060+0000] {dag.py:4180} INFO - Setting next_dagrun for example_external_task_marker_parent to None, run_after=None
[2025-02-07T13:40:54.071+0000] {processor.py:208} INFO - Processing /opt/conda/lib/python3.12/site-packages/airflow/example_dags/example_external_task_marker_dag.py took 0.059 seconds
[2025-02-07T13:41:52.349+0000] {processor.py:186} INFO - Started process (PID=649) to work on /opt/conda/lib/python3.12/site-packages/airflow/example_dags/example_external_task_marker_dag.py
[2025-02-07T13:41:52.350+0000] {processor.py:914} INFO - Processing file /opt/conda/lib/python3.12/site-packages/airflow/example_dags/example_external_task_marker_dag.py for tasks to queue
[2025-02-07T13:41:52.352+0000] {logging_mixin.py:190} INFO - [2025-02-07T13:41:52.352+0000] {dagbag.py:588} INFO - Filling up the DagBag from /opt/conda/lib/python3.12/site-packages/airflow/example_dags/example_external_task_marker_dag.py
[2025-02-07T13:41:52.359+0000] {processor.py:925} INFO - DAG(s) 'example_external_task_marker_child', 'example_external_task_marker_parent' retrieved from /opt/conda/lib/python3.12/site-packages/airflow/example_dags/example_external_task_marker_dag.py
[2025-02-07T13:41:52.372+0000] {logging_mixin.py:190} INFO - [2025-02-07T13:41:52.372+0000] {dag.py:3239} INFO - Sync 2 DAGs
[2025-02-07T13:41:52.380+0000] {logging_mixin.py:190} INFO - [2025-02-07T13:41:52.380+0000] {dag.py:4180} INFO - Setting next_dagrun for example_external_task_marker_child to None, run_after=None
[2025-02-07T13:41:52.382+0000] {logging_mixin.py:190} INFO - [2025-02-07T13:41:52.382+0000] {dag.py:4180} INFO - Setting next_dagrun for example_external_task_marker_parent to None, run_after=None
[2025-02-07T13:41:52.395+0000] {processor.py:208} INFO - Processing /opt/conda/lib/python3.12/site-packages/airflow/example_dags/example_external_task_marker_dag.py took 0.053 seconds
[2025-02-07T13:43:06.698+0000] {processor.py:186} INFO - Started process (PID=832) to work on /opt/conda/lib/python3.12/site-packages/airflow/example_dags/example_external_task_marker_dag.py
[2025-02-07T13:43:06.699+0000] {processor.py:914} INFO - Processing file /opt/conda/lib/python3.12/site-packages/airflow/example_dags/example_external_task_marker_dag.py for tasks to queue
[2025-02-07T13:43:06.702+0000] {logging_mixin.py:190} INFO - [2025-02-07T13:43:06.701+0000] {dagbag.py:588} INFO - Filling up the DagBag from /opt/conda/lib/python3.12/site-packages/airflow/example_dags/example_external_task_marker_dag.py
[2025-02-07T13:43:06.710+0000] {processor.py:925} INFO - DAG(s) 'example_external_task_marker_child', 'example_external_task_marker_parent' retrieved from /opt/conda/lib/python3.12/site-packages/airflow/example_dags/example_external_task_marker_dag.py
[2025-02-07T13:43:06.726+0000] {logging_mixin.py:190} INFO - [2025-02-07T13:43:06.726+0000] {dag.py:3239} INFO - Sync 2 DAGs
[2025-02-07T13:43:06.735+0000] {logging_mixin.py:190} INFO - [2025-02-07T13:43:06.735+0000] {dag.py:4180} INFO - Setting next_dagrun for example_external_task_marker_child to None, run_after=None
[2025-02-07T13:43:06.737+0000] {logging_mixin.py:190} INFO - [2025-02-07T13:43:06.737+0000] {dag.py:4180} INFO - Setting next_dagrun for example_external_task_marker_parent to None, run_after=None
[2025-02-07T13:43:06.750+0000] {processor.py:208} INFO - Processing /opt/conda/lib/python3.12/site-packages/airflow/example_dags/example_external_task_marker_dag.py took 0.061 seconds
[2025-02-07T13:44:34.103+0000] {processor.py:186} INFO - Started process (PID=1024) to work on /opt/conda/lib/python3.12/site-packages/airflow/example_dags/example_external_task_marker_dag.py
[2025-02-07T13:44:34.104+0000] {processor.py:914} INFO - Processing file /opt/conda/lib/python3.12/site-packages/airflow/example_dags/example_external_task_marker_dag.py for tasks to queue
[2025-02-07T13:44:34.108+0000] {logging_mixin.py:190} INFO - [2025-02-07T13:44:34.107+0000] {dagbag.py:588} INFO - Filling up the DagBag from /opt/conda/lib/python3.12/site-packages/airflow/example_dags/example_external_task_marker_dag.py
[2025-02-07T13:44:34.116+0000] {processor.py:925} INFO - DAG(s) 'example_external_task_marker_child', 'example_external_task_marker_parent' retrieved from /opt/conda/lib/python3.12/site-packages/airflow/example_dags/example_external_task_marker_dag.py
[2025-02-07T13:44:34.131+0000] {logging_mixin.py:190} INFO - [2025-02-07T13:44:34.131+0000] {dag.py:3239} INFO - Sync 2 DAGs
[2025-02-07T13:44:34.140+0000] {logging_mixin.py:190} INFO - [2025-02-07T13:44:34.140+0000] {dag.py:4180} INFO - Setting next_dagrun for example_external_task_marker_child to None, run_after=None
[2025-02-07T13:44:34.143+0000] {logging_mixin.py:190} INFO - [2025-02-07T13:44:34.142+0000] {dag.py:4180} INFO - Setting next_dagrun for example_external_task_marker_parent to None, run_after=None
[2025-02-07T13:44:34.159+0000] {processor.py:208} INFO - Processing /opt/conda/lib/python3.12/site-packages/airflow/example_dags/example_external_task_marker_dag.py took 0.064 seconds
[2025-02-07T13:46:11.373+0000] {processor.py:186} INFO - Started process (PID=1210) to work on /opt/conda/lib/python3.12/site-packages/airflow/example_dags/example_external_task_marker_dag.py
[2025-02-07T13:46:11.374+0000] {processor.py:914} INFO - Processing file /opt/conda/lib/python3.12/site-packages/airflow/example_dags/example_external_task_marker_dag.py for tasks to queue
[2025-02-07T13:46:11.376+0000] {logging_mixin.py:190} INFO - [2025-02-07T13:46:11.376+0000] {dagbag.py:588} INFO - Filling up the DagBag from /opt/conda/lib/python3.12/site-packages/airflow/example_dags/example_external_task_marker_dag.py
[2025-02-07T13:46:11.386+0000] {processor.py:925} INFO - DAG(s) 'example_external_task_marker_child', 'example_external_task_marker_parent' retrieved from /opt/conda/lib/python3.12/site-packages/airflow/example_dags/example_external_task_marker_dag.py
[2025-02-07T13:46:11.399+0000] {logging_mixin.py:190} INFO - [2025-02-07T13:46:11.399+0000] {dag.py:3239} INFO - Sync 2 DAGs
[2025-02-07T13:46:11.409+0000] {logging_mixin.py:190} INFO - [2025-02-07T13:46:11.408+0000] {dag.py:4180} INFO - Setting next_dagrun for example_external_task_marker_child to None, run_after=None
[2025-02-07T13:46:11.412+0000] {logging_mixin.py:190} INFO - [2025-02-07T13:46:11.411+0000] {dag.py:4180} INFO - Setting next_dagrun for example_external_task_marker_parent to None, run_after=None
[2025-02-07T13:46:11.425+0000] {processor.py:208} INFO - Processing /opt/conda/lib/python3.12/site-packages/airflow/example_dags/example_external_task_marker_dag.py took 0.060 seconds
[2025-02-07T14:05:29.830+0000] {processor.py:186} INFO - Started process (PID=1768) to work on /opt/conda/lib/python3.12/site-packages/airflow/example_dags/example_external_task_marker_dag.py
[2025-02-07T14:05:29.836+0000] {processor.py:914} INFO - Processing file /opt/conda/lib/python3.12/site-packages/airflow/example_dags/example_external_task_marker_dag.py for tasks to queue
[2025-02-07T14:05:29.839+0000] {logging_mixin.py:190} INFO - [2025-02-07T14:05:29.837+0000] {dagbag.py:588} INFO - Filling up the DagBag from /opt/conda/lib/python3.12/site-packages/airflow/example_dags/example_external_task_marker_dag.py
[2025-02-07T14:05:29.853+0000] {processor.py:925} INFO - DAG(s) 'example_external_task_marker_parent', 'example_external_task_marker_child' retrieved from /opt/conda/lib/python3.12/site-packages/airflow/example_dags/example_external_task_marker_dag.py
[2025-02-07T14:05:29.903+0000] {logging_mixin.py:190} INFO - [2025-02-07T14:05:29.903+0000] {dag.py:3239} INFO - Sync 2 DAGs
[2025-02-07T14:05:29.940+0000] {logging_mixin.py:190} INFO - [2025-02-07T14:05:29.939+0000] {dag.py:4180} INFO - Setting next_dagrun for example_external_task_marker_child to None, run_after=None
[2025-02-07T14:05:29.945+0000] {logging_mixin.py:190} INFO - [2025-02-07T14:05:29.944+0000] {dag.py:4180} INFO - Setting next_dagrun for example_external_task_marker_parent to None, run_after=None
[2025-02-07T14:05:30.003+0000] {processor.py:208} INFO - Processing /opt/conda/lib/python3.12/site-packages/airflow/example_dags/example_external_task_marker_dag.py took 0.204 seconds
[2025-02-07T14:06:33.376+0000] {processor.py:186} INFO - Started process (PID=1838) to work on /opt/conda/lib/python3.12/site-packages/airflow/example_dags/example_external_task_marker_dag.py
[2025-02-07T14:06:33.377+0000] {processor.py:914} INFO - Processing file /opt/conda/lib/python3.12/site-packages/airflow/example_dags/example_external_task_marker_dag.py for tasks to queue
[2025-02-07T14:06:33.378+0000] {logging_mixin.py:190} INFO - [2025-02-07T14:06:33.378+0000] {dagbag.py:588} INFO - Filling up the DagBag from /opt/conda/lib/python3.12/site-packages/airflow/example_dags/example_external_task_marker_dag.py
[2025-02-07T14:06:33.383+0000] {processor.py:925} INFO - DAG(s) 'example_external_task_marker_parent', 'example_external_task_marker_child' retrieved from /opt/conda/lib/python3.12/site-packages/airflow/example_dags/example_external_task_marker_dag.py
[2025-02-07T14:06:33.398+0000] {logging_mixin.py:190} INFO - [2025-02-07T14:06:33.398+0000] {dag.py:3239} INFO - Sync 2 DAGs
[2025-02-07T14:06:33.408+0000] {logging_mixin.py:190} INFO - [2025-02-07T14:06:33.408+0000] {dag.py:4180} INFO - Setting next_dagrun for example_external_task_marker_child to None, run_after=None
[2025-02-07T14:06:33.411+0000] {logging_mixin.py:190} INFO - [2025-02-07T14:06:33.410+0000] {dag.py:4180} INFO - Setting next_dagrun for example_external_task_marker_parent to None, run_after=None
[2025-02-07T14:06:33.425+0000] {processor.py:208} INFO - Processing /opt/conda/lib/python3.12/site-packages/airflow/example_dags/example_external_task_marker_dag.py took 0.056 seconds
[2025-02-07T14:07:57.443+0000] {processor.py:186} INFO - Started process (PID=2024) to work on /opt/conda/lib/python3.12/site-packages/airflow/example_dags/example_external_task_marker_dag.py
[2025-02-07T14:07:57.452+0000] {processor.py:914} INFO - Processing file /opt/conda/lib/python3.12/site-packages/airflow/example_dags/example_external_task_marker_dag.py for tasks to queue
[2025-02-07T14:07:57.460+0000] {logging_mixin.py:190} INFO - [2025-02-07T14:07:57.458+0000] {dagbag.py:588} INFO - Filling up the DagBag from /opt/conda/lib/python3.12/site-packages/airflow/example_dags/example_external_task_marker_dag.py
[2025-02-07T14:07:57.479+0000] {processor.py:925} INFO - DAG(s) 'example_external_task_marker_child', 'example_external_task_marker_parent' retrieved from /opt/conda/lib/python3.12/site-packages/airflow/example_dags/example_external_task_marker_dag.py
[2025-02-07T14:07:57.543+0000] {logging_mixin.py:190} INFO - [2025-02-07T14:07:57.543+0000] {dag.py:3239} INFO - Sync 2 DAGs
[2025-02-07T14:07:57.586+0000] {logging_mixin.py:190} INFO - [2025-02-07T14:07:57.583+0000] {dag.py:4180} INFO - Setting next_dagrun for example_external_task_marker_child to None, run_after=None
[2025-02-07T14:07:57.597+0000] {logging_mixin.py:190} INFO - [2025-02-07T14:07:57.596+0000] {dag.py:4180} INFO - Setting next_dagrun for example_external_task_marker_parent to None, run_after=None
[2025-02-07T14:07:57.725+0000] {processor.py:208} INFO - Processing /opt/conda/lib/python3.12/site-packages/airflow/example_dags/example_external_task_marker_dag.py took 0.294 seconds
