[2025-02-07T12:11:52.353+0000] {processor.py:186} INFO - Started process (PID=2643) to work on /opt/conda/lib/python3.12/site-packages/airflow/example_dags/example_dynamic_task_mapping_with_no_taskflow_operators.py
[2025-02-07T12:11:52.355+0000] {processor.py:914} INFO - Processing file /opt/conda/lib/python3.12/site-packages/airflow/example_dags/example_dynamic_task_mapping_with_no_taskflow_operators.py for tasks to queue
[2025-02-07T12:11:52.360+0000] {logging_mixin.py:190} INFO - [2025-02-07T12:11:52.359+0000] {dagbag.py:588} INFO - Filling up the DagBag from /opt/conda/lib/python3.12/site-packages/airflow/example_dags/example_dynamic_task_mapping_with_no_taskflow_operators.py
[2025-02-07T12:11:52.412+0000] {processor.py:925} INFO - DAG(s) 'example_dynamic_task_mapping_with_no_taskflow_operators' retrieved from /opt/conda/lib/python3.12/site-packages/airflow/example_dags/example_dynamic_task_mapping_with_no_taskflow_operators.py
[2025-02-07T12:11:52.440+0000] {logging_mixin.py:190} INFO - [2025-02-07T12:11:52.440+0000] {dag.py:3239} INFO - Sync 1 DAGs
[2025-02-07T12:11:52.455+0000] {logging_mixin.py:190} INFO - [2025-02-07T12:11:52.454+0000] {dag.py:4180} INFO - Setting next_dagrun for example_dynamic_task_mapping_with_no_taskflow_operators to None, run_after=None
[2025-02-07T12:11:52.506+0000] {processor.py:208} INFO - Processing /opt/conda/lib/python3.12/site-packages/airflow/example_dags/example_dynamic_task_mapping_with_no_taskflow_operators.py took 0.160 seconds
[2025-02-07T12:33:03.466+0000] {processor.py:186} INFO - Started process (PID=134) to work on /opt/conda/lib/python3.12/site-packages/airflow/example_dags/example_dynamic_task_mapping_with_no_taskflow_operators.py
[2025-02-07T12:33:03.467+0000] {processor.py:914} INFO - Processing file /opt/conda/lib/python3.12/site-packages/airflow/example_dags/example_dynamic_task_mapping_with_no_taskflow_operators.py for tasks to queue
[2025-02-07T12:33:03.471+0000] {logging_mixin.py:190} INFO - [2025-02-07T12:33:03.470+0000] {dagbag.py:588} INFO - Filling up the DagBag from /opt/conda/lib/python3.12/site-packages/airflow/example_dags/example_dynamic_task_mapping_with_no_taskflow_operators.py
[2025-02-07T12:33:03.480+0000] {processor.py:925} INFO - DAG(s) 'example_dynamic_task_mapping_with_no_taskflow_operators' retrieved from /opt/conda/lib/python3.12/site-packages/airflow/example_dags/example_dynamic_task_mapping_with_no_taskflow_operators.py
[2025-02-07T12:33:03.503+0000] {logging_mixin.py:190} INFO - [2025-02-07T12:33:03.503+0000] {dag.py:3239} INFO - Sync 1 DAGs
[2025-02-07T12:33:03.515+0000] {logging_mixin.py:190} INFO - [2025-02-07T12:33:03.514+0000] {dag.py:4180} INFO - Setting next_dagrun for example_dynamic_task_mapping_with_no_taskflow_operators to None, run_after=None
[2025-02-07T12:33:03.535+0000] {processor.py:208} INFO - Processing /opt/conda/lib/python3.12/site-packages/airflow/example_dags/example_dynamic_task_mapping_with_no_taskflow_operators.py took 0.077 seconds
[2025-02-07T12:36:52.098+0000] {processor.py:186} INFO - Started process (PID=112) to work on /opt/conda/lib/python3.12/site-packages/airflow/example_dags/example_dynamic_task_mapping_with_no_taskflow_operators.py
[2025-02-07T12:36:52.100+0000] {processor.py:914} INFO - Processing file /opt/conda/lib/python3.12/site-packages/airflow/example_dags/example_dynamic_task_mapping_with_no_taskflow_operators.py for tasks to queue
[2025-02-07T12:36:52.103+0000] {logging_mixin.py:190} INFO - [2025-02-07T12:36:52.103+0000] {dagbag.py:588} INFO - Filling up the DagBag from /opt/conda/lib/python3.12/site-packages/airflow/example_dags/example_dynamic_task_mapping_with_no_taskflow_operators.py
[2025-02-07T12:36:52.115+0000] {processor.py:925} INFO - DAG(s) 'example_dynamic_task_mapping_with_no_taskflow_operators' retrieved from /opt/conda/lib/python3.12/site-packages/airflow/example_dags/example_dynamic_task_mapping_with_no_taskflow_operators.py
[2025-02-07T12:36:52.134+0000] {logging_mixin.py:190} INFO - [2025-02-07T12:36:52.133+0000] {dag.py:3239} INFO - Sync 1 DAGs
[2025-02-07T12:36:52.146+0000] {logging_mixin.py:190} INFO - [2025-02-07T12:36:52.145+0000] {dag.py:4180} INFO - Setting next_dagrun for example_dynamic_task_mapping_with_no_taskflow_operators to None, run_after=None
[2025-02-07T12:36:52.174+0000] {processor.py:208} INFO - Processing /opt/conda/lib/python3.12/site-packages/airflow/example_dags/example_dynamic_task_mapping_with_no_taskflow_operators.py took 0.082 seconds
[2025-02-07T12:38:06.100+0000] {processor.py:186} INFO - Started process (PID=187) to work on /opt/conda/lib/python3.12/site-packages/airflow/example_dags/example_dynamic_task_mapping_with_no_taskflow_operators.py
[2025-02-07T12:38:06.101+0000] {processor.py:914} INFO - Processing file /opt/conda/lib/python3.12/site-packages/airflow/example_dags/example_dynamic_task_mapping_with_no_taskflow_operators.py for tasks to queue
[2025-02-07T12:38:06.103+0000] {logging_mixin.py:190} INFO - [2025-02-07T12:38:06.103+0000] {dagbag.py:588} INFO - Filling up the DagBag from /opt/conda/lib/python3.12/site-packages/airflow/example_dags/example_dynamic_task_mapping_with_no_taskflow_operators.py
[2025-02-07T12:38:06.108+0000] {processor.py:925} INFO - DAG(s) 'example_dynamic_task_mapping_with_no_taskflow_operators' retrieved from /opt/conda/lib/python3.12/site-packages/airflow/example_dags/example_dynamic_task_mapping_with_no_taskflow_operators.py
[2025-02-07T12:38:06.118+0000] {logging_mixin.py:190} INFO - [2025-02-07T12:38:06.118+0000] {dag.py:3239} INFO - Sync 1 DAGs
[2025-02-07T12:38:06.126+0000] {logging_mixin.py:190} INFO - [2025-02-07T12:38:06.126+0000] {dag.py:4180} INFO - Setting next_dagrun for example_dynamic_task_mapping_with_no_taskflow_operators to None, run_after=None
[2025-02-07T12:38:06.139+0000] {processor.py:208} INFO - Processing /opt/conda/lib/python3.12/site-packages/airflow/example_dags/example_dynamic_task_mapping_with_no_taskflow_operators.py took 0.046 seconds
[2025-02-07T12:39:05.678+0000] {processor.py:186} INFO - Started process (PID=256) to work on /opt/conda/lib/python3.12/site-packages/airflow/example_dags/example_dynamic_task_mapping_with_no_taskflow_operators.py
[2025-02-07T12:39:05.679+0000] {processor.py:914} INFO - Processing file /opt/conda/lib/python3.12/site-packages/airflow/example_dags/example_dynamic_task_mapping_with_no_taskflow_operators.py for tasks to queue
[2025-02-07T12:39:05.681+0000] {logging_mixin.py:190} INFO - [2025-02-07T12:39:05.680+0000] {dagbag.py:588} INFO - Filling up the DagBag from /opt/conda/lib/python3.12/site-packages/airflow/example_dags/example_dynamic_task_mapping_with_no_taskflow_operators.py
[2025-02-07T12:39:05.688+0000] {processor.py:925} INFO - DAG(s) 'example_dynamic_task_mapping_with_no_taskflow_operators' retrieved from /opt/conda/lib/python3.12/site-packages/airflow/example_dags/example_dynamic_task_mapping_with_no_taskflow_operators.py
[2025-02-07T12:39:05.700+0000] {logging_mixin.py:190} INFO - [2025-02-07T12:39:05.700+0000] {dag.py:3239} INFO - Sync 1 DAGs
[2025-02-07T12:39:05.709+0000] {logging_mixin.py:190} INFO - [2025-02-07T12:39:05.709+0000] {dag.py:4180} INFO - Setting next_dagrun for example_dynamic_task_mapping_with_no_taskflow_operators to None, run_after=None
[2025-02-07T12:39:05.723+0000] {processor.py:208} INFO - Processing /opt/conda/lib/python3.12/site-packages/airflow/example_dags/example_dynamic_task_mapping_with_no_taskflow_operators.py took 0.051 seconds
[2025-02-07T12:40:03.510+0000] {processor.py:186} INFO - Started process (PID=324) to work on /opt/conda/lib/python3.12/site-packages/airflow/example_dags/example_dynamic_task_mapping_with_no_taskflow_operators.py
[2025-02-07T12:40:03.511+0000] {processor.py:914} INFO - Processing file /opt/conda/lib/python3.12/site-packages/airflow/example_dags/example_dynamic_task_mapping_with_no_taskflow_operators.py for tasks to queue
[2025-02-07T12:40:03.513+0000] {logging_mixin.py:190} INFO - [2025-02-07T12:40:03.513+0000] {dagbag.py:588} INFO - Filling up the DagBag from /opt/conda/lib/python3.12/site-packages/airflow/example_dags/example_dynamic_task_mapping_with_no_taskflow_operators.py
[2025-02-07T12:40:03.520+0000] {processor.py:925} INFO - DAG(s) 'example_dynamic_task_mapping_with_no_taskflow_operators' retrieved from /opt/conda/lib/python3.12/site-packages/airflow/example_dags/example_dynamic_task_mapping_with_no_taskflow_operators.py
[2025-02-07T12:40:03.533+0000] {logging_mixin.py:190} INFO - [2025-02-07T12:40:03.533+0000] {dag.py:3239} INFO - Sync 1 DAGs
[2025-02-07T12:40:03.544+0000] {logging_mixin.py:190} INFO - [2025-02-07T12:40:03.544+0000] {dag.py:4180} INFO - Setting next_dagrun for example_dynamic_task_mapping_with_no_taskflow_operators to None, run_after=None
[2025-02-07T12:40:03.565+0000] {processor.py:208} INFO - Processing /opt/conda/lib/python3.12/site-packages/airflow/example_dags/example_dynamic_task_mapping_with_no_taskflow_operators.py took 0.060 seconds
[2025-02-07T12:41:03.503+0000] {processor.py:186} INFO - Started process (PID=393) to work on /opt/conda/lib/python3.12/site-packages/airflow/example_dags/example_dynamic_task_mapping_with_no_taskflow_operators.py
[2025-02-07T12:41:03.504+0000] {processor.py:914} INFO - Processing file /opt/conda/lib/python3.12/site-packages/airflow/example_dags/example_dynamic_task_mapping_with_no_taskflow_operators.py for tasks to queue
[2025-02-07T12:41:03.506+0000] {logging_mixin.py:190} INFO - [2025-02-07T12:41:03.506+0000] {dagbag.py:588} INFO - Filling up the DagBag from /opt/conda/lib/python3.12/site-packages/airflow/example_dags/example_dynamic_task_mapping_with_no_taskflow_operators.py
[2025-02-07T12:41:03.513+0000] {processor.py:925} INFO - DAG(s) 'example_dynamic_task_mapping_with_no_taskflow_operators' retrieved from /opt/conda/lib/python3.12/site-packages/airflow/example_dags/example_dynamic_task_mapping_with_no_taskflow_operators.py
[2025-02-07T12:41:03.524+0000] {logging_mixin.py:190} INFO - [2025-02-07T12:41:03.524+0000] {dag.py:3239} INFO - Sync 1 DAGs
[2025-02-07T12:41:03.532+0000] {logging_mixin.py:190} INFO - [2025-02-07T12:41:03.532+0000] {dag.py:4180} INFO - Setting next_dagrun for example_dynamic_task_mapping_with_no_taskflow_operators to None, run_after=None
[2025-02-07T12:41:03.545+0000] {processor.py:208} INFO - Processing /opt/conda/lib/python3.12/site-packages/airflow/example_dags/example_dynamic_task_mapping_with_no_taskflow_operators.py took 0.049 seconds
[2025-02-07T12:52:10.344+0000] {processor.py:186} INFO - Started process (PID=4554) to work on /opt/conda/lib/python3.12/site-packages/airflow/example_dags/example_dynamic_task_mapping_with_no_taskflow_operators.py
[2025-02-07T12:52:10.345+0000] {processor.py:914} INFO - Processing file /opt/conda/lib/python3.12/site-packages/airflow/example_dags/example_dynamic_task_mapping_with_no_taskflow_operators.py for tasks to queue
[2025-02-07T12:52:10.346+0000] {logging_mixin.py:190} INFO - [2025-02-07T12:52:10.346+0000] {dagbag.py:588} INFO - Filling up the DagBag from /opt/conda/lib/python3.12/site-packages/airflow/example_dags/example_dynamic_task_mapping_with_no_taskflow_operators.py
[2025-02-07T12:52:10.351+0000] {processor.py:925} INFO - DAG(s) 'example_dynamic_task_mapping_with_no_taskflow_operators' retrieved from /opt/conda/lib/python3.12/site-packages/airflow/example_dags/example_dynamic_task_mapping_with_no_taskflow_operators.py
[2025-02-07T12:52:10.359+0000] {logging_mixin.py:190} INFO - [2025-02-07T12:52:10.359+0000] {dag.py:3239} INFO - Sync 1 DAGs
[2025-02-07T12:52:10.365+0000] {logging_mixin.py:190} INFO - [2025-02-07T12:52:10.365+0000] {dag.py:4180} INFO - Setting next_dagrun for example_dynamic_task_mapping_with_no_taskflow_operators to None, run_after=None
[2025-02-07T12:52:10.377+0000] {processor.py:208} INFO - Processing /opt/conda/lib/python3.12/site-packages/airflow/example_dags/example_dynamic_task_mapping_with_no_taskflow_operators.py took 0.036 seconds
[2025-02-07T13:00:26.286+0000] {processor.py:186} INFO - Started process (PID=8198) to work on /opt/conda/lib/python3.12/site-packages/airflow/example_dags/example_dynamic_task_mapping_with_no_taskflow_operators.py
[2025-02-07T13:00:26.286+0000] {processor.py:914} INFO - Processing file /opt/conda/lib/python3.12/site-packages/airflow/example_dags/example_dynamic_task_mapping_with_no_taskflow_operators.py for tasks to queue
[2025-02-07T13:00:26.288+0000] {logging_mixin.py:190} INFO - [2025-02-07T13:00:26.288+0000] {dagbag.py:588} INFO - Filling up the DagBag from /opt/conda/lib/python3.12/site-packages/airflow/example_dags/example_dynamic_task_mapping_with_no_taskflow_operators.py
[2025-02-07T13:00:26.294+0000] {processor.py:925} INFO - DAG(s) 'example_dynamic_task_mapping_with_no_taskflow_operators' retrieved from /opt/conda/lib/python3.12/site-packages/airflow/example_dags/example_dynamic_task_mapping_with_no_taskflow_operators.py
[2025-02-07T13:00:26.303+0000] {logging_mixin.py:190} INFO - [2025-02-07T13:00:26.303+0000] {dag.py:3239} INFO - Sync 1 DAGs
[2025-02-07T13:00:26.310+0000] {logging_mixin.py:190} INFO - [2025-02-07T13:00:26.310+0000] {dag.py:4180} INFO - Setting next_dagrun for example_dynamic_task_mapping_with_no_taskflow_operators to None, run_after=None
[2025-02-07T13:00:26.345+0000] {processor.py:208} INFO - Processing /opt/conda/lib/python3.12/site-packages/airflow/example_dags/example_dynamic_task_mapping_with_no_taskflow_operators.py took 0.063 seconds
[2025-02-07T13:27:51.467+0000] {processor.py:186} INFO - Started process (PID=292) to work on /opt/conda/lib/python3.12/site-packages/airflow/example_dags/example_dynamic_task_mapping_with_no_taskflow_operators.py
[2025-02-07T13:27:51.469+0000] {processor.py:914} INFO - Processing file /opt/conda/lib/python3.12/site-packages/airflow/example_dags/example_dynamic_task_mapping_with_no_taskflow_operators.py for tasks to queue
[2025-02-07T13:27:51.471+0000] {logging_mixin.py:190} INFO - [2025-02-07T13:27:51.471+0000] {dagbag.py:588} INFO - Filling up the DagBag from /opt/conda/lib/python3.12/site-packages/airflow/example_dags/example_dynamic_task_mapping_with_no_taskflow_operators.py
[2025-02-07T13:27:51.493+0000] {processor.py:925} INFO - DAG(s) 'example_dynamic_task_mapping_with_no_taskflow_operators' retrieved from /opt/conda/lib/python3.12/site-packages/airflow/example_dags/example_dynamic_task_mapping_with_no_taskflow_operators.py
[2025-02-07T13:27:51.509+0000] {logging_mixin.py:190} INFO - [2025-02-07T13:27:51.509+0000] {dag.py:3239} INFO - Sync 1 DAGs
[2025-02-07T13:27:51.518+0000] {logging_mixin.py:190} INFO - [2025-02-07T13:27:51.517+0000] {dag.py:4180} INFO - Setting next_dagrun for example_dynamic_task_mapping_with_no_taskflow_operators to None, run_after=None
[2025-02-07T13:27:51.538+0000] {processor.py:208} INFO - Processing /opt/conda/lib/python3.12/site-packages/airflow/example_dags/example_dynamic_task_mapping_with_no_taskflow_operators.py took 0.082 seconds
[2025-02-07T13:29:29.415+0000] {processor.py:186} INFO - Started process (PID=384) to work on /opt/conda/lib/python3.12/site-packages/airflow/example_dags/example_dynamic_task_mapping_with_no_taskflow_operators.py
[2025-02-07T13:29:29.417+0000] {processor.py:914} INFO - Processing file /opt/conda/lib/python3.12/site-packages/airflow/example_dags/example_dynamic_task_mapping_with_no_taskflow_operators.py for tasks to queue
[2025-02-07T13:29:29.419+0000] {logging_mixin.py:190} INFO - [2025-02-07T13:29:29.418+0000] {dagbag.py:588} INFO - Filling up the DagBag from /opt/conda/lib/python3.12/site-packages/airflow/example_dags/example_dynamic_task_mapping_with_no_taskflow_operators.py
[2025-02-07T13:29:29.424+0000] {processor.py:925} INFO - DAG(s) 'example_dynamic_task_mapping_with_no_taskflow_operators' retrieved from /opt/conda/lib/python3.12/site-packages/airflow/example_dags/example_dynamic_task_mapping_with_no_taskflow_operators.py
[2025-02-07T13:29:29.433+0000] {logging_mixin.py:190} INFO - [2025-02-07T13:29:29.432+0000] {dag.py:3239} INFO - Sync 1 DAGs
[2025-02-07T13:29:29.440+0000] {logging_mixin.py:190} INFO - [2025-02-07T13:29:29.440+0000] {dag.py:4180} INFO - Setting next_dagrun for example_dynamic_task_mapping_with_no_taskflow_operators to None, run_after=None
[2025-02-07T13:29:29.454+0000] {processor.py:208} INFO - Processing /opt/conda/lib/python3.12/site-packages/airflow/example_dags/example_dynamic_task_mapping_with_no_taskflow_operators.py took 0.066 seconds
[2025-02-07T13:30:33.919+0000] {processor.py:186} INFO - Started process (PID=464) to work on /opt/conda/lib/python3.12/site-packages/airflow/example_dags/example_dynamic_task_mapping_with_no_taskflow_operators.py
[2025-02-07T13:30:33.920+0000] {processor.py:914} INFO - Processing file /opt/conda/lib/python3.12/site-packages/airflow/example_dags/example_dynamic_task_mapping_with_no_taskflow_operators.py for tasks to queue
[2025-02-07T13:30:33.923+0000] {logging_mixin.py:190} INFO - [2025-02-07T13:30:33.923+0000] {dagbag.py:588} INFO - Filling up the DagBag from /opt/conda/lib/python3.12/site-packages/airflow/example_dags/example_dynamic_task_mapping_with_no_taskflow_operators.py
[2025-02-07T13:30:33.934+0000] {processor.py:925} INFO - DAG(s) 'example_dynamic_task_mapping_with_no_taskflow_operators' retrieved from /opt/conda/lib/python3.12/site-packages/airflow/example_dags/example_dynamic_task_mapping_with_no_taskflow_operators.py
[2025-02-07T13:30:33.952+0000] {logging_mixin.py:190} INFO - [2025-02-07T13:30:33.952+0000] {dag.py:3239} INFO - Sync 1 DAGs
[2025-02-07T13:30:33.960+0000] {logging_mixin.py:190} INFO - [2025-02-07T13:30:33.960+0000] {dag.py:4180} INFO - Setting next_dagrun for example_dynamic_task_mapping_with_no_taskflow_operators to None, run_after=None
[2025-02-07T13:30:33.974+0000] {processor.py:208} INFO - Processing /opt/conda/lib/python3.12/site-packages/airflow/example_dags/example_dynamic_task_mapping_with_no_taskflow_operators.py took 0.060 seconds
[2025-02-07T13:33:53.044+0000] {processor.py:186} INFO - Started process (PID=440) to work on /opt/conda/lib/python3.12/site-packages/airflow/example_dags/example_dynamic_task_mapping_with_no_taskflow_operators.py
[2025-02-07T13:33:53.045+0000] {processor.py:914} INFO - Processing file /opt/conda/lib/python3.12/site-packages/airflow/example_dags/example_dynamic_task_mapping_with_no_taskflow_operators.py for tasks to queue
[2025-02-07T13:33:53.050+0000] {logging_mixin.py:190} INFO - [2025-02-07T13:33:53.050+0000] {dagbag.py:588} INFO - Filling up the DagBag from /opt/conda/lib/python3.12/site-packages/airflow/example_dags/example_dynamic_task_mapping_with_no_taskflow_operators.py
[2025-02-07T13:33:53.055+0000] {processor.py:925} INFO - DAG(s) 'example_dynamic_task_mapping_with_no_taskflow_operators' retrieved from /opt/conda/lib/python3.12/site-packages/airflow/example_dags/example_dynamic_task_mapping_with_no_taskflow_operators.py
[2025-02-07T13:33:53.066+0000] {logging_mixin.py:190} INFO - [2025-02-07T13:33:53.066+0000] {dag.py:3239} INFO - Sync 1 DAGs
[2025-02-07T13:33:53.073+0000] {logging_mixin.py:190} INFO - [2025-02-07T13:33:53.073+0000] {dag.py:4180} INFO - Setting next_dagrun for example_dynamic_task_mapping_with_no_taskflow_operators to None, run_after=None
[2025-02-07T13:33:53.093+0000] {processor.py:208} INFO - Processing /opt/conda/lib/python3.12/site-packages/airflow/example_dags/example_dynamic_task_mapping_with_no_taskflow_operators.py took 0.052 seconds
[2025-02-07T13:38:57.064+0000] {processor.py:186} INFO - Started process (PID=445) to work on /opt/conda/lib/python3.12/site-packages/airflow/example_dags/example_dynamic_task_mapping_with_no_taskflow_operators.py
[2025-02-07T13:38:57.064+0000] {processor.py:914} INFO - Processing file /opt/conda/lib/python3.12/site-packages/airflow/example_dags/example_dynamic_task_mapping_with_no_taskflow_operators.py for tasks to queue
[2025-02-07T13:38:57.066+0000] {logging_mixin.py:190} INFO - [2025-02-07T13:38:57.066+0000] {dagbag.py:588} INFO - Filling up the DagBag from /opt/conda/lib/python3.12/site-packages/airflow/example_dags/example_dynamic_task_mapping_with_no_taskflow_operators.py
[2025-02-07T13:38:57.072+0000] {processor.py:925} INFO - DAG(s) 'example_dynamic_task_mapping_with_no_taskflow_operators' retrieved from /opt/conda/lib/python3.12/site-packages/airflow/example_dags/example_dynamic_task_mapping_with_no_taskflow_operators.py
[2025-02-07T13:38:57.082+0000] {logging_mixin.py:190} INFO - [2025-02-07T13:38:57.082+0000] {dag.py:3239} INFO - Sync 1 DAGs
[2025-02-07T13:38:57.090+0000] {logging_mixin.py:190} INFO - [2025-02-07T13:38:57.089+0000] {dag.py:4180} INFO - Setting next_dagrun for example_dynamic_task_mapping_with_no_taskflow_operators to None, run_after=None
[2025-02-07T13:38:57.106+0000] {processor.py:208} INFO - Processing /opt/conda/lib/python3.12/site-packages/airflow/example_dags/example_dynamic_task_mapping_with_no_taskflow_operators.py took 0.046 seconds
[2025-02-07T13:39:58.981+0000] {processor.py:186} INFO - Started process (PID=516) to work on /opt/conda/lib/python3.12/site-packages/airflow/example_dags/example_dynamic_task_mapping_with_no_taskflow_operators.py
[2025-02-07T13:39:58.983+0000] {processor.py:914} INFO - Processing file /opt/conda/lib/python3.12/site-packages/airflow/example_dags/example_dynamic_task_mapping_with_no_taskflow_operators.py for tasks to queue
[2025-02-07T13:39:58.985+0000] {logging_mixin.py:190} INFO - [2025-02-07T13:39:58.985+0000] {dagbag.py:588} INFO - Filling up the DagBag from /opt/conda/lib/python3.12/site-packages/airflow/example_dags/example_dynamic_task_mapping_with_no_taskflow_operators.py
[2025-02-07T13:39:58.993+0000] {processor.py:925} INFO - DAG(s) 'example_dynamic_task_mapping_with_no_taskflow_operators' retrieved from /opt/conda/lib/python3.12/site-packages/airflow/example_dags/example_dynamic_task_mapping_with_no_taskflow_operators.py
[2025-02-07T13:39:59.005+0000] {logging_mixin.py:190} INFO - [2025-02-07T13:39:59.005+0000] {dag.py:3239} INFO - Sync 1 DAGs
[2025-02-07T13:39:59.015+0000] {logging_mixin.py:190} INFO - [2025-02-07T13:39:59.015+0000] {dag.py:4180} INFO - Setting next_dagrun for example_dynamic_task_mapping_with_no_taskflow_operators to None, run_after=None
[2025-02-07T13:39:59.031+0000] {processor.py:208} INFO - Processing /opt/conda/lib/python3.12/site-packages/airflow/example_dags/example_dynamic_task_mapping_with_no_taskflow_operators.py took 0.057 seconds
[2025-02-07T13:40:56.883+0000] {processor.py:186} INFO - Started process (PID=584) to work on /opt/conda/lib/python3.12/site-packages/airflow/example_dags/example_dynamic_task_mapping_with_no_taskflow_operators.py
[2025-02-07T13:40:56.884+0000] {processor.py:914} INFO - Processing file /opt/conda/lib/python3.12/site-packages/airflow/example_dags/example_dynamic_task_mapping_with_no_taskflow_operators.py for tasks to queue
[2025-02-07T13:40:56.886+0000] {logging_mixin.py:190} INFO - [2025-02-07T13:40:56.886+0000] {dagbag.py:588} INFO - Filling up the DagBag from /opt/conda/lib/python3.12/site-packages/airflow/example_dags/example_dynamic_task_mapping_with_no_taskflow_operators.py
[2025-02-07T13:40:56.893+0000] {processor.py:925} INFO - DAG(s) 'example_dynamic_task_mapping_with_no_taskflow_operators' retrieved from /opt/conda/lib/python3.12/site-packages/airflow/example_dags/example_dynamic_task_mapping_with_no_taskflow_operators.py
[2025-02-07T13:40:56.910+0000] {logging_mixin.py:190} INFO - [2025-02-07T13:40:56.910+0000] {dag.py:3239} INFO - Sync 1 DAGs
[2025-02-07T13:40:56.920+0000] {logging_mixin.py:190} INFO - [2025-02-07T13:40:56.920+0000] {dag.py:4180} INFO - Setting next_dagrun for example_dynamic_task_mapping_with_no_taskflow_operators to None, run_after=None
[2025-02-07T13:40:56.945+0000] {processor.py:208} INFO - Processing /opt/conda/lib/python3.12/site-packages/airflow/example_dags/example_dynamic_task_mapping_with_no_taskflow_operators.py took 0.067 seconds
[2025-02-07T13:41:55.825+0000] {processor.py:186} INFO - Started process (PID=652) to work on /opt/conda/lib/python3.12/site-packages/airflow/example_dags/example_dynamic_task_mapping_with_no_taskflow_operators.py
[2025-02-07T13:41:55.826+0000] {processor.py:914} INFO - Processing file /opt/conda/lib/python3.12/site-packages/airflow/example_dags/example_dynamic_task_mapping_with_no_taskflow_operators.py for tasks to queue
[2025-02-07T13:41:55.829+0000] {logging_mixin.py:190} INFO - [2025-02-07T13:41:55.829+0000] {dagbag.py:588} INFO - Filling up the DagBag from /opt/conda/lib/python3.12/site-packages/airflow/example_dags/example_dynamic_task_mapping_with_no_taskflow_operators.py
[2025-02-07T13:41:55.838+0000] {processor.py:925} INFO - DAG(s) 'example_dynamic_task_mapping_with_no_taskflow_operators' retrieved from /opt/conda/lib/python3.12/site-packages/airflow/example_dags/example_dynamic_task_mapping_with_no_taskflow_operators.py
[2025-02-07T13:41:55.851+0000] {logging_mixin.py:190} INFO - [2025-02-07T13:41:55.851+0000] {dag.py:3239} INFO - Sync 1 DAGs
[2025-02-07T13:41:55.861+0000] {logging_mixin.py:190} INFO - [2025-02-07T13:41:55.861+0000] {dag.py:4180} INFO - Setting next_dagrun for example_dynamic_task_mapping_with_no_taskflow_operators to None, run_after=None
[2025-02-07T13:41:55.880+0000] {processor.py:208} INFO - Processing /opt/conda/lib/python3.12/site-packages/airflow/example_dags/example_dynamic_task_mapping_with_no_taskflow_operators.py took 0.062 seconds
[2025-02-07T13:43:08.409+0000] {processor.py:186} INFO - Started process (PID=835) to work on /opt/conda/lib/python3.12/site-packages/airflow/example_dags/example_dynamic_task_mapping_with_no_taskflow_operators.py
[2025-02-07T13:43:08.410+0000] {processor.py:914} INFO - Processing file /opt/conda/lib/python3.12/site-packages/airflow/example_dags/example_dynamic_task_mapping_with_no_taskflow_operators.py for tasks to queue
[2025-02-07T13:43:08.412+0000] {logging_mixin.py:190} INFO - [2025-02-07T13:43:08.412+0000] {dagbag.py:588} INFO - Filling up the DagBag from /opt/conda/lib/python3.12/site-packages/airflow/example_dags/example_dynamic_task_mapping_with_no_taskflow_operators.py
[2025-02-07T13:43:08.419+0000] {processor.py:925} INFO - DAG(s) 'example_dynamic_task_mapping_with_no_taskflow_operators' retrieved from /opt/conda/lib/python3.12/site-packages/airflow/example_dags/example_dynamic_task_mapping_with_no_taskflow_operators.py
[2025-02-07T13:43:08.431+0000] {logging_mixin.py:190} INFO - [2025-02-07T13:43:08.431+0000] {dag.py:3239} INFO - Sync 1 DAGs
[2025-02-07T13:43:08.438+0000] {logging_mixin.py:190} INFO - [2025-02-07T13:43:08.438+0000] {dag.py:4180} INFO - Setting next_dagrun for example_dynamic_task_mapping_with_no_taskflow_operators to None, run_after=None
[2025-02-07T13:43:08.450+0000] {processor.py:208} INFO - Processing /opt/conda/lib/python3.12/site-packages/airflow/example_dags/example_dynamic_task_mapping_with_no_taskflow_operators.py took 0.049 seconds
[2025-02-07T13:44:36.645+0000] {processor.py:186} INFO - Started process (PID=1027) to work on /opt/conda/lib/python3.12/site-packages/airflow/example_dags/example_dynamic_task_mapping_with_no_taskflow_operators.py
[2025-02-07T13:44:36.646+0000] {processor.py:914} INFO - Processing file /opt/conda/lib/python3.12/site-packages/airflow/example_dags/example_dynamic_task_mapping_with_no_taskflow_operators.py for tasks to queue
[2025-02-07T13:44:36.648+0000] {logging_mixin.py:190} INFO - [2025-02-07T13:44:36.647+0000] {dagbag.py:588} INFO - Filling up the DagBag from /opt/conda/lib/python3.12/site-packages/airflow/example_dags/example_dynamic_task_mapping_with_no_taskflow_operators.py
[2025-02-07T13:44:36.654+0000] {processor.py:925} INFO - DAG(s) 'example_dynamic_task_mapping_with_no_taskflow_operators' retrieved from /opt/conda/lib/python3.12/site-packages/airflow/example_dags/example_dynamic_task_mapping_with_no_taskflow_operators.py
[2025-02-07T13:44:36.668+0000] {logging_mixin.py:190} INFO - [2025-02-07T13:44:36.668+0000] {dag.py:3239} INFO - Sync 1 DAGs
[2025-02-07T13:44:36.676+0000] {logging_mixin.py:190} INFO - [2025-02-07T13:44:36.676+0000] {dag.py:4180} INFO - Setting next_dagrun for example_dynamic_task_mapping_with_no_taskflow_operators to None, run_after=None
[2025-02-07T13:44:36.690+0000] {processor.py:208} INFO - Processing /opt/conda/lib/python3.12/site-packages/airflow/example_dags/example_dynamic_task_mapping_with_no_taskflow_operators.py took 0.050 seconds
[2025-02-07T13:46:14.110+0000] {processor.py:186} INFO - Started process (PID=1213) to work on /opt/conda/lib/python3.12/site-packages/airflow/example_dags/example_dynamic_task_mapping_with_no_taskflow_operators.py
[2025-02-07T13:46:14.111+0000] {processor.py:914} INFO - Processing file /opt/conda/lib/python3.12/site-packages/airflow/example_dags/example_dynamic_task_mapping_with_no_taskflow_operators.py for tasks to queue
[2025-02-07T13:46:14.113+0000] {logging_mixin.py:190} INFO - [2025-02-07T13:46:14.113+0000] {dagbag.py:588} INFO - Filling up the DagBag from /opt/conda/lib/python3.12/site-packages/airflow/example_dags/example_dynamic_task_mapping_with_no_taskflow_operators.py
[2025-02-07T13:46:14.119+0000] {processor.py:925} INFO - DAG(s) 'example_dynamic_task_mapping_with_no_taskflow_operators' retrieved from /opt/conda/lib/python3.12/site-packages/airflow/example_dags/example_dynamic_task_mapping_with_no_taskflow_operators.py
[2025-02-07T13:46:14.131+0000] {logging_mixin.py:190} INFO - [2025-02-07T13:46:14.131+0000] {dag.py:3239} INFO - Sync 1 DAGs
[2025-02-07T13:46:14.139+0000] {logging_mixin.py:190} INFO - [2025-02-07T13:46:14.139+0000] {dag.py:4180} INFO - Setting next_dagrun for example_dynamic_task_mapping_with_no_taskflow_operators to None, run_after=None
[2025-02-07T13:46:14.163+0000] {processor.py:208} INFO - Processing /opt/conda/lib/python3.12/site-packages/airflow/example_dags/example_dynamic_task_mapping_with_no_taskflow_operators.py took 0.058 seconds
[2025-02-07T14:05:32.500+0000] {processor.py:186} INFO - Started process (PID=1771) to work on /opt/conda/lib/python3.12/site-packages/airflow/example_dags/example_dynamic_task_mapping_with_no_taskflow_operators.py
[2025-02-07T14:05:32.502+0000] {processor.py:914} INFO - Processing file /opt/conda/lib/python3.12/site-packages/airflow/example_dags/example_dynamic_task_mapping_with_no_taskflow_operators.py for tasks to queue
[2025-02-07T14:05:32.503+0000] {logging_mixin.py:190} INFO - [2025-02-07T14:05:32.503+0000] {dagbag.py:588} INFO - Filling up the DagBag from /opt/conda/lib/python3.12/site-packages/airflow/example_dags/example_dynamic_task_mapping_with_no_taskflow_operators.py
[2025-02-07T14:05:32.507+0000] {processor.py:925} INFO - DAG(s) 'example_dynamic_task_mapping_with_no_taskflow_operators' retrieved from /opt/conda/lib/python3.12/site-packages/airflow/example_dags/example_dynamic_task_mapping_with_no_taskflow_operators.py
[2025-02-07T14:05:32.516+0000] {logging_mixin.py:190} INFO - [2025-02-07T14:05:32.516+0000] {dag.py:3239} INFO - Sync 1 DAGs
[2025-02-07T14:05:32.523+0000] {logging_mixin.py:190} INFO - [2025-02-07T14:05:32.523+0000] {dag.py:4180} INFO - Setting next_dagrun for example_dynamic_task_mapping_with_no_taskflow_operators to None, run_after=None
[2025-02-07T14:05:32.543+0000] {processor.py:208} INFO - Processing /opt/conda/lib/python3.12/site-packages/airflow/example_dags/example_dynamic_task_mapping_with_no_taskflow_operators.py took 0.058 seconds
[2025-02-07T14:06:36.257+0000] {processor.py:186} INFO - Started process (PID=1841) to work on /opt/conda/lib/python3.12/site-packages/airflow/example_dags/example_dynamic_task_mapping_with_no_taskflow_operators.py
[2025-02-07T14:06:36.258+0000] {processor.py:914} INFO - Processing file /opt/conda/lib/python3.12/site-packages/airflow/example_dags/example_dynamic_task_mapping_with_no_taskflow_operators.py for tasks to queue
[2025-02-07T14:06:36.259+0000] {logging_mixin.py:190} INFO - [2025-02-07T14:06:36.258+0000] {dagbag.py:588} INFO - Filling up the DagBag from /opt/conda/lib/python3.12/site-packages/airflow/example_dags/example_dynamic_task_mapping_with_no_taskflow_operators.py
[2025-02-07T14:06:36.263+0000] {processor.py:925} INFO - DAG(s) 'example_dynamic_task_mapping_with_no_taskflow_operators' retrieved from /opt/conda/lib/python3.12/site-packages/airflow/example_dags/example_dynamic_task_mapping_with_no_taskflow_operators.py
[2025-02-07T14:06:36.272+0000] {logging_mixin.py:190} INFO - [2025-02-07T14:06:36.272+0000] {dag.py:3239} INFO - Sync 1 DAGs
[2025-02-07T14:06:36.280+0000] {logging_mixin.py:190} INFO - [2025-02-07T14:06:36.280+0000] {dag.py:4180} INFO - Setting next_dagrun for example_dynamic_task_mapping_with_no_taskflow_operators to None, run_after=None
[2025-02-07T14:06:36.292+0000] {processor.py:208} INFO - Processing /opt/conda/lib/python3.12/site-packages/airflow/example_dags/example_dynamic_task_mapping_with_no_taskflow_operators.py took 0.042 seconds
[2025-02-07T14:08:45.379+0000] {processor.py:186} INFO - Started process (PID=2145) to work on /opt/conda/lib/python3.12/site-packages/airflow/example_dags/example_dynamic_task_mapping_with_no_taskflow_operators.py
[2025-02-07T14:08:45.382+0000] {processor.py:914} INFO - Processing file /opt/conda/lib/python3.12/site-packages/airflow/example_dags/example_dynamic_task_mapping_with_no_taskflow_operators.py for tasks to queue
[2025-02-07T14:08:45.392+0000] {logging_mixin.py:190} INFO - [2025-02-07T14:08:45.387+0000] {dagbag.py:588} INFO - Filling up the DagBag from /opt/conda/lib/python3.12/site-packages/airflow/example_dags/example_dynamic_task_mapping_with_no_taskflow_operators.py
[2025-02-07T14:08:45.433+0000] {processor.py:925} INFO - DAG(s) 'example_dynamic_task_mapping_with_no_taskflow_operators' retrieved from /opt/conda/lib/python3.12/site-packages/airflow/example_dags/example_dynamic_task_mapping_with_no_taskflow_operators.py
[2025-02-07T14:08:45.523+0000] {logging_mixin.py:190} INFO - [2025-02-07T14:08:45.522+0000] {dag.py:3239} INFO - Sync 1 DAGs
[2025-02-07T14:08:45.565+0000] {logging_mixin.py:190} INFO - [2025-02-07T14:08:45.564+0000] {dag.py:4180} INFO - Setting next_dagrun for example_dynamic_task_mapping_with_no_taskflow_operators to None, run_after=None
[2025-02-07T14:08:45.604+0000] {processor.py:208} INFO - Processing /opt/conda/lib/python3.12/site-packages/airflow/example_dags/example_dynamic_task_mapping_with_no_taskflow_operators.py took 0.242 seconds
