[2025-02-07T12:08:21.590+0000] {processor.py:186} INFO - Started process (PID=1638) to work on /opt/conda/lib/python3.12/site-packages/airflow/example_dags/example_python_operator.py
[2025-02-07T12:08:21.592+0000] {processor.py:914} INFO - Processing file /opt/conda/lib/python3.12/site-packages/airflow/example_dags/example_python_operator.py for tasks to queue
[2025-02-07T12:08:21.599+0000] {logging_mixin.py:190} INFO - [2025-02-07T12:08:21.598+0000] {dagbag.py:588} INFO - Filling up the DagBag from /opt/conda/lib/python3.12/site-packages/airflow/example_dags/example_python_operator.py
[2025-02-07T12:08:21.613+0000] {logging_mixin.py:190} INFO - [2025-02-07T12:08:21.613+0000] {example_python_operator.py:93} WARNING - The virtalenv_python example task requires virtualenv, please install it.
[2025-02-07T12:08:21.617+0000] {processor.py:925} INFO - DAG(s) 'example_python_operator' retrieved from /opt/conda/lib/python3.12/site-packages/airflow/example_dags/example_python_operator.py
[2025-02-07T12:08:21.636+0000] {logging_mixin.py:190} INFO - [2025-02-07T12:08:21.636+0000] {dag.py:3239} INFO - Sync 1 DAGs
[2025-02-07T12:08:21.661+0000] {logging_mixin.py:190} INFO - [2025-02-07T12:08:21.660+0000] {dag.py:4180} INFO - Setting next_dagrun for example_python_operator to None, run_after=None
[2025-02-07T12:08:21.714+0000] {processor.py:208} INFO - Processing /opt/conda/lib/python3.12/site-packages/airflow/example_dags/example_python_operator.py took 0.133 seconds
[2025-02-07T12:20:22.270+0000] {processor.py:186} INFO - Started process (PID=5446) to work on /opt/conda/lib/python3.12/site-packages/airflow/example_dags/example_python_operator.py
[2025-02-07T12:20:22.271+0000] {processor.py:914} INFO - Processing file /opt/conda/lib/python3.12/site-packages/airflow/example_dags/example_python_operator.py for tasks to queue
[2025-02-07T12:20:22.276+0000] {logging_mixin.py:190} INFO - [2025-02-07T12:20:22.275+0000] {dagbag.py:588} INFO - Filling up the DagBag from /opt/conda/lib/python3.12/site-packages/airflow/example_dags/example_python_operator.py
[2025-02-07T12:20:22.291+0000] {logging_mixin.py:190} INFO - [2025-02-07T12:20:22.290+0000] {example_python_operator.py:93} WARNING - The virtalenv_python example task requires virtualenv, please install it.
[2025-02-07T12:20:22.295+0000] {processor.py:925} INFO - DAG(s) 'example_python_operator' retrieved from /opt/conda/lib/python3.12/site-packages/airflow/example_dags/example_python_operator.py
[2025-02-07T12:20:22.316+0000] {logging_mixin.py:190} INFO - [2025-02-07T12:20:22.315+0000] {dag.py:3239} INFO - Sync 1 DAGs
[2025-02-07T12:20:22.329+0000] {logging_mixin.py:190} INFO - [2025-02-07T12:20:22.329+0000] {dag.py:4180} INFO - Setting next_dagrun for example_python_operator to None, run_after=None
[2025-02-07T12:20:22.380+0000] {processor.py:208} INFO - Processing /opt/conda/lib/python3.12/site-packages/airflow/example_dags/example_python_operator.py took 0.120 seconds
[2025-02-07T12:32:46.153+0000] {processor.py:186} INFO - Started process (PID=119) to work on /opt/conda/lib/python3.12/site-packages/airflow/example_dags/example_python_operator.py
[2025-02-07T12:32:46.155+0000] {processor.py:914} INFO - Processing file /opt/conda/lib/python3.12/site-packages/airflow/example_dags/example_python_operator.py for tasks to queue
[2025-02-07T12:32:46.162+0000] {logging_mixin.py:190} INFO - [2025-02-07T12:32:46.161+0000] {dagbag.py:588} INFO - Filling up the DagBag from /opt/conda/lib/python3.12/site-packages/airflow/example_dags/example_python_operator.py
[2025-02-07T12:32:46.182+0000] {logging_mixin.py:190} INFO - [2025-02-07T12:32:46.180+0000] {example_python_operator.py:93} WARNING - The virtalenv_python example task requires virtualenv, please install it.
[2025-02-07T12:32:46.189+0000] {processor.py:925} INFO - DAG(s) 'example_python_operator' retrieved from /opt/conda/lib/python3.12/site-packages/airflow/example_dags/example_python_operator.py
[2025-02-07T12:32:46.237+0000] {logging_mixin.py:190} INFO - [2025-02-07T12:32:46.237+0000] {dag.py:3239} INFO - Sync 1 DAGs
[2025-02-07T12:32:46.267+0000] {logging_mixin.py:190} INFO - [2025-02-07T12:32:46.267+0000] {dag.py:4180} INFO - Setting next_dagrun for example_python_operator to None, run_after=None
[2025-02-07T12:32:46.335+0000] {processor.py:208} INFO - Processing /opt/conda/lib/python3.12/site-packages/airflow/example_dags/example_python_operator.py took 0.188 seconds
[2025-02-07T12:36:35.248+0000] {processor.py:186} INFO - Started process (PID=97) to work on /opt/conda/lib/python3.12/site-packages/airflow/example_dags/example_python_operator.py
[2025-02-07T12:36:35.249+0000] {processor.py:914} INFO - Processing file /opt/conda/lib/python3.12/site-packages/airflow/example_dags/example_python_operator.py for tasks to queue
[2025-02-07T12:36:35.257+0000] {logging_mixin.py:190} INFO - [2025-02-07T12:36:35.256+0000] {dagbag.py:588} INFO - Filling up the DagBag from /opt/conda/lib/python3.12/site-packages/airflow/example_dags/example_python_operator.py
[2025-02-07T12:36:35.276+0000] {logging_mixin.py:190} INFO - [2025-02-07T12:36:35.276+0000] {example_python_operator.py:93} WARNING - The virtalenv_python example task requires virtualenv, please install it.
[2025-02-07T12:36:35.278+0000] {processor.py:925} INFO - DAG(s) 'example_python_operator' retrieved from /opt/conda/lib/python3.12/site-packages/airflow/example_dags/example_python_operator.py
[2025-02-07T12:36:35.302+0000] {logging_mixin.py:190} INFO - [2025-02-07T12:36:35.302+0000] {dag.py:3239} INFO - Sync 1 DAGs
[2025-02-07T12:36:35.312+0000] {logging_mixin.py:190} INFO - [2025-02-07T12:36:35.311+0000] {dag.py:4180} INFO - Setting next_dagrun for example_python_operator to None, run_after=None
[2025-02-07T12:36:35.331+0000] {processor.py:208} INFO - Processing /opt/conda/lib/python3.12/site-packages/airflow/example_dags/example_python_operator.py took 0.106 seconds
[2025-02-07T12:37:44.267+0000] {processor.py:186} INFO - Started process (PID=165) to work on /opt/conda/lib/python3.12/site-packages/airflow/example_dags/example_python_operator.py
[2025-02-07T12:37:44.268+0000] {processor.py:914} INFO - Processing file /opt/conda/lib/python3.12/site-packages/airflow/example_dags/example_python_operator.py for tasks to queue
[2025-02-07T12:37:44.272+0000] {logging_mixin.py:190} INFO - [2025-02-07T12:37:44.271+0000] {dagbag.py:588} INFO - Filling up the DagBag from /opt/conda/lib/python3.12/site-packages/airflow/example_dags/example_python_operator.py
[2025-02-07T12:37:44.280+0000] {logging_mixin.py:190} INFO - [2025-02-07T12:37:44.280+0000] {example_python_operator.py:93} WARNING - The virtalenv_python example task requires virtualenv, please install it.
[2025-02-07T12:37:44.282+0000] {processor.py:925} INFO - DAG(s) 'example_python_operator' retrieved from /opt/conda/lib/python3.12/site-packages/airflow/example_dags/example_python_operator.py
[2025-02-07T12:37:44.306+0000] {logging_mixin.py:190} INFO - [2025-02-07T12:37:44.305+0000] {dag.py:3239} INFO - Sync 1 DAGs
[2025-02-07T12:37:44.317+0000] {logging_mixin.py:190} INFO - [2025-02-07T12:37:44.317+0000] {dag.py:4180} INFO - Setting next_dagrun for example_python_operator to None, run_after=None
[2025-02-07T12:37:44.335+0000] {processor.py:208} INFO - Processing /opt/conda/lib/python3.12/site-packages/airflow/example_dags/example_python_operator.py took 0.077 seconds
[2025-02-07T12:38:46.311+0000] {processor.py:186} INFO - Started process (PID=235) to work on /opt/conda/lib/python3.12/site-packages/airflow/example_dags/example_python_operator.py
[2025-02-07T12:38:46.312+0000] {processor.py:914} INFO - Processing file /opt/conda/lib/python3.12/site-packages/airflow/example_dags/example_python_operator.py for tasks to queue
[2025-02-07T12:38:46.313+0000] {logging_mixin.py:190} INFO - [2025-02-07T12:38:46.313+0000] {dagbag.py:588} INFO - Filling up the DagBag from /opt/conda/lib/python3.12/site-packages/airflow/example_dags/example_python_operator.py
[2025-02-07T12:38:46.318+0000] {logging_mixin.py:190} INFO - [2025-02-07T12:38:46.318+0000] {example_python_operator.py:93} WARNING - The virtalenv_python example task requires virtualenv, please install it.
[2025-02-07T12:38:46.321+0000] {processor.py:925} INFO - DAG(s) 'example_python_operator' retrieved from /opt/conda/lib/python3.12/site-packages/airflow/example_dags/example_python_operator.py
[2025-02-07T12:38:46.334+0000] {logging_mixin.py:190} INFO - [2025-02-07T12:38:46.334+0000] {dag.py:3239} INFO - Sync 1 DAGs
[2025-02-07T12:38:46.344+0000] {logging_mixin.py:190} INFO - [2025-02-07T12:38:46.343+0000] {dag.py:4180} INFO - Setting next_dagrun for example_python_operator to None, run_after=None
[2025-02-07T12:38:46.357+0000] {processor.py:208} INFO - Processing /opt/conda/lib/python3.12/site-packages/airflow/example_dags/example_python_operator.py took 0.052 seconds
[2025-02-07T12:39:42.472+0000] {processor.py:186} INFO - Started process (PID=303) to work on /opt/conda/lib/python3.12/site-packages/airflow/example_dags/example_python_operator.py
[2025-02-07T12:39:42.473+0000] {processor.py:914} INFO - Processing file /opt/conda/lib/python3.12/site-packages/airflow/example_dags/example_python_operator.py for tasks to queue
[2025-02-07T12:39:42.474+0000] {logging_mixin.py:190} INFO - [2025-02-07T12:39:42.474+0000] {dagbag.py:588} INFO - Filling up the DagBag from /opt/conda/lib/python3.12/site-packages/airflow/example_dags/example_python_operator.py
[2025-02-07T12:39:42.480+0000] {logging_mixin.py:190} INFO - [2025-02-07T12:39:42.480+0000] {example_python_operator.py:93} WARNING - The virtalenv_python example task requires virtualenv, please install it.
[2025-02-07T12:39:42.482+0000] {processor.py:925} INFO - DAG(s) 'example_python_operator' retrieved from /opt/conda/lib/python3.12/site-packages/airflow/example_dags/example_python_operator.py
[2025-02-07T12:39:42.496+0000] {logging_mixin.py:190} INFO - [2025-02-07T12:39:42.496+0000] {dag.py:3239} INFO - Sync 1 DAGs
[2025-02-07T12:39:42.504+0000] {logging_mixin.py:190} INFO - [2025-02-07T12:39:42.504+0000] {dag.py:4180} INFO - Setting next_dagrun for example_python_operator to None, run_after=None
[2025-02-07T12:39:42.519+0000] {processor.py:208} INFO - Processing /opt/conda/lib/python3.12/site-packages/airflow/example_dags/example_python_operator.py took 0.054 seconds
[2025-02-07T12:40:39.638+0000] {processor.py:186} INFO - Started process (PID=360) to work on /opt/conda/lib/python3.12/site-packages/airflow/example_dags/example_python_operator.py
[2025-02-07T12:40:39.639+0000] {processor.py:914} INFO - Processing file /opt/conda/lib/python3.12/site-packages/airflow/example_dags/example_python_operator.py for tasks to queue
[2025-02-07T12:40:39.641+0000] {logging_mixin.py:190} INFO - [2025-02-07T12:40:39.641+0000] {dagbag.py:588} INFO - Filling up the DagBag from /opt/conda/lib/python3.12/site-packages/airflow/example_dags/example_python_operator.py
[2025-02-07T12:40:39.648+0000] {logging_mixin.py:190} INFO - [2025-02-07T12:40:39.647+0000] {example_python_operator.py:93} WARNING - The virtalenv_python example task requires virtualenv, please install it.
[2025-02-07T12:40:39.650+0000] {processor.py:925} INFO - DAG(s) 'example_python_operator' retrieved from /opt/conda/lib/python3.12/site-packages/airflow/example_dags/example_python_operator.py
[2025-02-07T12:40:39.665+0000] {logging_mixin.py:190} INFO - [2025-02-07T12:40:39.665+0000] {dag.py:3239} INFO - Sync 1 DAGs
[2025-02-07T12:40:39.674+0000] {logging_mixin.py:190} INFO - [2025-02-07T12:40:39.674+0000] {dag.py:4180} INFO - Setting next_dagrun for example_python_operator to None, run_after=None
[2025-02-07T12:40:39.695+0000] {processor.py:208} INFO - Processing /opt/conda/lib/python3.12/site-packages/airflow/example_dags/example_python_operator.py took 0.064 seconds
[2025-02-07T12:44:08.047+0000] {processor.py:186} INFO - Started process (PID=1594) to work on /opt/conda/lib/python3.12/site-packages/airflow/example_dags/example_python_operator.py
[2025-02-07T12:44:08.047+0000] {processor.py:914} INFO - Processing file /opt/conda/lib/python3.12/site-packages/airflow/example_dags/example_python_operator.py for tasks to queue
[2025-02-07T12:44:08.050+0000] {logging_mixin.py:190} INFO - [2025-02-07T12:44:08.050+0000] {dagbag.py:588} INFO - Filling up the DagBag from /opt/conda/lib/python3.12/site-packages/airflow/example_dags/example_python_operator.py
[2025-02-07T12:44:08.057+0000] {logging_mixin.py:190} INFO - [2025-02-07T12:44:08.057+0000] {example_python_operator.py:93} WARNING - The virtalenv_python example task requires virtualenv, please install it.
[2025-02-07T12:44:08.060+0000] {processor.py:925} INFO - DAG(s) 'example_python_operator' retrieved from /opt/conda/lib/python3.12/site-packages/airflow/example_dags/example_python_operator.py
[2025-02-07T12:44:08.074+0000] {logging_mixin.py:190} INFO - [2025-02-07T12:44:08.074+0000] {dag.py:3239} INFO - Sync 1 DAGs
[2025-02-07T12:44:08.083+0000] {logging_mixin.py:190} INFO - [2025-02-07T12:44:08.083+0000] {dag.py:4180} INFO - Setting next_dagrun for example_python_operator to None, run_after=None
[2025-02-07T12:44:08.096+0000] {processor.py:208} INFO - Processing /opt/conda/lib/python3.12/site-packages/airflow/example_dags/example_python_operator.py took 0.054 seconds
[2025-02-07T12:49:57.032+0000] {processor.py:186} INFO - Started process (PID=3727) to work on /opt/conda/lib/python3.12/site-packages/airflow/example_dags/example_python_operator.py
[2025-02-07T12:49:57.036+0000] {processor.py:914} INFO - Processing file /opt/conda/lib/python3.12/site-packages/airflow/example_dags/example_python_operator.py for tasks to queue
[2025-02-07T12:49:57.039+0000] {logging_mixin.py:190} INFO - [2025-02-07T12:49:57.038+0000] {dagbag.py:588} INFO - Filling up the DagBag from /opt/conda/lib/python3.12/site-packages/airflow/example_dags/example_python_operator.py
[2025-02-07T12:49:57.050+0000] {logging_mixin.py:190} INFO - [2025-02-07T12:49:57.050+0000] {example_python_operator.py:93} WARNING - The virtalenv_python example task requires virtualenv, please install it.
[2025-02-07T12:49:57.053+0000] {processor.py:925} INFO - DAG(s) 'example_python_operator' retrieved from /opt/conda/lib/python3.12/site-packages/airflow/example_dags/example_python_operator.py
[2025-02-07T12:49:57.067+0000] {logging_mixin.py:190} INFO - [2025-02-07T12:49:57.067+0000] {dag.py:3239} INFO - Sync 1 DAGs
[2025-02-07T12:49:57.089+0000] {logging_mixin.py:190} INFO - [2025-02-07T12:49:57.089+0000] {dag.py:4180} INFO - Setting next_dagrun for example_python_operator to None, run_after=None
[2025-02-07T12:49:57.103+0000] {processor.py:208} INFO - Processing /opt/conda/lib/python3.12/site-packages/airflow/example_dags/example_python_operator.py took 0.077 seconds
[2025-02-07T12:57:41.495+0000] {processor.py:186} INFO - Started process (PID=7303) to work on /opt/conda/lib/python3.12/site-packages/airflow/example_dags/example_python_operator.py
[2025-02-07T12:57:41.496+0000] {processor.py:914} INFO - Processing file /opt/conda/lib/python3.12/site-packages/airflow/example_dags/example_python_operator.py for tasks to queue
[2025-02-07T12:57:41.499+0000] {logging_mixin.py:190} INFO - [2025-02-07T12:57:41.498+0000] {dagbag.py:588} INFO - Filling up the DagBag from /opt/conda/lib/python3.12/site-packages/airflow/example_dags/example_python_operator.py
[2025-02-07T12:57:41.505+0000] {logging_mixin.py:190} INFO - [2025-02-07T12:57:41.505+0000] {example_python_operator.py:93} WARNING - The virtalenv_python example task requires virtualenv, please install it.
[2025-02-07T12:57:41.508+0000] {processor.py:925} INFO - DAG(s) 'example_python_operator' retrieved from /opt/conda/lib/python3.12/site-packages/airflow/example_dags/example_python_operator.py
[2025-02-07T12:57:41.521+0000] {logging_mixin.py:190} INFO - [2025-02-07T12:57:41.521+0000] {dag.py:3239} INFO - Sync 1 DAGs
[2025-02-07T12:57:41.529+0000] {logging_mixin.py:190} INFO - [2025-02-07T12:57:41.529+0000] {dag.py:4180} INFO - Setting next_dagrun for example_python_operator to None, run_after=None
[2025-02-07T12:57:41.544+0000] {processor.py:208} INFO - Processing /opt/conda/lib/python3.12/site-packages/airflow/example_dags/example_python_operator.py took 0.052 seconds
[2025-02-07T13:07:47.854+0000] {processor.py:186} INFO - Started process (PID=735) to work on /opt/conda/lib/python3.12/site-packages/airflow/example_dags/example_python_operator.py
[2025-02-07T13:07:47.855+0000] {processor.py:914} INFO - Processing file /opt/conda/lib/python3.12/site-packages/airflow/example_dags/example_python_operator.py for tasks to queue
[2025-02-07T13:07:47.858+0000] {logging_mixin.py:190} INFO - [2025-02-07T13:07:47.857+0000] {dagbag.py:588} INFO - Filling up the DagBag from /opt/conda/lib/python3.12/site-packages/airflow/example_dags/example_python_operator.py
[2025-02-07T13:07:47.867+0000] {logging_mixin.py:190} INFO - [2025-02-07T13:07:47.867+0000] {example_python_operator.py:93} WARNING - The virtalenv_python example task requires virtualenv, please install it.
[2025-02-07T13:07:47.871+0000] {processor.py:925} INFO - DAG(s) 'example_python_operator' retrieved from /opt/conda/lib/python3.12/site-packages/airflow/example_dags/example_python_operator.py
[2025-02-07T13:07:47.894+0000] {logging_mixin.py:190} INFO - [2025-02-07T13:07:47.894+0000] {dag.py:3239} INFO - Sync 1 DAGs
[2025-02-07T13:07:47.912+0000] {logging_mixin.py:190} INFO - [2025-02-07T13:07:47.912+0000] {dag.py:4180} INFO - Setting next_dagrun for example_python_operator to None, run_after=None
[2025-02-07T13:07:47.935+0000] {processor.py:208} INFO - Processing /opt/conda/lib/python3.12/site-packages/airflow/example_dags/example_python_operator.py took 0.088 seconds
[2025-02-07T13:25:48.085+0000] {processor.py:186} INFO - Started process (PID=578) to work on /opt/conda/lib/python3.12/site-packages/airflow/example_dags/example_python_operator.py
[2025-02-07T13:25:48.087+0000] {processor.py:914} INFO - Processing file /opt/conda/lib/python3.12/site-packages/airflow/example_dags/example_python_operator.py for tasks to queue
[2025-02-07T13:25:48.088+0000] {logging_mixin.py:190} INFO - [2025-02-07T13:25:48.087+0000] {dagbag.py:588} INFO - Filling up the DagBag from /opt/conda/lib/python3.12/site-packages/airflow/example_dags/example_python_operator.py
[2025-02-07T13:25:48.097+0000] {logging_mixin.py:190} INFO - [2025-02-07T13:25:48.097+0000] {example_python_operator.py:93} WARNING - The virtalenv_python example task requires virtualenv, please install it.
[2025-02-07T13:25:48.098+0000] {processor.py:925} INFO - DAG(s) 'example_python_operator' retrieved from /opt/conda/lib/python3.12/site-packages/airflow/example_dags/example_python_operator.py
[2025-02-07T13:25:48.128+0000] {logging_mixin.py:190} INFO - [2025-02-07T13:25:48.128+0000] {dag.py:3239} INFO - Sync 1 DAGs
[2025-02-07T13:25:48.136+0000] {logging_mixin.py:190} INFO - [2025-02-07T13:25:48.136+0000] {dag.py:4180} INFO - Setting next_dagrun for example_python_operator to None, run_after=None
[2025-02-07T13:25:48.157+0000] {processor.py:208} INFO - Processing /opt/conda/lib/python3.12/site-packages/airflow/example_dags/example_python_operator.py took 0.080 seconds
[2025-02-07T13:27:22.030+0000] {processor.py:186} INFO - Started process (PID=192) to work on /opt/conda/lib/python3.12/site-packages/airflow/example_dags/example_python_operator.py
[2025-02-07T13:27:22.050+0000] {processor.py:914} INFO - Processing file /opt/conda/lib/python3.12/site-packages/airflow/example_dags/example_python_operator.py for tasks to queue
[2025-02-07T13:27:22.061+0000] {logging_mixin.py:190} INFO - [2025-02-07T13:27:22.059+0000] {dagbag.py:588} INFO - Filling up the DagBag from /opt/conda/lib/python3.12/site-packages/airflow/example_dags/example_python_operator.py
[2025-02-07T13:27:22.088+0000] {logging_mixin.py:190} INFO - [2025-02-07T13:27:22.087+0000] {example_python_operator.py:93} WARNING - The virtalenv_python example task requires virtualenv, please install it.
[2025-02-07T13:27:22.095+0000] {processor.py:925} INFO - DAG(s) 'example_python_operator' retrieved from /opt/conda/lib/python3.12/site-packages/airflow/example_dags/example_python_operator.py
[2025-02-07T13:27:22.166+0000] {logging_mixin.py:190} INFO - [2025-02-07T13:27:22.164+0000] {dag.py:3239} INFO - Sync 1 DAGs
[2025-02-07T13:27:22.217+0000] {logging_mixin.py:190} INFO - [2025-02-07T13:27:22.216+0000] {dag.py:4180} INFO - Setting next_dagrun for example_python_operator to None, run_after=None
[2025-02-07T13:27:22.302+0000] {processor.py:208} INFO - Processing /opt/conda/lib/python3.12/site-packages/airflow/example_dags/example_python_operator.py took 0.316 seconds
[2025-02-07T13:28:55.172+0000] {processor.py:186} INFO - Started process (PID=345) to work on /opt/conda/lib/python3.12/site-packages/airflow/example_dags/example_python_operator.py
[2025-02-07T13:28:55.189+0000] {processor.py:914} INFO - Processing file /opt/conda/lib/python3.12/site-packages/airflow/example_dags/example_python_operator.py for tasks to queue
[2025-02-07T13:28:55.204+0000] {logging_mixin.py:190} INFO - [2025-02-07T13:28:55.203+0000] {dagbag.py:588} INFO - Filling up the DagBag from /opt/conda/lib/python3.12/site-packages/airflow/example_dags/example_python_operator.py
[2025-02-07T13:28:55.220+0000] {logging_mixin.py:190} INFO - [2025-02-07T13:28:55.220+0000] {example_python_operator.py:93} WARNING - The virtalenv_python example task requires virtualenv, please install it.
[2025-02-07T13:28:55.225+0000] {processor.py:925} INFO - DAG(s) 'example_python_operator' retrieved from /opt/conda/lib/python3.12/site-packages/airflow/example_dags/example_python_operator.py
[2025-02-07T13:28:55.266+0000] {logging_mixin.py:190} INFO - [2025-02-07T13:28:55.265+0000] {dag.py:3239} INFO - Sync 1 DAGs
[2025-02-07T13:28:55.316+0000] {logging_mixin.py:190} INFO - [2025-02-07T13:28:55.315+0000] {dag.py:4180} INFO - Setting next_dagrun for example_python_operator to None, run_after=None
[2025-02-07T13:28:55.372+0000] {processor.py:208} INFO - Processing /opt/conda/lib/python3.12/site-packages/airflow/example_dags/example_python_operator.py took 0.220 seconds
[2025-02-07T13:30:09.132+0000] {processor.py:186} INFO - Started process (PID=430) to work on /opt/conda/lib/python3.12/site-packages/airflow/example_dags/example_python_operator.py
[2025-02-07T13:30:09.133+0000] {processor.py:914} INFO - Processing file /opt/conda/lib/python3.12/site-packages/airflow/example_dags/example_python_operator.py for tasks to queue
[2025-02-07T13:30:09.134+0000] {logging_mixin.py:190} INFO - [2025-02-07T13:30:09.134+0000] {dagbag.py:588} INFO - Filling up the DagBag from /opt/conda/lib/python3.12/site-packages/airflow/example_dags/example_python_operator.py
[2025-02-07T13:30:09.139+0000] {logging_mixin.py:190} INFO - [2025-02-07T13:30:09.139+0000] {example_python_operator.py:93} WARNING - The virtalenv_python example task requires virtualenv, please install it.
[2025-02-07T13:30:09.140+0000] {processor.py:925} INFO - DAG(s) 'example_python_operator' retrieved from /opt/conda/lib/python3.12/site-packages/airflow/example_dags/example_python_operator.py
[2025-02-07T13:30:09.151+0000] {logging_mixin.py:190} INFO - [2025-02-07T13:30:09.150+0000] {dag.py:3239} INFO - Sync 1 DAGs
[2025-02-07T13:30:09.158+0000] {logging_mixin.py:190} INFO - [2025-02-07T13:30:09.158+0000] {dag.py:4180} INFO - Setting next_dagrun for example_python_operator to None, run_after=None
[2025-02-07T13:30:09.173+0000] {processor.py:208} INFO - Processing /opt/conda/lib/python3.12/site-packages/airflow/example_dags/example_python_operator.py took 0.045 seconds
[2025-02-07T13:33:17.911+0000] {processor.py:186} INFO - Started process (PID=313) to work on /opt/conda/lib/python3.12/site-packages/airflow/example_dags/example_python_operator.py
[2025-02-07T13:33:17.912+0000] {processor.py:914} INFO - Processing file /opt/conda/lib/python3.12/site-packages/airflow/example_dags/example_python_operator.py for tasks to queue
[2025-02-07T13:33:17.914+0000] {logging_mixin.py:190} INFO - [2025-02-07T13:33:17.913+0000] {dagbag.py:588} INFO - Filling up the DagBag from /opt/conda/lib/python3.12/site-packages/airflow/example_dags/example_python_operator.py
[2025-02-07T13:33:17.919+0000] {logging_mixin.py:190} INFO - [2025-02-07T13:33:17.919+0000] {example_python_operator.py:93} WARNING - The virtalenv_python example task requires virtualenv, please install it.
[2025-02-07T13:33:17.921+0000] {processor.py:925} INFO - DAG(s) 'example_python_operator' retrieved from /opt/conda/lib/python3.12/site-packages/airflow/example_dags/example_python_operator.py
[2025-02-07T13:33:17.934+0000] {logging_mixin.py:190} INFO - [2025-02-07T13:33:17.933+0000] {dag.py:3239} INFO - Sync 1 DAGs
[2025-02-07T13:33:17.942+0000] {logging_mixin.py:190} INFO - [2025-02-07T13:33:17.942+0000] {dag.py:4180} INFO - Setting next_dagrun for example_python_operator to None, run_after=None
[2025-02-07T13:33:17.956+0000] {processor.py:208} INFO - Processing /opt/conda/lib/python3.12/site-packages/airflow/example_dags/example_python_operator.py took 0.049 seconds
[2025-02-07T13:35:11.743+0000] {processor.py:186} INFO - Started process (PID=203) to work on /opt/conda/lib/python3.12/site-packages/airflow/example_dags/example_python_operator.py
[2025-02-07T13:35:11.746+0000] {processor.py:914} INFO - Processing file /opt/conda/lib/python3.12/site-packages/airflow/example_dags/example_python_operator.py for tasks to queue
[2025-02-07T13:35:11.754+0000] {logging_mixin.py:190} INFO - [2025-02-07T13:35:11.753+0000] {dagbag.py:588} INFO - Filling up the DagBag from /opt/conda/lib/python3.12/site-packages/airflow/example_dags/example_python_operator.py
[2025-02-07T13:35:11.767+0000] {logging_mixin.py:190} INFO - [2025-02-07T13:35:11.767+0000] {example_python_operator.py:93} WARNING - The virtalenv_python example task requires virtualenv, please install it.
[2025-02-07T13:35:11.778+0000] {processor.py:925} INFO - DAG(s) 'example_python_operator' retrieved from /opt/conda/lib/python3.12/site-packages/airflow/example_dags/example_python_operator.py
[2025-02-07T13:35:11.800+0000] {logging_mixin.py:190} INFO - [2025-02-07T13:35:11.800+0000] {dag.py:3239} INFO - Sync 1 DAGs
[2025-02-07T13:35:11.834+0000] {logging_mixin.py:190} INFO - [2025-02-07T13:35:11.834+0000] {dag.py:4180} INFO - Setting next_dagrun for example_python_operator to None, run_after=None
[2025-02-07T13:35:11.910+0000] {processor.py:208} INFO - Processing /opt/conda/lib/python3.12/site-packages/airflow/example_dags/example_python_operator.py took 0.189 seconds
[2025-02-07T13:38:20.062+0000] {processor.py:186} INFO - Started process (PID=318) to work on /opt/conda/lib/python3.12/site-packages/airflow/example_dags/example_python_operator.py
[2025-02-07T13:38:20.063+0000] {processor.py:914} INFO - Processing file /opt/conda/lib/python3.12/site-packages/airflow/example_dags/example_python_operator.py for tasks to queue
[2025-02-07T13:38:20.065+0000] {logging_mixin.py:190} INFO - [2025-02-07T13:38:20.065+0000] {dagbag.py:588} INFO - Filling up the DagBag from /opt/conda/lib/python3.12/site-packages/airflow/example_dags/example_python_operator.py
[2025-02-07T13:38:20.069+0000] {logging_mixin.py:190} INFO - [2025-02-07T13:38:20.069+0000] {example_python_operator.py:93} WARNING - The virtalenv_python example task requires virtualenv, please install it.
[2025-02-07T13:38:20.071+0000] {processor.py:925} INFO - DAG(s) 'example_python_operator' retrieved from /opt/conda/lib/python3.12/site-packages/airflow/example_dags/example_python_operator.py
[2025-02-07T13:38:20.081+0000] {logging_mixin.py:190} INFO - [2025-02-07T13:38:20.081+0000] {dag.py:3239} INFO - Sync 1 DAGs
[2025-02-07T13:38:20.088+0000] {logging_mixin.py:190} INFO - [2025-02-07T13:38:20.088+0000] {dag.py:4180} INFO - Setting next_dagrun for example_python_operator to None, run_after=None
[2025-02-07T13:38:20.105+0000] {processor.py:208} INFO - Processing /opt/conda/lib/python3.12/site-packages/airflow/example_dags/example_python_operator.py took 0.051 seconds
[2025-02-07T13:39:39.545+0000] {processor.py:186} INFO - Started process (PID=496) to work on /opt/conda/lib/python3.12/site-packages/airflow/example_dags/example_python_operator.py
[2025-02-07T13:39:39.547+0000] {processor.py:914} INFO - Processing file /opt/conda/lib/python3.12/site-packages/airflow/example_dags/example_python_operator.py for tasks to queue
[2025-02-07T13:39:39.549+0000] {logging_mixin.py:190} INFO - [2025-02-07T13:39:39.549+0000] {dagbag.py:588} INFO - Filling up the DagBag from /opt/conda/lib/python3.12/site-packages/airflow/example_dags/example_python_operator.py
[2025-02-07T13:39:39.555+0000] {logging_mixin.py:190} INFO - [2025-02-07T13:39:39.555+0000] {example_python_operator.py:93} WARNING - The virtalenv_python example task requires virtualenv, please install it.
[2025-02-07T13:39:39.557+0000] {processor.py:925} INFO - DAG(s) 'example_python_operator' retrieved from /opt/conda/lib/python3.12/site-packages/airflow/example_dags/example_python_operator.py
[2025-02-07T13:39:39.570+0000] {logging_mixin.py:190} INFO - [2025-02-07T13:39:39.570+0000] {dag.py:3239} INFO - Sync 1 DAGs
[2025-02-07T13:39:39.579+0000] {logging_mixin.py:190} INFO - [2025-02-07T13:39:39.579+0000] {dag.py:4180} INFO - Setting next_dagrun for example_python_operator to None, run_after=None
[2025-02-07T13:39:39.594+0000] {processor.py:208} INFO - Processing /opt/conda/lib/python3.12/site-packages/airflow/example_dags/example_python_operator.py took 0.054 seconds
[2025-02-07T13:40:37.393+0000] {processor.py:186} INFO - Started process (PID=564) to work on /opt/conda/lib/python3.12/site-packages/airflow/example_dags/example_python_operator.py
[2025-02-07T13:40:37.395+0000] {processor.py:914} INFO - Processing file /opt/conda/lib/python3.12/site-packages/airflow/example_dags/example_python_operator.py for tasks to queue
[2025-02-07T13:40:37.396+0000] {logging_mixin.py:190} INFO - [2025-02-07T13:40:37.396+0000] {dagbag.py:588} INFO - Filling up the DagBag from /opt/conda/lib/python3.12/site-packages/airflow/example_dags/example_python_operator.py
[2025-02-07T13:40:37.402+0000] {logging_mixin.py:190} INFO - [2025-02-07T13:40:37.401+0000] {example_python_operator.py:93} WARNING - The virtalenv_python example task requires virtualenv, please install it.
[2025-02-07T13:40:37.405+0000] {processor.py:925} INFO - DAG(s) 'example_python_operator' retrieved from /opt/conda/lib/python3.12/site-packages/airflow/example_dags/example_python_operator.py
[2025-02-07T13:40:37.420+0000] {logging_mixin.py:190} INFO - [2025-02-07T13:40:37.420+0000] {dag.py:3239} INFO - Sync 1 DAGs
[2025-02-07T13:40:37.428+0000] {logging_mixin.py:190} INFO - [2025-02-07T13:40:37.428+0000] {dag.py:4180} INFO - Setting next_dagrun for example_python_operator to None, run_after=None
[2025-02-07T13:40:37.442+0000] {processor.py:208} INFO - Processing /opt/conda/lib/python3.12/site-packages/airflow/example_dags/example_python_operator.py took 0.056 seconds
[2025-02-07T13:41:34.552+0000] {processor.py:186} INFO - Started process (PID=631) to work on /opt/conda/lib/python3.12/site-packages/airflow/example_dags/example_python_operator.py
[2025-02-07T13:41:34.553+0000] {processor.py:914} INFO - Processing file /opt/conda/lib/python3.12/site-packages/airflow/example_dags/example_python_operator.py for tasks to queue
[2025-02-07T13:41:34.555+0000] {logging_mixin.py:190} INFO - [2025-02-07T13:41:34.555+0000] {dagbag.py:588} INFO - Filling up the DagBag from /opt/conda/lib/python3.12/site-packages/airflow/example_dags/example_python_operator.py
[2025-02-07T13:41:34.560+0000] {logging_mixin.py:190} INFO - [2025-02-07T13:41:34.560+0000] {example_python_operator.py:93} WARNING - The virtalenv_python example task requires virtualenv, please install it.
[2025-02-07T13:41:34.563+0000] {processor.py:925} INFO - DAG(s) 'example_python_operator' retrieved from /opt/conda/lib/python3.12/site-packages/airflow/example_dags/example_python_operator.py
[2025-02-07T13:41:34.576+0000] {logging_mixin.py:190} INFO - [2025-02-07T13:41:34.575+0000] {dag.py:3239} INFO - Sync 1 DAGs
[2025-02-07T13:41:34.584+0000] {logging_mixin.py:190} INFO - [2025-02-07T13:41:34.584+0000] {dag.py:4180} INFO - Setting next_dagrun for example_python_operator to None, run_after=None
[2025-02-07T13:41:34.605+0000] {processor.py:208} INFO - Processing /opt/conda/lib/python3.12/site-packages/airflow/example_dags/example_python_operator.py took 0.062 seconds
[2025-02-07T13:42:42.285+0000] {processor.py:186} INFO - Started process (PID=799) to work on /opt/conda/lib/python3.12/site-packages/airflow/example_dags/example_python_operator.py
[2025-02-07T13:42:42.286+0000] {processor.py:914} INFO - Processing file /opt/conda/lib/python3.12/site-packages/airflow/example_dags/example_python_operator.py for tasks to queue
[2025-02-07T13:42:42.288+0000] {logging_mixin.py:190} INFO - [2025-02-07T13:42:42.288+0000] {dagbag.py:588} INFO - Filling up the DagBag from /opt/conda/lib/python3.12/site-packages/airflow/example_dags/example_python_operator.py
[2025-02-07T13:42:42.294+0000] {logging_mixin.py:190} INFO - [2025-02-07T13:42:42.294+0000] {example_python_operator.py:93} WARNING - The virtalenv_python example task requires virtualenv, please install it.
[2025-02-07T13:42:42.296+0000] {processor.py:925} INFO - DAG(s) 'example_python_operator' retrieved from /opt/conda/lib/python3.12/site-packages/airflow/example_dags/example_python_operator.py
[2025-02-07T13:42:42.310+0000] {logging_mixin.py:190} INFO - [2025-02-07T13:42:42.309+0000] {dag.py:3239} INFO - Sync 1 DAGs
[2025-02-07T13:42:42.318+0000] {logging_mixin.py:190} INFO - [2025-02-07T13:42:42.318+0000] {dag.py:4180} INFO - Setting next_dagrun for example_python_operator to None, run_after=None
[2025-02-07T13:42:42.335+0000] {processor.py:208} INFO - Processing /opt/conda/lib/python3.12/site-packages/airflow/example_dags/example_python_operator.py took 0.056 seconds
[2025-02-07T13:43:45.658+0000] {processor.py:186} INFO - Started process (PID=872) to work on /opt/conda/lib/python3.12/site-packages/airflow/example_dags/example_python_operator.py
[2025-02-07T13:43:45.659+0000] {processor.py:914} INFO - Processing file /opt/conda/lib/python3.12/site-packages/airflow/example_dags/example_python_operator.py for tasks to queue
[2025-02-07T13:43:45.660+0000] {logging_mixin.py:190} INFO - [2025-02-07T13:43:45.660+0000] {dagbag.py:588} INFO - Filling up the DagBag from /opt/conda/lib/python3.12/site-packages/airflow/example_dags/example_python_operator.py
[2025-02-07T13:43:45.666+0000] {logging_mixin.py:190} INFO - [2025-02-07T13:43:45.666+0000] {example_python_operator.py:93} WARNING - The virtalenv_python example task requires virtualenv, please install it.
[2025-02-07T13:43:45.668+0000] {processor.py:925} INFO - DAG(s) 'example_python_operator' retrieved from /opt/conda/lib/python3.12/site-packages/airflow/example_dags/example_python_operator.py
[2025-02-07T13:43:45.682+0000] {logging_mixin.py:190} INFO - [2025-02-07T13:43:45.681+0000] {dag.py:3239} INFO - Sync 1 DAGs
[2025-02-07T13:43:45.690+0000] {logging_mixin.py:190} INFO - [2025-02-07T13:43:45.690+0000] {dag.py:4180} INFO - Setting next_dagrun for example_python_operator to None, run_after=None
[2025-02-07T13:43:45.705+0000] {processor.py:208} INFO - Processing /opt/conda/lib/python3.12/site-packages/airflow/example_dags/example_python_operator.py took 0.053 seconds
[2025-02-07T13:45:40.238+0000] {processor.py:186} INFO - Started process (PID=1174) to work on /opt/conda/lib/python3.12/site-packages/airflow/example_dags/example_python_operator.py
[2025-02-07T13:45:40.240+0000] {processor.py:914} INFO - Processing file /opt/conda/lib/python3.12/site-packages/airflow/example_dags/example_python_operator.py for tasks to queue
[2025-02-07T13:45:40.245+0000] {logging_mixin.py:190} INFO - [2025-02-07T13:45:40.245+0000] {dagbag.py:588} INFO - Filling up the DagBag from /opt/conda/lib/python3.12/site-packages/airflow/example_dags/example_python_operator.py
[2025-02-07T13:45:40.280+0000] {logging_mixin.py:190} INFO - [2025-02-07T13:45:40.280+0000] {example_python_operator.py:93} WARNING - The virtalenv_python example task requires virtualenv, please install it.
[2025-02-07T13:45:40.288+0000] {processor.py:925} INFO - DAG(s) 'example_python_operator' retrieved from /opt/conda/lib/python3.12/site-packages/airflow/example_dags/example_python_operator.py
[2025-02-07T13:45:40.345+0000] {logging_mixin.py:190} INFO - [2025-02-07T13:45:40.345+0000] {dag.py:3239} INFO - Sync 1 DAGs
[2025-02-07T13:45:40.363+0000] {logging_mixin.py:190} INFO - [2025-02-07T13:45:40.362+0000] {dag.py:4180} INFO - Setting next_dagrun for example_python_operator to None, run_after=None
[2025-02-07T13:45:40.398+0000] {processor.py:208} INFO - Processing /opt/conda/lib/python3.12/site-packages/airflow/example_dags/example_python_operator.py took 0.194 seconds
[2025-02-07T14:05:13.098+0000] {processor.py:186} INFO - Started process (PID=1754) to work on /opt/conda/lib/python3.12/site-packages/airflow/example_dags/example_python_operator.py
[2025-02-07T14:05:13.099+0000] {processor.py:914} INFO - Processing file /opt/conda/lib/python3.12/site-packages/airflow/example_dags/example_python_operator.py for tasks to queue
[2025-02-07T14:05:13.100+0000] {logging_mixin.py:190} INFO - [2025-02-07T14:05:13.100+0000] {dagbag.py:588} INFO - Filling up the DagBag from /opt/conda/lib/python3.12/site-packages/airflow/example_dags/example_python_operator.py
[2025-02-07T14:05:13.105+0000] {logging_mixin.py:190} INFO - [2025-02-07T14:05:13.105+0000] {example_python_operator.py:93} WARNING - The virtalenv_python example task requires virtualenv, please install it.
[2025-02-07T14:05:13.105+0000] {processor.py:925} INFO - DAG(s) 'example_python_operator' retrieved from /opt/conda/lib/python3.12/site-packages/airflow/example_dags/example_python_operator.py
[2025-02-07T14:05:13.122+0000] {logging_mixin.py:190} INFO - [2025-02-07T14:05:13.122+0000] {dag.py:3239} INFO - Sync 1 DAGs
[2025-02-07T14:05:13.131+0000] {logging_mixin.py:190} INFO - [2025-02-07T14:05:13.131+0000] {dag.py:4180} INFO - Setting next_dagrun for example_python_operator to None, run_after=None
[2025-02-07T14:05:13.149+0000] {processor.py:208} INFO - Processing /opt/conda/lib/python3.12/site-packages/airflow/example_dags/example_python_operator.py took 0.056 seconds
[2025-02-07T14:06:15.602+0000] {processor.py:186} INFO - Started process (PID=1822) to work on /opt/conda/lib/python3.12/site-packages/airflow/example_dags/example_python_operator.py
[2025-02-07T14:06:15.603+0000] {processor.py:914} INFO - Processing file /opt/conda/lib/python3.12/site-packages/airflow/example_dags/example_python_operator.py for tasks to queue
[2025-02-07T14:06:15.604+0000] {logging_mixin.py:190} INFO - [2025-02-07T14:06:15.604+0000] {dagbag.py:588} INFO - Filling up the DagBag from /opt/conda/lib/python3.12/site-packages/airflow/example_dags/example_python_operator.py
[2025-02-07T14:06:15.610+0000] {logging_mixin.py:190} INFO - [2025-02-07T14:06:15.610+0000] {example_python_operator.py:93} WARNING - The virtalenv_python example task requires virtualenv, please install it.
[2025-02-07T14:06:15.610+0000] {processor.py:925} INFO - DAG(s) 'example_python_operator' retrieved from /opt/conda/lib/python3.12/site-packages/airflow/example_dags/example_python_operator.py
[2025-02-07T14:06:15.624+0000] {logging_mixin.py:190} INFO - [2025-02-07T14:06:15.624+0000] {dag.py:3239} INFO - Sync 1 DAGs
[2025-02-07T14:06:15.642+0000] {logging_mixin.py:190} INFO - [2025-02-07T14:06:15.641+0000] {dag.py:4180} INFO - Setting next_dagrun for example_python_operator to None, run_after=None
[2025-02-07T14:06:15.677+0000] {processor.py:208} INFO - Processing /opt/conda/lib/python3.12/site-packages/airflow/example_dags/example_python_operator.py took 0.085 seconds
[2025-02-07T14:07:38.508+0000] {processor.py:186} INFO - Started process (PID=2010) to work on /opt/conda/lib/python3.12/site-packages/airflow/example_dags/example_python_operator.py
[2025-02-07T14:07:38.509+0000] {processor.py:914} INFO - Processing file /opt/conda/lib/python3.12/site-packages/airflow/example_dags/example_python_operator.py for tasks to queue
[2025-02-07T14:07:38.511+0000] {logging_mixin.py:190} INFO - [2025-02-07T14:07:38.510+0000] {dagbag.py:588} INFO - Filling up the DagBag from /opt/conda/lib/python3.12/site-packages/airflow/example_dags/example_python_operator.py
[2025-02-07T14:07:38.517+0000] {logging_mixin.py:190} INFO - [2025-02-07T14:07:38.517+0000] {example_python_operator.py:93} WARNING - The virtalenv_python example task requires virtualenv, please install it.
[2025-02-07T14:07:38.518+0000] {processor.py:925} INFO - DAG(s) 'example_python_operator' retrieved from /opt/conda/lib/python3.12/site-packages/airflow/example_dags/example_python_operator.py
[2025-02-07T14:07:38.559+0000] {logging_mixin.py:190} INFO - [2025-02-07T14:07:38.559+0000] {dag.py:3239} INFO - Sync 1 DAGs
[2025-02-07T14:07:38.577+0000] {logging_mixin.py:190} INFO - [2025-02-07T14:07:38.577+0000] {dag.py:4180} INFO - Setting next_dagrun for example_python_operator to None, run_after=None
[2025-02-07T14:07:38.692+0000] {processor.py:208} INFO - Processing /opt/conda/lib/python3.12/site-packages/airflow/example_dags/example_python_operator.py took 0.197 seconds
