[2025-02-07T12:11:16.523+0000] {processor.py:186} INFO - Started process (PID=2463) to work on /opt/conda/lib/python3.12/site-packages/airflow/example_dags/example_outlet_event_extra.py
[2025-02-07T12:11:16.525+0000] {processor.py:914} INFO - Processing file /opt/conda/lib/python3.12/site-packages/airflow/example_dags/example_outlet_event_extra.py for tasks to queue
[2025-02-07T12:11:16.529+0000] {logging_mixin.py:190} INFO - [2025-02-07T12:11:16.528+0000] {dagbag.py:588} INFO - Filling up the DagBag from /opt/conda/lib/python3.12/site-packages/airflow/example_dags/example_outlet_event_extra.py
[2025-02-07T12:11:16.557+0000] {processor.py:925} INFO - DAG(s) 'dataset_with_extra_from_classic_operator', 'dataset_with_extra_by_yield', 'dataset_with_extra_by_context' retrieved from /opt/conda/lib/python3.12/site-packages/airflow/example_dags/example_outlet_event_extra.py
[2025-02-07T12:11:16.617+0000] {logging_mixin.py:190} INFO - [2025-02-07T12:11:16.616+0000] {dag.py:3239} INFO - Sync 3 DAGs
[2025-02-07T12:11:16.644+0000] {logging_mixin.py:190} INFO - [2025-02-07T12:11:16.644+0000] {dag.py:4180} INFO - Setting next_dagrun for dataset_with_extra_by_context to 2025-02-06 00:00:00+00:00, run_after=2025-02-07 00:00:00+00:00
[2025-02-07T12:11:16.648+0000] {logging_mixin.py:190} INFO - [2025-02-07T12:11:16.648+0000] {dag.py:4180} INFO - Setting next_dagrun for dataset_with_extra_by_yield to 2025-02-06 00:00:00+00:00, run_after=2025-02-07 00:00:00+00:00
[2025-02-07T12:11:16.652+0000] {logging_mixin.py:190} INFO - [2025-02-07T12:11:16.652+0000] {dag.py:4180} INFO - Setting next_dagrun for dataset_with_extra_from_classic_operator to 2025-02-06 00:00:00+00:00, run_after=2025-02-07 00:00:00+00:00
[2025-02-07T12:11:16.677+0000] {processor.py:208} INFO - Processing /opt/conda/lib/python3.12/site-packages/airflow/example_dags/example_outlet_event_extra.py took 0.163 seconds
[2025-02-07T12:22:20.133+0000] {processor.py:186} INFO - Started process (PID=6073) to work on /opt/conda/lib/python3.12/site-packages/airflow/example_dags/example_outlet_event_extra.py
[2025-02-07T12:22:20.134+0000] {processor.py:914} INFO - Processing file /opt/conda/lib/python3.12/site-packages/airflow/example_dags/example_outlet_event_extra.py for tasks to queue
[2025-02-07T12:22:20.137+0000] {logging_mixin.py:190} INFO - [2025-02-07T12:22:20.137+0000] {dagbag.py:588} INFO - Filling up the DagBag from /opt/conda/lib/python3.12/site-packages/airflow/example_dags/example_outlet_event_extra.py
[2025-02-07T12:22:20.162+0000] {processor.py:925} INFO - DAG(s) 'dataset_with_extra_by_yield', 'dataset_with_extra_from_classic_operator', 'dataset_with_extra_by_context' retrieved from /opt/conda/lib/python3.12/site-packages/airflow/example_dags/example_outlet_event_extra.py
[2025-02-07T12:22:20.187+0000] {logging_mixin.py:190} INFO - [2025-02-07T12:22:20.187+0000] {dag.py:3239} INFO - Sync 3 DAGs
[2025-02-07T12:22:20.207+0000] {logging_mixin.py:190} INFO - [2025-02-07T12:22:20.207+0000] {dag.py:4180} INFO - Setting next_dagrun for dataset_with_extra_by_context to 2025-02-06 00:00:00+00:00, run_after=2025-02-07 00:00:00+00:00
[2025-02-07T12:22:20.211+0000] {logging_mixin.py:190} INFO - [2025-02-07T12:22:20.211+0000] {dag.py:4180} INFO - Setting next_dagrun for dataset_with_extra_by_yield to 2025-02-06 00:00:00+00:00, run_after=2025-02-07 00:00:00+00:00
[2025-02-07T12:22:20.213+0000] {logging_mixin.py:190} INFO - [2025-02-07T12:22:20.213+0000] {dag.py:4180} INFO - Setting next_dagrun for dataset_with_extra_from_classic_operator to 2025-02-06 00:00:00+00:00, run_after=2025-02-07 00:00:00+00:00
[2025-02-07T12:22:20.232+0000] {processor.py:208} INFO - Processing /opt/conda/lib/python3.12/site-packages/airflow/example_dags/example_outlet_event_extra.py took 0.105 seconds
[2025-02-07T12:32:58.427+0000] {processor.py:186} INFO - Started process (PID=130) to work on /opt/conda/lib/python3.12/site-packages/airflow/example_dags/example_outlet_event_extra.py
[2025-02-07T12:32:58.434+0000] {processor.py:914} INFO - Processing file /opt/conda/lib/python3.12/site-packages/airflow/example_dags/example_outlet_event_extra.py for tasks to queue
[2025-02-07T12:32:58.447+0000] {logging_mixin.py:190} INFO - [2025-02-07T12:32:58.447+0000] {dagbag.py:588} INFO - Filling up the DagBag from /opt/conda/lib/python3.12/site-packages/airflow/example_dags/example_outlet_event_extra.py
[2025-02-07T12:32:58.475+0000] {processor.py:925} INFO - DAG(s) 'dataset_with_extra_by_yield', 'dataset_with_extra_from_classic_operator', 'dataset_with_extra_by_context' retrieved from /opt/conda/lib/python3.12/site-packages/airflow/example_dags/example_outlet_event_extra.py
[2025-02-07T12:32:58.530+0000] {logging_mixin.py:190} INFO - [2025-02-07T12:32:58.530+0000] {dag.py:3239} INFO - Sync 3 DAGs
[2025-02-07T12:32:58.586+0000] {logging_mixin.py:190} INFO - [2025-02-07T12:32:58.586+0000] {dag.py:4180} INFO - Setting next_dagrun for dataset_with_extra_by_context to 2025-02-06 00:00:00+00:00, run_after=2025-02-07 00:00:00+00:00
[2025-02-07T12:32:58.622+0000] {logging_mixin.py:190} INFO - [2025-02-07T12:32:58.622+0000] {dag.py:4180} INFO - Setting next_dagrun for dataset_with_extra_by_yield to 2025-02-06 00:00:00+00:00, run_after=2025-02-07 00:00:00+00:00
[2025-02-07T12:32:58.624+0000] {logging_mixin.py:190} INFO - [2025-02-07T12:32:58.624+0000] {dag.py:4180} INFO - Setting next_dagrun for dataset_with_extra_from_classic_operator to 2025-02-06 00:00:00+00:00, run_after=2025-02-07 00:00:00+00:00
[2025-02-07T12:32:58.675+0000] {processor.py:208} INFO - Processing /opt/conda/lib/python3.12/site-packages/airflow/example_dags/example_outlet_event_extra.py took 0.263 seconds
[2025-02-07T12:36:47.876+0000] {processor.py:186} INFO - Started process (PID=108) to work on /opt/conda/lib/python3.12/site-packages/airflow/example_dags/example_outlet_event_extra.py
[2025-02-07T12:36:47.878+0000] {processor.py:914} INFO - Processing file /opt/conda/lib/python3.12/site-packages/airflow/example_dags/example_outlet_event_extra.py for tasks to queue
[2025-02-07T12:36:47.880+0000] {logging_mixin.py:190} INFO - [2025-02-07T12:36:47.880+0000] {dagbag.py:588} INFO - Filling up the DagBag from /opt/conda/lib/python3.12/site-packages/airflow/example_dags/example_outlet_event_extra.py
[2025-02-07T12:36:47.897+0000] {processor.py:925} INFO - DAG(s) 'dataset_with_extra_by_context', 'dataset_with_extra_from_classic_operator', 'dataset_with_extra_by_yield' retrieved from /opt/conda/lib/python3.12/site-packages/airflow/example_dags/example_outlet_event_extra.py
[2025-02-07T12:36:47.922+0000] {logging_mixin.py:190} INFO - [2025-02-07T12:36:47.922+0000] {dag.py:3239} INFO - Sync 3 DAGs
[2025-02-07T12:36:47.940+0000] {logging_mixin.py:190} INFO - [2025-02-07T12:36:47.940+0000] {dag.py:4180} INFO - Setting next_dagrun for dataset_with_extra_by_context to 2025-02-06 00:00:00+00:00, run_after=2025-02-07 00:00:00+00:00
[2025-02-07T12:36:47.944+0000] {logging_mixin.py:190} INFO - [2025-02-07T12:36:47.943+0000] {dag.py:4180} INFO - Setting next_dagrun for dataset_with_extra_by_yield to 2025-02-06 00:00:00+00:00, run_after=2025-02-07 00:00:00+00:00
[2025-02-07T12:36:47.945+0000] {logging_mixin.py:190} INFO - [2025-02-07T12:36:47.945+0000] {dag.py:4180} INFO - Setting next_dagrun for dataset_with_extra_from_classic_operator to 2025-02-06 00:00:00+00:00, run_after=2025-02-07 00:00:00+00:00
[2025-02-07T12:36:47.975+0000] {processor.py:208} INFO - Processing /opt/conda/lib/python3.12/site-packages/airflow/example_dags/example_outlet_event_extra.py took 0.106 seconds
[2025-02-07T12:38:02.313+0000] {processor.py:186} INFO - Started process (PID=183) to work on /opt/conda/lib/python3.12/site-packages/airflow/example_dags/example_outlet_event_extra.py
[2025-02-07T12:38:02.315+0000] {processor.py:914} INFO - Processing file /opt/conda/lib/python3.12/site-packages/airflow/example_dags/example_outlet_event_extra.py for tasks to queue
[2025-02-07T12:38:02.316+0000] {logging_mixin.py:190} INFO - [2025-02-07T12:38:02.316+0000] {dagbag.py:588} INFO - Filling up the DagBag from /opt/conda/lib/python3.12/site-packages/airflow/example_dags/example_outlet_event_extra.py
[2025-02-07T12:38:02.331+0000] {processor.py:925} INFO - DAG(s) 'dataset_with_extra_by_context', 'dataset_with_extra_from_classic_operator', 'dataset_with_extra_by_yield' retrieved from /opt/conda/lib/python3.12/site-packages/airflow/example_dags/example_outlet_event_extra.py
[2025-02-07T12:38:02.348+0000] {logging_mixin.py:190} INFO - [2025-02-07T12:38:02.348+0000] {dag.py:3239} INFO - Sync 3 DAGs
[2025-02-07T12:38:02.365+0000] {logging_mixin.py:190} INFO - [2025-02-07T12:38:02.365+0000] {dag.py:4180} INFO - Setting next_dagrun for dataset_with_extra_by_context to 2025-02-06 00:00:00+00:00, run_after=2025-02-07 00:00:00+00:00
[2025-02-07T12:38:02.368+0000] {logging_mixin.py:190} INFO - [2025-02-07T12:38:02.368+0000] {dag.py:4180} INFO - Setting next_dagrun for dataset_with_extra_by_yield to 2025-02-06 00:00:00+00:00, run_after=2025-02-07 00:00:00+00:00
[2025-02-07T12:38:02.370+0000] {logging_mixin.py:190} INFO - [2025-02-07T12:38:02.370+0000] {dag.py:4180} INFO - Setting next_dagrun for dataset_with_extra_from_classic_operator to 2025-02-06 00:00:00+00:00, run_after=2025-02-07 00:00:00+00:00
[2025-02-07T12:38:02.390+0000] {processor.py:208} INFO - Processing /opt/conda/lib/python3.12/site-packages/airflow/example_dags/example_outlet_event_extra.py took 0.082 seconds
[2025-02-07T12:39:01.789+0000] {processor.py:186} INFO - Started process (PID=252) to work on /opt/conda/lib/python3.12/site-packages/airflow/example_dags/example_outlet_event_extra.py
[2025-02-07T12:39:01.789+0000] {processor.py:914} INFO - Processing file /opt/conda/lib/python3.12/site-packages/airflow/example_dags/example_outlet_event_extra.py for tasks to queue
[2025-02-07T12:39:01.791+0000] {logging_mixin.py:190} INFO - [2025-02-07T12:39:01.791+0000] {dagbag.py:588} INFO - Filling up the DagBag from /opt/conda/lib/python3.12/site-packages/airflow/example_dags/example_outlet_event_extra.py
[2025-02-07T12:39:01.803+0000] {processor.py:925} INFO - DAG(s) 'dataset_with_extra_from_classic_operator', 'dataset_with_extra_by_context', 'dataset_with_extra_by_yield' retrieved from /opt/conda/lib/python3.12/site-packages/airflow/example_dags/example_outlet_event_extra.py
[2025-02-07T12:39:01.819+0000] {logging_mixin.py:190} INFO - [2025-02-07T12:39:01.819+0000] {dag.py:3239} INFO - Sync 3 DAGs
[2025-02-07T12:39:01.833+0000] {logging_mixin.py:190} INFO - [2025-02-07T12:39:01.833+0000] {dag.py:4180} INFO - Setting next_dagrun for dataset_with_extra_by_context to 2025-02-06 00:00:00+00:00, run_after=2025-02-07 00:00:00+00:00
[2025-02-07T12:39:01.836+0000] {logging_mixin.py:190} INFO - [2025-02-07T12:39:01.836+0000] {dag.py:4180} INFO - Setting next_dagrun for dataset_with_extra_by_yield to 2025-02-06 00:00:00+00:00, run_after=2025-02-07 00:00:00+00:00
[2025-02-07T12:39:01.837+0000] {logging_mixin.py:190} INFO - [2025-02-07T12:39:01.837+0000] {dag.py:4180} INFO - Setting next_dagrun for dataset_with_extra_from_classic_operator to 2025-02-06 00:00:00+00:00, run_after=2025-02-07 00:00:00+00:00
[2025-02-07T12:39:01.851+0000] {processor.py:208} INFO - Processing /opt/conda/lib/python3.12/site-packages/airflow/example_dags/example_outlet_event_extra.py took 0.067 seconds
[2025-02-07T12:39:59.662+0000] {processor.py:186} INFO - Started process (PID=320) to work on /opt/conda/lib/python3.12/site-packages/airflow/example_dags/example_outlet_event_extra.py
[2025-02-07T12:39:59.663+0000] {processor.py:914} INFO - Processing file /opt/conda/lib/python3.12/site-packages/airflow/example_dags/example_outlet_event_extra.py for tasks to queue
[2025-02-07T12:39:59.664+0000] {logging_mixin.py:190} INFO - [2025-02-07T12:39:59.664+0000] {dagbag.py:588} INFO - Filling up the DagBag from /opt/conda/lib/python3.12/site-packages/airflow/example_dags/example_outlet_event_extra.py
[2025-02-07T12:39:59.676+0000] {processor.py:925} INFO - DAG(s) 'dataset_with_extra_by_context', 'dataset_with_extra_from_classic_operator', 'dataset_with_extra_by_yield' retrieved from /opt/conda/lib/python3.12/site-packages/airflow/example_dags/example_outlet_event_extra.py
[2025-02-07T12:39:59.692+0000] {logging_mixin.py:190} INFO - [2025-02-07T12:39:59.692+0000] {dag.py:3239} INFO - Sync 3 DAGs
[2025-02-07T12:39:59.706+0000] {logging_mixin.py:190} INFO - [2025-02-07T12:39:59.706+0000] {dag.py:4180} INFO - Setting next_dagrun for dataset_with_extra_by_context to 2025-02-06 00:00:00+00:00, run_after=2025-02-07 00:00:00+00:00
[2025-02-07T12:39:59.710+0000] {logging_mixin.py:190} INFO - [2025-02-07T12:39:59.710+0000] {dag.py:4180} INFO - Setting next_dagrun for dataset_with_extra_by_yield to 2025-02-06 00:00:00+00:00, run_after=2025-02-07 00:00:00+00:00
[2025-02-07T12:39:59.713+0000] {logging_mixin.py:190} INFO - [2025-02-07T12:39:59.713+0000] {dag.py:4180} INFO - Setting next_dagrun for dataset_with_extra_from_classic_operator to 2025-02-06 00:00:00+00:00, run_after=2025-02-07 00:00:00+00:00
[2025-02-07T12:39:59.734+0000] {processor.py:208} INFO - Processing /opt/conda/lib/python3.12/site-packages/airflow/example_dags/example_outlet_event_extra.py took 0.076 seconds
[2025-02-07T12:40:59.970+0000] {processor.py:186} INFO - Started process (PID=389) to work on /opt/conda/lib/python3.12/site-packages/airflow/example_dags/example_outlet_event_extra.py
[2025-02-07T12:40:59.971+0000] {processor.py:914} INFO - Processing file /opt/conda/lib/python3.12/site-packages/airflow/example_dags/example_outlet_event_extra.py for tasks to queue
[2025-02-07T12:40:59.975+0000] {logging_mixin.py:190} INFO - [2025-02-07T12:40:59.974+0000] {dagbag.py:588} INFO - Filling up the DagBag from /opt/conda/lib/python3.12/site-packages/airflow/example_dags/example_outlet_event_extra.py
[2025-02-07T12:40:59.996+0000] {processor.py:925} INFO - DAG(s) 'dataset_with_extra_from_classic_operator', 'dataset_with_extra_by_context', 'dataset_with_extra_by_yield' retrieved from /opt/conda/lib/python3.12/site-packages/airflow/example_dags/example_outlet_event_extra.py
[2025-02-07T12:41:00.016+0000] {logging_mixin.py:190} INFO - [2025-02-07T12:41:00.016+0000] {dag.py:3239} INFO - Sync 3 DAGs
[2025-02-07T12:41:00.030+0000] {logging_mixin.py:190} INFO - [2025-02-07T12:41:00.030+0000] {dag.py:4180} INFO - Setting next_dagrun for dataset_with_extra_by_context to 2025-02-06 00:00:00+00:00, run_after=2025-02-07 00:00:00+00:00
[2025-02-07T12:41:00.033+0000] {logging_mixin.py:190} INFO - [2025-02-07T12:41:00.033+0000] {dag.py:4180} INFO - Setting next_dagrun for dataset_with_extra_by_yield to 2025-02-06 00:00:00+00:00, run_after=2025-02-07 00:00:00+00:00
[2025-02-07T12:41:00.034+0000] {logging_mixin.py:190} INFO - [2025-02-07T12:41:00.034+0000] {dag.py:4180} INFO - Setting next_dagrun for dataset_with_extra_from_classic_operator to 2025-02-06 00:00:00+00:00, run_after=2025-02-07 00:00:00+00:00
[2025-02-07T12:41:00.050+0000] {processor.py:208} INFO - Processing /opt/conda/lib/python3.12/site-packages/airflow/example_dags/example_outlet_event_extra.py took 0.090 seconds
[2025-02-07T12:51:32.061+0000] {processor.py:186} INFO - Started process (PID=4198) to work on /opt/conda/lib/python3.12/site-packages/airflow/example_dags/example_outlet_event_extra.py
[2025-02-07T12:51:32.063+0000] {processor.py:914} INFO - Processing file /opt/conda/lib/python3.12/site-packages/airflow/example_dags/example_outlet_event_extra.py for tasks to queue
[2025-02-07T12:51:32.067+0000] {logging_mixin.py:190} INFO - [2025-02-07T12:51:32.066+0000] {dagbag.py:588} INFO - Filling up the DagBag from /opt/conda/lib/python3.12/site-packages/airflow/example_dags/example_outlet_event_extra.py
[2025-02-07T12:51:32.101+0000] {processor.py:925} INFO - DAG(s) 'dataset_with_extra_from_classic_operator', 'dataset_with_extra_by_context', 'dataset_with_extra_by_yield' retrieved from /opt/conda/lib/python3.12/site-packages/airflow/example_dags/example_outlet_event_extra.py
[2025-02-07T12:51:32.128+0000] {logging_mixin.py:190} INFO - [2025-02-07T12:51:32.128+0000] {dag.py:3239} INFO - Sync 3 DAGs
[2025-02-07T12:51:32.149+0000] {logging_mixin.py:190} INFO - [2025-02-07T12:51:32.149+0000] {dag.py:4180} INFO - Setting next_dagrun for dataset_with_extra_by_context to 2025-02-06 00:00:00+00:00, run_after=2025-02-07 00:00:00+00:00
[2025-02-07T12:51:32.156+0000] {logging_mixin.py:190} INFO - [2025-02-07T12:51:32.156+0000] {dag.py:4180} INFO - Setting next_dagrun for dataset_with_extra_by_yield to 2025-02-06 00:00:00+00:00, run_after=2025-02-07 00:00:00+00:00
[2025-02-07T12:51:32.157+0000] {logging_mixin.py:190} INFO - [2025-02-07T12:51:32.157+0000] {dag.py:4180} INFO - Setting next_dagrun for dataset_with_extra_from_classic_operator to 2025-02-06 00:00:00+00:00, run_after=2025-02-07 00:00:00+00:00
[2025-02-07T12:51:32.188+0000] {processor.py:208} INFO - Processing /opt/conda/lib/python3.12/site-packages/airflow/example_dags/example_outlet_event_extra.py took 0.132 seconds
[2025-02-07T12:59:42.674+0000] {processor.py:186} INFO - Started process (PID=7930) to work on /opt/conda/lib/python3.12/site-packages/airflow/example_dags/example_outlet_event_extra.py
[2025-02-07T12:59:42.678+0000] {processor.py:914} INFO - Processing file /opt/conda/lib/python3.12/site-packages/airflow/example_dags/example_outlet_event_extra.py for tasks to queue
[2025-02-07T12:59:42.685+0000] {logging_mixin.py:190} INFO - [2025-02-07T12:59:42.684+0000] {dagbag.py:588} INFO - Filling up the DagBag from /opt/conda/lib/python3.12/site-packages/airflow/example_dags/example_outlet_event_extra.py
[2025-02-07T12:59:42.715+0000] {processor.py:925} INFO - DAG(s) 'dataset_with_extra_from_classic_operator', 'dataset_with_extra_by_yield', 'dataset_with_extra_by_context' retrieved from /opt/conda/lib/python3.12/site-packages/airflow/example_dags/example_outlet_event_extra.py
[2025-02-07T12:59:42.738+0000] {logging_mixin.py:190} INFO - [2025-02-07T12:59:42.738+0000] {dag.py:3239} INFO - Sync 3 DAGs
[2025-02-07T12:59:42.762+0000] {logging_mixin.py:190} INFO - [2025-02-07T12:59:42.762+0000] {dag.py:4180} INFO - Setting next_dagrun for dataset_with_extra_by_context to 2025-02-06 00:00:00+00:00, run_after=2025-02-07 00:00:00+00:00
[2025-02-07T12:59:42.764+0000] {logging_mixin.py:190} INFO - [2025-02-07T12:59:42.764+0000] {dag.py:4180} INFO - Setting next_dagrun for dataset_with_extra_by_yield to 2025-02-06 00:00:00+00:00, run_after=2025-02-07 00:00:00+00:00
[2025-02-07T12:59:42.765+0000] {logging_mixin.py:190} INFO - [2025-02-07T12:59:42.765+0000] {dag.py:4180} INFO - Setting next_dagrun for dataset_with_extra_from_classic_operator to 2025-02-06 00:00:00+00:00, run_after=2025-02-07 00:00:00+00:00
[2025-02-07T12:59:42.782+0000] {processor.py:208} INFO - Processing /opt/conda/lib/python3.12/site-packages/airflow/example_dags/example_outlet_event_extra.py took 0.136 seconds
[2025-02-07T13:08:45.496+0000] {processor.py:186} INFO - Started process (PID=1252) to work on /opt/conda/lib/python3.12/site-packages/airflow/example_dags/example_outlet_event_extra.py
[2025-02-07T13:08:45.497+0000] {processor.py:914} INFO - Processing file /opt/conda/lib/python3.12/site-packages/airflow/example_dags/example_outlet_event_extra.py for tasks to queue
[2025-02-07T13:08:45.499+0000] {logging_mixin.py:190} INFO - [2025-02-07T13:08:45.499+0000] {dagbag.py:588} INFO - Filling up the DagBag from /opt/conda/lib/python3.12/site-packages/airflow/example_dags/example_outlet_event_extra.py
[2025-02-07T13:08:45.518+0000] {processor.py:925} INFO - DAG(s) 'dataset_with_extra_from_classic_operator', 'dataset_with_extra_by_context', 'dataset_with_extra_by_yield' retrieved from /opt/conda/lib/python3.12/site-packages/airflow/example_dags/example_outlet_event_extra.py
[2025-02-07T13:08:45.539+0000] {logging_mixin.py:190} INFO - [2025-02-07T13:08:45.539+0000] {dag.py:3239} INFO - Sync 3 DAGs
[2025-02-07T13:08:45.553+0000] {logging_mixin.py:190} INFO - [2025-02-07T13:08:45.553+0000] {dag.py:4180} INFO - Setting next_dagrun for dataset_with_extra_by_context to 2025-02-06 00:00:00+00:00, run_after=2025-02-07 00:00:00+00:00
[2025-02-07T13:08:45.556+0000] {logging_mixin.py:190} INFO - [2025-02-07T13:08:45.556+0000] {dag.py:4180} INFO - Setting next_dagrun for dataset_with_extra_by_yield to 2025-02-06 00:00:00+00:00, run_after=2025-02-07 00:00:00+00:00
[2025-02-07T13:08:45.557+0000] {logging_mixin.py:190} INFO - [2025-02-07T13:08:45.557+0000] {dag.py:4180} INFO - Setting next_dagrun for dataset_with_extra_from_classic_operator to 2025-02-06 00:00:00+00:00, run_after=2025-02-07 00:00:00+00:00
[2025-02-07T13:08:45.573+0000] {processor.py:208} INFO - Processing /opt/conda/lib/python3.12/site-packages/airflow/example_dags/example_outlet_event_extra.py took 0.081 seconds
[2025-02-07T13:27:46.513+0000] {processor.py:186} INFO - Started process (PID=288) to work on /opt/conda/lib/python3.12/site-packages/airflow/example_dags/example_outlet_event_extra.py
[2025-02-07T13:27:46.514+0000] {processor.py:914} INFO - Processing file /opt/conda/lib/python3.12/site-packages/airflow/example_dags/example_outlet_event_extra.py for tasks to queue
[2025-02-07T13:27:46.517+0000] {logging_mixin.py:190} INFO - [2025-02-07T13:27:46.517+0000] {dagbag.py:588} INFO - Filling up the DagBag from /opt/conda/lib/python3.12/site-packages/airflow/example_dags/example_outlet_event_extra.py
[2025-02-07T13:27:46.539+0000] {processor.py:925} INFO - DAG(s) 'dataset_with_extra_by_context', 'dataset_with_extra_from_classic_operator', 'dataset_with_extra_by_yield' retrieved from /opt/conda/lib/python3.12/site-packages/airflow/example_dags/example_outlet_event_extra.py
[2025-02-07T13:27:46.589+0000] {logging_mixin.py:190} INFO - [2025-02-07T13:27:46.589+0000] {dag.py:3239} INFO - Sync 3 DAGs
[2025-02-07T13:27:46.610+0000] {logging_mixin.py:190} INFO - [2025-02-07T13:27:46.610+0000] {dag.py:4180} INFO - Setting next_dagrun for dataset_with_extra_by_context to 2025-02-06 00:00:00+00:00, run_after=2025-02-07 00:00:00+00:00
[2025-02-07T13:27:46.613+0000] {logging_mixin.py:190} INFO - [2025-02-07T13:27:46.613+0000] {dag.py:4180} INFO - Setting next_dagrun for dataset_with_extra_by_yield to 2025-02-06 00:00:00+00:00, run_after=2025-02-07 00:00:00+00:00
[2025-02-07T13:27:46.614+0000] {logging_mixin.py:190} INFO - [2025-02-07T13:27:46.614+0000] {dag.py:4180} INFO - Setting next_dagrun for dataset_with_extra_from_classic_operator to 2025-02-06 00:00:00+00:00, run_after=2025-02-07 00:00:00+00:00
[2025-02-07T13:27:46.637+0000] {processor.py:208} INFO - Processing /opt/conda/lib/python3.12/site-packages/airflow/example_dags/example_outlet_event_extra.py took 0.132 seconds
[2025-02-07T13:29:25.377+0000] {processor.py:186} INFO - Started process (PID=380) to work on /opt/conda/lib/python3.12/site-packages/airflow/example_dags/example_outlet_event_extra.py
[2025-02-07T13:29:25.380+0000] {processor.py:914} INFO - Processing file /opt/conda/lib/python3.12/site-packages/airflow/example_dags/example_outlet_event_extra.py for tasks to queue
[2025-02-07T13:29:25.382+0000] {logging_mixin.py:190} INFO - [2025-02-07T13:29:25.382+0000] {dagbag.py:588} INFO - Filling up the DagBag from /opt/conda/lib/python3.12/site-packages/airflow/example_dags/example_outlet_event_extra.py
[2025-02-07T13:29:25.393+0000] {processor.py:925} INFO - DAG(s) 'dataset_with_extra_by_context', 'dataset_with_extra_from_classic_operator', 'dataset_with_extra_by_yield' retrieved from /opt/conda/lib/python3.12/site-packages/airflow/example_dags/example_outlet_event_extra.py
[2025-02-07T13:29:25.405+0000] {logging_mixin.py:190} INFO - [2025-02-07T13:29:25.405+0000] {dag.py:3239} INFO - Sync 3 DAGs
[2025-02-07T13:29:25.418+0000] {logging_mixin.py:190} INFO - [2025-02-07T13:29:25.417+0000] {dag.py:4180} INFO - Setting next_dagrun for dataset_with_extra_by_context to 2025-02-06 00:00:00+00:00, run_after=2025-02-07 00:00:00+00:00
[2025-02-07T13:29:25.420+0000] {logging_mixin.py:190} INFO - [2025-02-07T13:29:25.420+0000] {dag.py:4180} INFO - Setting next_dagrun for dataset_with_extra_by_yield to 2025-02-06 00:00:00+00:00, run_after=2025-02-07 00:00:00+00:00
[2025-02-07T13:29:25.424+0000] {logging_mixin.py:190} INFO - [2025-02-07T13:29:25.424+0000] {dag.py:4180} INFO - Setting next_dagrun for dataset_with_extra_from_classic_operator to 2025-02-06 00:00:00+00:00, run_after=2025-02-07 00:00:00+00:00
[2025-02-07T13:29:25.444+0000] {processor.py:208} INFO - Processing /opt/conda/lib/python3.12/site-packages/airflow/example_dags/example_outlet_event_extra.py took 0.082 seconds
[2025-02-07T13:30:29.998+0000] {processor.py:186} INFO - Started process (PID=460) to work on /opt/conda/lib/python3.12/site-packages/airflow/example_dags/example_outlet_event_extra.py
[2025-02-07T13:30:30.001+0000] {processor.py:914} INFO - Processing file /opt/conda/lib/python3.12/site-packages/airflow/example_dags/example_outlet_event_extra.py for tasks to queue
[2025-02-07T13:30:30.003+0000] {logging_mixin.py:190} INFO - [2025-02-07T13:30:30.003+0000] {dagbag.py:588} INFO - Filling up the DagBag from /opt/conda/lib/python3.12/site-packages/airflow/example_dags/example_outlet_event_extra.py
[2025-02-07T13:30:30.016+0000] {processor.py:925} INFO - DAG(s) 'dataset_with_extra_from_classic_operator', 'dataset_with_extra_by_context', 'dataset_with_extra_by_yield' retrieved from /opt/conda/lib/python3.12/site-packages/airflow/example_dags/example_outlet_event_extra.py
[2025-02-07T13:30:30.033+0000] {logging_mixin.py:190} INFO - [2025-02-07T13:30:30.033+0000] {dag.py:3239} INFO - Sync 3 DAGs
[2025-02-07T13:30:30.048+0000] {logging_mixin.py:190} INFO - [2025-02-07T13:30:30.048+0000] {dag.py:4180} INFO - Setting next_dagrun for dataset_with_extra_by_context to 2025-02-06 00:00:00+00:00, run_after=2025-02-07 00:00:00+00:00
[2025-02-07T13:30:30.050+0000] {logging_mixin.py:190} INFO - [2025-02-07T13:30:30.050+0000] {dag.py:4180} INFO - Setting next_dagrun for dataset_with_extra_by_yield to 2025-02-06 00:00:00+00:00, run_after=2025-02-07 00:00:00+00:00
[2025-02-07T13:30:30.053+0000] {logging_mixin.py:190} INFO - [2025-02-07T13:30:30.053+0000] {dag.py:4180} INFO - Setting next_dagrun for dataset_with_extra_from_classic_operator to 2025-02-06 00:00:00+00:00, run_after=2025-02-07 00:00:00+00:00
[2025-02-07T13:30:30.068+0000] {processor.py:208} INFO - Processing /opt/conda/lib/python3.12/site-packages/airflow/example_dags/example_outlet_event_extra.py took 0.080 seconds
[2025-02-07T13:33:43.046+0000] {processor.py:186} INFO - Started process (PID=430) to work on /opt/conda/lib/python3.12/site-packages/airflow/example_dags/example_outlet_event_extra.py
[2025-02-07T13:33:43.047+0000] {processor.py:914} INFO - Processing file /opt/conda/lib/python3.12/site-packages/airflow/example_dags/example_outlet_event_extra.py for tasks to queue
[2025-02-07T13:33:43.050+0000] {logging_mixin.py:190} INFO - [2025-02-07T13:33:43.049+0000] {dagbag.py:588} INFO - Filling up the DagBag from /opt/conda/lib/python3.12/site-packages/airflow/example_dags/example_outlet_event_extra.py
[2025-02-07T13:33:43.068+0000] {processor.py:925} INFO - DAG(s) 'dataset_with_extra_from_classic_operator', 'dataset_with_extra_by_context', 'dataset_with_extra_by_yield' retrieved from /opt/conda/lib/python3.12/site-packages/airflow/example_dags/example_outlet_event_extra.py
[2025-02-07T13:33:43.086+0000] {logging_mixin.py:190} INFO - [2025-02-07T13:33:43.086+0000] {dag.py:3239} INFO - Sync 3 DAGs
[2025-02-07T13:33:43.100+0000] {logging_mixin.py:190} INFO - [2025-02-07T13:33:43.100+0000] {dag.py:4180} INFO - Setting next_dagrun for dataset_with_extra_by_context to 2025-02-06 00:00:00+00:00, run_after=2025-02-07 00:00:00+00:00
[2025-02-07T13:33:43.103+0000] {logging_mixin.py:190} INFO - [2025-02-07T13:33:43.102+0000] {dag.py:4180} INFO - Setting next_dagrun for dataset_with_extra_by_yield to 2025-02-06 00:00:00+00:00, run_after=2025-02-07 00:00:00+00:00
[2025-02-07T13:33:43.104+0000] {logging_mixin.py:190} INFO - [2025-02-07T13:33:43.103+0000] {dag.py:4180} INFO - Setting next_dagrun for dataset_with_extra_from_classic_operator to 2025-02-06 00:00:00+00:00, run_after=2025-02-07 00:00:00+00:00
[2025-02-07T13:33:43.121+0000] {processor.py:208} INFO - Processing /opt/conda/lib/python3.12/site-packages/airflow/example_dags/example_outlet_event_extra.py took 0.079 seconds
[2025-02-07T13:35:19.275+0000] {processor.py:186} INFO - Started process (PID=210) to work on /opt/conda/lib/python3.12/site-packages/airflow/example_dags/example_outlet_event_extra.py
[2025-02-07T13:35:19.276+0000] {processor.py:914} INFO - Processing file /opt/conda/lib/python3.12/site-packages/airflow/example_dags/example_outlet_event_extra.py for tasks to queue
[2025-02-07T13:35:19.277+0000] {logging_mixin.py:190} INFO - [2025-02-07T13:35:19.277+0000] {dagbag.py:588} INFO - Filling up the DagBag from /opt/conda/lib/python3.12/site-packages/airflow/example_dags/example_outlet_event_extra.py
[2025-02-07T13:35:19.288+0000] {processor.py:925} INFO - DAG(s) 'dataset_with_extra_by_yield', 'dataset_with_extra_from_classic_operator', 'dataset_with_extra_by_context' retrieved from /opt/conda/lib/python3.12/site-packages/airflow/example_dags/example_outlet_event_extra.py
[2025-02-07T13:35:19.302+0000] {logging_mixin.py:190} INFO - [2025-02-07T13:35:19.302+0000] {dag.py:3239} INFO - Sync 3 DAGs
[2025-02-07T13:35:19.313+0000] {logging_mixin.py:190} INFO - [2025-02-07T13:35:19.313+0000] {dag.py:4180} INFO - Setting next_dagrun for dataset_with_extra_by_context to 2025-02-06 00:00:00+00:00, run_after=2025-02-07 00:00:00+00:00
[2025-02-07T13:35:19.315+0000] {logging_mixin.py:190} INFO - [2025-02-07T13:35:19.315+0000] {dag.py:4180} INFO - Setting next_dagrun for dataset_with_extra_by_yield to 2025-02-06 00:00:00+00:00, run_after=2025-02-07 00:00:00+00:00
[2025-02-07T13:35:19.316+0000] {logging_mixin.py:190} INFO - [2025-02-07T13:35:19.316+0000] {dag.py:4180} INFO - Setting next_dagrun for dataset_with_extra_from_classic_operator to 2025-02-06 00:00:00+00:00, run_after=2025-02-07 00:00:00+00:00
[2025-02-07T13:35:19.329+0000] {processor.py:208} INFO - Processing /opt/conda/lib/python3.12/site-packages/airflow/example_dags/example_outlet_event_extra.py took 0.057 seconds
[2025-02-07T13:38:48.104+0000] {processor.py:186} INFO - Started process (PID=435) to work on /opt/conda/lib/python3.12/site-packages/airflow/example_dags/example_outlet_event_extra.py
[2025-02-07T13:38:48.105+0000] {processor.py:914} INFO - Processing file /opt/conda/lib/python3.12/site-packages/airflow/example_dags/example_outlet_event_extra.py for tasks to queue
[2025-02-07T13:38:48.108+0000] {logging_mixin.py:190} INFO - [2025-02-07T13:38:48.107+0000] {dagbag.py:588} INFO - Filling up the DagBag from /opt/conda/lib/python3.12/site-packages/airflow/example_dags/example_outlet_event_extra.py
[2025-02-07T13:38:48.122+0000] {processor.py:925} INFO - DAG(s) 'dataset_with_extra_by_yield', 'dataset_with_extra_by_context', 'dataset_with_extra_from_classic_operator' retrieved from /opt/conda/lib/python3.12/site-packages/airflow/example_dags/example_outlet_event_extra.py
[2025-02-07T13:38:48.139+0000] {logging_mixin.py:190} INFO - [2025-02-07T13:38:48.139+0000] {dag.py:3239} INFO - Sync 3 DAGs
[2025-02-07T13:38:48.154+0000] {logging_mixin.py:190} INFO - [2025-02-07T13:38:48.153+0000] {dag.py:4180} INFO - Setting next_dagrun for dataset_with_extra_by_context to 2025-02-06 00:00:00+00:00, run_after=2025-02-07 00:00:00+00:00
[2025-02-07T13:38:48.156+0000] {logging_mixin.py:190} INFO - [2025-02-07T13:38:48.156+0000] {dag.py:4180} INFO - Setting next_dagrun for dataset_with_extra_by_yield to 2025-02-06 00:00:00+00:00, run_after=2025-02-07 00:00:00+00:00
[2025-02-07T13:38:48.158+0000] {logging_mixin.py:190} INFO - [2025-02-07T13:38:48.158+0000] {dag.py:4180} INFO - Setting next_dagrun for dataset_with_extra_from_classic_operator to 2025-02-06 00:00:00+00:00, run_after=2025-02-07 00:00:00+00:00
[2025-02-07T13:38:48.173+0000] {processor.py:208} INFO - Processing /opt/conda/lib/python3.12/site-packages/airflow/example_dags/example_outlet_event_extra.py took 0.074 seconds
[2025-02-07T13:39:48.705+0000] {processor.py:186} INFO - Started process (PID=506) to work on /opt/conda/lib/python3.12/site-packages/airflow/example_dags/example_outlet_event_extra.py
[2025-02-07T13:39:48.706+0000] {processor.py:914} INFO - Processing file /opt/conda/lib/python3.12/site-packages/airflow/example_dags/example_outlet_event_extra.py for tasks to queue
[2025-02-07T13:39:48.708+0000] {logging_mixin.py:190} INFO - [2025-02-07T13:39:48.707+0000] {dagbag.py:588} INFO - Filling up the DagBag from /opt/conda/lib/python3.12/site-packages/airflow/example_dags/example_outlet_event_extra.py
[2025-02-07T13:39:48.721+0000] {processor.py:925} INFO - DAG(s) 'dataset_with_extra_from_classic_operator', 'dataset_with_extra_by_yield', 'dataset_with_extra_by_context' retrieved from /opt/conda/lib/python3.12/site-packages/airflow/example_dags/example_outlet_event_extra.py
[2025-02-07T13:39:48.737+0000] {logging_mixin.py:190} INFO - [2025-02-07T13:39:48.737+0000] {dag.py:3239} INFO - Sync 3 DAGs
[2025-02-07T13:39:48.752+0000] {logging_mixin.py:190} INFO - [2025-02-07T13:39:48.751+0000] {dag.py:4180} INFO - Setting next_dagrun for dataset_with_extra_by_context to 2025-02-06 00:00:00+00:00, run_after=2025-02-07 00:00:00+00:00
[2025-02-07T13:39:48.755+0000] {logging_mixin.py:190} INFO - [2025-02-07T13:39:48.754+0000] {dag.py:4180} INFO - Setting next_dagrun for dataset_with_extra_by_yield to 2025-02-06 00:00:00+00:00, run_after=2025-02-07 00:00:00+00:00
[2025-02-07T13:39:48.756+0000] {logging_mixin.py:190} INFO - [2025-02-07T13:39:48.756+0000] {dag.py:4180} INFO - Setting next_dagrun for dataset_with_extra_from_classic_operator to 2025-02-06 00:00:00+00:00, run_after=2025-02-07 00:00:00+00:00
[2025-02-07T13:39:48.773+0000] {processor.py:208} INFO - Processing /opt/conda/lib/python3.12/site-packages/airflow/example_dags/example_outlet_event_extra.py took 0.074 seconds
[2025-02-07T13:40:47.711+0000] {processor.py:186} INFO - Started process (PID=574) to work on /opt/conda/lib/python3.12/site-packages/airflow/example_dags/example_outlet_event_extra.py
[2025-02-07T13:40:47.712+0000] {processor.py:914} INFO - Processing file /opt/conda/lib/python3.12/site-packages/airflow/example_dags/example_outlet_event_extra.py for tasks to queue
[2025-02-07T13:40:47.714+0000] {logging_mixin.py:190} INFO - [2025-02-07T13:40:47.714+0000] {dagbag.py:588} INFO - Filling up the DagBag from /opt/conda/lib/python3.12/site-packages/airflow/example_dags/example_outlet_event_extra.py
[2025-02-07T13:40:47.726+0000] {processor.py:925} INFO - DAG(s) 'dataset_with_extra_by_yield', 'dataset_with_extra_from_classic_operator', 'dataset_with_extra_by_context' retrieved from /opt/conda/lib/python3.12/site-packages/airflow/example_dags/example_outlet_event_extra.py
[2025-02-07T13:40:47.741+0000] {logging_mixin.py:190} INFO - [2025-02-07T13:40:47.741+0000] {dag.py:3239} INFO - Sync 3 DAGs
[2025-02-07T13:40:47.754+0000] {logging_mixin.py:190} INFO - [2025-02-07T13:40:47.754+0000] {dag.py:4180} INFO - Setting next_dagrun for dataset_with_extra_by_context to 2025-02-06 00:00:00+00:00, run_after=2025-02-07 00:00:00+00:00
[2025-02-07T13:40:47.757+0000] {logging_mixin.py:190} INFO - [2025-02-07T13:40:47.757+0000] {dag.py:4180} INFO - Setting next_dagrun for dataset_with_extra_by_yield to 2025-02-06 00:00:00+00:00, run_after=2025-02-07 00:00:00+00:00
[2025-02-07T13:40:47.758+0000] {logging_mixin.py:190} INFO - [2025-02-07T13:40:47.758+0000] {dag.py:4180} INFO - Setting next_dagrun for dataset_with_extra_from_classic_operator to 2025-02-06 00:00:00+00:00, run_after=2025-02-07 00:00:00+00:00
[2025-02-07T13:40:47.770+0000] {processor.py:208} INFO - Processing /opt/conda/lib/python3.12/site-packages/airflow/example_dags/example_outlet_event_extra.py took 0.064 seconds
[2025-02-07T13:41:46.650+0000] {processor.py:186} INFO - Started process (PID=642) to work on /opt/conda/lib/python3.12/site-packages/airflow/example_dags/example_outlet_event_extra.py
[2025-02-07T13:41:46.651+0000] {processor.py:914} INFO - Processing file /opt/conda/lib/python3.12/site-packages/airflow/example_dags/example_outlet_event_extra.py for tasks to queue
[2025-02-07T13:41:46.652+0000] {logging_mixin.py:190} INFO - [2025-02-07T13:41:46.652+0000] {dagbag.py:588} INFO - Filling up the DagBag from /opt/conda/lib/python3.12/site-packages/airflow/example_dags/example_outlet_event_extra.py
[2025-02-07T13:41:46.663+0000] {processor.py:925} INFO - DAG(s) 'dataset_with_extra_by_yield', 'dataset_with_extra_from_classic_operator', 'dataset_with_extra_by_context' retrieved from /opt/conda/lib/python3.12/site-packages/airflow/example_dags/example_outlet_event_extra.py
[2025-02-07T13:41:46.679+0000] {logging_mixin.py:190} INFO - [2025-02-07T13:41:46.679+0000] {dag.py:3239} INFO - Sync 3 DAGs
[2025-02-07T13:41:46.692+0000] {logging_mixin.py:190} INFO - [2025-02-07T13:41:46.691+0000] {dag.py:4180} INFO - Setting next_dagrun for dataset_with_extra_by_context to 2025-02-06 00:00:00+00:00, run_after=2025-02-07 00:00:00+00:00
[2025-02-07T13:41:46.694+0000] {logging_mixin.py:190} INFO - [2025-02-07T13:41:46.694+0000] {dag.py:4180} INFO - Setting next_dagrun for dataset_with_extra_by_yield to 2025-02-06 00:00:00+00:00, run_after=2025-02-07 00:00:00+00:00
[2025-02-07T13:41:46.696+0000] {logging_mixin.py:190} INFO - [2025-02-07T13:41:46.695+0000] {dag.py:4180} INFO - Setting next_dagrun for dataset_with_extra_from_classic_operator to 2025-02-06 00:00:00+00:00, run_after=2025-02-07 00:00:00+00:00
[2025-02-07T13:41:46.710+0000] {processor.py:208} INFO - Processing /opt/conda/lib/python3.12/site-packages/airflow/example_dags/example_outlet_event_extra.py took 0.064 seconds
[2025-02-07T13:42:59.251+0000] {processor.py:186} INFO - Started process (PID=825) to work on /opt/conda/lib/python3.12/site-packages/airflow/example_dags/example_outlet_event_extra.py
[2025-02-07T13:42:59.252+0000] {processor.py:914} INFO - Processing file /opt/conda/lib/python3.12/site-packages/airflow/example_dags/example_outlet_event_extra.py for tasks to queue
[2025-02-07T13:42:59.256+0000] {logging_mixin.py:190} INFO - [2025-02-07T13:42:59.255+0000] {dagbag.py:588} INFO - Filling up the DagBag from /opt/conda/lib/python3.12/site-packages/airflow/example_dags/example_outlet_event_extra.py
[2025-02-07T13:42:59.273+0000] {processor.py:925} INFO - DAG(s) 'dataset_with_extra_by_context', 'dataset_with_extra_by_yield', 'dataset_with_extra_from_classic_operator' retrieved from /opt/conda/lib/python3.12/site-packages/airflow/example_dags/example_outlet_event_extra.py
[2025-02-07T13:42:59.291+0000] {logging_mixin.py:190} INFO - [2025-02-07T13:42:59.291+0000] {dag.py:3239} INFO - Sync 3 DAGs
[2025-02-07T13:42:59.308+0000] {logging_mixin.py:190} INFO - [2025-02-07T13:42:59.308+0000] {dag.py:4180} INFO - Setting next_dagrun for dataset_with_extra_by_context to 2025-02-06 00:00:00+00:00, run_after=2025-02-07 00:00:00+00:00
[2025-02-07T13:42:59.311+0000] {logging_mixin.py:190} INFO - [2025-02-07T13:42:59.311+0000] {dag.py:4180} INFO - Setting next_dagrun for dataset_with_extra_by_yield to 2025-02-06 00:00:00+00:00, run_after=2025-02-07 00:00:00+00:00
[2025-02-07T13:42:59.312+0000] {logging_mixin.py:190} INFO - [2025-02-07T13:42:59.312+0000] {dag.py:4180} INFO - Setting next_dagrun for dataset_with_extra_from_classic_operator to 2025-02-06 00:00:00+00:00, run_after=2025-02-07 00:00:00+00:00
[2025-02-07T13:42:59.327+0000] {processor.py:208} INFO - Processing /opt/conda/lib/python3.12/site-packages/airflow/example_dags/example_outlet_event_extra.py took 0.084 seconds
[2025-02-07T13:44:27.795+0000] {processor.py:186} INFO - Started process (PID=1017) to work on /opt/conda/lib/python3.12/site-packages/airflow/example_dags/example_outlet_event_extra.py
[2025-02-07T13:44:27.796+0000] {processor.py:914} INFO - Processing file /opt/conda/lib/python3.12/site-packages/airflow/example_dags/example_outlet_event_extra.py for tasks to queue
[2025-02-07T13:44:27.799+0000] {logging_mixin.py:190} INFO - [2025-02-07T13:44:27.799+0000] {dagbag.py:588} INFO - Filling up the DagBag from /opt/conda/lib/python3.12/site-packages/airflow/example_dags/example_outlet_event_extra.py
[2025-02-07T13:44:27.813+0000] {processor.py:925} INFO - DAG(s) 'dataset_with_extra_from_classic_operator', 'dataset_with_extra_by_yield', 'dataset_with_extra_by_context' retrieved from /opt/conda/lib/python3.12/site-packages/airflow/example_dags/example_outlet_event_extra.py
[2025-02-07T13:44:27.829+0000] {logging_mixin.py:190} INFO - [2025-02-07T13:44:27.829+0000] {dag.py:3239} INFO - Sync 3 DAGs
[2025-02-07T13:44:27.845+0000] {logging_mixin.py:190} INFO - [2025-02-07T13:44:27.845+0000] {dag.py:4180} INFO - Setting next_dagrun for dataset_with_extra_by_context to 2025-02-06 00:00:00+00:00, run_after=2025-02-07 00:00:00+00:00
[2025-02-07T13:44:27.848+0000] {logging_mixin.py:190} INFO - [2025-02-07T13:44:27.848+0000] {dag.py:4180} INFO - Setting next_dagrun for dataset_with_extra_by_yield to 2025-02-06 00:00:00+00:00, run_after=2025-02-07 00:00:00+00:00
[2025-02-07T13:44:27.849+0000] {logging_mixin.py:190} INFO - [2025-02-07T13:44:27.849+0000] {dag.py:4180} INFO - Setting next_dagrun for dataset_with_extra_from_classic_operator to 2025-02-06 00:00:00+00:00, run_after=2025-02-07 00:00:00+00:00
[2025-02-07T13:44:27.864+0000] {processor.py:208} INFO - Processing /opt/conda/lib/python3.12/site-packages/airflow/example_dags/example_outlet_event_extra.py took 0.075 seconds
[2025-02-07T13:46:03.538+0000] {processor.py:186} INFO - Started process (PID=1203) to work on /opt/conda/lib/python3.12/site-packages/airflow/example_dags/example_outlet_event_extra.py
[2025-02-07T13:46:03.539+0000] {processor.py:914} INFO - Processing file /opt/conda/lib/python3.12/site-packages/airflow/example_dags/example_outlet_event_extra.py for tasks to queue
[2025-02-07T13:46:03.541+0000] {logging_mixin.py:190} INFO - [2025-02-07T13:46:03.541+0000] {dagbag.py:588} INFO - Filling up the DagBag from /opt/conda/lib/python3.12/site-packages/airflow/example_dags/example_outlet_event_extra.py
[2025-02-07T13:46:03.557+0000] {processor.py:925} INFO - DAG(s) 'dataset_with_extra_from_classic_operator', 'dataset_with_extra_by_yield', 'dataset_with_extra_by_context' retrieved from /opt/conda/lib/python3.12/site-packages/airflow/example_dags/example_outlet_event_extra.py
[2025-02-07T13:46:03.585+0000] {logging_mixin.py:190} INFO - [2025-02-07T13:46:03.585+0000] {dag.py:3239} INFO - Sync 3 DAGs
[2025-02-07T13:46:03.600+0000] {logging_mixin.py:190} INFO - [2025-02-07T13:46:03.600+0000] {dag.py:4180} INFO - Setting next_dagrun for dataset_with_extra_by_context to 2025-02-06 00:00:00+00:00, run_after=2025-02-07 00:00:00+00:00
[2025-02-07T13:46:03.604+0000] {logging_mixin.py:190} INFO - [2025-02-07T13:46:03.604+0000] {dag.py:4180} INFO - Setting next_dagrun for dataset_with_extra_by_yield to 2025-02-06 00:00:00+00:00, run_after=2025-02-07 00:00:00+00:00
[2025-02-07T13:46:03.608+0000] {logging_mixin.py:190} INFO - [2025-02-07T13:46:03.607+0000] {dag.py:4180} INFO - Setting next_dagrun for dataset_with_extra_from_classic_operator to 2025-02-06 00:00:00+00:00, run_after=2025-02-07 00:00:00+00:00
[2025-02-07T13:46:03.665+0000] {processor.py:208} INFO - Processing /opt/conda/lib/python3.12/site-packages/airflow/example_dags/example_outlet_event_extra.py took 0.134 seconds
[2025-02-07T14:05:21.893+0000] {processor.py:186} INFO - Started process (PID=1761) to work on /opt/conda/lib/python3.12/site-packages/airflow/example_dags/example_outlet_event_extra.py
[2025-02-07T14:05:21.897+0000] {processor.py:914} INFO - Processing file /opt/conda/lib/python3.12/site-packages/airflow/example_dags/example_outlet_event_extra.py for tasks to queue
[2025-02-07T14:05:21.899+0000] {logging_mixin.py:190} INFO - [2025-02-07T14:05:21.898+0000] {dagbag.py:588} INFO - Filling up the DagBag from /opt/conda/lib/python3.12/site-packages/airflow/example_dags/example_outlet_event_extra.py
[2025-02-07T14:05:21.954+0000] {processor.py:925} INFO - DAG(s) 'dataset_with_extra_from_classic_operator', 'dataset_with_extra_by_context', 'dataset_with_extra_by_yield' retrieved from /opt/conda/lib/python3.12/site-packages/airflow/example_dags/example_outlet_event_extra.py
[2025-02-07T14:05:22.014+0000] {logging_mixin.py:190} INFO - [2025-02-07T14:05:22.014+0000] {dag.py:3239} INFO - Sync 3 DAGs
[2025-02-07T14:05:22.052+0000] {logging_mixin.py:190} INFO - [2025-02-07T14:05:22.052+0000] {dag.py:4180} INFO - Setting next_dagrun for dataset_with_extra_by_context to 2025-02-06 00:00:00+00:00, run_after=2025-02-07 00:00:00+00:00
[2025-02-07T14:05:22.056+0000] {logging_mixin.py:190} INFO - [2025-02-07T14:05:22.055+0000] {dag.py:4180} INFO - Setting next_dagrun for dataset_with_extra_by_yield to 2025-02-06 00:00:00+00:00, run_after=2025-02-07 00:00:00+00:00
[2025-02-07T14:05:22.058+0000] {logging_mixin.py:190} INFO - [2025-02-07T14:05:22.058+0000] {dag.py:4180} INFO - Setting next_dagrun for dataset_with_extra_from_classic_operator to 2025-02-06 00:00:00+00:00, run_after=2025-02-07 00:00:00+00:00
[2025-02-07T14:05:22.096+0000] {processor.py:208} INFO - Processing /opt/conda/lib/python3.12/site-packages/airflow/example_dags/example_outlet_event_extra.py took 0.237 seconds
[2025-02-07T14:06:25.974+0000] {processor.py:186} INFO - Started process (PID=1831) to work on /opt/conda/lib/python3.12/site-packages/airflow/example_dags/example_outlet_event_extra.py
[2025-02-07T14:06:25.977+0000] {processor.py:914} INFO - Processing file /opt/conda/lib/python3.12/site-packages/airflow/example_dags/example_outlet_event_extra.py for tasks to queue
[2025-02-07T14:06:25.978+0000] {logging_mixin.py:190} INFO - [2025-02-07T14:06:25.977+0000] {dagbag.py:588} INFO - Filling up the DagBag from /opt/conda/lib/python3.12/site-packages/airflow/example_dags/example_outlet_event_extra.py
[2025-02-07T14:06:25.987+0000] {processor.py:925} INFO - DAG(s) 'dataset_with_extra_by_yield', 'dataset_with_extra_by_context', 'dataset_with_extra_from_classic_operator' retrieved from /opt/conda/lib/python3.12/site-packages/airflow/example_dags/example_outlet_event_extra.py
[2025-02-07T14:06:26.001+0000] {logging_mixin.py:190} INFO - [2025-02-07T14:06:26.000+0000] {dag.py:3239} INFO - Sync 3 DAGs
[2025-02-07T14:06:26.014+0000] {logging_mixin.py:190} INFO - [2025-02-07T14:06:26.014+0000] {dag.py:4180} INFO - Setting next_dagrun for dataset_with_extra_by_context to 2025-02-06 00:00:00+00:00, run_after=2025-02-07 00:00:00+00:00
[2025-02-07T14:06:26.017+0000] {logging_mixin.py:190} INFO - [2025-02-07T14:06:26.016+0000] {dag.py:4180} INFO - Setting next_dagrun for dataset_with_extra_by_yield to 2025-02-06 00:00:00+00:00, run_after=2025-02-07 00:00:00+00:00
[2025-02-07T14:06:26.018+0000] {logging_mixin.py:190} INFO - [2025-02-07T14:06:26.018+0000] {dag.py:4180} INFO - Setting next_dagrun for dataset_with_extra_from_classic_operator to 2025-02-06 00:00:00+00:00, run_after=2025-02-07 00:00:00+00:00
[2025-02-07T14:06:26.039+0000] {processor.py:208} INFO - Processing /opt/conda/lib/python3.12/site-packages/airflow/example_dags/example_outlet_event_extra.py took 0.088 seconds
[2025-02-07T14:07:46.635+0000] {processor.py:186} INFO - Started process (PID=2017) to work on /opt/conda/lib/python3.12/site-packages/airflow/example_dags/example_outlet_event_extra.py
[2025-02-07T14:07:46.638+0000] {processor.py:914} INFO - Processing file /opt/conda/lib/python3.12/site-packages/airflow/example_dags/example_outlet_event_extra.py for tasks to queue
[2025-02-07T14:07:46.640+0000] {logging_mixin.py:190} INFO - [2025-02-07T14:07:46.640+0000] {dagbag.py:588} INFO - Filling up the DagBag from /opt/conda/lib/python3.12/site-packages/airflow/example_dags/example_outlet_event_extra.py
[2025-02-07T14:07:46.667+0000] {processor.py:925} INFO - DAG(s) 'dataset_with_extra_by_yield', 'dataset_with_extra_from_classic_operator', 'dataset_with_extra_by_context' retrieved from /opt/conda/lib/python3.12/site-packages/airflow/example_dags/example_outlet_event_extra.py
[2025-02-07T14:07:46.702+0000] {logging_mixin.py:190} INFO - [2025-02-07T14:07:46.702+0000] {dag.py:3239} INFO - Sync 3 DAGs
[2025-02-07T14:07:46.733+0000] {logging_mixin.py:190} INFO - [2025-02-07T14:07:46.732+0000] {dag.py:4180} INFO - Setting next_dagrun for dataset_with_extra_by_context to 2025-02-06 00:00:00+00:00, run_after=2025-02-07 00:00:00+00:00
[2025-02-07T14:07:46.741+0000] {logging_mixin.py:190} INFO - [2025-02-07T14:07:46.740+0000] {dag.py:4180} INFO - Setting next_dagrun for dataset_with_extra_by_yield to 2025-02-06 00:00:00+00:00, run_after=2025-02-07 00:00:00+00:00
[2025-02-07T14:07:46.742+0000] {logging_mixin.py:190} INFO - [2025-02-07T14:07:46.742+0000] {dag.py:4180} INFO - Setting next_dagrun for dataset_with_extra_from_classic_operator to 2025-02-06 00:00:00+00:00, run_after=2025-02-07 00:00:00+00:00
[2025-02-07T14:07:46.762+0000] {processor.py:208} INFO - Processing /opt/conda/lib/python3.12/site-packages/airflow/example_dags/example_outlet_event_extra.py took 0.138 seconds
