[2025-02-07T12:13:25.888+0000] {processor.py:186} INFO - Started process (PID=3201) to work on /opt/conda/lib/python3.12/site-packages/airflow/example_dags/example_branch_operator_decorator.py
[2025-02-07T12:13:25.890+0000] {processor.py:914} INFO - Processing file /opt/conda/lib/python3.12/site-packages/airflow/example_dags/example_branch_operator_decorator.py for tasks to queue
[2025-02-07T12:13:25.900+0000] {logging_mixin.py:190} INFO - [2025-02-07T12:13:25.898+0000] {dagbag.py:588} INFO - Filling up the DagBag from /opt/conda/lib/python3.12/site-packages/airflow/example_dags/example_branch_operator_decorator.py
[2025-02-07T12:13:25.922+0000] {processor.py:927} WARNING - No viable dags retrieved from /opt/conda/lib/python3.12/site-packages/airflow/example_dags/example_branch_operator_decorator.py
[2025-02-07T12:13:25.946+0000] {processor.py:208} INFO - Processing /opt/conda/lib/python3.12/site-packages/airflow/example_dags/example_branch_operator_decorator.py took 0.065 seconds
[2025-02-07T12:33:12.371+0000] {processor.py:186} INFO - Started process (PID=142) to work on /opt/conda/lib/python3.12/site-packages/airflow/example_dags/example_branch_operator_decorator.py
[2025-02-07T12:33:12.372+0000] {processor.py:914} INFO - Processing file /opt/conda/lib/python3.12/site-packages/airflow/example_dags/example_branch_operator_decorator.py for tasks to queue
[2025-02-07T12:33:12.376+0000] {logging_mixin.py:190} INFO - [2025-02-07T12:33:12.375+0000] {dagbag.py:588} INFO - Filling up the DagBag from /opt/conda/lib/python3.12/site-packages/airflow/example_dags/example_branch_operator_decorator.py
[2025-02-07T12:33:12.385+0000] {processor.py:927} WARNING - No viable dags retrieved from /opt/conda/lib/python3.12/site-packages/airflow/example_dags/example_branch_operator_decorator.py
[2025-02-07T12:33:12.406+0000] {processor.py:208} INFO - Processing /opt/conda/lib/python3.12/site-packages/airflow/example_dags/example_branch_operator_decorator.py took 0.043 seconds
[2025-02-07T12:37:01.305+0000] {processor.py:186} INFO - Started process (PID=120) to work on /opt/conda/lib/python3.12/site-packages/airflow/example_dags/example_branch_operator_decorator.py
[2025-02-07T12:37:01.307+0000] {processor.py:914} INFO - Processing file /opt/conda/lib/python3.12/site-packages/airflow/example_dags/example_branch_operator_decorator.py for tasks to queue
[2025-02-07T12:37:01.310+0000] {logging_mixin.py:190} INFO - [2025-02-07T12:37:01.309+0000] {dagbag.py:588} INFO - Filling up the DagBag from /opt/conda/lib/python3.12/site-packages/airflow/example_dags/example_branch_operator_decorator.py
[2025-02-07T12:37:01.315+0000] {processor.py:927} WARNING - No viable dags retrieved from /opt/conda/lib/python3.12/site-packages/airflow/example_dags/example_branch_operator_decorator.py
[2025-02-07T12:37:01.331+0000] {processor.py:208} INFO - Processing /opt/conda/lib/python3.12/site-packages/airflow/example_dags/example_branch_operator_decorator.py took 0.041 seconds
[2025-02-07T12:38:15.014+0000] {processor.py:186} INFO - Started process (PID=195) to work on /opt/conda/lib/python3.12/site-packages/airflow/example_dags/example_branch_operator_decorator.py
[2025-02-07T12:38:15.016+0000] {processor.py:914} INFO - Processing file /opt/conda/lib/python3.12/site-packages/airflow/example_dags/example_branch_operator_decorator.py for tasks to queue
[2025-02-07T12:38:15.018+0000] {logging_mixin.py:190} INFO - [2025-02-07T12:38:15.017+0000] {dagbag.py:588} INFO - Filling up the DagBag from /opt/conda/lib/python3.12/site-packages/airflow/example_dags/example_branch_operator_decorator.py
[2025-02-07T12:38:15.020+0000] {processor.py:927} WARNING - No viable dags retrieved from /opt/conda/lib/python3.12/site-packages/airflow/example_dags/example_branch_operator_decorator.py
[2025-02-07T12:38:15.029+0000] {processor.py:208} INFO - Processing /opt/conda/lib/python3.12/site-packages/airflow/example_dags/example_branch_operator_decorator.py took 0.020 seconds
[2025-02-07T12:39:13.148+0000] {processor.py:186} INFO - Started process (PID=264) to work on /opt/conda/lib/python3.12/site-packages/airflow/example_dags/example_branch_operator_decorator.py
[2025-02-07T12:39:13.149+0000] {processor.py:914} INFO - Processing file /opt/conda/lib/python3.12/site-packages/airflow/example_dags/example_branch_operator_decorator.py for tasks to queue
[2025-02-07T12:39:13.151+0000] {logging_mixin.py:190} INFO - [2025-02-07T12:39:13.150+0000] {dagbag.py:588} INFO - Filling up the DagBag from /opt/conda/lib/python3.12/site-packages/airflow/example_dags/example_branch_operator_decorator.py
[2025-02-07T12:39:13.153+0000] {processor.py:927} WARNING - No viable dags retrieved from /opt/conda/lib/python3.12/site-packages/airflow/example_dags/example_branch_operator_decorator.py
[2025-02-07T12:39:13.162+0000] {processor.py:208} INFO - Processing /opt/conda/lib/python3.12/site-packages/airflow/example_dags/example_branch_operator_decorator.py took 0.019 seconds
[2025-02-07T12:40:10.976+0000] {processor.py:186} INFO - Started process (PID=332) to work on /opt/conda/lib/python3.12/site-packages/airflow/example_dags/example_branch_operator_decorator.py
[2025-02-07T12:40:10.977+0000] {processor.py:914} INFO - Processing file /opt/conda/lib/python3.12/site-packages/airflow/example_dags/example_branch_operator_decorator.py for tasks to queue
[2025-02-07T12:40:10.981+0000] {logging_mixin.py:190} INFO - [2025-02-07T12:40:10.981+0000] {dagbag.py:588} INFO - Filling up the DagBag from /opt/conda/lib/python3.12/site-packages/airflow/example_dags/example_branch_operator_decorator.py
[2025-02-07T12:40:10.984+0000] {processor.py:927} WARNING - No viable dags retrieved from /opt/conda/lib/python3.12/site-packages/airflow/example_dags/example_branch_operator_decorator.py
[2025-02-07T12:40:10.994+0000] {processor.py:208} INFO - Processing /opt/conda/lib/python3.12/site-packages/airflow/example_dags/example_branch_operator_decorator.py took 0.026 seconds
[2025-02-07T12:41:10.177+0000] {processor.py:186} INFO - Started process (PID=401) to work on /opt/conda/lib/python3.12/site-packages/airflow/example_dags/example_branch_operator_decorator.py
[2025-02-07T12:41:10.178+0000] {processor.py:914} INFO - Processing file /opt/conda/lib/python3.12/site-packages/airflow/example_dags/example_branch_operator_decorator.py for tasks to queue
[2025-02-07T12:41:10.180+0000] {logging_mixin.py:190} INFO - [2025-02-07T12:41:10.180+0000] {dagbag.py:588} INFO - Filling up the DagBag from /opt/conda/lib/python3.12/site-packages/airflow/example_dags/example_branch_operator_decorator.py
[2025-02-07T12:41:10.183+0000] {processor.py:927} WARNING - No viable dags retrieved from /opt/conda/lib/python3.12/site-packages/airflow/example_dags/example_branch_operator_decorator.py
[2025-02-07T12:41:10.197+0000] {processor.py:208} INFO - Processing /opt/conda/lib/python3.12/site-packages/airflow/example_dags/example_branch_operator_decorator.py took 0.028 seconds
[2025-02-07T12:53:05.456+0000] {processor.py:186} INFO - Started process (PID=5068) to work on /opt/conda/lib/python3.12/site-packages/airflow/example_dags/example_branch_operator_decorator.py
[2025-02-07T12:53:05.456+0000] {processor.py:914} INFO - Processing file /opt/conda/lib/python3.12/site-packages/airflow/example_dags/example_branch_operator_decorator.py for tasks to queue
[2025-02-07T12:53:05.458+0000] {logging_mixin.py:190} INFO - [2025-02-07T12:53:05.458+0000] {dagbag.py:588} INFO - Filling up the DagBag from /opt/conda/lib/python3.12/site-packages/airflow/example_dags/example_branch_operator_decorator.py
[2025-02-07T12:53:05.460+0000] {processor.py:927} WARNING - No viable dags retrieved from /opt/conda/lib/python3.12/site-packages/airflow/example_dags/example_branch_operator_decorator.py
[2025-02-07T12:53:05.467+0000] {processor.py:208} INFO - Processing /opt/conda/lib/python3.12/site-packages/airflow/example_dags/example_branch_operator_decorator.py took 0.015 seconds
[2025-02-07T13:01:27.043+0000] {processor.py:186} INFO - Started process (PID=8580) to work on /opt/conda/lib/python3.12/site-packages/airflow/example_dags/example_branch_operator_decorator.py
[2025-02-07T13:01:27.045+0000] {processor.py:914} INFO - Processing file /opt/conda/lib/python3.12/site-packages/airflow/example_dags/example_branch_operator_decorator.py for tasks to queue
[2025-02-07T13:01:27.049+0000] {logging_mixin.py:190} INFO - [2025-02-07T13:01:27.048+0000] {dagbag.py:588} INFO - Filling up the DagBag from /opt/conda/lib/python3.12/site-packages/airflow/example_dags/example_branch_operator_decorator.py
[2025-02-07T13:01:27.053+0000] {processor.py:927} WARNING - No viable dags retrieved from /opt/conda/lib/python3.12/site-packages/airflow/example_dags/example_branch_operator_decorator.py
[2025-02-07T13:01:27.063+0000] {processor.py:208} INFO - Processing /opt/conda/lib/python3.12/site-packages/airflow/example_dags/example_branch_operator_decorator.py took 0.026 seconds
[2025-02-07T13:28:02.966+0000] {processor.py:186} INFO - Started process (PID=300) to work on /opt/conda/lib/python3.12/site-packages/airflow/example_dags/example_branch_operator_decorator.py
[2025-02-07T13:28:02.968+0000] {processor.py:914} INFO - Processing file /opt/conda/lib/python3.12/site-packages/airflow/example_dags/example_branch_operator_decorator.py for tasks to queue
[2025-02-07T13:28:02.971+0000] {logging_mixin.py:190} INFO - [2025-02-07T13:28:02.971+0000] {dagbag.py:588} INFO - Filling up the DagBag from /opt/conda/lib/python3.12/site-packages/airflow/example_dags/example_branch_operator_decorator.py
[2025-02-07T13:28:02.981+0000] {processor.py:927} WARNING - No viable dags retrieved from /opt/conda/lib/python3.12/site-packages/airflow/example_dags/example_branch_operator_decorator.py
[2025-02-07T13:28:03.000+0000] {processor.py:208} INFO - Processing /opt/conda/lib/python3.12/site-packages/airflow/example_dags/example_branch_operator_decorator.py took 0.037 seconds
[2025-02-07T13:29:38.121+0000] {processor.py:186} INFO - Started process (PID=392) to work on /opt/conda/lib/python3.12/site-packages/airflow/example_dags/example_branch_operator_decorator.py
[2025-02-07T13:29:38.122+0000] {processor.py:914} INFO - Processing file /opt/conda/lib/python3.12/site-packages/airflow/example_dags/example_branch_operator_decorator.py for tasks to queue
[2025-02-07T13:29:38.124+0000] {logging_mixin.py:190} INFO - [2025-02-07T13:29:38.124+0000] {dagbag.py:588} INFO - Filling up the DagBag from /opt/conda/lib/python3.12/site-packages/airflow/example_dags/example_branch_operator_decorator.py
[2025-02-07T13:29:38.127+0000] {processor.py:927} WARNING - No viable dags retrieved from /opt/conda/lib/python3.12/site-packages/airflow/example_dags/example_branch_operator_decorator.py
[2025-02-07T13:29:38.136+0000] {processor.py:208} INFO - Processing /opt/conda/lib/python3.12/site-packages/airflow/example_dags/example_branch_operator_decorator.py took 0.021 seconds
[2025-02-07T13:39:04.525+0000] {processor.py:186} INFO - Started process (PID=452) to work on /opt/conda/lib/python3.12/site-packages/airflow/example_dags/example_branch_operator_decorator.py
[2025-02-07T13:39:04.526+0000] {processor.py:914} INFO - Processing file /opt/conda/lib/python3.12/site-packages/airflow/example_dags/example_branch_operator_decorator.py for tasks to queue
[2025-02-07T13:39:04.530+0000] {logging_mixin.py:190} INFO - [2025-02-07T13:39:04.530+0000] {dagbag.py:588} INFO - Filling up the DagBag from /opt/conda/lib/python3.12/site-packages/airflow/example_dags/example_branch_operator_decorator.py
[2025-02-07T13:39:04.533+0000] {processor.py:927} WARNING - No viable dags retrieved from /opt/conda/lib/python3.12/site-packages/airflow/example_dags/example_branch_operator_decorator.py
[2025-02-07T13:39:04.544+0000] {processor.py:208} INFO - Processing /opt/conda/lib/python3.12/site-packages/airflow/example_dags/example_branch_operator_decorator.py took 0.024 seconds
[2025-02-07T13:40:06.439+0000] {processor.py:186} INFO - Started process (PID=523) to work on /opt/conda/lib/python3.12/site-packages/airflow/example_dags/example_branch_operator_decorator.py
[2025-02-07T13:40:06.440+0000] {processor.py:914} INFO - Processing file /opt/conda/lib/python3.12/site-packages/airflow/example_dags/example_branch_operator_decorator.py for tasks to queue
[2025-02-07T13:40:06.442+0000] {logging_mixin.py:190} INFO - [2025-02-07T13:40:06.442+0000] {dagbag.py:588} INFO - Filling up the DagBag from /opt/conda/lib/python3.12/site-packages/airflow/example_dags/example_branch_operator_decorator.py
[2025-02-07T13:40:06.445+0000] {processor.py:927} WARNING - No viable dags retrieved from /opt/conda/lib/python3.12/site-packages/airflow/example_dags/example_branch_operator_decorator.py
[2025-02-07T13:40:06.456+0000] {processor.py:208} INFO - Processing /opt/conda/lib/python3.12/site-packages/airflow/example_dags/example_branch_operator_decorator.py took 0.023 seconds
[2025-02-07T13:41:04.237+0000] {processor.py:186} INFO - Started process (PID=591) to work on /opt/conda/lib/python3.12/site-packages/airflow/example_dags/example_branch_operator_decorator.py
[2025-02-07T13:41:04.238+0000] {processor.py:914} INFO - Processing file /opt/conda/lib/python3.12/site-packages/airflow/example_dags/example_branch_operator_decorator.py for tasks to queue
[2025-02-07T13:41:04.240+0000] {logging_mixin.py:190} INFO - [2025-02-07T13:41:04.240+0000] {dagbag.py:588} INFO - Filling up the DagBag from /opt/conda/lib/python3.12/site-packages/airflow/example_dags/example_branch_operator_decorator.py
[2025-02-07T13:41:04.243+0000] {processor.py:927} WARNING - No viable dags retrieved from /opt/conda/lib/python3.12/site-packages/airflow/example_dags/example_branch_operator_decorator.py
[2025-02-07T13:41:04.252+0000] {processor.py:208} INFO - Processing /opt/conda/lib/python3.12/site-packages/airflow/example_dags/example_branch_operator_decorator.py took 0.020 seconds
[2025-02-07T13:42:02.686+0000] {processor.py:186} INFO - Started process (PID=659) to work on /opt/conda/lib/python3.12/site-packages/airflow/example_dags/example_branch_operator_decorator.py
[2025-02-07T13:42:02.688+0000] {processor.py:914} INFO - Processing file /opt/conda/lib/python3.12/site-packages/airflow/example_dags/example_branch_operator_decorator.py for tasks to queue
[2025-02-07T13:42:02.690+0000] {logging_mixin.py:190} INFO - [2025-02-07T13:42:02.690+0000] {dagbag.py:588} INFO - Filling up the DagBag from /opt/conda/lib/python3.12/site-packages/airflow/example_dags/example_branch_operator_decorator.py
[2025-02-07T13:42:02.693+0000] {processor.py:927} WARNING - No viable dags retrieved from /opt/conda/lib/python3.12/site-packages/airflow/example_dags/example_branch_operator_decorator.py
[2025-02-07T13:42:02.703+0000] {processor.py:208} INFO - Processing /opt/conda/lib/python3.12/site-packages/airflow/example_dags/example_branch_operator_decorator.py took 0.025 seconds
[2025-02-07T13:43:15.830+0000] {processor.py:186} INFO - Started process (PID=842) to work on /opt/conda/lib/python3.12/site-packages/airflow/example_dags/example_branch_operator_decorator.py
[2025-02-07T13:43:15.831+0000] {processor.py:914} INFO - Processing file /opt/conda/lib/python3.12/site-packages/airflow/example_dags/example_branch_operator_decorator.py for tasks to queue
[2025-02-07T13:43:15.833+0000] {logging_mixin.py:190} INFO - [2025-02-07T13:43:15.833+0000] {dagbag.py:588} INFO - Filling up the DagBag from /opt/conda/lib/python3.12/site-packages/airflow/example_dags/example_branch_operator_decorator.py
[2025-02-07T13:43:15.836+0000] {processor.py:927} WARNING - No viable dags retrieved from /opt/conda/lib/python3.12/site-packages/airflow/example_dags/example_branch_operator_decorator.py
[2025-02-07T13:43:15.845+0000] {processor.py:208} INFO - Processing /opt/conda/lib/python3.12/site-packages/airflow/example_dags/example_branch_operator_decorator.py took 0.021 seconds
[2025-02-07T13:44:43.269+0000] {processor.py:186} INFO - Started process (PID=1034) to work on /opt/conda/lib/python3.12/site-packages/airflow/example_dags/example_branch_operator_decorator.py
[2025-02-07T13:44:43.269+0000] {processor.py:914} INFO - Processing file /opt/conda/lib/python3.12/site-packages/airflow/example_dags/example_branch_operator_decorator.py for tasks to queue
[2025-02-07T13:44:43.271+0000] {logging_mixin.py:190} INFO - [2025-02-07T13:44:43.270+0000] {dagbag.py:588} INFO - Filling up the DagBag from /opt/conda/lib/python3.12/site-packages/airflow/example_dags/example_branch_operator_decorator.py
[2025-02-07T13:44:43.273+0000] {processor.py:927} WARNING - No viable dags retrieved from /opt/conda/lib/python3.12/site-packages/airflow/example_dags/example_branch_operator_decorator.py
[2025-02-07T13:44:43.280+0000] {processor.py:208} INFO - Processing /opt/conda/lib/python3.12/site-packages/airflow/example_dags/example_branch_operator_decorator.py took 0.015 seconds
[2025-02-07T13:46:21.604+0000] {processor.py:186} INFO - Started process (PID=1220) to work on /opt/conda/lib/python3.12/site-packages/airflow/example_dags/example_branch_operator_decorator.py
[2025-02-07T13:46:21.612+0000] {processor.py:914} INFO - Processing file /opt/conda/lib/python3.12/site-packages/airflow/example_dags/example_branch_operator_decorator.py for tasks to queue
[2025-02-07T13:46:21.614+0000] {logging_mixin.py:190} INFO - [2025-02-07T13:46:21.613+0000] {dagbag.py:588} INFO - Filling up the DagBag from /opt/conda/lib/python3.12/site-packages/airflow/example_dags/example_branch_operator_decorator.py
[2025-02-07T13:46:21.615+0000] {processor.py:927} WARNING - No viable dags retrieved from /opt/conda/lib/python3.12/site-packages/airflow/example_dags/example_branch_operator_decorator.py
[2025-02-07T13:46:21.623+0000] {processor.py:208} INFO - Processing /opt/conda/lib/python3.12/site-packages/airflow/example_dags/example_branch_operator_decorator.py took 0.025 seconds
[2025-02-07T14:05:40.013+0000] {processor.py:186} INFO - Started process (PID=1778) to work on /opt/conda/lib/python3.12/site-packages/airflow/example_dags/example_branch_operator_decorator.py
[2025-02-07T14:05:40.015+0000] {processor.py:914} INFO - Processing file /opt/conda/lib/python3.12/site-packages/airflow/example_dags/example_branch_operator_decorator.py for tasks to queue
[2025-02-07T14:05:40.016+0000] {logging_mixin.py:190} INFO - [2025-02-07T14:05:40.016+0000] {dagbag.py:588} INFO - Filling up the DagBag from /opt/conda/lib/python3.12/site-packages/airflow/example_dags/example_branch_operator_decorator.py
[2025-02-07T14:05:40.019+0000] {processor.py:927} WARNING - No viable dags retrieved from /opt/conda/lib/python3.12/site-packages/airflow/example_dags/example_branch_operator_decorator.py
[2025-02-07T14:05:40.029+0000] {processor.py:208} INFO - Processing /opt/conda/lib/python3.12/site-packages/airflow/example_dags/example_branch_operator_decorator.py took 0.029 seconds
[2025-02-07T14:06:43.398+0000] {processor.py:186} INFO - Started process (PID=1848) to work on /opt/conda/lib/python3.12/site-packages/airflow/example_dags/example_branch_operator_decorator.py
[2025-02-07T14:06:43.399+0000] {processor.py:914} INFO - Processing file /opt/conda/lib/python3.12/site-packages/airflow/example_dags/example_branch_operator_decorator.py for tasks to queue
[2025-02-07T14:06:43.400+0000] {logging_mixin.py:190} INFO - [2025-02-07T14:06:43.400+0000] {dagbag.py:588} INFO - Filling up the DagBag from /opt/conda/lib/python3.12/site-packages/airflow/example_dags/example_branch_operator_decorator.py
[2025-02-07T14:06:43.403+0000] {processor.py:927} WARNING - No viable dags retrieved from /opt/conda/lib/python3.12/site-packages/airflow/example_dags/example_branch_operator_decorator.py
[2025-02-07T14:06:43.417+0000] {processor.py:208} INFO - Processing /opt/conda/lib/python3.12/site-packages/airflow/example_dags/example_branch_operator_decorator.py took 0.025 seconds
