[2025-02-07T12:06:10.784+0000] {processor.py:186} INFO - Started process (PID=1122) to work on /opt/conda/lib/python3.12/site-packages/airflow/example_dags/example_time_delta_sensor_async.py
[2025-02-07T12:06:10.803+0000] {processor.py:914} INFO - Processing file /opt/conda/lib/python3.12/site-packages/airflow/example_dags/example_time_delta_sensor_async.py for tasks to queue
[2025-02-07T12:06:10.811+0000] {logging_mixin.py:190} INFO - [2025-02-07T12:06:10.809+0000] {dagbag.py:588} INFO - Filling up the DagBag from /opt/conda/lib/python3.12/site-packages/airflow/example_dags/example_time_delta_sensor_async.py
[2025-02-07T12:06:10.827+0000] {processor.py:925} INFO - DAG(s) 'example_time_delta_sensor_async' retrieved from /opt/conda/lib/python3.12/site-packages/airflow/example_dags/example_time_delta_sensor_async.py
[2025-02-07T12:06:10.940+0000] {logging_mixin.py:190} INFO - [2025-02-07T12:06:10.940+0000] {dag.py:3239} INFO - Sync 1 DAGs
[2025-02-07T12:06:10.955+0000] {logging_mixin.py:190} INFO - [2025-02-07T12:06:10.955+0000] {dag.py:4180} INFO - Setting next_dagrun for example_time_delta_sensor_async to None, run_after=None
[2025-02-07T12:06:10.978+0000] {processor.py:208} INFO - Processing /opt/conda/lib/python3.12/site-packages/airflow/example_dags/example_time_delta_sensor_async.py took 0.212 seconds
[2025-02-07T12:18:08.477+0000] {processor.py:186} INFO - Started process (PID=4732) to work on /opt/conda/lib/python3.12/site-packages/airflow/example_dags/example_time_delta_sensor_async.py
[2025-02-07T12:18:08.478+0000] {processor.py:914} INFO - Processing file /opt/conda/lib/python3.12/site-packages/airflow/example_dags/example_time_delta_sensor_async.py for tasks to queue
[2025-02-07T12:18:08.480+0000] {logging_mixin.py:190} INFO - [2025-02-07T12:18:08.479+0000] {dagbag.py:588} INFO - Filling up the DagBag from /opt/conda/lib/python3.12/site-packages/airflow/example_dags/example_time_delta_sensor_async.py
[2025-02-07T12:18:08.487+0000] {processor.py:925} INFO - DAG(s) 'example_time_delta_sensor_async' retrieved from /opt/conda/lib/python3.12/site-packages/airflow/example_dags/example_time_delta_sensor_async.py
[2025-02-07T12:18:08.501+0000] {logging_mixin.py:190} INFO - [2025-02-07T12:18:08.501+0000] {dag.py:3239} INFO - Sync 1 DAGs
[2025-02-07T12:18:08.513+0000] {logging_mixin.py:190} INFO - [2025-02-07T12:18:08.513+0000] {dag.py:4180} INFO - Setting next_dagrun for example_time_delta_sensor_async to None, run_after=None
[2025-02-07T12:18:08.534+0000] {processor.py:208} INFO - Processing /opt/conda/lib/python3.12/site-packages/airflow/example_dags/example_time_delta_sensor_async.py took 0.063 seconds
[2025-02-07T12:30:38.531+0000] {processor.py:186} INFO - Started process (PID=1414) to work on /opt/conda/lib/python3.12/site-packages/airflow/example_dags/example_time_delta_sensor_async.py
[2025-02-07T12:30:38.533+0000] {processor.py:914} INFO - Processing file /opt/conda/lib/python3.12/site-packages/airflow/example_dags/example_time_delta_sensor_async.py for tasks to queue
[2025-02-07T12:30:38.534+0000] {logging_mixin.py:190} INFO - [2025-02-07T12:30:38.533+0000] {dagbag.py:588} INFO - Filling up the DagBag from /opt/conda/lib/python3.12/site-packages/airflow/example_dags/example_time_delta_sensor_async.py
[2025-02-07T12:30:38.538+0000] {processor.py:925} INFO - DAG(s) 'example_time_delta_sensor_async' retrieved from /opt/conda/lib/python3.12/site-packages/airflow/example_dags/example_time_delta_sensor_async.py
[2025-02-07T12:30:38.561+0000] {logging_mixin.py:190} INFO - [2025-02-07T12:30:38.561+0000] {dag.py:3239} INFO - Sync 1 DAGs
[2025-02-07T12:30:38.570+0000] {logging_mixin.py:190} INFO - [2025-02-07T12:30:38.570+0000] {dag.py:4180} INFO - Setting next_dagrun for example_time_delta_sensor_async to None, run_after=None
[2025-02-07T12:30:38.585+0000] {processor.py:208} INFO - Processing /opt/conda/lib/python3.12/site-packages/airflow/example_dags/example_time_delta_sensor_async.py took 0.058 seconds
[2025-02-07T12:32:33.123+0000] {processor.py:186} INFO - Started process (PID=109) to work on /opt/conda/lib/python3.12/site-packages/airflow/example_dags/example_time_delta_sensor_async.py
[2025-02-07T12:32:33.132+0000] {processor.py:914} INFO - Processing file /opt/conda/lib/python3.12/site-packages/airflow/example_dags/example_time_delta_sensor_async.py for tasks to queue
[2025-02-07T12:32:33.156+0000] {logging_mixin.py:190} INFO - [2025-02-07T12:32:33.156+0000] {dagbag.py:588} INFO - Filling up the DagBag from /opt/conda/lib/python3.12/site-packages/airflow/example_dags/example_time_delta_sensor_async.py
[2025-02-07T12:32:33.170+0000] {processor.py:925} INFO - DAG(s) 'example_time_delta_sensor_async' retrieved from /opt/conda/lib/python3.12/site-packages/airflow/example_dags/example_time_delta_sensor_async.py
[2025-02-07T12:32:33.211+0000] {logging_mixin.py:190} INFO - [2025-02-07T12:32:33.210+0000] {dag.py:3239} INFO - Sync 1 DAGs
[2025-02-07T12:32:33.258+0000] {logging_mixin.py:190} INFO - [2025-02-07T12:32:33.257+0000] {dag.py:4180} INFO - Setting next_dagrun for example_time_delta_sensor_async to None, run_after=None
[2025-02-07T12:32:33.289+0000] {processor.py:208} INFO - Processing /opt/conda/lib/python3.12/site-packages/airflow/example_dags/example_time_delta_sensor_async.py took 0.245 seconds
[2025-02-07T12:36:21.361+0000] {processor.py:186} INFO - Started process (PID=87) to work on /opt/conda/lib/python3.12/site-packages/airflow/example_dags/example_time_delta_sensor_async.py
[2025-02-07T12:36:21.369+0000] {processor.py:914} INFO - Processing file /opt/conda/lib/python3.12/site-packages/airflow/example_dags/example_time_delta_sensor_async.py for tasks to queue
[2025-02-07T12:36:21.376+0000] {logging_mixin.py:190} INFO - [2025-02-07T12:36:21.375+0000] {dagbag.py:588} INFO - Filling up the DagBag from /opt/conda/lib/python3.12/site-packages/airflow/example_dags/example_time_delta_sensor_async.py
[2025-02-07T12:36:21.407+0000] {processor.py:925} INFO - DAG(s) 'example_time_delta_sensor_async' retrieved from /opt/conda/lib/python3.12/site-packages/airflow/example_dags/example_time_delta_sensor_async.py
[2025-02-07T12:36:21.500+0000] {logging_mixin.py:190} INFO - [2025-02-07T12:36:21.500+0000] {dag.py:3239} INFO - Sync 1 DAGs
[2025-02-07T12:36:21.526+0000] {logging_mixin.py:190} INFO - [2025-02-07T12:36:21.526+0000] {dag.py:4180} INFO - Setting next_dagrun for example_time_delta_sensor_async to None, run_after=None
[2025-02-07T12:36:21.589+0000] {processor.py:208} INFO - Processing /opt/conda/lib/python3.12/site-packages/airflow/example_dags/example_time_delta_sensor_async.py took 0.261 seconds
[2025-02-07T12:37:33.501+0000] {processor.py:186} INFO - Started process (PID=155) to work on /opt/conda/lib/python3.12/site-packages/airflow/example_dags/example_time_delta_sensor_async.py
[2025-02-07T12:37:33.502+0000] {processor.py:914} INFO - Processing file /opt/conda/lib/python3.12/site-packages/airflow/example_dags/example_time_delta_sensor_async.py for tasks to queue
[2025-02-07T12:37:33.504+0000] {logging_mixin.py:190} INFO - [2025-02-07T12:37:33.504+0000] {dagbag.py:588} INFO - Filling up the DagBag from /opt/conda/lib/python3.12/site-packages/airflow/example_dags/example_time_delta_sensor_async.py
[2025-02-07T12:37:33.509+0000] {processor.py:925} INFO - DAG(s) 'example_time_delta_sensor_async' retrieved from /opt/conda/lib/python3.12/site-packages/airflow/example_dags/example_time_delta_sensor_async.py
[2025-02-07T12:37:33.520+0000] {logging_mixin.py:190} INFO - [2025-02-07T12:37:33.520+0000] {dag.py:3239} INFO - Sync 1 DAGs
[2025-02-07T12:37:33.528+0000] {logging_mixin.py:190} INFO - [2025-02-07T12:37:33.528+0000] {dag.py:4180} INFO - Setting next_dagrun for example_time_delta_sensor_async to None, run_after=None
[2025-02-07T12:37:33.543+0000] {processor.py:208} INFO - Processing /opt/conda/lib/python3.12/site-packages/airflow/example_dags/example_time_delta_sensor_async.py took 0.048 seconds
[2025-02-07T12:38:36.094+0000] {processor.py:186} INFO - Started process (PID=225) to work on /opt/conda/lib/python3.12/site-packages/airflow/example_dags/example_time_delta_sensor_async.py
[2025-02-07T12:38:36.096+0000] {processor.py:914} INFO - Processing file /opt/conda/lib/python3.12/site-packages/airflow/example_dags/example_time_delta_sensor_async.py for tasks to queue
[2025-02-07T12:38:36.098+0000] {logging_mixin.py:190} INFO - [2025-02-07T12:38:36.098+0000] {dagbag.py:588} INFO - Filling up the DagBag from /opt/conda/lib/python3.12/site-packages/airflow/example_dags/example_time_delta_sensor_async.py
[2025-02-07T12:38:36.104+0000] {processor.py:925} INFO - DAG(s) 'example_time_delta_sensor_async' retrieved from /opt/conda/lib/python3.12/site-packages/airflow/example_dags/example_time_delta_sensor_async.py
[2025-02-07T12:38:36.116+0000] {logging_mixin.py:190} INFO - [2025-02-07T12:38:36.116+0000] {dag.py:3239} INFO - Sync 1 DAGs
[2025-02-07T12:38:36.126+0000] {logging_mixin.py:190} INFO - [2025-02-07T12:38:36.126+0000] {dag.py:4180} INFO - Setting next_dagrun for example_time_delta_sensor_async to None, run_after=None
[2025-02-07T12:38:36.141+0000] {processor.py:208} INFO - Processing /opt/conda/lib/python3.12/site-packages/airflow/example_dags/example_time_delta_sensor_async.py took 0.051 seconds
[2025-02-07T12:39:32.703+0000] {processor.py:186} INFO - Started process (PID=293) to work on /opt/conda/lib/python3.12/site-packages/airflow/example_dags/example_time_delta_sensor_async.py
[2025-02-07T12:39:32.704+0000] {processor.py:914} INFO - Processing file /opt/conda/lib/python3.12/site-packages/airflow/example_dags/example_time_delta_sensor_async.py for tasks to queue
[2025-02-07T12:39:32.706+0000] {logging_mixin.py:190} INFO - [2025-02-07T12:39:32.706+0000] {dagbag.py:588} INFO - Filling up the DagBag from /opt/conda/lib/python3.12/site-packages/airflow/example_dags/example_time_delta_sensor_async.py
[2025-02-07T12:39:32.713+0000] {processor.py:925} INFO - DAG(s) 'example_time_delta_sensor_async' retrieved from /opt/conda/lib/python3.12/site-packages/airflow/example_dags/example_time_delta_sensor_async.py
[2025-02-07T12:39:32.725+0000] {logging_mixin.py:190} INFO - [2025-02-07T12:39:32.725+0000] {dag.py:3239} INFO - Sync 1 DAGs
[2025-02-07T12:39:32.734+0000] {logging_mixin.py:190} INFO - [2025-02-07T12:39:32.734+0000] {dag.py:4180} INFO - Setting next_dagrun for example_time_delta_sensor_async to None, run_after=None
[2025-02-07T12:39:32.749+0000] {processor.py:208} INFO - Processing /opt/conda/lib/python3.12/site-packages/airflow/example_dags/example_time_delta_sensor_async.py took 0.051 seconds
[2025-02-07T12:40:29.329+0000] {processor.py:186} INFO - Started process (PID=350) to work on /opt/conda/lib/python3.12/site-packages/airflow/example_dags/example_time_delta_sensor_async.py
[2025-02-07T12:40:29.331+0000] {processor.py:914} INFO - Processing file /opt/conda/lib/python3.12/site-packages/airflow/example_dags/example_time_delta_sensor_async.py for tasks to queue
[2025-02-07T12:40:29.333+0000] {logging_mixin.py:190} INFO - [2025-02-07T12:40:29.333+0000] {dagbag.py:588} INFO - Filling up the DagBag from /opt/conda/lib/python3.12/site-packages/airflow/example_dags/example_time_delta_sensor_async.py
[2025-02-07T12:40:29.339+0000] {processor.py:925} INFO - DAG(s) 'example_time_delta_sensor_async' retrieved from /opt/conda/lib/python3.12/site-packages/airflow/example_dags/example_time_delta_sensor_async.py
[2025-02-07T12:40:29.350+0000] {logging_mixin.py:190} INFO - [2025-02-07T12:40:29.350+0000] {dag.py:3239} INFO - Sync 1 DAGs
[2025-02-07T12:40:29.359+0000] {logging_mixin.py:190} INFO - [2025-02-07T12:40:29.359+0000] {dag.py:4180} INFO - Setting next_dagrun for example_time_delta_sensor_async to None, run_after=None
[2025-02-07T12:40:29.376+0000] {processor.py:208} INFO - Processing /opt/conda/lib/python3.12/site-packages/airflow/example_dags/example_time_delta_sensor_async.py took 0.056 seconds
[2025-02-07T12:42:08.891+0000] {processor.py:186} INFO - Started process (PID=748) to work on /opt/conda/lib/python3.12/site-packages/airflow/example_dags/example_time_delta_sensor_async.py
[2025-02-07T12:42:08.892+0000] {processor.py:914} INFO - Processing file /opt/conda/lib/python3.12/site-packages/airflow/example_dags/example_time_delta_sensor_async.py for tasks to queue
[2025-02-07T12:42:08.897+0000] {logging_mixin.py:190} INFO - [2025-02-07T12:42:08.897+0000] {dagbag.py:588} INFO - Filling up the DagBag from /opt/conda/lib/python3.12/site-packages/airflow/example_dags/example_time_delta_sensor_async.py
[2025-02-07T12:42:08.908+0000] {processor.py:925} INFO - DAG(s) 'example_time_delta_sensor_async' retrieved from /opt/conda/lib/python3.12/site-packages/airflow/example_dags/example_time_delta_sensor_async.py
[2025-02-07T12:42:08.921+0000] {logging_mixin.py:190} INFO - [2025-02-07T12:42:08.921+0000] {dag.py:3239} INFO - Sync 1 DAGs
[2025-02-07T12:42:08.931+0000] {logging_mixin.py:190} INFO - [2025-02-07T12:42:08.931+0000] {dag.py:4180} INFO - Setting next_dagrun for example_time_delta_sensor_async to None, run_after=None
[2025-02-07T12:42:08.956+0000] {processor.py:208} INFO - Processing /opt/conda/lib/python3.12/site-packages/airflow/example_dags/example_time_delta_sensor_async.py took 0.087 seconds
[2025-02-07T12:47:28.579+0000] {processor.py:186} INFO - Started process (PID=3013) to work on /opt/conda/lib/python3.12/site-packages/airflow/example_dags/example_time_delta_sensor_async.py
[2025-02-07T12:47:28.581+0000] {processor.py:914} INFO - Processing file /opt/conda/lib/python3.12/site-packages/airflow/example_dags/example_time_delta_sensor_async.py for tasks to queue
[2025-02-07T12:47:28.588+0000] {logging_mixin.py:190} INFO - [2025-02-07T12:47:28.586+0000] {dagbag.py:588} INFO - Filling up the DagBag from /opt/conda/lib/python3.12/site-packages/airflow/example_dags/example_time_delta_sensor_async.py
[2025-02-07T12:47:28.620+0000] {processor.py:925} INFO - DAG(s) 'example_time_delta_sensor_async' retrieved from /opt/conda/lib/python3.12/site-packages/airflow/example_dags/example_time_delta_sensor_async.py
[2025-02-07T12:47:28.637+0000] {logging_mixin.py:190} INFO - [2025-02-07T12:47:28.636+0000] {dag.py:3239} INFO - Sync 1 DAGs
[2025-02-07T12:47:28.654+0000] {logging_mixin.py:190} INFO - [2025-02-07T12:47:28.654+0000] {dag.py:4180} INFO - Setting next_dagrun for example_time_delta_sensor_async to None, run_after=None
[2025-02-07T12:47:28.692+0000] {processor.py:208} INFO - Processing /opt/conda/lib/python3.12/site-packages/airflow/example_dags/example_time_delta_sensor_async.py took 0.124 seconds
[2025-02-07T12:56:03.131+0000] {processor.py:186} INFO - Started process (PID=6589) to work on /opt/conda/lib/python3.12/site-packages/airflow/example_dags/example_time_delta_sensor_async.py
[2025-02-07T12:56:03.132+0000] {processor.py:914} INFO - Processing file /opt/conda/lib/python3.12/site-packages/airflow/example_dags/example_time_delta_sensor_async.py for tasks to queue
[2025-02-07T12:56:03.135+0000] {logging_mixin.py:190} INFO - [2025-02-07T12:56:03.135+0000] {dagbag.py:588} INFO - Filling up the DagBag from /opt/conda/lib/python3.12/site-packages/airflow/example_dags/example_time_delta_sensor_async.py
[2025-02-07T12:56:03.144+0000] {processor.py:925} INFO - DAG(s) 'example_time_delta_sensor_async' retrieved from /opt/conda/lib/python3.12/site-packages/airflow/example_dags/example_time_delta_sensor_async.py
[2025-02-07T12:56:03.158+0000] {logging_mixin.py:190} INFO - [2025-02-07T12:56:03.157+0000] {dag.py:3239} INFO - Sync 1 DAGs
[2025-02-07T12:56:03.189+0000] {logging_mixin.py:190} INFO - [2025-02-07T12:56:03.188+0000] {dag.py:4180} INFO - Setting next_dagrun for example_time_delta_sensor_async to None, run_after=None
[2025-02-07T12:56:03.217+0000] {processor.py:208} INFO - Processing /opt/conda/lib/python3.12/site-packages/airflow/example_dags/example_time_delta_sensor_async.py took 0.092 seconds
[2025-02-07T13:03:53.413+0000] {processor.py:186} INFO - Started process (PID=756) to work on /opt/conda/lib/python3.12/site-packages/airflow/example_dags/example_time_delta_sensor_async.py
[2025-02-07T13:03:53.413+0000] {processor.py:914} INFO - Processing file /opt/conda/lib/python3.12/site-packages/airflow/example_dags/example_time_delta_sensor_async.py for tasks to queue
[2025-02-07T13:03:53.414+0000] {logging_mixin.py:190} INFO - [2025-02-07T13:03:53.414+0000] {dagbag.py:588} INFO - Filling up the DagBag from /opt/conda/lib/python3.12/site-packages/airflow/example_dags/example_time_delta_sensor_async.py
[2025-02-07T13:03:53.419+0000] {processor.py:925} INFO - DAG(s) 'example_time_delta_sensor_async' retrieved from /opt/conda/lib/python3.12/site-packages/airflow/example_dags/example_time_delta_sensor_async.py
[2025-02-07T13:03:53.434+0000] {logging_mixin.py:190} INFO - [2025-02-07T13:03:53.434+0000] {dag.py:3239} INFO - Sync 1 DAGs
[2025-02-07T13:03:53.440+0000] {logging_mixin.py:190} INFO - [2025-02-07T13:03:53.440+0000] {dag.py:4180} INFO - Setting next_dagrun for example_time_delta_sensor_async to None, run_after=None
[2025-02-07T13:03:53.453+0000] {processor.py:208} INFO - Processing /opt/conda/lib/python3.12/site-packages/airflow/example_dags/example_time_delta_sensor_async.py took 0.043 seconds
[2025-02-07T13:06:53.482+0000] {processor.py:186} INFO - Started process (PID=373) to work on /opt/conda/lib/python3.12/site-packages/airflow/example_dags/example_time_delta_sensor_async.py
[2025-02-07T13:06:53.489+0000] {processor.py:914} INFO - Processing file /opt/conda/lib/python3.12/site-packages/airflow/example_dags/example_time_delta_sensor_async.py for tasks to queue
[2025-02-07T13:06:53.498+0000] {logging_mixin.py:190} INFO - [2025-02-07T13:06:53.498+0000] {dagbag.py:588} INFO - Filling up the DagBag from /opt/conda/lib/python3.12/site-packages/airflow/example_dags/example_time_delta_sensor_async.py
[2025-02-07T13:06:53.520+0000] {processor.py:925} INFO - DAG(s) 'example_time_delta_sensor_async' retrieved from /opt/conda/lib/python3.12/site-packages/airflow/example_dags/example_time_delta_sensor_async.py
[2025-02-07T13:06:53.578+0000] {logging_mixin.py:190} INFO - [2025-02-07T13:06:53.578+0000] {dag.py:3239} INFO - Sync 1 DAGs
[2025-02-07T13:06:53.608+0000] {logging_mixin.py:190} INFO - [2025-02-07T13:06:53.608+0000] {dag.py:4180} INFO - Setting next_dagrun for example_time_delta_sensor_async to None, run_after=None
[2025-02-07T13:06:53.644+0000] {processor.py:208} INFO - Processing /opt/conda/lib/python3.12/site-packages/airflow/example_dags/example_time_delta_sensor_async.py took 0.252 seconds
[2025-02-07T13:24:46.862+0000] {processor.py:186} INFO - Started process (PID=483) to work on /opt/conda/lib/python3.12/site-packages/airflow/example_dags/example_time_delta_sensor_async.py
[2025-02-07T13:24:46.864+0000] {processor.py:914} INFO - Processing file /opt/conda/lib/python3.12/site-packages/airflow/example_dags/example_time_delta_sensor_async.py for tasks to queue
[2025-02-07T13:24:46.866+0000] {logging_mixin.py:190} INFO - [2025-02-07T13:24:46.865+0000] {dagbag.py:588} INFO - Filling up the DagBag from /opt/conda/lib/python3.12/site-packages/airflow/example_dags/example_time_delta_sensor_async.py
[2025-02-07T13:24:46.875+0000] {processor.py:925} INFO - DAG(s) 'example_time_delta_sensor_async' retrieved from /opt/conda/lib/python3.12/site-packages/airflow/example_dags/example_time_delta_sensor_async.py
[2025-02-07T13:24:48.081+0000] {logging_mixin.py:190} INFO - [2025-02-07T13:24:48.079+0000] {dag.py:3239} INFO - Sync 1 DAGs
[2025-02-07T13:24:48.133+0000] {logging_mixin.py:190} INFO - [2025-02-07T13:24:48.133+0000] {dag.py:4180} INFO - Setting next_dagrun for example_time_delta_sensor_async to None, run_after=None
[2025-02-07T13:24:48.201+0000] {processor.py:208} INFO - Processing /opt/conda/lib/python3.12/site-packages/airflow/example_dags/example_time_delta_sensor_async.py took 1.348 seconds
[2025-02-07T13:27:08.624+0000] {processor.py:186} INFO - Started process (PID=182) to work on /opt/conda/lib/python3.12/site-packages/airflow/example_dags/example_time_delta_sensor_async.py
[2025-02-07T13:27:08.625+0000] {processor.py:914} INFO - Processing file /opt/conda/lib/python3.12/site-packages/airflow/example_dags/example_time_delta_sensor_async.py for tasks to queue
[2025-02-07T13:27:08.627+0000] {logging_mixin.py:190} INFO - [2025-02-07T13:27:08.627+0000] {dagbag.py:588} INFO - Filling up the DagBag from /opt/conda/lib/python3.12/site-packages/airflow/example_dags/example_time_delta_sensor_async.py
[2025-02-07T13:27:08.641+0000] {processor.py:925} INFO - DAG(s) 'example_time_delta_sensor_async' retrieved from /opt/conda/lib/python3.12/site-packages/airflow/example_dags/example_time_delta_sensor_async.py
[2025-02-07T13:27:08.671+0000] {logging_mixin.py:190} INFO - [2025-02-07T13:27:08.671+0000] {dag.py:3239} INFO - Sync 1 DAGs
[2025-02-07T13:27:08.685+0000] {logging_mixin.py:190} INFO - [2025-02-07T13:27:08.684+0000] {dag.py:4180} INFO - Setting next_dagrun for example_time_delta_sensor_async to None, run_after=None
[2025-02-07T13:27:08.717+0000] {processor.py:208} INFO - Processing /opt/conda/lib/python3.12/site-packages/airflow/example_dags/example_time_delta_sensor_async.py took 0.108 seconds
[2025-02-07T13:28:40.498+0000] {processor.py:186} INFO - Started process (PID=335) to work on /opt/conda/lib/python3.12/site-packages/airflow/example_dags/example_time_delta_sensor_async.py
[2025-02-07T13:28:40.501+0000] {processor.py:914} INFO - Processing file /opt/conda/lib/python3.12/site-packages/airflow/example_dags/example_time_delta_sensor_async.py for tasks to queue
[2025-02-07T13:28:40.506+0000] {logging_mixin.py:190} INFO - [2025-02-07T13:28:40.505+0000] {dagbag.py:588} INFO - Filling up the DagBag from /opt/conda/lib/python3.12/site-packages/airflow/example_dags/example_time_delta_sensor_async.py
[2025-02-07T13:28:40.542+0000] {processor.py:925} INFO - DAG(s) 'example_time_delta_sensor_async' retrieved from /opt/conda/lib/python3.12/site-packages/airflow/example_dags/example_time_delta_sensor_async.py
[2025-02-07T13:28:40.584+0000] {logging_mixin.py:190} INFO - [2025-02-07T13:28:40.583+0000] {dag.py:3239} INFO - Sync 1 DAGs
[2025-02-07T13:28:40.629+0000] {logging_mixin.py:190} INFO - [2025-02-07T13:28:40.628+0000] {dag.py:4180} INFO - Setting next_dagrun for example_time_delta_sensor_async to None, run_after=None
[2025-02-07T13:28:40.680+0000] {processor.py:208} INFO - Processing /opt/conda/lib/python3.12/site-packages/airflow/example_dags/example_time_delta_sensor_async.py took 0.195 seconds
[2025-02-07T13:29:58.844+0000] {processor.py:186} INFO - Started process (PID=420) to work on /opt/conda/lib/python3.12/site-packages/airflow/example_dags/example_time_delta_sensor_async.py
[2025-02-07T13:29:58.846+0000] {processor.py:914} INFO - Processing file /opt/conda/lib/python3.12/site-packages/airflow/example_dags/example_time_delta_sensor_async.py for tasks to queue
[2025-02-07T13:29:58.849+0000] {logging_mixin.py:190} INFO - [2025-02-07T13:29:58.849+0000] {dagbag.py:588} INFO - Filling up the DagBag from /opt/conda/lib/python3.12/site-packages/airflow/example_dags/example_time_delta_sensor_async.py
[2025-02-07T13:29:58.857+0000] {processor.py:925} INFO - DAG(s) 'example_time_delta_sensor_async' retrieved from /opt/conda/lib/python3.12/site-packages/airflow/example_dags/example_time_delta_sensor_async.py
[2025-02-07T13:29:58.871+0000] {logging_mixin.py:190} INFO - [2025-02-07T13:29:58.870+0000] {dag.py:3239} INFO - Sync 1 DAGs
[2025-02-07T13:29:58.880+0000] {logging_mixin.py:190} INFO - [2025-02-07T13:29:58.880+0000] {dag.py:4180} INFO - Setting next_dagrun for example_time_delta_sensor_async to None, run_after=None
[2025-02-07T13:29:58.896+0000] {processor.py:208} INFO - Processing /opt/conda/lib/python3.12/site-packages/airflow/example_dags/example_time_delta_sensor_async.py took 0.059 seconds
[2025-02-07T13:33:06.514+0000] {processor.py:186} INFO - Started process (PID=302) to work on /opt/conda/lib/python3.12/site-packages/airflow/example_dags/example_time_delta_sensor_async.py
[2025-02-07T13:33:06.516+0000] {processor.py:914} INFO - Processing file /opt/conda/lib/python3.12/site-packages/airflow/example_dags/example_time_delta_sensor_async.py for tasks to queue
[2025-02-07T13:33:06.522+0000] {logging_mixin.py:190} INFO - [2025-02-07T13:33:06.521+0000] {dagbag.py:588} INFO - Filling up the DagBag from /opt/conda/lib/python3.12/site-packages/airflow/example_dags/example_time_delta_sensor_async.py
[2025-02-07T13:33:06.542+0000] {processor.py:925} INFO - DAG(s) 'example_time_delta_sensor_async' retrieved from /opt/conda/lib/python3.12/site-packages/airflow/example_dags/example_time_delta_sensor_async.py
[2025-02-07T13:33:06.601+0000] {logging_mixin.py:190} INFO - [2025-02-07T13:33:06.601+0000] {dag.py:3239} INFO - Sync 1 DAGs
[2025-02-07T13:33:06.657+0000] {logging_mixin.py:190} INFO - [2025-02-07T13:33:06.655+0000] {dag.py:4180} INFO - Setting next_dagrun for example_time_delta_sensor_async to None, run_after=None
[2025-02-07T13:33:06.710+0000] {processor.py:208} INFO - Processing /opt/conda/lib/python3.12/site-packages/airflow/example_dags/example_time_delta_sensor_async.py took 0.201 seconds
[2025-02-07T13:34:57.060+0000] {processor.py:186} INFO - Started process (PID=192) to work on /opt/conda/lib/python3.12/site-packages/airflow/example_dags/example_time_delta_sensor_async.py
[2025-02-07T13:34:57.065+0000] {processor.py:914} INFO - Processing file /opt/conda/lib/python3.12/site-packages/airflow/example_dags/example_time_delta_sensor_async.py for tasks to queue
[2025-02-07T13:34:57.071+0000] {logging_mixin.py:190} INFO - [2025-02-07T13:34:57.071+0000] {dagbag.py:588} INFO - Filling up the DagBag from /opt/conda/lib/python3.12/site-packages/airflow/example_dags/example_time_delta_sensor_async.py
[2025-02-07T13:34:57.097+0000] {processor.py:925} INFO - DAG(s) 'example_time_delta_sensor_async' retrieved from /opt/conda/lib/python3.12/site-packages/airflow/example_dags/example_time_delta_sensor_async.py
[2025-02-07T13:34:57.156+0000] {logging_mixin.py:190} INFO - [2025-02-07T13:34:57.156+0000] {dag.py:3239} INFO - Sync 1 DAGs
[2025-02-07T13:34:57.190+0000] {logging_mixin.py:190} INFO - [2025-02-07T13:34:57.189+0000] {dag.py:4180} INFO - Setting next_dagrun for example_time_delta_sensor_async to None, run_after=None
[2025-02-07T13:34:57.264+0000] {processor.py:208} INFO - Processing /opt/conda/lib/python3.12/site-packages/airflow/example_dags/example_time_delta_sensor_async.py took 0.215 seconds
[2025-02-07T13:38:05.974+0000] {processor.py:186} INFO - Started process (PID=307) to work on /opt/conda/lib/python3.12/site-packages/airflow/example_dags/example_time_delta_sensor_async.py
[2025-02-07T13:38:05.989+0000] {processor.py:914} INFO - Processing file /opt/conda/lib/python3.12/site-packages/airflow/example_dags/example_time_delta_sensor_async.py for tasks to queue
[2025-02-07T13:38:05.991+0000] {logging_mixin.py:190} INFO - [2025-02-07T13:38:05.991+0000] {dagbag.py:588} INFO - Filling up the DagBag from /opt/conda/lib/python3.12/site-packages/airflow/example_dags/example_time_delta_sensor_async.py
[2025-02-07T13:38:06.131+0000] {processor.py:925} INFO - DAG(s) 'example_time_delta_sensor_async' retrieved from /opt/conda/lib/python3.12/site-packages/airflow/example_dags/example_time_delta_sensor_async.py
[2025-02-07T13:38:06.338+0000] {logging_mixin.py:190} INFO - [2025-02-07T13:38:06.338+0000] {dag.py:3239} INFO - Sync 1 DAGs
[2025-02-07T13:38:06.392+0000] {logging_mixin.py:190} INFO - [2025-02-07T13:38:06.392+0000] {dag.py:4180} INFO - Setting next_dagrun for example_time_delta_sensor_async to None, run_after=None
[2025-02-07T13:38:06.469+0000] {processor.py:208} INFO - Processing /opt/conda/lib/python3.12/site-packages/airflow/example_dags/example_time_delta_sensor_async.py took 0.516 seconds
[2025-02-07T13:39:28.115+0000] {processor.py:186} INFO - Started process (PID=485) to work on /opt/conda/lib/python3.12/site-packages/airflow/example_dags/example_time_delta_sensor_async.py
[2025-02-07T13:39:28.117+0000] {processor.py:914} INFO - Processing file /opt/conda/lib/python3.12/site-packages/airflow/example_dags/example_time_delta_sensor_async.py for tasks to queue
[2025-02-07T13:39:28.119+0000] {logging_mixin.py:190} INFO - [2025-02-07T13:39:28.119+0000] {dagbag.py:588} INFO - Filling up the DagBag from /opt/conda/lib/python3.12/site-packages/airflow/example_dags/example_time_delta_sensor_async.py
[2025-02-07T13:39:28.125+0000] {processor.py:925} INFO - DAG(s) 'example_time_delta_sensor_async' retrieved from /opt/conda/lib/python3.12/site-packages/airflow/example_dags/example_time_delta_sensor_async.py
[2025-02-07T13:39:28.137+0000] {logging_mixin.py:190} INFO - [2025-02-07T13:39:28.136+0000] {dag.py:3239} INFO - Sync 1 DAGs
[2025-02-07T13:39:28.146+0000] {logging_mixin.py:190} INFO - [2025-02-07T13:39:28.146+0000] {dag.py:4180} INFO - Setting next_dagrun for example_time_delta_sensor_async to None, run_after=None
[2025-02-07T13:39:28.161+0000] {processor.py:208} INFO - Processing /opt/conda/lib/python3.12/site-packages/airflow/example_dags/example_time_delta_sensor_async.py took 0.051 seconds
[2025-02-07T13:40:27.078+0000] {processor.py:186} INFO - Started process (PID=553) to work on /opt/conda/lib/python3.12/site-packages/airflow/example_dags/example_time_delta_sensor_async.py
[2025-02-07T13:40:27.079+0000] {processor.py:914} INFO - Processing file /opt/conda/lib/python3.12/site-packages/airflow/example_dags/example_time_delta_sensor_async.py for tasks to queue
[2025-02-07T13:40:27.082+0000] {logging_mixin.py:190} INFO - [2025-02-07T13:40:27.082+0000] {dagbag.py:588} INFO - Filling up the DagBag from /opt/conda/lib/python3.12/site-packages/airflow/example_dags/example_time_delta_sensor_async.py
[2025-02-07T13:40:27.091+0000] {processor.py:925} INFO - DAG(s) 'example_time_delta_sensor_async' retrieved from /opt/conda/lib/python3.12/site-packages/airflow/example_dags/example_time_delta_sensor_async.py
[2025-02-07T13:40:27.103+0000] {logging_mixin.py:190} INFO - [2025-02-07T13:40:27.103+0000] {dag.py:3239} INFO - Sync 1 DAGs
[2025-02-07T13:40:27.112+0000] {logging_mixin.py:190} INFO - [2025-02-07T13:40:27.112+0000] {dag.py:4180} INFO - Setting next_dagrun for example_time_delta_sensor_async to None, run_after=None
[2025-02-07T13:40:27.130+0000] {processor.py:208} INFO - Processing /opt/conda/lib/python3.12/site-packages/airflow/example_dags/example_time_delta_sensor_async.py took 0.058 seconds
[2025-02-07T13:41:24.033+0000] {processor.py:186} INFO - Started process (PID=620) to work on /opt/conda/lib/python3.12/site-packages/airflow/example_dags/example_time_delta_sensor_async.py
[2025-02-07T13:41:24.037+0000] {processor.py:914} INFO - Processing file /opt/conda/lib/python3.12/site-packages/airflow/example_dags/example_time_delta_sensor_async.py for tasks to queue
[2025-02-07T13:41:24.040+0000] {logging_mixin.py:190} INFO - [2025-02-07T13:41:24.040+0000] {dagbag.py:588} INFO - Filling up the DagBag from /opt/conda/lib/python3.12/site-packages/airflow/example_dags/example_time_delta_sensor_async.py
[2025-02-07T13:41:24.058+0000] {processor.py:925} INFO - DAG(s) 'example_time_delta_sensor_async' retrieved from /opt/conda/lib/python3.12/site-packages/airflow/example_dags/example_time_delta_sensor_async.py
[2025-02-07T13:41:24.079+0000] {logging_mixin.py:190} INFO - [2025-02-07T13:41:24.079+0000] {dag.py:3239} INFO - Sync 1 DAGs
[2025-02-07T13:41:24.088+0000] {logging_mixin.py:190} INFO - [2025-02-07T13:41:24.088+0000] {dag.py:4180} INFO - Setting next_dagrun for example_time_delta_sensor_async to None, run_after=None
[2025-02-07T13:41:24.102+0000] {processor.py:208} INFO - Processing /opt/conda/lib/python3.12/site-packages/airflow/example_dags/example_time_delta_sensor_async.py took 0.086 seconds
[2025-02-07T13:42:33.140+0000] {processor.py:186} INFO - Started process (PID=788) to work on /opt/conda/lib/python3.12/site-packages/airflow/example_dags/example_time_delta_sensor_async.py
[2025-02-07T13:42:33.141+0000] {processor.py:914} INFO - Processing file /opt/conda/lib/python3.12/site-packages/airflow/example_dags/example_time_delta_sensor_async.py for tasks to queue
[2025-02-07T13:42:33.143+0000] {logging_mixin.py:190} INFO - [2025-02-07T13:42:33.143+0000] {dagbag.py:588} INFO - Filling up the DagBag from /opt/conda/lib/python3.12/site-packages/airflow/example_dags/example_time_delta_sensor_async.py
[2025-02-07T13:42:33.150+0000] {processor.py:925} INFO - DAG(s) 'example_time_delta_sensor_async' retrieved from /opt/conda/lib/python3.12/site-packages/airflow/example_dags/example_time_delta_sensor_async.py
[2025-02-07T13:42:33.162+0000] {logging_mixin.py:190} INFO - [2025-02-07T13:42:33.162+0000] {dag.py:3239} INFO - Sync 1 DAGs
[2025-02-07T13:42:33.172+0000] {logging_mixin.py:190} INFO - [2025-02-07T13:42:33.172+0000] {dag.py:4180} INFO - Setting next_dagrun for example_time_delta_sensor_async to None, run_after=None
[2025-02-07T13:42:33.188+0000] {processor.py:208} INFO - Processing /opt/conda/lib/python3.12/site-packages/airflow/example_dags/example_time_delta_sensor_async.py took 0.054 seconds
[2025-02-07T13:43:34.164+0000] {processor.py:186} INFO - Started process (PID=861) to work on /opt/conda/lib/python3.12/site-packages/airflow/example_dags/example_time_delta_sensor_async.py
[2025-02-07T13:43:34.165+0000] {processor.py:914} INFO - Processing file /opt/conda/lib/python3.12/site-packages/airflow/example_dags/example_time_delta_sensor_async.py for tasks to queue
[2025-02-07T13:43:34.167+0000] {logging_mixin.py:190} INFO - [2025-02-07T13:43:34.166+0000] {dagbag.py:588} INFO - Filling up the DagBag from /opt/conda/lib/python3.12/site-packages/airflow/example_dags/example_time_delta_sensor_async.py
[2025-02-07T13:43:34.173+0000] {processor.py:925} INFO - DAG(s) 'example_time_delta_sensor_async' retrieved from /opt/conda/lib/python3.12/site-packages/airflow/example_dags/example_time_delta_sensor_async.py
[2025-02-07T13:43:34.185+0000] {logging_mixin.py:190} INFO - [2025-02-07T13:43:34.185+0000] {dag.py:3239} INFO - Sync 1 DAGs
[2025-02-07T13:43:34.193+0000] {logging_mixin.py:190} INFO - [2025-02-07T13:43:34.193+0000] {dag.py:4180} INFO - Setting next_dagrun for example_time_delta_sensor_async to None, run_after=None
[2025-02-07T13:43:34.208+0000] {processor.py:208} INFO - Processing /opt/conda/lib/python3.12/site-packages/airflow/example_dags/example_time_delta_sensor_async.py took 0.048 seconds
[2025-02-07T13:44:22.701+0000] {processor.py:186} INFO - Started process (PID=1012) to work on /opt/conda/lib/python3.12/site-packages/airflow/example_dags/example_time_delta_sensor_async.py
[2025-02-07T13:44:22.703+0000] {processor.py:914} INFO - Processing file /opt/conda/lib/python3.12/site-packages/airflow/example_dags/example_time_delta_sensor_async.py for tasks to queue
[2025-02-07T13:44:22.707+0000] {logging_mixin.py:190} INFO - [2025-02-07T13:44:22.707+0000] {dagbag.py:588} INFO - Filling up the DagBag from /opt/conda/lib/python3.12/site-packages/airflow/example_dags/example_time_delta_sensor_async.py
[2025-02-07T13:44:22.719+0000] {processor.py:925} INFO - DAG(s) 'example_time_delta_sensor_async' retrieved from /opt/conda/lib/python3.12/site-packages/airflow/example_dags/example_time_delta_sensor_async.py
[2025-02-07T13:44:22.745+0000] {logging_mixin.py:190} INFO - [2025-02-07T13:44:22.745+0000] {dag.py:3239} INFO - Sync 1 DAGs
[2025-02-07T13:44:22.754+0000] {logging_mixin.py:190} INFO - [2025-02-07T13:44:22.754+0000] {dag.py:4180} INFO - Setting next_dagrun for example_time_delta_sensor_async to None, run_after=None
[2025-02-07T13:44:22.775+0000] {processor.py:208} INFO - Processing /opt/conda/lib/python3.12/site-packages/airflow/example_dags/example_time_delta_sensor_async.py took 0.084 seconds
[2025-02-07T13:45:58.172+0000] {processor.py:186} INFO - Started process (PID=1198) to work on /opt/conda/lib/python3.12/site-packages/airflow/example_dags/example_time_delta_sensor_async.py
[2025-02-07T13:45:58.173+0000] {processor.py:914} INFO - Processing file /opt/conda/lib/python3.12/site-packages/airflow/example_dags/example_time_delta_sensor_async.py for tasks to queue
[2025-02-07T13:45:58.175+0000] {logging_mixin.py:190} INFO - [2025-02-07T13:45:58.175+0000] {dagbag.py:588} INFO - Filling up the DagBag from /opt/conda/lib/python3.12/site-packages/airflow/example_dags/example_time_delta_sensor_async.py
[2025-02-07T13:45:58.187+0000] {processor.py:925} INFO - DAG(s) 'example_time_delta_sensor_async' retrieved from /opt/conda/lib/python3.12/site-packages/airflow/example_dags/example_time_delta_sensor_async.py
[2025-02-07T13:45:58.207+0000] {logging_mixin.py:190} INFO - [2025-02-07T13:45:58.207+0000] {dag.py:3239} INFO - Sync 1 DAGs
[2025-02-07T13:45:58.218+0000] {logging_mixin.py:190} INFO - [2025-02-07T13:45:58.218+0000] {dag.py:4180} INFO - Setting next_dagrun for example_time_delta_sensor_async to None, run_after=None
[2025-02-07T13:45:58.275+0000] {processor.py:208} INFO - Processing /opt/conda/lib/python3.12/site-packages/airflow/example_dags/example_time_delta_sensor_async.py took 0.110 seconds
[2025-02-07T13:47:52.070+0000] {processor.py:186} INFO - Started process (PID=1353) to work on /opt/conda/lib/python3.12/site-packages/airflow/example_dags/example_time_delta_sensor_async.py
[2025-02-07T13:47:52.073+0000] {processor.py:914} INFO - Processing file /opt/conda/lib/python3.12/site-packages/airflow/example_dags/example_time_delta_sensor_async.py for tasks to queue
[2025-02-07T13:47:52.084+0000] {logging_mixin.py:190} INFO - [2025-02-07T13:47:52.082+0000] {dagbag.py:588} INFO - Filling up the DagBag from /opt/conda/lib/python3.12/site-packages/airflow/example_dags/example_time_delta_sensor_async.py
[2025-02-07T13:47:52.114+0000] {processor.py:925} INFO - DAG(s) 'example_time_delta_sensor_async' retrieved from /opt/conda/lib/python3.12/site-packages/airflow/example_dags/example_time_delta_sensor_async.py
[2025-02-07T13:47:52.162+0000] {logging_mixin.py:190} INFO - [2025-02-07T13:47:52.162+0000] {dag.py:3239} INFO - Sync 1 DAGs
[2025-02-07T13:47:52.186+0000] {logging_mixin.py:190} INFO - [2025-02-07T13:47:52.186+0000] {dag.py:4180} INFO - Setting next_dagrun for example_time_delta_sensor_async to None, run_after=None
[2025-02-07T13:47:52.222+0000] {processor.py:208} INFO - Processing /opt/conda/lib/python3.12/site-packages/airflow/example_dags/example_time_delta_sensor_async.py took 0.184 seconds
[2025-02-07T14:04:16.472+0000] {processor.py:186} INFO - Started process (PID=1315) to work on /opt/conda/lib/python3.12/site-packages/airflow/example_dags/example_time_delta_sensor_async.py
[2025-02-07T14:04:16.473+0000] {processor.py:914} INFO - Processing file /opt/conda/lib/python3.12/site-packages/airflow/example_dags/example_time_delta_sensor_async.py for tasks to queue
[2025-02-07T14:04:16.474+0000] {logging_mixin.py:190} INFO - [2025-02-07T14:04:16.474+0000] {dagbag.py:588} INFO - Filling up the DagBag from /opt/conda/lib/python3.12/site-packages/airflow/example_dags/example_time_delta_sensor_async.py
[2025-02-07T14:04:16.482+0000] {processor.py:925} INFO - DAG(s) 'example_time_delta_sensor_async' retrieved from /opt/conda/lib/python3.12/site-packages/airflow/example_dags/example_time_delta_sensor_async.py
[2025-02-07T14:04:16.513+0000] {logging_mixin.py:190} INFO - [2025-02-07T14:04:16.513+0000] {dag.py:3239} INFO - Sync 1 DAGs
[2025-02-07T14:04:16.523+0000] {logging_mixin.py:190} INFO - [2025-02-07T14:04:16.523+0000] {dag.py:4180} INFO - Setting next_dagrun for example_time_delta_sensor_async to None, run_after=None
[2025-02-07T14:04:16.541+0000] {processor.py:208} INFO - Processing /opt/conda/lib/python3.12/site-packages/airflow/example_dags/example_time_delta_sensor_async.py took 0.074 seconds
[2025-02-07T14:06:05.099+0000] {processor.py:186} INFO - Started process (PID=1811) to work on /opt/conda/lib/python3.12/site-packages/airflow/example_dags/example_time_delta_sensor_async.py
[2025-02-07T14:06:05.100+0000] {processor.py:914} INFO - Processing file /opt/conda/lib/python3.12/site-packages/airflow/example_dags/example_time_delta_sensor_async.py for tasks to queue
[2025-02-07T14:06:05.101+0000] {logging_mixin.py:190} INFO - [2025-02-07T14:06:05.101+0000] {dagbag.py:588} INFO - Filling up the DagBag from /opt/conda/lib/python3.12/site-packages/airflow/example_dags/example_time_delta_sensor_async.py
[2025-02-07T14:06:05.107+0000] {processor.py:925} INFO - DAG(s) 'example_time_delta_sensor_async' retrieved from /opt/conda/lib/python3.12/site-packages/airflow/example_dags/example_time_delta_sensor_async.py
[2025-02-07T14:06:05.123+0000] {logging_mixin.py:190} INFO - [2025-02-07T14:06:05.123+0000] {dag.py:3239} INFO - Sync 1 DAGs
[2025-02-07T14:06:05.133+0000] {logging_mixin.py:190} INFO - [2025-02-07T14:06:05.132+0000] {dag.py:4180} INFO - Setting next_dagrun for example_time_delta_sensor_async to None, run_after=None
[2025-02-07T14:06:05.174+0000] {processor.py:208} INFO - Processing /opt/conda/lib/python3.12/site-packages/airflow/example_dags/example_time_delta_sensor_async.py took 0.084 seconds
[2025-02-07T14:07:28.065+0000] {processor.py:186} INFO - Started process (PID=1999) to work on /opt/conda/lib/python3.12/site-packages/airflow/example_dags/example_time_delta_sensor_async.py
[2025-02-07T14:07:28.066+0000] {processor.py:914} INFO - Processing file /opt/conda/lib/python3.12/site-packages/airflow/example_dags/example_time_delta_sensor_async.py for tasks to queue
[2025-02-07T14:07:28.067+0000] {logging_mixin.py:190} INFO - [2025-02-07T14:07:28.067+0000] {dagbag.py:588} INFO - Filling up the DagBag from /opt/conda/lib/python3.12/site-packages/airflow/example_dags/example_time_delta_sensor_async.py
[2025-02-07T14:07:28.072+0000] {processor.py:925} INFO - DAG(s) 'example_time_delta_sensor_async' retrieved from /opt/conda/lib/python3.12/site-packages/airflow/example_dags/example_time_delta_sensor_async.py
[2025-02-07T14:07:28.086+0000] {logging_mixin.py:190} INFO - [2025-02-07T14:07:28.086+0000] {dag.py:3239} INFO - Sync 1 DAGs
[2025-02-07T14:07:28.094+0000] {logging_mixin.py:190} INFO - [2025-02-07T14:07:28.094+0000] {dag.py:4180} INFO - Setting next_dagrun for example_time_delta_sensor_async to None, run_after=None
[2025-02-07T14:07:28.107+0000] {processor.py:208} INFO - Processing /opt/conda/lib/python3.12/site-packages/airflow/example_dags/example_time_delta_sensor_async.py took 0.052 seconds
