[2025-02-07T12:05:28.616+0000] {processor.py:186} INFO - Started process (PID=965) to work on /opt/conda/lib/python3.12/site-packages/airflow/example_dags/example_task_group.py
[2025-02-07T12:05:28.619+0000] {processor.py:914} INFO - Processing file /opt/conda/lib/python3.12/site-packages/airflow/example_dags/example_task_group.py for tasks to queue
[2025-02-07T12:05:28.631+0000] {logging_mixin.py:190} INFO - [2025-02-07T12:05:28.631+0000] {dagbag.py:588} INFO - Filling up the DagBag from /opt/conda/lib/python3.12/site-packages/airflow/example_dags/example_task_group.py
[2025-02-07T12:05:28.643+0000] {processor.py:925} INFO - DAG(s) 'example_task_group' retrieved from /opt/conda/lib/python3.12/site-packages/airflow/example_dags/example_task_group.py
[2025-02-07T12:05:28.671+0000] {logging_mixin.py:190} INFO - [2025-02-07T12:05:28.671+0000] {dag.py:3239} INFO - Sync 1 DAGs
[2025-02-07T12:05:28.682+0000] {logging_mixin.py:190} INFO - [2025-02-07T12:05:28.681+0000] {dag.py:4180} INFO - Setting next_dagrun for example_task_group to None, run_after=None
[2025-02-07T12:05:28.722+0000] {processor.py:208} INFO - Processing /opt/conda/lib/python3.12/site-packages/airflow/example_dags/example_task_group.py took 0.114 seconds
[2025-02-07T12:18:03.733+0000] {processor.py:186} INFO - Started process (PID=4708) to work on /opt/conda/lib/python3.12/site-packages/airflow/example_dags/example_task_group.py
[2025-02-07T12:18:03.735+0000] {processor.py:914} INFO - Processing file /opt/conda/lib/python3.12/site-packages/airflow/example_dags/example_task_group.py for tasks to queue
[2025-02-07T12:18:03.740+0000] {logging_mixin.py:190} INFO - [2025-02-07T12:18:03.739+0000] {dagbag.py:588} INFO - Filling up the DagBag from /opt/conda/lib/python3.12/site-packages/airflow/example_dags/example_task_group.py
[2025-02-07T12:18:03.755+0000] {processor.py:925} INFO - DAG(s) 'example_task_group' retrieved from /opt/conda/lib/python3.12/site-packages/airflow/example_dags/example_task_group.py
[2025-02-07T12:18:03.776+0000] {logging_mixin.py:190} INFO - [2025-02-07T12:18:03.776+0000] {dag.py:3239} INFO - Sync 1 DAGs
[2025-02-07T12:18:03.790+0000] {logging_mixin.py:190} INFO - [2025-02-07T12:18:03.789+0000] {dag.py:4180} INFO - Setting next_dagrun for example_task_group to None, run_after=None
[2025-02-07T12:18:03.818+0000] {processor.py:208} INFO - Processing /opt/conda/lib/python3.12/site-packages/airflow/example_dags/example_task_group.py took 0.094 seconds
[2025-02-07T12:30:15.497+0000] {processor.py:186} INFO - Started process (PID=1258) to work on /opt/conda/lib/python3.12/site-packages/airflow/example_dags/example_task_group.py
[2025-02-07T12:30:15.498+0000] {processor.py:914} INFO - Processing file /opt/conda/lib/python3.12/site-packages/airflow/example_dags/example_task_group.py for tasks to queue
[2025-02-07T12:30:15.499+0000] {logging_mixin.py:190} INFO - [2025-02-07T12:30:15.499+0000] {dagbag.py:588} INFO - Filling up the DagBag from /opt/conda/lib/python3.12/site-packages/airflow/example_dags/example_task_group.py
[2025-02-07T12:30:15.505+0000] {processor.py:925} INFO - DAG(s) 'example_task_group' retrieved from /opt/conda/lib/python3.12/site-packages/airflow/example_dags/example_task_group.py
[2025-02-07T12:30:15.537+0000] {logging_mixin.py:190} INFO - [2025-02-07T12:30:15.537+0000] {dag.py:3239} INFO - Sync 1 DAGs
[2025-02-07T12:30:15.548+0000] {logging_mixin.py:190} INFO - [2025-02-07T12:30:15.548+0000] {dag.py:4180} INFO - Setting next_dagrun for example_task_group to None, run_after=None
[2025-02-07T12:30:15.578+0000] {processor.py:208} INFO - Processing /opt/conda/lib/python3.12/site-packages/airflow/example_dags/example_task_group.py took 0.085 seconds
[2025-02-07T12:32:30.371+0000] {processor.py:186} INFO - Started process (PID=107) to work on /opt/conda/lib/python3.12/site-packages/airflow/example_dags/example_task_group.py
[2025-02-07T12:32:30.379+0000] {processor.py:914} INFO - Processing file /opt/conda/lib/python3.12/site-packages/airflow/example_dags/example_task_group.py for tasks to queue
[2025-02-07T12:32:30.382+0000] {logging_mixin.py:190} INFO - [2025-02-07T12:32:30.382+0000] {dagbag.py:588} INFO - Filling up the DagBag from /opt/conda/lib/python3.12/site-packages/airflow/example_dags/example_task_group.py
[2025-02-07T12:32:30.395+0000] {processor.py:925} INFO - DAG(s) 'example_task_group' retrieved from /opt/conda/lib/python3.12/site-packages/airflow/example_dags/example_task_group.py
[2025-02-07T12:32:30.419+0000] {logging_mixin.py:190} INFO - [2025-02-07T12:32:30.419+0000] {dag.py:3239} INFO - Sync 1 DAGs
[2025-02-07T12:32:30.429+0000] {logging_mixin.py:190} INFO - [2025-02-07T12:32:30.429+0000] {dag.py:4180} INFO - Setting next_dagrun for example_task_group to None, run_after=None
[2025-02-07T12:32:30.449+0000] {processor.py:208} INFO - Processing /opt/conda/lib/python3.12/site-packages/airflow/example_dags/example_task_group.py took 0.154 seconds
[2025-02-07T12:36:18.652+0000] {processor.py:186} INFO - Started process (PID=85) to work on /opt/conda/lib/python3.12/site-packages/airflow/example_dags/example_task_group.py
[2025-02-07T12:36:18.655+0000] {processor.py:914} INFO - Processing file /opt/conda/lib/python3.12/site-packages/airflow/example_dags/example_task_group.py for tasks to queue
[2025-02-07T12:36:18.658+0000] {logging_mixin.py:190} INFO - [2025-02-07T12:36:18.657+0000] {dagbag.py:588} INFO - Filling up the DagBag from /opt/conda/lib/python3.12/site-packages/airflow/example_dags/example_task_group.py
[2025-02-07T12:36:18.670+0000] {processor.py:925} INFO - DAG(s) 'example_task_group' retrieved from /opt/conda/lib/python3.12/site-packages/airflow/example_dags/example_task_group.py
[2025-02-07T12:36:18.695+0000] {logging_mixin.py:190} INFO - [2025-02-07T12:36:18.695+0000] {dag.py:3239} INFO - Sync 1 DAGs
[2025-02-07T12:36:18.706+0000] {logging_mixin.py:190} INFO - [2025-02-07T12:36:18.706+0000] {dag.py:4180} INFO - Setting next_dagrun for example_task_group to None, run_after=None
[2025-02-07T12:36:18.724+0000] {processor.py:208} INFO - Processing /opt/conda/lib/python3.12/site-packages/airflow/example_dags/example_task_group.py took 0.125 seconds
[2025-02-07T12:37:31.159+0000] {processor.py:186} INFO - Started process (PID=153) to work on /opt/conda/lib/python3.12/site-packages/airflow/example_dags/example_task_group.py
[2025-02-07T12:37:31.161+0000] {processor.py:914} INFO - Processing file /opt/conda/lib/python3.12/site-packages/airflow/example_dags/example_task_group.py for tasks to queue
[2025-02-07T12:37:31.163+0000] {logging_mixin.py:190} INFO - [2025-02-07T12:37:31.163+0000] {dagbag.py:588} INFO - Filling up the DagBag from /opt/conda/lib/python3.12/site-packages/airflow/example_dags/example_task_group.py
[2025-02-07T12:37:31.174+0000] {processor.py:925} INFO - DAG(s) 'example_task_group' retrieved from /opt/conda/lib/python3.12/site-packages/airflow/example_dags/example_task_group.py
[2025-02-07T12:37:31.188+0000] {logging_mixin.py:190} INFO - [2025-02-07T12:37:31.188+0000] {dag.py:3239} INFO - Sync 1 DAGs
[2025-02-07T12:37:31.197+0000] {logging_mixin.py:190} INFO - [2025-02-07T12:37:31.197+0000] {dag.py:4180} INFO - Setting next_dagrun for example_task_group to None, run_after=None
[2025-02-07T12:37:31.245+0000] {processor.py:208} INFO - Processing /opt/conda/lib/python3.12/site-packages/airflow/example_dags/example_task_group.py took 0.091 seconds
[2025-02-07T12:38:34.291+0000] {processor.py:186} INFO - Started process (PID=223) to work on /opt/conda/lib/python3.12/site-packages/airflow/example_dags/example_task_group.py
[2025-02-07T12:38:34.292+0000] {processor.py:914} INFO - Processing file /opt/conda/lib/python3.12/site-packages/airflow/example_dags/example_task_group.py for tasks to queue
[2025-02-07T12:38:34.294+0000] {logging_mixin.py:190} INFO - [2025-02-07T12:38:34.294+0000] {dagbag.py:588} INFO - Filling up the DagBag from /opt/conda/lib/python3.12/site-packages/airflow/example_dags/example_task_group.py
[2025-02-07T12:38:34.300+0000] {processor.py:925} INFO - DAG(s) 'example_task_group' retrieved from /opt/conda/lib/python3.12/site-packages/airflow/example_dags/example_task_group.py
[2025-02-07T12:38:34.315+0000] {logging_mixin.py:190} INFO - [2025-02-07T12:38:34.314+0000] {dag.py:3239} INFO - Sync 1 DAGs
[2025-02-07T12:38:34.324+0000] {logging_mixin.py:190} INFO - [2025-02-07T12:38:34.323+0000] {dag.py:4180} INFO - Setting next_dagrun for example_task_group to None, run_after=None
[2025-02-07T12:38:34.337+0000] {processor.py:208} INFO - Processing /opt/conda/lib/python3.12/site-packages/airflow/example_dags/example_task_group.py took 0.051 seconds
[2025-02-07T12:39:31.012+0000] {processor.py:186} INFO - Started process (PID=291) to work on /opt/conda/lib/python3.12/site-packages/airflow/example_dags/example_task_group.py
[2025-02-07T12:39:31.012+0000] {processor.py:914} INFO - Processing file /opt/conda/lib/python3.12/site-packages/airflow/example_dags/example_task_group.py for tasks to queue
[2025-02-07T12:39:31.014+0000] {logging_mixin.py:190} INFO - [2025-02-07T12:39:31.014+0000] {dagbag.py:588} INFO - Filling up the DagBag from /opt/conda/lib/python3.12/site-packages/airflow/example_dags/example_task_group.py
[2025-02-07T12:39:31.020+0000] {processor.py:925} INFO - DAG(s) 'example_task_group' retrieved from /opt/conda/lib/python3.12/site-packages/airflow/example_dags/example_task_group.py
[2025-02-07T12:39:31.033+0000] {logging_mixin.py:190} INFO - [2025-02-07T12:39:31.033+0000] {dag.py:3239} INFO - Sync 1 DAGs
[2025-02-07T12:39:31.041+0000] {logging_mixin.py:190} INFO - [2025-02-07T12:39:31.041+0000] {dag.py:4180} INFO - Setting next_dagrun for example_task_group to None, run_after=None
[2025-02-07T12:39:31.056+0000] {processor.py:208} INFO - Processing /opt/conda/lib/python3.12/site-packages/airflow/example_dags/example_task_group.py took 0.048 seconds
[2025-02-07T12:40:27.627+0000] {processor.py:186} INFO - Started process (PID=348) to work on /opt/conda/lib/python3.12/site-packages/airflow/example_dags/example_task_group.py
[2025-02-07T12:40:27.628+0000] {processor.py:914} INFO - Processing file /opt/conda/lib/python3.12/site-packages/airflow/example_dags/example_task_group.py for tasks to queue
[2025-02-07T12:40:27.630+0000] {logging_mixin.py:190} INFO - [2025-02-07T12:40:27.630+0000] {dagbag.py:588} INFO - Filling up the DagBag from /opt/conda/lib/python3.12/site-packages/airflow/example_dags/example_task_group.py
[2025-02-07T12:40:27.637+0000] {processor.py:925} INFO - DAG(s) 'example_task_group' retrieved from /opt/conda/lib/python3.12/site-packages/airflow/example_dags/example_task_group.py
[2025-02-07T12:40:27.651+0000] {logging_mixin.py:190} INFO - [2025-02-07T12:40:27.651+0000] {dag.py:3239} INFO - Sync 1 DAGs
[2025-02-07T12:40:27.659+0000] {logging_mixin.py:190} INFO - [2025-02-07T12:40:27.659+0000] {dag.py:4180} INFO - Setting next_dagrun for example_task_group to None, run_after=None
[2025-02-07T12:40:27.672+0000] {processor.py:208} INFO - Processing /opt/conda/lib/python3.12/site-packages/airflow/example_dags/example_task_group.py took 0.053 seconds
[2025-02-07T12:41:25.556+0000] {processor.py:186} INFO - Started process (PID=416) to work on /opt/conda/lib/python3.12/site-packages/airflow/example_dags/example_task_group.py
[2025-02-07T12:41:25.558+0000] {processor.py:914} INFO - Processing file /opt/conda/lib/python3.12/site-packages/airflow/example_dags/example_task_group.py for tasks to queue
[2025-02-07T12:41:25.560+0000] {logging_mixin.py:190} INFO - [2025-02-07T12:41:25.560+0000] {dagbag.py:588} INFO - Filling up the DagBag from /opt/conda/lib/python3.12/site-packages/airflow/example_dags/example_task_group.py
[2025-02-07T12:41:25.570+0000] {processor.py:925} INFO - DAG(s) 'example_task_group' retrieved from /opt/conda/lib/python3.12/site-packages/airflow/example_dags/example_task_group.py
[2025-02-07T12:41:25.589+0000] {logging_mixin.py:190} INFO - [2025-02-07T12:41:25.588+0000] {dag.py:3239} INFO - Sync 1 DAGs
[2025-02-07T12:41:25.598+0000] {logging_mixin.py:190} INFO - [2025-02-07T12:41:25.598+0000] {dag.py:4180} INFO - Setting next_dagrun for example_task_group to None, run_after=None
[2025-02-07T12:41:25.611+0000] {processor.py:208} INFO - Processing /opt/conda/lib/python3.12/site-packages/airflow/example_dags/example_task_group.py took 0.075 seconds
[2025-02-07T12:47:02.761+0000] {processor.py:186} INFO - Started process (PID=2857) to work on /opt/conda/lib/python3.12/site-packages/airflow/example_dags/example_task_group.py
[2025-02-07T12:47:02.762+0000] {processor.py:914} INFO - Processing file /opt/conda/lib/python3.12/site-packages/airflow/example_dags/example_task_group.py for tasks to queue
[2025-02-07T12:47:02.767+0000] {logging_mixin.py:190} INFO - [2025-02-07T12:47:02.766+0000] {dagbag.py:588} INFO - Filling up the DagBag from /opt/conda/lib/python3.12/site-packages/airflow/example_dags/example_task_group.py
[2025-02-07T12:47:02.780+0000] {processor.py:925} INFO - DAG(s) 'example_task_group' retrieved from /opt/conda/lib/python3.12/site-packages/airflow/example_dags/example_task_group.py
[2025-02-07T12:47:02.798+0000] {logging_mixin.py:190} INFO - [2025-02-07T12:47:02.797+0000] {dag.py:3239} INFO - Sync 1 DAGs
[2025-02-07T12:47:02.812+0000] {logging_mixin.py:190} INFO - [2025-02-07T12:47:02.811+0000] {dag.py:4180} INFO - Setting next_dagrun for example_task_group to None, run_after=None
[2025-02-07T12:47:02.841+0000] {processor.py:208} INFO - Processing /opt/conda/lib/python3.12/site-packages/airflow/example_dags/example_task_group.py took 0.101 seconds
[2025-02-07T12:55:44.616+0000] {processor.py:186} INFO - Started process (PID=6433) to work on /opt/conda/lib/python3.12/site-packages/airflow/example_dags/example_task_group.py
[2025-02-07T12:55:44.618+0000] {processor.py:914} INFO - Processing file /opt/conda/lib/python3.12/site-packages/airflow/example_dags/example_task_group.py for tasks to queue
[2025-02-07T12:55:44.625+0000] {logging_mixin.py:190} INFO - [2025-02-07T12:55:44.624+0000] {dagbag.py:588} INFO - Filling up the DagBag from /opt/conda/lib/python3.12/site-packages/airflow/example_dags/example_task_group.py
[2025-02-07T12:55:44.642+0000] {processor.py:925} INFO - DAG(s) 'example_task_group' retrieved from /opt/conda/lib/python3.12/site-packages/airflow/example_dags/example_task_group.py
[2025-02-07T12:55:44.656+0000] {logging_mixin.py:190} INFO - [2025-02-07T12:55:44.656+0000] {dag.py:3239} INFO - Sync 1 DAGs
[2025-02-07T12:55:44.667+0000] {logging_mixin.py:190} INFO - [2025-02-07T12:55:44.667+0000] {dag.py:4180} INFO - Setting next_dagrun for example_task_group to None, run_after=None
[2025-02-07T12:55:44.683+0000] {processor.py:208} INFO - Processing /opt/conda/lib/python3.12/site-packages/airflow/example_dags/example_task_group.py took 0.079 seconds
[2025-02-07T13:03:44.495+0000] {processor.py:186} INFO - Started process (PID=665) to work on /opt/conda/lib/python3.12/site-packages/airflow/example_dags/example_task_group.py
[2025-02-07T13:03:44.496+0000] {processor.py:914} INFO - Processing file /opt/conda/lib/python3.12/site-packages/airflow/example_dags/example_task_group.py for tasks to queue
[2025-02-07T13:03:44.497+0000] {logging_mixin.py:190} INFO - [2025-02-07T13:03:44.497+0000] {dagbag.py:588} INFO - Filling up the DagBag from /opt/conda/lib/python3.12/site-packages/airflow/example_dags/example_task_group.py
[2025-02-07T13:03:44.503+0000] {processor.py:925} INFO - DAG(s) 'example_task_group' retrieved from /opt/conda/lib/python3.12/site-packages/airflow/example_dags/example_task_group.py
[2025-02-07T13:03:44.519+0000] {logging_mixin.py:190} INFO - [2025-02-07T13:03:44.519+0000] {dag.py:3239} INFO - Sync 1 DAGs
[2025-02-07T13:03:44.525+0000] {logging_mixin.py:190} INFO - [2025-02-07T13:03:44.525+0000] {dag.py:4180} INFO - Setting next_dagrun for example_task_group to None, run_after=None
[2025-02-07T13:03:44.537+0000] {processor.py:208} INFO - Processing /opt/conda/lib/python3.12/site-packages/airflow/example_dags/example_task_group.py took 0.046 seconds
[2025-02-07T13:06:51.019+0000] {processor.py:186} INFO - Started process (PID=371) to work on /opt/conda/lib/python3.12/site-packages/airflow/example_dags/example_task_group.py
[2025-02-07T13:06:51.022+0000] {processor.py:914} INFO - Processing file /opt/conda/lib/python3.12/site-packages/airflow/example_dags/example_task_group.py for tasks to queue
[2025-02-07T13:06:51.027+0000] {logging_mixin.py:190} INFO - [2025-02-07T13:06:51.026+0000] {dagbag.py:588} INFO - Filling up the DagBag from /opt/conda/lib/python3.12/site-packages/airflow/example_dags/example_task_group.py
[2025-02-07T13:06:51.076+0000] {processor.py:925} INFO - DAG(s) 'example_task_group' retrieved from /opt/conda/lib/python3.12/site-packages/airflow/example_dags/example_task_group.py
[2025-02-07T13:06:51.153+0000] {logging_mixin.py:190} INFO - [2025-02-07T13:06:51.152+0000] {dag.py:3239} INFO - Sync 1 DAGs
[2025-02-07T13:06:51.189+0000] {logging_mixin.py:190} INFO - [2025-02-07T13:06:51.188+0000] {dag.py:4180} INFO - Setting next_dagrun for example_task_group to None, run_after=None
[2025-02-07T13:06:51.272+0000] {processor.py:208} INFO - Processing /opt/conda/lib/python3.12/site-packages/airflow/example_dags/example_task_group.py took 0.265 seconds
[2025-02-07T13:24:44.700+0000] {processor.py:186} INFO - Started process (PID=481) to work on /opt/conda/lib/python3.12/site-packages/airflow/example_dags/example_task_group.py
[2025-02-07T13:24:44.702+0000] {processor.py:914} INFO - Processing file /opt/conda/lib/python3.12/site-packages/airflow/example_dags/example_task_group.py for tasks to queue
[2025-02-07T13:24:44.704+0000] {logging_mixin.py:190} INFO - [2025-02-07T13:24:44.704+0000] {dagbag.py:588} INFO - Filling up the DagBag from /opt/conda/lib/python3.12/site-packages/airflow/example_dags/example_task_group.py
[2025-02-07T13:24:44.716+0000] {processor.py:925} INFO - DAG(s) 'example_task_group' retrieved from /opt/conda/lib/python3.12/site-packages/airflow/example_dags/example_task_group.py
[2025-02-07T13:24:44.752+0000] {logging_mixin.py:190} INFO - [2025-02-07T13:24:44.751+0000] {dag.py:3239} INFO - Sync 1 DAGs
[2025-02-07T13:24:44.776+0000] {logging_mixin.py:190} INFO - [2025-02-07T13:24:44.776+0000] {dag.py:4180} INFO - Setting next_dagrun for example_task_group to None, run_after=None
[2025-02-07T13:24:44.804+0000] {processor.py:208} INFO - Processing /opt/conda/lib/python3.12/site-packages/airflow/example_dags/example_task_group.py took 0.118 seconds
[2025-02-07T13:27:06.292+0000] {processor.py:186} INFO - Started process (PID=180) to work on /opt/conda/lib/python3.12/site-packages/airflow/example_dags/example_task_group.py
[2025-02-07T13:27:06.296+0000] {processor.py:914} INFO - Processing file /opt/conda/lib/python3.12/site-packages/airflow/example_dags/example_task_group.py for tasks to queue
[2025-02-07T13:27:06.305+0000] {logging_mixin.py:190} INFO - [2025-02-07T13:27:06.304+0000] {dagbag.py:588} INFO - Filling up the DagBag from /opt/conda/lib/python3.12/site-packages/airflow/example_dags/example_task_group.py
[2025-02-07T13:27:06.337+0000] {processor.py:925} INFO - DAG(s) 'example_task_group' retrieved from /opt/conda/lib/python3.12/site-packages/airflow/example_dags/example_task_group.py
[2025-02-07T13:27:06.457+0000] {logging_mixin.py:190} INFO - [2025-02-07T13:27:06.457+0000] {dag.py:3239} INFO - Sync 1 DAGs
[2025-02-07T13:27:06.497+0000] {logging_mixin.py:190} INFO - [2025-02-07T13:27:06.497+0000] {dag.py:4180} INFO - Setting next_dagrun for example_task_group to None, run_after=None
[2025-02-07T13:27:06.568+0000] {processor.py:208} INFO - Processing /opt/conda/lib/python3.12/site-packages/airflow/example_dags/example_task_group.py took 0.357 seconds
[2025-02-07T13:28:37.669+0000] {processor.py:186} INFO - Started process (PID=333) to work on /opt/conda/lib/python3.12/site-packages/airflow/example_dags/example_task_group.py
[2025-02-07T13:28:37.699+0000] {processor.py:914} INFO - Processing file /opt/conda/lib/python3.12/site-packages/airflow/example_dags/example_task_group.py for tasks to queue
[2025-02-07T13:28:37.704+0000] {logging_mixin.py:190} INFO - [2025-02-07T13:28:37.704+0000] {dagbag.py:588} INFO - Filling up the DagBag from /opt/conda/lib/python3.12/site-packages/airflow/example_dags/example_task_group.py
[2025-02-07T13:28:37.739+0000] {processor.py:925} INFO - DAG(s) 'example_task_group' retrieved from /opt/conda/lib/python3.12/site-packages/airflow/example_dags/example_task_group.py
[2025-02-07T13:28:37.807+0000] {logging_mixin.py:190} INFO - [2025-02-07T13:28:37.807+0000] {dag.py:3239} INFO - Sync 1 DAGs
[2025-02-07T13:28:37.825+0000] {logging_mixin.py:190} INFO - [2025-02-07T13:28:37.825+0000] {dag.py:4180} INFO - Setting next_dagrun for example_task_group to None, run_after=None
[2025-02-07T13:28:37.859+0000] {processor.py:208} INFO - Processing /opt/conda/lib/python3.12/site-packages/airflow/example_dags/example_task_group.py took 0.304 seconds
[2025-02-07T13:29:56.516+0000] {processor.py:186} INFO - Started process (PID=418) to work on /opt/conda/lib/python3.12/site-packages/airflow/example_dags/example_task_group.py
[2025-02-07T13:29:56.517+0000] {processor.py:914} INFO - Processing file /opt/conda/lib/python3.12/site-packages/airflow/example_dags/example_task_group.py for tasks to queue
[2025-02-07T13:29:56.518+0000] {logging_mixin.py:190} INFO - [2025-02-07T13:29:56.518+0000] {dagbag.py:588} INFO - Filling up the DagBag from /opt/conda/lib/python3.12/site-packages/airflow/example_dags/example_task_group.py
[2025-02-07T13:29:56.524+0000] {processor.py:925} INFO - DAG(s) 'example_task_group' retrieved from /opt/conda/lib/python3.12/site-packages/airflow/example_dags/example_task_group.py
[2025-02-07T13:29:56.535+0000] {logging_mixin.py:190} INFO - [2025-02-07T13:29:56.535+0000] {dag.py:3239} INFO - Sync 1 DAGs
[2025-02-07T13:29:56.543+0000] {logging_mixin.py:190} INFO - [2025-02-07T13:29:56.542+0000] {dag.py:4180} INFO - Setting next_dagrun for example_task_group to None, run_after=None
[2025-02-07T13:29:56.558+0000] {processor.py:208} INFO - Processing /opt/conda/lib/python3.12/site-packages/airflow/example_dags/example_task_group.py took 0.050 seconds
[2025-02-07T13:33:04.943+0000] {processor.py:186} INFO - Started process (PID=300) to work on /opt/conda/lib/python3.12/site-packages/airflow/example_dags/example_task_group.py
[2025-02-07T13:33:04.945+0000] {processor.py:914} INFO - Processing file /opt/conda/lib/python3.12/site-packages/airflow/example_dags/example_task_group.py for tasks to queue
[2025-02-07T13:33:04.953+0000] {logging_mixin.py:190} INFO - [2025-02-07T13:33:04.952+0000] {dagbag.py:588} INFO - Filling up the DagBag from /opt/conda/lib/python3.12/site-packages/airflow/example_dags/example_task_group.py
[2025-02-07T13:33:04.965+0000] {processor.py:925} INFO - DAG(s) 'example_task_group' retrieved from /opt/conda/lib/python3.12/site-packages/airflow/example_dags/example_task_group.py
[2025-02-07T13:33:04.990+0000] {logging_mixin.py:190} INFO - [2025-02-07T13:33:04.990+0000] {dag.py:3239} INFO - Sync 1 DAGs
[2025-02-07T13:33:05.004+0000] {logging_mixin.py:190} INFO - [2025-02-07T13:33:05.004+0000] {dag.py:4180} INFO - Setting next_dagrun for example_task_group to None, run_after=None
[2025-02-07T13:33:05.028+0000] {processor.py:208} INFO - Processing /opt/conda/lib/python3.12/site-packages/airflow/example_dags/example_task_group.py took 0.095 seconds
[2025-02-07T13:34:54.254+0000] {processor.py:186} INFO - Started process (PID=190) to work on /opt/conda/lib/python3.12/site-packages/airflow/example_dags/example_task_group.py
[2025-02-07T13:34:54.255+0000] {processor.py:914} INFO - Processing file /opt/conda/lib/python3.12/site-packages/airflow/example_dags/example_task_group.py for tasks to queue
[2025-02-07T13:34:54.256+0000] {logging_mixin.py:190} INFO - [2025-02-07T13:34:54.256+0000] {dagbag.py:588} INFO - Filling up the DagBag from /opt/conda/lib/python3.12/site-packages/airflow/example_dags/example_task_group.py
[2025-02-07T13:34:54.264+0000] {processor.py:925} INFO - DAG(s) 'example_task_group' retrieved from /opt/conda/lib/python3.12/site-packages/airflow/example_dags/example_task_group.py
[2025-02-07T13:34:54.286+0000] {logging_mixin.py:190} INFO - [2025-02-07T13:34:54.285+0000] {dag.py:3239} INFO - Sync 1 DAGs
[2025-02-07T13:34:54.298+0000] {logging_mixin.py:190} INFO - [2025-02-07T13:34:54.298+0000] {dag.py:4180} INFO - Setting next_dagrun for example_task_group to None, run_after=None
[2025-02-07T13:34:54.314+0000] {processor.py:208} INFO - Processing /opt/conda/lib/python3.12/site-packages/airflow/example_dags/example_task_group.py took 0.066 seconds
[2025-02-07T13:36:03.993+0000] {processor.py:186} INFO - Started process (PID=81) to work on /opt/conda/lib/python3.12/site-packages/airflow/example_dags/example_task_group.py
[2025-02-07T13:36:03.996+0000] {processor.py:914} INFO - Processing file /opt/conda/lib/python3.12/site-packages/airflow/example_dags/example_task_group.py for tasks to queue
[2025-02-07T13:36:04.003+0000] {logging_mixin.py:190} INFO - [2025-02-07T13:36:04.001+0000] {dagbag.py:588} INFO - Filling up the DagBag from /opt/conda/lib/python3.12/site-packages/airflow/example_dags/example_task_group.py
[2025-02-07T13:36:04.025+0000] {processor.py:925} INFO - DAG(s) 'example_task_group' retrieved from /opt/conda/lib/python3.12/site-packages/airflow/example_dags/example_task_group.py
[2025-02-07T13:36:04.079+0000] {logging_mixin.py:190} INFO - [2025-02-07T13:36:04.079+0000] {dag.py:3239} INFO - Sync 1 DAGs
[2025-02-07T13:36:04.095+0000] {logging_mixin.py:190} INFO - [2025-02-07T13:36:04.095+0000] {dag.py:4180} INFO - Setting next_dagrun for example_task_group to None, run_after=None
[2025-02-07T13:36:04.110+0000] {processor.py:208} INFO - Processing /opt/conda/lib/python3.12/site-packages/airflow/example_dags/example_task_group.py took 0.123 seconds
[2025-02-07T13:38:03.731+0000] {processor.py:186} INFO - Started process (PID=305) to work on /opt/conda/lib/python3.12/site-packages/airflow/example_dags/example_task_group.py
[2025-02-07T13:38:03.733+0000] {processor.py:914} INFO - Processing file /opt/conda/lib/python3.12/site-packages/airflow/example_dags/example_task_group.py for tasks to queue
[2025-02-07T13:38:03.737+0000] {logging_mixin.py:190} INFO - [2025-02-07T13:38:03.737+0000] {dagbag.py:588} INFO - Filling up the DagBag from /opt/conda/lib/python3.12/site-packages/airflow/example_dags/example_task_group.py
[2025-02-07T13:38:03.772+0000] {processor.py:925} INFO - DAG(s) 'example_task_group' retrieved from /opt/conda/lib/python3.12/site-packages/airflow/example_dags/example_task_group.py
[2025-02-07T13:38:03.864+0000] {logging_mixin.py:190} INFO - [2025-02-07T13:38:03.864+0000] {dag.py:3239} INFO - Sync 1 DAGs
[2025-02-07T13:38:03.888+0000] {logging_mixin.py:190} INFO - [2025-02-07T13:38:03.888+0000] {dag.py:4180} INFO - Setting next_dagrun for example_task_group to None, run_after=None
[2025-02-07T13:38:03.916+0000] {processor.py:208} INFO - Processing /opt/conda/lib/python3.12/site-packages/airflow/example_dags/example_task_group.py took 0.195 seconds
[2025-02-07T13:39:26.412+0000] {processor.py:186} INFO - Started process (PID=483) to work on /opt/conda/lib/python3.12/site-packages/airflow/example_dags/example_task_group.py
[2025-02-07T13:39:26.414+0000] {processor.py:914} INFO - Processing file /opt/conda/lib/python3.12/site-packages/airflow/example_dags/example_task_group.py for tasks to queue
[2025-02-07T13:39:26.416+0000] {logging_mixin.py:190} INFO - [2025-02-07T13:39:26.416+0000] {dagbag.py:588} INFO - Filling up the DagBag from /opt/conda/lib/python3.12/site-packages/airflow/example_dags/example_task_group.py
[2025-02-07T13:39:26.423+0000] {processor.py:925} INFO - DAG(s) 'example_task_group' retrieved from /opt/conda/lib/python3.12/site-packages/airflow/example_dags/example_task_group.py
[2025-02-07T13:39:26.437+0000] {logging_mixin.py:190} INFO - [2025-02-07T13:39:26.436+0000] {dag.py:3239} INFO - Sync 1 DAGs
[2025-02-07T13:39:26.445+0000] {logging_mixin.py:190} INFO - [2025-02-07T13:39:26.445+0000] {dag.py:4180} INFO - Setting next_dagrun for example_task_group to None, run_after=None
[2025-02-07T13:39:26.461+0000] {processor.py:208} INFO - Processing /opt/conda/lib/python3.12/site-packages/airflow/example_dags/example_task_group.py took 0.053 seconds
[2025-02-07T13:40:24.766+0000] {processor.py:186} INFO - Started process (PID=551) to work on /opt/conda/lib/python3.12/site-packages/airflow/example_dags/example_task_group.py
[2025-02-07T13:40:24.768+0000] {processor.py:914} INFO - Processing file /opt/conda/lib/python3.12/site-packages/airflow/example_dags/example_task_group.py for tasks to queue
[2025-02-07T13:40:24.770+0000] {logging_mixin.py:190} INFO - [2025-02-07T13:40:24.769+0000] {dagbag.py:588} INFO - Filling up the DagBag from /opt/conda/lib/python3.12/site-packages/airflow/example_dags/example_task_group.py
[2025-02-07T13:40:24.777+0000] {processor.py:925} INFO - DAG(s) 'example_task_group' retrieved from /opt/conda/lib/python3.12/site-packages/airflow/example_dags/example_task_group.py
[2025-02-07T13:40:24.791+0000] {logging_mixin.py:190} INFO - [2025-02-07T13:40:24.790+0000] {dag.py:3239} INFO - Sync 1 DAGs
[2025-02-07T13:40:24.799+0000] {logging_mixin.py:190} INFO - [2025-02-07T13:40:24.799+0000] {dag.py:4180} INFO - Setting next_dagrun for example_task_group to None, run_after=None
[2025-02-07T13:40:24.813+0000] {processor.py:208} INFO - Processing /opt/conda/lib/python3.12/site-packages/airflow/example_dags/example_task_group.py took 0.052 seconds
[2025-02-07T13:41:21.531+0000] {processor.py:186} INFO - Started process (PID=618) to work on /opt/conda/lib/python3.12/site-packages/airflow/example_dags/example_task_group.py
[2025-02-07T13:41:21.532+0000] {processor.py:914} INFO - Processing file /opt/conda/lib/python3.12/site-packages/airflow/example_dags/example_task_group.py for tasks to queue
[2025-02-07T13:41:21.534+0000] {logging_mixin.py:190} INFO - [2025-02-07T13:41:21.533+0000] {dagbag.py:588} INFO - Filling up the DagBag from /opt/conda/lib/python3.12/site-packages/airflow/example_dags/example_task_group.py
[2025-02-07T13:41:21.540+0000] {processor.py:925} INFO - DAG(s) 'example_task_group' retrieved from /opt/conda/lib/python3.12/site-packages/airflow/example_dags/example_task_group.py
[2025-02-07T13:41:21.552+0000] {logging_mixin.py:190} INFO - [2025-02-07T13:41:21.551+0000] {dag.py:3239} INFO - Sync 1 DAGs
[2025-02-07T13:41:21.560+0000] {logging_mixin.py:190} INFO - [2025-02-07T13:41:21.560+0000] {dag.py:4180} INFO - Setting next_dagrun for example_task_group to None, run_after=None
[2025-02-07T13:41:21.576+0000] {processor.py:208} INFO - Processing /opt/conda/lib/python3.12/site-packages/airflow/example_dags/example_task_group.py took 0.051 seconds
[2025-02-07T13:42:30.820+0000] {processor.py:186} INFO - Started process (PID=786) to work on /opt/conda/lib/python3.12/site-packages/airflow/example_dags/example_task_group.py
[2025-02-07T13:42:30.822+0000] {processor.py:914} INFO - Processing file /opt/conda/lib/python3.12/site-packages/airflow/example_dags/example_task_group.py for tasks to queue
[2025-02-07T13:42:30.824+0000] {logging_mixin.py:190} INFO - [2025-02-07T13:42:30.823+0000] {dagbag.py:588} INFO - Filling up the DagBag from /opt/conda/lib/python3.12/site-packages/airflow/example_dags/example_task_group.py
[2025-02-07T13:42:30.830+0000] {processor.py:925} INFO - DAG(s) 'example_task_group' retrieved from /opt/conda/lib/python3.12/site-packages/airflow/example_dags/example_task_group.py
[2025-02-07T13:42:30.842+0000] {logging_mixin.py:190} INFO - [2025-02-07T13:42:30.842+0000] {dag.py:3239} INFO - Sync 1 DAGs
[2025-02-07T13:42:30.850+0000] {logging_mixin.py:190} INFO - [2025-02-07T13:42:30.850+0000] {dag.py:4180} INFO - Setting next_dagrun for example_task_group to None, run_after=None
[2025-02-07T13:42:30.866+0000] {processor.py:208} INFO - Processing /opt/conda/lib/python3.12/site-packages/airflow/example_dags/example_task_group.py took 0.051 seconds
[2025-02-07T13:43:32.145+0000] {processor.py:186} INFO - Started process (PID=859) to work on /opt/conda/lib/python3.12/site-packages/airflow/example_dags/example_task_group.py
[2025-02-07T13:43:32.146+0000] {processor.py:914} INFO - Processing file /opt/conda/lib/python3.12/site-packages/airflow/example_dags/example_task_group.py for tasks to queue
[2025-02-07T13:43:32.148+0000] {logging_mixin.py:190} INFO - [2025-02-07T13:43:32.148+0000] {dagbag.py:588} INFO - Filling up the DagBag from /opt/conda/lib/python3.12/site-packages/airflow/example_dags/example_task_group.py
[2025-02-07T13:43:32.157+0000] {processor.py:925} INFO - DAG(s) 'example_task_group' retrieved from /opt/conda/lib/python3.12/site-packages/airflow/example_dags/example_task_group.py
[2025-02-07T13:43:32.171+0000] {logging_mixin.py:190} INFO - [2025-02-07T13:43:32.170+0000] {dag.py:3239} INFO - Sync 1 DAGs
[2025-02-07T13:43:32.179+0000] {logging_mixin.py:190} INFO - [2025-02-07T13:43:32.179+0000] {dag.py:4180} INFO - Setting next_dagrun for example_task_group to None, run_after=None
[2025-02-07T13:43:32.194+0000] {processor.py:208} INFO - Processing /opt/conda/lib/python3.12/site-packages/airflow/example_dags/example_task_group.py took 0.055 seconds
[2025-02-07T13:44:21.101+0000] {processor.py:186} INFO - Started process (PID=1010) to work on /opt/conda/lib/python3.12/site-packages/airflow/example_dags/example_task_group.py
[2025-02-07T13:44:21.102+0000] {processor.py:914} INFO - Processing file /opt/conda/lib/python3.12/site-packages/airflow/example_dags/example_task_group.py for tasks to queue
[2025-02-07T13:44:21.104+0000] {logging_mixin.py:190} INFO - [2025-02-07T13:44:21.104+0000] {dagbag.py:588} INFO - Filling up the DagBag from /opt/conda/lib/python3.12/site-packages/airflow/example_dags/example_task_group.py
[2025-02-07T13:44:21.114+0000] {processor.py:925} INFO - DAG(s) 'example_task_group' retrieved from /opt/conda/lib/python3.12/site-packages/airflow/example_dags/example_task_group.py
[2025-02-07T13:44:21.132+0000] {logging_mixin.py:190} INFO - [2025-02-07T13:44:21.132+0000] {dag.py:3239} INFO - Sync 1 DAGs
[2025-02-07T13:44:21.143+0000] {logging_mixin.py:190} INFO - [2025-02-07T13:44:21.143+0000] {dag.py:4180} INFO - Setting next_dagrun for example_task_group to None, run_after=None
[2025-02-07T13:44:21.172+0000] {processor.py:208} INFO - Processing /opt/conda/lib/python3.12/site-packages/airflow/example_dags/example_task_group.py took 0.077 seconds
[2025-02-07T13:45:56.573+0000] {processor.py:186} INFO - Started process (PID=1196) to work on /opt/conda/lib/python3.12/site-packages/airflow/example_dags/example_task_group.py
[2025-02-07T13:45:56.577+0000] {processor.py:914} INFO - Processing file /opt/conda/lib/python3.12/site-packages/airflow/example_dags/example_task_group.py for tasks to queue
[2025-02-07T13:45:56.581+0000] {logging_mixin.py:190} INFO - [2025-02-07T13:45:56.580+0000] {dagbag.py:588} INFO - Filling up the DagBag from /opt/conda/lib/python3.12/site-packages/airflow/example_dags/example_task_group.py
[2025-02-07T13:45:56.592+0000] {processor.py:925} INFO - DAG(s) 'example_task_group' retrieved from /opt/conda/lib/python3.12/site-packages/airflow/example_dags/example_task_group.py
[2025-02-07T13:45:56.605+0000] {logging_mixin.py:190} INFO - [2025-02-07T13:45:56.605+0000] {dag.py:3239} INFO - Sync 1 DAGs
[2025-02-07T13:45:56.615+0000] {logging_mixin.py:190} INFO - [2025-02-07T13:45:56.615+0000] {dag.py:4180} INFO - Setting next_dagrun for example_task_group to None, run_after=None
[2025-02-07T13:45:56.646+0000] {processor.py:208} INFO - Processing /opt/conda/lib/python3.12/site-packages/airflow/example_dags/example_task_group.py took 0.099 seconds
[2025-02-07T13:47:05.009+0000] {processor.py:186} INFO - Started process (PID=1263) to work on /opt/conda/lib/python3.12/site-packages/airflow/example_dags/example_task_group.py
[2025-02-07T13:47:05.016+0000] {processor.py:914} INFO - Processing file /opt/conda/lib/python3.12/site-packages/airflow/example_dags/example_task_group.py for tasks to queue
[2025-02-07T13:47:05.029+0000] {logging_mixin.py:190} INFO - [2025-02-07T13:47:05.028+0000] {dagbag.py:588} INFO - Filling up the DagBag from /opt/conda/lib/python3.12/site-packages/airflow/example_dags/example_task_group.py
[2025-02-07T13:47:05.099+0000] {processor.py:925} INFO - DAG(s) 'example_task_group' retrieved from /opt/conda/lib/python3.12/site-packages/airflow/example_dags/example_task_group.py
[2025-02-07T13:47:05.158+0000] {logging_mixin.py:190} INFO - [2025-02-07T13:47:05.158+0000] {dag.py:3239} INFO - Sync 1 DAGs
[2025-02-07T13:47:05.191+0000] {logging_mixin.py:190} INFO - [2025-02-07T13:47:05.190+0000] {dag.py:4180} INFO - Setting next_dagrun for example_task_group to None, run_after=None
[2025-02-07T13:47:05.265+0000] {processor.py:208} INFO - Processing /opt/conda/lib/python3.12/site-packages/airflow/example_dags/example_task_group.py took 0.287 seconds
[2025-02-07T14:03:50.576+0000] {processor.py:186} INFO - Started process (PID=1099) to work on /opt/conda/lib/python3.12/site-packages/airflow/example_dags/example_task_group.py
[2025-02-07T14:03:50.577+0000] {processor.py:914} INFO - Processing file /opt/conda/lib/python3.12/site-packages/airflow/example_dags/example_task_group.py for tasks to queue
[2025-02-07T14:03:50.578+0000] {logging_mixin.py:190} INFO - [2025-02-07T14:03:50.578+0000] {dagbag.py:588} INFO - Filling up the DagBag from /opt/conda/lib/python3.12/site-packages/airflow/example_dags/example_task_group.py
[2025-02-07T14:03:50.588+0000] {processor.py:925} INFO - DAG(s) 'example_task_group' retrieved from /opt/conda/lib/python3.12/site-packages/airflow/example_dags/example_task_group.py
[2025-02-07T14:03:50.668+0000] {logging_mixin.py:190} INFO - [2025-02-07T14:03:50.668+0000] {dag.py:3239} INFO - Sync 1 DAGs
[2025-02-07T14:03:50.678+0000] {logging_mixin.py:190} INFO - [2025-02-07T14:03:50.678+0000] {dag.py:4180} INFO - Setting next_dagrun for example_task_group to None, run_after=None
[2025-02-07T14:03:50.707+0000] {processor.py:208} INFO - Processing /opt/conda/lib/python3.12/site-packages/airflow/example_dags/example_task_group.py took 0.136 seconds
[2025-02-07T14:06:02.773+0000] {processor.py:186} INFO - Started process (PID=1809) to work on /opt/conda/lib/python3.12/site-packages/airflow/example_dags/example_task_group.py
[2025-02-07T14:06:02.775+0000] {processor.py:914} INFO - Processing file /opt/conda/lib/python3.12/site-packages/airflow/example_dags/example_task_group.py for tasks to queue
[2025-02-07T14:06:02.776+0000] {logging_mixin.py:190} INFO - [2025-02-07T14:06:02.775+0000] {dagbag.py:588} INFO - Filling up the DagBag from /opt/conda/lib/python3.12/site-packages/airflow/example_dags/example_task_group.py
[2025-02-07T14:06:02.784+0000] {processor.py:925} INFO - DAG(s) 'example_task_group' retrieved from /opt/conda/lib/python3.12/site-packages/airflow/example_dags/example_task_group.py
[2025-02-07T14:06:02.819+0000] {logging_mixin.py:190} INFO - [2025-02-07T14:06:02.819+0000] {dag.py:3239} INFO - Sync 1 DAGs
[2025-02-07T14:06:02.834+0000] {logging_mixin.py:190} INFO - [2025-02-07T14:06:02.833+0000] {dag.py:4180} INFO - Setting next_dagrun for example_task_group to None, run_after=None
[2025-02-07T14:06:02.903+0000] {processor.py:208} INFO - Processing /opt/conda/lib/python3.12/site-packages/airflow/example_dags/example_task_group.py took 0.140 seconds
[2025-02-07T14:07:26.361+0000] {processor.py:186} INFO - Started process (PID=1997) to work on /opt/conda/lib/python3.12/site-packages/airflow/example_dags/example_task_group.py
[2025-02-07T14:07:26.364+0000] {processor.py:914} INFO - Processing file /opt/conda/lib/python3.12/site-packages/airflow/example_dags/example_task_group.py for tasks to queue
[2025-02-07T14:07:26.366+0000] {logging_mixin.py:190} INFO - [2025-02-07T14:07:26.365+0000] {dagbag.py:588} INFO - Filling up the DagBag from /opt/conda/lib/python3.12/site-packages/airflow/example_dags/example_task_group.py
[2025-02-07T14:07:26.375+0000] {processor.py:925} INFO - DAG(s) 'example_task_group' retrieved from /opt/conda/lib/python3.12/site-packages/airflow/example_dags/example_task_group.py
[2025-02-07T14:07:26.390+0000] {logging_mixin.py:190} INFO - [2025-02-07T14:07:26.389+0000] {dag.py:3239} INFO - Sync 1 DAGs
[2025-02-07T14:07:26.398+0000] {logging_mixin.py:190} INFO - [2025-02-07T14:07:26.398+0000] {dag.py:4180} INFO - Setting next_dagrun for example_task_group to None, run_after=None
[2025-02-07T14:07:26.413+0000] {processor.py:208} INFO - Processing /opt/conda/lib/python3.12/site-packages/airflow/example_dags/example_task_group.py took 0.061 seconds
[2025-02-07T14:37:41.614+0000] {processor.py:186} INFO - Started process (PID=975) to work on /opt/conda/lib/python3.12/site-packages/airflow/example_dags/example_task_group.py
[2025-02-07T14:37:41.615+0000] {processor.py:914} INFO - Processing file /opt/conda/lib/python3.12/site-packages/airflow/example_dags/example_task_group.py for tasks to queue
[2025-02-07T14:37:41.617+0000] {logging_mixin.py:190} INFO - [2025-02-07T14:37:41.616+0000] {dagbag.py:588} INFO - Filling up the DagBag from /opt/conda/lib/python3.12/site-packages/airflow/example_dags/example_task_group.py
[2025-02-07T14:37:41.622+0000] {processor.py:925} INFO - DAG(s) 'example_task_group' retrieved from /opt/conda/lib/python3.12/site-packages/airflow/example_dags/example_task_group.py
[2025-02-07T14:37:41.647+0000] {logging_mixin.py:190} INFO - [2025-02-07T14:37:41.647+0000] {dag.py:3239} INFO - Sync 1 DAGs
[2025-02-07T14:37:41.655+0000] {logging_mixin.py:190} INFO - [2025-02-07T14:37:41.655+0000] {dag.py:4180} INFO - Setting next_dagrun for example_task_group to None, run_after=None
[2025-02-07T14:37:41.670+0000] {processor.py:208} INFO - Processing /opt/conda/lib/python3.12/site-packages/airflow/example_dags/example_task_group.py took 0.058 seconds
