[2025-02-07T12:13:42.314+0000] {processor.py:186} INFO - Started process (PID=3290) to work on /opt/conda/lib/python3.12/site-packages/airflow/example_dags/example_branch_python_dop_operator_3.py
[2025-02-07T12:13:42.323+0000] {processor.py:914} INFO - Processing file /opt/conda/lib/python3.12/site-packages/airflow/example_dags/example_branch_python_dop_operator_3.py for tasks to queue
[2025-02-07T12:13:42.339+0000] {logging_mixin.py:190} INFO - [2025-02-07T12:13:42.338+0000] {dagbag.py:588} INFO - Filling up the DagBag from /opt/conda/lib/python3.12/site-packages/airflow/example_dags/example_branch_python_dop_operator_3.py
[2025-02-07T12:13:42.381+0000] {processor.py:925} INFO - DAG(s) 'example_branch_dop_operator_v3' retrieved from /opt/conda/lib/python3.12/site-packages/airflow/example_dags/example_branch_python_dop_operator_3.py
[2025-02-07T12:13:42.478+0000] {logging_mixin.py:190} INFO - [2025-02-07T12:13:42.477+0000] {override.py:1912} INFO - Created Permission View: can delete on DAG:example_branch_dop_operator_v3
[2025-02-07T12:13:42.496+0000] {logging_mixin.py:190} INFO - [2025-02-07T12:13:42.495+0000] {override.py:1912} INFO - Created Permission View: can read on DAG:example_branch_dop_operator_v3
[2025-02-07T12:13:42.505+0000] {logging_mixin.py:190} INFO - [2025-02-07T12:13:42.505+0000] {override.py:1912} INFO - Created Permission View: can edit on DAG:example_branch_dop_operator_v3
[2025-02-07T12:13:42.516+0000] {logging_mixin.py:190} INFO - [2025-02-07T12:13:42.515+0000] {override.py:1912} INFO - Created Permission View: can create on DAG Run:example_branch_dop_operator_v3
[2025-02-07T12:13:42.529+0000] {logging_mixin.py:190} INFO - [2025-02-07T12:13:42.529+0000] {override.py:1912} INFO - Created Permission View: menu access on DAG Run:example_branch_dop_operator_v3
[2025-02-07T12:13:42.536+0000] {logging_mixin.py:190} INFO - [2025-02-07T12:13:42.536+0000] {override.py:1912} INFO - Created Permission View: can read on DAG Run:example_branch_dop_operator_v3
[2025-02-07T12:13:42.543+0000] {logging_mixin.py:190} INFO - [2025-02-07T12:13:42.543+0000] {override.py:1912} INFO - Created Permission View: can delete on DAG Run:example_branch_dop_operator_v3
[2025-02-07T12:13:42.544+0000] {logging_mixin.py:190} INFO - [2025-02-07T12:13:42.544+0000] {dag.py:3239} INFO - Sync 1 DAGs
[2025-02-07T12:13:42.553+0000] {logging_mixin.py:190} INFO - [2025-02-07T12:13:42.553+0000] {dag.py:3262} INFO - Creating ORM DAG for example_branch_dop_operator_v3
[2025-02-07T12:13:42.563+0000] {logging_mixin.py:190} INFO - [2025-02-07T12:13:42.563+0000] {dag.py:4180} INFO - Setting next_dagrun for example_branch_dop_operator_v3 to 2025-02-07 12:12:00+00:00, run_after=2025-02-07 12:13:00+00:00
[2025-02-07T12:13:42.579+0000] {processor.py:208} INFO - Processing /opt/conda/lib/python3.12/site-packages/airflow/example_dags/example_branch_python_dop_operator_3.py took 0.274 seconds
[2025-02-07T12:33:12.639+0000] {processor.py:186} INFO - Started process (PID=143) to work on /opt/conda/lib/python3.12/site-packages/airflow/example_dags/example_branch_python_dop_operator_3.py
[2025-02-07T12:33:12.642+0000] {processor.py:914} INFO - Processing file /opt/conda/lib/python3.12/site-packages/airflow/example_dags/example_branch_python_dop_operator_3.py for tasks to queue
[2025-02-07T12:33:12.644+0000] {logging_mixin.py:190} INFO - [2025-02-07T12:33:12.644+0000] {dagbag.py:588} INFO - Filling up the DagBag from /opt/conda/lib/python3.12/site-packages/airflow/example_dags/example_branch_python_dop_operator_3.py
[2025-02-07T12:33:12.659+0000] {processor.py:925} INFO - DAG(s) 'example_branch_dop_operator_v3' retrieved from /opt/conda/lib/python3.12/site-packages/airflow/example_dags/example_branch_python_dop_operator_3.py
[2025-02-07T12:33:12.680+0000] {logging_mixin.py:190} INFO - [2025-02-07T12:33:12.680+0000] {dag.py:3239} INFO - Sync 1 DAGs
[2025-02-07T12:33:12.705+0000] {logging_mixin.py:190} INFO - [2025-02-07T12:33:12.705+0000] {dag.py:4180} INFO - Setting next_dagrun for example_branch_dop_operator_v3 to 2025-02-07 12:32:00+00:00, run_after=2025-02-07 12:33:00+00:00
[2025-02-07T12:33:12.732+0000] {processor.py:208} INFO - Processing /opt/conda/lib/python3.12/site-packages/airflow/example_dags/example_branch_python_dop_operator_3.py took 0.122 seconds
[2025-02-07T12:37:02.390+0000] {processor.py:186} INFO - Started process (PID=121) to work on /opt/conda/lib/python3.12/site-packages/airflow/example_dags/example_branch_python_dop_operator_3.py
[2025-02-07T12:37:02.392+0000] {processor.py:914} INFO - Processing file /opt/conda/lib/python3.12/site-packages/airflow/example_dags/example_branch_python_dop_operator_3.py for tasks to queue
[2025-02-07T12:37:02.396+0000] {logging_mixin.py:190} INFO - [2025-02-07T12:37:02.396+0000] {dagbag.py:588} INFO - Filling up the DagBag from /opt/conda/lib/python3.12/site-packages/airflow/example_dags/example_branch_python_dop_operator_3.py
[2025-02-07T12:37:02.462+0000] {processor.py:925} INFO - DAG(s) 'example_branch_dop_operator_v3' retrieved from /opt/conda/lib/python3.12/site-packages/airflow/example_dags/example_branch_python_dop_operator_3.py
[2025-02-07T12:37:02.555+0000] {logging_mixin.py:190} INFO - [2025-02-07T12:37:02.554+0000] {dag.py:3239} INFO - Sync 1 DAGs
[2025-02-07T12:37:02.652+0000] {logging_mixin.py:190} INFO - [2025-02-07T12:37:02.651+0000] {dag.py:4180} INFO - Setting next_dagrun for example_branch_dop_operator_v3 to 2025-02-07 12:36:00+00:00, run_after=2025-02-07 12:37:00+00:00
[2025-02-07T12:37:02.747+0000] {processor.py:208} INFO - Processing /opt/conda/lib/python3.12/site-packages/airflow/example_dags/example_branch_python_dop_operator_3.py took 0.368 seconds
[2025-02-07T12:38:15.454+0000] {processor.py:186} INFO - Started process (PID=196) to work on /opt/conda/lib/python3.12/site-packages/airflow/example_dags/example_branch_python_dop_operator_3.py
[2025-02-07T12:38:15.456+0000] {processor.py:914} INFO - Processing file /opt/conda/lib/python3.12/site-packages/airflow/example_dags/example_branch_python_dop_operator_3.py for tasks to queue
[2025-02-07T12:38:15.458+0000] {logging_mixin.py:190} INFO - [2025-02-07T12:38:15.457+0000] {dagbag.py:588} INFO - Filling up the DagBag from /opt/conda/lib/python3.12/site-packages/airflow/example_dags/example_branch_python_dop_operator_3.py
[2025-02-07T12:38:15.467+0000] {processor.py:925} INFO - DAG(s) 'example_branch_dop_operator_v3' retrieved from /opt/conda/lib/python3.12/site-packages/airflow/example_dags/example_branch_python_dop_operator_3.py
[2025-02-07T12:38:15.479+0000] {logging_mixin.py:190} INFO - [2025-02-07T12:38:15.479+0000] {dag.py:3239} INFO - Sync 1 DAGs
[2025-02-07T12:38:15.494+0000] {logging_mixin.py:190} INFO - [2025-02-07T12:38:15.494+0000] {dag.py:4180} INFO - Setting next_dagrun for example_branch_dop_operator_v3 to 2025-02-07 12:37:00+00:00, run_after=2025-02-07 12:38:00+00:00
[2025-02-07T12:38:15.512+0000] {processor.py:208} INFO - Processing /opt/conda/lib/python3.12/site-packages/airflow/example_dags/example_branch_python_dop_operator_3.py took 0.062 seconds
[2025-02-07T12:39:14.298+0000] {processor.py:186} INFO - Started process (PID=265) to work on /opt/conda/lib/python3.12/site-packages/airflow/example_dags/example_branch_python_dop_operator_3.py
[2025-02-07T12:39:14.299+0000] {processor.py:914} INFO - Processing file /opt/conda/lib/python3.12/site-packages/airflow/example_dags/example_branch_python_dop_operator_3.py for tasks to queue
[2025-02-07T12:39:14.301+0000] {logging_mixin.py:190} INFO - [2025-02-07T12:39:14.301+0000] {dagbag.py:588} INFO - Filling up the DagBag from /opt/conda/lib/python3.12/site-packages/airflow/example_dags/example_branch_python_dop_operator_3.py
[2025-02-07T12:39:14.310+0000] {processor.py:925} INFO - DAG(s) 'example_branch_dop_operator_v3' retrieved from /opt/conda/lib/python3.12/site-packages/airflow/example_dags/example_branch_python_dop_operator_3.py
[2025-02-07T12:39:14.323+0000] {logging_mixin.py:190} INFO - [2025-02-07T12:39:14.323+0000] {dag.py:3239} INFO - Sync 1 DAGs
[2025-02-07T12:39:14.339+0000] {logging_mixin.py:190} INFO - [2025-02-07T12:39:14.339+0000] {dag.py:4180} INFO - Setting next_dagrun for example_branch_dop_operator_v3 to 2025-02-07 12:38:00+00:00, run_after=2025-02-07 12:39:00+00:00
[2025-02-07T12:39:14.353+0000] {processor.py:208} INFO - Processing /opt/conda/lib/python3.12/site-packages/airflow/example_dags/example_branch_python_dop_operator_3.py took 0.059 seconds
[2025-02-07T12:40:12.129+0000] {processor.py:186} INFO - Started process (PID=333) to work on /opt/conda/lib/python3.12/site-packages/airflow/example_dags/example_branch_python_dop_operator_3.py
[2025-02-07T12:40:12.130+0000] {processor.py:914} INFO - Processing file /opt/conda/lib/python3.12/site-packages/airflow/example_dags/example_branch_python_dop_operator_3.py for tasks to queue
[2025-02-07T12:40:12.131+0000] {logging_mixin.py:190} INFO - [2025-02-07T12:40:12.131+0000] {dagbag.py:588} INFO - Filling up the DagBag from /opt/conda/lib/python3.12/site-packages/airflow/example_dags/example_branch_python_dop_operator_3.py
[2025-02-07T12:40:12.138+0000] {processor.py:925} INFO - DAG(s) 'example_branch_dop_operator_v3' retrieved from /opt/conda/lib/python3.12/site-packages/airflow/example_dags/example_branch_python_dop_operator_3.py
[2025-02-07T12:40:12.150+0000] {logging_mixin.py:190} INFO - [2025-02-07T12:40:12.150+0000] {dag.py:3239} INFO - Sync 1 DAGs
[2025-02-07T12:40:12.167+0000] {logging_mixin.py:190} INFO - [2025-02-07T12:40:12.167+0000] {dag.py:4180} INFO - Setting next_dagrun for example_branch_dop_operator_v3 to 2025-02-07 12:39:00+00:00, run_after=2025-02-07 12:40:00+00:00
[2025-02-07T12:40:12.182+0000] {processor.py:208} INFO - Processing /opt/conda/lib/python3.12/site-packages/airflow/example_dags/example_branch_python_dop_operator_3.py took 0.058 seconds
[2025-02-07T12:41:10.561+0000] {processor.py:186} INFO - Started process (PID=402) to work on /opt/conda/lib/python3.12/site-packages/airflow/example_dags/example_branch_python_dop_operator_3.py
[2025-02-07T12:41:10.563+0000] {processor.py:914} INFO - Processing file /opt/conda/lib/python3.12/site-packages/airflow/example_dags/example_branch_python_dop_operator_3.py for tasks to queue
[2025-02-07T12:41:10.565+0000] {logging_mixin.py:190} INFO - [2025-02-07T12:41:10.565+0000] {dagbag.py:588} INFO - Filling up the DagBag from /opt/conda/lib/python3.12/site-packages/airflow/example_dags/example_branch_python_dop_operator_3.py
[2025-02-07T12:41:10.576+0000] {processor.py:925} INFO - DAG(s) 'example_branch_dop_operator_v3' retrieved from /opt/conda/lib/python3.12/site-packages/airflow/example_dags/example_branch_python_dop_operator_3.py
[2025-02-07T12:41:10.588+0000] {logging_mixin.py:190} INFO - [2025-02-07T12:41:10.588+0000] {dag.py:3239} INFO - Sync 1 DAGs
[2025-02-07T12:41:10.610+0000] {logging_mixin.py:190} INFO - [2025-02-07T12:41:10.610+0000] {dag.py:4180} INFO - Setting next_dagrun for example_branch_dop_operator_v3 to 2025-02-07 12:40:00+00:00, run_after=2025-02-07 12:41:00+00:00
[2025-02-07T12:41:10.646+0000] {processor.py:208} INFO - Processing /opt/conda/lib/python3.12/site-packages/airflow/example_dags/example_branch_python_dop_operator_3.py took 0.094 seconds
[2025-02-07T12:53:06.627+0000] {processor.py:186} INFO - Started process (PID=5069) to work on /opt/conda/lib/python3.12/site-packages/airflow/example_dags/example_branch_python_dop_operator_3.py
[2025-02-07T12:53:06.628+0000] {processor.py:914} INFO - Processing file /opt/conda/lib/python3.12/site-packages/airflow/example_dags/example_branch_python_dop_operator_3.py for tasks to queue
[2025-02-07T12:53:06.630+0000] {logging_mixin.py:190} INFO - [2025-02-07T12:53:06.629+0000] {dagbag.py:588} INFO - Filling up the DagBag from /opt/conda/lib/python3.12/site-packages/airflow/example_dags/example_branch_python_dop_operator_3.py
[2025-02-07T12:53:06.637+0000] {processor.py:925} INFO - DAG(s) 'example_branch_dop_operator_v3' retrieved from /opt/conda/lib/python3.12/site-packages/airflow/example_dags/example_branch_python_dop_operator_3.py
[2025-02-07T12:53:06.651+0000] {logging_mixin.py:190} INFO - [2025-02-07T12:53:06.651+0000] {dag.py:3239} INFO - Sync 1 DAGs
[2025-02-07T12:53:06.667+0000] {logging_mixin.py:190} INFO - [2025-02-07T12:53:06.667+0000] {dag.py:4180} INFO - Setting next_dagrun for example_branch_dop_operator_v3 to 2025-02-07 12:52:00+00:00, run_after=2025-02-07 12:53:00+00:00
[2025-02-07T12:53:06.681+0000] {processor.py:208} INFO - Processing /opt/conda/lib/python3.12/site-packages/airflow/example_dags/example_branch_python_dop_operator_3.py took 0.059 seconds
[2025-02-07T13:01:33.404+0000] {processor.py:186} INFO - Started process (PID=8625) to work on /opt/conda/lib/python3.12/site-packages/airflow/example_dags/example_branch_python_dop_operator_3.py
[2025-02-07T13:01:33.405+0000] {processor.py:914} INFO - Processing file /opt/conda/lib/python3.12/site-packages/airflow/example_dags/example_branch_python_dop_operator_3.py for tasks to queue
[2025-02-07T13:01:33.408+0000] {logging_mixin.py:190} INFO - [2025-02-07T13:01:33.407+0000] {dagbag.py:588} INFO - Filling up the DagBag from /opt/conda/lib/python3.12/site-packages/airflow/example_dags/example_branch_python_dop_operator_3.py
[2025-02-07T13:01:33.423+0000] {processor.py:925} INFO - DAG(s) 'example_branch_dop_operator_v3' retrieved from /opt/conda/lib/python3.12/site-packages/airflow/example_dags/example_branch_python_dop_operator_3.py
[2025-02-07T13:01:33.439+0000] {logging_mixin.py:190} INFO - [2025-02-07T13:01:33.438+0000] {dag.py:3239} INFO - Sync 1 DAGs
[2025-02-07T13:01:33.457+0000] {logging_mixin.py:190} INFO - [2025-02-07T13:01:33.457+0000] {dag.py:4180} INFO - Setting next_dagrun for example_branch_dop_operator_v3 to 2025-02-07 13:00:00+00:00, run_after=2025-02-07 13:01:00+00:00
[2025-02-07T13:01:33.480+0000] {processor.py:208} INFO - Processing /opt/conda/lib/python3.12/site-packages/airflow/example_dags/example_branch_python_dop_operator_3.py took 0.083 seconds
[2025-02-07T13:28:04.215+0000] {processor.py:186} INFO - Started process (PID=301) to work on /opt/conda/lib/python3.12/site-packages/airflow/example_dags/example_branch_python_dop_operator_3.py
[2025-02-07T13:28:04.223+0000] {processor.py:914} INFO - Processing file /opt/conda/lib/python3.12/site-packages/airflow/example_dags/example_branch_python_dop_operator_3.py for tasks to queue
[2025-02-07T13:28:04.254+0000] {logging_mixin.py:190} INFO - [2025-02-07T13:28:04.253+0000] {dagbag.py:588} INFO - Filling up the DagBag from /opt/conda/lib/python3.12/site-packages/airflow/example_dags/example_branch_python_dop_operator_3.py
[2025-02-07T13:28:04.448+0000] {processor.py:925} INFO - DAG(s) 'example_branch_dop_operator_v3' retrieved from /opt/conda/lib/python3.12/site-packages/airflow/example_dags/example_branch_python_dop_operator_3.py
[2025-02-07T13:28:04.524+0000] {logging_mixin.py:190} INFO - [2025-02-07T13:28:04.522+0000] {dag.py:3239} INFO - Sync 1 DAGs
[2025-02-07T13:28:04.618+0000] {logging_mixin.py:190} INFO - [2025-02-07T13:28:04.618+0000] {dag.py:4180} INFO - Setting next_dagrun for example_branch_dop_operator_v3 to 2025-02-07 13:27:00+00:00, run_after=2025-02-07 13:28:00+00:00
[2025-02-07T13:28:04.680+0000] {processor.py:208} INFO - Processing /opt/conda/lib/python3.12/site-packages/airflow/example_dags/example_branch_python_dop_operator_3.py took 0.486 seconds
[2025-02-07T13:29:39.283+0000] {processor.py:186} INFO - Started process (PID=393) to work on /opt/conda/lib/python3.12/site-packages/airflow/example_dags/example_branch_python_dop_operator_3.py
[2025-02-07T13:29:39.285+0000] {processor.py:914} INFO - Processing file /opt/conda/lib/python3.12/site-packages/airflow/example_dags/example_branch_python_dop_operator_3.py for tasks to queue
[2025-02-07T13:29:39.287+0000] {logging_mixin.py:190} INFO - [2025-02-07T13:29:39.287+0000] {dagbag.py:588} INFO - Filling up the DagBag from /opt/conda/lib/python3.12/site-packages/airflow/example_dags/example_branch_python_dop_operator_3.py
[2025-02-07T13:29:39.306+0000] {processor.py:925} INFO - DAG(s) 'example_branch_dop_operator_v3' retrieved from /opt/conda/lib/python3.12/site-packages/airflow/example_dags/example_branch_python_dop_operator_3.py
[2025-02-07T13:29:39.327+0000] {logging_mixin.py:190} INFO - [2025-02-07T13:29:39.327+0000] {dag.py:3239} INFO - Sync 1 DAGs
[2025-02-07T13:29:39.396+0000] {logging_mixin.py:190} INFO - [2025-02-07T13:29:39.396+0000] {dag.py:4180} INFO - Setting next_dagrun for example_branch_dop_operator_v3 to 2025-02-07 13:28:00+00:00, run_after=2025-02-07 13:29:00+00:00
[2025-02-07T13:29:39.411+0000] {processor.py:208} INFO - Processing /opt/conda/lib/python3.12/site-packages/airflow/example_dags/example_branch_python_dop_operator_3.py took 0.131 seconds
[2025-02-07T13:39:06.827+0000] {processor.py:186} INFO - Started process (PID=454) to work on /opt/conda/lib/python3.12/site-packages/airflow/example_dags/example_branch_python_dop_operator_3.py
[2025-02-07T13:39:06.828+0000] {processor.py:914} INFO - Processing file /opt/conda/lib/python3.12/site-packages/airflow/example_dags/example_branch_python_dop_operator_3.py for tasks to queue
[2025-02-07T13:39:06.830+0000] {logging_mixin.py:190} INFO - [2025-02-07T13:39:06.830+0000] {dagbag.py:588} INFO - Filling up the DagBag from /opt/conda/lib/python3.12/site-packages/airflow/example_dags/example_branch_python_dop_operator_3.py
[2025-02-07T13:39:06.839+0000] {processor.py:925} INFO - DAG(s) 'example_branch_dop_operator_v3' retrieved from /opt/conda/lib/python3.12/site-packages/airflow/example_dags/example_branch_python_dop_operator_3.py
[2025-02-07T13:39:06.851+0000] {logging_mixin.py:190} INFO - [2025-02-07T13:39:06.851+0000] {dag.py:3239} INFO - Sync 1 DAGs
[2025-02-07T13:39:06.865+0000] {logging_mixin.py:190} INFO - [2025-02-07T13:39:06.865+0000] {dag.py:4180} INFO - Setting next_dagrun for example_branch_dop_operator_v3 to 2025-02-07 13:38:00+00:00, run_after=2025-02-07 13:39:00+00:00
[2025-02-07T13:39:06.879+0000] {processor.py:208} INFO - Processing /opt/conda/lib/python3.12/site-packages/airflow/example_dags/example_branch_python_dop_operator_3.py took 0.057 seconds
[2025-02-07T13:40:07.969+0000] {processor.py:186} INFO - Started process (PID=525) to work on /opt/conda/lib/python3.12/site-packages/airflow/example_dags/example_branch_python_dop_operator_3.py
[2025-02-07T13:40:07.970+0000] {processor.py:914} INFO - Processing file /opt/conda/lib/python3.12/site-packages/airflow/example_dags/example_branch_python_dop_operator_3.py for tasks to queue
[2025-02-07T13:40:07.971+0000] {logging_mixin.py:190} INFO - [2025-02-07T13:40:07.971+0000] {dagbag.py:588} INFO - Filling up the DagBag from /opt/conda/lib/python3.12/site-packages/airflow/example_dags/example_branch_python_dop_operator_3.py
[2025-02-07T13:40:07.979+0000] {processor.py:925} INFO - DAG(s) 'example_branch_dop_operator_v3' retrieved from /opt/conda/lib/python3.12/site-packages/airflow/example_dags/example_branch_python_dop_operator_3.py
[2025-02-07T13:40:07.992+0000] {logging_mixin.py:190} INFO - [2025-02-07T13:40:07.991+0000] {dag.py:3239} INFO - Sync 1 DAGs
[2025-02-07T13:40:08.010+0000] {logging_mixin.py:190} INFO - [2025-02-07T13:40:08.010+0000] {dag.py:4180} INFO - Setting next_dagrun for example_branch_dop_operator_v3 to 2025-02-07 13:39:00+00:00, run_after=2025-02-07 13:40:00+00:00
[2025-02-07T13:40:08.024+0000] {processor.py:208} INFO - Processing /opt/conda/lib/python3.12/site-packages/airflow/example_dags/example_branch_python_dop_operator_3.py took 0.059 seconds
[2025-02-07T13:41:06.036+0000] {processor.py:186} INFO - Started process (PID=593) to work on /opt/conda/lib/python3.12/site-packages/airflow/example_dags/example_branch_python_dop_operator_3.py
[2025-02-07T13:41:06.037+0000] {processor.py:914} INFO - Processing file /opt/conda/lib/python3.12/site-packages/airflow/example_dags/example_branch_python_dop_operator_3.py for tasks to queue
[2025-02-07T13:41:06.039+0000] {logging_mixin.py:190} INFO - [2025-02-07T13:41:06.038+0000] {dagbag.py:588} INFO - Filling up the DagBag from /opt/conda/lib/python3.12/site-packages/airflow/example_dags/example_branch_python_dop_operator_3.py
[2025-02-07T13:41:06.047+0000] {processor.py:925} INFO - DAG(s) 'example_branch_dop_operator_v3' retrieved from /opt/conda/lib/python3.12/site-packages/airflow/example_dags/example_branch_python_dop_operator_3.py
[2025-02-07T13:41:06.059+0000] {logging_mixin.py:190} INFO - [2025-02-07T13:41:06.059+0000] {dag.py:3239} INFO - Sync 1 DAGs
[2025-02-07T13:41:06.075+0000] {logging_mixin.py:190} INFO - [2025-02-07T13:41:06.075+0000] {dag.py:4180} INFO - Setting next_dagrun for example_branch_dop_operator_v3 to 2025-02-07 13:40:00+00:00, run_after=2025-02-07 13:41:00+00:00
[2025-02-07T13:41:06.089+0000] {processor.py:208} INFO - Processing /opt/conda/lib/python3.12/site-packages/airflow/example_dags/example_branch_python_dop_operator_3.py took 0.058 seconds
[2025-02-07T13:42:04.858+0000] {processor.py:186} INFO - Started process (PID=661) to work on /opt/conda/lib/python3.12/site-packages/airflow/example_dags/example_branch_python_dop_operator_3.py
[2025-02-07T13:42:04.859+0000] {processor.py:914} INFO - Processing file /opt/conda/lib/python3.12/site-packages/airflow/example_dags/example_branch_python_dop_operator_3.py for tasks to queue
[2025-02-07T13:42:04.861+0000] {logging_mixin.py:190} INFO - [2025-02-07T13:42:04.861+0000] {dagbag.py:588} INFO - Filling up the DagBag from /opt/conda/lib/python3.12/site-packages/airflow/example_dags/example_branch_python_dop_operator_3.py
[2025-02-07T13:42:04.869+0000] {processor.py:925} INFO - DAG(s) 'example_branch_dop_operator_v3' retrieved from /opt/conda/lib/python3.12/site-packages/airflow/example_dags/example_branch_python_dop_operator_3.py
[2025-02-07T13:42:04.881+0000] {logging_mixin.py:190} INFO - [2025-02-07T13:42:04.881+0000] {dag.py:3239} INFO - Sync 1 DAGs
[2025-02-07T13:42:04.896+0000] {logging_mixin.py:190} INFO - [2025-02-07T13:42:04.896+0000] {dag.py:4180} INFO - Setting next_dagrun for example_branch_dop_operator_v3 to 2025-02-07 13:41:00+00:00, run_after=2025-02-07 13:42:00+00:00
[2025-02-07T13:42:04.909+0000] {processor.py:208} INFO - Processing /opt/conda/lib/python3.12/site-packages/airflow/example_dags/example_branch_python_dop_operator_3.py took 0.061 seconds
[2025-02-07T13:43:17.535+0000] {processor.py:186} INFO - Started process (PID=844) to work on /opt/conda/lib/python3.12/site-packages/airflow/example_dags/example_branch_python_dop_operator_3.py
[2025-02-07T13:43:17.538+0000] {processor.py:914} INFO - Processing file /opt/conda/lib/python3.12/site-packages/airflow/example_dags/example_branch_python_dop_operator_3.py for tasks to queue
[2025-02-07T13:43:17.539+0000] {logging_mixin.py:190} INFO - [2025-02-07T13:43:17.539+0000] {dagbag.py:588} INFO - Filling up the DagBag from /opt/conda/lib/python3.12/site-packages/airflow/example_dags/example_branch_python_dop_operator_3.py
[2025-02-07T13:43:17.548+0000] {processor.py:925} INFO - DAG(s) 'example_branch_dop_operator_v3' retrieved from /opt/conda/lib/python3.12/site-packages/airflow/example_dags/example_branch_python_dop_operator_3.py
[2025-02-07T13:43:17.560+0000] {logging_mixin.py:190} INFO - [2025-02-07T13:43:17.560+0000] {dag.py:3239} INFO - Sync 1 DAGs
[2025-02-07T13:43:17.575+0000] {logging_mixin.py:190} INFO - [2025-02-07T13:43:17.575+0000] {dag.py:4180} INFO - Setting next_dagrun for example_branch_dop_operator_v3 to 2025-02-07 13:42:00+00:00, run_after=2025-02-07 13:43:00+00:00
[2025-02-07T13:43:17.588+0000] {processor.py:208} INFO - Processing /opt/conda/lib/python3.12/site-packages/airflow/example_dags/example_branch_python_dop_operator_3.py took 0.059 seconds
[2025-02-07T13:44:45.681+0000] {processor.py:186} INFO - Started process (PID=1036) to work on /opt/conda/lib/python3.12/site-packages/airflow/example_dags/example_branch_python_dop_operator_3.py
[2025-02-07T13:44:45.682+0000] {processor.py:914} INFO - Processing file /opt/conda/lib/python3.12/site-packages/airflow/example_dags/example_branch_python_dop_operator_3.py for tasks to queue
[2025-02-07T13:44:45.685+0000] {logging_mixin.py:190} INFO - [2025-02-07T13:44:45.685+0000] {dagbag.py:588} INFO - Filling up the DagBag from /opt/conda/lib/python3.12/site-packages/airflow/example_dags/example_branch_python_dop_operator_3.py
[2025-02-07T13:44:45.699+0000] {processor.py:925} INFO - DAG(s) 'example_branch_dop_operator_v3' retrieved from /opt/conda/lib/python3.12/site-packages/airflow/example_dags/example_branch_python_dop_operator_3.py
[2025-02-07T13:44:45.717+0000] {logging_mixin.py:190} INFO - [2025-02-07T13:44:45.717+0000] {dag.py:3239} INFO - Sync 1 DAGs
[2025-02-07T13:44:45.736+0000] {logging_mixin.py:190} INFO - [2025-02-07T13:44:45.736+0000] {dag.py:4180} INFO - Setting next_dagrun for example_branch_dop_operator_v3 to 2025-02-07 13:43:00+00:00, run_after=2025-02-07 13:44:00+00:00
[2025-02-07T13:44:45.754+0000] {processor.py:208} INFO - Processing /opt/conda/lib/python3.12/site-packages/airflow/example_dags/example_branch_python_dop_operator_3.py took 0.080 seconds
[2025-02-07T13:46:23.471+0000] {processor.py:186} INFO - Started process (PID=1222) to work on /opt/conda/lib/python3.12/site-packages/airflow/example_dags/example_branch_python_dop_operator_3.py
[2025-02-07T13:46:23.472+0000] {processor.py:914} INFO - Processing file /opt/conda/lib/python3.12/site-packages/airflow/example_dags/example_branch_python_dop_operator_3.py for tasks to queue
[2025-02-07T13:46:23.473+0000] {logging_mixin.py:190} INFO - [2025-02-07T13:46:23.473+0000] {dagbag.py:588} INFO - Filling up the DagBag from /opt/conda/lib/python3.12/site-packages/airflow/example_dags/example_branch_python_dop_operator_3.py
[2025-02-07T13:46:23.479+0000] {processor.py:925} INFO - DAG(s) 'example_branch_dop_operator_v3' retrieved from /opt/conda/lib/python3.12/site-packages/airflow/example_dags/example_branch_python_dop_operator_3.py
[2025-02-07T13:46:23.488+0000] {logging_mixin.py:190} INFO - [2025-02-07T13:46:23.488+0000] {dag.py:3239} INFO - Sync 1 DAGs
[2025-02-07T13:46:23.507+0000] {logging_mixin.py:190} INFO - [2025-02-07T13:46:23.507+0000] {dag.py:4180} INFO - Setting next_dagrun for example_branch_dop_operator_v3 to 2025-02-07 13:45:00+00:00, run_after=2025-02-07 13:46:00+00:00
[2025-02-07T13:46:23.522+0000] {processor.py:208} INFO - Processing /opt/conda/lib/python3.12/site-packages/airflow/example_dags/example_branch_python_dop_operator_3.py took 0.058 seconds
[2025-02-07T14:05:42.111+0000] {processor.py:186} INFO - Started process (PID=1780) to work on /opt/conda/lib/python3.12/site-packages/airflow/example_dags/example_branch_python_dop_operator_3.py
[2025-02-07T14:05:42.113+0000] {processor.py:914} INFO - Processing file /opt/conda/lib/python3.12/site-packages/airflow/example_dags/example_branch_python_dop_operator_3.py for tasks to queue
[2025-02-07T14:05:42.115+0000] {logging_mixin.py:190} INFO - [2025-02-07T14:05:42.114+0000] {dagbag.py:588} INFO - Filling up the DagBag from /opt/conda/lib/python3.12/site-packages/airflow/example_dags/example_branch_python_dop_operator_3.py
[2025-02-07T14:05:42.129+0000] {processor.py:925} INFO - DAG(s) 'example_branch_dop_operator_v3' retrieved from /opt/conda/lib/python3.12/site-packages/airflow/example_dags/example_branch_python_dop_operator_3.py
[2025-02-07T14:05:42.154+0000] {logging_mixin.py:190} INFO - [2025-02-07T14:05:42.153+0000] {dag.py:3239} INFO - Sync 1 DAGs
[2025-02-07T14:05:42.174+0000] {logging_mixin.py:190} INFO - [2025-02-07T14:05:42.173+0000] {dag.py:4180} INFO - Setting next_dagrun for example_branch_dop_operator_v3 to 2025-02-07 14:04:00+00:00, run_after=2025-02-07 14:05:00+00:00
[2025-02-07T14:05:42.196+0000] {processor.py:208} INFO - Processing /opt/conda/lib/python3.12/site-packages/airflow/example_dags/example_branch_python_dop_operator_3.py took 0.091 seconds
[2025-02-07T14:06:45.429+0000] {processor.py:186} INFO - Started process (PID=1850) to work on /opt/conda/lib/python3.12/site-packages/airflow/example_dags/example_branch_python_dop_operator_3.py
[2025-02-07T14:06:45.431+0000] {processor.py:914} INFO - Processing file /opt/conda/lib/python3.12/site-packages/airflow/example_dags/example_branch_python_dop_operator_3.py for tasks to queue
[2025-02-07T14:06:45.432+0000] {logging_mixin.py:190} INFO - [2025-02-07T14:06:45.432+0000] {dagbag.py:588} INFO - Filling up the DagBag from /opt/conda/lib/python3.12/site-packages/airflow/example_dags/example_branch_python_dop_operator_3.py
[2025-02-07T14:06:45.440+0000] {processor.py:925} INFO - DAG(s) 'example_branch_dop_operator_v3' retrieved from /opt/conda/lib/python3.12/site-packages/airflow/example_dags/example_branch_python_dop_operator_3.py
[2025-02-07T14:06:45.457+0000] {logging_mixin.py:190} INFO - [2025-02-07T14:06:45.457+0000] {dag.py:3239} INFO - Sync 1 DAGs
[2025-02-07T14:06:45.473+0000] {logging_mixin.py:190} INFO - [2025-02-07T14:06:45.473+0000] {dag.py:4180} INFO - Setting next_dagrun for example_branch_dop_operator_v3 to 2025-02-07 14:05:00+00:00, run_after=2025-02-07 14:06:00+00:00
[2025-02-07T14:06:45.487+0000] {processor.py:208} INFO - Processing /opt/conda/lib/python3.12/site-packages/airflow/example_dags/example_branch_python_dop_operator_3.py took 0.070 seconds
