[2025-02-07T12:09:44.693+0000] {processor.py:186} INFO - Started process (PID=2016) to work on /opt/conda/lib/python3.12/site-packages/airflow/example_dags/example_python_decorator.py
[2025-02-07T12:09:44.696+0000] {processor.py:914} INFO - Processing file /opt/conda/lib/python3.12/site-packages/airflow/example_dags/example_python_decorator.py for tasks to queue
[2025-02-07T12:09:44.703+0000] {logging_mixin.py:190} INFO - [2025-02-07T12:09:44.702+0000] {dagbag.py:588} INFO - Filling up the DagBag from /opt/conda/lib/python3.12/site-packages/airflow/example_dags/example_python_decorator.py
[2025-02-07T12:09:44.717+0000] {logging_mixin.py:190} INFO - [2025-02-07T12:09:44.717+0000] {example_python_decorator.py:80} WARNING - The virtalenv_python example task requires virtualenv, please install it.
[2025-02-07T12:09:44.721+0000] {processor.py:925} INFO - DAG(s) 'example_python_decorator' retrieved from /opt/conda/lib/python3.12/site-packages/airflow/example_dags/example_python_decorator.py
[2025-02-07T12:09:44.745+0000] {logging_mixin.py:190} INFO - [2025-02-07T12:09:44.745+0000] {dag.py:3239} INFO - Sync 1 DAGs
[2025-02-07T12:09:44.774+0000] {logging_mixin.py:190} INFO - [2025-02-07T12:09:44.774+0000] {dag.py:4180} INFO - Setting next_dagrun for example_python_decorator to None, run_after=None
[2025-02-07T12:09:44.795+0000] {processor.py:208} INFO - Processing /opt/conda/lib/python3.12/site-packages/airflow/example_dags/example_python_decorator.py took 0.118 seconds
[2025-02-07T12:20:55.129+0000] {processor.py:186} INFO - Started process (PID=5626) to work on /opt/conda/lib/python3.12/site-packages/airflow/example_dags/example_python_decorator.py
[2025-02-07T12:20:55.130+0000] {processor.py:914} INFO - Processing file /opt/conda/lib/python3.12/site-packages/airflow/example_dags/example_python_decorator.py for tasks to queue
[2025-02-07T12:20:55.132+0000] {logging_mixin.py:190} INFO - [2025-02-07T12:20:55.132+0000] {dagbag.py:588} INFO - Filling up the DagBag from /opt/conda/lib/python3.12/site-packages/airflow/example_dags/example_python_decorator.py
[2025-02-07T12:20:55.141+0000] {logging_mixin.py:190} INFO - [2025-02-07T12:20:55.141+0000] {example_python_decorator.py:80} WARNING - The virtalenv_python example task requires virtualenv, please install it.
[2025-02-07T12:20:55.143+0000] {processor.py:925} INFO - DAG(s) 'example_python_decorator' retrieved from /opt/conda/lib/python3.12/site-packages/airflow/example_dags/example_python_decorator.py
[2025-02-07T12:20:55.163+0000] {logging_mixin.py:190} INFO - [2025-02-07T12:20:55.163+0000] {dag.py:3239} INFO - Sync 1 DAGs
[2025-02-07T12:20:55.173+0000] {logging_mixin.py:190} INFO - [2025-02-07T12:20:55.173+0000] {dag.py:4180} INFO - Setting next_dagrun for example_python_decorator to None, run_after=None
[2025-02-07T12:20:55.192+0000] {processor.py:208} INFO - Processing /opt/conda/lib/python3.12/site-packages/airflow/example_dags/example_python_decorator.py took 0.067 seconds
[2025-02-07T12:32:50.686+0000] {processor.py:186} INFO - Started process (PID=123) to work on /opt/conda/lib/python3.12/site-packages/airflow/example_dags/example_python_decorator.py
[2025-02-07T12:32:50.690+0000] {processor.py:914} INFO - Processing file /opt/conda/lib/python3.12/site-packages/airflow/example_dags/example_python_decorator.py for tasks to queue
[2025-02-07T12:32:50.694+0000] {logging_mixin.py:190} INFO - [2025-02-07T12:32:50.694+0000] {dagbag.py:588} INFO - Filling up the DagBag from /opt/conda/lib/python3.12/site-packages/airflow/example_dags/example_python_decorator.py
[2025-02-07T12:32:50.736+0000] {logging_mixin.py:190} INFO - [2025-02-07T12:32:50.736+0000] {example_python_decorator.py:80} WARNING - The virtalenv_python example task requires virtualenv, please install it.
[2025-02-07T12:32:50.742+0000] {processor.py:925} INFO - DAG(s) 'example_python_decorator' retrieved from /opt/conda/lib/python3.12/site-packages/airflow/example_dags/example_python_decorator.py
[2025-02-07T12:32:50.803+0000] {logging_mixin.py:190} INFO - [2025-02-07T12:32:50.801+0000] {dag.py:3239} INFO - Sync 1 DAGs
[2025-02-07T12:32:50.836+0000] {logging_mixin.py:190} INFO - [2025-02-07T12:32:50.835+0000] {dag.py:4180} INFO - Setting next_dagrun for example_python_decorator to None, run_after=None
[2025-02-07T12:32:51.056+0000] {processor.py:208} INFO - Processing /opt/conda/lib/python3.12/site-packages/airflow/example_dags/example_python_decorator.py took 0.376 seconds
[2025-02-07T12:36:40.501+0000] {processor.py:186} INFO - Started process (PID=101) to work on /opt/conda/lib/python3.12/site-packages/airflow/example_dags/example_python_decorator.py
[2025-02-07T12:36:40.503+0000] {processor.py:914} INFO - Processing file /opt/conda/lib/python3.12/site-packages/airflow/example_dags/example_python_decorator.py for tasks to queue
[2025-02-07T12:36:40.505+0000] {logging_mixin.py:190} INFO - [2025-02-07T12:36:40.505+0000] {dagbag.py:588} INFO - Filling up the DagBag from /opt/conda/lib/python3.12/site-packages/airflow/example_dags/example_python_decorator.py
[2025-02-07T12:36:40.513+0000] {logging_mixin.py:190} INFO - [2025-02-07T12:36:40.512+0000] {example_python_decorator.py:80} WARNING - The virtalenv_python example task requires virtualenv, please install it.
[2025-02-07T12:36:40.515+0000] {processor.py:925} INFO - DAG(s) 'example_python_decorator' retrieved from /opt/conda/lib/python3.12/site-packages/airflow/example_dags/example_python_decorator.py
[2025-02-07T12:36:40.530+0000] {logging_mixin.py:190} INFO - [2025-02-07T12:36:40.530+0000] {dag.py:3239} INFO - Sync 1 DAGs
[2025-02-07T12:36:40.541+0000] {logging_mixin.py:190} INFO - [2025-02-07T12:36:40.540+0000] {dag.py:4180} INFO - Setting next_dagrun for example_python_decorator to None, run_after=None
[2025-02-07T12:36:40.564+0000] {processor.py:208} INFO - Processing /opt/conda/lib/python3.12/site-packages/airflow/example_dags/example_python_decorator.py took 0.070 seconds
[2025-02-07T12:37:48.219+0000] {processor.py:186} INFO - Started process (PID=169) to work on /opt/conda/lib/python3.12/site-packages/airflow/example_dags/example_python_decorator.py
[2025-02-07T12:37:48.221+0000] {processor.py:914} INFO - Processing file /opt/conda/lib/python3.12/site-packages/airflow/example_dags/example_python_decorator.py for tasks to queue
[2025-02-07T12:37:48.222+0000] {logging_mixin.py:190} INFO - [2025-02-07T12:37:48.222+0000] {dagbag.py:588} INFO - Filling up the DagBag from /opt/conda/lib/python3.12/site-packages/airflow/example_dags/example_python_decorator.py
[2025-02-07T12:37:48.230+0000] {logging_mixin.py:190} INFO - [2025-02-07T12:37:48.230+0000] {example_python_decorator.py:80} WARNING - The virtalenv_python example task requires virtualenv, please install it.
[2025-02-07T12:37:48.232+0000] {processor.py:925} INFO - DAG(s) 'example_python_decorator' retrieved from /opt/conda/lib/python3.12/site-packages/airflow/example_dags/example_python_decorator.py
[2025-02-07T12:37:48.246+0000] {logging_mixin.py:190} INFO - [2025-02-07T12:37:48.246+0000] {dag.py:3239} INFO - Sync 1 DAGs
[2025-02-07T12:37:48.255+0000] {logging_mixin.py:190} INFO - [2025-02-07T12:37:48.255+0000] {dag.py:4180} INFO - Setting next_dagrun for example_python_decorator to None, run_after=None
[2025-02-07T12:37:48.273+0000] {processor.py:208} INFO - Processing /opt/conda/lib/python3.12/site-packages/airflow/example_dags/example_python_decorator.py took 0.062 seconds
[2025-02-07T12:38:49.442+0000] {processor.py:186} INFO - Started process (PID=239) to work on /opt/conda/lib/python3.12/site-packages/airflow/example_dags/example_python_decorator.py
[2025-02-07T12:38:49.443+0000] {processor.py:914} INFO - Processing file /opt/conda/lib/python3.12/site-packages/airflow/example_dags/example_python_decorator.py for tasks to queue
[2025-02-07T12:38:49.445+0000] {logging_mixin.py:190} INFO - [2025-02-07T12:38:49.445+0000] {dagbag.py:588} INFO - Filling up the DagBag from /opt/conda/lib/python3.12/site-packages/airflow/example_dags/example_python_decorator.py
[2025-02-07T12:38:49.452+0000] {logging_mixin.py:190} INFO - [2025-02-07T12:38:49.452+0000] {example_python_decorator.py:80} WARNING - The virtalenv_python example task requires virtualenv, please install it.
[2025-02-07T12:38:49.454+0000] {processor.py:925} INFO - DAG(s) 'example_python_decorator' retrieved from /opt/conda/lib/python3.12/site-packages/airflow/example_dags/example_python_decorator.py
[2025-02-07T12:38:49.467+0000] {logging_mixin.py:190} INFO - [2025-02-07T12:38:49.467+0000] {dag.py:3239} INFO - Sync 1 DAGs
[2025-02-07T12:38:49.475+0000] {logging_mixin.py:190} INFO - [2025-02-07T12:38:49.475+0000] {dag.py:4180} INFO - Setting next_dagrun for example_python_decorator to None, run_after=None
[2025-02-07T12:38:49.489+0000] {processor.py:208} INFO - Processing /opt/conda/lib/python3.12/site-packages/airflow/example_dags/example_python_decorator.py took 0.052 seconds
[2025-02-07T12:39:46.467+0000] {processor.py:186} INFO - Started process (PID=307) to work on /opt/conda/lib/python3.12/site-packages/airflow/example_dags/example_python_decorator.py
[2025-02-07T12:39:46.468+0000] {processor.py:914} INFO - Processing file /opt/conda/lib/python3.12/site-packages/airflow/example_dags/example_python_decorator.py for tasks to queue
[2025-02-07T12:39:46.472+0000] {logging_mixin.py:190} INFO - [2025-02-07T12:39:46.471+0000] {dagbag.py:588} INFO - Filling up the DagBag from /opt/conda/lib/python3.12/site-packages/airflow/example_dags/example_python_decorator.py
[2025-02-07T12:39:46.479+0000] {logging_mixin.py:190} INFO - [2025-02-07T12:39:46.479+0000] {example_python_decorator.py:80} WARNING - The virtalenv_python example task requires virtualenv, please install it.
[2025-02-07T12:39:46.480+0000] {processor.py:925} INFO - DAG(s) 'example_python_decorator' retrieved from /opt/conda/lib/python3.12/site-packages/airflow/example_dags/example_python_decorator.py
[2025-02-07T12:39:46.496+0000] {logging_mixin.py:190} INFO - [2025-02-07T12:39:46.496+0000] {dag.py:3239} INFO - Sync 1 DAGs
[2025-02-07T12:39:46.503+0000] {logging_mixin.py:190} INFO - [2025-02-07T12:39:46.503+0000] {dag.py:4180} INFO - Setting next_dagrun for example_python_decorator to None, run_after=None
[2025-02-07T12:39:46.516+0000] {processor.py:208} INFO - Processing /opt/conda/lib/python3.12/site-packages/airflow/example_dags/example_python_decorator.py took 0.057 seconds
[2025-02-07T12:40:44.248+0000] {processor.py:186} INFO - Started process (PID=364) to work on /opt/conda/lib/python3.12/site-packages/airflow/example_dags/example_python_decorator.py
[2025-02-07T12:40:44.249+0000] {processor.py:914} INFO - Processing file /opt/conda/lib/python3.12/site-packages/airflow/example_dags/example_python_decorator.py for tasks to queue
[2025-02-07T12:40:44.251+0000] {logging_mixin.py:190} INFO - [2025-02-07T12:40:44.250+0000] {dagbag.py:588} INFO - Filling up the DagBag from /opt/conda/lib/python3.12/site-packages/airflow/example_dags/example_python_decorator.py
[2025-02-07T12:40:44.256+0000] {logging_mixin.py:190} INFO - [2025-02-07T12:40:44.256+0000] {example_python_decorator.py:80} WARNING - The virtalenv_python example task requires virtualenv, please install it.
[2025-02-07T12:40:44.258+0000] {processor.py:925} INFO - DAG(s) 'example_python_decorator' retrieved from /opt/conda/lib/python3.12/site-packages/airflow/example_dags/example_python_decorator.py
[2025-02-07T12:40:44.268+0000] {logging_mixin.py:190} INFO - [2025-02-07T12:40:44.268+0000] {dag.py:3239} INFO - Sync 1 DAGs
[2025-02-07T12:40:44.276+0000] {logging_mixin.py:190} INFO - [2025-02-07T12:40:44.276+0000] {dag.py:4180} INFO - Setting next_dagrun for example_python_decorator to None, run_after=None
[2025-02-07T12:40:44.293+0000] {processor.py:208} INFO - Processing /opt/conda/lib/python3.12/site-packages/airflow/example_dags/example_python_decorator.py took 0.052 seconds
[2025-02-07T12:44:34.471+0000] {processor.py:186} INFO - Started process (PID=1774) to work on /opt/conda/lib/python3.12/site-packages/airflow/example_dags/example_python_decorator.py
[2025-02-07T12:44:34.472+0000] {processor.py:914} INFO - Processing file /opt/conda/lib/python3.12/site-packages/airflow/example_dags/example_python_decorator.py for tasks to queue
[2025-02-07T12:44:34.477+0000] {logging_mixin.py:190} INFO - [2025-02-07T12:44:34.477+0000] {dagbag.py:588} INFO - Filling up the DagBag from /opt/conda/lib/python3.12/site-packages/airflow/example_dags/example_python_decorator.py
[2025-02-07T12:44:34.486+0000] {logging_mixin.py:190} INFO - [2025-02-07T12:44:34.486+0000] {example_python_decorator.py:80} WARNING - The virtalenv_python example task requires virtualenv, please install it.
[2025-02-07T12:44:34.489+0000] {processor.py:925} INFO - DAG(s) 'example_python_decorator' retrieved from /opt/conda/lib/python3.12/site-packages/airflow/example_dags/example_python_decorator.py
[2025-02-07T12:44:34.502+0000] {logging_mixin.py:190} INFO - [2025-02-07T12:44:34.502+0000] {dag.py:3239} INFO - Sync 1 DAGs
[2025-02-07T12:44:34.511+0000] {logging_mixin.py:190} INFO - [2025-02-07T12:44:34.511+0000] {dag.py:4180} INFO - Setting next_dagrun for example_python_decorator to None, run_after=None
[2025-02-07T12:44:34.525+0000] {processor.py:208} INFO - Processing /opt/conda/lib/python3.12/site-packages/airflow/example_dags/example_python_decorator.py took 0.059 seconds
[2025-02-07T12:50:41.615+0000] {processor.py:186} INFO - Started process (PID=3907) to work on /opt/conda/lib/python3.12/site-packages/airflow/example_dags/example_python_decorator.py
[2025-02-07T12:50:41.621+0000] {processor.py:914} INFO - Processing file /opt/conda/lib/python3.12/site-packages/airflow/example_dags/example_python_decorator.py for tasks to queue
[2025-02-07T12:50:41.637+0000] {logging_mixin.py:190} INFO - [2025-02-07T12:50:41.635+0000] {dagbag.py:588} INFO - Filling up the DagBag from /opt/conda/lib/python3.12/site-packages/airflow/example_dags/example_python_decorator.py
[2025-02-07T12:50:41.735+0000] {logging_mixin.py:190} INFO - [2025-02-07T12:50:41.735+0000] {example_python_decorator.py:80} WARNING - The virtalenv_python example task requires virtualenv, please install it.
[2025-02-07T12:50:41.743+0000] {processor.py:925} INFO - DAG(s) 'example_python_decorator' retrieved from /opt/conda/lib/python3.12/site-packages/airflow/example_dags/example_python_decorator.py
[2025-02-07T12:50:41.784+0000] {logging_mixin.py:190} INFO - [2025-02-07T12:50:41.784+0000] {dag.py:3239} INFO - Sync 1 DAGs
[2025-02-07T12:50:41.815+0000] {logging_mixin.py:190} INFO - [2025-02-07T12:50:41.815+0000] {dag.py:4180} INFO - Setting next_dagrun for example_python_decorator to None, run_after=None
[2025-02-07T12:50:41.853+0000] {processor.py:208} INFO - Processing /opt/conda/lib/python3.12/site-packages/airflow/example_dags/example_python_decorator.py took 0.290 seconds
[2025-02-07T12:58:09.913+0000] {processor.py:186} INFO - Started process (PID=7483) to work on /opt/conda/lib/python3.12/site-packages/airflow/example_dags/example_python_decorator.py
[2025-02-07T12:58:09.914+0000] {processor.py:914} INFO - Processing file /opt/conda/lib/python3.12/site-packages/airflow/example_dags/example_python_decorator.py for tasks to queue
[2025-02-07T12:58:09.916+0000] {logging_mixin.py:190} INFO - [2025-02-07T12:58:09.916+0000] {dagbag.py:588} INFO - Filling up the DagBag from /opt/conda/lib/python3.12/site-packages/airflow/example_dags/example_python_decorator.py
[2025-02-07T12:58:09.926+0000] {logging_mixin.py:190} INFO - [2025-02-07T12:58:09.926+0000] {example_python_decorator.py:80} WARNING - The virtalenv_python example task requires virtualenv, please install it.
[2025-02-07T12:58:09.929+0000] {processor.py:925} INFO - DAG(s) 'example_python_decorator' retrieved from /opt/conda/lib/python3.12/site-packages/airflow/example_dags/example_python_decorator.py
[2025-02-07T12:58:09.954+0000] {logging_mixin.py:190} INFO - [2025-02-07T12:58:09.954+0000] {dag.py:3239} INFO - Sync 1 DAGs
[2025-02-07T12:58:09.963+0000] {logging_mixin.py:190} INFO - [2025-02-07T12:58:09.963+0000] {dag.py:4180} INFO - Setting next_dagrun for example_python_decorator to None, run_after=None
[2025-02-07T12:58:09.975+0000] {processor.py:208} INFO - Processing /opt/conda/lib/python3.12/site-packages/airflow/example_dags/example_python_decorator.py took 0.074 seconds
[2025-02-07T13:08:04.671+0000] {processor.py:186} INFO - Started process (PID=893) to work on /opt/conda/lib/python3.12/site-packages/airflow/example_dags/example_python_decorator.py
[2025-02-07T13:08:04.672+0000] {processor.py:914} INFO - Processing file /opt/conda/lib/python3.12/site-packages/airflow/example_dags/example_python_decorator.py for tasks to queue
[2025-02-07T13:08:04.673+0000] {logging_mixin.py:190} INFO - [2025-02-07T13:08:04.673+0000] {dagbag.py:588} INFO - Filling up the DagBag from /opt/conda/lib/python3.12/site-packages/airflow/example_dags/example_python_decorator.py
[2025-02-07T13:08:04.678+0000] {logging_mixin.py:190} INFO - [2025-02-07T13:08:04.678+0000] {example_python_decorator.py:80} WARNING - The virtalenv_python example task requires virtualenv, please install it.
[2025-02-07T13:08:04.680+0000] {processor.py:925} INFO - DAG(s) 'example_python_decorator' retrieved from /opt/conda/lib/python3.12/site-packages/airflow/example_dags/example_python_decorator.py
[2025-02-07T13:08:04.690+0000] {logging_mixin.py:190} INFO - [2025-02-07T13:08:04.690+0000] {dag.py:3239} INFO - Sync 1 DAGs
[2025-02-07T13:08:04.698+0000] {logging_mixin.py:190} INFO - [2025-02-07T13:08:04.698+0000] {dag.py:4180} INFO - Setting next_dagrun for example_python_decorator to None, run_after=None
[2025-02-07T13:08:04.712+0000] {processor.py:208} INFO - Processing /opt/conda/lib/python3.12/site-packages/airflow/example_dags/example_python_decorator.py took 0.045 seconds
[2025-02-07T13:27:25.272+0000] {processor.py:186} INFO - Started process (PID=196) to work on /opt/conda/lib/python3.12/site-packages/airflow/example_dags/example_python_decorator.py
[2025-02-07T13:27:25.276+0000] {processor.py:914} INFO - Processing file /opt/conda/lib/python3.12/site-packages/airflow/example_dags/example_python_decorator.py for tasks to queue
[2025-02-07T13:27:25.278+0000] {logging_mixin.py:190} INFO - [2025-02-07T13:27:25.277+0000] {dagbag.py:588} INFO - Filling up the DagBag from /opt/conda/lib/python3.12/site-packages/airflow/example_dags/example_python_decorator.py
[2025-02-07T13:27:25.290+0000] {logging_mixin.py:190} INFO - [2025-02-07T13:27:25.290+0000] {example_python_decorator.py:80} WARNING - The virtalenv_python example task requires virtualenv, please install it.
[2025-02-07T13:27:25.293+0000] {processor.py:925} INFO - DAG(s) 'example_python_decorator' retrieved from /opt/conda/lib/python3.12/site-packages/airflow/example_dags/example_python_decorator.py
[2025-02-07T13:27:25.312+0000] {logging_mixin.py:190} INFO - [2025-02-07T13:27:25.312+0000] {dag.py:3239} INFO - Sync 1 DAGs
[2025-02-07T13:27:25.327+0000] {logging_mixin.py:190} INFO - [2025-02-07T13:27:25.327+0000] {dag.py:4180} INFO - Setting next_dagrun for example_python_decorator to None, run_after=None
[2025-02-07T13:27:25.349+0000] {processor.py:208} INFO - Processing /opt/conda/lib/python3.12/site-packages/airflow/example_dags/example_python_decorator.py took 0.081 seconds
[2025-02-07T13:29:00.118+0000] {processor.py:186} INFO - Started process (PID=349) to work on /opt/conda/lib/python3.12/site-packages/airflow/example_dags/example_python_decorator.py
[2025-02-07T13:29:00.121+0000] {processor.py:914} INFO - Processing file /opt/conda/lib/python3.12/site-packages/airflow/example_dags/example_python_decorator.py for tasks to queue
[2025-02-07T13:29:00.124+0000] {logging_mixin.py:190} INFO - [2025-02-07T13:29:00.124+0000] {dagbag.py:588} INFO - Filling up the DagBag from /opt/conda/lib/python3.12/site-packages/airflow/example_dags/example_python_decorator.py
[2025-02-07T13:29:00.138+0000] {logging_mixin.py:190} INFO - [2025-02-07T13:29:00.138+0000] {example_python_decorator.py:80} WARNING - The virtalenv_python example task requires virtualenv, please install it.
[2025-02-07T13:29:00.142+0000] {processor.py:925} INFO - DAG(s) 'example_python_decorator' retrieved from /opt/conda/lib/python3.12/site-packages/airflow/example_dags/example_python_decorator.py
[2025-02-07T13:29:00.161+0000] {logging_mixin.py:190} INFO - [2025-02-07T13:29:00.161+0000] {dag.py:3239} INFO - Sync 1 DAGs
[2025-02-07T13:29:00.173+0000] {logging_mixin.py:190} INFO - [2025-02-07T13:29:00.173+0000] {dag.py:4180} INFO - Setting next_dagrun for example_python_decorator to None, run_after=None
[2025-02-07T13:29:00.205+0000] {processor.py:208} INFO - Processing /opt/conda/lib/python3.12/site-packages/airflow/example_dags/example_python_decorator.py took 0.104 seconds
[2025-02-07T13:30:13.106+0000] {processor.py:186} INFO - Started process (PID=434) to work on /opt/conda/lib/python3.12/site-packages/airflow/example_dags/example_python_decorator.py
[2025-02-07T13:30:13.108+0000] {processor.py:914} INFO - Processing file /opt/conda/lib/python3.12/site-packages/airflow/example_dags/example_python_decorator.py for tasks to queue
[2025-02-07T13:30:13.109+0000] {logging_mixin.py:190} INFO - [2025-02-07T13:30:13.109+0000] {dagbag.py:588} INFO - Filling up the DagBag from /opt/conda/lib/python3.12/site-packages/airflow/example_dags/example_python_decorator.py
[2025-02-07T13:30:13.117+0000] {logging_mixin.py:190} INFO - [2025-02-07T13:30:13.117+0000] {example_python_decorator.py:80} WARNING - The virtalenv_python example task requires virtualenv, please install it.
[2025-02-07T13:30:13.119+0000] {processor.py:925} INFO - DAG(s) 'example_python_decorator' retrieved from /opt/conda/lib/python3.12/site-packages/airflow/example_dags/example_python_decorator.py
[2025-02-07T13:30:13.133+0000] {logging_mixin.py:190} INFO - [2025-02-07T13:30:13.133+0000] {dag.py:3239} INFO - Sync 1 DAGs
[2025-02-07T13:30:13.142+0000] {logging_mixin.py:190} INFO - [2025-02-07T13:30:13.142+0000] {dag.py:4180} INFO - Setting next_dagrun for example_python_decorator to None, run_after=None
[2025-02-07T13:30:13.163+0000] {processor.py:208} INFO - Processing /opt/conda/lib/python3.12/site-packages/airflow/example_dags/example_python_decorator.py took 0.063 seconds
[2025-02-07T13:33:16.769+0000] {processor.py:186} INFO - Started process (PID=312) to work on /opt/conda/lib/python3.12/site-packages/airflow/example_dags/example_python_decorator.py
[2025-02-07T13:33:16.770+0000] {processor.py:914} INFO - Processing file /opt/conda/lib/python3.12/site-packages/airflow/example_dags/example_python_decorator.py for tasks to queue
[2025-02-07T13:33:16.772+0000] {logging_mixin.py:190} INFO - [2025-02-07T13:33:16.772+0000] {dagbag.py:588} INFO - Filling up the DagBag from /opt/conda/lib/python3.12/site-packages/airflow/example_dags/example_python_decorator.py
[2025-02-07T13:33:16.779+0000] {logging_mixin.py:190} INFO - [2025-02-07T13:33:16.779+0000] {example_python_decorator.py:80} WARNING - The virtalenv_python example task requires virtualenv, please install it.
[2025-02-07T13:33:16.781+0000] {processor.py:925} INFO - DAG(s) 'example_python_decorator' retrieved from /opt/conda/lib/python3.12/site-packages/airflow/example_dags/example_python_decorator.py
[2025-02-07T13:33:16.799+0000] {logging_mixin.py:190} INFO - [2025-02-07T13:33:16.799+0000] {dag.py:3239} INFO - Sync 1 DAGs
[2025-02-07T13:33:16.807+0000] {logging_mixin.py:190} INFO - [2025-02-07T13:33:16.807+0000] {dag.py:4180} INFO - Setting next_dagrun for example_python_decorator to None, run_after=None
[2025-02-07T13:33:16.823+0000] {processor.py:208} INFO - Processing /opt/conda/lib/python3.12/site-packages/airflow/example_dags/example_python_decorator.py took 0.060 seconds
[2025-02-07T13:35:10.227+0000] {processor.py:186} INFO - Started process (PID=202) to work on /opt/conda/lib/python3.12/site-packages/airflow/example_dags/example_python_decorator.py
[2025-02-07T13:35:10.243+0000] {processor.py:914} INFO - Processing file /opt/conda/lib/python3.12/site-packages/airflow/example_dags/example_python_decorator.py for tasks to queue
[2025-02-07T13:35:10.253+0000] {logging_mixin.py:190} INFO - [2025-02-07T13:35:10.251+0000] {dagbag.py:588} INFO - Filling up the DagBag from /opt/conda/lib/python3.12/site-packages/airflow/example_dags/example_python_decorator.py
[2025-02-07T13:35:10.292+0000] {logging_mixin.py:190} INFO - [2025-02-07T13:35:10.292+0000] {example_python_decorator.py:80} WARNING - The virtalenv_python example task requires virtualenv, please install it.
[2025-02-07T13:35:10.312+0000] {processor.py:925} INFO - DAG(s) 'example_python_decorator' retrieved from /opt/conda/lib/python3.12/site-packages/airflow/example_dags/example_python_decorator.py
[2025-02-07T13:35:10.386+0000] {logging_mixin.py:190} INFO - [2025-02-07T13:35:10.385+0000] {dag.py:3239} INFO - Sync 1 DAGs
[2025-02-07T13:35:10.422+0000] {logging_mixin.py:190} INFO - [2025-02-07T13:35:10.422+0000] {dag.py:4180} INFO - Setting next_dagrun for example_python_decorator to None, run_after=None
[2025-02-07T13:35:10.478+0000] {processor.py:208} INFO - Processing /opt/conda/lib/python3.12/site-packages/airflow/example_dags/example_python_decorator.py took 0.273 seconds
[2025-02-07T13:38:18.908+0000] {processor.py:186} INFO - Started process (PID=317) to work on /opt/conda/lib/python3.12/site-packages/airflow/example_dags/example_python_decorator.py
[2025-02-07T13:38:18.909+0000] {processor.py:914} INFO - Processing file /opt/conda/lib/python3.12/site-packages/airflow/example_dags/example_python_decorator.py for tasks to queue
[2025-02-07T13:38:18.910+0000] {logging_mixin.py:190} INFO - [2025-02-07T13:38:18.910+0000] {dagbag.py:588} INFO - Filling up the DagBag from /opt/conda/lib/python3.12/site-packages/airflow/example_dags/example_python_decorator.py
[2025-02-07T13:38:18.916+0000] {logging_mixin.py:190} INFO - [2025-02-07T13:38:18.916+0000] {example_python_decorator.py:80} WARNING - The virtalenv_python example task requires virtualenv, please install it.
[2025-02-07T13:38:18.918+0000] {processor.py:925} INFO - DAG(s) 'example_python_decorator' retrieved from /opt/conda/lib/python3.12/site-packages/airflow/example_dags/example_python_decorator.py
[2025-02-07T13:38:18.932+0000] {logging_mixin.py:190} INFO - [2025-02-07T13:38:18.932+0000] {dag.py:3239} INFO - Sync 1 DAGs
[2025-02-07T13:38:18.944+0000] {logging_mixin.py:190} INFO - [2025-02-07T13:38:18.944+0000] {dag.py:4180} INFO - Setting next_dagrun for example_python_decorator to None, run_after=None
[2025-02-07T13:38:18.964+0000] {processor.py:208} INFO - Processing /opt/conda/lib/python3.12/site-packages/airflow/example_dags/example_python_decorator.py took 0.063 seconds
[2025-02-07T13:39:38.387+0000] {processor.py:186} INFO - Started process (PID=495) to work on /opt/conda/lib/python3.12/site-packages/airflow/example_dags/example_python_decorator.py
[2025-02-07T13:39:38.388+0000] {processor.py:914} INFO - Processing file /opt/conda/lib/python3.12/site-packages/airflow/example_dags/example_python_decorator.py for tasks to queue
[2025-02-07T13:39:38.390+0000] {logging_mixin.py:190} INFO - [2025-02-07T13:39:38.390+0000] {dagbag.py:588} INFO - Filling up the DagBag from /opt/conda/lib/python3.12/site-packages/airflow/example_dags/example_python_decorator.py
[2025-02-07T13:39:38.398+0000] {logging_mixin.py:190} INFO - [2025-02-07T13:39:38.398+0000] {example_python_decorator.py:80} WARNING - The virtalenv_python example task requires virtualenv, please install it.
[2025-02-07T13:39:38.400+0000] {processor.py:925} INFO - DAG(s) 'example_python_decorator' retrieved from /opt/conda/lib/python3.12/site-packages/airflow/example_dags/example_python_decorator.py
[2025-02-07T13:39:38.414+0000] {logging_mixin.py:190} INFO - [2025-02-07T13:39:38.413+0000] {dag.py:3239} INFO - Sync 1 DAGs
[2025-02-07T13:39:38.428+0000] {logging_mixin.py:190} INFO - [2025-02-07T13:39:38.427+0000] {dag.py:4180} INFO - Setting next_dagrun for example_python_decorator to None, run_after=None
[2025-02-07T13:39:38.441+0000] {processor.py:208} INFO - Processing /opt/conda/lib/python3.12/site-packages/airflow/example_dags/example_python_decorator.py took 0.059 seconds
[2025-02-07T13:40:36.251+0000] {processor.py:186} INFO - Started process (PID=563) to work on /opt/conda/lib/python3.12/site-packages/airflow/example_dags/example_python_decorator.py
[2025-02-07T13:40:36.252+0000] {processor.py:914} INFO - Processing file /opt/conda/lib/python3.12/site-packages/airflow/example_dags/example_python_decorator.py for tasks to queue
[2025-02-07T13:40:36.254+0000] {logging_mixin.py:190} INFO - [2025-02-07T13:40:36.254+0000] {dagbag.py:588} INFO - Filling up the DagBag from /opt/conda/lib/python3.12/site-packages/airflow/example_dags/example_python_decorator.py
[2025-02-07T13:40:36.263+0000] {logging_mixin.py:190} INFO - [2025-02-07T13:40:36.263+0000] {example_python_decorator.py:80} WARNING - The virtalenv_python example task requires virtualenv, please install it.
[2025-02-07T13:40:36.265+0000] {processor.py:925} INFO - DAG(s) 'example_python_decorator' retrieved from /opt/conda/lib/python3.12/site-packages/airflow/example_dags/example_python_decorator.py
[2025-02-07T13:40:36.280+0000] {logging_mixin.py:190} INFO - [2025-02-07T13:40:36.279+0000] {dag.py:3239} INFO - Sync 1 DAGs
[2025-02-07T13:40:36.289+0000] {logging_mixin.py:190} INFO - [2025-02-07T13:40:36.289+0000] {dag.py:4180} INFO - Setting next_dagrun for example_python_decorator to None, run_after=None
[2025-02-07T13:40:36.303+0000] {processor.py:208} INFO - Processing /opt/conda/lib/python3.12/site-packages/airflow/example_dags/example_python_decorator.py took 0.059 seconds
[2025-02-07T13:41:33.398+0000] {processor.py:186} INFO - Started process (PID=630) to work on /opt/conda/lib/python3.12/site-packages/airflow/example_dags/example_python_decorator.py
[2025-02-07T13:41:33.399+0000] {processor.py:914} INFO - Processing file /opt/conda/lib/python3.12/site-packages/airflow/example_dags/example_python_decorator.py for tasks to queue
[2025-02-07T13:41:33.401+0000] {logging_mixin.py:190} INFO - [2025-02-07T13:41:33.401+0000] {dagbag.py:588} INFO - Filling up the DagBag from /opt/conda/lib/python3.12/site-packages/airflow/example_dags/example_python_decorator.py
[2025-02-07T13:41:33.409+0000] {logging_mixin.py:190} INFO - [2025-02-07T13:41:33.409+0000] {example_python_decorator.py:80} WARNING - The virtalenv_python example task requires virtualenv, please install it.
[2025-02-07T13:41:33.411+0000] {processor.py:925} INFO - DAG(s) 'example_python_decorator' retrieved from /opt/conda/lib/python3.12/site-packages/airflow/example_dags/example_python_decorator.py
[2025-02-07T13:41:33.424+0000] {logging_mixin.py:190} INFO - [2025-02-07T13:41:33.424+0000] {dag.py:3239} INFO - Sync 1 DAGs
[2025-02-07T13:41:33.433+0000] {logging_mixin.py:190} INFO - [2025-02-07T13:41:33.432+0000] {dag.py:4180} INFO - Setting next_dagrun for example_python_decorator to None, run_after=None
[2025-02-07T13:41:33.447+0000] {processor.py:208} INFO - Processing /opt/conda/lib/python3.12/site-packages/airflow/example_dags/example_python_decorator.py took 0.056 seconds
[2025-02-07T13:42:41.127+0000] {processor.py:186} INFO - Started process (PID=798) to work on /opt/conda/lib/python3.12/site-packages/airflow/example_dags/example_python_decorator.py
[2025-02-07T13:42:41.128+0000] {processor.py:914} INFO - Processing file /opt/conda/lib/python3.12/site-packages/airflow/example_dags/example_python_decorator.py for tasks to queue
[2025-02-07T13:42:41.130+0000] {logging_mixin.py:190} INFO - [2025-02-07T13:42:41.130+0000] {dagbag.py:588} INFO - Filling up the DagBag from /opt/conda/lib/python3.12/site-packages/airflow/example_dags/example_python_decorator.py
[2025-02-07T13:42:41.138+0000] {logging_mixin.py:190} INFO - [2025-02-07T13:42:41.138+0000] {example_python_decorator.py:80} WARNING - The virtalenv_python example task requires virtualenv, please install it.
[2025-02-07T13:42:41.140+0000] {processor.py:925} INFO - DAG(s) 'example_python_decorator' retrieved from /opt/conda/lib/python3.12/site-packages/airflow/example_dags/example_python_decorator.py
[2025-02-07T13:42:41.152+0000] {logging_mixin.py:190} INFO - [2025-02-07T13:42:41.152+0000] {dag.py:3239} INFO - Sync 1 DAGs
[2025-02-07T13:42:41.160+0000] {logging_mixin.py:190} INFO - [2025-02-07T13:42:41.160+0000] {dag.py:4180} INFO - Setting next_dagrun for example_python_decorator to None, run_after=None
[2025-02-07T13:42:41.174+0000] {processor.py:208} INFO - Processing /opt/conda/lib/python3.12/site-packages/airflow/example_dags/example_python_decorator.py took 0.051 seconds
[2025-02-07T13:43:44.506+0000] {processor.py:186} INFO - Started process (PID=871) to work on /opt/conda/lib/python3.12/site-packages/airflow/example_dags/example_python_decorator.py
[2025-02-07T13:43:44.508+0000] {processor.py:914} INFO - Processing file /opt/conda/lib/python3.12/site-packages/airflow/example_dags/example_python_decorator.py for tasks to queue
[2025-02-07T13:43:44.511+0000] {logging_mixin.py:190} INFO - [2025-02-07T13:43:44.511+0000] {dagbag.py:588} INFO - Filling up the DagBag from /opt/conda/lib/python3.12/site-packages/airflow/example_dags/example_python_decorator.py
[2025-02-07T13:43:44.521+0000] {logging_mixin.py:190} INFO - [2025-02-07T13:43:44.521+0000] {example_python_decorator.py:80} WARNING - The virtalenv_python example task requires virtualenv, please install it.
[2025-02-07T13:43:44.524+0000] {processor.py:925} INFO - DAG(s) 'example_python_decorator' retrieved from /opt/conda/lib/python3.12/site-packages/airflow/example_dags/example_python_decorator.py
[2025-02-07T13:43:44.540+0000] {logging_mixin.py:190} INFO - [2025-02-07T13:43:44.539+0000] {dag.py:3239} INFO - Sync 1 DAGs
[2025-02-07T13:43:44.549+0000] {logging_mixin.py:190} INFO - [2025-02-07T13:43:44.549+0000] {dag.py:4180} INFO - Setting next_dagrun for example_python_decorator to None, run_after=None
[2025-02-07T13:43:44.564+0000] {processor.py:208} INFO - Processing /opt/conda/lib/python3.12/site-packages/airflow/example_dags/example_python_decorator.py took 0.067 seconds
[2025-02-07T13:45:38.732+0000] {processor.py:186} INFO - Started process (PID=1173) to work on /opt/conda/lib/python3.12/site-packages/airflow/example_dags/example_python_decorator.py
[2025-02-07T13:45:38.733+0000] {processor.py:914} INFO - Processing file /opt/conda/lib/python3.12/site-packages/airflow/example_dags/example_python_decorator.py for tasks to queue
[2025-02-07T13:45:38.737+0000] {logging_mixin.py:190} INFO - [2025-02-07T13:45:38.736+0000] {dagbag.py:588} INFO - Filling up the DagBag from /opt/conda/lib/python3.12/site-packages/airflow/example_dags/example_python_decorator.py
[2025-02-07T13:45:38.763+0000] {logging_mixin.py:190} INFO - [2025-02-07T13:45:38.762+0000] {example_python_decorator.py:80} WARNING - The virtalenv_python example task requires virtualenv, please install it.
[2025-02-07T13:45:38.765+0000] {processor.py:925} INFO - DAG(s) 'example_python_decorator' retrieved from /opt/conda/lib/python3.12/site-packages/airflow/example_dags/example_python_decorator.py
[2025-02-07T13:45:38.781+0000] {logging_mixin.py:190} INFO - [2025-02-07T13:45:38.781+0000] {dag.py:3239} INFO - Sync 1 DAGs
[2025-02-07T13:45:38.796+0000] {logging_mixin.py:190} INFO - [2025-02-07T13:45:38.796+0000] {dag.py:4180} INFO - Setting next_dagrun for example_python_decorator to None, run_after=None
[2025-02-07T13:45:38.830+0000] {processor.py:208} INFO - Processing /opt/conda/lib/python3.12/site-packages/airflow/example_dags/example_python_decorator.py took 0.107 seconds
[2025-02-07T14:05:11.810+0000] {processor.py:186} INFO - Started process (PID=1753) to work on /opt/conda/lib/python3.12/site-packages/airflow/example_dags/example_python_decorator.py
[2025-02-07T14:05:11.811+0000] {processor.py:914} INFO - Processing file /opt/conda/lib/python3.12/site-packages/airflow/example_dags/example_python_decorator.py for tasks to queue
[2025-02-07T14:05:11.812+0000] {logging_mixin.py:190} INFO - [2025-02-07T14:05:11.812+0000] {dagbag.py:588} INFO - Filling up the DagBag from /opt/conda/lib/python3.12/site-packages/airflow/example_dags/example_python_decorator.py
[2025-02-07T14:05:11.821+0000] {logging_mixin.py:190} INFO - [2025-02-07T14:05:11.821+0000] {example_python_decorator.py:80} WARNING - The virtalenv_python example task requires virtualenv, please install it.
[2025-02-07T14:05:11.822+0000] {processor.py:925} INFO - DAG(s) 'example_python_decorator' retrieved from /opt/conda/lib/python3.12/site-packages/airflow/example_dags/example_python_decorator.py
[2025-02-07T14:05:11.869+0000] {logging_mixin.py:190} INFO - [2025-02-07T14:05:11.869+0000] {dag.py:3239} INFO - Sync 1 DAGs
[2025-02-07T14:05:11.889+0000] {logging_mixin.py:190} INFO - [2025-02-07T14:05:11.889+0000] {dag.py:4180} INFO - Setting next_dagrun for example_python_decorator to None, run_after=None
[2025-02-07T14:05:11.903+0000] {processor.py:208} INFO - Processing /opt/conda/lib/python3.12/site-packages/airflow/example_dags/example_python_decorator.py took 0.099 seconds
[2025-02-07T14:06:14.379+0000] {processor.py:186} INFO - Started process (PID=1821) to work on /opt/conda/lib/python3.12/site-packages/airflow/example_dags/example_python_decorator.py
[2025-02-07T14:06:14.381+0000] {processor.py:914} INFO - Processing file /opt/conda/lib/python3.12/site-packages/airflow/example_dags/example_python_decorator.py for tasks to queue
[2025-02-07T14:06:14.382+0000] {logging_mixin.py:190} INFO - [2025-02-07T14:06:14.382+0000] {dagbag.py:588} INFO - Filling up the DagBag from /opt/conda/lib/python3.12/site-packages/airflow/example_dags/example_python_decorator.py
[2025-02-07T14:06:14.387+0000] {logging_mixin.py:190} INFO - [2025-02-07T14:06:14.387+0000] {example_python_decorator.py:80} WARNING - The virtalenv_python example task requires virtualenv, please install it.
[2025-02-07T14:06:14.388+0000] {processor.py:925} INFO - DAG(s) 'example_python_decorator' retrieved from /opt/conda/lib/python3.12/site-packages/airflow/example_dags/example_python_decorator.py
[2025-02-07T14:06:14.406+0000] {logging_mixin.py:190} INFO - [2025-02-07T14:06:14.405+0000] {dag.py:3239} INFO - Sync 1 DAGs
[2025-02-07T14:06:14.414+0000] {logging_mixin.py:190} INFO - [2025-02-07T14:06:14.414+0000] {dag.py:4180} INFO - Setting next_dagrun for example_python_decorator to None, run_after=None
[2025-02-07T14:06:14.459+0000] {processor.py:208} INFO - Processing /opt/conda/lib/python3.12/site-packages/airflow/example_dags/example_python_decorator.py took 0.089 seconds
[2025-02-07T14:07:38.113+0000] {processor.py:186} INFO - Started process (PID=2009) to work on /opt/conda/lib/python3.12/site-packages/airflow/example_dags/example_python_decorator.py
[2025-02-07T14:07:38.114+0000] {processor.py:914} INFO - Processing file /opt/conda/lib/python3.12/site-packages/airflow/example_dags/example_python_decorator.py for tasks to queue
[2025-02-07T14:07:38.119+0000] {logging_mixin.py:190} INFO - [2025-02-07T14:07:38.119+0000] {dagbag.py:588} INFO - Filling up the DagBag from /opt/conda/lib/python3.12/site-packages/airflow/example_dags/example_python_decorator.py
[2025-02-07T14:07:38.129+0000] {logging_mixin.py:190} INFO - [2025-02-07T14:07:38.129+0000] {example_python_decorator.py:80} WARNING - The virtalenv_python example task requires virtualenv, please install it.
[2025-02-07T14:07:38.132+0000] {processor.py:925} INFO - DAG(s) 'example_python_decorator' retrieved from /opt/conda/lib/python3.12/site-packages/airflow/example_dags/example_python_decorator.py
[2025-02-07T14:07:38.153+0000] {logging_mixin.py:190} INFO - [2025-02-07T14:07:38.153+0000] {dag.py:3239} INFO - Sync 1 DAGs
[2025-02-07T14:07:38.166+0000] {logging_mixin.py:190} INFO - [2025-02-07T14:07:38.166+0000] {dag.py:4180} INFO - Setting next_dagrun for example_python_decorator to None, run_after=None
[2025-02-07T14:07:38.193+0000] {processor.py:208} INFO - Processing /opt/conda/lib/python3.12/site-packages/airflow/example_dags/example_python_decorator.py took 0.105 seconds
