[2025-02-07T12:12:39.508+0000] {processor.py:186} INFO - Started process (PID=2910) to work on /opt/conda/lib/python3.12/site-packages/airflow/example_dags/example_dataset_alias_with_no_taskflow.py
[2025-02-07T12:12:39.510+0000] {processor.py:914} INFO - Processing file /opt/conda/lib/python3.12/site-packages/airflow/example_dags/example_dataset_alias_with_no_taskflow.py for tasks to queue
[2025-02-07T12:12:39.515+0000] {logging_mixin.py:190} INFO - [2025-02-07T12:12:39.514+0000] {dagbag.py:588} INFO - Filling up the DagBag from /opt/conda/lib/python3.12/site-packages/airflow/example_dags/example_dataset_alias_with_no_taskflow.py
[2025-02-07T12:12:39.544+0000] {processor.py:925} INFO - DAG(s) 'dataset_s3_bucket_producer_with_no_taskflow', 'dataset_alias_example_alias_consumer_with_no_taskflow', 'dataset_alias_example_alias_producer_with_no_taskflow', 'dataset_s3_bucket_consumer_with_no_taskflow' retrieved from /opt/conda/lib/python3.12/site-packages/airflow/example_dags/example_dataset_alias_with_no_taskflow.py
[2025-02-07T12:12:39.566+0000] {logging_mixin.py:190} INFO - [2025-02-07T12:12:39.565+0000] {dag.py:3239} INFO - Sync 4 DAGs
[2025-02-07T12:12:39.584+0000] {logging_mixin.py:190} INFO - [2025-02-07T12:12:39.584+0000] {dag.py:4180} INFO - Setting next_dagrun for dataset_alias_example_alias_consumer_with_no_taskflow to None, run_after=None
[2025-02-07T12:12:39.586+0000] {logging_mixin.py:190} INFO - [2025-02-07T12:12:39.586+0000] {dag.py:4180} INFO - Setting next_dagrun for dataset_alias_example_alias_producer_with_no_taskflow to None, run_after=None
[2025-02-07T12:12:39.587+0000] {logging_mixin.py:190} INFO - [2025-02-07T12:12:39.587+0000] {dag.py:4180} INFO - Setting next_dagrun for dataset_s3_bucket_consumer_with_no_taskflow to None, run_after=None
[2025-02-07T12:12:39.588+0000] {logging_mixin.py:190} INFO - [2025-02-07T12:12:39.588+0000] {dag.py:4180} INFO - Setting next_dagrun for dataset_s3_bucket_producer_with_no_taskflow to None, run_after=None
[2025-02-07T12:12:39.631+0000] {processor.py:208} INFO - Processing /opt/conda/lib/python3.12/site-packages/airflow/example_dags/example_dataset_alias_with_no_taskflow.py took 0.129 seconds
[2025-02-07T12:33:07.075+0000] {processor.py:186} INFO - Started process (PID=137) to work on /opt/conda/lib/python3.12/site-packages/airflow/example_dags/example_dataset_alias_with_no_taskflow.py
[2025-02-07T12:33:07.076+0000] {processor.py:914} INFO - Processing file /opt/conda/lib/python3.12/site-packages/airflow/example_dags/example_dataset_alias_with_no_taskflow.py for tasks to queue
[2025-02-07T12:33:07.079+0000] {logging_mixin.py:190} INFO - [2025-02-07T12:33:07.079+0000] {dagbag.py:588} INFO - Filling up the DagBag from /opt/conda/lib/python3.12/site-packages/airflow/example_dags/example_dataset_alias_with_no_taskflow.py
[2025-02-07T12:33:07.105+0000] {processor.py:925} INFO - DAG(s) 'dataset_s3_bucket_consumer_with_no_taskflow', 'dataset_alias_example_alias_producer_with_no_taskflow', 'dataset_s3_bucket_producer_with_no_taskflow', 'dataset_alias_example_alias_consumer_with_no_taskflow' retrieved from /opt/conda/lib/python3.12/site-packages/airflow/example_dags/example_dataset_alias_with_no_taskflow.py
[2025-02-07T12:33:07.127+0000] {logging_mixin.py:190} INFO - [2025-02-07T12:33:07.127+0000] {dag.py:3239} INFO - Sync 4 DAGs
[2025-02-07T12:33:07.156+0000] {logging_mixin.py:190} INFO - [2025-02-07T12:33:07.156+0000] {dag.py:4180} INFO - Setting next_dagrun for dataset_alias_example_alias_consumer_with_no_taskflow to None, run_after=None
[2025-02-07T12:33:07.158+0000] {logging_mixin.py:190} INFO - [2025-02-07T12:33:07.158+0000] {dag.py:4180} INFO - Setting next_dagrun for dataset_alias_example_alias_producer_with_no_taskflow to None, run_after=None
[2025-02-07T12:33:07.159+0000] {logging_mixin.py:190} INFO - [2025-02-07T12:33:07.159+0000] {dag.py:4180} INFO - Setting next_dagrun for dataset_s3_bucket_consumer_with_no_taskflow to None, run_after=None
[2025-02-07T12:33:07.160+0000] {logging_mixin.py:190} INFO - [2025-02-07T12:33:07.160+0000] {dag.py:4180} INFO - Setting next_dagrun for dataset_s3_bucket_producer_with_no_taskflow to None, run_after=None
[2025-02-07T12:33:07.179+0000] {processor.py:208} INFO - Processing /opt/conda/lib/python3.12/site-packages/airflow/example_dags/example_dataset_alias_with_no_taskflow.py took 0.112 seconds
[2025-02-07T12:36:54.898+0000] {processor.py:186} INFO - Started process (PID=115) to work on /opt/conda/lib/python3.12/site-packages/airflow/example_dags/example_dataset_alias_with_no_taskflow.py
[2025-02-07T12:36:54.900+0000] {processor.py:914} INFO - Processing file /opt/conda/lib/python3.12/site-packages/airflow/example_dags/example_dataset_alias_with_no_taskflow.py for tasks to queue
[2025-02-07T12:36:54.902+0000] {logging_mixin.py:190} INFO - [2025-02-07T12:36:54.901+0000] {dagbag.py:588} INFO - Filling up the DagBag from /opt/conda/lib/python3.12/site-packages/airflow/example_dags/example_dataset_alias_with_no_taskflow.py
[2025-02-07T12:36:54.927+0000] {processor.py:925} INFO - DAG(s) 'dataset_alias_example_alias_producer_with_no_taskflow', 'dataset_alias_example_alias_consumer_with_no_taskflow', 'dataset_s3_bucket_producer_with_no_taskflow', 'dataset_s3_bucket_consumer_with_no_taskflow' retrieved from /opt/conda/lib/python3.12/site-packages/airflow/example_dags/example_dataset_alias_with_no_taskflow.py
[2025-02-07T12:36:54.952+0000] {logging_mixin.py:190} INFO - [2025-02-07T12:36:54.952+0000] {dag.py:3239} INFO - Sync 4 DAGs
[2025-02-07T12:36:54.985+0000] {logging_mixin.py:190} INFO - [2025-02-07T12:36:54.985+0000] {dag.py:4180} INFO - Setting next_dagrun for dataset_alias_example_alias_consumer_with_no_taskflow to None, run_after=None
[2025-02-07T12:36:54.988+0000] {logging_mixin.py:190} INFO - [2025-02-07T12:36:54.988+0000] {dag.py:4180} INFO - Setting next_dagrun for dataset_alias_example_alias_producer_with_no_taskflow to None, run_after=None
[2025-02-07T12:36:54.989+0000] {logging_mixin.py:190} INFO - [2025-02-07T12:36:54.989+0000] {dag.py:4180} INFO - Setting next_dagrun for dataset_s3_bucket_consumer_with_no_taskflow to None, run_after=None
[2025-02-07T12:36:54.990+0000] {logging_mixin.py:190} INFO - [2025-02-07T12:36:54.990+0000] {dag.py:4180} INFO - Setting next_dagrun for dataset_s3_bucket_producer_with_no_taskflow to None, run_after=None
[2025-02-07T12:36:55.013+0000] {processor.py:208} INFO - Processing /opt/conda/lib/python3.12/site-packages/airflow/example_dags/example_dataset_alias_with_no_taskflow.py took 0.124 seconds
[2025-02-07T12:38:09.552+0000] {processor.py:186} INFO - Started process (PID=190) to work on /opt/conda/lib/python3.12/site-packages/airflow/example_dags/example_dataset_alias_with_no_taskflow.py
[2025-02-07T12:38:09.554+0000] {processor.py:914} INFO - Processing file /opt/conda/lib/python3.12/site-packages/airflow/example_dags/example_dataset_alias_with_no_taskflow.py for tasks to queue
[2025-02-07T12:38:09.555+0000] {logging_mixin.py:190} INFO - [2025-02-07T12:38:09.555+0000] {dagbag.py:588} INFO - Filling up the DagBag from /opt/conda/lib/python3.12/site-packages/airflow/example_dags/example_dataset_alias_with_no_taskflow.py
[2025-02-07T12:38:09.585+0000] {processor.py:925} INFO - DAG(s) 'dataset_s3_bucket_producer_with_no_taskflow', 'dataset_alias_example_alias_consumer_with_no_taskflow', 'dataset_s3_bucket_consumer_with_no_taskflow', 'dataset_alias_example_alias_producer_with_no_taskflow' retrieved from /opt/conda/lib/python3.12/site-packages/airflow/example_dags/example_dataset_alias_with_no_taskflow.py
[2025-02-07T12:38:09.600+0000] {logging_mixin.py:190} INFO - [2025-02-07T12:38:09.600+0000] {dag.py:3239} INFO - Sync 4 DAGs
[2025-02-07T12:38:09.613+0000] {logging_mixin.py:190} INFO - [2025-02-07T12:38:09.613+0000] {dag.py:4180} INFO - Setting next_dagrun for dataset_alias_example_alias_consumer_with_no_taskflow to None, run_after=None
[2025-02-07T12:38:09.615+0000] {logging_mixin.py:190} INFO - [2025-02-07T12:38:09.615+0000] {dag.py:4180} INFO - Setting next_dagrun for dataset_alias_example_alias_producer_with_no_taskflow to None, run_after=None
[2025-02-07T12:38:09.615+0000] {logging_mixin.py:190} INFO - [2025-02-07T12:38:09.615+0000] {dag.py:4180} INFO - Setting next_dagrun for dataset_s3_bucket_consumer_with_no_taskflow to None, run_after=None
[2025-02-07T12:38:09.616+0000] {logging_mixin.py:190} INFO - [2025-02-07T12:38:09.616+0000] {dag.py:4180} INFO - Setting next_dagrun for dataset_s3_bucket_producer_with_no_taskflow to None, run_after=None
[2025-02-07T12:38:09.630+0000] {processor.py:208} INFO - Processing /opt/conda/lib/python3.12/site-packages/airflow/example_dags/example_dataset_alias_with_no_taskflow.py took 0.083 seconds
[2025-02-07T12:39:08.149+0000] {processor.py:186} INFO - Started process (PID=259) to work on /opt/conda/lib/python3.12/site-packages/airflow/example_dags/example_dataset_alias_with_no_taskflow.py
[2025-02-07T12:39:08.149+0000] {processor.py:914} INFO - Processing file /opt/conda/lib/python3.12/site-packages/airflow/example_dags/example_dataset_alias_with_no_taskflow.py for tasks to queue
[2025-02-07T12:39:08.151+0000] {logging_mixin.py:190} INFO - [2025-02-07T12:39:08.151+0000] {dagbag.py:588} INFO - Filling up the DagBag from /opt/conda/lib/python3.12/site-packages/airflow/example_dags/example_dataset_alias_with_no_taskflow.py
[2025-02-07T12:39:08.166+0000] {processor.py:925} INFO - DAG(s) 'dataset_s3_bucket_producer_with_no_taskflow', 'dataset_alias_example_alias_producer_with_no_taskflow', 'dataset_s3_bucket_consumer_with_no_taskflow', 'dataset_alias_example_alias_consumer_with_no_taskflow' retrieved from /opt/conda/lib/python3.12/site-packages/airflow/example_dags/example_dataset_alias_with_no_taskflow.py
[2025-02-07T12:39:08.179+0000] {logging_mixin.py:190} INFO - [2025-02-07T12:39:08.179+0000] {dag.py:3239} INFO - Sync 4 DAGs
[2025-02-07T12:39:08.190+0000] {logging_mixin.py:190} INFO - [2025-02-07T12:39:08.189+0000] {dag.py:4180} INFO - Setting next_dagrun for dataset_alias_example_alias_consumer_with_no_taskflow to None, run_after=None
[2025-02-07T12:39:08.191+0000] {logging_mixin.py:190} INFO - [2025-02-07T12:39:08.191+0000] {dag.py:4180} INFO - Setting next_dagrun for dataset_alias_example_alias_producer_with_no_taskflow to None, run_after=None
[2025-02-07T12:39:08.192+0000] {logging_mixin.py:190} INFO - [2025-02-07T12:39:08.192+0000] {dag.py:4180} INFO - Setting next_dagrun for dataset_s3_bucket_consumer_with_no_taskflow to None, run_after=None
[2025-02-07T12:39:08.192+0000] {logging_mixin.py:190} INFO - [2025-02-07T12:39:08.192+0000] {dag.py:4180} INFO - Setting next_dagrun for dataset_s3_bucket_producer_with_no_taskflow to None, run_after=None
[2025-02-07T12:39:08.204+0000] {processor.py:208} INFO - Processing /opt/conda/lib/python3.12/site-packages/airflow/example_dags/example_dataset_alias_with_no_taskflow.py took 0.059 seconds
[2025-02-07T12:40:06.281+0000] {processor.py:186} INFO - Started process (PID=327) to work on /opt/conda/lib/python3.12/site-packages/airflow/example_dags/example_dataset_alias_with_no_taskflow.py
[2025-02-07T12:40:06.282+0000] {processor.py:914} INFO - Processing file /opt/conda/lib/python3.12/site-packages/airflow/example_dags/example_dataset_alias_with_no_taskflow.py for tasks to queue
[2025-02-07T12:40:06.283+0000] {logging_mixin.py:190} INFO - [2025-02-07T12:40:06.283+0000] {dagbag.py:588} INFO - Filling up the DagBag from /opt/conda/lib/python3.12/site-packages/airflow/example_dags/example_dataset_alias_with_no_taskflow.py
[2025-02-07T12:40:06.301+0000] {processor.py:925} INFO - DAG(s) 'dataset_s3_bucket_consumer_with_no_taskflow', 'dataset_s3_bucket_producer_with_no_taskflow', 'dataset_alias_example_alias_producer_with_no_taskflow', 'dataset_alias_example_alias_consumer_with_no_taskflow' retrieved from /opt/conda/lib/python3.12/site-packages/airflow/example_dags/example_dataset_alias_with_no_taskflow.py
[2025-02-07T12:40:06.318+0000] {logging_mixin.py:190} INFO - [2025-02-07T12:40:06.318+0000] {dag.py:3239} INFO - Sync 4 DAGs
[2025-02-07T12:40:06.332+0000] {logging_mixin.py:190} INFO - [2025-02-07T12:40:06.332+0000] {dag.py:4180} INFO - Setting next_dagrun for dataset_alias_example_alias_consumer_with_no_taskflow to None, run_after=None
[2025-02-07T12:40:06.333+0000] {logging_mixin.py:190} INFO - [2025-02-07T12:40:06.333+0000] {dag.py:4180} INFO - Setting next_dagrun for dataset_alias_example_alias_producer_with_no_taskflow to None, run_after=None
[2025-02-07T12:40:06.334+0000] {logging_mixin.py:190} INFO - [2025-02-07T12:40:06.334+0000] {dag.py:4180} INFO - Setting next_dagrun for dataset_s3_bucket_consumer_with_no_taskflow to None, run_after=None
[2025-02-07T12:40:06.334+0000] {logging_mixin.py:190} INFO - [2025-02-07T12:40:06.334+0000] {dag.py:4180} INFO - Setting next_dagrun for dataset_s3_bucket_producer_with_no_taskflow to None, run_after=None
[2025-02-07T12:40:06.351+0000] {processor.py:208} INFO - Processing /opt/conda/lib/python3.12/site-packages/airflow/example_dags/example_dataset_alias_with_no_taskflow.py took 0.075 seconds
[2025-02-07T12:41:05.409+0000] {processor.py:186} INFO - Started process (PID=396) to work on /opt/conda/lib/python3.12/site-packages/airflow/example_dags/example_dataset_alias_with_no_taskflow.py
[2025-02-07T12:41:05.410+0000] {processor.py:914} INFO - Processing file /opt/conda/lib/python3.12/site-packages/airflow/example_dags/example_dataset_alias_with_no_taskflow.py for tasks to queue
[2025-02-07T12:41:05.412+0000] {logging_mixin.py:190} INFO - [2025-02-07T12:41:05.412+0000] {dagbag.py:588} INFO - Filling up the DagBag from /opt/conda/lib/python3.12/site-packages/airflow/example_dags/example_dataset_alias_with_no_taskflow.py
[2025-02-07T12:41:05.431+0000] {processor.py:925} INFO - DAG(s) 'dataset_alias_example_alias_producer_with_no_taskflow', 'dataset_s3_bucket_consumer_with_no_taskflow', 'dataset_alias_example_alias_consumer_with_no_taskflow', 'dataset_s3_bucket_producer_with_no_taskflow' retrieved from /opt/conda/lib/python3.12/site-packages/airflow/example_dags/example_dataset_alias_with_no_taskflow.py
[2025-02-07T12:41:05.447+0000] {logging_mixin.py:190} INFO - [2025-02-07T12:41:05.447+0000] {dag.py:3239} INFO - Sync 4 DAGs
[2025-02-07T12:41:05.460+0000] {logging_mixin.py:190} INFO - [2025-02-07T12:41:05.460+0000] {dag.py:4180} INFO - Setting next_dagrun for dataset_alias_example_alias_consumer_with_no_taskflow to None, run_after=None
[2025-02-07T12:41:05.461+0000] {logging_mixin.py:190} INFO - [2025-02-07T12:41:05.461+0000] {dag.py:4180} INFO - Setting next_dagrun for dataset_alias_example_alias_producer_with_no_taskflow to None, run_after=None
[2025-02-07T12:41:05.462+0000] {logging_mixin.py:190} INFO - [2025-02-07T12:41:05.462+0000] {dag.py:4180} INFO - Setting next_dagrun for dataset_s3_bucket_consumer_with_no_taskflow to None, run_after=None
[2025-02-07T12:41:05.462+0000] {logging_mixin.py:190} INFO - [2025-02-07T12:41:05.462+0000] {dag.py:4180} INFO - Setting next_dagrun for dataset_s3_bucket_producer_with_no_taskflow to None, run_after=None
[2025-02-07T12:41:05.477+0000] {processor.py:208} INFO - Processing /opt/conda/lib/python3.12/site-packages/airflow/example_dags/example_dataset_alias_with_no_taskflow.py took 0.078 seconds
[2025-02-07T12:52:22.303+0000] {processor.py:186} INFO - Started process (PID=4645) to work on /opt/conda/lib/python3.12/site-packages/airflow/example_dags/example_dataset_alias_with_no_taskflow.py
[2025-02-07T12:52:22.304+0000] {processor.py:914} INFO - Processing file /opt/conda/lib/python3.12/site-packages/airflow/example_dags/example_dataset_alias_with_no_taskflow.py for tasks to queue
[2025-02-07T12:52:22.308+0000] {logging_mixin.py:190} INFO - [2025-02-07T12:52:22.308+0000] {dagbag.py:588} INFO - Filling up the DagBag from /opt/conda/lib/python3.12/site-packages/airflow/example_dags/example_dataset_alias_with_no_taskflow.py
[2025-02-07T12:52:22.326+0000] {processor.py:925} INFO - DAG(s) 'dataset_alias_example_alias_consumer_with_no_taskflow', 'dataset_s3_bucket_producer_with_no_taskflow', 'dataset_s3_bucket_consumer_with_no_taskflow', 'dataset_alias_example_alias_producer_with_no_taskflow' retrieved from /opt/conda/lib/python3.12/site-packages/airflow/example_dags/example_dataset_alias_with_no_taskflow.py
[2025-02-07T12:52:22.338+0000] {logging_mixin.py:190} INFO - [2025-02-07T12:52:22.338+0000] {dag.py:3239} INFO - Sync 4 DAGs
[2025-02-07T12:52:22.348+0000] {logging_mixin.py:190} INFO - [2025-02-07T12:52:22.348+0000] {dag.py:4180} INFO - Setting next_dagrun for dataset_alias_example_alias_consumer_with_no_taskflow to None, run_after=None
[2025-02-07T12:52:22.349+0000] {logging_mixin.py:190} INFO - [2025-02-07T12:52:22.349+0000] {dag.py:4180} INFO - Setting next_dagrun for dataset_alias_example_alias_producer_with_no_taskflow to None, run_after=None
[2025-02-07T12:52:22.350+0000] {logging_mixin.py:190} INFO - [2025-02-07T12:52:22.350+0000] {dag.py:4180} INFO - Setting next_dagrun for dataset_s3_bucket_consumer_with_no_taskflow to None, run_after=None
[2025-02-07T12:52:22.350+0000] {logging_mixin.py:190} INFO - [2025-02-07T12:52:22.350+0000] {dag.py:4180} INFO - Setting next_dagrun for dataset_s3_bucket_producer_with_no_taskflow to None, run_after=None
[2025-02-07T12:52:22.362+0000] {processor.py:208} INFO - Processing /opt/conda/lib/python3.12/site-packages/airflow/example_dags/example_dataset_alias_with_no_taskflow.py took 0.063 seconds
[2025-02-07T13:00:54.373+0000] {processor.py:186} INFO - Started process (PID=8355) to work on /opt/conda/lib/python3.12/site-packages/airflow/example_dags/example_dataset_alias_with_no_taskflow.py
[2025-02-07T13:00:54.374+0000] {processor.py:914} INFO - Processing file /opt/conda/lib/python3.12/site-packages/airflow/example_dags/example_dataset_alias_with_no_taskflow.py for tasks to queue
[2025-02-07T13:00:54.377+0000] {logging_mixin.py:190} INFO - [2025-02-07T13:00:54.377+0000] {dagbag.py:588} INFO - Filling up the DagBag from /opt/conda/lib/python3.12/site-packages/airflow/example_dags/example_dataset_alias_with_no_taskflow.py
[2025-02-07T13:00:54.425+0000] {processor.py:925} INFO - DAG(s) 'dataset_alias_example_alias_consumer_with_no_taskflow', 'dataset_s3_bucket_consumer_with_no_taskflow', 'dataset_alias_example_alias_producer_with_no_taskflow', 'dataset_s3_bucket_producer_with_no_taskflow' retrieved from /opt/conda/lib/python3.12/site-packages/airflow/example_dags/example_dataset_alias_with_no_taskflow.py
[2025-02-07T13:00:54.446+0000] {logging_mixin.py:190} INFO - [2025-02-07T13:00:54.446+0000] {dag.py:3239} INFO - Sync 4 DAGs
[2025-02-07T13:00:54.465+0000] {logging_mixin.py:190} INFO - [2025-02-07T13:00:54.465+0000] {dag.py:4180} INFO - Setting next_dagrun for dataset_alias_example_alias_consumer_with_no_taskflow to None, run_after=None
[2025-02-07T13:00:54.468+0000] {logging_mixin.py:190} INFO - [2025-02-07T13:00:54.467+0000] {dag.py:4180} INFO - Setting next_dagrun for dataset_alias_example_alias_producer_with_no_taskflow to None, run_after=None
[2025-02-07T13:00:54.469+0000] {logging_mixin.py:190} INFO - [2025-02-07T13:00:54.469+0000] {dag.py:4180} INFO - Setting next_dagrun for dataset_s3_bucket_consumer_with_no_taskflow to None, run_after=None
[2025-02-07T13:00:54.470+0000] {logging_mixin.py:190} INFO - [2025-02-07T13:00:54.469+0000] {dag.py:4180} INFO - Setting next_dagrun for dataset_s3_bucket_producer_with_no_taskflow to None, run_after=None
[2025-02-07T13:00:54.489+0000] {processor.py:208} INFO - Processing /opt/conda/lib/python3.12/site-packages/airflow/example_dags/example_dataset_alias_with_no_taskflow.py took 0.124 seconds
[2025-02-07T13:27:55.094+0000] {processor.py:186} INFO - Started process (PID=295) to work on /opt/conda/lib/python3.12/site-packages/airflow/example_dags/example_dataset_alias_with_no_taskflow.py
[2025-02-07T13:27:55.096+0000] {processor.py:914} INFO - Processing file /opt/conda/lib/python3.12/site-packages/airflow/example_dags/example_dataset_alias_with_no_taskflow.py for tasks to queue
[2025-02-07T13:27:55.098+0000] {logging_mixin.py:190} INFO - [2025-02-07T13:27:55.098+0000] {dagbag.py:588} INFO - Filling up the DagBag from /opt/conda/lib/python3.12/site-packages/airflow/example_dags/example_dataset_alias_with_no_taskflow.py
[2025-02-07T13:27:55.122+0000] {processor.py:925} INFO - DAG(s) 'dataset_s3_bucket_producer_with_no_taskflow', 'dataset_alias_example_alias_producer_with_no_taskflow', 'dataset_s3_bucket_consumer_with_no_taskflow', 'dataset_alias_example_alias_consumer_with_no_taskflow' retrieved from /opt/conda/lib/python3.12/site-packages/airflow/example_dags/example_dataset_alias_with_no_taskflow.py
[2025-02-07T13:27:55.145+0000] {logging_mixin.py:190} INFO - [2025-02-07T13:27:55.144+0000] {dag.py:3239} INFO - Sync 4 DAGs
[2025-02-07T13:27:55.170+0000] {logging_mixin.py:190} INFO - [2025-02-07T13:27:55.170+0000] {dag.py:4180} INFO - Setting next_dagrun for dataset_alias_example_alias_consumer_with_no_taskflow to None, run_after=None
[2025-02-07T13:27:55.172+0000] {logging_mixin.py:190} INFO - [2025-02-07T13:27:55.172+0000] {dag.py:4180} INFO - Setting next_dagrun for dataset_alias_example_alias_producer_with_no_taskflow to None, run_after=None
[2025-02-07T13:27:55.173+0000] {logging_mixin.py:190} INFO - [2025-02-07T13:27:55.173+0000] {dag.py:4180} INFO - Setting next_dagrun for dataset_s3_bucket_consumer_with_no_taskflow to None, run_after=None
[2025-02-07T13:27:55.174+0000] {logging_mixin.py:190} INFO - [2025-02-07T13:27:55.174+0000] {dag.py:4180} INFO - Setting next_dagrun for dataset_s3_bucket_producer_with_no_taskflow to None, run_after=None
[2025-02-07T13:27:55.219+0000] {processor.py:208} INFO - Processing /opt/conda/lib/python3.12/site-packages/airflow/example_dags/example_dataset_alias_with_no_taskflow.py took 0.135 seconds
[2025-02-07T13:29:32.909+0000] {processor.py:186} INFO - Started process (PID=387) to work on /opt/conda/lib/python3.12/site-packages/airflow/example_dags/example_dataset_alias_with_no_taskflow.py
[2025-02-07T13:29:32.911+0000] {processor.py:914} INFO - Processing file /opt/conda/lib/python3.12/site-packages/airflow/example_dags/example_dataset_alias_with_no_taskflow.py for tasks to queue
[2025-02-07T13:29:32.914+0000] {logging_mixin.py:190} INFO - [2025-02-07T13:29:32.913+0000] {dagbag.py:588} INFO - Filling up the DagBag from /opt/conda/lib/python3.12/site-packages/airflow/example_dags/example_dataset_alias_with_no_taskflow.py
[2025-02-07T13:29:32.942+0000] {processor.py:925} INFO - DAG(s) 'dataset_s3_bucket_consumer_with_no_taskflow', 'dataset_alias_example_alias_consumer_with_no_taskflow', 'dataset_alias_example_alias_producer_with_no_taskflow', 'dataset_s3_bucket_producer_with_no_taskflow' retrieved from /opt/conda/lib/python3.12/site-packages/airflow/example_dags/example_dataset_alias_with_no_taskflow.py
[2025-02-07T13:29:32.965+0000] {logging_mixin.py:190} INFO - [2025-02-07T13:29:32.965+0000] {dag.py:3239} INFO - Sync 4 DAGs
[2025-02-07T13:29:32.989+0000] {logging_mixin.py:190} INFO - [2025-02-07T13:29:32.989+0000] {dag.py:4180} INFO - Setting next_dagrun for dataset_alias_example_alias_consumer_with_no_taskflow to None, run_after=None
[2025-02-07T13:29:32.959+0000] {logging_mixin.py:190} INFO - [2025-02-07T13:29:32.959+0000] {dag.py:4180} INFO - Setting next_dagrun for dataset_alias_example_alias_producer_with_no_taskflow to None, run_after=None
[2025-02-07T13:29:32.960+0000] {logging_mixin.py:190} INFO - [2025-02-07T13:29:32.960+0000] {dag.py:4180} INFO - Setting next_dagrun for dataset_s3_bucket_consumer_with_no_taskflow to None, run_after=None
[2025-02-07T13:29:32.961+0000] {logging_mixin.py:190} INFO - [2025-02-07T13:29:32.961+0000] {dag.py:4180} INFO - Setting next_dagrun for dataset_s3_bucket_producer_with_no_taskflow to None, run_after=None
[2025-02-07T13:29:32.990+0000] {processor.py:208} INFO - Processing /opt/conda/lib/python3.12/site-packages/airflow/example_dags/example_dataset_alias_with_no_taskflow.py took 0.120 seconds
[2025-02-07T13:30:36.910+0000] {processor.py:186} INFO - Started process (PID=467) to work on /opt/conda/lib/python3.12/site-packages/airflow/example_dags/example_dataset_alias_with_no_taskflow.py
[2025-02-07T13:30:36.911+0000] {processor.py:914} INFO - Processing file /opt/conda/lib/python3.12/site-packages/airflow/example_dags/example_dataset_alias_with_no_taskflow.py for tasks to queue
[2025-02-07T13:30:36.913+0000] {logging_mixin.py:190} INFO - [2025-02-07T13:30:36.913+0000] {dagbag.py:588} INFO - Filling up the DagBag from /opt/conda/lib/python3.12/site-packages/airflow/example_dags/example_dataset_alias_with_no_taskflow.py
[2025-02-07T13:30:36.930+0000] {processor.py:925} INFO - DAG(s) 'dataset_alias_example_alias_consumer_with_no_taskflow', 'dataset_alias_example_alias_producer_with_no_taskflow', 'dataset_s3_bucket_producer_with_no_taskflow', 'dataset_s3_bucket_consumer_with_no_taskflow' retrieved from /opt/conda/lib/python3.12/site-packages/airflow/example_dags/example_dataset_alias_with_no_taskflow.py
[2025-02-07T13:30:36.945+0000] {logging_mixin.py:190} INFO - [2025-02-07T13:30:36.945+0000] {dag.py:3239} INFO - Sync 4 DAGs
[2025-02-07T13:30:36.958+0000] {logging_mixin.py:190} INFO - [2025-02-07T13:30:36.958+0000] {dag.py:4180} INFO - Setting next_dagrun for dataset_alias_example_alias_consumer_with_no_taskflow to None, run_after=None
[2025-02-07T13:30:36.959+0000] {logging_mixin.py:190} INFO - [2025-02-07T13:30:36.959+0000] {dag.py:4180} INFO - Setting next_dagrun for dataset_alias_example_alias_producer_with_no_taskflow to None, run_after=None
[2025-02-07T13:30:36.960+0000] {logging_mixin.py:190} INFO - [2025-02-07T13:30:36.960+0000] {dag.py:4180} INFO - Setting next_dagrun for dataset_s3_bucket_consumer_with_no_taskflow to None, run_after=None
[2025-02-07T13:30:36.960+0000] {logging_mixin.py:190} INFO - [2025-02-07T13:30:36.960+0000] {dag.py:4180} INFO - Setting next_dagrun for dataset_s3_bucket_producer_with_no_taskflow to None, run_after=None
[2025-02-07T13:30:36.975+0000] {processor.py:208} INFO - Processing /opt/conda/lib/python3.12/site-packages/airflow/example_dags/example_dataset_alias_with_no_taskflow.py took 0.070 seconds
[2025-02-07T13:39:02.223+0000] {processor.py:186} INFO - Started process (PID=450) to work on /opt/conda/lib/python3.12/site-packages/airflow/example_dags/example_dataset_alias_with_no_taskflow.py
[2025-02-07T13:39:02.224+0000] {processor.py:914} INFO - Processing file /opt/conda/lib/python3.12/site-packages/airflow/example_dags/example_dataset_alias_with_no_taskflow.py for tasks to queue
[2025-02-07T13:39:02.227+0000] {logging_mixin.py:190} INFO - [2025-02-07T13:39:02.226+0000] {dagbag.py:588} INFO - Filling up the DagBag from /opt/conda/lib/python3.12/site-packages/airflow/example_dags/example_dataset_alias_with_no_taskflow.py
[2025-02-07T13:39:02.249+0000] {processor.py:925} INFO - DAG(s) 'dataset_s3_bucket_consumer_with_no_taskflow', 'dataset_alias_example_alias_consumer_with_no_taskflow', 'dataset_alias_example_alias_producer_with_no_taskflow', 'dataset_s3_bucket_producer_with_no_taskflow' retrieved from /opt/conda/lib/python3.12/site-packages/airflow/example_dags/example_dataset_alias_with_no_taskflow.py
[2025-02-07T13:39:02.264+0000] {logging_mixin.py:190} INFO - [2025-02-07T13:39:02.264+0000] {dag.py:3239} INFO - Sync 4 DAGs
[2025-02-07T13:39:02.276+0000] {logging_mixin.py:190} INFO - [2025-02-07T13:39:02.276+0000] {dag.py:4180} INFO - Setting next_dagrun for dataset_alias_example_alias_consumer_with_no_taskflow to None, run_after=None
[2025-02-07T13:39:02.277+0000] {logging_mixin.py:190} INFO - [2025-02-07T13:39:02.277+0000] {dag.py:4180} INFO - Setting next_dagrun for dataset_alias_example_alias_producer_with_no_taskflow to None, run_after=None
[2025-02-07T13:39:02.278+0000] {logging_mixin.py:190} INFO - [2025-02-07T13:39:02.278+0000] {dag.py:4180} INFO - Setting next_dagrun for dataset_s3_bucket_consumer_with_no_taskflow to None, run_after=None
[2025-02-07T13:39:02.279+0000] {logging_mixin.py:190} INFO - [2025-02-07T13:39:02.279+0000] {dag.py:4180} INFO - Setting next_dagrun for dataset_s3_bucket_producer_with_no_taskflow to None, run_after=None
[2025-02-07T13:39:02.293+0000] {processor.py:208} INFO - Processing /opt/conda/lib/python3.12/site-packages/airflow/example_dags/example_dataset_alias_with_no_taskflow.py took 0.074 seconds
[2025-02-07T13:40:04.134+0000] {processor.py:186} INFO - Started process (PID=521) to work on /opt/conda/lib/python3.12/site-packages/airflow/example_dags/example_dataset_alias_with_no_taskflow.py
[2025-02-07T13:40:04.135+0000] {processor.py:914} INFO - Processing file /opt/conda/lib/python3.12/site-packages/airflow/example_dags/example_dataset_alias_with_no_taskflow.py for tasks to queue
[2025-02-07T13:40:04.137+0000] {logging_mixin.py:190} INFO - [2025-02-07T13:40:04.136+0000] {dagbag.py:588} INFO - Filling up the DagBag from /opt/conda/lib/python3.12/site-packages/airflow/example_dags/example_dataset_alias_with_no_taskflow.py
[2025-02-07T13:40:04.152+0000] {processor.py:925} INFO - DAG(s) 'dataset_alias_example_alias_consumer_with_no_taskflow', 'dataset_s3_bucket_consumer_with_no_taskflow', 'dataset_s3_bucket_producer_with_no_taskflow', 'dataset_alias_example_alias_producer_with_no_taskflow' retrieved from /opt/conda/lib/python3.12/site-packages/airflow/example_dags/example_dataset_alias_with_no_taskflow.py
[2025-02-07T13:40:04.165+0000] {logging_mixin.py:190} INFO - [2025-02-07T13:40:04.165+0000] {dag.py:3239} INFO - Sync 4 DAGs
[2025-02-07T13:40:04.177+0000] {logging_mixin.py:190} INFO - [2025-02-07T13:40:04.177+0000] {dag.py:4180} INFO - Setting next_dagrun for dataset_alias_example_alias_consumer_with_no_taskflow to None, run_after=None
[2025-02-07T13:40:04.178+0000] {logging_mixin.py:190} INFO - [2025-02-07T13:40:04.178+0000] {dag.py:4180} INFO - Setting next_dagrun for dataset_alias_example_alias_producer_with_no_taskflow to None, run_after=None
[2025-02-07T13:40:04.179+0000] {logging_mixin.py:190} INFO - [2025-02-07T13:40:04.179+0000] {dag.py:4180} INFO - Setting next_dagrun for dataset_s3_bucket_consumer_with_no_taskflow to None, run_after=None
[2025-02-07T13:40:04.180+0000] {logging_mixin.py:190} INFO - [2025-02-07T13:40:04.179+0000] {dag.py:4180} INFO - Setting next_dagrun for dataset_s3_bucket_producer_with_no_taskflow to None, run_after=None
[2025-02-07T13:40:04.194+0000] {processor.py:208} INFO - Processing /opt/conda/lib/python3.12/site-packages/airflow/example_dags/example_dataset_alias_with_no_taskflow.py took 0.066 seconds
[2025-02-07T13:41:02.032+0000] {processor.py:186} INFO - Started process (PID=589) to work on /opt/conda/lib/python3.12/site-packages/airflow/example_dags/example_dataset_alias_with_no_taskflow.py
[2025-02-07T13:41:02.033+0000] {processor.py:914} INFO - Processing file /opt/conda/lib/python3.12/site-packages/airflow/example_dags/example_dataset_alias_with_no_taskflow.py for tasks to queue
[2025-02-07T13:41:02.035+0000] {logging_mixin.py:190} INFO - [2025-02-07T13:41:02.034+0000] {dagbag.py:588} INFO - Filling up the DagBag from /opt/conda/lib/python3.12/site-packages/airflow/example_dags/example_dataset_alias_with_no_taskflow.py
[2025-02-07T13:41:02.054+0000] {processor.py:925} INFO - DAG(s) 'dataset_s3_bucket_producer_with_no_taskflow', 'dataset_alias_example_alias_consumer_with_no_taskflow', 'dataset_alias_example_alias_producer_with_no_taskflow', 'dataset_s3_bucket_consumer_with_no_taskflow' retrieved from /opt/conda/lib/python3.12/site-packages/airflow/example_dags/example_dataset_alias_with_no_taskflow.py
[2025-02-07T13:41:02.077+0000] {logging_mixin.py:190} INFO - [2025-02-07T13:41:02.077+0000] {dag.py:3239} INFO - Sync 4 DAGs
[2025-02-07T13:41:02.096+0000] {logging_mixin.py:190} INFO - [2025-02-07T13:41:02.096+0000] {dag.py:4180} INFO - Setting next_dagrun for dataset_alias_example_alias_consumer_with_no_taskflow to None, run_after=None
[2025-02-07T13:41:02.098+0000] {logging_mixin.py:190} INFO - [2025-02-07T13:41:02.098+0000] {dag.py:4180} INFO - Setting next_dagrun for dataset_alias_example_alias_producer_with_no_taskflow to None, run_after=None
[2025-02-07T13:41:02.099+0000] {logging_mixin.py:190} INFO - [2025-02-07T13:41:02.099+0000] {dag.py:4180} INFO - Setting next_dagrun for dataset_s3_bucket_consumer_with_no_taskflow to None, run_after=None
[2025-02-07T13:41:02.101+0000] {logging_mixin.py:190} INFO - [2025-02-07T13:41:02.101+0000] {dag.py:4180} INFO - Setting next_dagrun for dataset_s3_bucket_producer_with_no_taskflow to None, run_after=None
[2025-02-07T13:41:02.124+0000] {processor.py:208} INFO - Processing /opt/conda/lib/python3.12/site-packages/airflow/example_dags/example_dataset_alias_with_no_taskflow.py took 0.097 seconds
[2025-02-07T13:42:00.622+0000] {processor.py:186} INFO - Started process (PID=657) to work on /opt/conda/lib/python3.12/site-packages/airflow/example_dags/example_dataset_alias_with_no_taskflow.py
[2025-02-07T13:42:00.624+0000] {processor.py:914} INFO - Processing file /opt/conda/lib/python3.12/site-packages/airflow/example_dags/example_dataset_alias_with_no_taskflow.py for tasks to queue
[2025-02-07T13:42:00.626+0000] {logging_mixin.py:190} INFO - [2025-02-07T13:42:00.626+0000] {dagbag.py:588} INFO - Filling up the DagBag from /opt/conda/lib/python3.12/site-packages/airflow/example_dags/example_dataset_alias_with_no_taskflow.py
[2025-02-07T13:42:00.646+0000] {processor.py:925} INFO - DAG(s) 'dataset_alias_example_alias_consumer_with_no_taskflow', 'dataset_s3_bucket_producer_with_no_taskflow', 'dataset_s3_bucket_consumer_with_no_taskflow', 'dataset_alias_example_alias_producer_with_no_taskflow' retrieved from /opt/conda/lib/python3.12/site-packages/airflow/example_dags/example_dataset_alias_with_no_taskflow.py
[2025-02-07T13:42:00.661+0000] {logging_mixin.py:190} INFO - [2025-02-07T13:42:00.661+0000] {dag.py:3239} INFO - Sync 4 DAGs
[2025-02-07T13:42:00.673+0000] {logging_mixin.py:190} INFO - [2025-02-07T13:42:00.673+0000] {dag.py:4180} INFO - Setting next_dagrun for dataset_alias_example_alias_consumer_with_no_taskflow to None, run_after=None
[2025-02-07T13:42:00.674+0000] {logging_mixin.py:190} INFO - [2025-02-07T13:42:00.674+0000] {dag.py:4180} INFO - Setting next_dagrun for dataset_alias_example_alias_producer_with_no_taskflow to None, run_after=None
[2025-02-07T13:42:00.675+0000] {logging_mixin.py:190} INFO - [2025-02-07T13:42:00.675+0000] {dag.py:4180} INFO - Setting next_dagrun for dataset_s3_bucket_consumer_with_no_taskflow to None, run_after=None
[2025-02-07T13:42:00.675+0000] {logging_mixin.py:190} INFO - [2025-02-07T13:42:00.675+0000] {dag.py:4180} INFO - Setting next_dagrun for dataset_s3_bucket_producer_with_no_taskflow to None, run_after=None
[2025-02-07T13:42:00.691+0000] {processor.py:208} INFO - Processing /opt/conda/lib/python3.12/site-packages/airflow/example_dags/example_dataset_alias_with_no_taskflow.py took 0.076 seconds
[2025-02-07T13:43:13.530+0000] {processor.py:186} INFO - Started process (PID=840) to work on /opt/conda/lib/python3.12/site-packages/airflow/example_dags/example_dataset_alias_with_no_taskflow.py
[2025-02-07T13:43:13.531+0000] {processor.py:914} INFO - Processing file /opt/conda/lib/python3.12/site-packages/airflow/example_dags/example_dataset_alias_with_no_taskflow.py for tasks to queue
[2025-02-07T13:43:13.533+0000] {logging_mixin.py:190} INFO - [2025-02-07T13:43:13.533+0000] {dagbag.py:588} INFO - Filling up the DagBag from /opt/conda/lib/python3.12/site-packages/airflow/example_dags/example_dataset_alias_with_no_taskflow.py
[2025-02-07T13:43:13.553+0000] {processor.py:925} INFO - DAG(s) 'dataset_s3_bucket_consumer_with_no_taskflow', 'dataset_alias_example_alias_consumer_with_no_taskflow', 'dataset_s3_bucket_producer_with_no_taskflow', 'dataset_alias_example_alias_producer_with_no_taskflow' retrieved from /opt/conda/lib/python3.12/site-packages/airflow/example_dags/example_dataset_alias_with_no_taskflow.py
[2025-02-07T13:43:13.569+0000] {logging_mixin.py:190} INFO - [2025-02-07T13:43:13.569+0000] {dag.py:3239} INFO - Sync 4 DAGs
[2025-02-07T13:43:13.583+0000] {logging_mixin.py:190} INFO - [2025-02-07T13:43:13.583+0000] {dag.py:4180} INFO - Setting next_dagrun for dataset_alias_example_alias_consumer_with_no_taskflow to None, run_after=None
[2025-02-07T13:43:13.585+0000] {logging_mixin.py:190} INFO - [2025-02-07T13:43:13.584+0000] {dag.py:4180} INFO - Setting next_dagrun for dataset_alias_example_alias_producer_with_no_taskflow to None, run_after=None
[2025-02-07T13:43:13.585+0000] {logging_mixin.py:190} INFO - [2025-02-07T13:43:13.585+0000] {dag.py:4180} INFO - Setting next_dagrun for dataset_s3_bucket_consumer_with_no_taskflow to None, run_after=None
[2025-02-07T13:43:13.586+0000] {logging_mixin.py:190} INFO - [2025-02-07T13:43:13.586+0000] {dag.py:4180} INFO - Setting next_dagrun for dataset_s3_bucket_producer_with_no_taskflow to None, run_after=None
[2025-02-07T13:43:13.602+0000] {processor.py:208} INFO - Processing /opt/conda/lib/python3.12/site-packages/airflow/example_dags/example_dataset_alias_with_no_taskflow.py took 0.076 seconds
[2025-02-07T13:44:41.665+0000] {processor.py:186} INFO - Started process (PID=1032) to work on /opt/conda/lib/python3.12/site-packages/airflow/example_dags/example_dataset_alias_with_no_taskflow.py
[2025-02-07T13:44:41.666+0000] {processor.py:914} INFO - Processing file /opt/conda/lib/python3.12/site-packages/airflow/example_dags/example_dataset_alias_with_no_taskflow.py for tasks to queue
[2025-02-07T13:44:41.668+0000] {logging_mixin.py:190} INFO - [2025-02-07T13:44:41.668+0000] {dagbag.py:588} INFO - Filling up the DagBag from /opt/conda/lib/python3.12/site-packages/airflow/example_dags/example_dataset_alias_with_no_taskflow.py
[2025-02-07T13:44:41.686+0000] {processor.py:925} INFO - DAG(s) 'dataset_alias_example_alias_producer_with_no_taskflow', 'dataset_alias_example_alias_consumer_with_no_taskflow', 'dataset_s3_bucket_producer_with_no_taskflow', 'dataset_s3_bucket_consumer_with_no_taskflow' retrieved from /opt/conda/lib/python3.12/site-packages/airflow/example_dags/example_dataset_alias_with_no_taskflow.py
[2025-02-07T13:44:41.706+0000] {logging_mixin.py:190} INFO - [2025-02-07T13:44:41.705+0000] {dag.py:3239} INFO - Sync 4 DAGs
[2025-02-07T13:44:41.718+0000] {logging_mixin.py:190} INFO - [2025-02-07T13:44:41.718+0000] {dag.py:4180} INFO - Setting next_dagrun for dataset_alias_example_alias_consumer_with_no_taskflow to None, run_after=None
[2025-02-07T13:44:41.719+0000] {logging_mixin.py:190} INFO - [2025-02-07T13:44:41.719+0000] {dag.py:4180} INFO - Setting next_dagrun for dataset_alias_example_alias_producer_with_no_taskflow to None, run_after=None
[2025-02-07T13:44:41.720+0000] {logging_mixin.py:190} INFO - [2025-02-07T13:44:41.720+0000] {dag.py:4180} INFO - Setting next_dagrun for dataset_s3_bucket_consumer_with_no_taskflow to None, run_after=None
[2025-02-07T13:44:41.721+0000] {logging_mixin.py:190} INFO - [2025-02-07T13:44:41.721+0000] {dag.py:4180} INFO - Setting next_dagrun for dataset_s3_bucket_producer_with_no_taskflow to None, run_after=None
[2025-02-07T13:44:41.746+0000] {processor.py:208} INFO - Processing /opt/conda/lib/python3.12/site-packages/airflow/example_dags/example_dataset_alias_with_no_taskflow.py took 0.087 seconds
[2025-02-07T13:46:19.277+0000] {processor.py:186} INFO - Started process (PID=1218) to work on /opt/conda/lib/python3.12/site-packages/airflow/example_dags/example_dataset_alias_with_no_taskflow.py
[2025-02-07T13:46:19.278+0000] {processor.py:914} INFO - Processing file /opt/conda/lib/python3.12/site-packages/airflow/example_dags/example_dataset_alias_with_no_taskflow.py for tasks to queue
[2025-02-07T13:46:19.283+0000] {logging_mixin.py:190} INFO - [2025-02-07T13:46:19.282+0000] {dagbag.py:588} INFO - Filling up the DagBag from /opt/conda/lib/python3.12/site-packages/airflow/example_dags/example_dataset_alias_with_no_taskflow.py
[2025-02-07T13:46:19.298+0000] {processor.py:925} INFO - DAG(s) 'dataset_s3_bucket_producer_with_no_taskflow', 'dataset_s3_bucket_consumer_with_no_taskflow', 'dataset_alias_example_alias_producer_with_no_taskflow', 'dataset_alias_example_alias_consumer_with_no_taskflow' retrieved from /opt/conda/lib/python3.12/site-packages/airflow/example_dags/example_dataset_alias_with_no_taskflow.py
[2025-02-07T13:46:19.313+0000] {logging_mixin.py:190} INFO - [2025-02-07T13:46:19.312+0000] {dag.py:3239} INFO - Sync 4 DAGs
[2025-02-07T13:46:19.331+0000] {logging_mixin.py:190} INFO - [2025-02-07T13:46:19.331+0000] {dag.py:4180} INFO - Setting next_dagrun for dataset_alias_example_alias_consumer_with_no_taskflow to None, run_after=None
[2025-02-07T13:46:19.334+0000] {logging_mixin.py:190} INFO - [2025-02-07T13:46:19.333+0000] {dag.py:4180} INFO - Setting next_dagrun for dataset_alias_example_alias_producer_with_no_taskflow to None, run_after=None
[2025-02-07T13:46:19.335+0000] {logging_mixin.py:190} INFO - [2025-02-07T13:46:19.335+0000] {dag.py:4180} INFO - Setting next_dagrun for dataset_s3_bucket_consumer_with_no_taskflow to None, run_after=None
[2025-02-07T13:46:19.339+0000] {logging_mixin.py:190} INFO - [2025-02-07T13:46:19.339+0000] {dag.py:4180} INFO - Setting next_dagrun for dataset_s3_bucket_producer_with_no_taskflow to None, run_after=None
[2025-02-07T13:46:19.365+0000] {processor.py:208} INFO - Processing /opt/conda/lib/python3.12/site-packages/airflow/example_dags/example_dataset_alias_with_no_taskflow.py took 0.094 seconds
[2025-02-07T14:05:37.654+0000] {processor.py:186} INFO - Started process (PID=1776) to work on /opt/conda/lib/python3.12/site-packages/airflow/example_dags/example_dataset_alias_with_no_taskflow.py
[2025-02-07T14:05:37.656+0000] {processor.py:914} INFO - Processing file /opt/conda/lib/python3.12/site-packages/airflow/example_dags/example_dataset_alias_with_no_taskflow.py for tasks to queue
[2025-02-07T14:05:37.659+0000] {logging_mixin.py:190} INFO - [2025-02-07T14:05:37.659+0000] {dagbag.py:588} INFO - Filling up the DagBag from /opt/conda/lib/python3.12/site-packages/airflow/example_dags/example_dataset_alias_with_no_taskflow.py
[2025-02-07T14:05:37.680+0000] {processor.py:925} INFO - DAG(s) 'dataset_alias_example_alias_consumer_with_no_taskflow', 'dataset_s3_bucket_consumer_with_no_taskflow', 'dataset_s3_bucket_producer_with_no_taskflow', 'dataset_alias_example_alias_producer_with_no_taskflow' retrieved from /opt/conda/lib/python3.12/site-packages/airflow/example_dags/example_dataset_alias_with_no_taskflow.py
[2025-02-07T14:05:37.696+0000] {logging_mixin.py:190} INFO - [2025-02-07T14:05:37.696+0000] {dag.py:3239} INFO - Sync 4 DAGs
[2025-02-07T14:05:37.707+0000] {logging_mixin.py:190} INFO - [2025-02-07T14:05:37.706+0000] {dag.py:4180} INFO - Setting next_dagrun for dataset_alias_example_alias_consumer_with_no_taskflow to None, run_after=None
[2025-02-07T14:05:37.708+0000] {logging_mixin.py:190} INFO - [2025-02-07T14:05:37.708+0000] {dag.py:4180} INFO - Setting next_dagrun for dataset_alias_example_alias_producer_with_no_taskflow to None, run_after=None
[2025-02-07T14:05:37.709+0000] {logging_mixin.py:190} INFO - [2025-02-07T14:05:37.709+0000] {dag.py:4180} INFO - Setting next_dagrun for dataset_s3_bucket_consumer_with_no_taskflow to None, run_after=None
[2025-02-07T14:05:37.709+0000] {logging_mixin.py:190} INFO - [2025-02-07T14:05:37.709+0000] {dag.py:4180} INFO - Setting next_dagrun for dataset_s3_bucket_producer_with_no_taskflow to None, run_after=None
[2025-02-07T14:05:37.724+0000] {processor.py:208} INFO - Processing /opt/conda/lib/python3.12/site-packages/airflow/example_dags/example_dataset_alias_with_no_taskflow.py took 0.075 seconds
[2025-02-07T14:06:41.435+0000] {processor.py:186} INFO - Started process (PID=1846) to work on /opt/conda/lib/python3.12/site-packages/airflow/example_dags/example_dataset_alias_with_no_taskflow.py
[2025-02-07T14:06:41.437+0000] {processor.py:914} INFO - Processing file /opt/conda/lib/python3.12/site-packages/airflow/example_dags/example_dataset_alias_with_no_taskflow.py for tasks to queue
[2025-02-07T14:06:41.439+0000] {logging_mixin.py:190} INFO - [2025-02-07T14:06:41.438+0000] {dagbag.py:588} INFO - Filling up the DagBag from /opt/conda/lib/python3.12/site-packages/airflow/example_dags/example_dataset_alias_with_no_taskflow.py
[2025-02-07T14:06:41.475+0000] {processor.py:925} INFO - DAG(s) 'dataset_s3_bucket_producer_with_no_taskflow', 'dataset_alias_example_alias_consumer_with_no_taskflow', 'dataset_alias_example_alias_producer_with_no_taskflow', 'dataset_s3_bucket_consumer_with_no_taskflow' retrieved from /opt/conda/lib/python3.12/site-packages/airflow/example_dags/example_dataset_alias_with_no_taskflow.py
[2025-02-07T14:06:41.496+0000] {logging_mixin.py:190} INFO - [2025-02-07T14:06:41.496+0000] {dag.py:3239} INFO - Sync 4 DAGs
[2025-02-07T14:06:41.519+0000] {logging_mixin.py:190} INFO - [2025-02-07T14:06:41.518+0000] {dag.py:4180} INFO - Setting next_dagrun for dataset_alias_example_alias_consumer_with_no_taskflow to None, run_after=None
[2025-02-07T14:06:41.520+0000] {logging_mixin.py:190} INFO - [2025-02-07T14:06:41.520+0000] {dag.py:4180} INFO - Setting next_dagrun for dataset_alias_example_alias_producer_with_no_taskflow to None, run_after=None
[2025-02-07T14:06:41.521+0000] {logging_mixin.py:190} INFO - [2025-02-07T14:06:41.521+0000] {dag.py:4180} INFO - Setting next_dagrun for dataset_s3_bucket_consumer_with_no_taskflow to None, run_after=None
[2025-02-07T14:06:41.522+0000] {logging_mixin.py:190} INFO - [2025-02-07T14:06:41.522+0000] {dag.py:4180} INFO - Setting next_dagrun for dataset_s3_bucket_producer_with_no_taskflow to None, run_after=None
[2025-02-07T14:06:41.546+0000] {processor.py:208} INFO - Processing /opt/conda/lib/python3.12/site-packages/airflow/example_dags/example_dataset_alias_with_no_taskflow.py took 0.125 seconds
[2025-02-07T14:08:53.324+0000] {processor.py:186} INFO - Started process (PID=2150) to work on /opt/conda/lib/python3.12/site-packages/airflow/example_dags/example_dataset_alias_with_no_taskflow.py
[2025-02-07T14:08:53.328+0000] {processor.py:914} INFO - Processing file /opt/conda/lib/python3.12/site-packages/airflow/example_dags/example_dataset_alias_with_no_taskflow.py for tasks to queue
[2025-02-07T14:08:53.345+0000] {logging_mixin.py:190} INFO - [2025-02-07T14:08:53.344+0000] {dagbag.py:588} INFO - Filling up the DagBag from /opt/conda/lib/python3.12/site-packages/airflow/example_dags/example_dataset_alias_with_no_taskflow.py
[2025-02-07T14:08:53.409+0000] {processor.py:925} INFO - DAG(s) 'dataset_s3_bucket_producer_with_no_taskflow', 'dataset_s3_bucket_consumer_with_no_taskflow', 'dataset_alias_example_alias_producer_with_no_taskflow', 'dataset_alias_example_alias_consumer_with_no_taskflow' retrieved from /opt/conda/lib/python3.12/site-packages/airflow/example_dags/example_dataset_alias_with_no_taskflow.py
[2025-02-07T14:08:53.457+0000] {logging_mixin.py:190} INFO - [2025-02-07T14:08:53.457+0000] {dag.py:3239} INFO - Sync 4 DAGs
[2025-02-07T14:08:53.500+0000] {logging_mixin.py:190} INFO - [2025-02-07T14:08:53.500+0000] {dag.py:4180} INFO - Setting next_dagrun for dataset_alias_example_alias_consumer_with_no_taskflow to None, run_after=None
[2025-02-07T14:08:53.503+0000] {logging_mixin.py:190} INFO - [2025-02-07T14:08:53.502+0000] {dag.py:4180} INFO - Setting next_dagrun for dataset_alias_example_alias_producer_with_no_taskflow to None, run_after=None
[2025-02-07T14:08:53.506+0000] {logging_mixin.py:190} INFO - [2025-02-07T14:08:53.506+0000] {dag.py:4180} INFO - Setting next_dagrun for dataset_s3_bucket_consumer_with_no_taskflow to None, run_after=None
[2025-02-07T14:08:53.508+0000] {logging_mixin.py:190} INFO - [2025-02-07T14:08:53.508+0000] {dag.py:4180} INFO - Setting next_dagrun for dataset_s3_bucket_producer_with_no_taskflow to None, run_after=None
[2025-02-07T14:08:53.575+0000] {processor.py:208} INFO - Processing /opt/conda/lib/python3.12/site-packages/airflow/example_dags/example_dataset_alias_with_no_taskflow.py took 0.271 seconds
