[2025-02-07T12:08:47.236+0000] {processor.py:186} INFO - Started process (PID=1749) to work on /opt/conda/lib/python3.12/site-packages/airflow/example_dags/example_sensors.py
[2025-02-07T12:08:47.239+0000] {processor.py:914} INFO - Processing file /opt/conda/lib/python3.12/site-packages/airflow/example_dags/example_sensors.py for tasks to queue
[2025-02-07T12:08:47.244+0000] {logging_mixin.py:190} INFO - [2025-02-07T12:08:47.244+0000] {dagbag.py:588} INFO - Filling up the DagBag from /opt/conda/lib/python3.12/site-packages/airflow/example_dags/example_sensors.py
[2025-02-07T12:08:47.283+0000] {processor.py:925} INFO - DAG(s) 'example_sensors' retrieved from /opt/conda/lib/python3.12/site-packages/airflow/example_dags/example_sensors.py
[2025-02-07T12:08:47.370+0000] {logging_mixin.py:190} INFO - [2025-02-07T12:08:47.366+0000] {dag.py:3239} INFO - Sync 1 DAGs
[2025-02-07T12:08:47.404+0000] {logging_mixin.py:190} INFO - [2025-02-07T12:08:47.403+0000] {dag.py:4180} INFO - Setting next_dagrun for example_sensors to None, run_after=None
[2025-02-07T12:08:47.432+0000] {processor.py:208} INFO - Processing /opt/conda/lib/python3.12/site-packages/airflow/example_dags/example_sensors.py took 0.202 seconds
[2025-02-07T12:20:37.236+0000] {processor.py:186} INFO - Started process (PID=5535) to work on /opt/conda/lib/python3.12/site-packages/airflow/example_dags/example_sensors.py
[2025-02-07T12:20:37.238+0000] {processor.py:914} INFO - Processing file /opt/conda/lib/python3.12/site-packages/airflow/example_dags/example_sensors.py for tasks to queue
[2025-02-07T12:20:37.243+0000] {logging_mixin.py:190} INFO - [2025-02-07T12:20:37.242+0000] {dagbag.py:588} INFO - Filling up the DagBag from /opt/conda/lib/python3.12/site-packages/airflow/example_dags/example_sensors.py
[2025-02-07T12:20:37.271+0000] {processor.py:925} INFO - DAG(s) 'example_sensors' retrieved from /opt/conda/lib/python3.12/site-packages/airflow/example_dags/example_sensors.py
[2025-02-07T12:20:37.292+0000] {logging_mixin.py:190} INFO - [2025-02-07T12:20:37.292+0000] {dag.py:3239} INFO - Sync 1 DAGs
[2025-02-07T12:20:37.305+0000] {logging_mixin.py:190} INFO - [2025-02-07T12:20:37.305+0000] {dag.py:4180} INFO - Setting next_dagrun for example_sensors to None, run_after=None
[2025-02-07T12:20:37.323+0000] {processor.py:208} INFO - Processing /opt/conda/lib/python3.12/site-packages/airflow/example_dags/example_sensors.py took 0.093 seconds
[2025-02-07T12:32:47.559+0000] {processor.py:186} INFO - Started process (PID=120) to work on /opt/conda/lib/python3.12/site-packages/airflow/example_dags/example_sensors.py
[2025-02-07T12:32:47.561+0000] {processor.py:914} INFO - Processing file /opt/conda/lib/python3.12/site-packages/airflow/example_dags/example_sensors.py for tasks to queue
[2025-02-07T12:32:47.571+0000] {logging_mixin.py:190} INFO - [2025-02-07T12:32:47.568+0000] {dagbag.py:588} INFO - Filling up the DagBag from /opt/conda/lib/python3.12/site-packages/airflow/example_dags/example_sensors.py
[2025-02-07T12:32:47.614+0000] {processor.py:925} INFO - DAG(s) 'example_sensors' retrieved from /opt/conda/lib/python3.12/site-packages/airflow/example_dags/example_sensors.py
[2025-02-07T12:32:47.662+0000] {logging_mixin.py:190} INFO - [2025-02-07T12:32:47.661+0000] {dag.py:3239} INFO - Sync 1 DAGs
[2025-02-07T12:32:47.672+0000] {logging_mixin.py:190} INFO - [2025-02-07T12:32:47.672+0000] {dag.py:4180} INFO - Setting next_dagrun for example_sensors to None, run_after=None
[2025-02-07T12:32:47.690+0000] {processor.py:208} INFO - Processing /opt/conda/lib/python3.12/site-packages/airflow/example_dags/example_sensors.py took 0.135 seconds
[2025-02-07T12:36:36.493+0000] {processor.py:186} INFO - Started process (PID=98) to work on /opt/conda/lib/python3.12/site-packages/airflow/example_dags/example_sensors.py
[2025-02-07T12:36:36.495+0000] {processor.py:914} INFO - Processing file /opt/conda/lib/python3.12/site-packages/airflow/example_dags/example_sensors.py for tasks to queue
[2025-02-07T12:36:36.502+0000] {logging_mixin.py:190} INFO - [2025-02-07T12:36:36.501+0000] {dagbag.py:588} INFO - Filling up the DagBag from /opt/conda/lib/python3.12/site-packages/airflow/example_dags/example_sensors.py
[2025-02-07T12:36:36.538+0000] {processor.py:925} INFO - DAG(s) 'example_sensors' retrieved from /opt/conda/lib/python3.12/site-packages/airflow/example_dags/example_sensors.py
[2025-02-07T12:36:36.664+0000] {logging_mixin.py:190} INFO - [2025-02-07T12:36:36.663+0000] {dag.py:3239} INFO - Sync 1 DAGs
[2025-02-07T12:36:36.741+0000] {logging_mixin.py:190} INFO - [2025-02-07T12:36:36.741+0000] {dag.py:4180} INFO - Setting next_dagrun for example_sensors to None, run_after=None
[2025-02-07T12:36:36.887+0000] {processor.py:208} INFO - Processing /opt/conda/lib/python3.12/site-packages/airflow/example_dags/example_sensors.py took 0.399 seconds
[2025-02-07T12:37:44.483+0000] {processor.py:186} INFO - Started process (PID=166) to work on /opt/conda/lib/python3.12/site-packages/airflow/example_dags/example_sensors.py
[2025-02-07T12:37:44.484+0000] {processor.py:914} INFO - Processing file /opt/conda/lib/python3.12/site-packages/airflow/example_dags/example_sensors.py for tasks to queue
[2025-02-07T12:37:44.486+0000] {logging_mixin.py:190} INFO - [2025-02-07T12:37:44.486+0000] {dagbag.py:588} INFO - Filling up the DagBag from /opt/conda/lib/python3.12/site-packages/airflow/example_dags/example_sensors.py
[2025-02-07T12:37:44.493+0000] {processor.py:925} INFO - DAG(s) 'example_sensors' retrieved from /opt/conda/lib/python3.12/site-packages/airflow/example_dags/example_sensors.py
[2025-02-07T12:37:44.509+0000] {logging_mixin.py:190} INFO - [2025-02-07T12:37:44.508+0000] {dag.py:3239} INFO - Sync 1 DAGs
[2025-02-07T12:37:44.517+0000] {logging_mixin.py:190} INFO - [2025-02-07T12:37:44.517+0000] {dag.py:4180} INFO - Setting next_dagrun for example_sensors to None, run_after=None
[2025-02-07T12:37:44.535+0000] {processor.py:208} INFO - Processing /opt/conda/lib/python3.12/site-packages/airflow/example_dags/example_sensors.py took 0.059 seconds
[2025-02-07T12:38:46.700+0000] {processor.py:186} INFO - Started process (PID=236) to work on /opt/conda/lib/python3.12/site-packages/airflow/example_dags/example_sensors.py
[2025-02-07T12:38:46.701+0000] {processor.py:914} INFO - Processing file /opt/conda/lib/python3.12/site-packages/airflow/example_dags/example_sensors.py for tasks to queue
[2025-02-07T12:38:46.703+0000] {logging_mixin.py:190} INFO - [2025-02-07T12:38:46.702+0000] {dagbag.py:588} INFO - Filling up the DagBag from /opt/conda/lib/python3.12/site-packages/airflow/example_dags/example_sensors.py
[2025-02-07T12:38:46.711+0000] {processor.py:925} INFO - DAG(s) 'example_sensors' retrieved from /opt/conda/lib/python3.12/site-packages/airflow/example_dags/example_sensors.py
[2025-02-07T12:38:46.727+0000] {logging_mixin.py:190} INFO - [2025-02-07T12:38:46.727+0000] {dag.py:3239} INFO - Sync 1 DAGs
[2025-02-07T12:38:46.735+0000] {logging_mixin.py:190} INFO - [2025-02-07T12:38:46.735+0000] {dag.py:4180} INFO - Setting next_dagrun for example_sensors to None, run_after=None
[2025-02-07T12:38:46.750+0000] {processor.py:208} INFO - Processing /opt/conda/lib/python3.12/site-packages/airflow/example_dags/example_sensors.py took 0.055 seconds
[2025-02-07T12:39:43.017+0000] {processor.py:186} INFO - Started process (PID=304) to work on /opt/conda/lib/python3.12/site-packages/airflow/example_dags/example_sensors.py
[2025-02-07T12:39:43.020+0000] {processor.py:914} INFO - Processing file /opt/conda/lib/python3.12/site-packages/airflow/example_dags/example_sensors.py for tasks to queue
[2025-02-07T12:39:43.026+0000] {logging_mixin.py:190} INFO - [2025-02-07T12:39:43.025+0000] {dagbag.py:588} INFO - Filling up the DagBag from /opt/conda/lib/python3.12/site-packages/airflow/example_dags/example_sensors.py
[2025-02-07T12:39:43.035+0000] {processor.py:925} INFO - DAG(s) 'example_sensors' retrieved from /opt/conda/lib/python3.12/site-packages/airflow/example_dags/example_sensors.py
[2025-02-07T12:39:43.061+0000] {logging_mixin.py:190} INFO - [2025-02-07T12:39:43.061+0000] {dag.py:3239} INFO - Sync 1 DAGs
[2025-02-07T12:39:43.072+0000] {logging_mixin.py:190} INFO - [2025-02-07T12:39:43.072+0000] {dag.py:4180} INFO - Setting next_dagrun for example_sensors to None, run_after=None
[2025-02-07T12:39:43.091+0000] {processor.py:208} INFO - Processing /opt/conda/lib/python3.12/site-packages/airflow/example_dags/example_sensors.py took 0.079 seconds
[2025-02-07T12:40:40.817+0000] {processor.py:186} INFO - Started process (PID=361) to work on /opt/conda/lib/python3.12/site-packages/airflow/example_dags/example_sensors.py
[2025-02-07T12:40:40.820+0000] {processor.py:914} INFO - Processing file /opt/conda/lib/python3.12/site-packages/airflow/example_dags/example_sensors.py for tasks to queue
[2025-02-07T12:40:40.823+0000] {logging_mixin.py:190} INFO - [2025-02-07T12:40:40.823+0000] {dagbag.py:588} INFO - Filling up the DagBag from /opt/conda/lib/python3.12/site-packages/airflow/example_dags/example_sensors.py
[2025-02-07T12:40:40.831+0000] {processor.py:925} INFO - DAG(s) 'example_sensors' retrieved from /opt/conda/lib/python3.12/site-packages/airflow/example_dags/example_sensors.py
[2025-02-07T12:40:40.845+0000] {logging_mixin.py:190} INFO - [2025-02-07T12:40:40.845+0000] {dag.py:3239} INFO - Sync 1 DAGs
[2025-02-07T12:40:40.851+0000] {logging_mixin.py:190} INFO - [2025-02-07T12:40:40.851+0000] {dag.py:4180} INFO - Setting next_dagrun for example_sensors to None, run_after=None
[2025-02-07T12:40:40.863+0000] {processor.py:208} INFO - Processing /opt/conda/lib/python3.12/site-packages/airflow/example_dags/example_sensors.py took 0.063 seconds
[2025-02-07T12:44:08.817+0000] {processor.py:186} INFO - Started process (PID=1595) to work on /opt/conda/lib/python3.12/site-packages/airflow/example_dags/example_sensors.py
[2025-02-07T12:44:08.819+0000] {processor.py:914} INFO - Processing file /opt/conda/lib/python3.12/site-packages/airflow/example_dags/example_sensors.py for tasks to queue
[2025-02-07T12:44:08.821+0000] {logging_mixin.py:190} INFO - [2025-02-07T12:44:08.820+0000] {dagbag.py:588} INFO - Filling up the DagBag from /opt/conda/lib/python3.12/site-packages/airflow/example_dags/example_sensors.py
[2025-02-07T12:44:08.832+0000] {processor.py:925} INFO - DAG(s) 'example_sensors' retrieved from /opt/conda/lib/python3.12/site-packages/airflow/example_dags/example_sensors.py
[2025-02-07T12:44:08.852+0000] {logging_mixin.py:190} INFO - [2025-02-07T12:44:08.852+0000] {dag.py:3239} INFO - Sync 1 DAGs
[2025-02-07T12:44:08.861+0000] {logging_mixin.py:190} INFO - [2025-02-07T12:44:08.861+0000] {dag.py:4180} INFO - Setting next_dagrun for example_sensors to None, run_after=None
[2025-02-07T12:44:08.882+0000] {processor.py:208} INFO - Processing /opt/conda/lib/python3.12/site-packages/airflow/example_dags/example_sensors.py took 0.070 seconds
[2025-02-07T12:49:58.190+0000] {processor.py:186} INFO - Started process (PID=3728) to work on /opt/conda/lib/python3.12/site-packages/airflow/example_dags/example_sensors.py
[2025-02-07T12:49:58.191+0000] {processor.py:914} INFO - Processing file /opt/conda/lib/python3.12/site-packages/airflow/example_dags/example_sensors.py for tasks to queue
[2025-02-07T12:49:58.193+0000] {logging_mixin.py:190} INFO - [2025-02-07T12:49:58.192+0000] {dagbag.py:588} INFO - Filling up the DagBag from /opt/conda/lib/python3.12/site-packages/airflow/example_dags/example_sensors.py
[2025-02-07T12:49:58.202+0000] {processor.py:925} INFO - DAG(s) 'example_sensors' retrieved from /opt/conda/lib/python3.12/site-packages/airflow/example_dags/example_sensors.py
[2025-02-07T12:49:58.216+0000] {logging_mixin.py:190} INFO - [2025-02-07T12:49:58.216+0000] {dag.py:3239} INFO - Sync 1 DAGs
[2025-02-07T12:49:58.227+0000] {logging_mixin.py:190} INFO - [2025-02-07T12:49:58.226+0000] {dag.py:4180} INFO - Setting next_dagrun for example_sensors to None, run_after=None
[2025-02-07T12:49:58.242+0000] {processor.py:208} INFO - Processing /opt/conda/lib/python3.12/site-packages/airflow/example_dags/example_sensors.py took 0.057 seconds
[2025-02-07T12:57:42.674+0000] {processor.py:186} INFO - Started process (PID=7304) to work on /opt/conda/lib/python3.12/site-packages/airflow/example_dags/example_sensors.py
[2025-02-07T12:57:42.676+0000] {processor.py:914} INFO - Processing file /opt/conda/lib/python3.12/site-packages/airflow/example_dags/example_sensors.py for tasks to queue
[2025-02-07T12:57:42.678+0000] {logging_mixin.py:190} INFO - [2025-02-07T12:57:42.678+0000] {dagbag.py:588} INFO - Filling up the DagBag from /opt/conda/lib/python3.12/site-packages/airflow/example_dags/example_sensors.py
[2025-02-07T12:57:42.686+0000] {processor.py:925} INFO - DAG(s) 'example_sensors' retrieved from /opt/conda/lib/python3.12/site-packages/airflow/example_dags/example_sensors.py
[2025-02-07T12:57:42.701+0000] {logging_mixin.py:190} INFO - [2025-02-07T12:57:42.700+0000] {dag.py:3239} INFO - Sync 1 DAGs
[2025-02-07T12:57:42.708+0000] {logging_mixin.py:190} INFO - [2025-02-07T12:57:42.708+0000] {dag.py:4180} INFO - Setting next_dagrun for example_sensors to None, run_after=None
[2025-02-07T12:57:42.722+0000] {processor.py:208} INFO - Processing /opt/conda/lib/python3.12/site-packages/airflow/example_dags/example_sensors.py took 0.053 seconds
[2025-02-07T13:07:48.245+0000] {processor.py:186} INFO - Started process (PID=736) to work on /opt/conda/lib/python3.12/site-packages/airflow/example_dags/example_sensors.py
[2025-02-07T13:07:48.247+0000] {processor.py:914} INFO - Processing file /opt/conda/lib/python3.12/site-packages/airflow/example_dags/example_sensors.py for tasks to queue
[2025-02-07T13:07:48.249+0000] {logging_mixin.py:190} INFO - [2025-02-07T13:07:48.249+0000] {dagbag.py:588} INFO - Filling up the DagBag from /opt/conda/lib/python3.12/site-packages/airflow/example_dags/example_sensors.py
[2025-02-07T13:07:48.258+0000] {processor.py:925} INFO - DAG(s) 'example_sensors' retrieved from /opt/conda/lib/python3.12/site-packages/airflow/example_dags/example_sensors.py
[2025-02-07T13:07:48.276+0000] {logging_mixin.py:190} INFO - [2025-02-07T13:07:48.276+0000] {dag.py:3239} INFO - Sync 1 DAGs
[2025-02-07T13:07:48.284+0000] {logging_mixin.py:190} INFO - [2025-02-07T13:07:48.284+0000] {dag.py:4180} INFO - Setting next_dagrun for example_sensors to None, run_after=None
[2025-02-07T13:07:48.297+0000] {processor.py:208} INFO - Processing /opt/conda/lib/python3.12/site-packages/airflow/example_dags/example_sensors.py took 0.055 seconds
[2025-02-07T13:27:22.648+0000] {processor.py:186} INFO - Started process (PID=193) to work on /opt/conda/lib/python3.12/site-packages/airflow/example_dags/example_sensors.py
[2025-02-07T13:27:22.653+0000] {processor.py:914} INFO - Processing file /opt/conda/lib/python3.12/site-packages/airflow/example_dags/example_sensors.py for tasks to queue
[2025-02-07T13:27:22.658+0000] {logging_mixin.py:190} INFO - [2025-02-07T13:27:22.657+0000] {dagbag.py:588} INFO - Filling up the DagBag from /opt/conda/lib/python3.12/site-packages/airflow/example_dags/example_sensors.py
[2025-02-07T13:27:22.682+0000] {processor.py:925} INFO - DAG(s) 'example_sensors' retrieved from /opt/conda/lib/python3.12/site-packages/airflow/example_dags/example_sensors.py
[2025-02-07T13:27:22.735+0000] {logging_mixin.py:190} INFO - [2025-02-07T13:27:22.734+0000] {dag.py:3239} INFO - Sync 1 DAGs
[2025-02-07T13:27:22.750+0000] {logging_mixin.py:190} INFO - [2025-02-07T13:27:22.749+0000] {dag.py:4180} INFO - Setting next_dagrun for example_sensors to None, run_after=None
[2025-02-07T13:27:22.808+0000] {processor.py:208} INFO - Processing /opt/conda/lib/python3.12/site-packages/airflow/example_dags/example_sensors.py took 0.163 seconds
[2025-02-07T13:28:56.762+0000] {processor.py:186} INFO - Started process (PID=346) to work on /opt/conda/lib/python3.12/site-packages/airflow/example_dags/example_sensors.py
[2025-02-07T13:28:56.768+0000] {processor.py:914} INFO - Processing file /opt/conda/lib/python3.12/site-packages/airflow/example_dags/example_sensors.py for tasks to queue
[2025-02-07T13:28:56.778+0000] {logging_mixin.py:190} INFO - [2025-02-07T13:28:56.778+0000] {dagbag.py:588} INFO - Filling up the DagBag from /opt/conda/lib/python3.12/site-packages/airflow/example_dags/example_sensors.py
[2025-02-07T13:28:56.821+0000] {processor.py:925} INFO - DAG(s) 'example_sensors' retrieved from /opt/conda/lib/python3.12/site-packages/airflow/example_dags/example_sensors.py
[2025-02-07T13:28:56.865+0000] {logging_mixin.py:190} INFO - [2025-02-07T13:28:56.865+0000] {dag.py:3239} INFO - Sync 1 DAGs
[2025-02-07T13:28:56.880+0000] {logging_mixin.py:190} INFO - [2025-02-07T13:28:56.880+0000] {dag.py:4180} INFO - Setting next_dagrun for example_sensors to None, run_after=None
[2025-02-07T13:28:56.928+0000] {processor.py:208} INFO - Processing /opt/conda/lib/python3.12/site-packages/airflow/example_dags/example_sensors.py took 0.185 seconds
[2025-02-07T13:30:09.667+0000] {processor.py:186} INFO - Started process (PID=431) to work on /opt/conda/lib/python3.12/site-packages/airflow/example_dags/example_sensors.py
[2025-02-07T13:30:09.669+0000] {processor.py:914} INFO - Processing file /opt/conda/lib/python3.12/site-packages/airflow/example_dags/example_sensors.py for tasks to queue
[2025-02-07T13:30:09.670+0000] {logging_mixin.py:190} INFO - [2025-02-07T13:30:09.670+0000] {dagbag.py:588} INFO - Filling up the DagBag from /opt/conda/lib/python3.12/site-packages/airflow/example_dags/example_sensors.py
[2025-02-07T13:30:09.678+0000] {processor.py:925} INFO - DAG(s) 'example_sensors' retrieved from /opt/conda/lib/python3.12/site-packages/airflow/example_dags/example_sensors.py
[2025-02-07T13:30:09.691+0000] {logging_mixin.py:190} INFO - [2025-02-07T13:30:09.691+0000] {dag.py:3239} INFO - Sync 1 DAGs
[2025-02-07T13:30:09.698+0000] {logging_mixin.py:190} INFO - [2025-02-07T13:30:09.698+0000] {dag.py:4180} INFO - Setting next_dagrun for example_sensors to None, run_after=None
[2025-02-07T13:30:09.710+0000] {processor.py:208} INFO - Processing /opt/conda/lib/python3.12/site-packages/airflow/example_dags/example_sensors.py took 0.058 seconds
[2025-02-07T13:33:20.226+0000] {processor.py:186} INFO - Started process (PID=315) to work on /opt/conda/lib/python3.12/site-packages/airflow/example_dags/example_sensors.py
[2025-02-07T13:33:20.227+0000] {processor.py:914} INFO - Processing file /opt/conda/lib/python3.12/site-packages/airflow/example_dags/example_sensors.py for tasks to queue
[2025-02-07T13:33:20.229+0000] {logging_mixin.py:190} INFO - [2025-02-07T13:33:20.229+0000] {dagbag.py:588} INFO - Filling up the DagBag from /opt/conda/lib/python3.12/site-packages/airflow/example_dags/example_sensors.py
[2025-02-07T13:33:20.237+0000] {processor.py:925} INFO - DAG(s) 'example_sensors' retrieved from /opt/conda/lib/python3.12/site-packages/airflow/example_dags/example_sensors.py
[2025-02-07T13:33:20.262+0000] {logging_mixin.py:190} INFO - [2025-02-07T13:33:20.262+0000] {dag.py:3239} INFO - Sync 1 DAGs
[2025-02-07T13:33:20.272+0000] {logging_mixin.py:190} INFO - [2025-02-07T13:33:20.272+0000] {dag.py:4180} INFO - Setting next_dagrun for example_sensors to None, run_after=None
[2025-02-07T13:33:20.296+0000] {processor.py:208} INFO - Processing /opt/conda/lib/python3.12/site-packages/airflow/example_dags/example_sensors.py took 0.079 seconds
[2025-02-07T13:35:14.264+0000] {processor.py:186} INFO - Started process (PID=205) to work on /opt/conda/lib/python3.12/site-packages/airflow/example_dags/example_sensors.py
[2025-02-07T13:35:14.265+0000] {processor.py:914} INFO - Processing file /opt/conda/lib/python3.12/site-packages/airflow/example_dags/example_sensors.py for tasks to queue
[2025-02-07T13:35:14.267+0000] {logging_mixin.py:190} INFO - [2025-02-07T13:35:14.266+0000] {dagbag.py:588} INFO - Filling up the DagBag from /opt/conda/lib/python3.12/site-packages/airflow/example_dags/example_sensors.py
[2025-02-07T13:35:14.277+0000] {processor.py:925} INFO - DAG(s) 'example_sensors' retrieved from /opt/conda/lib/python3.12/site-packages/airflow/example_dags/example_sensors.py
[2025-02-07T13:35:14.306+0000] {logging_mixin.py:190} INFO - [2025-02-07T13:35:14.306+0000] {dag.py:3239} INFO - Sync 1 DAGs
[2025-02-07T13:35:14.332+0000] {logging_mixin.py:190} INFO - [2025-02-07T13:35:14.332+0000] {dag.py:4180} INFO - Setting next_dagrun for example_sensors to None, run_after=None
[2025-02-07T13:35:14.350+0000] {processor.py:208} INFO - Processing /opt/conda/lib/python3.12/site-packages/airflow/example_dags/example_sensors.py took 0.108 seconds
[2025-02-07T13:38:21.608+0000] {processor.py:186} INFO - Started process (PID=320) to work on /opt/conda/lib/python3.12/site-packages/airflow/example_dags/example_sensors.py
[2025-02-07T13:38:21.610+0000] {processor.py:914} INFO - Processing file /opt/conda/lib/python3.12/site-packages/airflow/example_dags/example_sensors.py for tasks to queue
[2025-02-07T13:38:21.613+0000] {logging_mixin.py:190} INFO - [2025-02-07T13:38:21.612+0000] {dagbag.py:588} INFO - Filling up the DagBag from /opt/conda/lib/python3.12/site-packages/airflow/example_dags/example_sensors.py
[2025-02-07T13:38:21.623+0000] {processor.py:925} INFO - DAG(s) 'example_sensors' retrieved from /opt/conda/lib/python3.12/site-packages/airflow/example_dags/example_sensors.py
[2025-02-07T13:38:21.644+0000] {logging_mixin.py:190} INFO - [2025-02-07T13:38:21.644+0000] {dag.py:3239} INFO - Sync 1 DAGs
[2025-02-07T13:38:21.659+0000] {logging_mixin.py:190} INFO - [2025-02-07T13:38:21.659+0000] {dag.py:4180} INFO - Setting next_dagrun for example_sensors to None, run_after=None
[2025-02-07T13:38:21.676+0000] {processor.py:208} INFO - Processing /opt/conda/lib/python3.12/site-packages/airflow/example_dags/example_sensors.py took 0.077 seconds
[2025-02-07T13:39:41.865+0000] {processor.py:186} INFO - Started process (PID=498) to work on /opt/conda/lib/python3.12/site-packages/airflow/example_dags/example_sensors.py
[2025-02-07T13:39:41.866+0000] {processor.py:914} INFO - Processing file /opt/conda/lib/python3.12/site-packages/airflow/example_dags/example_sensors.py for tasks to queue
[2025-02-07T13:39:41.868+0000] {logging_mixin.py:190} INFO - [2025-02-07T13:39:41.868+0000] {dagbag.py:588} INFO - Filling up the DagBag from /opt/conda/lib/python3.12/site-packages/airflow/example_dags/example_sensors.py
[2025-02-07T13:39:41.882+0000] {processor.py:925} INFO - DAG(s) 'example_sensors' retrieved from /opt/conda/lib/python3.12/site-packages/airflow/example_dags/example_sensors.py
[2025-02-07T13:39:41.898+0000] {logging_mixin.py:190} INFO - [2025-02-07T13:39:41.897+0000] {dag.py:3239} INFO - Sync 1 DAGs
[2025-02-07T13:39:41.906+0000] {logging_mixin.py:190} INFO - [2025-02-07T13:39:41.906+0000] {dag.py:4180} INFO - Setting next_dagrun for example_sensors to None, run_after=None
[2025-02-07T13:39:41.919+0000] {processor.py:208} INFO - Processing /opt/conda/lib/python3.12/site-packages/airflow/example_dags/example_sensors.py took 0.059 seconds
[2025-02-07T13:40:39.533+0000] {processor.py:186} INFO - Started process (PID=566) to work on /opt/conda/lib/python3.12/site-packages/airflow/example_dags/example_sensors.py
[2025-02-07T13:40:39.535+0000] {processor.py:914} INFO - Processing file /opt/conda/lib/python3.12/site-packages/airflow/example_dags/example_sensors.py for tasks to queue
[2025-02-07T13:40:39.537+0000] {logging_mixin.py:190} INFO - [2025-02-07T13:40:39.536+0000] {dagbag.py:588} INFO - Filling up the DagBag from /opt/conda/lib/python3.12/site-packages/airflow/example_dags/example_sensors.py
[2025-02-07T13:40:39.546+0000] {processor.py:925} INFO - DAG(s) 'example_sensors' retrieved from /opt/conda/lib/python3.12/site-packages/airflow/example_dags/example_sensors.py
[2025-02-07T13:40:39.565+0000] {logging_mixin.py:190} INFO - [2025-02-07T13:40:39.564+0000] {dag.py:3239} INFO - Sync 1 DAGs
[2025-02-07T13:40:39.572+0000] {logging_mixin.py:190} INFO - [2025-02-07T13:40:39.572+0000] {dag.py:4180} INFO - Setting next_dagrun for example_sensors to None, run_after=None
[2025-02-07T13:40:39.587+0000] {processor.py:208} INFO - Processing /opt/conda/lib/python3.12/site-packages/airflow/example_dags/example_sensors.py took 0.061 seconds
[2025-02-07T13:41:36.862+0000] {processor.py:186} INFO - Started process (PID=633) to work on /opt/conda/lib/python3.12/site-packages/airflow/example_dags/example_sensors.py
[2025-02-07T13:41:36.864+0000] {processor.py:914} INFO - Processing file /opt/conda/lib/python3.12/site-packages/airflow/example_dags/example_sensors.py for tasks to queue
[2025-02-07T13:41:36.866+0000] {logging_mixin.py:190} INFO - [2025-02-07T13:41:36.865+0000] {dagbag.py:588} INFO - Filling up the DagBag from /opt/conda/lib/python3.12/site-packages/airflow/example_dags/example_sensors.py
[2025-02-07T13:41:36.876+0000] {processor.py:925} INFO - DAG(s) 'example_sensors' retrieved from /opt/conda/lib/python3.12/site-packages/airflow/example_dags/example_sensors.py
[2025-02-07T13:41:36.894+0000] {logging_mixin.py:190} INFO - [2025-02-07T13:41:36.894+0000] {dag.py:3239} INFO - Sync 1 DAGs
[2025-02-07T13:41:36.902+0000] {logging_mixin.py:190} INFO - [2025-02-07T13:41:36.902+0000] {dag.py:4180} INFO - Setting next_dagrun for example_sensors to None, run_after=None
[2025-02-07T13:41:36.917+0000] {processor.py:208} INFO - Processing /opt/conda/lib/python3.12/site-packages/airflow/example_dags/example_sensors.py took 0.064 seconds
[2025-02-07T13:42:44.583+0000] {processor.py:186} INFO - Started process (PID=801) to work on /opt/conda/lib/python3.12/site-packages/airflow/example_dags/example_sensors.py
[2025-02-07T13:42:44.584+0000] {processor.py:914} INFO - Processing file /opt/conda/lib/python3.12/site-packages/airflow/example_dags/example_sensors.py for tasks to queue
[2025-02-07T13:42:44.586+0000] {logging_mixin.py:190} INFO - [2025-02-07T13:42:44.586+0000] {dagbag.py:588} INFO - Filling up the DagBag from /opt/conda/lib/python3.12/site-packages/airflow/example_dags/example_sensors.py
[2025-02-07T13:42:44.596+0000] {processor.py:925} INFO - DAG(s) 'example_sensors' retrieved from /opt/conda/lib/python3.12/site-packages/airflow/example_dags/example_sensors.py
[2025-02-07T13:42:44.612+0000] {logging_mixin.py:190} INFO - [2025-02-07T13:42:44.612+0000] {dag.py:3239} INFO - Sync 1 DAGs
[2025-02-07T13:42:44.620+0000] {logging_mixin.py:190} INFO - [2025-02-07T13:42:44.620+0000] {dag.py:4180} INFO - Setting next_dagrun for example_sensors to None, run_after=None
[2025-02-07T13:42:44.634+0000] {processor.py:208} INFO - Processing /opt/conda/lib/python3.12/site-packages/airflow/example_dags/example_sensors.py took 0.058 seconds
[2025-02-07T13:43:47.445+0000] {processor.py:186} INFO - Started process (PID=874) to work on /opt/conda/lib/python3.12/site-packages/airflow/example_dags/example_sensors.py
[2025-02-07T13:43:47.446+0000] {processor.py:914} INFO - Processing file /opt/conda/lib/python3.12/site-packages/airflow/example_dags/example_sensors.py for tasks to queue
[2025-02-07T13:43:47.449+0000] {logging_mixin.py:190} INFO - [2025-02-07T13:43:47.448+0000] {dagbag.py:588} INFO - Filling up the DagBag from /opt/conda/lib/python3.12/site-packages/airflow/example_dags/example_sensors.py
[2025-02-07T13:43:47.457+0000] {processor.py:925} INFO - DAG(s) 'example_sensors' retrieved from /opt/conda/lib/python3.12/site-packages/airflow/example_dags/example_sensors.py
[2025-02-07T13:43:47.472+0000] {logging_mixin.py:190} INFO - [2025-02-07T13:43:47.472+0000] {dag.py:3239} INFO - Sync 1 DAGs
[2025-02-07T13:43:47.480+0000] {logging_mixin.py:190} INFO - [2025-02-07T13:43:47.480+0000] {dag.py:4180} INFO - Setting next_dagrun for example_sensors to None, run_after=None
[2025-02-07T13:43:47.505+0000] {processor.py:208} INFO - Processing /opt/conda/lib/python3.12/site-packages/airflow/example_dags/example_sensors.py took 0.067 seconds
[2025-02-07T13:45:42.579+0000] {processor.py:186} INFO - Started process (PID=1176) to work on /opt/conda/lib/python3.12/site-packages/airflow/example_dags/example_sensors.py
[2025-02-07T13:45:42.581+0000] {processor.py:914} INFO - Processing file /opt/conda/lib/python3.12/site-packages/airflow/example_dags/example_sensors.py for tasks to queue
[2025-02-07T13:45:42.586+0000] {logging_mixin.py:190} INFO - [2025-02-07T13:45:42.585+0000] {dagbag.py:588} INFO - Filling up the DagBag from /opt/conda/lib/python3.12/site-packages/airflow/example_dags/example_sensors.py
[2025-02-07T13:45:42.600+0000] {processor.py:925} INFO - DAG(s) 'example_sensors' retrieved from /opt/conda/lib/python3.12/site-packages/airflow/example_dags/example_sensors.py
[2025-02-07T13:45:42.617+0000] {logging_mixin.py:190} INFO - [2025-02-07T13:45:42.617+0000] {dag.py:3239} INFO - Sync 1 DAGs
[2025-02-07T13:45:42.636+0000] {logging_mixin.py:190} INFO - [2025-02-07T13:45:42.635+0000] {dag.py:4180} INFO - Setting next_dagrun for example_sensors to None, run_after=None
[2025-02-07T13:45:42.700+0000] {processor.py:208} INFO - Processing /opt/conda/lib/python3.12/site-packages/airflow/example_dags/example_sensors.py took 0.130 seconds
[2025-02-07T14:05:15.517+0000] {processor.py:186} INFO - Started process (PID=1756) to work on /opt/conda/lib/python3.12/site-packages/airflow/example_dags/example_sensors.py
[2025-02-07T14:05:15.518+0000] {processor.py:914} INFO - Processing file /opt/conda/lib/python3.12/site-packages/airflow/example_dags/example_sensors.py for tasks to queue
[2025-02-07T14:05:15.519+0000] {logging_mixin.py:190} INFO - [2025-02-07T14:05:15.518+0000] {dagbag.py:588} INFO - Filling up the DagBag from /opt/conda/lib/python3.12/site-packages/airflow/example_dags/example_sensors.py
[2025-02-07T14:05:15.527+0000] {processor.py:925} INFO - DAG(s) 'example_sensors' retrieved from /opt/conda/lib/python3.12/site-packages/airflow/example_dags/example_sensors.py
[2025-02-07T14:05:15.547+0000] {logging_mixin.py:190} INFO - [2025-02-07T14:05:15.547+0000] {dag.py:3239} INFO - Sync 1 DAGs
[2025-02-07T14:05:15.554+0000] {logging_mixin.py:190} INFO - [2025-02-07T14:05:15.554+0000] {dag.py:4180} INFO - Setting next_dagrun for example_sensors to None, run_after=None
[2025-02-07T14:05:15.566+0000] {processor.py:208} INFO - Processing /opt/conda/lib/python3.12/site-packages/airflow/example_dags/example_sensors.py took 0.054 seconds
[2025-02-07T14:06:18.207+0000] {processor.py:186} INFO - Started process (PID=1824) to work on /opt/conda/lib/python3.12/site-packages/airflow/example_dags/example_sensors.py
[2025-02-07T14:06:18.208+0000] {processor.py:914} INFO - Processing file /opt/conda/lib/python3.12/site-packages/airflow/example_dags/example_sensors.py for tasks to queue
[2025-02-07T14:06:18.209+0000] {logging_mixin.py:190} INFO - [2025-02-07T14:06:18.209+0000] {dagbag.py:588} INFO - Filling up the DagBag from /opt/conda/lib/python3.12/site-packages/airflow/example_dags/example_sensors.py
[2025-02-07T14:06:18.218+0000] {processor.py:925} INFO - DAG(s) 'example_sensors' retrieved from /opt/conda/lib/python3.12/site-packages/airflow/example_dags/example_sensors.py
[2025-02-07T14:06:18.238+0000] {logging_mixin.py:190} INFO - [2025-02-07T14:06:18.238+0000] {dag.py:3239} INFO - Sync 1 DAGs
[2025-02-07T14:06:18.246+0000] {logging_mixin.py:190} INFO - [2025-02-07T14:06:18.246+0000] {dag.py:4180} INFO - Setting next_dagrun for example_sensors to None, run_after=None
[2025-02-07T14:06:18.277+0000] {processor.py:208} INFO - Processing /opt/conda/lib/python3.12/site-packages/airflow/example_dags/example_sensors.py took 0.082 seconds
[2025-02-07T14:07:41.171+0000] {processor.py:186} INFO - Started process (PID=2012) to work on /opt/conda/lib/python3.12/site-packages/airflow/example_dags/example_sensors.py
[2025-02-07T14:07:41.175+0000] {processor.py:914} INFO - Processing file /opt/conda/lib/python3.12/site-packages/airflow/example_dags/example_sensors.py for tasks to queue
[2025-02-07T14:07:41.176+0000] {logging_mixin.py:190} INFO - [2025-02-07T14:07:41.176+0000] {dagbag.py:588} INFO - Filling up the DagBag from /opt/conda/lib/python3.12/site-packages/airflow/example_dags/example_sensors.py
[2025-02-07T14:07:41.184+0000] {processor.py:925} INFO - DAG(s) 'example_sensors' retrieved from /opt/conda/lib/python3.12/site-packages/airflow/example_dags/example_sensors.py
[2025-02-07T14:07:41.203+0000] {logging_mixin.py:190} INFO - [2025-02-07T14:07:41.203+0000] {dag.py:3239} INFO - Sync 1 DAGs
[2025-02-07T14:07:41.210+0000] {logging_mixin.py:190} INFO - [2025-02-07T14:07:41.210+0000] {dag.py:4180} INFO - Setting next_dagrun for example_sensors to None, run_after=None
[2025-02-07T14:07:41.230+0000] {processor.py:208} INFO - Processing /opt/conda/lib/python3.12/site-packages/airflow/example_dags/example_sensors.py took 0.076 seconds
