[2025-02-07T12:06:12.162+0000] {processor.py:186} INFO - Started process (PID=1123) to work on /opt/conda/lib/python3.12/site-packages/airflow/example_dags/example_workday_timetable.py
[2025-02-07T12:06:12.164+0000] {processor.py:914} INFO - Processing file /opt/conda/lib/python3.12/site-packages/airflow/example_dags/example_workday_timetable.py for tasks to queue
[2025-02-07T12:06:12.166+0000] {logging_mixin.py:190} INFO - [2025-02-07T12:06:12.165+0000] {dagbag.py:588} INFO - Filling up the DagBag from /opt/conda/lib/python3.12/site-packages/airflow/example_dags/example_workday_timetable.py
[2025-02-07T12:06:12.173+0000] {processor.py:925} INFO - DAG(s) 'example_workday_timetable' retrieved from /opt/conda/lib/python3.12/site-packages/airflow/example_dags/example_workday_timetable.py
[2025-02-07T12:06:12.193+0000] {logging_mixin.py:190} INFO - [2025-02-07T12:06:12.193+0000] {dag.py:3239} INFO - Sync 1 DAGs
[2025-02-07T12:06:12.295+0000] {logging_mixin.py:190} INFO - [2025-02-07T12:06:12.295+0000] {dag.py:4180} INFO - Setting next_dagrun for example_workday_timetable to 2021-01-04 00:00:00+00:00, run_after=2021-01-05 00:00:00+00:00
[2025-02-07T12:06:12.325+0000] {processor.py:208} INFO - Processing /opt/conda/lib/python3.12/site-packages/airflow/example_dags/example_workday_timetable.py took 0.168 seconds
[2025-02-07T12:18:16.545+0000] {processor.py:186} INFO - Started process (PID=4777) to work on /opt/conda/lib/python3.12/site-packages/airflow/example_dags/example_workday_timetable.py
[2025-02-07T12:18:16.549+0000] {processor.py:914} INFO - Processing file /opt/conda/lib/python3.12/site-packages/airflow/example_dags/example_workday_timetable.py for tasks to queue
[2025-02-07T12:18:16.564+0000] {logging_mixin.py:190} INFO - [2025-02-07T12:18:16.562+0000] {dagbag.py:588} INFO - Filling up the DagBag from /opt/conda/lib/python3.12/site-packages/airflow/example_dags/example_workday_timetable.py
[2025-02-07T12:18:16.575+0000] {processor.py:925} INFO - DAG(s) 'example_workday_timetable' retrieved from /opt/conda/lib/python3.12/site-packages/airflow/example_dags/example_workday_timetable.py
[2025-02-07T12:18:16.595+0000] {logging_mixin.py:190} INFO - [2025-02-07T12:18:16.595+0000] {dag.py:3239} INFO - Sync 1 DAGs
[2025-02-07T12:18:16.665+0000] {logging_mixin.py:190} INFO - [2025-02-07T12:18:16.665+0000] {dag.py:4180} INFO - Setting next_dagrun for example_workday_timetable to 2021-01-04 00:00:00+00:00, run_after=2021-01-05 00:00:00+00:00
[2025-02-07T12:18:16.682+0000] {processor.py:208} INFO - Processing /opt/conda/lib/python3.12/site-packages/airflow/example_dags/example_workday_timetable.py took 0.149 seconds
[2025-02-07T12:30:39.350+0000] {processor.py:186} INFO - Started process (PID=1415) to work on /opt/conda/lib/python3.12/site-packages/airflow/example_dags/example_workday_timetable.py
[2025-02-07T12:30:39.352+0000] {processor.py:914} INFO - Processing file /opt/conda/lib/python3.12/site-packages/airflow/example_dags/example_workday_timetable.py for tasks to queue
[2025-02-07T12:30:39.353+0000] {logging_mixin.py:190} INFO - [2025-02-07T12:30:39.353+0000] {dagbag.py:588} INFO - Filling up the DagBag from /opt/conda/lib/python3.12/site-packages/airflow/example_dags/example_workday_timetable.py
[2025-02-07T12:30:39.358+0000] {processor.py:925} INFO - DAG(s) 'example_workday_timetable' retrieved from /opt/conda/lib/python3.12/site-packages/airflow/example_dags/example_workday_timetable.py
[2025-02-07T12:30:39.379+0000] {logging_mixin.py:190} INFO - [2025-02-07T12:30:39.379+0000] {dag.py:3239} INFO - Sync 1 DAGs
[2025-02-07T12:30:39.441+0000] {logging_mixin.py:190} INFO - [2025-02-07T12:30:39.440+0000] {dag.py:4180} INFO - Setting next_dagrun for example_workday_timetable to 2021-01-04 00:00:00+00:00, run_after=2021-01-05 00:00:00+00:00
[2025-02-07T12:30:39.461+0000] {processor.py:208} INFO - Processing /opt/conda/lib/python3.12/site-packages/airflow/example_dags/example_workday_timetable.py took 0.118 seconds
[2025-02-07T12:32:34.512+0000] {processor.py:186} INFO - Started process (PID=110) to work on /opt/conda/lib/python3.12/site-packages/airflow/example_dags/example_workday_timetable.py
[2025-02-07T12:32:34.515+0000] {processor.py:914} INFO - Processing file /opt/conda/lib/python3.12/site-packages/airflow/example_dags/example_workday_timetable.py for tasks to queue
[2025-02-07T12:32:34.520+0000] {logging_mixin.py:190} INFO - [2025-02-07T12:32:34.519+0000] {dagbag.py:588} INFO - Filling up the DagBag from /opt/conda/lib/python3.12/site-packages/airflow/example_dags/example_workday_timetable.py
[2025-02-07T12:32:34.532+0000] {processor.py:925} INFO - DAG(s) 'example_workday_timetable' retrieved from /opt/conda/lib/python3.12/site-packages/airflow/example_dags/example_workday_timetable.py
[2025-02-07T12:32:34.562+0000] {logging_mixin.py:190} INFO - [2025-02-07T12:32:34.562+0000] {dag.py:3239} INFO - Sync 1 DAGs
[2025-02-07T12:32:34.656+0000] {logging_mixin.py:190} INFO - [2025-02-07T12:32:34.656+0000] {dag.py:4180} INFO - Setting next_dagrun for example_workday_timetable to 2021-01-04 00:00:00+00:00, run_after=2021-01-05 00:00:00+00:00
[2025-02-07T12:32:34.683+0000] {processor.py:208} INFO - Processing /opt/conda/lib/python3.12/site-packages/airflow/example_dags/example_workday_timetable.py took 0.190 seconds
[2025-02-07T12:36:22.670+0000] {processor.py:186} INFO - Started process (PID=88) to work on /opt/conda/lib/python3.12/site-packages/airflow/example_dags/example_workday_timetable.py
[2025-02-07T12:36:22.673+0000] {processor.py:914} INFO - Processing file /opt/conda/lib/python3.12/site-packages/airflow/example_dags/example_workday_timetable.py for tasks to queue
[2025-02-07T12:36:22.686+0000] {logging_mixin.py:190} INFO - [2025-02-07T12:36:22.685+0000] {dagbag.py:588} INFO - Filling up the DagBag from /opt/conda/lib/python3.12/site-packages/airflow/example_dags/example_workday_timetable.py
[2025-02-07T12:36:22.713+0000] {processor.py:925} INFO - DAG(s) 'example_workday_timetable' retrieved from /opt/conda/lib/python3.12/site-packages/airflow/example_dags/example_workday_timetable.py
[2025-02-07T12:36:22.843+0000] {logging_mixin.py:190} INFO - [2025-02-07T12:36:22.843+0000] {dag.py:3239} INFO - Sync 1 DAGs
[2025-02-07T12:36:23.102+0000] {logging_mixin.py:190} INFO - [2025-02-07T12:36:23.101+0000] {dag.py:4180} INFO - Setting next_dagrun for example_workday_timetable to 2021-01-04 00:00:00+00:00, run_after=2021-01-05 00:00:00+00:00
[2025-02-07T12:36:23.176+0000] {processor.py:208} INFO - Processing /opt/conda/lib/python3.12/site-packages/airflow/example_dags/example_workday_timetable.py took 0.568 seconds
[2025-02-07T12:37:33.868+0000] {processor.py:186} INFO - Started process (PID=156) to work on /opt/conda/lib/python3.12/site-packages/airflow/example_dags/example_workday_timetable.py
[2025-02-07T12:37:33.870+0000] {processor.py:914} INFO - Processing file /opt/conda/lib/python3.12/site-packages/airflow/example_dags/example_workday_timetable.py for tasks to queue
[2025-02-07T12:37:33.871+0000] {logging_mixin.py:190} INFO - [2025-02-07T12:37:33.871+0000] {dagbag.py:588} INFO - Filling up the DagBag from /opt/conda/lib/python3.12/site-packages/airflow/example_dags/example_workday_timetable.py
[2025-02-07T12:37:33.877+0000] {processor.py:925} INFO - DAG(s) 'example_workday_timetable' retrieved from /opt/conda/lib/python3.12/site-packages/airflow/example_dags/example_workday_timetable.py
[2025-02-07T12:37:33.889+0000] {logging_mixin.py:190} INFO - [2025-02-07T12:37:33.888+0000] {dag.py:3239} INFO - Sync 1 DAGs
[2025-02-07T12:37:33.951+0000] {logging_mixin.py:190} INFO - [2025-02-07T12:37:33.951+0000] {dag.py:4180} INFO - Setting next_dagrun for example_workday_timetable to 2021-01-04 00:00:00+00:00, run_after=2021-01-05 00:00:00+00:00
[2025-02-07T12:37:33.967+0000] {processor.py:208} INFO - Processing /opt/conda/lib/python3.12/site-packages/airflow/example_dags/example_workday_timetable.py took 0.103 seconds
[2025-02-07T12:38:36.547+0000] {processor.py:186} INFO - Started process (PID=226) to work on /opt/conda/lib/python3.12/site-packages/airflow/example_dags/example_workday_timetable.py
[2025-02-07T12:38:36.548+0000] {processor.py:914} INFO - Processing file /opt/conda/lib/python3.12/site-packages/airflow/example_dags/example_workday_timetable.py for tasks to queue
[2025-02-07T12:38:36.550+0000] {logging_mixin.py:190} INFO - [2025-02-07T12:38:36.550+0000] {dagbag.py:588} INFO - Filling up the DagBag from /opt/conda/lib/python3.12/site-packages/airflow/example_dags/example_workday_timetable.py
[2025-02-07T12:38:36.555+0000] {processor.py:925} INFO - DAG(s) 'example_workday_timetable' retrieved from /opt/conda/lib/python3.12/site-packages/airflow/example_dags/example_workday_timetable.py
[2025-02-07T12:38:36.567+0000] {logging_mixin.py:190} INFO - [2025-02-07T12:38:36.567+0000] {dag.py:3239} INFO - Sync 1 DAGs
[2025-02-07T12:38:36.602+0000] {logging_mixin.py:190} INFO - [2025-02-07T12:38:36.601+0000] {dag.py:4180} INFO - Setting next_dagrun for example_workday_timetable to 2021-01-04 00:00:00+00:00, run_after=2021-01-05 00:00:00+00:00
[2025-02-07T12:38:36.615+0000] {processor.py:208} INFO - Processing /opt/conda/lib/python3.12/site-packages/airflow/example_dags/example_workday_timetable.py took 0.073 seconds
[2025-02-07T12:39:33.849+0000] {processor.py:186} INFO - Started process (PID=294) to work on /opt/conda/lib/python3.12/site-packages/airflow/example_dags/example_workday_timetable.py
[2025-02-07T12:39:33.850+0000] {processor.py:914} INFO - Processing file /opt/conda/lib/python3.12/site-packages/airflow/example_dags/example_workday_timetable.py for tasks to queue
[2025-02-07T12:39:33.852+0000] {logging_mixin.py:190} INFO - [2025-02-07T12:39:33.852+0000] {dagbag.py:588} INFO - Filling up the DagBag from /opt/conda/lib/python3.12/site-packages/airflow/example_dags/example_workday_timetable.py
[2025-02-07T12:39:33.857+0000] {processor.py:925} INFO - DAG(s) 'example_workday_timetable' retrieved from /opt/conda/lib/python3.12/site-packages/airflow/example_dags/example_workday_timetable.py
[2025-02-07T12:39:33.868+0000] {logging_mixin.py:190} INFO - [2025-02-07T12:39:33.868+0000] {dag.py:3239} INFO - Sync 1 DAGs
[2025-02-07T12:39:33.902+0000] {logging_mixin.py:190} INFO - [2025-02-07T12:39:33.902+0000] {dag.py:4180} INFO - Setting next_dagrun for example_workday_timetable to 2021-01-04 00:00:00+00:00, run_after=2021-01-05 00:00:00+00:00
[2025-02-07T12:39:33.917+0000] {processor.py:208} INFO - Processing /opt/conda/lib/python3.12/site-packages/airflow/example_dags/example_workday_timetable.py took 0.072 seconds
[2025-02-07T12:40:30.488+0000] {processor.py:186} INFO - Started process (PID=351) to work on /opt/conda/lib/python3.12/site-packages/airflow/example_dags/example_workday_timetable.py
[2025-02-07T12:40:30.489+0000] {processor.py:914} INFO - Processing file /opt/conda/lib/python3.12/site-packages/airflow/example_dags/example_workday_timetable.py for tasks to queue
[2025-02-07T12:40:30.491+0000] {logging_mixin.py:190} INFO - [2025-02-07T12:40:30.491+0000] {dagbag.py:588} INFO - Filling up the DagBag from /opt/conda/lib/python3.12/site-packages/airflow/example_dags/example_workday_timetable.py
[2025-02-07T12:40:30.496+0000] {processor.py:925} INFO - DAG(s) 'example_workday_timetable' retrieved from /opt/conda/lib/python3.12/site-packages/airflow/example_dags/example_workday_timetable.py
[2025-02-07T12:40:30.508+0000] {logging_mixin.py:190} INFO - [2025-02-07T12:40:30.508+0000] {dag.py:3239} INFO - Sync 1 DAGs
[2025-02-07T12:40:30.552+0000] {logging_mixin.py:190} INFO - [2025-02-07T12:40:30.552+0000] {dag.py:4180} INFO - Setting next_dagrun for example_workday_timetable to 2021-01-04 00:00:00+00:00, run_after=2021-01-05 00:00:00+00:00
[2025-02-07T12:40:30.566+0000] {processor.py:208} INFO - Processing /opt/conda/lib/python3.12/site-packages/airflow/example_dags/example_workday_timetable.py took 0.083 seconds
[2025-02-07T12:42:44.919+0000] {processor.py:186} INFO - Started process (PID=991) to work on /opt/conda/lib/python3.12/site-packages/airflow/example_dags/example_workday_timetable.py
[2025-02-07T12:42:44.920+0000] {processor.py:914} INFO - Processing file /opt/conda/lib/python3.12/site-packages/airflow/example_dags/example_workday_timetable.py for tasks to queue
[2025-02-07T12:42:44.923+0000] {logging_mixin.py:190} INFO - [2025-02-07T12:42:44.923+0000] {dagbag.py:588} INFO - Filling up the DagBag from /opt/conda/lib/python3.12/site-packages/airflow/example_dags/example_workday_timetable.py
[2025-02-07T12:42:44.950+0000] {processor.py:925} INFO - DAG(s) 'example_workday_timetable' retrieved from /opt/conda/lib/python3.12/site-packages/airflow/example_dags/example_workday_timetable.py
[2025-02-07T12:42:44.969+0000] {logging_mixin.py:190} INFO - [2025-02-07T12:42:44.969+0000] {dag.py:3239} INFO - Sync 1 DAGs
[2025-02-07T12:42:45.028+0000] {logging_mixin.py:190} INFO - [2025-02-07T12:42:45.028+0000] {dag.py:4180} INFO - Setting next_dagrun for example_workday_timetable to 2021-01-04 00:00:00+00:00, run_after=2021-01-05 00:00:00+00:00
[2025-02-07T12:42:45.047+0000] {processor.py:208} INFO - Processing /opt/conda/lib/python3.12/site-packages/airflow/example_dags/example_workday_timetable.py took 0.133 seconds
[2025-02-07T12:47:52.608+0000] {processor.py:186} INFO - Started process (PID=3124) to work on /opt/conda/lib/python3.12/site-packages/airflow/example_dags/example_workday_timetable.py
[2025-02-07T12:47:52.610+0000] {processor.py:914} INFO - Processing file /opt/conda/lib/python3.12/site-packages/airflow/example_dags/example_workday_timetable.py for tasks to queue
[2025-02-07T12:47:52.614+0000] {logging_mixin.py:190} INFO - [2025-02-07T12:47:52.613+0000] {dagbag.py:588} INFO - Filling up the DagBag from /opt/conda/lib/python3.12/site-packages/airflow/example_dags/example_workday_timetable.py
[2025-02-07T12:47:52.623+0000] {processor.py:925} INFO - DAG(s) 'example_workday_timetable' retrieved from /opt/conda/lib/python3.12/site-packages/airflow/example_dags/example_workday_timetable.py
[2025-02-07T12:47:52.637+0000] {logging_mixin.py:190} INFO - [2025-02-07T12:47:52.637+0000] {dag.py:3239} INFO - Sync 1 DAGs
[2025-02-07T12:47:52.776+0000] {logging_mixin.py:190} INFO - [2025-02-07T12:47:52.776+0000] {dag.py:4180} INFO - Setting next_dagrun for example_workday_timetable to 2021-01-04 00:00:00+00:00, run_after=2021-01-05 00:00:00+00:00
[2025-02-07T12:47:52.796+0000] {processor.py:208} INFO - Processing /opt/conda/lib/python3.12/site-packages/airflow/example_dags/example_workday_timetable.py took 0.198 seconds
[2025-02-07T12:56:17.113+0000] {processor.py:186} INFO - Started process (PID=6700) to work on /opt/conda/lib/python3.12/site-packages/airflow/example_dags/example_workday_timetable.py
[2025-02-07T12:56:17.116+0000] {processor.py:914} INFO - Processing file /opt/conda/lib/python3.12/site-packages/airflow/example_dags/example_workday_timetable.py for tasks to queue
[2025-02-07T12:56:17.147+0000] {logging_mixin.py:190} INFO - [2025-02-07T12:56:17.145+0000] {dagbag.py:588} INFO - Filling up the DagBag from /opt/conda/lib/python3.12/site-packages/airflow/example_dags/example_workday_timetable.py
[2025-02-07T12:56:17.184+0000] {processor.py:925} INFO - DAG(s) 'example_workday_timetable' retrieved from /opt/conda/lib/python3.12/site-packages/airflow/example_dags/example_workday_timetable.py
[2025-02-07T12:56:17.235+0000] {logging_mixin.py:190} INFO - [2025-02-07T12:56:17.235+0000] {dag.py:3239} INFO - Sync 1 DAGs
[2025-02-07T12:56:17.306+0000] {logging_mixin.py:190} INFO - [2025-02-07T12:56:17.306+0000] {dag.py:4180} INFO - Setting next_dagrun for example_workday_timetable to 2021-01-04 00:00:00+00:00, run_after=2021-01-05 00:00:00+00:00
[2025-02-07T12:56:17.342+0000] {processor.py:208} INFO - Processing /opt/conda/lib/python3.12/site-packages/airflow/example_dags/example_workday_timetable.py took 0.251 seconds
[2025-02-07T13:03:59.787+0000] {processor.py:186} INFO - Started process (PID=824) to work on /opt/conda/lib/python3.12/site-packages/airflow/example_dags/example_workday_timetable.py
[2025-02-07T13:03:59.788+0000] {processor.py:914} INFO - Processing file /opt/conda/lib/python3.12/site-packages/airflow/example_dags/example_workday_timetable.py for tasks to queue
[2025-02-07T13:03:59.789+0000] {logging_mixin.py:190} INFO - [2025-02-07T13:03:59.789+0000] {dagbag.py:588} INFO - Filling up the DagBag from /opt/conda/lib/python3.12/site-packages/airflow/example_dags/example_workday_timetable.py
[2025-02-07T13:03:59.793+0000] {processor.py:925} INFO - DAG(s) 'example_workday_timetable' retrieved from /opt/conda/lib/python3.12/site-packages/airflow/example_dags/example_workday_timetable.py
[2025-02-07T13:03:59.809+0000] {logging_mixin.py:190} INFO - [2025-02-07T13:03:59.809+0000] {dag.py:3239} INFO - Sync 1 DAGs
[2025-02-07T13:03:59.869+0000] {logging_mixin.py:190} INFO - [2025-02-07T13:03:59.869+0000] {dag.py:4180} INFO - Setting next_dagrun for example_workday_timetable to 2021-01-04 00:00:00+00:00, run_after=2021-01-05 00:00:00+00:00
[2025-02-07T13:03:59.884+0000] {processor.py:208} INFO - Processing /opt/conda/lib/python3.12/site-packages/airflow/example_dags/example_workday_timetable.py took 0.100 seconds
[2025-02-07T13:06:53.881+0000] {processor.py:186} INFO - Started process (PID=374) to work on /opt/conda/lib/python3.12/site-packages/airflow/example_dags/example_workday_timetable.py
[2025-02-07T13:06:53.883+0000] {processor.py:914} INFO - Processing file /opt/conda/lib/python3.12/site-packages/airflow/example_dags/example_workday_timetable.py for tasks to queue
[2025-02-07T13:06:53.887+0000] {logging_mixin.py:190} INFO - [2025-02-07T13:06:53.887+0000] {dagbag.py:588} INFO - Filling up the DagBag from /opt/conda/lib/python3.12/site-packages/airflow/example_dags/example_workday_timetable.py
[2025-02-07T13:06:53.900+0000] {processor.py:925} INFO - DAG(s) 'example_workday_timetable' retrieved from /opt/conda/lib/python3.12/site-packages/airflow/example_dags/example_workday_timetable.py
[2025-02-07T13:06:53.976+0000] {logging_mixin.py:190} INFO - [2025-02-07T13:06:53.976+0000] {dag.py:3239} INFO - Sync 1 DAGs
[2025-02-07T13:06:54.161+0000] {logging_mixin.py:190} INFO - [2025-02-07T13:06:54.161+0000] {dag.py:4180} INFO - Setting next_dagrun for example_workday_timetable to 2021-01-04 00:00:00+00:00, run_after=2021-01-05 00:00:00+00:00
[2025-02-07T13:06:54.205+0000] {processor.py:208} INFO - Processing /opt/conda/lib/python3.12/site-packages/airflow/example_dags/example_workday_timetable.py took 0.332 seconds
[2025-02-07T13:25:08.035+0000] {processor.py:186} INFO - Started process (PID=506) to work on /opt/conda/lib/python3.12/site-packages/airflow/example_dags/example_workday_timetable.py
[2025-02-07T13:25:08.039+0000] {processor.py:914} INFO - Processing file /opt/conda/lib/python3.12/site-packages/airflow/example_dags/example_workday_timetable.py for tasks to queue
[2025-02-07T13:25:08.044+0000] {logging_mixin.py:190} INFO - [2025-02-07T13:25:08.042+0000] {dagbag.py:588} INFO - Filling up the DagBag from /opt/conda/lib/python3.12/site-packages/airflow/example_dags/example_workday_timetable.py
[2025-02-07T13:25:08.066+0000] {processor.py:925} INFO - DAG(s) 'example_workday_timetable' retrieved from /opt/conda/lib/python3.12/site-packages/airflow/example_dags/example_workday_timetable.py
[2025-02-07T13:25:08.502+0000] {logging_mixin.py:190} INFO - [2025-02-07T13:25:08.501+0000] {dag.py:3239} INFO - Sync 1 DAGs
[2025-02-07T13:25:08.807+0000] {logging_mixin.py:190} INFO - [2025-02-07T13:25:08.807+0000] {dag.py:4180} INFO - Setting next_dagrun for example_workday_timetable to 2021-01-04 00:00:00+00:00, run_after=2021-01-05 00:00:00+00:00
[2025-02-07T13:25:08.856+0000] {processor.py:208} INFO - Processing /opt/conda/lib/python3.12/site-packages/airflow/example_dags/example_workday_timetable.py took 0.897 seconds
[2025-02-07T13:27:10.049+0000] {processor.py:186} INFO - Started process (PID=183) to work on /opt/conda/lib/python3.12/site-packages/airflow/example_dags/example_workday_timetable.py
[2025-02-07T13:27:10.054+0000] {processor.py:914} INFO - Processing file /opt/conda/lib/python3.12/site-packages/airflow/example_dags/example_workday_timetable.py for tasks to queue
[2025-02-07T13:27:10.064+0000] {logging_mixin.py:190} INFO - [2025-02-07T13:27:10.063+0000] {dagbag.py:588} INFO - Filling up the DagBag from /opt/conda/lib/python3.12/site-packages/airflow/example_dags/example_workday_timetable.py
[2025-02-07T13:27:10.074+0000] {processor.py:925} INFO - DAG(s) 'example_workday_timetable' retrieved from /opt/conda/lib/python3.12/site-packages/airflow/example_dags/example_workday_timetable.py
[2025-02-07T13:27:10.324+0000] {logging_mixin.py:190} INFO - [2025-02-07T13:27:10.324+0000] {dag.py:3239} INFO - Sync 1 DAGs
[2025-02-07T13:27:10.426+0000] {logging_mixin.py:190} INFO - [2025-02-07T13:27:10.425+0000] {dag.py:4180} INFO - Setting next_dagrun for example_workday_timetable to 2021-01-04 00:00:00+00:00, run_after=2021-01-05 00:00:00+00:00
[2025-02-07T13:27:10.448+0000] {processor.py:208} INFO - Processing /opt/conda/lib/python3.12/site-packages/airflow/example_dags/example_workday_timetable.py took 0.416 seconds
[2025-02-07T13:28:41.387+0000] {processor.py:186} INFO - Started process (PID=336) to work on /opt/conda/lib/python3.12/site-packages/airflow/example_dags/example_workday_timetable.py
[2025-02-07T13:28:41.389+0000] {processor.py:914} INFO - Processing file /opt/conda/lib/python3.12/site-packages/airflow/example_dags/example_workday_timetable.py for tasks to queue
[2025-02-07T13:28:41.390+0000] {logging_mixin.py:190} INFO - [2025-02-07T13:28:41.390+0000] {dagbag.py:588} INFO - Filling up the DagBag from /opt/conda/lib/python3.12/site-packages/airflow/example_dags/example_workday_timetable.py
[2025-02-07T13:28:41.395+0000] {processor.py:925} INFO - DAG(s) 'example_workday_timetable' retrieved from /opt/conda/lib/python3.12/site-packages/airflow/example_dags/example_workday_timetable.py
[2025-02-07T13:28:41.412+0000] {logging_mixin.py:190} INFO - [2025-02-07T13:28:41.412+0000] {dag.py:3239} INFO - Sync 1 DAGs
[2025-02-07T13:28:41.555+0000] {logging_mixin.py:190} INFO - [2025-02-07T13:28:41.555+0000] {dag.py:4180} INFO - Setting next_dagrun for example_workday_timetable to 2021-01-04 00:00:00+00:00, run_after=2021-01-05 00:00:00+00:00
[2025-02-07T13:28:41.587+0000] {processor.py:208} INFO - Processing /opt/conda/lib/python3.12/site-packages/airflow/example_dags/example_workday_timetable.py took 0.236 seconds
[2025-02-07T13:29:59.990+0000] {processor.py:186} INFO - Started process (PID=421) to work on /opt/conda/lib/python3.12/site-packages/airflow/example_dags/example_workday_timetable.py
[2025-02-07T13:29:59.991+0000] {processor.py:914} INFO - Processing file /opt/conda/lib/python3.12/site-packages/airflow/example_dags/example_workday_timetable.py for tasks to queue
[2025-02-07T13:29:59.993+0000] {logging_mixin.py:190} INFO - [2025-02-07T13:29:59.993+0000] {dagbag.py:588} INFO - Filling up the DagBag from /opt/conda/lib/python3.12/site-packages/airflow/example_dags/example_workday_timetable.py
[2025-02-07T13:30:00.001+0000] {processor.py:925} INFO - DAG(s) 'example_workday_timetable' retrieved from /opt/conda/lib/python3.12/site-packages/airflow/example_dags/example_workday_timetable.py
[2025-02-07T13:30:00.020+0000] {logging_mixin.py:190} INFO - [2025-02-07T13:30:00.019+0000] {dag.py:3239} INFO - Sync 1 DAGs
[2025-02-07T13:30:00.068+0000] {logging_mixin.py:190} INFO - [2025-02-07T13:30:00.068+0000] {dag.py:4180} INFO - Setting next_dagrun for example_workday_timetable to 2021-01-04 00:00:00+00:00, run_after=2021-01-05 00:00:00+00:00
[2025-02-07T13:30:00.083+0000] {processor.py:208} INFO - Processing /opt/conda/lib/python3.12/site-packages/airflow/example_dags/example_workday_timetable.py took 0.101 seconds
[2025-02-07T13:33:01.257+0000] {processor.py:186} INFO - Started process (PID=297) to work on /opt/conda/lib/python3.12/site-packages/airflow/example_dags/example_workday_timetable.py
[2025-02-07T13:33:01.258+0000] {processor.py:914} INFO - Processing file /opt/conda/lib/python3.12/site-packages/airflow/example_dags/example_workday_timetable.py for tasks to queue
[2025-02-07T13:33:01.260+0000] {logging_mixin.py:190} INFO - [2025-02-07T13:33:01.260+0000] {dagbag.py:588} INFO - Filling up the DagBag from /opt/conda/lib/python3.12/site-packages/airflow/example_dags/example_workday_timetable.py
[2025-02-07T13:33:01.270+0000] {processor.py:925} INFO - DAG(s) 'example_workday_timetable' retrieved from /opt/conda/lib/python3.12/site-packages/airflow/example_dags/example_workday_timetable.py
[2025-02-07T13:33:01.311+0000] {logging_mixin.py:190} INFO - [2025-02-07T13:33:01.311+0000] {dag.py:3239} INFO - Sync 1 DAGs
[2025-02-07T13:33:01.518+0000] {logging_mixin.py:190} INFO - [2025-02-07T13:33:01.518+0000] {dag.py:4180} INFO - Setting next_dagrun for example_workday_timetable to 2021-01-04 00:00:00+00:00, run_after=2021-01-05 00:00:00+00:00
[2025-02-07T13:33:01.573+0000] {processor.py:208} INFO - Processing /opt/conda/lib/python3.12/site-packages/airflow/example_dags/example_workday_timetable.py took 0.322 seconds
[2025-02-07T13:34:51.591+0000] {processor.py:186} INFO - Started process (PID=187) to work on /opt/conda/lib/python3.12/site-packages/airflow/example_dags/example_workday_timetable.py
[2025-02-07T13:34:51.593+0000] {processor.py:914} INFO - Processing file /opt/conda/lib/python3.12/site-packages/airflow/example_dags/example_workday_timetable.py for tasks to queue
[2025-02-07T13:34:51.598+0000] {logging_mixin.py:190} INFO - [2025-02-07T13:34:51.597+0000] {dagbag.py:588} INFO - Filling up the DagBag from /opt/conda/lib/python3.12/site-packages/airflow/example_dags/example_workday_timetable.py
[2025-02-07T13:34:51.605+0000] {processor.py:925} INFO - DAG(s) 'example_workday_timetable' retrieved from /opt/conda/lib/python3.12/site-packages/airflow/example_dags/example_workday_timetable.py
[2025-02-07T13:34:51.635+0000] {logging_mixin.py:190} INFO - [2025-02-07T13:34:51.635+0000] {dag.py:3239} INFO - Sync 1 DAGs
[2025-02-07T13:34:51.680+0000] {logging_mixin.py:190} INFO - [2025-02-07T13:34:51.679+0000] {dag.py:4180} INFO - Setting next_dagrun for example_workday_timetable to 2021-01-04 00:00:00+00:00, run_after=2021-01-05 00:00:00+00:00
[2025-02-07T13:34:51.704+0000] {processor.py:208} INFO - Processing /opt/conda/lib/python3.12/site-packages/airflow/example_dags/example_workday_timetable.py took 0.118 seconds
[2025-02-07T13:36:00.362+0000] {processor.py:186} INFO - Started process (PID=78) to work on /opt/conda/lib/python3.12/site-packages/airflow/example_dags/example_workday_timetable.py
[2025-02-07T13:36:00.363+0000] {processor.py:914} INFO - Processing file /opt/conda/lib/python3.12/site-packages/airflow/example_dags/example_workday_timetable.py for tasks to queue
[2025-02-07T13:36:00.364+0000] {logging_mixin.py:190} INFO - [2025-02-07T13:36:00.364+0000] {dagbag.py:588} INFO - Filling up the DagBag from /opt/conda/lib/python3.12/site-packages/airflow/example_dags/example_workday_timetable.py
[2025-02-07T13:36:00.368+0000] {processor.py:925} INFO - DAG(s) 'example_workday_timetable' retrieved from /opt/conda/lib/python3.12/site-packages/airflow/example_dags/example_workday_timetable.py
[2025-02-07T13:36:00.390+0000] {logging_mixin.py:190} INFO - [2025-02-07T13:36:00.389+0000] {dag.py:3239} INFO - Sync 1 DAGs
[2025-02-07T13:36:00.439+0000] {logging_mixin.py:190} INFO - [2025-02-07T13:36:00.439+0000] {dag.py:4180} INFO - Setting next_dagrun for example_workday_timetable to 2021-01-04 00:00:00+00:00, run_after=2021-01-05 00:00:00+00:00
[2025-02-07T13:36:00.456+0000] {processor.py:208} INFO - Processing /opt/conda/lib/python3.12/site-packages/airflow/example_dags/example_workday_timetable.py took 0.097 seconds
[2025-02-07T13:37:58.754+0000] {processor.py:186} INFO - Started process (PID=302) to work on /opt/conda/lib/python3.12/site-packages/airflow/example_dags/example_workday_timetable.py
[2025-02-07T13:37:58.756+0000] {processor.py:914} INFO - Processing file /opt/conda/lib/python3.12/site-packages/airflow/example_dags/example_workday_timetable.py for tasks to queue
[2025-02-07T13:37:58.767+0000] {logging_mixin.py:190} INFO - [2025-02-07T13:37:58.766+0000] {dagbag.py:588} INFO - Filling up the DagBag from /opt/conda/lib/python3.12/site-packages/airflow/example_dags/example_workday_timetable.py
[2025-02-07T13:37:58.798+0000] {processor.py:925} INFO - DAG(s) 'example_workday_timetable' retrieved from /opt/conda/lib/python3.12/site-packages/airflow/example_dags/example_workday_timetable.py
[2025-02-07T13:37:58.954+0000] {logging_mixin.py:190} INFO - [2025-02-07T13:37:58.954+0000] {dag.py:3239} INFO - Sync 1 DAGs
[2025-02-07T13:37:59.225+0000] {logging_mixin.py:190} INFO - [2025-02-07T13:37:59.224+0000] {dag.py:4180} INFO - Setting next_dagrun for example_workday_timetable to 2021-01-04 00:00:00+00:00, run_after=2021-01-05 00:00:00+00:00
[2025-02-07T13:37:59.314+0000] {processor.py:208} INFO - Processing /opt/conda/lib/python3.12/site-packages/airflow/example_dags/example_workday_timetable.py took 0.582 seconds
[2025-02-07T13:39:22.957+0000] {processor.py:186} INFO - Started process (PID=480) to work on /opt/conda/lib/python3.12/site-packages/airflow/example_dags/example_workday_timetable.py
[2025-02-07T13:39:22.958+0000] {processor.py:914} INFO - Processing file /opt/conda/lib/python3.12/site-packages/airflow/example_dags/example_workday_timetable.py for tasks to queue
[2025-02-07T13:39:22.960+0000] {logging_mixin.py:190} INFO - [2025-02-07T13:39:22.960+0000] {dagbag.py:588} INFO - Filling up the DagBag from /opt/conda/lib/python3.12/site-packages/airflow/example_dags/example_workday_timetable.py
[2025-02-07T13:39:22.966+0000] {processor.py:925} INFO - DAG(s) 'example_workday_timetable' retrieved from /opt/conda/lib/python3.12/site-packages/airflow/example_dags/example_workday_timetable.py
[2025-02-07T13:39:22.979+0000] {logging_mixin.py:190} INFO - [2025-02-07T13:39:22.979+0000] {dag.py:3239} INFO - Sync 1 DAGs
[2025-02-07T13:39:23.015+0000] {logging_mixin.py:190} INFO - [2025-02-07T13:39:23.015+0000] {dag.py:4180} INFO - Setting next_dagrun for example_workday_timetable to 2021-01-04 00:00:00+00:00, run_after=2021-01-05 00:00:00+00:00
[2025-02-07T13:39:23.028+0000] {processor.py:208} INFO - Processing /opt/conda/lib/python3.12/site-packages/airflow/example_dags/example_workday_timetable.py took 0.076 seconds
[2025-02-07T13:40:21.935+0000] {processor.py:186} INFO - Started process (PID=548) to work on /opt/conda/lib/python3.12/site-packages/airflow/example_dags/example_workday_timetable.py
[2025-02-07T13:40:21.936+0000] {processor.py:914} INFO - Processing file /opt/conda/lib/python3.12/site-packages/airflow/example_dags/example_workday_timetable.py for tasks to queue
[2025-02-07T13:40:21.938+0000] {logging_mixin.py:190} INFO - [2025-02-07T13:40:21.938+0000] {dagbag.py:588} INFO - Filling up the DagBag from /opt/conda/lib/python3.12/site-packages/airflow/example_dags/example_workday_timetable.py
[2025-02-07T13:40:21.943+0000] {processor.py:925} INFO - DAG(s) 'example_workday_timetable' retrieved from /opt/conda/lib/python3.12/site-packages/airflow/example_dags/example_workday_timetable.py
[2025-02-07T13:40:21.952+0000] {logging_mixin.py:190} INFO - [2025-02-07T13:40:21.952+0000] {dag.py:3239} INFO - Sync 1 DAGs
[2025-02-07T13:40:21.982+0000] {logging_mixin.py:190} INFO - [2025-02-07T13:40:21.982+0000] {dag.py:4180} INFO - Setting next_dagrun for example_workday_timetable to 2021-01-04 00:00:00+00:00, run_after=2021-01-05 00:00:00+00:00
[2025-02-07T13:40:21.994+0000] {processor.py:208} INFO - Processing /opt/conda/lib/python3.12/site-packages/airflow/example_dags/example_workday_timetable.py took 0.064 seconds
[2025-02-07T13:41:18.995+0000] {processor.py:186} INFO - Started process (PID=615) to work on /opt/conda/lib/python3.12/site-packages/airflow/example_dags/example_workday_timetable.py
[2025-02-07T13:41:18.996+0000] {processor.py:914} INFO - Processing file /opt/conda/lib/python3.12/site-packages/airflow/example_dags/example_workday_timetable.py for tasks to queue
[2025-02-07T13:41:18.998+0000] {logging_mixin.py:190} INFO - [2025-02-07T13:41:18.998+0000] {dagbag.py:588} INFO - Filling up the DagBag from /opt/conda/lib/python3.12/site-packages/airflow/example_dags/example_workday_timetable.py
[2025-02-07T13:41:19.004+0000] {processor.py:925} INFO - DAG(s) 'example_workday_timetable' retrieved from /opt/conda/lib/python3.12/site-packages/airflow/example_dags/example_workday_timetable.py
[2025-02-07T13:41:19.018+0000] {logging_mixin.py:190} INFO - [2025-02-07T13:41:19.018+0000] {dag.py:3239} INFO - Sync 1 DAGs
[2025-02-07T13:41:19.057+0000] {logging_mixin.py:190} INFO - [2025-02-07T13:41:19.057+0000] {dag.py:4180} INFO - Setting next_dagrun for example_workday_timetable to 2021-01-04 00:00:00+00:00, run_after=2021-01-05 00:00:00+00:00
[2025-02-07T13:41:19.071+0000] {processor.py:208} INFO - Processing /opt/conda/lib/python3.12/site-packages/airflow/example_dags/example_workday_timetable.py took 0.084 seconds
[2025-02-07T13:42:28.122+0000] {processor.py:186} INFO - Started process (PID=783) to work on /opt/conda/lib/python3.12/site-packages/airflow/example_dags/example_workday_timetable.py
[2025-02-07T13:42:28.124+0000] {processor.py:914} INFO - Processing file /opt/conda/lib/python3.12/site-packages/airflow/example_dags/example_workday_timetable.py for tasks to queue
[2025-02-07T13:42:28.126+0000] {logging_mixin.py:190} INFO - [2025-02-07T13:42:28.126+0000] {dagbag.py:588} INFO - Filling up the DagBag from /opt/conda/lib/python3.12/site-packages/airflow/example_dags/example_workday_timetable.py
[2025-02-07T13:42:28.132+0000] {processor.py:925} INFO - DAG(s) 'example_workday_timetable' retrieved from /opt/conda/lib/python3.12/site-packages/airflow/example_dags/example_workday_timetable.py
[2025-02-07T13:42:28.144+0000] {logging_mixin.py:190} INFO - [2025-02-07T13:42:28.144+0000] {dag.py:3239} INFO - Sync 1 DAGs
[2025-02-07T13:42:28.183+0000] {logging_mixin.py:190} INFO - [2025-02-07T13:42:28.182+0000] {dag.py:4180} INFO - Setting next_dagrun for example_workday_timetable to 2021-01-04 00:00:00+00:00, run_after=2021-01-05 00:00:00+00:00
[2025-02-07T13:42:28.196+0000] {processor.py:208} INFO - Processing /opt/conda/lib/python3.12/site-packages/airflow/example_dags/example_workday_timetable.py took 0.078 seconds
[2025-02-07T13:43:29.022+0000] {processor.py:186} INFO - Started process (PID=856) to work on /opt/conda/lib/python3.12/site-packages/airflow/example_dags/example_workday_timetable.py
[2025-02-07T13:43:29.024+0000] {processor.py:914} INFO - Processing file /opt/conda/lib/python3.12/site-packages/airflow/example_dags/example_workday_timetable.py for tasks to queue
[2025-02-07T13:43:29.028+0000] {logging_mixin.py:190} INFO - [2025-02-07T13:43:29.027+0000] {dagbag.py:588} INFO - Filling up the DagBag from /opt/conda/lib/python3.12/site-packages/airflow/example_dags/example_workday_timetable.py
[2025-02-07T13:43:29.037+0000] {processor.py:925} INFO - DAG(s) 'example_workday_timetable' retrieved from /opt/conda/lib/python3.12/site-packages/airflow/example_dags/example_workday_timetable.py
[2025-02-07T13:43:29.056+0000] {logging_mixin.py:190} INFO - [2025-02-07T13:43:29.056+0000] {dag.py:3239} INFO - Sync 1 DAGs
[2025-02-07T13:43:29.100+0000] {logging_mixin.py:190} INFO - [2025-02-07T13:43:29.100+0000] {dag.py:4180} INFO - Setting next_dagrun for example_workday_timetable to 2021-01-04 00:00:00+00:00, run_after=2021-01-05 00:00:00+00:00
[2025-02-07T13:43:29.114+0000] {processor.py:208} INFO - Processing /opt/conda/lib/python3.12/site-packages/airflow/example_dags/example_workday_timetable.py took 0.101 seconds
[2025-02-07T13:44:17.630+0000] {processor.py:186} INFO - Started process (PID=1007) to work on /opt/conda/lib/python3.12/site-packages/airflow/example_dags/example_workday_timetable.py
[2025-02-07T13:44:17.631+0000] {processor.py:914} INFO - Processing file /opt/conda/lib/python3.12/site-packages/airflow/example_dags/example_workday_timetable.py for tasks to queue
[2025-02-07T13:44:17.634+0000] {logging_mixin.py:190} INFO - [2025-02-07T13:44:17.633+0000] {dagbag.py:588} INFO - Filling up the DagBag from /opt/conda/lib/python3.12/site-packages/airflow/example_dags/example_workday_timetable.py
[2025-02-07T13:44:17.639+0000] {processor.py:925} INFO - DAG(s) 'example_workday_timetable' retrieved from /opt/conda/lib/python3.12/site-packages/airflow/example_dags/example_workday_timetable.py
[2025-02-07T13:44:17.652+0000] {logging_mixin.py:190} INFO - [2025-02-07T13:44:17.652+0000] {dag.py:3239} INFO - Sync 1 DAGs
[2025-02-07T13:44:17.694+0000] {logging_mixin.py:190} INFO - [2025-02-07T13:44:17.694+0000] {dag.py:4180} INFO - Setting next_dagrun for example_workday_timetable to 2021-01-04 00:00:00+00:00, run_after=2021-01-05 00:00:00+00:00
[2025-02-07T13:44:17.707+0000] {processor.py:208} INFO - Processing /opt/conda/lib/python3.12/site-packages/airflow/example_dags/example_workday_timetable.py took 0.082 seconds
[2025-02-07T13:45:26.527+0000] {processor.py:186} INFO - Started process (PID=1162) to work on /opt/conda/lib/python3.12/site-packages/airflow/example_dags/example_workday_timetable.py
[2025-02-07T13:45:26.529+0000] {processor.py:914} INFO - Processing file /opt/conda/lib/python3.12/site-packages/airflow/example_dags/example_workday_timetable.py for tasks to queue
[2025-02-07T13:45:26.534+0000] {logging_mixin.py:190} INFO - [2025-02-07T13:45:26.533+0000] {dagbag.py:588} INFO - Filling up the DagBag from /opt/conda/lib/python3.12/site-packages/airflow/example_dags/example_workday_timetable.py
[2025-02-07T13:45:26.545+0000] {processor.py:925} INFO - DAG(s) 'example_workday_timetable' retrieved from /opt/conda/lib/python3.12/site-packages/airflow/example_dags/example_workday_timetable.py
[2025-02-07T13:45:26.561+0000] {logging_mixin.py:190} INFO - [2025-02-07T13:45:26.561+0000] {dag.py:3239} INFO - Sync 1 DAGs
[2025-02-07T13:45:26.632+0000] {logging_mixin.py:190} INFO - [2025-02-07T13:45:26.632+0000] {dag.py:4180} INFO - Setting next_dagrun for example_workday_timetable to 2021-01-04 00:00:00+00:00, run_after=2021-01-05 00:00:00+00:00
[2025-02-07T13:45:26.663+0000] {processor.py:208} INFO - Processing /opt/conda/lib/python3.12/site-packages/airflow/example_dags/example_workday_timetable.py took 0.147 seconds
[2025-02-07T13:46:44.002+0000] {processor.py:186} INFO - Started process (PID=1238) to work on /opt/conda/lib/python3.12/site-packages/airflow/example_dags/example_workday_timetable.py
[2025-02-07T13:46:44.010+0000] {processor.py:914} INFO - Processing file /opt/conda/lib/python3.12/site-packages/airflow/example_dags/example_workday_timetable.py for tasks to queue
[2025-02-07T13:46:44.027+0000] {logging_mixin.py:190} INFO - [2025-02-07T13:46:44.026+0000] {dagbag.py:588} INFO - Filling up the DagBag from /opt/conda/lib/python3.12/site-packages/airflow/example_dags/example_workday_timetable.py
[2025-02-07T13:46:44.065+0000] {processor.py:925} INFO - DAG(s) 'example_workday_timetable' retrieved from /opt/conda/lib/python3.12/site-packages/airflow/example_dags/example_workday_timetable.py
[2025-02-07T13:46:44.135+0000] {logging_mixin.py:190} INFO - [2025-02-07T13:46:44.135+0000] {dag.py:3239} INFO - Sync 1 DAGs
[2025-02-07T13:46:44.316+0000] {logging_mixin.py:190} INFO - [2025-02-07T13:46:44.316+0000] {dag.py:4180} INFO - Setting next_dagrun for example_workday_timetable to 2021-01-04 00:00:00+00:00, run_after=2021-01-05 00:00:00+00:00
[2025-02-07T13:46:44.387+0000] {processor.py:208} INFO - Processing /opt/conda/lib/python3.12/site-packages/airflow/example_dags/example_workday_timetable.py took 0.419 seconds
[2025-02-07T14:03:27.134+0000] {processor.py:186} INFO - Started process (PID=912) to work on /opt/conda/lib/python3.12/site-packages/airflow/example_dags/example_workday_timetable.py
[2025-02-07T14:03:27.140+0000] {processor.py:914} INFO - Processing file /opt/conda/lib/python3.12/site-packages/airflow/example_dags/example_workday_timetable.py for tasks to queue
[2025-02-07T14:03:27.142+0000] {logging_mixin.py:190} INFO - [2025-02-07T14:03:27.141+0000] {dagbag.py:588} INFO - Filling up the DagBag from /opt/conda/lib/python3.12/site-packages/airflow/example_dags/example_workday_timetable.py
[2025-02-07T14:03:27.149+0000] {processor.py:925} INFO - DAG(s) 'example_workday_timetable' retrieved from /opt/conda/lib/python3.12/site-packages/airflow/example_dags/example_workday_timetable.py
[2025-02-07T14:03:27.169+0000] {logging_mixin.py:190} INFO - [2025-02-07T14:03:27.169+0000] {dag.py:3239} INFO - Sync 1 DAGs
[2025-02-07T14:03:27.330+0000] {logging_mixin.py:190} INFO - [2025-02-07T14:03:27.330+0000] {dag.py:4180} INFO - Setting next_dagrun for example_workday_timetable to 2021-01-04 00:00:00+00:00, run_after=2021-01-05 00:00:00+00:00
[2025-02-07T14:03:27.403+0000] {processor.py:208} INFO - Processing /opt/conda/lib/python3.12/site-packages/airflow/example_dags/example_workday_timetable.py took 0.276 seconds
[2025-02-07T14:05:59.771+0000] {processor.py:186} INFO - Started process (PID=1806) to work on /opt/conda/lib/python3.12/site-packages/airflow/example_dags/example_workday_timetable.py
[2025-02-07T14:05:59.773+0000] {processor.py:914} INFO - Processing file /opt/conda/lib/python3.12/site-packages/airflow/example_dags/example_workday_timetable.py for tasks to queue
[2025-02-07T14:05:59.774+0000] {logging_mixin.py:190} INFO - [2025-02-07T14:05:59.774+0000] {dagbag.py:588} INFO - Filling up the DagBag from /opt/conda/lib/python3.12/site-packages/airflow/example_dags/example_workday_timetable.py
[2025-02-07T14:05:59.778+0000] {processor.py:925} INFO - DAG(s) 'example_workday_timetable' retrieved from /opt/conda/lib/python3.12/site-packages/airflow/example_dags/example_workday_timetable.py
[2025-02-07T14:05:59.793+0000] {logging_mixin.py:190} INFO - [2025-02-07T14:05:59.793+0000] {dag.py:3239} INFO - Sync 1 DAGs
[2025-02-07T14:05:59.856+0000] {logging_mixin.py:190} INFO - [2025-02-07T14:05:59.856+0000] {dag.py:4180} INFO - Setting next_dagrun for example_workday_timetable to 2021-01-04 00:00:00+00:00, run_after=2021-01-05 00:00:00+00:00
[2025-02-07T14:05:59.869+0000] {processor.py:208} INFO - Processing /opt/conda/lib/python3.12/site-packages/airflow/example_dags/example_workday_timetable.py took 0.106 seconds
[2025-02-07T14:07:22.904+0000] {processor.py:186} INFO - Started process (PID=1994) to work on /opt/conda/lib/python3.12/site-packages/airflow/example_dags/example_workday_timetable.py
[2025-02-07T14:07:22.905+0000] {processor.py:914} INFO - Processing file /opt/conda/lib/python3.12/site-packages/airflow/example_dags/example_workday_timetable.py for tasks to queue
[2025-02-07T14:07:22.906+0000] {logging_mixin.py:190} INFO - [2025-02-07T14:07:22.906+0000] {dagbag.py:588} INFO - Filling up the DagBag from /opt/conda/lib/python3.12/site-packages/airflow/example_dags/example_workday_timetable.py
[2025-02-07T14:07:22.909+0000] {processor.py:925} INFO - DAG(s) 'example_workday_timetable' retrieved from /opt/conda/lib/python3.12/site-packages/airflow/example_dags/example_workday_timetable.py
[2025-02-07T14:07:22.918+0000] {logging_mixin.py:190} INFO - [2025-02-07T14:07:22.918+0000] {dag.py:3239} INFO - Sync 1 DAGs
[2025-02-07T14:07:22.957+0000] {logging_mixin.py:190} INFO - [2025-02-07T14:07:22.957+0000] {dag.py:4180} INFO - Setting next_dagrun for example_workday_timetable to 2021-01-04 00:00:00+00:00, run_after=2021-01-05 00:00:00+00:00
[2025-02-07T14:07:22.971+0000] {processor.py:208} INFO - Processing /opt/conda/lib/python3.12/site-packages/airflow/example_dags/example_workday_timetable.py took 0.074 seconds
[2025-02-07T14:37:33.429+0000] {processor.py:186} INFO - Started process (PID=906) to work on /opt/conda/lib/python3.12/site-packages/airflow/example_dags/example_workday_timetable.py
[2025-02-07T14:37:33.430+0000] {processor.py:914} INFO - Processing file /opt/conda/lib/python3.12/site-packages/airflow/example_dags/example_workday_timetable.py for tasks to queue
[2025-02-07T14:37:33.433+0000] {logging_mixin.py:190} INFO - [2025-02-07T14:37:33.433+0000] {dagbag.py:588} INFO - Filling up the DagBag from /opt/conda/lib/python3.12/site-packages/airflow/example_dags/example_workday_timetable.py
[2025-02-07T14:37:33.438+0000] {processor.py:925} INFO - DAG(s) 'example_workday_timetable' retrieved from /opt/conda/lib/python3.12/site-packages/airflow/example_dags/example_workday_timetable.py
[2025-02-07T14:37:33.457+0000] {logging_mixin.py:190} INFO - [2025-02-07T14:37:33.457+0000] {dag.py:3239} INFO - Sync 1 DAGs
[2025-02-07T14:37:33.501+0000] {logging_mixin.py:190} INFO - [2025-02-07T14:37:33.501+0000] {dag.py:4180} INFO - Setting next_dagrun for example_workday_timetable to 2021-01-04 00:00:00+00:00, run_after=2021-01-05 00:00:00+00:00
[2025-02-07T14:37:33.513+0000] {processor.py:208} INFO - Processing /opt/conda/lib/python3.12/site-packages/airflow/example_dags/example_workday_timetable.py took 0.088 seconds
