[2025-02-07T12:14:50.417+0000] {processor.py:186} INFO - Started process (PID=3648) to work on /opt/conda/lib/python3.12/site-packages/airflow/example_dags/example_branch_datetime_operator.py
[2025-02-07T12:14:50.419+0000] {processor.py:914} INFO - Processing file /opt/conda/lib/python3.12/site-packages/airflow/example_dags/example_branch_datetime_operator.py for tasks to queue
[2025-02-07T12:14:50.424+0000] {logging_mixin.py:190} INFO - [2025-02-07T12:14:50.423+0000] {dagbag.py:588} INFO - Filling up the DagBag from /opt/conda/lib/python3.12/site-packages/airflow/example_dags/example_branch_datetime_operator.py
[2025-02-07T12:14:50.441+0000] {processor.py:925} INFO - DAG(s) 'example_branch_datetime_operator', 'example_branch_datetime_operator_2', 'example_branch_datetime_operator_3' retrieved from /opt/conda/lib/python3.12/site-packages/airflow/example_dags/example_branch_datetime_operator.py
[2025-02-07T12:14:50.601+0000] {logging_mixin.py:190} INFO - [2025-02-07T12:14:50.600+0000] {override.py:1912} INFO - Created Permission View: can delete on DAG:example_branch_datetime_operator
[2025-02-07T12:14:50.610+0000] {logging_mixin.py:190} INFO - [2025-02-07T12:14:50.610+0000] {override.py:1912} INFO - Created Permission View: can read on DAG:example_branch_datetime_operator
[2025-02-07T12:14:50.617+0000] {logging_mixin.py:190} INFO - [2025-02-07T12:14:50.617+0000] {override.py:1912} INFO - Created Permission View: can edit on DAG:example_branch_datetime_operator
[2025-02-07T12:14:50.629+0000] {logging_mixin.py:190} INFO - [2025-02-07T12:14:50.629+0000] {override.py:1912} INFO - Created Permission View: can create on DAG Run:example_branch_datetime_operator
[2025-02-07T12:14:50.635+0000] {logging_mixin.py:190} INFO - [2025-02-07T12:14:50.635+0000] {override.py:1912} INFO - Created Permission View: menu access on DAG Run:example_branch_datetime_operator
[2025-02-07T12:14:50.650+0000] {logging_mixin.py:190} INFO - [2025-02-07T12:14:50.650+0000] {override.py:1912} INFO - Created Permission View: can read on DAG Run:example_branch_datetime_operator
[2025-02-07T12:14:50.665+0000] {logging_mixin.py:190} INFO - [2025-02-07T12:14:50.664+0000] {override.py:1912} INFO - Created Permission View: can delete on DAG Run:example_branch_datetime_operator
[2025-02-07T12:14:50.680+0000] {logging_mixin.py:190} INFO - [2025-02-07T12:14:50.680+0000] {override.py:1912} INFO - Created Permission View: can delete on DAG:example_branch_datetime_operator_2
[2025-02-07T12:14:50.687+0000] {logging_mixin.py:190} INFO - [2025-02-07T12:14:50.687+0000] {override.py:1912} INFO - Created Permission View: can read on DAG:example_branch_datetime_operator_2
[2025-02-07T12:14:50.697+0000] {logging_mixin.py:190} INFO - [2025-02-07T12:14:50.697+0000] {override.py:1912} INFO - Created Permission View: can edit on DAG:example_branch_datetime_operator_2
[2025-02-07T12:14:50.708+0000] {logging_mixin.py:190} INFO - [2025-02-07T12:14:50.708+0000] {override.py:1912} INFO - Created Permission View: can create on DAG Run:example_branch_datetime_operator_2
[2025-02-07T12:14:50.715+0000] {logging_mixin.py:190} INFO - [2025-02-07T12:14:50.714+0000] {override.py:1912} INFO - Created Permission View: menu access on DAG Run:example_branch_datetime_operator_2
[2025-02-07T12:14:50.721+0000] {logging_mixin.py:190} INFO - [2025-02-07T12:14:50.721+0000] {override.py:1912} INFO - Created Permission View: can read on DAG Run:example_branch_datetime_operator_2
[2025-02-07T12:14:50.726+0000] {logging_mixin.py:190} INFO - [2025-02-07T12:14:50.726+0000] {override.py:1912} INFO - Created Permission View: can delete on DAG Run:example_branch_datetime_operator_2
[2025-02-07T12:14:50.741+0000] {logging_mixin.py:190} INFO - [2025-02-07T12:14:50.741+0000] {override.py:1912} INFO - Created Permission View: can delete on DAG:example_branch_datetime_operator_3
[2025-02-07T12:14:50.749+0000] {logging_mixin.py:190} INFO - [2025-02-07T12:14:50.749+0000] {override.py:1912} INFO - Created Permission View: can read on DAG:example_branch_datetime_operator_3
[2025-02-07T12:14:50.756+0000] {logging_mixin.py:190} INFO - [2025-02-07T12:14:50.756+0000] {override.py:1912} INFO - Created Permission View: can edit on DAG:example_branch_datetime_operator_3
[2025-02-07T12:14:50.767+0000] {logging_mixin.py:190} INFO - [2025-02-07T12:14:50.767+0000] {override.py:1912} INFO - Created Permission View: can create on DAG Run:example_branch_datetime_operator_3
[2025-02-07T12:14:50.774+0000] {logging_mixin.py:190} INFO - [2025-02-07T12:14:50.774+0000] {override.py:1912} INFO - Created Permission View: menu access on DAG Run:example_branch_datetime_operator_3
[2025-02-07T12:14:50.780+0000] {logging_mixin.py:190} INFO - [2025-02-07T12:14:50.780+0000] {override.py:1912} INFO - Created Permission View: can read on DAG Run:example_branch_datetime_operator_3
[2025-02-07T12:14:50.786+0000] {logging_mixin.py:190} INFO - [2025-02-07T12:14:50.786+0000] {override.py:1912} INFO - Created Permission View: can delete on DAG Run:example_branch_datetime_operator_3
[2025-02-07T12:14:50.787+0000] {logging_mixin.py:190} INFO - [2025-02-07T12:14:50.786+0000] {dag.py:3239} INFO - Sync 3 DAGs
[2025-02-07T12:14:50.797+0000] {logging_mixin.py:190} INFO - [2025-02-07T12:14:50.797+0000] {dag.py:3262} INFO - Creating ORM DAG for example_branch_datetime_operator_2
[2025-02-07T12:14:50.797+0000] {logging_mixin.py:190} INFO - [2025-02-07T12:14:50.797+0000] {dag.py:3262} INFO - Creating ORM DAG for example_branch_datetime_operator_3
[2025-02-07T12:14:50.798+0000] {logging_mixin.py:190} INFO - [2025-02-07T12:14:50.798+0000] {dag.py:3262} INFO - Creating ORM DAG for example_branch_datetime_operator
[2025-02-07T12:14:50.806+0000] {logging_mixin.py:190} INFO - [2025-02-07T12:14:50.806+0000] {dag.py:4180} INFO - Setting next_dagrun for example_branch_datetime_operator to 2025-02-06 00:00:00+00:00, run_after=2025-02-07 00:00:00+00:00
[2025-02-07T12:14:50.807+0000] {logging_mixin.py:190} INFO - [2025-02-07T12:14:50.807+0000] {dag.py:4180} INFO - Setting next_dagrun for example_branch_datetime_operator_2 to 2025-02-06 00:00:00+00:00, run_after=2025-02-07 00:00:00+00:00
[2025-02-07T12:14:50.808+0000] {logging_mixin.py:190} INFO - [2025-02-07T12:14:50.808+0000] {dag.py:4180} INFO - Setting next_dagrun for example_branch_datetime_operator_3 to 2025-02-06 00:00:00+00:00, run_after=2025-02-07 00:00:00+00:00
[2025-02-07T12:14:50.826+0000] {processor.py:208} INFO - Processing /opt/conda/lib/python3.12/site-packages/airflow/example_dags/example_branch_datetime_operator.py took 0.417 seconds
[2025-02-07T12:37:09.795+0000] {processor.py:186} INFO - Started process (PID=127) to work on /opt/conda/lib/python3.12/site-packages/airflow/example_dags/example_branch_datetime_operator.py
[2025-02-07T12:37:09.798+0000] {processor.py:914} INFO - Processing file /opt/conda/lib/python3.12/site-packages/airflow/example_dags/example_branch_datetime_operator.py for tasks to queue
[2025-02-07T12:37:09.811+0000] {logging_mixin.py:190} INFO - [2025-02-07T12:37:09.810+0000] {dagbag.py:588} INFO - Filling up the DagBag from /opt/conda/lib/python3.12/site-packages/airflow/example_dags/example_branch_datetime_operator.py
[2025-02-07T12:37:09.854+0000] {processor.py:925} INFO - DAG(s) 'example_branch_datetime_operator', 'example_branch_datetime_operator_2', 'example_branch_datetime_operator_3' retrieved from /opt/conda/lib/python3.12/site-packages/airflow/example_dags/example_branch_datetime_operator.py
[2025-02-07T12:37:10.006+0000] {logging_mixin.py:190} INFO - [2025-02-07T12:37:10.006+0000] {dag.py:3239} INFO - Sync 3 DAGs
[2025-02-07T12:37:10.102+0000] {logging_mixin.py:190} INFO - [2025-02-07T12:37:10.101+0000] {dag.py:4180} INFO - Setting next_dagrun for example_branch_datetime_operator to 2025-02-06 00:00:00+00:00, run_after=2025-02-07 00:00:00+00:00
[2025-02-07T12:37:10.118+0000] {logging_mixin.py:190} INFO - [2025-02-07T12:37:10.117+0000] {dag.py:4180} INFO - Setting next_dagrun for example_branch_datetime_operator_2 to 2025-02-06 00:00:00+00:00, run_after=2025-02-07 00:00:00+00:00
[2025-02-07T12:37:10.126+0000] {logging_mixin.py:190} INFO - [2025-02-07T12:37:10.126+0000] {dag.py:4180} INFO - Setting next_dagrun for example_branch_datetime_operator_3 to 2025-02-06 00:00:00+00:00, run_after=2025-02-07 00:00:00+00:00
[2025-02-07T12:37:10.183+0000] {processor.py:208} INFO - Processing /opt/conda/lib/python3.12/site-packages/airflow/example_dags/example_branch_datetime_operator.py took 0.399 seconds
[2025-02-07T12:38:20.612+0000] {processor.py:186} INFO - Started process (PID=202) to work on /opt/conda/lib/python3.12/site-packages/airflow/example_dags/example_branch_datetime_operator.py
[2025-02-07T12:38:20.613+0000] {processor.py:914} INFO - Processing file /opt/conda/lib/python3.12/site-packages/airflow/example_dags/example_branch_datetime_operator.py for tasks to queue
[2025-02-07T12:38:20.615+0000] {logging_mixin.py:190} INFO - [2025-02-07T12:38:20.614+0000] {dagbag.py:588} INFO - Filling up the DagBag from /opt/conda/lib/python3.12/site-packages/airflow/example_dags/example_branch_datetime_operator.py
[2025-02-07T12:38:20.624+0000] {processor.py:925} INFO - DAG(s) 'example_branch_datetime_operator_3', 'example_branch_datetime_operator', 'example_branch_datetime_operator_2' retrieved from /opt/conda/lib/python3.12/site-packages/airflow/example_dags/example_branch_datetime_operator.py
[2025-02-07T12:38:20.641+0000] {logging_mixin.py:190} INFO - [2025-02-07T12:38:20.641+0000] {dag.py:3239} INFO - Sync 3 DAGs
[2025-02-07T12:38:20.657+0000] {logging_mixin.py:190} INFO - [2025-02-07T12:38:20.657+0000] {dag.py:4180} INFO - Setting next_dagrun for example_branch_datetime_operator to 2025-02-06 00:00:00+00:00, run_after=2025-02-07 00:00:00+00:00
[2025-02-07T12:38:20.659+0000] {logging_mixin.py:190} INFO - [2025-02-07T12:38:20.659+0000] {dag.py:4180} INFO - Setting next_dagrun for example_branch_datetime_operator_2 to 2025-02-06 00:00:00+00:00, run_after=2025-02-07 00:00:00+00:00
[2025-02-07T12:38:20.660+0000] {logging_mixin.py:190} INFO - [2025-02-07T12:38:20.660+0000] {dag.py:4180} INFO - Setting next_dagrun for example_branch_datetime_operator_3 to 2025-02-06 00:00:00+00:00, run_after=2025-02-07 00:00:00+00:00
[2025-02-07T12:38:20.677+0000] {processor.py:208} INFO - Processing /opt/conda/lib/python3.12/site-packages/airflow/example_dags/example_branch_datetime_operator.py took 0.070 seconds
[2025-02-07T12:39:19.662+0000] {processor.py:186} INFO - Started process (PID=271) to work on /opt/conda/lib/python3.12/site-packages/airflow/example_dags/example_branch_datetime_operator.py
[2025-02-07T12:39:19.662+0000] {processor.py:914} INFO - Processing file /opt/conda/lib/python3.12/site-packages/airflow/example_dags/example_branch_datetime_operator.py for tasks to queue
[2025-02-07T12:39:19.663+0000] {logging_mixin.py:190} INFO - [2025-02-07T12:39:19.663+0000] {dagbag.py:588} INFO - Filling up the DagBag from /opt/conda/lib/python3.12/site-packages/airflow/example_dags/example_branch_datetime_operator.py
[2025-02-07T12:39:19.669+0000] {processor.py:925} INFO - DAG(s) 'example_branch_datetime_operator_2', 'example_branch_datetime_operator', 'example_branch_datetime_operator_3' retrieved from /opt/conda/lib/python3.12/site-packages/airflow/example_dags/example_branch_datetime_operator.py
[2025-02-07T12:39:19.681+0000] {logging_mixin.py:190} INFO - [2025-02-07T12:39:19.681+0000] {dag.py:3239} INFO - Sync 3 DAGs
[2025-02-07T12:39:19.695+0000] {logging_mixin.py:190} INFO - [2025-02-07T12:39:19.695+0000] {dag.py:4180} INFO - Setting next_dagrun for example_branch_datetime_operator to 2025-02-06 00:00:00+00:00, run_after=2025-02-07 00:00:00+00:00
[2025-02-07T12:39:19.698+0000] {logging_mixin.py:190} INFO - [2025-02-07T12:39:19.698+0000] {dag.py:4180} INFO - Setting next_dagrun for example_branch_datetime_operator_2 to 2025-02-06 00:00:00+00:00, run_after=2025-02-07 00:00:00+00:00
[2025-02-07T12:39:19.699+0000] {logging_mixin.py:190} INFO - [2025-02-07T12:39:19.699+0000] {dag.py:4180} INFO - Setting next_dagrun for example_branch_datetime_operator_3 to 2025-02-06 00:00:00+00:00, run_after=2025-02-07 00:00:00+00:00
[2025-02-07T12:39:19.714+0000] {processor.py:208} INFO - Processing /opt/conda/lib/python3.12/site-packages/airflow/example_dags/example_branch_datetime_operator.py took 0.055 seconds
[2025-02-07T12:40:18.180+0000] {processor.py:186} INFO - Started process (PID=339) to work on /opt/conda/lib/python3.12/site-packages/airflow/example_dags/example_branch_datetime_operator.py
[2025-02-07T12:40:18.180+0000] {processor.py:914} INFO - Processing file /opt/conda/lib/python3.12/site-packages/airflow/example_dags/example_branch_datetime_operator.py for tasks to queue
[2025-02-07T12:40:18.182+0000] {logging_mixin.py:190} INFO - [2025-02-07T12:40:18.182+0000] {dagbag.py:588} INFO - Filling up the DagBag from /opt/conda/lib/python3.12/site-packages/airflow/example_dags/example_branch_datetime_operator.py
[2025-02-07T12:40:18.189+0000] {processor.py:925} INFO - DAG(s) 'example_branch_datetime_operator_2', 'example_branch_datetime_operator', 'example_branch_datetime_operator_3' retrieved from /opt/conda/lib/python3.12/site-packages/airflow/example_dags/example_branch_datetime_operator.py
[2025-02-07T12:40:18.203+0000] {logging_mixin.py:190} INFO - [2025-02-07T12:40:18.203+0000] {dag.py:3239} INFO - Sync 3 DAGs
[2025-02-07T12:40:18.215+0000] {logging_mixin.py:190} INFO - [2025-02-07T12:40:18.215+0000] {dag.py:4180} INFO - Setting next_dagrun for example_branch_datetime_operator to 2025-02-06 00:00:00+00:00, run_after=2025-02-07 00:00:00+00:00
[2025-02-07T12:40:18.218+0000] {logging_mixin.py:190} INFO - [2025-02-07T12:40:18.218+0000] {dag.py:4180} INFO - Setting next_dagrun for example_branch_datetime_operator_2 to 2025-02-06 00:00:00+00:00, run_after=2025-02-07 00:00:00+00:00
[2025-02-07T12:40:18.221+0000] {logging_mixin.py:190} INFO - [2025-02-07T12:40:18.221+0000] {dag.py:4180} INFO - Setting next_dagrun for example_branch_datetime_operator_3 to 2025-02-06 00:00:00+00:00, run_after=2025-02-07 00:00:00+00:00
[2025-02-07T12:40:18.234+0000] {processor.py:208} INFO - Processing /opt/conda/lib/python3.12/site-packages/airflow/example_dags/example_branch_datetime_operator.py took 0.058 seconds
[2025-02-07T12:41:16.875+0000] {processor.py:186} INFO - Started process (PID=408) to work on /opt/conda/lib/python3.12/site-packages/airflow/example_dags/example_branch_datetime_operator.py
[2025-02-07T12:41:16.875+0000] {processor.py:914} INFO - Processing file /opt/conda/lib/python3.12/site-packages/airflow/example_dags/example_branch_datetime_operator.py for tasks to queue
[2025-02-07T12:41:16.877+0000] {logging_mixin.py:190} INFO - [2025-02-07T12:41:16.877+0000] {dagbag.py:588} INFO - Filling up the DagBag from /opt/conda/lib/python3.12/site-packages/airflow/example_dags/example_branch_datetime_operator.py
[2025-02-07T12:41:16.885+0000] {processor.py:925} INFO - DAG(s) 'example_branch_datetime_operator', 'example_branch_datetime_operator_2', 'example_branch_datetime_operator_3' retrieved from /opt/conda/lib/python3.12/site-packages/airflow/example_dags/example_branch_datetime_operator.py
[2025-02-07T12:41:16.901+0000] {logging_mixin.py:190} INFO - [2025-02-07T12:41:16.900+0000] {dag.py:3239} INFO - Sync 3 DAGs
[2025-02-07T12:41:16.915+0000] {logging_mixin.py:190} INFO - [2025-02-07T12:41:16.914+0000] {dag.py:4180} INFO - Setting next_dagrun for example_branch_datetime_operator to 2025-02-06 00:00:00+00:00, run_after=2025-02-07 00:00:00+00:00
[2025-02-07T12:41:16.917+0000] {logging_mixin.py:190} INFO - [2025-02-07T12:41:16.917+0000] {dag.py:4180} INFO - Setting next_dagrun for example_branch_datetime_operator_2 to 2025-02-06 00:00:00+00:00, run_after=2025-02-07 00:00:00+00:00
[2025-02-07T12:41:16.918+0000] {logging_mixin.py:190} INFO - [2025-02-07T12:41:16.918+0000] {dag.py:4180} INFO - Setting next_dagrun for example_branch_datetime_operator_3 to 2025-02-06 00:00:00+00:00, run_after=2025-02-07 00:00:00+00:00
[2025-02-07T12:41:16.930+0000] {processor.py:208} INFO - Processing /opt/conda/lib/python3.12/site-packages/airflow/example_dags/example_branch_datetime_operator.py took 0.059 seconds
[2025-02-07T12:53:54.186+0000] {processor.py:186} INFO - Started process (PID=5515) to work on /opt/conda/lib/python3.12/site-packages/airflow/example_dags/example_branch_datetime_operator.py
[2025-02-07T12:53:54.188+0000] {processor.py:914} INFO - Processing file /opt/conda/lib/python3.12/site-packages/airflow/example_dags/example_branch_datetime_operator.py for tasks to queue
[2025-02-07T12:53:54.190+0000] {logging_mixin.py:190} INFO - [2025-02-07T12:53:54.189+0000] {dagbag.py:588} INFO - Filling up the DagBag from /opt/conda/lib/python3.12/site-packages/airflow/example_dags/example_branch_datetime_operator.py
[2025-02-07T12:53:54.206+0000] {processor.py:925} INFO - DAG(s) 'example_branch_datetime_operator_2', 'example_branch_datetime_operator', 'example_branch_datetime_operator_3' retrieved from /opt/conda/lib/python3.12/site-packages/airflow/example_dags/example_branch_datetime_operator.py
[2025-02-07T12:53:54.227+0000] {logging_mixin.py:190} INFO - [2025-02-07T12:53:54.227+0000] {dag.py:3239} INFO - Sync 3 DAGs
[2025-02-07T12:53:54.241+0000] {logging_mixin.py:190} INFO - [2025-02-07T12:53:54.241+0000] {dag.py:4180} INFO - Setting next_dagrun for example_branch_datetime_operator to 2025-02-06 00:00:00+00:00, run_after=2025-02-07 00:00:00+00:00
[2025-02-07T12:53:54.243+0000] {logging_mixin.py:190} INFO - [2025-02-07T12:53:54.243+0000] {dag.py:4180} INFO - Setting next_dagrun for example_branch_datetime_operator_2 to 2025-02-06 00:00:00+00:00, run_after=2025-02-07 00:00:00+00:00
[2025-02-07T12:53:54.244+0000] {logging_mixin.py:190} INFO - [2025-02-07T12:53:54.244+0000] {dag.py:4180} INFO - Setting next_dagrun for example_branch_datetime_operator_3 to 2025-02-06 00:00:00+00:00, run_after=2025-02-07 00:00:00+00:00
[2025-02-07T12:53:54.258+0000] {processor.py:208} INFO - Processing /opt/conda/lib/python3.12/site-packages/airflow/example_dags/example_branch_datetime_operator.py took 0.077 seconds
[2025-02-07T13:28:12.188+0000] {processor.py:186} INFO - Started process (PID=307) to work on /opt/conda/lib/python3.12/site-packages/airflow/example_dags/example_branch_datetime_operator.py
[2025-02-07T13:28:12.189+0000] {processor.py:914} INFO - Processing file /opt/conda/lib/python3.12/site-packages/airflow/example_dags/example_branch_datetime_operator.py for tasks to queue
[2025-02-07T13:28:12.192+0000] {logging_mixin.py:190} INFO - [2025-02-07T13:28:12.191+0000] {dagbag.py:588} INFO - Filling up the DagBag from /opt/conda/lib/python3.12/site-packages/airflow/example_dags/example_branch_datetime_operator.py
[2025-02-07T13:28:12.210+0000] {processor.py:925} INFO - DAG(s) 'example_branch_datetime_operator_3', 'example_branch_datetime_operator_2', 'example_branch_datetime_operator' retrieved from /opt/conda/lib/python3.12/site-packages/airflow/example_dags/example_branch_datetime_operator.py
[2025-02-07T13:28:12.233+0000] {logging_mixin.py:190} INFO - [2025-02-07T13:28:12.232+0000] {dag.py:3239} INFO - Sync 3 DAGs
[2025-02-07T13:28:12.251+0000] {logging_mixin.py:190} INFO - [2025-02-07T13:28:12.251+0000] {dag.py:4180} INFO - Setting next_dagrun for example_branch_datetime_operator to 2025-02-06 00:00:00+00:00, run_after=2025-02-07 00:00:00+00:00
[2025-02-07T13:28:12.255+0000] {logging_mixin.py:190} INFO - [2025-02-07T13:28:12.255+0000] {dag.py:4180} INFO - Setting next_dagrun for example_branch_datetime_operator_2 to 2025-02-06 00:00:00+00:00, run_after=2025-02-07 00:00:00+00:00
[2025-02-07T13:28:12.258+0000] {logging_mixin.py:190} INFO - [2025-02-07T13:28:12.258+0000] {dag.py:4180} INFO - Setting next_dagrun for example_branch_datetime_operator_3 to 2025-02-06 00:00:00+00:00, run_after=2025-02-07 00:00:00+00:00
[2025-02-07T13:28:12.280+0000] {processor.py:208} INFO - Processing /opt/conda/lib/python3.12/site-packages/airflow/example_dags/example_branch_datetime_operator.py took 0.096 seconds
[2025-02-07T13:29:44.997+0000] {processor.py:186} INFO - Started process (PID=399) to work on /opt/conda/lib/python3.12/site-packages/airflow/example_dags/example_branch_datetime_operator.py
[2025-02-07T13:29:44.998+0000] {processor.py:914} INFO - Processing file /opt/conda/lib/python3.12/site-packages/airflow/example_dags/example_branch_datetime_operator.py for tasks to queue
[2025-02-07T13:29:45.000+0000] {logging_mixin.py:190} INFO - [2025-02-07T13:29:45.000+0000] {dagbag.py:588} INFO - Filling up the DagBag from /opt/conda/lib/python3.12/site-packages/airflow/example_dags/example_branch_datetime_operator.py
[2025-02-07T13:29:45.008+0000] {processor.py:925} INFO - DAG(s) 'example_branch_datetime_operator_2', 'example_branch_datetime_operator_3', 'example_branch_datetime_operator' retrieved from /opt/conda/lib/python3.12/site-packages/airflow/example_dags/example_branch_datetime_operator.py
[2025-02-07T13:29:45.024+0000] {logging_mixin.py:190} INFO - [2025-02-07T13:29:45.024+0000] {dag.py:3239} INFO - Sync 3 DAGs
[2025-02-07T13:29:45.038+0000] {logging_mixin.py:190} INFO - [2025-02-07T13:29:45.038+0000] {dag.py:4180} INFO - Setting next_dagrun for example_branch_datetime_operator to 2025-02-06 00:00:00+00:00, run_after=2025-02-07 00:00:00+00:00
[2025-02-07T13:29:45.041+0000] {logging_mixin.py:190} INFO - [2025-02-07T13:29:45.041+0000] {dag.py:4180} INFO - Setting next_dagrun for example_branch_datetime_operator_2 to 2025-02-06 00:00:00+00:00, run_after=2025-02-07 00:00:00+00:00
[2025-02-07T13:29:45.042+0000] {logging_mixin.py:190} INFO - [2025-02-07T13:29:45.042+0000] {dag.py:4180} INFO - Setting next_dagrun for example_branch_datetime_operator_3 to 2025-02-06 00:00:00+00:00, run_after=2025-02-07 00:00:00+00:00
[2025-02-07T13:29:45.053+0000] {processor.py:208} INFO - Processing /opt/conda/lib/python3.12/site-packages/airflow/example_dags/example_branch_datetime_operator.py took 0.072 seconds
[2025-02-07T13:39:08.645+0000] {processor.py:186} INFO - Started process (PID=457) to work on /opt/conda/lib/python3.12/site-packages/airflow/example_dags/example_branch_datetime_operator.py
[2025-02-07T13:39:08.646+0000] {processor.py:914} INFO - Processing file /opt/conda/lib/python3.12/site-packages/airflow/example_dags/example_branch_datetime_operator.py for tasks to queue
[2025-02-07T13:39:08.650+0000] {logging_mixin.py:190} INFO - [2025-02-07T13:39:08.650+0000] {dagbag.py:588} INFO - Filling up the DagBag from /opt/conda/lib/python3.12/site-packages/airflow/example_dags/example_branch_datetime_operator.py
[2025-02-07T13:39:08.658+0000] {processor.py:925} INFO - DAG(s) 'example_branch_datetime_operator_3', 'example_branch_datetime_operator', 'example_branch_datetime_operator_2' retrieved from /opt/conda/lib/python3.12/site-packages/airflow/example_dags/example_branch_datetime_operator.py
[2025-02-07T13:39:08.675+0000] {logging_mixin.py:190} INFO - [2025-02-07T13:39:08.675+0000] {dag.py:3239} INFO - Sync 3 DAGs
[2025-02-07T13:39:08.689+0000] {logging_mixin.py:190} INFO - [2025-02-07T13:39:08.688+0000] {dag.py:4180} INFO - Setting next_dagrun for example_branch_datetime_operator to 2025-02-06 00:00:00+00:00, run_after=2025-02-07 00:00:00+00:00
[2025-02-07T13:39:08.691+0000] {logging_mixin.py:190} INFO - [2025-02-07T13:39:08.691+0000] {dag.py:4180} INFO - Setting next_dagrun for example_branch_datetime_operator_2 to 2025-02-06 00:00:00+00:00, run_after=2025-02-07 00:00:00+00:00
[2025-02-07T13:39:08.693+0000] {logging_mixin.py:190} INFO - [2025-02-07T13:39:08.692+0000] {dag.py:4180} INFO - Setting next_dagrun for example_branch_datetime_operator_3 to 2025-02-06 00:00:00+00:00, run_after=2025-02-07 00:00:00+00:00
[2025-02-07T13:39:08.704+0000] {processor.py:208} INFO - Processing /opt/conda/lib/python3.12/site-packages/airflow/example_dags/example_branch_datetime_operator.py took 0.063 seconds
[2025-02-07T13:40:10.447+0000] {processor.py:186} INFO - Started process (PID=528) to work on /opt/conda/lib/python3.12/site-packages/airflow/example_dags/example_branch_datetime_operator.py
[2025-02-07T13:40:10.447+0000] {processor.py:914} INFO - Processing file /opt/conda/lib/python3.12/site-packages/airflow/example_dags/example_branch_datetime_operator.py for tasks to queue
[2025-02-07T13:40:10.448+0000] {logging_mixin.py:190} INFO - [2025-02-07T13:40:10.448+0000] {dagbag.py:588} INFO - Filling up the DagBag from /opt/conda/lib/python3.12/site-packages/airflow/example_dags/example_branch_datetime_operator.py
[2025-02-07T13:40:10.456+0000] {processor.py:925} INFO - DAG(s) 'example_branch_datetime_operator_2', 'example_branch_datetime_operator', 'example_branch_datetime_operator_3' retrieved from /opt/conda/lib/python3.12/site-packages/airflow/example_dags/example_branch_datetime_operator.py
[2025-02-07T13:40:10.473+0000] {logging_mixin.py:190} INFO - [2025-02-07T13:40:10.473+0000] {dag.py:3239} INFO - Sync 3 DAGs
[2025-02-07T13:40:10.487+0000] {logging_mixin.py:190} INFO - [2025-02-07T13:40:10.487+0000] {dag.py:4180} INFO - Setting next_dagrun for example_branch_datetime_operator to 2025-02-06 00:00:00+00:00, run_after=2025-02-07 00:00:00+00:00
[2025-02-07T13:40:10.490+0000] {logging_mixin.py:190} INFO - [2025-02-07T13:40:10.489+0000] {dag.py:4180} INFO - Setting next_dagrun for example_branch_datetime_operator_2 to 2025-02-06 00:00:00+00:00, run_after=2025-02-07 00:00:00+00:00
[2025-02-07T13:40:10.491+0000] {logging_mixin.py:190} INFO - [2025-02-07T13:40:10.491+0000] {dag.py:4180} INFO - Setting next_dagrun for example_branch_datetime_operator_3 to 2025-02-06 00:00:00+00:00, run_after=2025-02-07 00:00:00+00:00
[2025-02-07T13:40:10.503+0000] {processor.py:208} INFO - Processing /opt/conda/lib/python3.12/site-packages/airflow/example_dags/example_branch_datetime_operator.py took 0.060 seconds
[2025-02-07T13:41:08.843+0000] {processor.py:186} INFO - Started process (PID=596) to work on /opt/conda/lib/python3.12/site-packages/airflow/example_dags/example_branch_datetime_operator.py
[2025-02-07T13:41:08.844+0000] {processor.py:914} INFO - Processing file /opt/conda/lib/python3.12/site-packages/airflow/example_dags/example_branch_datetime_operator.py for tasks to queue
[2025-02-07T13:41:08.846+0000] {logging_mixin.py:190} INFO - [2025-02-07T13:41:08.846+0000] {dagbag.py:588} INFO - Filling up the DagBag from /opt/conda/lib/python3.12/site-packages/airflow/example_dags/example_branch_datetime_operator.py
[2025-02-07T13:41:08.855+0000] {processor.py:925} INFO - DAG(s) 'example_branch_datetime_operator', 'example_branch_datetime_operator_2', 'example_branch_datetime_operator_3' retrieved from /opt/conda/lib/python3.12/site-packages/airflow/example_dags/example_branch_datetime_operator.py
[2025-02-07T13:41:08.873+0000] {logging_mixin.py:190} INFO - [2025-02-07T13:41:08.873+0000] {dag.py:3239} INFO - Sync 3 DAGs
[2025-02-07T13:41:08.888+0000] {logging_mixin.py:190} INFO - [2025-02-07T13:41:08.888+0000] {dag.py:4180} INFO - Setting next_dagrun for example_branch_datetime_operator to 2025-02-06 00:00:00+00:00, run_after=2025-02-07 00:00:00+00:00
[2025-02-07T13:41:08.890+0000] {logging_mixin.py:190} INFO - [2025-02-07T13:41:08.890+0000] {dag.py:4180} INFO - Setting next_dagrun for example_branch_datetime_operator_2 to 2025-02-06 00:00:00+00:00, run_after=2025-02-07 00:00:00+00:00
[2025-02-07T13:41:08.891+0000] {logging_mixin.py:190} INFO - [2025-02-07T13:41:08.891+0000] {dag.py:4180} INFO - Setting next_dagrun for example_branch_datetime_operator_3 to 2025-02-06 00:00:00+00:00, run_after=2025-02-07 00:00:00+00:00
[2025-02-07T13:41:08.908+0000] {processor.py:208} INFO - Processing /opt/conda/lib/python3.12/site-packages/airflow/example_dags/example_branch_datetime_operator.py took 0.070 seconds
[2025-02-07T13:42:07.840+0000] {processor.py:186} INFO - Started process (PID=664) to work on /opt/conda/lib/python3.12/site-packages/airflow/example_dags/example_branch_datetime_operator.py
[2025-02-07T13:42:07.841+0000] {processor.py:914} INFO - Processing file /opt/conda/lib/python3.12/site-packages/airflow/example_dags/example_branch_datetime_operator.py for tasks to queue
[2025-02-07T13:42:07.843+0000] {logging_mixin.py:190} INFO - [2025-02-07T13:42:07.843+0000] {dagbag.py:588} INFO - Filling up the DagBag from /opt/conda/lib/python3.12/site-packages/airflow/example_dags/example_branch_datetime_operator.py
[2025-02-07T13:42:07.853+0000] {processor.py:925} INFO - DAG(s) 'example_branch_datetime_operator_2', 'example_branch_datetime_operator', 'example_branch_datetime_operator_3' retrieved from /opt/conda/lib/python3.12/site-packages/airflow/example_dags/example_branch_datetime_operator.py
[2025-02-07T13:42:07.872+0000] {logging_mixin.py:190} INFO - [2025-02-07T13:42:07.871+0000] {dag.py:3239} INFO - Sync 3 DAGs
[2025-02-07T13:42:07.886+0000] {logging_mixin.py:190} INFO - [2025-02-07T13:42:07.886+0000] {dag.py:4180} INFO - Setting next_dagrun for example_branch_datetime_operator to 2025-02-06 00:00:00+00:00, run_after=2025-02-07 00:00:00+00:00
[2025-02-07T13:42:07.889+0000] {logging_mixin.py:190} INFO - [2025-02-07T13:42:07.889+0000] {dag.py:4180} INFO - Setting next_dagrun for example_branch_datetime_operator_2 to 2025-02-06 00:00:00+00:00, run_after=2025-02-07 00:00:00+00:00
[2025-02-07T13:42:07.891+0000] {logging_mixin.py:190} INFO - [2025-02-07T13:42:07.891+0000] {dag.py:4180} INFO - Setting next_dagrun for example_branch_datetime_operator_3 to 2025-02-06 00:00:00+00:00, run_after=2025-02-07 00:00:00+00:00
[2025-02-07T13:42:07.903+0000] {processor.py:208} INFO - Processing /opt/conda/lib/python3.12/site-packages/airflow/example_dags/example_branch_datetime_operator.py took 0.068 seconds
[2025-02-07T13:43:20.989+0000] {processor.py:186} INFO - Started process (PID=847) to work on /opt/conda/lib/python3.12/site-packages/airflow/example_dags/example_branch_datetime_operator.py
[2025-02-07T13:43:20.990+0000] {processor.py:914} INFO - Processing file /opt/conda/lib/python3.12/site-packages/airflow/example_dags/example_branch_datetime_operator.py for tasks to queue
[2025-02-07T13:43:20.992+0000] {logging_mixin.py:190} INFO - [2025-02-07T13:43:20.992+0000] {dagbag.py:588} INFO - Filling up the DagBag from /opt/conda/lib/python3.12/site-packages/airflow/example_dags/example_branch_datetime_operator.py
[2025-02-07T13:43:21.002+0000] {processor.py:925} INFO - DAG(s) 'example_branch_datetime_operator_3', 'example_branch_datetime_operator_2', 'example_branch_datetime_operator' retrieved from /opt/conda/lib/python3.12/site-packages/airflow/example_dags/example_branch_datetime_operator.py
[2025-02-07T13:43:21.020+0000] {logging_mixin.py:190} INFO - [2025-02-07T13:43:21.019+0000] {dag.py:3239} INFO - Sync 3 DAGs
[2025-02-07T13:43:21.034+0000] {logging_mixin.py:190} INFO - [2025-02-07T13:43:21.034+0000] {dag.py:4180} INFO - Setting next_dagrun for example_branch_datetime_operator to 2025-02-06 00:00:00+00:00, run_after=2025-02-07 00:00:00+00:00
[2025-02-07T13:43:21.037+0000] {logging_mixin.py:190} INFO - [2025-02-07T13:43:21.037+0000] {dag.py:4180} INFO - Setting next_dagrun for example_branch_datetime_operator_2 to 2025-02-06 00:00:00+00:00, run_after=2025-02-07 00:00:00+00:00
[2025-02-07T13:43:21.038+0000] {logging_mixin.py:190} INFO - [2025-02-07T13:43:21.038+0000] {dag.py:4180} INFO - Setting next_dagrun for example_branch_datetime_operator_3 to 2025-02-06 00:00:00+00:00, run_after=2025-02-07 00:00:00+00:00
[2025-02-07T13:43:21.049+0000] {processor.py:208} INFO - Processing /opt/conda/lib/python3.12/site-packages/airflow/example_dags/example_branch_datetime_operator.py took 0.065 seconds
[2025-02-07T13:44:48.437+0000] {processor.py:186} INFO - Started process (PID=1039) to work on /opt/conda/lib/python3.12/site-packages/airflow/example_dags/example_branch_datetime_operator.py
[2025-02-07T13:44:48.438+0000] {processor.py:914} INFO - Processing file /opt/conda/lib/python3.12/site-packages/airflow/example_dags/example_branch_datetime_operator.py for tasks to queue
[2025-02-07T13:44:48.439+0000] {logging_mixin.py:190} INFO - [2025-02-07T13:44:48.439+0000] {dagbag.py:588} INFO - Filling up the DagBag from /opt/conda/lib/python3.12/site-packages/airflow/example_dags/example_branch_datetime_operator.py
[2025-02-07T13:44:48.449+0000] {processor.py:925} INFO - DAG(s) 'example_branch_datetime_operator_2', 'example_branch_datetime_operator_3', 'example_branch_datetime_operator' retrieved from /opt/conda/lib/python3.12/site-packages/airflow/example_dags/example_branch_datetime_operator.py
[2025-02-07T13:44:48.466+0000] {logging_mixin.py:190} INFO - [2025-02-07T13:44:48.466+0000] {dag.py:3239} INFO - Sync 3 DAGs
[2025-02-07T13:44:48.482+0000] {logging_mixin.py:190} INFO - [2025-02-07T13:44:48.481+0000] {dag.py:4180} INFO - Setting next_dagrun for example_branch_datetime_operator to 2025-02-06 00:00:00+00:00, run_after=2025-02-07 00:00:00+00:00
[2025-02-07T13:44:48.484+0000] {logging_mixin.py:190} INFO - [2025-02-07T13:44:48.484+0000] {dag.py:4180} INFO - Setting next_dagrun for example_branch_datetime_operator_2 to 2025-02-06 00:00:00+00:00, run_after=2025-02-07 00:00:00+00:00
[2025-02-07T13:44:48.488+0000] {logging_mixin.py:190} INFO - [2025-02-07T13:44:48.488+0000] {dag.py:4180} INFO - Setting next_dagrun for example_branch_datetime_operator_3 to 2025-02-06 00:00:00+00:00, run_after=2025-02-07 00:00:00+00:00
[2025-02-07T13:44:48.505+0000] {processor.py:208} INFO - Processing /opt/conda/lib/python3.12/site-packages/airflow/example_dags/example_branch_datetime_operator.py took 0.073 seconds
[2025-02-07T13:46:26.939+0000] {processor.py:186} INFO - Started process (PID=1225) to work on /opt/conda/lib/python3.12/site-packages/airflow/example_dags/example_branch_datetime_operator.py
[2025-02-07T13:46:26.942+0000] {processor.py:914} INFO - Processing file /opt/conda/lib/python3.12/site-packages/airflow/example_dags/example_branch_datetime_operator.py for tasks to queue
[2025-02-07T13:46:26.943+0000] {logging_mixin.py:190} INFO - [2025-02-07T13:46:26.943+0000] {dagbag.py:588} INFO - Filling up the DagBag from /opt/conda/lib/python3.12/site-packages/airflow/example_dags/example_branch_datetime_operator.py
[2025-02-07T13:46:26.951+0000] {processor.py:925} INFO - DAG(s) 'example_branch_datetime_operator', 'example_branch_datetime_operator_3', 'example_branch_datetime_operator_2' retrieved from /opt/conda/lib/python3.12/site-packages/airflow/example_dags/example_branch_datetime_operator.py
[2025-02-07T13:46:26.964+0000] {logging_mixin.py:190} INFO - [2025-02-07T13:46:26.964+0000] {dag.py:3239} INFO - Sync 3 DAGs
[2025-02-07T13:46:26.976+0000] {logging_mixin.py:190} INFO - [2025-02-07T13:46:26.976+0000] {dag.py:4180} INFO - Setting next_dagrun for example_branch_datetime_operator to 2025-02-06 00:00:00+00:00, run_after=2025-02-07 00:00:00+00:00
[2025-02-07T13:46:26.979+0000] {logging_mixin.py:190} INFO - [2025-02-07T13:46:26.979+0000] {dag.py:4180} INFO - Setting next_dagrun for example_branch_datetime_operator_2 to 2025-02-06 00:00:00+00:00, run_after=2025-02-07 00:00:00+00:00
[2025-02-07T13:46:26.980+0000] {logging_mixin.py:190} INFO - [2025-02-07T13:46:26.980+0000] {dag.py:4180} INFO - Setting next_dagrun for example_branch_datetime_operator_3 to 2025-02-06 00:00:00+00:00, run_after=2025-02-07 00:00:00+00:00
[2025-02-07T13:46:26.991+0000] {processor.py:208} INFO - Processing /opt/conda/lib/python3.12/site-packages/airflow/example_dags/example_branch_datetime_operator.py took 0.059 seconds
[2025-02-07T14:05:44.126+0000] {processor.py:186} INFO - Started process (PID=1783) to work on /opt/conda/lib/python3.12/site-packages/airflow/example_dags/example_branch_datetime_operator.py
[2025-02-07T14:05:44.129+0000] {processor.py:914} INFO - Processing file /opt/conda/lib/python3.12/site-packages/airflow/example_dags/example_branch_datetime_operator.py for tasks to queue
[2025-02-07T14:05:44.131+0000] {logging_mixin.py:190} INFO - [2025-02-07T14:05:44.130+0000] {dagbag.py:588} INFO - Filling up the DagBag from /opt/conda/lib/python3.12/site-packages/airflow/example_dags/example_branch_datetime_operator.py
[2025-02-07T14:05:44.146+0000] {processor.py:925} INFO - DAG(s) 'example_branch_datetime_operator_3', 'example_branch_datetime_operator', 'example_branch_datetime_operator_2' retrieved from /opt/conda/lib/python3.12/site-packages/airflow/example_dags/example_branch_datetime_operator.py
[2025-02-07T14:05:44.165+0000] {logging_mixin.py:190} INFO - [2025-02-07T14:05:44.165+0000] {dag.py:3239} INFO - Sync 3 DAGs
[2025-02-07T14:05:44.180+0000] {logging_mixin.py:190} INFO - [2025-02-07T14:05:44.179+0000] {dag.py:4180} INFO - Setting next_dagrun for example_branch_datetime_operator to 2025-02-06 00:00:00+00:00, run_after=2025-02-07 00:00:00+00:00
[2025-02-07T14:05:44.184+0000] {logging_mixin.py:190} INFO - [2025-02-07T14:05:44.184+0000] {dag.py:4180} INFO - Setting next_dagrun for example_branch_datetime_operator_2 to 2025-02-06 00:00:00+00:00, run_after=2025-02-07 00:00:00+00:00
[2025-02-07T14:05:44.186+0000] {logging_mixin.py:190} INFO - [2025-02-07T14:05:44.186+0000] {dag.py:4180} INFO - Setting next_dagrun for example_branch_datetime_operator_3 to 2025-02-06 00:00:00+00:00, run_after=2025-02-07 00:00:00+00:00
[2025-02-07T14:05:44.198+0000] {processor.py:208} INFO - Processing /opt/conda/lib/python3.12/site-packages/airflow/example_dags/example_branch_datetime_operator.py took 0.081 seconds
[2025-02-07T14:06:47.947+0000] {processor.py:186} INFO - Started process (PID=1853) to work on /opt/conda/lib/python3.12/site-packages/airflow/example_dags/example_branch_datetime_operator.py
[2025-02-07T14:06:47.949+0000] {processor.py:914} INFO - Processing file /opt/conda/lib/python3.12/site-packages/airflow/example_dags/example_branch_datetime_operator.py for tasks to queue
[2025-02-07T14:06:47.951+0000] {logging_mixin.py:190} INFO - [2025-02-07T14:06:47.950+0000] {dagbag.py:588} INFO - Filling up the DagBag from /opt/conda/lib/python3.12/site-packages/airflow/example_dags/example_branch_datetime_operator.py
[2025-02-07T14:06:47.961+0000] {processor.py:925} INFO - DAG(s) 'example_branch_datetime_operator_2', 'example_branch_datetime_operator', 'example_branch_datetime_operator_3' retrieved from /opt/conda/lib/python3.12/site-packages/airflow/example_dags/example_branch_datetime_operator.py
[2025-02-07T14:06:47.982+0000] {logging_mixin.py:190} INFO - [2025-02-07T14:06:47.982+0000] {dag.py:3239} INFO - Sync 3 DAGs
[2025-02-07T14:06:47.995+0000] {logging_mixin.py:190} INFO - [2025-02-07T14:06:47.994+0000] {dag.py:4180} INFO - Setting next_dagrun for example_branch_datetime_operator to 2025-02-06 00:00:00+00:00, run_after=2025-02-07 00:00:00+00:00
[2025-02-07T14:06:47.997+0000] {logging_mixin.py:190} INFO - [2025-02-07T14:06:47.997+0000] {dag.py:4180} INFO - Setting next_dagrun for example_branch_datetime_operator_2 to 2025-02-06 00:00:00+00:00, run_after=2025-02-07 00:00:00+00:00
[2025-02-07T14:06:47.998+0000] {logging_mixin.py:190} INFO - [2025-02-07T14:06:47.998+0000] {dag.py:4180} INFO - Setting next_dagrun for example_branch_datetime_operator_3 to 2025-02-06 00:00:00+00:00, run_after=2025-02-07 00:00:00+00:00
[2025-02-07T14:06:48.010+0000] {processor.py:208} INFO - Processing /opt/conda/lib/python3.12/site-packages/airflow/example_dags/example_branch_datetime_operator.py took 0.073 seconds
