[2025-02-07T12:04:05.189+0000] {processor.py:186} INFO - Started process (PID=518) to work on /opt/conda/lib/python3.12/site-packages/airflow/example_dags/example_xcom.py
[2025-02-07T12:04:05.190+0000] {processor.py:914} INFO - Processing file /opt/conda/lib/python3.12/site-packages/airflow/example_dags/example_xcom.py for tasks to queue
[2025-02-07T12:04:05.196+0000] {logging_mixin.py:190} INFO - [2025-02-07T12:04:05.195+0000] {dagbag.py:588} INFO - Filling up the DagBag from /opt/conda/lib/python3.12/site-packages/airflow/example_dags/example_xcom.py
[2025-02-07T12:04:05.211+0000] {processor.py:925} INFO - DAG(s) 'example_xcom' retrieved from /opt/conda/lib/python3.12/site-packages/airflow/example_dags/example_xcom.py
[2025-02-07T12:04:05.240+0000] {logging_mixin.py:190} INFO - [2025-02-07T12:04:05.240+0000] {dag.py:3239} INFO - Sync 1 DAGs
[2025-02-07T12:04:05.260+0000] {logging_mixin.py:190} INFO - [2025-02-07T12:04:05.260+0000] {dag.py:4180} INFO - Setting next_dagrun for example_xcom to 2021-01-01 00:00:00+00:00, run_after=2021-01-01 00:00:00+00:00
[2025-02-07T12:04:05.284+0000] {processor.py:208} INFO - Processing /opt/conda/lib/python3.12/site-packages/airflow/example_dags/example_xcom.py took 0.102 seconds
[2025-02-07T12:16:44.235+0000] {processor.py:186} INFO - Started process (PID=4261) to work on /opt/conda/lib/python3.12/site-packages/airflow/example_dags/example_xcom.py
[2025-02-07T12:16:44.237+0000] {processor.py:914} INFO - Processing file /opt/conda/lib/python3.12/site-packages/airflow/example_dags/example_xcom.py for tasks to queue
[2025-02-07T12:16:44.241+0000] {logging_mixin.py:190} INFO - [2025-02-07T12:16:44.240+0000] {dagbag.py:588} INFO - Filling up the DagBag from /opt/conda/lib/python3.12/site-packages/airflow/example_dags/example_xcom.py
[2025-02-07T12:16:44.255+0000] {processor.py:925} INFO - DAG(s) 'example_xcom' retrieved from /opt/conda/lib/python3.12/site-packages/airflow/example_dags/example_xcom.py
[2025-02-07T12:16:44.277+0000] {logging_mixin.py:190} INFO - [2025-02-07T12:16:44.276+0000] {dag.py:3239} INFO - Sync 1 DAGs
[2025-02-07T12:16:44.296+0000] {logging_mixin.py:190} INFO - [2025-02-07T12:16:44.296+0000] {dag.py:4180} INFO - Setting next_dagrun for example_xcom to 2021-01-01 00:00:00+00:00, run_after=2021-01-01 00:00:00+00:00
[2025-02-07T12:16:44.317+0000] {processor.py:208} INFO - Processing /opt/conda/lib/python3.12/site-packages/airflow/example_dags/example_xcom.py took 0.092 seconds
[2025-02-07T12:29:10.333+0000] {processor.py:186} INFO - Started process (PID=811) to work on /opt/conda/lib/python3.12/site-packages/airflow/example_dags/example_xcom.py
[2025-02-07T12:29:10.334+0000] {processor.py:914} INFO - Processing file /opt/conda/lib/python3.12/site-packages/airflow/example_dags/example_xcom.py for tasks to queue
[2025-02-07T12:29:10.345+0000] {logging_mixin.py:190} INFO - [2025-02-07T12:29:10.335+0000] {dagbag.py:588} INFO - Filling up the DagBag from /opt/conda/lib/python3.12/site-packages/airflow/example_dags/example_xcom.py
[2025-02-07T12:29:10.359+0000] {processor.py:925} INFO - DAG(s) 'example_xcom' retrieved from /opt/conda/lib/python3.12/site-packages/airflow/example_dags/example_xcom.py
[2025-02-07T12:29:10.386+0000] {logging_mixin.py:190} INFO - [2025-02-07T12:29:10.386+0000] {dag.py:3239} INFO - Sync 1 DAGs
[2025-02-07T12:29:10.400+0000] {logging_mixin.py:190} INFO - [2025-02-07T12:29:10.400+0000] {dag.py:4180} INFO - Setting next_dagrun for example_xcom to 2021-01-01 00:00:00+00:00, run_after=2021-01-01 00:00:00+00:00
[2025-02-07T12:29:10.417+0000] {processor.py:208} INFO - Processing /opt/conda/lib/python3.12/site-packages/airflow/example_dags/example_xcom.py took 0.089 seconds
[2025-02-07T12:32:22.547+0000] {processor.py:186} INFO - Started process (PID=100) to work on /opt/conda/lib/python3.12/site-packages/airflow/example_dags/example_xcom.py
[2025-02-07T12:32:22.550+0000] {processor.py:914} INFO - Processing file /opt/conda/lib/python3.12/site-packages/airflow/example_dags/example_xcom.py for tasks to queue
[2025-02-07T12:32:22.555+0000] {logging_mixin.py:190} INFO - [2025-02-07T12:32:22.554+0000] {dagbag.py:588} INFO - Filling up the DagBag from /opt/conda/lib/python3.12/site-packages/airflow/example_dags/example_xcom.py
[2025-02-07T12:32:22.576+0000] {processor.py:925} INFO - DAG(s) 'example_xcom' retrieved from /opt/conda/lib/python3.12/site-packages/airflow/example_dags/example_xcom.py
[2025-02-07T12:32:22.628+0000] {logging_mixin.py:190} INFO - [2025-02-07T12:32:22.627+0000] {dag.py:3239} INFO - Sync 1 DAGs
[2025-02-07T12:32:22.664+0000] {logging_mixin.py:190} INFO - [2025-02-07T12:32:22.663+0000] {dag.py:4180} INFO - Setting next_dagrun for example_xcom to 2021-01-01 00:00:00+00:00, run_after=2021-01-01 00:00:00+00:00
[2025-02-07T12:32:22.697+0000] {processor.py:208} INFO - Processing /opt/conda/lib/python3.12/site-packages/airflow/example_dags/example_xcom.py took 0.175 seconds
[2025-02-07T12:36:11.009+0000] {processor.py:186} INFO - Started process (PID=78) to work on /opt/conda/lib/python3.12/site-packages/airflow/example_dags/example_xcom.py
[2025-02-07T12:36:11.012+0000] {processor.py:914} INFO - Processing file /opt/conda/lib/python3.12/site-packages/airflow/example_dags/example_xcom.py for tasks to queue
[2025-02-07T12:36:11.015+0000] {logging_mixin.py:190} INFO - [2025-02-07T12:36:11.015+0000] {dagbag.py:588} INFO - Filling up the DagBag from /opt/conda/lib/python3.12/site-packages/airflow/example_dags/example_xcom.py
[2025-02-07T12:36:11.044+0000] {processor.py:925} INFO - DAG(s) 'example_xcom' retrieved from /opt/conda/lib/python3.12/site-packages/airflow/example_dags/example_xcom.py
[2025-02-07T12:36:11.074+0000] {logging_mixin.py:190} INFO - [2025-02-07T12:36:11.074+0000] {dag.py:3239} INFO - Sync 1 DAGs
[2025-02-07T12:36:11.093+0000] {logging_mixin.py:190} INFO - [2025-02-07T12:36:11.093+0000] {dag.py:4180} INFO - Setting next_dagrun for example_xcom to 2021-01-01 00:00:00+00:00, run_after=2021-01-01 00:00:00+00:00
[2025-02-07T12:36:11.113+0000] {processor.py:208} INFO - Processing /opt/conda/lib/python3.12/site-packages/airflow/example_dags/example_xcom.py took 0.112 seconds
[2025-02-07T12:37:23.469+0000] {processor.py:186} INFO - Started process (PID=146) to work on /opt/conda/lib/python3.12/site-packages/airflow/example_dags/example_xcom.py
[2025-02-07T12:37:23.482+0000] {processor.py:914} INFO - Processing file /opt/conda/lib/python3.12/site-packages/airflow/example_dags/example_xcom.py for tasks to queue
[2025-02-07T12:37:23.496+0000] {logging_mixin.py:190} INFO - [2025-02-07T12:37:23.495+0000] {dagbag.py:588} INFO - Filling up the DagBag from /opt/conda/lib/python3.12/site-packages/airflow/example_dags/example_xcom.py
[2025-02-07T12:37:23.517+0000] {processor.py:925} INFO - DAG(s) 'example_xcom' retrieved from /opt/conda/lib/python3.12/site-packages/airflow/example_dags/example_xcom.py
[2025-02-07T12:37:23.539+0000] {logging_mixin.py:190} INFO - [2025-02-07T12:37:23.539+0000] {dag.py:3239} INFO - Sync 1 DAGs
[2025-02-07T12:37:23.559+0000] {logging_mixin.py:190} INFO - [2025-02-07T12:37:23.558+0000] {dag.py:4180} INFO - Setting next_dagrun for example_xcom to 2021-01-01 00:00:00+00:00, run_after=2021-01-01 00:00:00+00:00
[2025-02-07T12:37:23.583+0000] {processor.py:208} INFO - Processing /opt/conda/lib/python3.12/site-packages/airflow/example_dags/example_xcom.py took 0.130 seconds
[2025-02-07T12:38:26.396+0000] {processor.py:186} INFO - Started process (PID=216) to work on /opt/conda/lib/python3.12/site-packages/airflow/example_dags/example_xcom.py
[2025-02-07T12:38:26.397+0000] {processor.py:914} INFO - Processing file /opt/conda/lib/python3.12/site-packages/airflow/example_dags/example_xcom.py for tasks to queue
[2025-02-07T12:38:26.399+0000] {logging_mixin.py:190} INFO - [2025-02-07T12:38:26.398+0000] {dagbag.py:588} INFO - Filling up the DagBag from /opt/conda/lib/python3.12/site-packages/airflow/example_dags/example_xcom.py
[2025-02-07T12:38:26.408+0000] {processor.py:925} INFO - DAG(s) 'example_xcom' retrieved from /opt/conda/lib/python3.12/site-packages/airflow/example_dags/example_xcom.py
[2025-02-07T12:38:26.422+0000] {logging_mixin.py:190} INFO - [2025-02-07T12:38:26.422+0000] {dag.py:3239} INFO - Sync 1 DAGs
[2025-02-07T12:38:26.436+0000] {logging_mixin.py:190} INFO - [2025-02-07T12:38:26.435+0000] {dag.py:4180} INFO - Setting next_dagrun for example_xcom to 2021-01-01 00:00:00+00:00, run_after=2021-01-01 00:00:00+00:00
[2025-02-07T12:38:26.450+0000] {processor.py:208} INFO - Processing /opt/conda/lib/python3.12/site-packages/airflow/example_dags/example_xcom.py took 0.058 seconds
[2025-02-07T12:39:24.631+0000] {processor.py:186} INFO - Started process (PID=284) to work on /opt/conda/lib/python3.12/site-packages/airflow/example_dags/example_xcom.py
[2025-02-07T12:39:24.631+0000] {processor.py:914} INFO - Processing file /opt/conda/lib/python3.12/site-packages/airflow/example_dags/example_xcom.py for tasks to queue
[2025-02-07T12:39:24.633+0000] {logging_mixin.py:190} INFO - [2025-02-07T12:39:24.632+0000] {dagbag.py:588} INFO - Filling up the DagBag from /opt/conda/lib/python3.12/site-packages/airflow/example_dags/example_xcom.py
[2025-02-07T12:39:24.638+0000] {processor.py:925} INFO - DAG(s) 'example_xcom' retrieved from /opt/conda/lib/python3.12/site-packages/airflow/example_dags/example_xcom.py
[2025-02-07T12:39:24.649+0000] {logging_mixin.py:190} INFO - [2025-02-07T12:39:24.648+0000] {dag.py:3239} INFO - Sync 1 DAGs
[2025-02-07T12:39:24.663+0000] {logging_mixin.py:190} INFO - [2025-02-07T12:39:24.663+0000] {dag.py:4180} INFO - Setting next_dagrun for example_xcom to 2021-01-01 00:00:00+00:00, run_after=2021-01-01 00:00:00+00:00
[2025-02-07T12:39:24.677+0000] {processor.py:208} INFO - Processing /opt/conda/lib/python3.12/site-packages/airflow/example_dags/example_xcom.py took 0.051 seconds
[2025-02-07T12:40:20.142+0000] {processor.py:186} INFO - Started process (PID=341) to work on /opt/conda/lib/python3.12/site-packages/airflow/example_dags/example_xcom.py
[2025-02-07T12:40:20.143+0000] {processor.py:914} INFO - Processing file /opt/conda/lib/python3.12/site-packages/airflow/example_dags/example_xcom.py for tasks to queue
[2025-02-07T12:40:20.145+0000] {logging_mixin.py:190} INFO - [2025-02-07T12:40:20.145+0000] {dagbag.py:588} INFO - Filling up the DagBag from /opt/conda/lib/python3.12/site-packages/airflow/example_dags/example_xcom.py
[2025-02-07T12:40:20.154+0000] {processor.py:925} INFO - DAG(s) 'example_xcom' retrieved from /opt/conda/lib/python3.12/site-packages/airflow/example_dags/example_xcom.py
[2025-02-07T12:40:20.167+0000] {logging_mixin.py:190} INFO - [2025-02-07T12:40:20.167+0000] {dag.py:3239} INFO - Sync 1 DAGs
[2025-02-07T12:40:20.180+0000] {logging_mixin.py:190} INFO - [2025-02-07T12:40:20.180+0000] {dag.py:4180} INFO - Setting next_dagrun for example_xcom to 2021-01-01 00:00:00+00:00, run_after=2021-01-01 00:00:00+00:00
[2025-02-07T12:40:20.199+0000] {processor.py:208} INFO - Processing /opt/conda/lib/python3.12/site-packages/airflow/example_dags/example_xcom.py took 0.062 seconds
[2025-02-07T12:41:18.028+0000] {processor.py:186} INFO - Started process (PID=409) to work on /opt/conda/lib/python3.12/site-packages/airflow/example_dags/example_xcom.py
[2025-02-07T12:41:18.029+0000] {processor.py:914} INFO - Processing file /opt/conda/lib/python3.12/site-packages/airflow/example_dags/example_xcom.py for tasks to queue
[2025-02-07T12:41:18.031+0000] {logging_mixin.py:190} INFO - [2025-02-07T12:41:18.031+0000] {dagbag.py:588} INFO - Filling up the DagBag from /opt/conda/lib/python3.12/site-packages/airflow/example_dags/example_xcom.py
[2025-02-07T12:41:18.041+0000] {processor.py:925} INFO - DAG(s) 'example_xcom' retrieved from /opt/conda/lib/python3.12/site-packages/airflow/example_dags/example_xcom.py
[2025-02-07T12:41:18.054+0000] {logging_mixin.py:190} INFO - [2025-02-07T12:41:18.054+0000] {dag.py:3239} INFO - Sync 1 DAGs
[2025-02-07T12:41:18.067+0000] {logging_mixin.py:190} INFO - [2025-02-07T12:41:18.066+0000] {dag.py:4180} INFO - Setting next_dagrun for example_xcom to 2021-01-01 00:00:00+00:00, run_after=2021-01-01 00:00:00+00:00
[2025-02-07T12:41:18.081+0000] {processor.py:208} INFO - Processing /opt/conda/lib/python3.12/site-packages/airflow/example_dags/example_xcom.py took 0.060 seconds
[2025-02-07T12:45:58.785+0000] {processor.py:186} INFO - Started process (PID=2410) to work on /opt/conda/lib/python3.12/site-packages/airflow/example_dags/example_xcom.py
[2025-02-07T12:45:58.786+0000] {processor.py:914} INFO - Processing file /opt/conda/lib/python3.12/site-packages/airflow/example_dags/example_xcom.py for tasks to queue
[2025-02-07T12:45:58.789+0000] {logging_mixin.py:190} INFO - [2025-02-07T12:45:58.789+0000] {dagbag.py:588} INFO - Filling up the DagBag from /opt/conda/lib/python3.12/site-packages/airflow/example_dags/example_xcom.py
[2025-02-07T12:45:58.799+0000] {processor.py:925} INFO - DAG(s) 'example_xcom' retrieved from /opt/conda/lib/python3.12/site-packages/airflow/example_dags/example_xcom.py
[2025-02-07T12:45:58.813+0000] {logging_mixin.py:190} INFO - [2025-02-07T12:45:58.812+0000] {dag.py:3239} INFO - Sync 1 DAGs
[2025-02-07T12:45:58.835+0000] {logging_mixin.py:190} INFO - [2025-02-07T12:45:58.835+0000] {dag.py:4180} INFO - Setting next_dagrun for example_xcom to 2021-01-01 00:00:00+00:00, run_after=2021-01-01 00:00:00+00:00
[2025-02-07T12:45:58.861+0000] {processor.py:208} INFO - Processing /opt/conda/lib/python3.12/site-packages/airflow/example_dags/example_xcom.py took 0.082 seconds
[2025-02-07T12:54:48.582+0000] {processor.py:186} INFO - Started process (PID=5986) to work on /opt/conda/lib/python3.12/site-packages/airflow/example_dags/example_xcom.py
[2025-02-07T12:54:48.583+0000] {processor.py:914} INFO - Processing file /opt/conda/lib/python3.12/site-packages/airflow/example_dags/example_xcom.py for tasks to queue
[2025-02-07T12:54:48.585+0000] {logging_mixin.py:190} INFO - [2025-02-07T12:54:48.585+0000] {dagbag.py:588} INFO - Filling up the DagBag from /opt/conda/lib/python3.12/site-packages/airflow/example_dags/example_xcom.py
[2025-02-07T12:54:48.591+0000] {processor.py:925} INFO - DAG(s) 'example_xcom' retrieved from /opt/conda/lib/python3.12/site-packages/airflow/example_dags/example_xcom.py
[2025-02-07T12:54:48.601+0000] {logging_mixin.py:190} INFO - [2025-02-07T12:54:48.601+0000] {dag.py:3239} INFO - Sync 1 DAGs
[2025-02-07T12:54:48.612+0000] {logging_mixin.py:190} INFO - [2025-02-07T12:54:48.612+0000] {dag.py:4180} INFO - Setting next_dagrun for example_xcom to 2021-01-01 00:00:00+00:00, run_after=2021-01-01 00:00:00+00:00
[2025-02-07T12:54:48.629+0000] {processor.py:208} INFO - Processing /opt/conda/lib/python3.12/site-packages/airflow/example_dags/example_xcom.py took 0.049 seconds
[2025-02-07T13:02:46.837+0000] {processor.py:186} INFO - Started process (PID=346) to work on /opt/conda/lib/python3.12/site-packages/airflow/example_dags/example_xcom.py
[2025-02-07T13:02:46.838+0000] {processor.py:914} INFO - Processing file /opt/conda/lib/python3.12/site-packages/airflow/example_dags/example_xcom.py for tasks to queue
[2025-02-07T13:02:46.840+0000] {logging_mixin.py:190} INFO - [2025-02-07T13:02:46.840+0000] {dagbag.py:588} INFO - Filling up the DagBag from /opt/conda/lib/python3.12/site-packages/airflow/example_dags/example_xcom.py
[2025-02-07T13:02:46.848+0000] {processor.py:925} INFO - DAG(s) 'example_xcom' retrieved from /opt/conda/lib/python3.12/site-packages/airflow/example_dags/example_xcom.py
[2025-02-07T13:02:46.863+0000] {logging_mixin.py:190} INFO - [2025-02-07T13:02:46.863+0000] {dag.py:3239} INFO - Sync 1 DAGs
[2025-02-07T13:02:46.875+0000] {logging_mixin.py:190} INFO - [2025-02-07T13:02:46.875+0000] {dag.py:4180} INFO - Setting next_dagrun for example_xcom to 2021-01-01 00:00:00+00:00, run_after=2021-01-01 00:00:00+00:00
[2025-02-07T13:02:46.889+0000] {processor.py:208} INFO - Processing /opt/conda/lib/python3.12/site-packages/airflow/example_dags/example_xcom.py took 0.055 seconds
[2025-02-07T13:06:43.210+0000] {processor.py:186} INFO - Started process (PID=364) to work on /opt/conda/lib/python3.12/site-packages/airflow/example_dags/example_xcom.py
[2025-02-07T13:06:43.211+0000] {processor.py:914} INFO - Processing file /opt/conda/lib/python3.12/site-packages/airflow/example_dags/example_xcom.py for tasks to queue
[2025-02-07T13:06:43.214+0000] {logging_mixin.py:190} INFO - [2025-02-07T13:06:43.213+0000] {dagbag.py:588} INFO - Filling up the DagBag from /opt/conda/lib/python3.12/site-packages/airflow/example_dags/example_xcom.py
[2025-02-07T13:06:43.224+0000] {processor.py:925} INFO - DAG(s) 'example_xcom' retrieved from /opt/conda/lib/python3.12/site-packages/airflow/example_dags/example_xcom.py
[2025-02-07T13:06:43.243+0000] {logging_mixin.py:190} INFO - [2025-02-07T13:06:43.243+0000] {dag.py:3239} INFO - Sync 1 DAGs
[2025-02-07T13:06:43.275+0000] {logging_mixin.py:190} INFO - [2025-02-07T13:06:43.275+0000] {dag.py:4180} INFO - Setting next_dagrun for example_xcom to 2021-01-01 00:00:00+00:00, run_after=2021-01-01 00:00:00+00:00
[2025-02-07T13:06:43.295+0000] {processor.py:208} INFO - Processing /opt/conda/lib/python3.12/site-packages/airflow/example_dags/example_xcom.py took 0.092 seconds
[2025-02-07T13:09:47.377+0000] {processor.py:186} INFO - Started process (PID=320) to work on /opt/conda/lib/python3.12/site-packages/airflow/example_dags/example_xcom.py
[2025-02-07T13:09:47.378+0000] {processor.py:914} INFO - Processing file /opt/conda/lib/python3.12/site-packages/airflow/example_dags/example_xcom.py for tasks to queue
[2025-02-07T13:09:47.381+0000] {logging_mixin.py:190} INFO - [2025-02-07T13:09:47.380+0000] {dagbag.py:588} INFO - Filling up the DagBag from /opt/conda/lib/python3.12/site-packages/airflow/example_dags/example_xcom.py
[2025-02-07T13:09:47.391+0000] {processor.py:925} INFO - DAG(s) 'example_xcom' retrieved from /opt/conda/lib/python3.12/site-packages/airflow/example_dags/example_xcom.py
[2025-02-07T13:09:47.411+0000] {logging_mixin.py:190} INFO - [2025-02-07T13:09:47.411+0000] {dag.py:3239} INFO - Sync 1 DAGs
[2025-02-07T13:09:47.561+0000] {logging_mixin.py:190} INFO - [2025-02-07T13:09:47.560+0000] {dag.py:4180} INFO - Setting next_dagrun for example_xcom to 2021-01-01 00:00:00+00:00, run_after=2021-01-01 00:00:00+00:00
[2025-02-07T13:09:47.589+0000] {processor.py:208} INFO - Processing /opt/conda/lib/python3.12/site-packages/airflow/example_dags/example_xcom.py took 0.216 seconds
[2025-02-07T13:18:15.557+0000] {processor.py:186} INFO - Started process (PID=694) to work on /opt/conda/lib/python3.12/site-packages/airflow/example_dags/example_xcom.py
[2025-02-07T13:18:15.559+0000] {processor.py:914} INFO - Processing file /opt/conda/lib/python3.12/site-packages/airflow/example_dags/example_xcom.py for tasks to queue
[2025-02-07T13:18:15.562+0000] {logging_mixin.py:190} INFO - [2025-02-07T13:18:15.561+0000] {dagbag.py:588} INFO - Filling up the DagBag from /opt/conda/lib/python3.12/site-packages/airflow/example_dags/example_xcom.py
[2025-02-07T13:18:15.571+0000] {processor.py:925} INFO - DAG(s) 'example_xcom' retrieved from /opt/conda/lib/python3.12/site-packages/airflow/example_dags/example_xcom.py
[2025-02-07T13:18:15.602+0000] {logging_mixin.py:190} INFO - [2025-02-07T13:18:15.601+0000] {dag.py:3239} INFO - Sync 1 DAGs
[2025-02-07T13:18:15.616+0000] {logging_mixin.py:190} INFO - [2025-02-07T13:18:15.616+0000] {dag.py:4180} INFO - Setting next_dagrun for example_xcom to 2021-01-01 00:00:00+00:00, run_after=2021-01-01 00:00:00+00:00
[2025-02-07T13:18:15.630+0000] {processor.py:208} INFO - Processing /opt/conda/lib/python3.12/site-packages/airflow/example_dags/example_xcom.py took 0.077 seconds
[2025-02-07T13:24:33.703+0000] {processor.py:186} INFO - Started process (PID=474) to work on /opt/conda/lib/python3.12/site-packages/airflow/example_dags/example_xcom.py
[2025-02-07T13:24:33.711+0000] {processor.py:914} INFO - Processing file /opt/conda/lib/python3.12/site-packages/airflow/example_dags/example_xcom.py for tasks to queue
[2025-02-07T13:24:33.727+0000] {logging_mixin.py:190} INFO - [2025-02-07T13:24:33.715+0000] {dagbag.py:588} INFO - Filling up the DagBag from /opt/conda/lib/python3.12/site-packages/airflow/example_dags/example_xcom.py
[2025-02-07T13:24:33.795+0000] {processor.py:925} INFO - DAG(s) 'example_xcom' retrieved from /opt/conda/lib/python3.12/site-packages/airflow/example_dags/example_xcom.py
[2025-02-07T13:24:33.902+0000] {logging_mixin.py:190} INFO - [2025-02-07T13:24:33.902+0000] {dag.py:3239} INFO - Sync 1 DAGs
[2025-02-07T13:24:33.969+0000] {logging_mixin.py:190} INFO - [2025-02-07T13:24:33.969+0000] {dag.py:4180} INFO - Setting next_dagrun for example_xcom to 2021-01-01 00:00:00+00:00, run_after=2021-01-01 00:00:00+00:00
[2025-02-07T13:24:34.074+0000] {processor.py:208} INFO - Processing /opt/conda/lib/python3.12/site-packages/airflow/example_dags/example_xcom.py took 0.445 seconds
[2025-02-07T13:26:56.937+0000] {processor.py:186} INFO - Started process (PID=173) to work on /opt/conda/lib/python3.12/site-packages/airflow/example_dags/example_xcom.py
[2025-02-07T13:26:56.938+0000] {processor.py:914} INFO - Processing file /opt/conda/lib/python3.12/site-packages/airflow/example_dags/example_xcom.py for tasks to queue
[2025-02-07T13:26:56.939+0000] {logging_mixin.py:190} INFO - [2025-02-07T13:26:56.939+0000] {dagbag.py:588} INFO - Filling up the DagBag from /opt/conda/lib/python3.12/site-packages/airflow/example_dags/example_xcom.py
[2025-02-07T13:26:56.945+0000] {processor.py:925} INFO - DAG(s) 'example_xcom' retrieved from /opt/conda/lib/python3.12/site-packages/airflow/example_dags/example_xcom.py
[2025-02-07T13:26:56.958+0000] {logging_mixin.py:190} INFO - [2025-02-07T13:26:56.958+0000] {dag.py:3239} INFO - Sync 1 DAGs
[2025-02-07T13:26:56.969+0000] {logging_mixin.py:190} INFO - [2025-02-07T13:26:56.969+0000] {dag.py:4180} INFO - Setting next_dagrun for example_xcom to 2021-01-01 00:00:00+00:00, run_after=2021-01-01 00:00:00+00:00
[2025-02-07T13:26:57.002+0000] {processor.py:208} INFO - Processing /opt/conda/lib/python3.12/site-packages/airflow/example_dags/example_xcom.py took 0.069 seconds
[2025-02-07T13:28:28.799+0000] {processor.py:186} INFO - Started process (PID=326) to work on /opt/conda/lib/python3.12/site-packages/airflow/example_dags/example_xcom.py
[2025-02-07T13:28:28.801+0000] {processor.py:914} INFO - Processing file /opt/conda/lib/python3.12/site-packages/airflow/example_dags/example_xcom.py for tasks to queue
[2025-02-07T13:28:28.915+0000] {logging_mixin.py:190} INFO - [2025-02-07T13:28:28.808+0000] {dagbag.py:588} INFO - Filling up the DagBag from /opt/conda/lib/python3.12/site-packages/airflow/example_dags/example_xcom.py
[2025-02-07T13:28:28.979+0000] {processor.py:925} INFO - DAG(s) 'example_xcom' retrieved from /opt/conda/lib/python3.12/site-packages/airflow/example_dags/example_xcom.py
[2025-02-07T13:28:29.003+0000] {logging_mixin.py:190} INFO - [2025-02-07T13:28:29.003+0000] {dag.py:3239} INFO - Sync 1 DAGs
[2025-02-07T13:28:29.028+0000] {logging_mixin.py:190} INFO - [2025-02-07T13:28:29.028+0000] {dag.py:4180} INFO - Setting next_dagrun for example_xcom to 2021-01-01 00:00:00+00:00, run_after=2021-01-01 00:00:00+00:00
[2025-02-07T13:28:29.063+0000] {processor.py:208} INFO - Processing /opt/conda/lib/python3.12/site-packages/airflow/example_dags/example_xcom.py took 0.289 seconds
[2025-02-07T13:29:17.830+0000] {processor.py:186} INFO - Started process (PID=373) to work on /opt/conda/lib/python3.12/site-packages/airflow/example_dags/example_xcom.py
[2025-02-07T13:29:17.835+0000] {processor.py:914} INFO - Processing file /opt/conda/lib/python3.12/site-packages/airflow/example_dags/example_xcom.py for tasks to queue
[2025-02-07T13:29:17.840+0000] {logging_mixin.py:190} INFO - [2025-02-07T13:29:17.839+0000] {dagbag.py:588} INFO - Filling up the DagBag from /opt/conda/lib/python3.12/site-packages/airflow/example_dags/example_xcom.py
[2025-02-07T13:29:17.853+0000] {processor.py:925} INFO - DAG(s) 'example_xcom' retrieved from /opt/conda/lib/python3.12/site-packages/airflow/example_dags/example_xcom.py
[2025-02-07T13:29:17.881+0000] {logging_mixin.py:190} INFO - [2025-02-07T13:29:17.881+0000] {dag.py:3239} INFO - Sync 1 DAGs
[2025-02-07T13:29:17.914+0000] {logging_mixin.py:190} INFO - [2025-02-07T13:29:17.914+0000] {dag.py:4180} INFO - Setting next_dagrun for example_xcom to 2021-01-01 00:00:00+00:00, run_after=2021-01-01 00:00:00+00:00
[2025-02-07T13:29:17.952+0000] {processor.py:208} INFO - Processing /opt/conda/lib/python3.12/site-packages/airflow/example_dags/example_xcom.py took 0.134 seconds
[2025-02-07T13:30:23.225+0000] {processor.py:186} INFO - Started process (PID=453) to work on /opt/conda/lib/python3.12/site-packages/airflow/example_dags/example_xcom.py
[2025-02-07T13:30:23.226+0000] {processor.py:914} INFO - Processing file /opt/conda/lib/python3.12/site-packages/airflow/example_dags/example_xcom.py for tasks to queue
[2025-02-07T13:30:23.228+0000] {logging_mixin.py:190} INFO - [2025-02-07T13:30:23.228+0000] {dagbag.py:588} INFO - Filling up the DagBag from /opt/conda/lib/python3.12/site-packages/airflow/example_dags/example_xcom.py
[2025-02-07T13:30:23.237+0000] {processor.py:925} INFO - DAG(s) 'example_xcom' retrieved from /opt/conda/lib/python3.12/site-packages/airflow/example_dags/example_xcom.py
[2025-02-07T13:30:23.252+0000] {logging_mixin.py:190} INFO - [2025-02-07T13:30:23.252+0000] {dag.py:3239} INFO - Sync 1 DAGs
[2025-02-07T13:30:23.268+0000] {logging_mixin.py:190} INFO - [2025-02-07T13:30:23.267+0000] {dag.py:4180} INFO - Setting next_dagrun for example_xcom to 2021-01-01 00:00:00+00:00, run_after=2021-01-01 00:00:00+00:00
[2025-02-07T13:30:23.286+0000] {processor.py:208} INFO - Processing /opt/conda/lib/python3.12/site-packages/airflow/example_dags/example_xcom.py took 0.065 seconds
[2025-02-07T13:32:59.951+0000] {processor.py:186} INFO - Started process (PID=296) to work on /opt/conda/lib/python3.12/site-packages/airflow/example_dags/example_xcom.py
[2025-02-07T13:32:59.953+0000] {processor.py:914} INFO - Processing file /opt/conda/lib/python3.12/site-packages/airflow/example_dags/example_xcom.py for tasks to queue
[2025-02-07T13:32:59.957+0000] {logging_mixin.py:190} INFO - [2025-02-07T13:32:59.956+0000] {dagbag.py:588} INFO - Filling up the DagBag from /opt/conda/lib/python3.12/site-packages/airflow/example_dags/example_xcom.py
[2025-02-07T13:32:59.978+0000] {processor.py:925} INFO - DAG(s) 'example_xcom' retrieved from /opt/conda/lib/python3.12/site-packages/airflow/example_dags/example_xcom.py
[2025-02-07T13:33:00.040+0000] {logging_mixin.py:190} INFO - [2025-02-07T13:33:00.036+0000] {dag.py:3239} INFO - Sync 1 DAGs
[2025-02-07T13:33:00.089+0000] {logging_mixin.py:190} INFO - [2025-02-07T13:33:00.088+0000] {dag.py:4180} INFO - Setting next_dagrun for example_xcom to 2021-01-01 00:00:00+00:00, run_after=2021-01-01 00:00:00+00:00
[2025-02-07T13:33:00.125+0000] {processor.py:208} INFO - Processing /opt/conda/lib/python3.12/site-packages/airflow/example_dags/example_xcom.py took 0.177 seconds
[2025-02-07T13:34:50.431+0000] {processor.py:186} INFO - Started process (PID=186) to work on /opt/conda/lib/python3.12/site-packages/airflow/example_dags/example_xcom.py
[2025-02-07T13:34:50.434+0000] {processor.py:914} INFO - Processing file /opt/conda/lib/python3.12/site-packages/airflow/example_dags/example_xcom.py for tasks to queue
[2025-02-07T13:34:50.436+0000] {logging_mixin.py:190} INFO - [2025-02-07T13:34:50.436+0000] {dagbag.py:588} INFO - Filling up the DagBag from /opt/conda/lib/python3.12/site-packages/airflow/example_dags/example_xcom.py
[2025-02-07T13:34:50.445+0000] {processor.py:925} INFO - DAG(s) 'example_xcom' retrieved from /opt/conda/lib/python3.12/site-packages/airflow/example_dags/example_xcom.py
[2025-02-07T13:34:50.467+0000] {logging_mixin.py:190} INFO - [2025-02-07T13:34:50.467+0000] {dag.py:3239} INFO - Sync 1 DAGs
[2025-02-07T13:34:50.480+0000] {logging_mixin.py:190} INFO - [2025-02-07T13:34:50.480+0000] {dag.py:4180} INFO - Setting next_dagrun for example_xcom to 2021-01-01 00:00:00+00:00, run_after=2021-01-01 00:00:00+00:00
[2025-02-07T13:34:50.495+0000] {processor.py:208} INFO - Processing /opt/conda/lib/python3.12/site-packages/airflow/example_dags/example_xcom.py took 0.068 seconds
[2025-02-07T13:35:59.100+0000] {processor.py:186} INFO - Started process (PID=77) to work on /opt/conda/lib/python3.12/site-packages/airflow/example_dags/example_xcom.py
[2025-02-07T13:35:59.101+0000] {processor.py:914} INFO - Processing file /opt/conda/lib/python3.12/site-packages/airflow/example_dags/example_xcom.py for tasks to queue
[2025-02-07T13:35:59.108+0000] {logging_mixin.py:190} INFO - [2025-02-07T13:35:59.108+0000] {dagbag.py:588} INFO - Filling up the DagBag from /opt/conda/lib/python3.12/site-packages/airflow/example_dags/example_xcom.py
[2025-02-07T13:35:59.129+0000] {processor.py:925} INFO - DAG(s) 'example_xcom' retrieved from /opt/conda/lib/python3.12/site-packages/airflow/example_dags/example_xcom.py
[2025-02-07T13:35:59.162+0000] {logging_mixin.py:190} INFO - [2025-02-07T13:35:59.162+0000] {dag.py:3239} INFO - Sync 1 DAGs
[2025-02-07T13:35:59.187+0000] {logging_mixin.py:190} INFO - [2025-02-07T13:35:59.187+0000] {dag.py:4180} INFO - Setting next_dagrun for example_xcom to 2021-01-01 00:00:00+00:00, run_after=2021-01-01 00:00:00+00:00
[2025-02-07T13:35:59.228+0000] {processor.py:208} INFO - Processing /opt/conda/lib/python3.12/site-packages/airflow/example_dags/example_xcom.py took 0.131 seconds
[2025-02-07T13:37:57.568+0000] {processor.py:186} INFO - Started process (PID=301) to work on /opt/conda/lib/python3.12/site-packages/airflow/example_dags/example_xcom.py
[2025-02-07T13:37:57.571+0000] {processor.py:914} INFO - Processing file /opt/conda/lib/python3.12/site-packages/airflow/example_dags/example_xcom.py for tasks to queue
[2025-02-07T13:37:57.581+0000] {logging_mixin.py:190} INFO - [2025-02-07T13:37:57.580+0000] {dagbag.py:588} INFO - Filling up the DagBag from /opt/conda/lib/python3.12/site-packages/airflow/example_dags/example_xcom.py
[2025-02-07T13:37:57.621+0000] {processor.py:925} INFO - DAG(s) 'example_xcom' retrieved from /opt/conda/lib/python3.12/site-packages/airflow/example_dags/example_xcom.py
[2025-02-07T13:37:57.690+0000] {logging_mixin.py:190} INFO - [2025-02-07T13:37:57.690+0000] {dag.py:3239} INFO - Sync 1 DAGs
[2025-02-07T13:37:57.733+0000] {logging_mixin.py:190} INFO - [2025-02-07T13:37:57.732+0000] {dag.py:4180} INFO - Setting next_dagrun for example_xcom to 2021-01-01 00:00:00+00:00, run_after=2021-01-01 00:00:00+00:00
[2025-02-07T13:37:57.781+0000] {processor.py:208} INFO - Processing /opt/conda/lib/python3.12/site-packages/airflow/example_dags/example_xcom.py took 0.237 seconds
[2025-02-07T13:39:22.429+0000] {processor.py:186} INFO - Started process (PID=479) to work on /opt/conda/lib/python3.12/site-packages/airflow/example_dags/example_xcom.py
[2025-02-07T13:39:22.431+0000] {processor.py:914} INFO - Processing file /opt/conda/lib/python3.12/site-packages/airflow/example_dags/example_xcom.py for tasks to queue
[2025-02-07T13:39:22.433+0000] {logging_mixin.py:190} INFO - [2025-02-07T13:39:22.432+0000] {dagbag.py:588} INFO - Filling up the DagBag from /opt/conda/lib/python3.12/site-packages/airflow/example_dags/example_xcom.py
[2025-02-07T13:39:22.441+0000] {processor.py:925} INFO - DAG(s) 'example_xcom' retrieved from /opt/conda/lib/python3.12/site-packages/airflow/example_dags/example_xcom.py
[2025-02-07T13:39:22.454+0000] {logging_mixin.py:190} INFO - [2025-02-07T13:39:22.454+0000] {dag.py:3239} INFO - Sync 1 DAGs
[2025-02-07T13:39:22.468+0000] {logging_mixin.py:190} INFO - [2025-02-07T13:39:22.468+0000] {dag.py:4180} INFO - Setting next_dagrun for example_xcom to 2021-01-01 00:00:00+00:00, run_after=2021-01-01 00:00:00+00:00
[2025-02-07T13:39:22.481+0000] {processor.py:208} INFO - Processing /opt/conda/lib/python3.12/site-packages/airflow/example_dags/example_xcom.py took 0.057 seconds
[2025-02-07T13:40:20.776+0000] {processor.py:186} INFO - Started process (PID=547) to work on /opt/conda/lib/python3.12/site-packages/airflow/example_dags/example_xcom.py
[2025-02-07T13:40:20.777+0000] {processor.py:914} INFO - Processing file /opt/conda/lib/python3.12/site-packages/airflow/example_dags/example_xcom.py for tasks to queue
[2025-02-07T13:40:20.779+0000] {logging_mixin.py:190} INFO - [2025-02-07T13:40:20.779+0000] {dagbag.py:588} INFO - Filling up the DagBag from /opt/conda/lib/python3.12/site-packages/airflow/example_dags/example_xcom.py
[2025-02-07T13:40:20.787+0000] {processor.py:925} INFO - DAG(s) 'example_xcom' retrieved from /opt/conda/lib/python3.12/site-packages/airflow/example_dags/example_xcom.py
[2025-02-07T13:40:20.800+0000] {logging_mixin.py:190} INFO - [2025-02-07T13:40:20.800+0000] {dag.py:3239} INFO - Sync 1 DAGs
[2025-02-07T13:40:20.815+0000] {logging_mixin.py:190} INFO - [2025-02-07T13:40:20.815+0000] {dag.py:4180} INFO - Setting next_dagrun for example_xcom to 2021-01-01 00:00:00+00:00, run_after=2021-01-01 00:00:00+00:00
[2025-02-07T13:40:20.828+0000] {processor.py:208} INFO - Processing /opt/conda/lib/python3.12/site-packages/airflow/example_dags/example_xcom.py took 0.057 seconds
[2025-02-07T13:41:18.240+0000] {processor.py:186} INFO - Started process (PID=614) to work on /opt/conda/lib/python3.12/site-packages/airflow/example_dags/example_xcom.py
[2025-02-07T13:41:18.241+0000] {processor.py:914} INFO - Processing file /opt/conda/lib/python3.12/site-packages/airflow/example_dags/example_xcom.py for tasks to queue
[2025-02-07T13:41:18.243+0000] {logging_mixin.py:190} INFO - [2025-02-07T13:41:18.243+0000] {dagbag.py:588} INFO - Filling up the DagBag from /opt/conda/lib/python3.12/site-packages/airflow/example_dags/example_xcom.py
[2025-02-07T13:41:18.252+0000] {processor.py:925} INFO - DAG(s) 'example_xcom' retrieved from /opt/conda/lib/python3.12/site-packages/airflow/example_dags/example_xcom.py
[2025-02-07T13:41:18.265+0000] {logging_mixin.py:190} INFO - [2025-02-07T13:41:18.265+0000] {dag.py:3239} INFO - Sync 1 DAGs
[2025-02-07T13:41:18.278+0000] {logging_mixin.py:190} INFO - [2025-02-07T13:41:18.278+0000] {dag.py:4180} INFO - Setting next_dagrun for example_xcom to 2021-01-01 00:00:00+00:00, run_after=2021-01-01 00:00:00+00:00
[2025-02-07T13:41:18.292+0000] {processor.py:208} INFO - Processing /opt/conda/lib/python3.12/site-packages/airflow/example_dags/example_xcom.py took 0.059 seconds
[2025-02-07T13:42:26.977+0000] {processor.py:186} INFO - Started process (PID=782) to work on /opt/conda/lib/python3.12/site-packages/airflow/example_dags/example_xcom.py
[2025-02-07T13:42:26.978+0000] {processor.py:914} INFO - Processing file /opt/conda/lib/python3.12/site-packages/airflow/example_dags/example_xcom.py for tasks to queue
[2025-02-07T13:42:26.980+0000] {logging_mixin.py:190} INFO - [2025-02-07T13:42:26.980+0000] {dagbag.py:588} INFO - Filling up the DagBag from /opt/conda/lib/python3.12/site-packages/airflow/example_dags/example_xcom.py
[2025-02-07T13:42:26.988+0000] {processor.py:925} INFO - DAG(s) 'example_xcom' retrieved from /opt/conda/lib/python3.12/site-packages/airflow/example_dags/example_xcom.py
[2025-02-07T13:42:27.001+0000] {logging_mixin.py:190} INFO - [2025-02-07T13:42:27.001+0000] {dag.py:3239} INFO - Sync 1 DAGs
[2025-02-07T13:42:27.016+0000] {logging_mixin.py:190} INFO - [2025-02-07T13:42:27.016+0000] {dag.py:4180} INFO - Setting next_dagrun for example_xcom to 2021-01-01 00:00:00+00:00, run_after=2021-01-01 00:00:00+00:00
[2025-02-07T13:42:27.031+0000] {processor.py:208} INFO - Processing /opt/conda/lib/python3.12/site-packages/airflow/example_dags/example_xcom.py took 0.059 seconds
[2025-02-07T13:43:27.854+0000] {processor.py:186} INFO - Started process (PID=855) to work on /opt/conda/lib/python3.12/site-packages/airflow/example_dags/example_xcom.py
[2025-02-07T13:43:27.855+0000] {processor.py:914} INFO - Processing file /opt/conda/lib/python3.12/site-packages/airflow/example_dags/example_xcom.py for tasks to queue
[2025-02-07T13:43:27.857+0000] {logging_mixin.py:190} INFO - [2025-02-07T13:43:27.857+0000] {dagbag.py:588} INFO - Filling up the DagBag from /opt/conda/lib/python3.12/site-packages/airflow/example_dags/example_xcom.py
[2025-02-07T13:43:27.865+0000] {processor.py:925} INFO - DAG(s) 'example_xcom' retrieved from /opt/conda/lib/python3.12/site-packages/airflow/example_dags/example_xcom.py
[2025-02-07T13:43:27.878+0000] {logging_mixin.py:190} INFO - [2025-02-07T13:43:27.878+0000] {dag.py:3239} INFO - Sync 1 DAGs
[2025-02-07T13:43:27.894+0000] {logging_mixin.py:190} INFO - [2025-02-07T13:43:27.894+0000] {dag.py:4180} INFO - Setting next_dagrun for example_xcom to 2021-01-01 00:00:00+00:00, run_after=2021-01-01 00:00:00+00:00
[2025-02-07T13:43:27.910+0000] {processor.py:208} INFO - Processing /opt/conda/lib/python3.12/site-packages/airflow/example_dags/example_xcom.py took 0.062 seconds
[2025-02-07T13:44:16.464+0000] {processor.py:186} INFO - Started process (PID=1006) to work on /opt/conda/lib/python3.12/site-packages/airflow/example_dags/example_xcom.py
[2025-02-07T13:44:16.465+0000] {processor.py:914} INFO - Processing file /opt/conda/lib/python3.12/site-packages/airflow/example_dags/example_xcom.py for tasks to queue
[2025-02-07T13:44:16.467+0000] {logging_mixin.py:190} INFO - [2025-02-07T13:44:16.466+0000] {dagbag.py:588} INFO - Filling up the DagBag from /opt/conda/lib/python3.12/site-packages/airflow/example_dags/example_xcom.py
[2025-02-07T13:44:16.475+0000] {processor.py:925} INFO - DAG(s) 'example_xcom' retrieved from /opt/conda/lib/python3.12/site-packages/airflow/example_dags/example_xcom.py
[2025-02-07T13:44:16.489+0000] {logging_mixin.py:190} INFO - [2025-02-07T13:44:16.488+0000] {dag.py:3239} INFO - Sync 1 DAGs
[2025-02-07T13:44:16.502+0000] {logging_mixin.py:190} INFO - [2025-02-07T13:44:16.502+0000] {dag.py:4180} INFO - Setting next_dagrun for example_xcom to 2021-01-01 00:00:00+00:00, run_after=2021-01-01 00:00:00+00:00
[2025-02-07T13:44:16.517+0000] {processor.py:208} INFO - Processing /opt/conda/lib/python3.12/site-packages/airflow/example_dags/example_xcom.py took 0.057 seconds
[2025-02-07T13:45:25.061+0000] {processor.py:186} INFO - Started process (PID=1161) to work on /opt/conda/lib/python3.12/site-packages/airflow/example_dags/example_xcom.py
[2025-02-07T13:45:25.064+0000] {processor.py:914} INFO - Processing file /opt/conda/lib/python3.12/site-packages/airflow/example_dags/example_xcom.py for tasks to queue
[2025-02-07T13:45:25.070+0000] {logging_mixin.py:190} INFO - [2025-02-07T13:45:25.069+0000] {dagbag.py:588} INFO - Filling up the DagBag from /opt/conda/lib/python3.12/site-packages/airflow/example_dags/example_xcom.py
[2025-02-07T13:45:25.113+0000] {processor.py:925} INFO - DAG(s) 'example_xcom' retrieved from /opt/conda/lib/python3.12/site-packages/airflow/example_dags/example_xcom.py
[2025-02-07T13:45:25.198+0000] {logging_mixin.py:190} INFO - [2025-02-07T13:45:25.198+0000] {dag.py:3239} INFO - Sync 1 DAGs
[2025-02-07T13:45:25.232+0000] {logging_mixin.py:190} INFO - [2025-02-07T13:45:25.232+0000] {dag.py:4180} INFO - Setting next_dagrun for example_xcom to 2021-01-01 00:00:00+00:00, run_after=2021-01-01 00:00:00+00:00
[2025-02-07T13:45:25.276+0000] {processor.py:208} INFO - Processing /opt/conda/lib/python3.12/site-packages/airflow/example_dags/example_xcom.py took 0.256 seconds
[2025-02-07T13:46:41.970+0000] {processor.py:186} INFO - Started process (PID=1237) to work on /opt/conda/lib/python3.12/site-packages/airflow/example_dags/example_xcom.py
[2025-02-07T13:46:41.980+0000] {processor.py:914} INFO - Processing file /opt/conda/lib/python3.12/site-packages/airflow/example_dags/example_xcom.py for tasks to queue
[2025-02-07T13:46:41.990+0000] {logging_mixin.py:190} INFO - [2025-02-07T13:46:41.989+0000] {dagbag.py:588} INFO - Filling up the DagBag from /opt/conda/lib/python3.12/site-packages/airflow/example_dags/example_xcom.py
[2025-02-07T13:46:42.074+0000] {processor.py:925} INFO - DAG(s) 'example_xcom' retrieved from /opt/conda/lib/python3.12/site-packages/airflow/example_dags/example_xcom.py
[2025-02-07T13:46:42.124+0000] {logging_mixin.py:190} INFO - [2025-02-07T13:46:42.124+0000] {dag.py:3239} INFO - Sync 1 DAGs
[2025-02-07T13:46:42.178+0000] {logging_mixin.py:190} INFO - [2025-02-07T13:46:42.178+0000] {dag.py:4180} INFO - Setting next_dagrun for example_xcom to 2021-01-01 00:00:00+00:00, run_after=2021-01-01 00:00:00+00:00
[2025-02-07T13:46:42.233+0000] {processor.py:208} INFO - Processing /opt/conda/lib/python3.12/site-packages/airflow/example_dags/example_xcom.py took 0.301 seconds
[2025-02-07T14:03:23.149+0000] {processor.py:186} INFO - Started process (PID=911) to work on /opt/conda/lib/python3.12/site-packages/airflow/example_dags/example_xcom.py
[2025-02-07T14:03:23.155+0000] {processor.py:914} INFO - Processing file /opt/conda/lib/python3.12/site-packages/airflow/example_dags/example_xcom.py for tasks to queue
[2025-02-07T14:03:23.158+0000] {logging_mixin.py:190} INFO - [2025-02-07T14:03:23.157+0000] {dagbag.py:588} INFO - Filling up the DagBag from /opt/conda/lib/python3.12/site-packages/airflow/example_dags/example_xcom.py
[2025-02-07T14:03:23.198+0000] {processor.py:925} INFO - DAG(s) 'example_xcom' retrieved from /opt/conda/lib/python3.12/site-packages/airflow/example_dags/example_xcom.py
[2025-02-07T14:03:25.854+0000] {logging_mixin.py:190} INFO - [2025-02-07T14:03:25.853+0000] {dag.py:3239} INFO - Sync 1 DAGs
[2025-02-07T14:03:25.889+0000] {logging_mixin.py:190} INFO - [2025-02-07T14:03:25.888+0000] {dag.py:4180} INFO - Setting next_dagrun for example_xcom to 2021-01-01 00:00:00+00:00, run_after=2021-01-01 00:00:00+00:00
[2025-02-07T14:03:25.909+0000] {processor.py:208} INFO - Processing /opt/conda/lib/python3.12/site-packages/airflow/example_dags/example_xcom.py took 2.776 seconds
[2025-02-07T14:05:58.605+0000] {processor.py:186} INFO - Started process (PID=1805) to work on /opt/conda/lib/python3.12/site-packages/airflow/example_dags/example_xcom.py
[2025-02-07T14:05:58.606+0000] {processor.py:914} INFO - Processing file /opt/conda/lib/python3.12/site-packages/airflow/example_dags/example_xcom.py for tasks to queue
[2025-02-07T14:05:58.606+0000] {logging_mixin.py:190} INFO - [2025-02-07T14:05:58.606+0000] {dagbag.py:588} INFO - Filling up the DagBag from /opt/conda/lib/python3.12/site-packages/airflow/example_dags/example_xcom.py
[2025-02-07T14:05:58.612+0000] {processor.py:925} INFO - DAG(s) 'example_xcom' retrieved from /opt/conda/lib/python3.12/site-packages/airflow/example_dags/example_xcom.py
[2025-02-07T14:05:58.623+0000] {logging_mixin.py:190} INFO - [2025-02-07T14:05:58.623+0000] {dag.py:3239} INFO - Sync 1 DAGs
[2025-02-07T14:05:58.632+0000] {logging_mixin.py:190} INFO - [2025-02-07T14:05:58.632+0000] {dag.py:4180} INFO - Setting next_dagrun for example_xcom to 2021-01-01 00:00:00+00:00, run_after=2021-01-01 00:00:00+00:00
[2025-02-07T14:05:58.645+0000] {processor.py:208} INFO - Processing /opt/conda/lib/python3.12/site-packages/airflow/example_dags/example_xcom.py took 0.046 seconds
[2025-02-07T14:07:22.767+0000] {processor.py:186} INFO - Started process (PID=1993) to work on /opt/conda/lib/python3.12/site-packages/airflow/example_dags/example_xcom.py
[2025-02-07T14:07:22.770+0000] {processor.py:914} INFO - Processing file /opt/conda/lib/python3.12/site-packages/airflow/example_dags/example_xcom.py for tasks to queue
[2025-02-07T14:07:22.771+0000] {logging_mixin.py:190} INFO - [2025-02-07T14:07:22.770+0000] {dagbag.py:588} INFO - Filling up the DagBag from /opt/conda/lib/python3.12/site-packages/airflow/example_dags/example_xcom.py
[2025-02-07T14:07:22.778+0000] {processor.py:925} INFO - DAG(s) 'example_xcom' retrieved from /opt/conda/lib/python3.12/site-packages/airflow/example_dags/example_xcom.py
[2025-02-07T14:07:22.792+0000] {logging_mixin.py:190} INFO - [2025-02-07T14:07:22.792+0000] {dag.py:3239} INFO - Sync 1 DAGs
[2025-02-07T14:07:22.802+0000] {logging_mixin.py:190} INFO - [2025-02-07T14:07:22.802+0000] {dag.py:4180} INFO - Setting next_dagrun for example_xcom to 2021-01-01 00:00:00+00:00, run_after=2021-01-01 00:00:00+00:00
[2025-02-07T14:07:22.815+0000] {processor.py:208} INFO - Processing /opt/conda/lib/python3.12/site-packages/airflow/example_dags/example_xcom.py took 0.061 seconds
[2025-02-07T14:37:25.780+0000] {processor.py:186} INFO - Started process (PID=831) to work on /opt/conda/lib/python3.12/site-packages/airflow/example_dags/example_xcom.py
[2025-02-07T14:37:25.781+0000] {processor.py:914} INFO - Processing file /opt/conda/lib/python3.12/site-packages/airflow/example_dags/example_xcom.py for tasks to queue
[2025-02-07T14:37:25.782+0000] {logging_mixin.py:190} INFO - [2025-02-07T14:37:25.782+0000] {dagbag.py:588} INFO - Filling up the DagBag from /opt/conda/lib/python3.12/site-packages/airflow/example_dags/example_xcom.py
[2025-02-07T14:37:25.788+0000] {processor.py:925} INFO - DAG(s) 'example_xcom' retrieved from /opt/conda/lib/python3.12/site-packages/airflow/example_dags/example_xcom.py
[2025-02-07T14:37:25.897+0000] {logging_mixin.py:190} INFO - [2025-02-07T14:37:25.897+0000] {dag.py:3239} INFO - Sync 1 DAGs
[2025-02-07T14:37:25.908+0000] {logging_mixin.py:190} INFO - [2025-02-07T14:37:25.908+0000] {dag.py:4180} INFO - Setting next_dagrun for example_xcom to 2021-01-01 00:00:00+00:00, run_after=2021-01-01 00:00:00+00:00
[2025-02-07T14:37:25.921+0000] {processor.py:208} INFO - Processing /opt/conda/lib/python3.12/site-packages/airflow/example_dags/example_xcom.py took 0.144 seconds
[2025-02-07T14:42:21.087+0000] {processor.py:186} INFO - Started process (PID=624) to work on /opt/conda/lib/python3.12/site-packages/airflow/example_dags/example_xcom.py
[2025-02-07T14:42:21.089+0000] {processor.py:914} INFO - Processing file /opt/conda/lib/python3.12/site-packages/airflow/example_dags/example_xcom.py for tasks to queue
[2025-02-07T14:42:21.093+0000] {logging_mixin.py:190} INFO - [2025-02-07T14:42:21.093+0000] {dagbag.py:588} INFO - Filling up the DagBag from /opt/conda/lib/python3.12/site-packages/airflow/example_dags/example_xcom.py
[2025-02-07T14:42:21.108+0000] {processor.py:925} INFO - DAG(s) 'example_xcom' retrieved from /opt/conda/lib/python3.12/site-packages/airflow/example_dags/example_xcom.py
[2025-02-07T14:42:21.287+0000] {logging_mixin.py:190} INFO - [2025-02-07T14:42:21.287+0000] {dag.py:3239} INFO - Sync 1 DAGs
[2025-02-07T14:42:21.304+0000] {logging_mixin.py:190} INFO - [2025-02-07T14:42:21.304+0000] {dag.py:4180} INFO - Setting next_dagrun for example_xcom to 2021-01-01 00:00:00+00:00, run_after=2021-01-01 00:00:00+00:00
[2025-02-07T14:42:21.322+0000] {processor.py:208} INFO - Processing /opt/conda/lib/python3.12/site-packages/airflow/example_dags/example_xcom.py took 0.241 seconds
