[2025-02-07T12:09:26.613+0000] {processor.py:186} INFO - Started process (PID=1949) to work on /opt/conda/lib/python3.12/site-packages/airflow/example_dags/example_params_ui_tutorial.py
[2025-02-07T12:09:26.614+0000] {processor.py:914} INFO - Processing file /opt/conda/lib/python3.12/site-packages/airflow/example_dags/example_params_ui_tutorial.py for tasks to queue
[2025-02-07T12:09:26.618+0000] {logging_mixin.py:190} INFO - [2025-02-07T12:09:26.618+0000] {dagbag.py:588} INFO - Filling up the DagBag from /opt/conda/lib/python3.12/site-packages/airflow/example_dags/example_params_ui_tutorial.py
[2025-02-07T12:09:26.636+0000] {processor.py:925} INFO - DAG(s) 'example_params_ui_tutorial' retrieved from /opt/conda/lib/python3.12/site-packages/airflow/example_dags/example_params_ui_tutorial.py
[2025-02-07T12:09:26.890+0000] {logging_mixin.py:190} INFO - [2025-02-07T12:09:26.889+0000] {dag.py:3239} INFO - Sync 1 DAGs
[2025-02-07T12:09:26.903+0000] {logging_mixin.py:190} INFO - [2025-02-07T12:09:26.903+0000] {dag.py:4180} INFO - Setting next_dagrun for example_params_ui_tutorial to None, run_after=None
[2025-02-07T12:09:26.925+0000] {processor.py:208} INFO - Processing /opt/conda/lib/python3.12/site-packages/airflow/example_dags/example_params_ui_tutorial.py took 0.323 seconds
[2025-02-07T12:20:51.384+0000] {processor.py:186} INFO - Started process (PID=5603) to work on /opt/conda/lib/python3.12/site-packages/airflow/example_dags/example_params_ui_tutorial.py
[2025-02-07T12:20:51.384+0000] {processor.py:914} INFO - Processing file /opt/conda/lib/python3.12/site-packages/airflow/example_dags/example_params_ui_tutorial.py for tasks to queue
[2025-02-07T12:20:51.386+0000] {logging_mixin.py:190} INFO - [2025-02-07T12:20:51.385+0000] {dagbag.py:588} INFO - Filling up the DagBag from /opt/conda/lib/python3.12/site-packages/airflow/example_dags/example_params_ui_tutorial.py
[2025-02-07T12:20:51.393+0000] {processor.py:925} INFO - DAG(s) 'example_params_ui_tutorial' retrieved from /opt/conda/lib/python3.12/site-packages/airflow/example_dags/example_params_ui_tutorial.py
[2025-02-07T12:20:51.421+0000] {logging_mixin.py:190} INFO - [2025-02-07T12:20:51.421+0000] {dag.py:3239} INFO - Sync 1 DAGs
[2025-02-07T12:20:51.431+0000] {logging_mixin.py:190} INFO - [2025-02-07T12:20:51.431+0000] {dag.py:4180} INFO - Setting next_dagrun for example_params_ui_tutorial to None, run_after=None
[2025-02-07T12:20:51.448+0000] {processor.py:208} INFO - Processing /opt/conda/lib/python3.12/site-packages/airflow/example_dags/example_params_ui_tutorial.py took 0.068 seconds
[2025-02-07T12:32:49.280+0000] {processor.py:186} INFO - Started process (PID=122) to work on /opt/conda/lib/python3.12/site-packages/airflow/example_dags/example_params_ui_tutorial.py
[2025-02-07T12:32:49.281+0000] {processor.py:914} INFO - Processing file /opt/conda/lib/python3.12/site-packages/airflow/example_dags/example_params_ui_tutorial.py for tasks to queue
[2025-02-07T12:32:49.289+0000] {logging_mixin.py:190} INFO - [2025-02-07T12:32:49.288+0000] {dagbag.py:588} INFO - Filling up the DagBag from /opt/conda/lib/python3.12/site-packages/airflow/example_dags/example_params_ui_tutorial.py
[2025-02-07T12:32:49.316+0000] {processor.py:925} INFO - DAG(s) 'example_params_ui_tutorial' retrieved from /opt/conda/lib/python3.12/site-packages/airflow/example_dags/example_params_ui_tutorial.py
[2025-02-07T12:32:49.417+0000] {logging_mixin.py:190} INFO - [2025-02-07T12:32:49.416+0000] {dag.py:3239} INFO - Sync 1 DAGs
[2025-02-07T12:32:49.452+0000] {logging_mixin.py:190} INFO - [2025-02-07T12:32:49.451+0000] {dag.py:4180} INFO - Setting next_dagrun for example_params_ui_tutorial to None, run_after=None
[2025-02-07T12:32:49.516+0000] {processor.py:208} INFO - Processing /opt/conda/lib/python3.12/site-packages/airflow/example_dags/example_params_ui_tutorial.py took 0.240 seconds
[2025-02-07T12:36:39.198+0000] {processor.py:186} INFO - Started process (PID=100) to work on /opt/conda/lib/python3.12/site-packages/airflow/example_dags/example_params_ui_tutorial.py
[2025-02-07T12:36:39.201+0000] {processor.py:914} INFO - Processing file /opt/conda/lib/python3.12/site-packages/airflow/example_dags/example_params_ui_tutorial.py for tasks to queue
[2025-02-07T12:36:39.203+0000] {logging_mixin.py:190} INFO - [2025-02-07T12:36:39.203+0000] {dagbag.py:588} INFO - Filling up the DagBag from /opt/conda/lib/python3.12/site-packages/airflow/example_dags/example_params_ui_tutorial.py
[2025-02-07T12:36:39.223+0000] {processor.py:925} INFO - DAG(s) 'example_params_ui_tutorial' retrieved from /opt/conda/lib/python3.12/site-packages/airflow/example_dags/example_params_ui_tutorial.py
[2025-02-07T12:36:39.286+0000] {logging_mixin.py:190} INFO - [2025-02-07T12:36:39.286+0000] {dag.py:3239} INFO - Sync 1 DAGs
[2025-02-07T12:36:39.297+0000] {logging_mixin.py:190} INFO - [2025-02-07T12:36:39.297+0000] {dag.py:4180} INFO - Setting next_dagrun for example_params_ui_tutorial to None, run_after=None
[2025-02-07T12:36:39.336+0000] {processor.py:208} INFO - Processing /opt/conda/lib/python3.12/site-packages/airflow/example_dags/example_params_ui_tutorial.py took 0.147 seconds
[2025-02-07T12:37:46.955+0000] {processor.py:186} INFO - Started process (PID=168) to work on /opt/conda/lib/python3.12/site-packages/airflow/example_dags/example_params_ui_tutorial.py
[2025-02-07T12:37:46.957+0000] {processor.py:914} INFO - Processing file /opt/conda/lib/python3.12/site-packages/airflow/example_dags/example_params_ui_tutorial.py for tasks to queue
[2025-02-07T12:37:46.960+0000] {logging_mixin.py:190} INFO - [2025-02-07T12:37:46.960+0000] {dagbag.py:588} INFO - Filling up the DagBag from /opt/conda/lib/python3.12/site-packages/airflow/example_dags/example_params_ui_tutorial.py
[2025-02-07T12:37:46.973+0000] {processor.py:925} INFO - DAG(s) 'example_params_ui_tutorial' retrieved from /opt/conda/lib/python3.12/site-packages/airflow/example_dags/example_params_ui_tutorial.py
[2025-02-07T12:37:47.013+0000] {logging_mixin.py:190} INFO - [2025-02-07T12:37:47.013+0000] {dag.py:3239} INFO - Sync 1 DAGs
[2025-02-07T12:37:47.025+0000] {logging_mixin.py:190} INFO - [2025-02-07T12:37:47.025+0000] {dag.py:4180} INFO - Setting next_dagrun for example_params_ui_tutorial to None, run_after=None
[2025-02-07T12:37:47.052+0000] {processor.py:208} INFO - Processing /opt/conda/lib/python3.12/site-packages/airflow/example_dags/example_params_ui_tutorial.py took 0.111 seconds
[2025-02-07T12:38:48.997+0000] {processor.py:186} INFO - Started process (PID=238) to work on /opt/conda/lib/python3.12/site-packages/airflow/example_dags/example_params_ui_tutorial.py
[2025-02-07T12:38:48.998+0000] {processor.py:914} INFO - Processing file /opt/conda/lib/python3.12/site-packages/airflow/example_dags/example_params_ui_tutorial.py for tasks to queue
[2025-02-07T12:38:49.000+0000] {logging_mixin.py:190} INFO - [2025-02-07T12:38:48.999+0000] {dagbag.py:588} INFO - Filling up the DagBag from /opt/conda/lib/python3.12/site-packages/airflow/example_dags/example_params_ui_tutorial.py
[2025-02-07T12:38:49.008+0000] {processor.py:925} INFO - DAG(s) 'example_params_ui_tutorial' retrieved from /opt/conda/lib/python3.12/site-packages/airflow/example_dags/example_params_ui_tutorial.py
[2025-02-07T12:38:49.034+0000] {logging_mixin.py:190} INFO - [2025-02-07T12:38:49.034+0000] {dag.py:3239} INFO - Sync 1 DAGs
[2025-02-07T12:38:49.043+0000] {logging_mixin.py:190} INFO - [2025-02-07T12:38:49.043+0000] {dag.py:4180} INFO - Setting next_dagrun for example_params_ui_tutorial to None, run_after=None
[2025-02-07T12:38:49.058+0000] {processor.py:208} INFO - Processing /opt/conda/lib/python3.12/site-packages/airflow/example_dags/example_params_ui_tutorial.py took 0.065 seconds
[2025-02-07T12:39:45.315+0000] {processor.py:186} INFO - Started process (PID=306) to work on /opt/conda/lib/python3.12/site-packages/airflow/example_dags/example_params_ui_tutorial.py
[2025-02-07T12:39:45.315+0000] {processor.py:914} INFO - Processing file /opt/conda/lib/python3.12/site-packages/airflow/example_dags/example_params_ui_tutorial.py for tasks to queue
[2025-02-07T12:39:45.317+0000] {logging_mixin.py:190} INFO - [2025-02-07T12:39:45.317+0000] {dagbag.py:588} INFO - Filling up the DagBag from /opt/conda/lib/python3.12/site-packages/airflow/example_dags/example_params_ui_tutorial.py
[2025-02-07T12:39:45.323+0000] {processor.py:925} INFO - DAG(s) 'example_params_ui_tutorial' retrieved from /opt/conda/lib/python3.12/site-packages/airflow/example_dags/example_params_ui_tutorial.py
[2025-02-07T12:39:45.347+0000] {logging_mixin.py:190} INFO - [2025-02-07T12:39:45.347+0000] {dag.py:3239} INFO - Sync 1 DAGs
[2025-02-07T12:39:45.355+0000] {logging_mixin.py:190} INFO - [2025-02-07T12:39:45.355+0000] {dag.py:4180} INFO - Setting next_dagrun for example_params_ui_tutorial to None, run_after=None
[2025-02-07T12:39:45.368+0000] {processor.py:208} INFO - Processing /opt/conda/lib/python3.12/site-packages/airflow/example_dags/example_params_ui_tutorial.py took 0.058 seconds
[2025-02-07T12:40:43.099+0000] {processor.py:186} INFO - Started process (PID=363) to work on /opt/conda/lib/python3.12/site-packages/airflow/example_dags/example_params_ui_tutorial.py
[2025-02-07T12:40:43.100+0000] {processor.py:914} INFO - Processing file /opt/conda/lib/python3.12/site-packages/airflow/example_dags/example_params_ui_tutorial.py for tasks to queue
[2025-02-07T12:40:43.102+0000] {logging_mixin.py:190} INFO - [2025-02-07T12:40:43.102+0000] {dagbag.py:588} INFO - Filling up the DagBag from /opt/conda/lib/python3.12/site-packages/airflow/example_dags/example_params_ui_tutorial.py
[2025-02-07T12:40:43.109+0000] {processor.py:925} INFO - DAG(s) 'example_params_ui_tutorial' retrieved from /opt/conda/lib/python3.12/site-packages/airflow/example_dags/example_params_ui_tutorial.py
[2025-02-07T12:40:43.134+0000] {logging_mixin.py:190} INFO - [2025-02-07T12:40:43.134+0000] {dag.py:3239} INFO - Sync 1 DAGs
[2025-02-07T12:40:43.142+0000] {logging_mixin.py:190} INFO - [2025-02-07T12:40:43.142+0000] {dag.py:4180} INFO - Setting next_dagrun for example_params_ui_tutorial to None, run_after=None
[2025-02-07T12:40:43.158+0000] {processor.py:208} INFO - Processing /opt/conda/lib/python3.12/site-packages/airflow/example_dags/example_params_ui_tutorial.py took 0.064 seconds
[2025-02-07T12:44:18.045+0000] {processor.py:186} INFO - Started process (PID=1663) to work on /opt/conda/lib/python3.12/site-packages/airflow/example_dags/example_params_ui_tutorial.py
[2025-02-07T12:44:18.046+0000] {processor.py:914} INFO - Processing file /opt/conda/lib/python3.12/site-packages/airflow/example_dags/example_params_ui_tutorial.py for tasks to queue
[2025-02-07T12:44:18.049+0000] {logging_mixin.py:190} INFO - [2025-02-07T12:44:18.049+0000] {dagbag.py:588} INFO - Filling up the DagBag from /opt/conda/lib/python3.12/site-packages/airflow/example_dags/example_params_ui_tutorial.py
[2025-02-07T12:44:18.058+0000] {processor.py:925} INFO - DAG(s) 'example_params_ui_tutorial' retrieved from /opt/conda/lib/python3.12/site-packages/airflow/example_dags/example_params_ui_tutorial.py
[2025-02-07T12:44:18.082+0000] {logging_mixin.py:190} INFO - [2025-02-07T12:44:18.082+0000] {dag.py:3239} INFO - Sync 1 DAGs
[2025-02-07T12:44:18.091+0000] {logging_mixin.py:190} INFO - [2025-02-07T12:44:18.091+0000] {dag.py:4180} INFO - Setting next_dagrun for example_params_ui_tutorial to None, run_after=None
[2025-02-07T12:44:18.107+0000] {processor.py:208} INFO - Processing /opt/conda/lib/python3.12/site-packages/airflow/example_dags/example_params_ui_tutorial.py took 0.065 seconds
[2025-02-07T12:50:11.479+0000] {processor.py:186} INFO - Started process (PID=3796) to work on /opt/conda/lib/python3.12/site-packages/airflow/example_dags/example_params_ui_tutorial.py
[2025-02-07T12:50:11.481+0000] {processor.py:914} INFO - Processing file /opt/conda/lib/python3.12/site-packages/airflow/example_dags/example_params_ui_tutorial.py for tasks to queue
[2025-02-07T12:50:11.490+0000] {logging_mixin.py:190} INFO - [2025-02-07T12:50:11.489+0000] {dagbag.py:588} INFO - Filling up the DagBag from /opt/conda/lib/python3.12/site-packages/airflow/example_dags/example_params_ui_tutorial.py
[2025-02-07T12:50:11.526+0000] {processor.py:925} INFO - DAG(s) 'example_params_ui_tutorial' retrieved from /opt/conda/lib/python3.12/site-packages/airflow/example_dags/example_params_ui_tutorial.py
[2025-02-07T12:50:11.608+0000] {logging_mixin.py:190} INFO - [2025-02-07T12:50:11.605+0000] {dag.py:3239} INFO - Sync 1 DAGs
[2025-02-07T12:50:11.675+0000] {logging_mixin.py:190} INFO - [2025-02-07T12:50:11.674+0000] {dag.py:4180} INFO - Setting next_dagrun for example_params_ui_tutorial to None, run_after=None
[2025-02-07T12:50:11.716+0000] {processor.py:208} INFO - Processing /opt/conda/lib/python3.12/site-packages/airflow/example_dags/example_params_ui_tutorial.py took 0.244 seconds
[2025-02-07T12:57:50.848+0000] {processor.py:186} INFO - Started process (PID=7372) to work on /opt/conda/lib/python3.12/site-packages/airflow/example_dags/example_params_ui_tutorial.py
[2025-02-07T12:57:50.849+0000] {processor.py:914} INFO - Processing file /opt/conda/lib/python3.12/site-packages/airflow/example_dags/example_params_ui_tutorial.py for tasks to queue
[2025-02-07T12:57:50.851+0000] {logging_mixin.py:190} INFO - [2025-02-07T12:57:50.850+0000] {dagbag.py:588} INFO - Filling up the DagBag from /opt/conda/lib/python3.12/site-packages/airflow/example_dags/example_params_ui_tutorial.py
[2025-02-07T12:57:50.858+0000] {processor.py:925} INFO - DAG(s) 'example_params_ui_tutorial' retrieved from /opt/conda/lib/python3.12/site-packages/airflow/example_dags/example_params_ui_tutorial.py
[2025-02-07T12:57:50.880+0000] {logging_mixin.py:190} INFO - [2025-02-07T12:57:50.880+0000] {dag.py:3239} INFO - Sync 1 DAGs
[2025-02-07T12:57:50.888+0000] {logging_mixin.py:190} INFO - [2025-02-07T12:57:50.888+0000] {dag.py:4180} INFO - Setting next_dagrun for example_params_ui_tutorial to None, run_after=None
[2025-02-07T12:57:50.905+0000] {processor.py:208} INFO - Processing /opt/conda/lib/python3.12/site-packages/airflow/example_dags/example_params_ui_tutorial.py took 0.060 seconds
[2025-02-07T13:07:55.578+0000] {processor.py:186} INFO - Started process (PID=804) to work on /opt/conda/lib/python3.12/site-packages/airflow/example_dags/example_params_ui_tutorial.py
[2025-02-07T13:07:55.579+0000] {processor.py:914} INFO - Processing file /opt/conda/lib/python3.12/site-packages/airflow/example_dags/example_params_ui_tutorial.py for tasks to queue
[2025-02-07T13:07:55.581+0000] {logging_mixin.py:190} INFO - [2025-02-07T13:07:55.581+0000] {dagbag.py:588} INFO - Filling up the DagBag from /opt/conda/lib/python3.12/site-packages/airflow/example_dags/example_params_ui_tutorial.py
[2025-02-07T13:07:55.590+0000] {processor.py:925} INFO - DAG(s) 'example_params_ui_tutorial' retrieved from /opt/conda/lib/python3.12/site-packages/airflow/example_dags/example_params_ui_tutorial.py
[2025-02-07T13:07:55.620+0000] {logging_mixin.py:190} INFO - [2025-02-07T13:07:55.620+0000] {dag.py:3239} INFO - Sync 1 DAGs
[2025-02-07T13:07:55.630+0000] {logging_mixin.py:190} INFO - [2025-02-07T13:07:55.630+0000] {dag.py:4180} INFO - Setting next_dagrun for example_params_ui_tutorial to None, run_after=None
[2025-02-07T13:07:55.649+0000] {processor.py:208} INFO - Processing /opt/conda/lib/python3.12/site-packages/airflow/example_dags/example_params_ui_tutorial.py took 0.075 seconds
[2025-02-07T13:27:24.011+0000] {processor.py:186} INFO - Started process (PID=195) to work on /opt/conda/lib/python3.12/site-packages/airflow/example_dags/example_params_ui_tutorial.py
[2025-02-07T13:27:24.016+0000] {processor.py:914} INFO - Processing file /opt/conda/lib/python3.12/site-packages/airflow/example_dags/example_params_ui_tutorial.py for tasks to queue
[2025-02-07T13:27:24.022+0000] {logging_mixin.py:190} INFO - [2025-02-07T13:27:24.021+0000] {dagbag.py:588} INFO - Filling up the DagBag from /opt/conda/lib/python3.12/site-packages/airflow/example_dags/example_params_ui_tutorial.py
[2025-02-07T13:27:24.040+0000] {processor.py:925} INFO - DAG(s) 'example_params_ui_tutorial' retrieved from /opt/conda/lib/python3.12/site-packages/airflow/example_dags/example_params_ui_tutorial.py
[2025-02-07T13:27:24.139+0000] {logging_mixin.py:190} INFO - [2025-02-07T13:27:24.139+0000] {dag.py:3239} INFO - Sync 1 DAGs
[2025-02-07T13:27:24.157+0000] {logging_mixin.py:190} INFO - [2025-02-07T13:27:24.157+0000] {dag.py:4180} INFO - Setting next_dagrun for example_params_ui_tutorial to None, run_after=None
[2025-02-07T13:27:24.178+0000] {processor.py:208} INFO - Processing /opt/conda/lib/python3.12/site-packages/airflow/example_dags/example_params_ui_tutorial.py took 0.174 seconds
[2025-02-07T13:28:58.723+0000] {processor.py:186} INFO - Started process (PID=348) to work on /opt/conda/lib/python3.12/site-packages/airflow/example_dags/example_params_ui_tutorial.py
[2025-02-07T13:28:58.725+0000] {processor.py:914} INFO - Processing file /opt/conda/lib/python3.12/site-packages/airflow/example_dags/example_params_ui_tutorial.py for tasks to queue
[2025-02-07T13:28:58.730+0000] {logging_mixin.py:190} INFO - [2025-02-07T13:28:58.729+0000] {dagbag.py:588} INFO - Filling up the DagBag from /opt/conda/lib/python3.12/site-packages/airflow/example_dags/example_params_ui_tutorial.py
[2025-02-07T13:28:58.818+0000] {processor.py:925} INFO - DAG(s) 'example_params_ui_tutorial' retrieved from /opt/conda/lib/python3.12/site-packages/airflow/example_dags/example_params_ui_tutorial.py
[2025-02-07T13:28:58.862+0000] {logging_mixin.py:190} INFO - [2025-02-07T13:28:58.862+0000] {dag.py:3239} INFO - Sync 1 DAGs
[2025-02-07T13:28:58.894+0000] {logging_mixin.py:190} INFO - [2025-02-07T13:28:58.894+0000] {dag.py:4180} INFO - Setting next_dagrun for example_params_ui_tutorial to None, run_after=None
[2025-02-07T13:28:58.922+0000] {processor.py:208} INFO - Processing /opt/conda/lib/python3.12/site-packages/airflow/example_dags/example_params_ui_tutorial.py took 0.236 seconds
[2025-02-07T13:30:11.961+0000] {processor.py:186} INFO - Started process (PID=433) to work on /opt/conda/lib/python3.12/site-packages/airflow/example_dags/example_params_ui_tutorial.py
[2025-02-07T13:30:11.962+0000] {processor.py:914} INFO - Processing file /opt/conda/lib/python3.12/site-packages/airflow/example_dags/example_params_ui_tutorial.py for tasks to queue
[2025-02-07T13:30:11.964+0000] {logging_mixin.py:190} INFO - [2025-02-07T13:30:11.964+0000] {dagbag.py:588} INFO - Filling up the DagBag from /opt/conda/lib/python3.12/site-packages/airflow/example_dags/example_params_ui_tutorial.py
[2025-02-07T13:30:11.970+0000] {processor.py:925} INFO - DAG(s) 'example_params_ui_tutorial' retrieved from /opt/conda/lib/python3.12/site-packages/airflow/example_dags/example_params_ui_tutorial.py
[2025-02-07T13:30:11.991+0000] {logging_mixin.py:190} INFO - [2025-02-07T13:30:11.991+0000] {dag.py:3239} INFO - Sync 1 DAGs
[2025-02-07T13:30:11.999+0000] {logging_mixin.py:190} INFO - [2025-02-07T13:30:11.999+0000] {dag.py:4180} INFO - Setting next_dagrun for example_params_ui_tutorial to None, run_after=None
[2025-02-07T13:30:12.014+0000] {processor.py:208} INFO - Processing /opt/conda/lib/python3.12/site-packages/airflow/example_dags/example_params_ui_tutorial.py took 0.058 seconds
[2025-02-07T13:33:22.408+0000] {processor.py:186} INFO - Started process (PID=317) to work on /opt/conda/lib/python3.12/site-packages/airflow/example_dags/example_params_ui_tutorial.py
[2025-02-07T13:33:22.409+0000] {processor.py:914} INFO - Processing file /opt/conda/lib/python3.12/site-packages/airflow/example_dags/example_params_ui_tutorial.py for tasks to queue
[2025-02-07T13:33:22.415+0000] {logging_mixin.py:190} INFO - [2025-02-07T13:33:22.414+0000] {dagbag.py:588} INFO - Filling up the DagBag from /opt/conda/lib/python3.12/site-packages/airflow/example_dags/example_params_ui_tutorial.py
[2025-02-07T13:33:22.428+0000] {processor.py:925} INFO - DAG(s) 'example_params_ui_tutorial' retrieved from /opt/conda/lib/python3.12/site-packages/airflow/example_dags/example_params_ui_tutorial.py
[2025-02-07T13:33:22.472+0000] {logging_mixin.py:190} INFO - [2025-02-07T13:33:22.472+0000] {dag.py:3239} INFO - Sync 1 DAGs
[2025-02-07T13:33:22.491+0000] {logging_mixin.py:190} INFO - [2025-02-07T13:33:22.491+0000] {dag.py:4180} INFO - Setting next_dagrun for example_params_ui_tutorial to None, run_after=None
[2025-02-07T13:33:22.515+0000] {processor.py:208} INFO - Processing /opt/conda/lib/python3.12/site-packages/airflow/example_dags/example_params_ui_tutorial.py took 0.117 seconds
[2025-02-07T13:35:15.845+0000] {processor.py:186} INFO - Started process (PID=207) to work on /opt/conda/lib/python3.12/site-packages/airflow/example_dags/example_params_ui_tutorial.py
[2025-02-07T13:35:15.846+0000] {processor.py:914} INFO - Processing file /opt/conda/lib/python3.12/site-packages/airflow/example_dags/example_params_ui_tutorial.py for tasks to queue
[2025-02-07T13:35:15.848+0000] {logging_mixin.py:190} INFO - [2025-02-07T13:35:15.848+0000] {dagbag.py:588} INFO - Filling up the DagBag from /opt/conda/lib/python3.12/site-packages/airflow/example_dags/example_params_ui_tutorial.py
[2025-02-07T13:35:15.858+0000] {processor.py:925} INFO - DAG(s) 'example_params_ui_tutorial' retrieved from /opt/conda/lib/python3.12/site-packages/airflow/example_dags/example_params_ui_tutorial.py
[2025-02-07T13:35:15.887+0000] {logging_mixin.py:190} INFO - [2025-02-07T13:35:15.886+0000] {dag.py:3239} INFO - Sync 1 DAGs
[2025-02-07T13:35:15.894+0000] {logging_mixin.py:190} INFO - [2025-02-07T13:35:15.894+0000] {dag.py:4180} INFO - Setting next_dagrun for example_params_ui_tutorial to None, run_after=None
[2025-02-07T13:35:15.913+0000] {processor.py:208} INFO - Processing /opt/conda/lib/python3.12/site-packages/airflow/example_dags/example_params_ui_tutorial.py took 0.075 seconds
[2025-02-07T13:38:30.637+0000] {processor.py:186} INFO - Started process (PID=344) to work on /opt/conda/lib/python3.12/site-packages/airflow/example_dags/example_params_ui_tutorial.py
[2025-02-07T13:38:30.674+0000] {processor.py:914} INFO - Processing file /opt/conda/lib/python3.12/site-packages/airflow/example_dags/example_params_ui_tutorial.py for tasks to queue
[2025-02-07T13:38:30.724+0000] {logging_mixin.py:190} INFO - [2025-02-07T13:38:30.720+0000] {dagbag.py:588} INFO - Filling up the DagBag from /opt/conda/lib/python3.12/site-packages/airflow/example_dags/example_params_ui_tutorial.py
[2025-02-07T13:38:30.768+0000] {processor.py:925} INFO - DAG(s) 'example_params_ui_tutorial' retrieved from /opt/conda/lib/python3.12/site-packages/airflow/example_dags/example_params_ui_tutorial.py
[2025-02-07T13:38:30.855+0000] {logging_mixin.py:190} INFO - [2025-02-07T13:38:30.854+0000] {dag.py:3239} INFO - Sync 1 DAGs
[2025-02-07T13:38:30.889+0000] {logging_mixin.py:190} INFO - [2025-02-07T13:38:30.889+0000] {dag.py:4180} INFO - Setting next_dagrun for example_params_ui_tutorial to None, run_after=None
[2025-02-07T13:38:30.925+0000] {processor.py:208} INFO - Processing /opt/conda/lib/python3.12/site-packages/airflow/example_dags/example_params_ui_tutorial.py took 0.320 seconds
[2025-02-07T13:39:43.549+0000] {processor.py:186} INFO - Started process (PID=500) to work on /opt/conda/lib/python3.12/site-packages/airflow/example_dags/example_params_ui_tutorial.py
[2025-02-07T13:39:43.551+0000] {processor.py:914} INFO - Processing file /opt/conda/lib/python3.12/site-packages/airflow/example_dags/example_params_ui_tutorial.py for tasks to queue
[2025-02-07T13:39:43.553+0000] {logging_mixin.py:190} INFO - [2025-02-07T13:39:43.553+0000] {dagbag.py:588} INFO - Filling up the DagBag from /opt/conda/lib/python3.12/site-packages/airflow/example_dags/example_params_ui_tutorial.py
[2025-02-07T13:39:43.562+0000] {processor.py:925} INFO - DAG(s) 'example_params_ui_tutorial' retrieved from /opt/conda/lib/python3.12/site-packages/airflow/example_dags/example_params_ui_tutorial.py
[2025-02-07T13:39:43.588+0000] {logging_mixin.py:190} INFO - [2025-02-07T13:39:43.587+0000] {dag.py:3239} INFO - Sync 1 DAGs
[2025-02-07T13:39:43.596+0000] {logging_mixin.py:190} INFO - [2025-02-07T13:39:43.596+0000] {dag.py:4180} INFO - Setting next_dagrun for example_params_ui_tutorial to None, run_after=None
[2025-02-07T13:39:43.610+0000] {processor.py:208} INFO - Processing /opt/conda/lib/python3.12/site-packages/airflow/example_dags/example_params_ui_tutorial.py took 0.066 seconds
[2025-02-07T13:40:41.414+0000] {processor.py:186} INFO - Started process (PID=568) to work on /opt/conda/lib/python3.12/site-packages/airflow/example_dags/example_params_ui_tutorial.py
[2025-02-07T13:40:41.416+0000] {processor.py:914} INFO - Processing file /opt/conda/lib/python3.12/site-packages/airflow/example_dags/example_params_ui_tutorial.py for tasks to queue
[2025-02-07T13:40:41.418+0000] {logging_mixin.py:190} INFO - [2025-02-07T13:40:41.417+0000] {dagbag.py:588} INFO - Filling up the DagBag from /opt/conda/lib/python3.12/site-packages/airflow/example_dags/example_params_ui_tutorial.py
[2025-02-07T13:40:41.425+0000] {processor.py:925} INFO - DAG(s) 'example_params_ui_tutorial' retrieved from /opt/conda/lib/python3.12/site-packages/airflow/example_dags/example_params_ui_tutorial.py
[2025-02-07T13:40:41.451+0000] {logging_mixin.py:190} INFO - [2025-02-07T13:40:41.450+0000] {dag.py:3239} INFO - Sync 1 DAGs
[2025-02-07T13:40:41.458+0000] {logging_mixin.py:190} INFO - [2025-02-07T13:40:41.458+0000] {dag.py:4180} INFO - Setting next_dagrun for example_params_ui_tutorial to None, run_after=None
[2025-02-07T13:40:41.478+0000] {processor.py:208} INFO - Processing /opt/conda/lib/python3.12/site-packages/airflow/example_dags/example_params_ui_tutorial.py took 0.071 seconds
[2025-02-07T13:41:43.196+0000] {processor.py:186} INFO - Started process (PID=639) to work on /opt/conda/lib/python3.12/site-packages/airflow/example_dags/example_params_ui_tutorial.py
[2025-02-07T13:41:43.198+0000] {processor.py:914} INFO - Processing file /opt/conda/lib/python3.12/site-packages/airflow/example_dags/example_params_ui_tutorial.py for tasks to queue
[2025-02-07T13:41:43.200+0000] {logging_mixin.py:190} INFO - [2025-02-07T13:41:43.199+0000] {dagbag.py:588} INFO - Filling up the DagBag from /opt/conda/lib/python3.12/site-packages/airflow/example_dags/example_params_ui_tutorial.py
[2025-02-07T13:41:43.207+0000] {processor.py:925} INFO - DAG(s) 'example_params_ui_tutorial' retrieved from /opt/conda/lib/python3.12/site-packages/airflow/example_dags/example_params_ui_tutorial.py
[2025-02-07T13:41:43.229+0000] {logging_mixin.py:190} INFO - [2025-02-07T13:41:43.229+0000] {dag.py:3239} INFO - Sync 1 DAGs
[2025-02-07T13:41:43.237+0000] {logging_mixin.py:190} INFO - [2025-02-07T13:41:43.237+0000] {dag.py:4180} INFO - Setting next_dagrun for example_params_ui_tutorial to None, run_after=None
[2025-02-07T13:41:43.249+0000] {processor.py:208} INFO - Processing /opt/conda/lib/python3.12/site-packages/airflow/example_dags/example_params_ui_tutorial.py took 0.060 seconds
[2025-02-07T13:42:56.748+0000] {processor.py:186} INFO - Started process (PID=822) to work on /opt/conda/lib/python3.12/site-packages/airflow/example_dags/example_params_ui_tutorial.py
[2025-02-07T13:42:56.749+0000] {processor.py:914} INFO - Processing file /opt/conda/lib/python3.12/site-packages/airflow/example_dags/example_params_ui_tutorial.py for tasks to queue
[2025-02-07T13:42:56.751+0000] {logging_mixin.py:190} INFO - [2025-02-07T13:42:56.751+0000] {dagbag.py:588} INFO - Filling up the DagBag from /opt/conda/lib/python3.12/site-packages/airflow/example_dags/example_params_ui_tutorial.py
[2025-02-07T13:42:56.759+0000] {processor.py:925} INFO - DAG(s) 'example_params_ui_tutorial' retrieved from /opt/conda/lib/python3.12/site-packages/airflow/example_dags/example_params_ui_tutorial.py
[2025-02-07T13:42:56.783+0000] {logging_mixin.py:190} INFO - [2025-02-07T13:42:56.782+0000] {dag.py:3239} INFO - Sync 1 DAGs
[2025-02-07T13:42:56.791+0000] {logging_mixin.py:190} INFO - [2025-02-07T13:42:56.790+0000] {dag.py:4180} INFO - Setting next_dagrun for example_params_ui_tutorial to None, run_after=None
[2025-02-07T13:42:56.804+0000] {processor.py:208} INFO - Processing /opt/conda/lib/python3.12/site-packages/airflow/example_dags/example_params_ui_tutorial.py took 0.062 seconds
[2025-02-07T13:44:25.013+0000] {processor.py:186} INFO - Started process (PID=1014) to work on /opt/conda/lib/python3.12/site-packages/airflow/example_dags/example_params_ui_tutorial.py
[2025-02-07T13:44:25.014+0000] {processor.py:914} INFO - Processing file /opt/conda/lib/python3.12/site-packages/airflow/example_dags/example_params_ui_tutorial.py for tasks to queue
[2025-02-07T13:44:25.016+0000] {logging_mixin.py:190} INFO - [2025-02-07T13:44:25.016+0000] {dagbag.py:588} INFO - Filling up the DagBag from /opt/conda/lib/python3.12/site-packages/airflow/example_dags/example_params_ui_tutorial.py
[2025-02-07T13:44:25.023+0000] {processor.py:925} INFO - DAG(s) 'example_params_ui_tutorial' retrieved from /opt/conda/lib/python3.12/site-packages/airflow/example_dags/example_params_ui_tutorial.py
[2025-02-07T13:44:25.048+0000] {logging_mixin.py:190} INFO - [2025-02-07T13:44:25.048+0000] {dag.py:3239} INFO - Sync 1 DAGs
[2025-02-07T13:44:25.058+0000] {logging_mixin.py:190} INFO - [2025-02-07T13:44:25.058+0000] {dag.py:4180} INFO - Setting next_dagrun for example_params_ui_tutorial to None, run_after=None
[2025-02-07T13:44:25.072+0000] {processor.py:208} INFO - Processing /opt/conda/lib/python3.12/site-packages/airflow/example_dags/example_params_ui_tutorial.py took 0.066 seconds
[2025-02-07T13:46:01.233+0000] {processor.py:186} INFO - Started process (PID=1200) to work on /opt/conda/lib/python3.12/site-packages/airflow/example_dags/example_params_ui_tutorial.py
[2025-02-07T13:46:01.236+0000] {processor.py:914} INFO - Processing file /opt/conda/lib/python3.12/site-packages/airflow/example_dags/example_params_ui_tutorial.py for tasks to queue
[2025-02-07T13:46:01.240+0000] {logging_mixin.py:190} INFO - [2025-02-07T13:46:01.240+0000] {dagbag.py:588} INFO - Filling up the DagBag from /opt/conda/lib/python3.12/site-packages/airflow/example_dags/example_params_ui_tutorial.py
[2025-02-07T13:46:01.253+0000] {processor.py:925} INFO - DAG(s) 'example_params_ui_tutorial' retrieved from /opt/conda/lib/python3.12/site-packages/airflow/example_dags/example_params_ui_tutorial.py
[2025-02-07T13:46:01.286+0000] {logging_mixin.py:190} INFO - [2025-02-07T13:46:01.285+0000] {dag.py:3239} INFO - Sync 1 DAGs
[2025-02-07T13:46:01.298+0000] {logging_mixin.py:190} INFO - [2025-02-07T13:46:01.298+0000] {dag.py:4180} INFO - Setting next_dagrun for example_params_ui_tutorial to None, run_after=None
[2025-02-07T13:46:01.319+0000] {processor.py:208} INFO - Processing /opt/conda/lib/python3.12/site-packages/airflow/example_dags/example_params_ui_tutorial.py took 0.114 seconds
[2025-02-07T14:05:17.876+0000] {processor.py:186} INFO - Started process (PID=1758) to work on /opt/conda/lib/python3.12/site-packages/airflow/example_dags/example_params_ui_tutorial.py
[2025-02-07T14:05:17.879+0000] {processor.py:914} INFO - Processing file /opt/conda/lib/python3.12/site-packages/airflow/example_dags/example_params_ui_tutorial.py for tasks to queue
[2025-02-07T14:05:17.880+0000] {logging_mixin.py:190} INFO - [2025-02-07T14:05:17.880+0000] {dagbag.py:588} INFO - Filling up the DagBag from /opt/conda/lib/python3.12/site-packages/airflow/example_dags/example_params_ui_tutorial.py
[2025-02-07T14:05:17.890+0000] {processor.py:925} INFO - DAG(s) 'example_params_ui_tutorial' retrieved from /opt/conda/lib/python3.12/site-packages/airflow/example_dags/example_params_ui_tutorial.py
[2025-02-07T14:05:18.011+0000] {logging_mixin.py:190} INFO - [2025-02-07T14:05:18.011+0000] {dag.py:3239} INFO - Sync 1 DAGs
[2025-02-07T14:05:18.031+0000] {logging_mixin.py:190} INFO - [2025-02-07T14:05:18.030+0000] {dag.py:4180} INFO - Setting next_dagrun for example_params_ui_tutorial to None, run_after=None
[2025-02-07T14:05:18.077+0000] {processor.py:208} INFO - Processing /opt/conda/lib/python3.12/site-packages/airflow/example_dags/example_params_ui_tutorial.py took 0.209 seconds
[2025-02-07T14:06:19.573+0000] {processor.py:186} INFO - Started process (PID=1826) to work on /opt/conda/lib/python3.12/site-packages/airflow/example_dags/example_params_ui_tutorial.py
[2025-02-07T14:06:19.574+0000] {processor.py:914} INFO - Processing file /opt/conda/lib/python3.12/site-packages/airflow/example_dags/example_params_ui_tutorial.py for tasks to queue
[2025-02-07T14:06:19.575+0000] {logging_mixin.py:190} INFO - [2025-02-07T14:06:19.575+0000] {dagbag.py:588} INFO - Filling up the DagBag from /opt/conda/lib/python3.12/site-packages/airflow/example_dags/example_params_ui_tutorial.py
[2025-02-07T14:06:19.581+0000] {processor.py:925} INFO - DAG(s) 'example_params_ui_tutorial' retrieved from /opt/conda/lib/python3.12/site-packages/airflow/example_dags/example_params_ui_tutorial.py
[2025-02-07T14:06:19.609+0000] {logging_mixin.py:190} INFO - [2025-02-07T14:06:19.608+0000] {dag.py:3239} INFO - Sync 1 DAGs
[2025-02-07T14:06:19.617+0000] {logging_mixin.py:190} INFO - [2025-02-07T14:06:19.617+0000] {dag.py:4180} INFO - Setting next_dagrun for example_params_ui_tutorial to None, run_after=None
[2025-02-07T14:06:19.634+0000] {processor.py:208} INFO - Processing /opt/conda/lib/python3.12/site-packages/airflow/example_dags/example_params_ui_tutorial.py took 0.070 seconds
[2025-02-07T14:07:43.094+0000] {processor.py:186} INFO - Started process (PID=2014) to work on /opt/conda/lib/python3.12/site-packages/airflow/example_dags/example_params_ui_tutorial.py
[2025-02-07T14:07:43.098+0000] {processor.py:914} INFO - Processing file /opt/conda/lib/python3.12/site-packages/airflow/example_dags/example_params_ui_tutorial.py for tasks to queue
[2025-02-07T14:07:43.101+0000] {logging_mixin.py:190} INFO - [2025-02-07T14:07:43.100+0000] {dagbag.py:588} INFO - Filling up the DagBag from /opt/conda/lib/python3.12/site-packages/airflow/example_dags/example_params_ui_tutorial.py
[2025-02-07T14:07:43.112+0000] {processor.py:925} INFO - DAG(s) 'example_params_ui_tutorial' retrieved from /opt/conda/lib/python3.12/site-packages/airflow/example_dags/example_params_ui_tutorial.py
[2025-02-07T14:07:43.145+0000] {logging_mixin.py:190} INFO - [2025-02-07T14:07:43.144+0000] {dag.py:3239} INFO - Sync 1 DAGs
[2025-02-07T14:07:43.162+0000] {logging_mixin.py:190} INFO - [2025-02-07T14:07:43.162+0000] {dag.py:4180} INFO - Setting next_dagrun for example_params_ui_tutorial to None, run_after=None
[2025-02-07T14:07:43.239+0000] {processor.py:208} INFO - Processing /opt/conda/lib/python3.12/site-packages/airflow/example_dags/example_params_ui_tutorial.py took 0.154 seconds
