[2025-02-07T12:13:54.509+0000] {processor.py:186} INFO - Started process (PID=3358) to work on /opt/conda/lib/python3.12/site-packages/airflow/example_dags/example_branch_day_of_week_operator.py
[2025-02-07T12:13:54.510+0000] {processor.py:914} INFO - Processing file /opt/conda/lib/python3.12/site-packages/airflow/example_dags/example_branch_day_of_week_operator.py for tasks to queue
[2025-02-07T12:13:54.512+0000] {logging_mixin.py:190} INFO - [2025-02-07T12:13:54.512+0000] {dagbag.py:588} INFO - Filling up the DagBag from /opt/conda/lib/python3.12/site-packages/airflow/example_dags/example_branch_day_of_week_operator.py
[2025-02-07T12:13:54.525+0000] {processor.py:925} INFO - DAG(s) 'example_weekday_branch_operator' retrieved from /opt/conda/lib/python3.12/site-packages/airflow/example_dags/example_branch_day_of_week_operator.py
[2025-02-07T12:13:54.631+0000] {logging_mixin.py:190} INFO - [2025-02-07T12:13:54.630+0000] {override.py:1912} INFO - Created Permission View: can delete on DAG:example_weekday_branch_operator
[2025-02-07T12:13:54.640+0000] {logging_mixin.py:190} INFO - [2025-02-07T12:13:54.640+0000] {override.py:1912} INFO - Created Permission View: can read on DAG:example_weekday_branch_operator
[2025-02-07T12:13:54.645+0000] {logging_mixin.py:190} INFO - [2025-02-07T12:13:54.645+0000] {override.py:1912} INFO - Created Permission View: can edit on DAG:example_weekday_branch_operator
[2025-02-07T12:13:54.659+0000] {logging_mixin.py:190} INFO - [2025-02-07T12:13:54.658+0000] {override.py:1912} INFO - Created Permission View: can create on DAG Run:example_weekday_branch_operator
[2025-02-07T12:13:54.665+0000] {logging_mixin.py:190} INFO - [2025-02-07T12:13:54.665+0000] {override.py:1912} INFO - Created Permission View: menu access on DAG Run:example_weekday_branch_operator
[2025-02-07T12:13:54.672+0000] {logging_mixin.py:190} INFO - [2025-02-07T12:13:54.672+0000] {override.py:1912} INFO - Created Permission View: can read on DAG Run:example_weekday_branch_operator
[2025-02-07T12:13:54.681+0000] {logging_mixin.py:190} INFO - [2025-02-07T12:13:54.681+0000] {override.py:1912} INFO - Created Permission View: can delete on DAG Run:example_weekday_branch_operator
[2025-02-07T12:13:54.682+0000] {logging_mixin.py:190} INFO - [2025-02-07T12:13:54.682+0000] {dag.py:3239} INFO - Sync 1 DAGs
[2025-02-07T12:13:54.692+0000] {logging_mixin.py:190} INFO - [2025-02-07T12:13:54.691+0000] {dag.py:3262} INFO - Creating ORM DAG for example_weekday_branch_operator
[2025-02-07T12:13:54.700+0000] {logging_mixin.py:190} INFO - [2025-02-07T12:13:54.700+0000] {dag.py:4180} INFO - Setting next_dagrun for example_weekday_branch_operator to 2025-02-06 00:00:00+00:00, run_after=2025-02-07 00:00:00+00:00
[2025-02-07T12:13:54.719+0000] {processor.py:208} INFO - Processing /opt/conda/lib/python3.12/site-packages/airflow/example_dags/example_branch_day_of_week_operator.py took 0.215 seconds
[2025-02-07T12:33:15.059+0000] {processor.py:186} INFO - Started process (PID=145) to work on /opt/conda/lib/python3.12/site-packages/airflow/example_dags/example_branch_day_of_week_operator.py
[2025-02-07T12:33:15.060+0000] {processor.py:914} INFO - Processing file /opt/conda/lib/python3.12/site-packages/airflow/example_dags/example_branch_day_of_week_operator.py for tasks to queue
[2025-02-07T12:33:15.063+0000] {logging_mixin.py:190} INFO - [2025-02-07T12:33:15.062+0000] {dagbag.py:588} INFO - Filling up the DagBag from /opt/conda/lib/python3.12/site-packages/airflow/example_dags/example_branch_day_of_week_operator.py
[2025-02-07T12:33:15.072+0000] {processor.py:925} INFO - DAG(s) 'example_weekday_branch_operator' retrieved from /opt/conda/lib/python3.12/site-packages/airflow/example_dags/example_branch_day_of_week_operator.py
[2025-02-07T12:33:15.088+0000] {logging_mixin.py:190} INFO - [2025-02-07T12:33:15.088+0000] {dag.py:3239} INFO - Sync 1 DAGs
[2025-02-07T12:33:15.112+0000] {logging_mixin.py:190} INFO - [2025-02-07T12:33:15.111+0000] {dag.py:4180} INFO - Setting next_dagrun for example_weekday_branch_operator to 2025-02-06 00:00:00+00:00, run_after=2025-02-07 00:00:00+00:00
[2025-02-07T12:33:15.168+0000] {processor.py:208} INFO - Processing /opt/conda/lib/python3.12/site-packages/airflow/example_dags/example_branch_day_of_week_operator.py took 0.115 seconds
[2025-02-07T12:37:04.580+0000] {processor.py:186} INFO - Started process (PID=123) to work on /opt/conda/lib/python3.12/site-packages/airflow/example_dags/example_branch_day_of_week_operator.py
[2025-02-07T12:37:04.582+0000] {processor.py:914} INFO - Processing file /opt/conda/lib/python3.12/site-packages/airflow/example_dags/example_branch_day_of_week_operator.py for tasks to queue
[2025-02-07T12:37:04.586+0000] {logging_mixin.py:190} INFO - [2025-02-07T12:37:04.585+0000] {dagbag.py:588} INFO - Filling up the DagBag from /opt/conda/lib/python3.12/site-packages/airflow/example_dags/example_branch_day_of_week_operator.py
[2025-02-07T12:37:04.626+0000] {processor.py:925} INFO - DAG(s) 'example_weekday_branch_operator' retrieved from /opt/conda/lib/python3.12/site-packages/airflow/example_dags/example_branch_day_of_week_operator.py
[2025-02-07T12:37:04.677+0000] {logging_mixin.py:190} INFO - [2025-02-07T12:37:04.677+0000] {dag.py:3239} INFO - Sync 1 DAGs
[2025-02-07T12:37:04.750+0000] {logging_mixin.py:190} INFO - [2025-02-07T12:37:04.749+0000] {dag.py:4180} INFO - Setting next_dagrun for example_weekday_branch_operator to 2025-02-06 00:00:00+00:00, run_after=2025-02-07 00:00:00+00:00
[2025-02-07T12:37:04.792+0000] {processor.py:208} INFO - Processing /opt/conda/lib/python3.12/site-packages/airflow/example_dags/example_branch_day_of_week_operator.py took 0.219 seconds
[2025-02-07T12:38:17.401+0000] {processor.py:186} INFO - Started process (PID=198) to work on /opt/conda/lib/python3.12/site-packages/airflow/example_dags/example_branch_day_of_week_operator.py
[2025-02-07T12:38:17.404+0000] {processor.py:914} INFO - Processing file /opt/conda/lib/python3.12/site-packages/airflow/example_dags/example_branch_day_of_week_operator.py for tasks to queue
[2025-02-07T12:38:17.405+0000] {logging_mixin.py:190} INFO - [2025-02-07T12:38:17.405+0000] {dagbag.py:588} INFO - Filling up the DagBag from /opt/conda/lib/python3.12/site-packages/airflow/example_dags/example_branch_day_of_week_operator.py
[2025-02-07T12:38:17.414+0000] {processor.py:925} INFO - DAG(s) 'example_weekday_branch_operator' retrieved from /opt/conda/lib/python3.12/site-packages/airflow/example_dags/example_branch_day_of_week_operator.py
[2025-02-07T12:38:17.427+0000] {logging_mixin.py:190} INFO - [2025-02-07T12:38:17.427+0000] {dag.py:3239} INFO - Sync 1 DAGs
[2025-02-07T12:38:17.442+0000] {logging_mixin.py:190} INFO - [2025-02-07T12:38:17.441+0000] {dag.py:4180} INFO - Setting next_dagrun for example_weekday_branch_operator to 2025-02-06 00:00:00+00:00, run_after=2025-02-07 00:00:00+00:00
[2025-02-07T12:38:17.456+0000] {processor.py:208} INFO - Processing /opt/conda/lib/python3.12/site-packages/airflow/example_dags/example_branch_day_of_week_operator.py took 0.059 seconds
[2025-02-07T12:39:16.609+0000] {processor.py:186} INFO - Started process (PID=267) to work on /opt/conda/lib/python3.12/site-packages/airflow/example_dags/example_branch_day_of_week_operator.py
[2025-02-07T12:39:16.610+0000] {processor.py:914} INFO - Processing file /opt/conda/lib/python3.12/site-packages/airflow/example_dags/example_branch_day_of_week_operator.py for tasks to queue
[2025-02-07T12:39:16.612+0000] {logging_mixin.py:190} INFO - [2025-02-07T12:39:16.611+0000] {dagbag.py:588} INFO - Filling up the DagBag from /opt/conda/lib/python3.12/site-packages/airflow/example_dags/example_branch_day_of_week_operator.py
[2025-02-07T12:39:16.620+0000] {processor.py:925} INFO - DAG(s) 'example_weekday_branch_operator' retrieved from /opt/conda/lib/python3.12/site-packages/airflow/example_dags/example_branch_day_of_week_operator.py
[2025-02-07T12:39:16.634+0000] {logging_mixin.py:190} INFO - [2025-02-07T12:39:16.634+0000] {dag.py:3239} INFO - Sync 1 DAGs
[2025-02-07T12:39:16.649+0000] {logging_mixin.py:190} INFO - [2025-02-07T12:39:16.649+0000] {dag.py:4180} INFO - Setting next_dagrun for example_weekday_branch_operator to 2025-02-06 00:00:00+00:00, run_after=2025-02-07 00:00:00+00:00
[2025-02-07T12:39:16.664+0000] {processor.py:208} INFO - Processing /opt/conda/lib/python3.12/site-packages/airflow/example_dags/example_branch_day_of_week_operator.py took 0.058 seconds
[2025-02-07T12:40:13.827+0000] {processor.py:186} INFO - Started process (PID=335) to work on /opt/conda/lib/python3.12/site-packages/airflow/example_dags/example_branch_day_of_week_operator.py
[2025-02-07T12:40:13.828+0000] {processor.py:914} INFO - Processing file /opt/conda/lib/python3.12/site-packages/airflow/example_dags/example_branch_day_of_week_operator.py for tasks to queue
[2025-02-07T12:40:13.830+0000] {logging_mixin.py:190} INFO - [2025-02-07T12:40:13.830+0000] {dagbag.py:588} INFO - Filling up the DagBag from /opt/conda/lib/python3.12/site-packages/airflow/example_dags/example_branch_day_of_week_operator.py
[2025-02-07T12:40:13.837+0000] {processor.py:925} INFO - DAG(s) 'example_weekday_branch_operator' retrieved from /opt/conda/lib/python3.12/site-packages/airflow/example_dags/example_branch_day_of_week_operator.py
[2025-02-07T12:40:13.849+0000] {logging_mixin.py:190} INFO - [2025-02-07T12:40:13.849+0000] {dag.py:3239} INFO - Sync 1 DAGs
[2025-02-07T12:40:13.865+0000] {logging_mixin.py:190} INFO - [2025-02-07T12:40:13.864+0000] {dag.py:4180} INFO - Setting next_dagrun for example_weekday_branch_operator to 2025-02-06 00:00:00+00:00, run_after=2025-02-07 00:00:00+00:00
[2025-02-07T12:40:13.897+0000] {processor.py:208} INFO - Processing /opt/conda/lib/python3.12/site-packages/airflow/example_dags/example_branch_day_of_week_operator.py took 0.074 seconds
[2025-02-07T12:41:12.903+0000] {processor.py:186} INFO - Started process (PID=404) to work on /opt/conda/lib/python3.12/site-packages/airflow/example_dags/example_branch_day_of_week_operator.py
[2025-02-07T12:41:12.904+0000] {processor.py:914} INFO - Processing file /opt/conda/lib/python3.12/site-packages/airflow/example_dags/example_branch_day_of_week_operator.py for tasks to queue
[2025-02-07T12:41:12.907+0000] {logging_mixin.py:190} INFO - [2025-02-07T12:41:12.907+0000] {dagbag.py:588} INFO - Filling up the DagBag from /opt/conda/lib/python3.12/site-packages/airflow/example_dags/example_branch_day_of_week_operator.py
[2025-02-07T12:41:12.920+0000] {processor.py:925} INFO - DAG(s) 'example_weekday_branch_operator' retrieved from /opt/conda/lib/python3.12/site-packages/airflow/example_dags/example_branch_day_of_week_operator.py
[2025-02-07T12:41:12.935+0000] {logging_mixin.py:190} INFO - [2025-02-07T12:41:12.934+0000] {dag.py:3239} INFO - Sync 1 DAGs
[2025-02-07T12:41:12.950+0000] {logging_mixin.py:190} INFO - [2025-02-07T12:41:12.950+0000] {dag.py:4180} INFO - Setting next_dagrun for example_weekday_branch_operator to 2025-02-06 00:00:00+00:00, run_after=2025-02-07 00:00:00+00:00
[2025-02-07T12:41:12.965+0000] {processor.py:208} INFO - Processing /opt/conda/lib/python3.12/site-packages/airflow/example_dags/example_branch_day_of_week_operator.py took 0.068 seconds
[2025-02-07T12:53:13.145+0000] {processor.py:186} INFO - Started process (PID=5137) to work on /opt/conda/lib/python3.12/site-packages/airflow/example_dags/example_branch_day_of_week_operator.py
[2025-02-07T12:53:13.146+0000] {processor.py:914} INFO - Processing file /opt/conda/lib/python3.12/site-packages/airflow/example_dags/example_branch_day_of_week_operator.py for tasks to queue
[2025-02-07T12:53:13.147+0000] {logging_mixin.py:190} INFO - [2025-02-07T12:53:13.147+0000] {dagbag.py:588} INFO - Filling up the DagBag from /opt/conda/lib/python3.12/site-packages/airflow/example_dags/example_branch_day_of_week_operator.py
[2025-02-07T12:53:13.153+0000] {processor.py:925} INFO - DAG(s) 'example_weekday_branch_operator' retrieved from /opt/conda/lib/python3.12/site-packages/airflow/example_dags/example_branch_day_of_week_operator.py
[2025-02-07T12:53:13.161+0000] {logging_mixin.py:190} INFO - [2025-02-07T12:53:13.161+0000] {dag.py:3239} INFO - Sync 1 DAGs
[2025-02-07T12:53:13.172+0000] {logging_mixin.py:190} INFO - [2025-02-07T12:53:13.172+0000] {dag.py:4180} INFO - Setting next_dagrun for example_weekday_branch_operator to 2025-02-06 00:00:00+00:00, run_after=2025-02-07 00:00:00+00:00
[2025-02-07T12:53:13.187+0000] {processor.py:208} INFO - Processing /opt/conda/lib/python3.12/site-packages/airflow/example_dags/example_branch_day_of_week_operator.py took 0.044 seconds
[2025-02-07T13:28:06.832+0000] {processor.py:186} INFO - Started process (PID=303) to work on /opt/conda/lib/python3.12/site-packages/airflow/example_dags/example_branch_day_of_week_operator.py
[2025-02-07T13:28:06.834+0000] {processor.py:914} INFO - Processing file /opt/conda/lib/python3.12/site-packages/airflow/example_dags/example_branch_day_of_week_operator.py for tasks to queue
[2025-02-07T13:28:06.847+0000] {logging_mixin.py:190} INFO - [2025-02-07T13:28:06.845+0000] {dagbag.py:588} INFO - Filling up the DagBag from /opt/conda/lib/python3.12/site-packages/airflow/example_dags/example_branch_day_of_week_operator.py
[2025-02-07T13:28:06.880+0000] {processor.py:925} INFO - DAG(s) 'example_weekday_branch_operator' retrieved from /opt/conda/lib/python3.12/site-packages/airflow/example_dags/example_branch_day_of_week_operator.py
[2025-02-07T13:28:06.942+0000] {logging_mixin.py:190} INFO - [2025-02-07T13:28:06.942+0000] {dag.py:3239} INFO - Sync 1 DAGs
[2025-02-07T13:28:06.990+0000] {logging_mixin.py:190} INFO - [2025-02-07T13:28:06.990+0000] {dag.py:4180} INFO - Setting next_dagrun for example_weekday_branch_operator to 2025-02-06 00:00:00+00:00, run_after=2025-02-07 00:00:00+00:00
[2025-02-07T13:28:07.010+0000] {processor.py:208} INFO - Processing /opt/conda/lib/python3.12/site-packages/airflow/example_dags/example_branch_day_of_week_operator.py took 0.215 seconds
[2025-02-07T13:29:40.989+0000] {processor.py:186} INFO - Started process (PID=395) to work on /opt/conda/lib/python3.12/site-packages/airflow/example_dags/example_branch_day_of_week_operator.py
[2025-02-07T13:29:40.993+0000] {processor.py:914} INFO - Processing file /opt/conda/lib/python3.12/site-packages/airflow/example_dags/example_branch_day_of_week_operator.py for tasks to queue
[2025-02-07T13:29:40.994+0000] {logging_mixin.py:190} INFO - [2025-02-07T13:29:40.994+0000] {dagbag.py:588} INFO - Filling up the DagBag from /opt/conda/lib/python3.12/site-packages/airflow/example_dags/example_branch_day_of_week_operator.py
[2025-02-07T13:29:41.003+0000] {processor.py:925} INFO - DAG(s) 'example_weekday_branch_operator' retrieved from /opt/conda/lib/python3.12/site-packages/airflow/example_dags/example_branch_day_of_week_operator.py
[2025-02-07T13:29:41.014+0000] {logging_mixin.py:190} INFO - [2025-02-07T13:29:41.014+0000] {dag.py:3239} INFO - Sync 1 DAGs
[2025-02-07T13:29:41.032+0000] {logging_mixin.py:190} INFO - [2025-02-07T13:29:41.032+0000] {dag.py:4180} INFO - Setting next_dagrun for example_weekday_branch_operator to 2025-02-06 00:00:00+00:00, run_after=2025-02-07 00:00:00+00:00
[2025-02-07T13:29:41.047+0000] {processor.py:208} INFO - Processing /opt/conda/lib/python3.12/site-packages/airflow/example_dags/example_branch_day_of_week_operator.py took 0.063 seconds
[2025-02-07T13:39:01.771+0000] {processor.py:186} INFO - Started process (PID=449) to work on /opt/conda/lib/python3.12/site-packages/airflow/example_dags/example_branch_day_of_week_operator.py
[2025-02-07T13:39:01.772+0000] {processor.py:914} INFO - Processing file /opt/conda/lib/python3.12/site-packages/airflow/example_dags/example_branch_day_of_week_operator.py for tasks to queue
[2025-02-07T13:39:01.774+0000] {logging_mixin.py:190} INFO - [2025-02-07T13:39:01.773+0000] {dagbag.py:588} INFO - Filling up the DagBag from /opt/conda/lib/python3.12/site-packages/airflow/example_dags/example_branch_day_of_week_operator.py
[2025-02-07T13:39:01.781+0000] {processor.py:925} INFO - DAG(s) 'example_weekday_branch_operator' retrieved from /opt/conda/lib/python3.12/site-packages/airflow/example_dags/example_branch_day_of_week_operator.py
[2025-02-07T13:39:01.795+0000] {logging_mixin.py:190} INFO - [2025-02-07T13:39:01.795+0000] {dag.py:3239} INFO - Sync 1 DAGs
[2025-02-07T13:39:01.809+0000] {logging_mixin.py:190} INFO - [2025-02-07T13:39:01.809+0000] {dag.py:4180} INFO - Setting next_dagrun for example_weekday_branch_operator to 2025-02-06 00:00:00+00:00, run_after=2025-02-07 00:00:00+00:00
[2025-02-07T13:39:01.826+0000] {processor.py:208} INFO - Processing /opt/conda/lib/python3.12/site-packages/airflow/example_dags/example_branch_day_of_week_operator.py took 0.059 seconds
[2025-02-07T13:40:03.633+0000] {processor.py:186} INFO - Started process (PID=520) to work on /opt/conda/lib/python3.12/site-packages/airflow/example_dags/example_branch_day_of_week_operator.py
[2025-02-07T13:40:03.634+0000] {processor.py:914} INFO - Processing file /opt/conda/lib/python3.12/site-packages/airflow/example_dags/example_branch_day_of_week_operator.py for tasks to queue
[2025-02-07T13:40:03.636+0000] {logging_mixin.py:190} INFO - [2025-02-07T13:40:03.636+0000] {dagbag.py:588} INFO - Filling up the DagBag from /opt/conda/lib/python3.12/site-packages/airflow/example_dags/example_branch_day_of_week_operator.py
[2025-02-07T13:40:03.645+0000] {processor.py:925} INFO - DAG(s) 'example_weekday_branch_operator' retrieved from /opt/conda/lib/python3.12/site-packages/airflow/example_dags/example_branch_day_of_week_operator.py
[2025-02-07T13:40:03.658+0000] {logging_mixin.py:190} INFO - [2025-02-07T13:40:03.658+0000] {dag.py:3239} INFO - Sync 1 DAGs
[2025-02-07T13:40:03.672+0000] {logging_mixin.py:190} INFO - [2025-02-07T13:40:03.672+0000] {dag.py:4180} INFO - Setting next_dagrun for example_weekday_branch_operator to 2025-02-06 00:00:00+00:00, run_after=2025-02-07 00:00:00+00:00
[2025-02-07T13:40:03.690+0000] {processor.py:208} INFO - Processing /opt/conda/lib/python3.12/site-packages/airflow/example_dags/example_branch_day_of_week_operator.py took 0.063 seconds
[2025-02-07T13:41:00.878+0000] {processor.py:186} INFO - Started process (PID=588) to work on /opt/conda/lib/python3.12/site-packages/airflow/example_dags/example_branch_day_of_week_operator.py
[2025-02-07T13:41:00.879+0000] {processor.py:914} INFO - Processing file /opt/conda/lib/python3.12/site-packages/airflow/example_dags/example_branch_day_of_week_operator.py for tasks to queue
[2025-02-07T13:41:00.882+0000] {logging_mixin.py:190} INFO - [2025-02-07T13:41:00.881+0000] {dagbag.py:588} INFO - Filling up the DagBag from /opt/conda/lib/python3.12/site-packages/airflow/example_dags/example_branch_day_of_week_operator.py
[2025-02-07T13:41:00.891+0000] {processor.py:925} INFO - DAG(s) 'example_weekday_branch_operator' retrieved from /opt/conda/lib/python3.12/site-packages/airflow/example_dags/example_branch_day_of_week_operator.py
[2025-02-07T13:41:00.905+0000] {logging_mixin.py:190} INFO - [2025-02-07T13:41:00.905+0000] {dag.py:3239} INFO - Sync 1 DAGs
[2025-02-07T13:41:00.920+0000] {logging_mixin.py:190} INFO - [2025-02-07T13:41:00.920+0000] {dag.py:4180} INFO - Setting next_dagrun for example_weekday_branch_operator to 2025-02-06 00:00:00+00:00, run_after=2025-02-07 00:00:00+00:00
[2025-02-07T13:41:00.935+0000] {processor.py:208} INFO - Processing /opt/conda/lib/python3.12/site-packages/airflow/example_dags/example_branch_day_of_week_operator.py took 0.062 seconds
[2025-02-07T13:41:59.467+0000] {processor.py:186} INFO - Started process (PID=656) to work on /opt/conda/lib/python3.12/site-packages/airflow/example_dags/example_branch_day_of_week_operator.py
[2025-02-07T13:41:59.468+0000] {processor.py:914} INFO - Processing file /opt/conda/lib/python3.12/site-packages/airflow/example_dags/example_branch_day_of_week_operator.py for tasks to queue
[2025-02-07T13:41:59.470+0000] {logging_mixin.py:190} INFO - [2025-02-07T13:41:59.470+0000] {dagbag.py:588} INFO - Filling up the DagBag from /opt/conda/lib/python3.12/site-packages/airflow/example_dags/example_branch_day_of_week_operator.py
[2025-02-07T13:41:59.478+0000] {processor.py:925} INFO - DAG(s) 'example_weekday_branch_operator' retrieved from /opt/conda/lib/python3.12/site-packages/airflow/example_dags/example_branch_day_of_week_operator.py
[2025-02-07T13:41:59.491+0000] {logging_mixin.py:190} INFO - [2025-02-07T13:41:59.491+0000] {dag.py:3239} INFO - Sync 1 DAGs
[2025-02-07T13:41:59.504+0000] {logging_mixin.py:190} INFO - [2025-02-07T13:41:59.504+0000] {dag.py:4180} INFO - Setting next_dagrun for example_weekday_branch_operator to 2025-02-06 00:00:00+00:00, run_after=2025-02-07 00:00:00+00:00
[2025-02-07T13:41:59.517+0000] {processor.py:208} INFO - Processing /opt/conda/lib/python3.12/site-packages/airflow/example_dags/example_branch_day_of_week_operator.py took 0.058 seconds
[2025-02-07T13:43:12.376+0000] {processor.py:186} INFO - Started process (PID=839) to work on /opt/conda/lib/python3.12/site-packages/airflow/example_dags/example_branch_day_of_week_operator.py
[2025-02-07T13:43:12.377+0000] {processor.py:914} INFO - Processing file /opt/conda/lib/python3.12/site-packages/airflow/example_dags/example_branch_day_of_week_operator.py for tasks to queue
[2025-02-07T13:43:12.379+0000] {logging_mixin.py:190} INFO - [2025-02-07T13:43:12.378+0000] {dagbag.py:588} INFO - Filling up the DagBag from /opt/conda/lib/python3.12/site-packages/airflow/example_dags/example_branch_day_of_week_operator.py
[2025-02-07T13:43:12.387+0000] {processor.py:925} INFO - DAG(s) 'example_weekday_branch_operator' retrieved from /opt/conda/lib/python3.12/site-packages/airflow/example_dags/example_branch_day_of_week_operator.py
[2025-02-07T13:43:12.400+0000] {logging_mixin.py:190} INFO - [2025-02-07T13:43:12.400+0000] {dag.py:3239} INFO - Sync 1 DAGs
[2025-02-07T13:43:12.415+0000] {logging_mixin.py:190} INFO - [2025-02-07T13:43:12.415+0000] {dag.py:4180} INFO - Setting next_dagrun for example_weekday_branch_operator to 2025-02-06 00:00:00+00:00, run_after=2025-02-07 00:00:00+00:00
[2025-02-07T13:43:12.428+0000] {processor.py:208} INFO - Processing /opt/conda/lib/python3.12/site-packages/airflow/example_dags/example_branch_day_of_week_operator.py took 0.058 seconds
[2025-02-07T13:44:40.519+0000] {processor.py:186} INFO - Started process (PID=1031) to work on /opt/conda/lib/python3.12/site-packages/airflow/example_dags/example_branch_day_of_week_operator.py
[2025-02-07T13:44:40.521+0000] {processor.py:914} INFO - Processing file /opt/conda/lib/python3.12/site-packages/airflow/example_dags/example_branch_day_of_week_operator.py for tasks to queue
[2025-02-07T13:44:40.524+0000] {logging_mixin.py:190} INFO - [2025-02-07T13:44:40.523+0000] {dagbag.py:588} INFO - Filling up the DagBag from /opt/conda/lib/python3.12/site-packages/airflow/example_dags/example_branch_day_of_week_operator.py
[2025-02-07T13:44:40.533+0000] {processor.py:925} INFO - DAG(s) 'example_weekday_branch_operator' retrieved from /opt/conda/lib/python3.12/site-packages/airflow/example_dags/example_branch_day_of_week_operator.py
[2025-02-07T13:44:40.547+0000] {logging_mixin.py:190} INFO - [2025-02-07T13:44:40.547+0000] {dag.py:3239} INFO - Sync 1 DAGs
[2025-02-07T13:44:40.563+0000] {logging_mixin.py:190} INFO - [2025-02-07T13:44:40.563+0000] {dag.py:4180} INFO - Setting next_dagrun for example_weekday_branch_operator to 2025-02-06 00:00:00+00:00, run_after=2025-02-07 00:00:00+00:00
[2025-02-07T13:44:40.578+0000] {processor.py:208} INFO - Processing /opt/conda/lib/python3.12/site-packages/airflow/example_dags/example_branch_day_of_week_operator.py took 0.067 seconds
[2025-02-07T13:46:18.777+0000] {processor.py:186} INFO - Started process (PID=1217) to work on /opt/conda/lib/python3.12/site-packages/airflow/example_dags/example_branch_day_of_week_operator.py
[2025-02-07T13:46:18.779+0000] {processor.py:914} INFO - Processing file /opt/conda/lib/python3.12/site-packages/airflow/example_dags/example_branch_day_of_week_operator.py for tasks to queue
[2025-02-07T13:46:18.780+0000] {logging_mixin.py:190} INFO - [2025-02-07T13:46:18.780+0000] {dagbag.py:588} INFO - Filling up the DagBag from /opt/conda/lib/python3.12/site-packages/airflow/example_dags/example_branch_day_of_week_operator.py
[2025-02-07T13:46:18.788+0000] {processor.py:925} INFO - DAG(s) 'example_weekday_branch_operator' retrieved from /opt/conda/lib/python3.12/site-packages/airflow/example_dags/example_branch_day_of_week_operator.py
[2025-02-07T13:46:18.802+0000] {logging_mixin.py:190} INFO - [2025-02-07T13:46:18.802+0000] {dag.py:3239} INFO - Sync 1 DAGs
[2025-02-07T13:46:18.817+0000] {logging_mixin.py:190} INFO - [2025-02-07T13:46:18.817+0000] {dag.py:4180} INFO - Setting next_dagrun for example_weekday_branch_operator to 2025-02-06 00:00:00+00:00, run_after=2025-02-07 00:00:00+00:00
[2025-02-07T13:46:18.831+0000] {processor.py:208} INFO - Processing /opt/conda/lib/python3.12/site-packages/airflow/example_dags/example_branch_day_of_week_operator.py took 0.059 seconds
[2025-02-07T14:05:37.211+0000] {processor.py:186} INFO - Started process (PID=1775) to work on /opt/conda/lib/python3.12/site-packages/airflow/example_dags/example_branch_day_of_week_operator.py
[2025-02-07T14:05:37.213+0000] {processor.py:914} INFO - Processing file /opt/conda/lib/python3.12/site-packages/airflow/example_dags/example_branch_day_of_week_operator.py for tasks to queue
[2025-02-07T14:05:37.214+0000] {logging_mixin.py:190} INFO - [2025-02-07T14:05:37.214+0000] {dagbag.py:588} INFO - Filling up the DagBag from /opt/conda/lib/python3.12/site-packages/airflow/example_dags/example_branch_day_of_week_operator.py
[2025-02-07T14:05:37.224+0000] {processor.py:925} INFO - DAG(s) 'example_weekday_branch_operator' retrieved from /opt/conda/lib/python3.12/site-packages/airflow/example_dags/example_branch_day_of_week_operator.py
[2025-02-07T14:05:37.240+0000] {logging_mixin.py:190} INFO - [2025-02-07T14:05:37.240+0000] {dag.py:3239} INFO - Sync 1 DAGs
[2025-02-07T14:05:37.256+0000] {logging_mixin.py:190} INFO - [2025-02-07T14:05:37.255+0000] {dag.py:4180} INFO - Setting next_dagrun for example_weekday_branch_operator to 2025-02-06 00:00:00+00:00, run_after=2025-02-07 00:00:00+00:00
[2025-02-07T14:05:37.271+0000] {processor.py:208} INFO - Processing /opt/conda/lib/python3.12/site-packages/airflow/example_dags/example_branch_day_of_week_operator.py took 0.066 seconds
[2025-02-07T14:06:40.249+0000] {processor.py:186} INFO - Started process (PID=1845) to work on /opt/conda/lib/python3.12/site-packages/airflow/example_dags/example_branch_day_of_week_operator.py
[2025-02-07T14:06:40.250+0000] {processor.py:914} INFO - Processing file /opt/conda/lib/python3.12/site-packages/airflow/example_dags/example_branch_day_of_week_operator.py for tasks to queue
[2025-02-07T14:06:40.251+0000] {logging_mixin.py:190} INFO - [2025-02-07T14:06:40.251+0000] {dagbag.py:588} INFO - Filling up the DagBag from /opt/conda/lib/python3.12/site-packages/airflow/example_dags/example_branch_day_of_week_operator.py
[2025-02-07T14:06:40.257+0000] {processor.py:925} INFO - DAG(s) 'example_weekday_branch_operator' retrieved from /opt/conda/lib/python3.12/site-packages/airflow/example_dags/example_branch_day_of_week_operator.py
[2025-02-07T14:06:40.270+0000] {logging_mixin.py:190} INFO - [2025-02-07T14:06:40.270+0000] {dag.py:3239} INFO - Sync 1 DAGs
[2025-02-07T14:06:40.281+0000] {logging_mixin.py:190} INFO - [2025-02-07T14:06:40.281+0000] {dag.py:4180} INFO - Setting next_dagrun for example_weekday_branch_operator to 2025-02-06 00:00:00+00:00, run_after=2025-02-07 00:00:00+00:00
[2025-02-07T14:06:40.295+0000] {processor.py:208} INFO - Processing /opt/conda/lib/python3.12/site-packages/airflow/example_dags/example_branch_day_of_week_operator.py took 0.050 seconds
[2025-02-07T14:08:51.734+0000] {processor.py:186} INFO - Started process (PID=2149) to work on /opt/conda/lib/python3.12/site-packages/airflow/example_dags/example_branch_day_of_week_operator.py
[2025-02-07T14:08:51.739+0000] {processor.py:914} INFO - Processing file /opt/conda/lib/python3.12/site-packages/airflow/example_dags/example_branch_day_of_week_operator.py for tasks to queue
[2025-02-07T14:08:51.743+0000] {logging_mixin.py:190} INFO - [2025-02-07T14:08:51.741+0000] {dagbag.py:588} INFO - Filling up the DagBag from /opt/conda/lib/python3.12/site-packages/airflow/example_dags/example_branch_day_of_week_operator.py
[2025-02-07T14:08:51.763+0000] {processor.py:925} INFO - DAG(s) 'example_weekday_branch_operator' retrieved from /opt/conda/lib/python3.12/site-packages/airflow/example_dags/example_branch_day_of_week_operator.py
[2025-02-07T14:08:51.814+0000] {logging_mixin.py:190} INFO - [2025-02-07T14:08:51.814+0000] {dag.py:3239} INFO - Sync 1 DAGs
[2025-02-07T14:08:51.840+0000] {logging_mixin.py:190} INFO - [2025-02-07T14:08:51.840+0000] {dag.py:4180} INFO - Setting next_dagrun for example_weekday_branch_operator to 2025-02-06 00:00:00+00:00, run_after=2025-02-07 00:00:00+00:00
[2025-02-07T14:08:51.881+0000] {processor.py:208} INFO - Processing /opt/conda/lib/python3.12/site-packages/airflow/example_dags/example_branch_day_of_week_operator.py took 0.179 seconds
