[2025-02-07T12:12:28.599+0000] {processor.py:186} INFO - Started process (PID=2843) to work on /opt/conda/lib/python3.12/site-packages/airflow/example_dags/example_datasets.py
[2025-02-07T12:12:28.601+0000] {processor.py:914} INFO - Processing file /opt/conda/lib/python3.12/site-packages/airflow/example_dags/example_datasets.py for tasks to queue
[2025-02-07T12:12:28.606+0000] {logging_mixin.py:190} INFO - [2025-02-07T12:12:28.606+0000] {dagbag.py:588} INFO - Filling up the DagBag from /opt/conda/lib/python3.12/site-packages/airflow/example_dags/example_datasets.py
[2025-02-07T12:12:28.634+0000] {processor.py:925} INFO - DAG(s) 'conditional_dataset_and_time_based_timetable', 'dataset_consumes_1', 'consume_1_and_2_with_dataset_expressions', 'consume_1_or_2_with_dataset_expressions', 'dataset_consumes_unknown_never_scheduled', 'dataset_produces_1', 'consume_1_or_both_2_and_3_with_dataset_expressions', 'dataset_consumes_1_never_scheduled', 'dataset_consumes_1_and_2', 'dataset_produces_2' retrieved from /opt/conda/lib/python3.12/site-packages/airflow/example_dags/example_datasets.py
[2025-02-07T12:12:28.672+0000] {logging_mixin.py:190} INFO - [2025-02-07T12:12:28.671+0000] {dag.py:3239} INFO - Sync 10 DAGs
[2025-02-07T12:12:28.695+0000] {logging_mixin.py:190} INFO - [2025-02-07T12:12:28.695+0000] {dag.py:4180} INFO - Setting next_dagrun for conditional_dataset_and_time_based_timetable to 2025-02-05 01:00:00+00:00, run_after=2025-02-05 01:00:00+00:00
[2025-02-07T12:12:28.698+0000] {logging_mixin.py:190} INFO - [2025-02-07T12:12:28.698+0000] {dag.py:4180} INFO - Setting next_dagrun for consume_1_and_2_with_dataset_expressions to None, run_after=None
[2025-02-07T12:12:28.701+0000] {logging_mixin.py:190} INFO - [2025-02-07T12:12:28.701+0000] {dag.py:4180} INFO - Setting next_dagrun for consume_1_or_2_with_dataset_expressions to None, run_after=None
[2025-02-07T12:12:28.702+0000] {logging_mixin.py:190} INFO - [2025-02-07T12:12:28.701+0000] {dag.py:4180} INFO - Setting next_dagrun for consume_1_or_both_2_and_3_with_dataset_expressions to None, run_after=None
[2025-02-07T12:12:28.702+0000] {logging_mixin.py:190} INFO - [2025-02-07T12:12:28.702+0000] {dag.py:4180} INFO - Setting next_dagrun for dataset_consumes_1 to None, run_after=None
[2025-02-07T12:12:28.703+0000] {logging_mixin.py:190} INFO - [2025-02-07T12:12:28.703+0000] {dag.py:4180} INFO - Setting next_dagrun for dataset_consumes_1_and_2 to None, run_after=None
[2025-02-07T12:12:28.704+0000] {logging_mixin.py:190} INFO - [2025-02-07T12:12:28.704+0000] {dag.py:4180} INFO - Setting next_dagrun for dataset_consumes_1_never_scheduled to None, run_after=None
[2025-02-07T12:12:28.705+0000] {logging_mixin.py:190} INFO - [2025-02-07T12:12:28.705+0000] {dag.py:4180} INFO - Setting next_dagrun for dataset_consumes_unknown_never_scheduled to None, run_after=None
[2025-02-07T12:12:28.706+0000] {logging_mixin.py:190} INFO - [2025-02-07T12:12:28.706+0000] {dag.py:4180} INFO - Setting next_dagrun for dataset_produces_1 to 2025-02-06 00:00:00+00:00, run_after=2025-02-07 00:00:00+00:00
[2025-02-07T12:12:28.707+0000] {logging_mixin.py:190} INFO - [2025-02-07T12:12:28.707+0000] {dag.py:4180} INFO - Setting next_dagrun for dataset_produces_2 to None, run_after=None
[2025-02-07T12:12:28.747+0000] {processor.py:208} INFO - Processing /opt/conda/lib/python3.12/site-packages/airflow/example_dags/example_datasets.py took 0.167 seconds
[2025-02-07T12:33:05.806+0000] {processor.py:186} INFO - Started process (PID=136) to work on /opt/conda/lib/python3.12/site-packages/airflow/example_dags/example_datasets.py
[2025-02-07T12:33:05.807+0000] {processor.py:914} INFO - Processing file /opt/conda/lib/python3.12/site-packages/airflow/example_dags/example_datasets.py for tasks to queue
[2025-02-07T12:33:05.809+0000] {logging_mixin.py:190} INFO - [2025-02-07T12:33:05.809+0000] {dagbag.py:588} INFO - Filling up the DagBag from /opt/conda/lib/python3.12/site-packages/airflow/example_dags/example_datasets.py
[2025-02-07T12:33:05.832+0000] {processor.py:925} INFO - DAG(s) 'consume_1_and_2_with_dataset_expressions', 'dataset_consumes_1_and_2', 'dataset_consumes_1', 'dataset_produces_1', 'dataset_consumes_unknown_never_scheduled', 'conditional_dataset_and_time_based_timetable', 'consume_1_or_both_2_and_3_with_dataset_expressions', 'consume_1_or_2_with_dataset_expressions', 'dataset_consumes_1_never_scheduled', 'dataset_produces_2' retrieved from /opt/conda/lib/python3.12/site-packages/airflow/example_dags/example_datasets.py
[2025-02-07T12:33:05.866+0000] {logging_mixin.py:190} INFO - [2025-02-07T12:33:05.865+0000] {dag.py:3239} INFO - Sync 10 DAGs
[2025-02-07T12:33:05.885+0000] {logging_mixin.py:190} INFO - [2025-02-07T12:33:05.885+0000] {dag.py:4180} INFO - Setting next_dagrun for conditional_dataset_and_time_based_timetable to 2025-02-05 01:00:00+00:00, run_after=2025-02-05 01:00:00+00:00
[2025-02-07T12:33:05.888+0000] {logging_mixin.py:190} INFO - [2025-02-07T12:33:05.888+0000] {dag.py:4180} INFO - Setting next_dagrun for consume_1_and_2_with_dataset_expressions to None, run_after=None
[2025-02-07T12:33:05.889+0000] {logging_mixin.py:190} INFO - [2025-02-07T12:33:05.889+0000] {dag.py:4180} INFO - Setting next_dagrun for consume_1_or_2_with_dataset_expressions to None, run_after=None
[2025-02-07T12:33:05.889+0000] {logging_mixin.py:190} INFO - [2025-02-07T12:33:05.889+0000] {dag.py:4180} INFO - Setting next_dagrun for consume_1_or_both_2_and_3_with_dataset_expressions to None, run_after=None
[2025-02-07T12:33:05.890+0000] {logging_mixin.py:190} INFO - [2025-02-07T12:33:05.890+0000] {dag.py:4180} INFO - Setting next_dagrun for dataset_consumes_1 to None, run_after=None
[2025-02-07T12:33:05.891+0000] {logging_mixin.py:190} INFO - [2025-02-07T12:33:05.891+0000] {dag.py:4180} INFO - Setting next_dagrun for dataset_consumes_1_and_2 to None, run_after=None
[2025-02-07T12:33:05.892+0000] {logging_mixin.py:190} INFO - [2025-02-07T12:33:05.892+0000] {dag.py:4180} INFO - Setting next_dagrun for dataset_consumes_1_never_scheduled to None, run_after=None
[2025-02-07T12:33:05.892+0000] {logging_mixin.py:190} INFO - [2025-02-07T12:33:05.892+0000] {dag.py:4180} INFO - Setting next_dagrun for dataset_consumes_unknown_never_scheduled to None, run_after=None
[2025-02-07T12:33:05.894+0000] {logging_mixin.py:190} INFO - [2025-02-07T12:33:05.894+0000] {dag.py:4180} INFO - Setting next_dagrun for dataset_produces_1 to 2025-02-06 00:00:00+00:00, run_after=2025-02-07 00:00:00+00:00
[2025-02-07T12:33:05.894+0000] {logging_mixin.py:190} INFO - [2025-02-07T12:33:05.894+0000] {dag.py:4180} INFO - Setting next_dagrun for dataset_produces_2 to None, run_after=None
[2025-02-07T12:33:05.925+0000] {processor.py:208} INFO - Processing /opt/conda/lib/python3.12/site-packages/airflow/example_dags/example_datasets.py took 0.125 seconds
[2025-02-07T12:36:54.263+0000] {processor.py:186} INFO - Started process (PID=114) to work on /opt/conda/lib/python3.12/site-packages/airflow/example_dags/example_datasets.py
[2025-02-07T12:36:54.265+0000] {processor.py:914} INFO - Processing file /opt/conda/lib/python3.12/site-packages/airflow/example_dags/example_datasets.py for tasks to queue
[2025-02-07T12:36:54.267+0000] {logging_mixin.py:190} INFO - [2025-02-07T12:36:54.267+0000] {dagbag.py:588} INFO - Filling up the DagBag from /opt/conda/lib/python3.12/site-packages/airflow/example_dags/example_datasets.py
[2025-02-07T12:36:54.282+0000] {processor.py:925} INFO - DAG(s) 'dataset_consumes_1_and_2', 'dataset_produces_2', 'consume_1_or_both_2_and_3_with_dataset_expressions', 'dataset_consumes_unknown_never_scheduled', 'consume_1_and_2_with_dataset_expressions', 'consume_1_or_2_with_dataset_expressions', 'dataset_consumes_1_never_scheduled', 'dataset_produces_1', 'dataset_consumes_1', 'conditional_dataset_and_time_based_timetable' retrieved from /opt/conda/lib/python3.12/site-packages/airflow/example_dags/example_datasets.py
[2025-02-07T12:36:54.312+0000] {logging_mixin.py:190} INFO - [2025-02-07T12:36:54.311+0000] {dag.py:3239} INFO - Sync 10 DAGs
[2025-02-07T12:36:54.334+0000] {logging_mixin.py:190} INFO - [2025-02-07T12:36:54.334+0000] {dag.py:4180} INFO - Setting next_dagrun for conditional_dataset_and_time_based_timetable to 2025-02-05 01:00:00+00:00, run_after=2025-02-05 01:00:00+00:00
[2025-02-07T12:36:54.336+0000] {logging_mixin.py:190} INFO - [2025-02-07T12:36:54.336+0000] {dag.py:4180} INFO - Setting next_dagrun for consume_1_and_2_with_dataset_expressions to None, run_after=None
[2025-02-07T12:36:54.337+0000] {logging_mixin.py:190} INFO - [2025-02-07T12:36:54.337+0000] {dag.py:4180} INFO - Setting next_dagrun for consume_1_or_2_with_dataset_expressions to None, run_after=None
[2025-02-07T12:36:54.338+0000] {logging_mixin.py:190} INFO - [2025-02-07T12:36:54.338+0000] {dag.py:4180} INFO - Setting next_dagrun for consume_1_or_both_2_and_3_with_dataset_expressions to None, run_after=None
[2025-02-07T12:36:54.339+0000] {logging_mixin.py:190} INFO - [2025-02-07T12:36:54.339+0000] {dag.py:4180} INFO - Setting next_dagrun for dataset_consumes_1 to None, run_after=None
[2025-02-07T12:36:54.340+0000] {logging_mixin.py:190} INFO - [2025-02-07T12:36:54.339+0000] {dag.py:4180} INFO - Setting next_dagrun for dataset_consumes_1_and_2 to None, run_after=None
[2025-02-07T12:36:54.340+0000] {logging_mixin.py:190} INFO - [2025-02-07T12:36:54.340+0000] {dag.py:4180} INFO - Setting next_dagrun for dataset_consumes_1_never_scheduled to None, run_after=None
[2025-02-07T12:36:54.341+0000] {logging_mixin.py:190} INFO - [2025-02-07T12:36:54.341+0000] {dag.py:4180} INFO - Setting next_dagrun for dataset_consumes_unknown_never_scheduled to None, run_after=None
[2025-02-07T12:36:54.342+0000] {logging_mixin.py:190} INFO - [2025-02-07T12:36:54.342+0000] {dag.py:4180} INFO - Setting next_dagrun for dataset_produces_1 to 2025-02-06 00:00:00+00:00, run_after=2025-02-07 00:00:00+00:00
[2025-02-07T12:36:54.343+0000] {logging_mixin.py:190} INFO - [2025-02-07T12:36:54.342+0000] {dag.py:4180} INFO - Setting next_dagrun for dataset_produces_2 to None, run_after=None
[2025-02-07T12:36:54.369+0000] {processor.py:208} INFO - Processing /opt/conda/lib/python3.12/site-packages/airflow/example_dags/example_datasets.py took 0.114 seconds
[2025-02-07T12:38:08.407+0000] {processor.py:186} INFO - Started process (PID=189) to work on /opt/conda/lib/python3.12/site-packages/airflow/example_dags/example_datasets.py
[2025-02-07T12:38:08.408+0000] {processor.py:914} INFO - Processing file /opt/conda/lib/python3.12/site-packages/airflow/example_dags/example_datasets.py for tasks to queue
[2025-02-07T12:38:08.410+0000] {logging_mixin.py:190} INFO - [2025-02-07T12:38:08.409+0000] {dagbag.py:588} INFO - Filling up the DagBag from /opt/conda/lib/python3.12/site-packages/airflow/example_dags/example_datasets.py
[2025-02-07T12:38:08.424+0000] {processor.py:925} INFO - DAG(s) 'dataset_consumes_1_and_2', 'dataset_produces_1', 'conditional_dataset_and_time_based_timetable', 'dataset_consumes_unknown_never_scheduled', 'dataset_consumes_1', 'dataset_produces_2', 'consume_1_or_2_with_dataset_expressions', 'dataset_consumes_1_never_scheduled', 'consume_1_and_2_with_dataset_expressions', 'consume_1_or_both_2_and_3_with_dataset_expressions' retrieved from /opt/conda/lib/python3.12/site-packages/airflow/example_dags/example_datasets.py
[2025-02-07T12:38:08.448+0000] {logging_mixin.py:190} INFO - [2025-02-07T12:38:08.448+0000] {dag.py:3239} INFO - Sync 10 DAGs
[2025-02-07T12:38:08.463+0000] {logging_mixin.py:190} INFO - [2025-02-07T12:38:08.462+0000] {dag.py:4180} INFO - Setting next_dagrun for conditional_dataset_and_time_based_timetable to 2025-02-05 01:00:00+00:00, run_after=2025-02-05 01:00:00+00:00
[2025-02-07T12:38:08.465+0000] {logging_mixin.py:190} INFO - [2025-02-07T12:38:08.465+0000] {dag.py:4180} INFO - Setting next_dagrun for consume_1_and_2_with_dataset_expressions to None, run_after=None
[2025-02-07T12:38:08.466+0000] {logging_mixin.py:190} INFO - [2025-02-07T12:38:08.465+0000] {dag.py:4180} INFO - Setting next_dagrun for consume_1_or_2_with_dataset_expressions to None, run_after=None
[2025-02-07T12:38:08.466+0000] {logging_mixin.py:190} INFO - [2025-02-07T12:38:08.466+0000] {dag.py:4180} INFO - Setting next_dagrun for consume_1_or_both_2_and_3_with_dataset_expressions to None, run_after=None
[2025-02-07T12:38:08.467+0000] {logging_mixin.py:190} INFO - [2025-02-07T12:38:08.467+0000] {dag.py:4180} INFO - Setting next_dagrun for dataset_consumes_1 to None, run_after=None
[2025-02-07T12:38:08.468+0000] {logging_mixin.py:190} INFO - [2025-02-07T12:38:08.468+0000] {dag.py:4180} INFO - Setting next_dagrun for dataset_consumes_1_and_2 to None, run_after=None
[2025-02-07T12:38:08.469+0000] {logging_mixin.py:190} INFO - [2025-02-07T12:38:08.469+0000] {dag.py:4180} INFO - Setting next_dagrun for dataset_consumes_1_never_scheduled to None, run_after=None
[2025-02-07T12:38:08.470+0000] {logging_mixin.py:190} INFO - [2025-02-07T12:38:08.469+0000] {dag.py:4180} INFO - Setting next_dagrun for dataset_consumes_unknown_never_scheduled to None, run_after=None
[2025-02-07T12:38:08.471+0000] {logging_mixin.py:190} INFO - [2025-02-07T12:38:08.471+0000] {dag.py:4180} INFO - Setting next_dagrun for dataset_produces_1 to 2025-02-06 00:00:00+00:00, run_after=2025-02-07 00:00:00+00:00
[2025-02-07T12:38:08.471+0000] {logging_mixin.py:190} INFO - [2025-02-07T12:38:08.471+0000] {dag.py:4180} INFO - Setting next_dagrun for dataset_produces_2 to None, run_after=None
[2025-02-07T12:38:08.488+0000] {processor.py:208} INFO - Processing /opt/conda/lib/python3.12/site-packages/airflow/example_dags/example_datasets.py took 0.087 seconds
[2025-02-07T12:39:06.992+0000] {processor.py:186} INFO - Started process (PID=258) to work on /opt/conda/lib/python3.12/site-packages/airflow/example_dags/example_datasets.py
[2025-02-07T12:39:06.993+0000] {processor.py:914} INFO - Processing file /opt/conda/lib/python3.12/site-packages/airflow/example_dags/example_datasets.py for tasks to queue
[2025-02-07T12:39:06.994+0000] {logging_mixin.py:190} INFO - [2025-02-07T12:39:06.994+0000] {dagbag.py:588} INFO - Filling up the DagBag from /opt/conda/lib/python3.12/site-packages/airflow/example_dags/example_datasets.py
[2025-02-07T12:39:07.001+0000] {processor.py:925} INFO - DAG(s) 'dataset_produces_1', 'dataset_consumes_1_and_2', 'dataset_consumes_1_never_scheduled', 'dataset_consumes_unknown_never_scheduled', 'consume_1_or_both_2_and_3_with_dataset_expressions', 'conditional_dataset_and_time_based_timetable', 'consume_1_or_2_with_dataset_expressions', 'dataset_consumes_1', 'dataset_produces_2', 'consume_1_and_2_with_dataset_expressions' retrieved from /opt/conda/lib/python3.12/site-packages/airflow/example_dags/example_datasets.py
[2025-02-07T12:39:07.022+0000] {logging_mixin.py:190} INFO - [2025-02-07T12:39:07.022+0000] {dag.py:3239} INFO - Sync 10 DAGs
[2025-02-07T12:39:07.034+0000] {logging_mixin.py:190} INFO - [2025-02-07T12:39:07.034+0000] {dag.py:4180} INFO - Setting next_dagrun for conditional_dataset_and_time_based_timetable to 2025-02-05 01:00:00+00:00, run_after=2025-02-05 01:00:00+00:00
[2025-02-07T12:39:07.036+0000] {logging_mixin.py:190} INFO - [2025-02-07T12:39:07.036+0000] {dag.py:4180} INFO - Setting next_dagrun for consume_1_and_2_with_dataset_expressions to None, run_after=None
[2025-02-07T12:39:07.037+0000] {logging_mixin.py:190} INFO - [2025-02-07T12:39:07.036+0000] {dag.py:4180} INFO - Setting next_dagrun for consume_1_or_2_with_dataset_expressions to None, run_after=None
[2025-02-07T12:39:07.037+0000] {logging_mixin.py:190} INFO - [2025-02-07T12:39:07.037+0000] {dag.py:4180} INFO - Setting next_dagrun for consume_1_or_both_2_and_3_with_dataset_expressions to None, run_after=None
[2025-02-07T12:39:07.038+0000] {logging_mixin.py:190} INFO - [2025-02-07T12:39:07.038+0000] {dag.py:4180} INFO - Setting next_dagrun for dataset_consumes_1 to None, run_after=None
[2025-02-07T12:39:07.038+0000] {logging_mixin.py:190} INFO - [2025-02-07T12:39:07.038+0000] {dag.py:4180} INFO - Setting next_dagrun for dataset_consumes_1_and_2 to None, run_after=None
[2025-02-07T12:39:07.039+0000] {logging_mixin.py:190} INFO - [2025-02-07T12:39:07.038+0000] {dag.py:4180} INFO - Setting next_dagrun for dataset_consumes_1_never_scheduled to None, run_after=None
[2025-02-07T12:39:07.039+0000] {logging_mixin.py:190} INFO - [2025-02-07T12:39:07.039+0000] {dag.py:4180} INFO - Setting next_dagrun for dataset_consumes_unknown_never_scheduled to None, run_after=None
[2025-02-07T12:39:07.040+0000] {logging_mixin.py:190} INFO - [2025-02-07T12:39:07.040+0000] {dag.py:4180} INFO - Setting next_dagrun for dataset_produces_1 to 2025-02-06 00:00:00+00:00, run_after=2025-02-07 00:00:00+00:00
[2025-02-07T12:39:07.040+0000] {logging_mixin.py:190} INFO - [2025-02-07T12:39:07.040+0000] {dag.py:4180} INFO - Setting next_dagrun for dataset_produces_2 to None, run_after=None
[2025-02-07T12:39:07.061+0000] {processor.py:208} INFO - Processing /opt/conda/lib/python3.12/site-packages/airflow/example_dags/example_datasets.py took 0.072 seconds
[2025-02-07T12:40:05.128+0000] {processor.py:186} INFO - Started process (PID=326) to work on /opt/conda/lib/python3.12/site-packages/airflow/example_dags/example_datasets.py
[2025-02-07T12:40:05.129+0000] {processor.py:914} INFO - Processing file /opt/conda/lib/python3.12/site-packages/airflow/example_dags/example_datasets.py for tasks to queue
[2025-02-07T12:40:05.130+0000] {logging_mixin.py:190} INFO - [2025-02-07T12:40:05.130+0000] {dagbag.py:588} INFO - Filling up the DagBag from /opt/conda/lib/python3.12/site-packages/airflow/example_dags/example_datasets.py
[2025-02-07T12:40:05.139+0000] {processor.py:925} INFO - DAG(s) 'dataset_consumes_1_and_2', 'dataset_consumes_unknown_never_scheduled', 'dataset_produces_2', 'dataset_produces_1', 'consume_1_and_2_with_dataset_expressions', 'dataset_consumes_1_never_scheduled', 'consume_1_or_both_2_and_3_with_dataset_expressions', 'consume_1_or_2_with_dataset_expressions', 'dataset_consumes_1', 'conditional_dataset_and_time_based_timetable' retrieved from /opt/conda/lib/python3.12/site-packages/airflow/example_dags/example_datasets.py
[2025-02-07T12:40:05.167+0000] {logging_mixin.py:190} INFO - [2025-02-07T12:40:05.166+0000] {dag.py:3239} INFO - Sync 10 DAGs
[2025-02-07T12:40:05.181+0000] {logging_mixin.py:190} INFO - [2025-02-07T12:40:05.181+0000] {dag.py:4180} INFO - Setting next_dagrun for conditional_dataset_and_time_based_timetable to 2025-02-05 01:00:00+00:00, run_after=2025-02-05 01:00:00+00:00
[2025-02-07T12:40:05.183+0000] {logging_mixin.py:190} INFO - [2025-02-07T12:40:05.182+0000] {dag.py:4180} INFO - Setting next_dagrun for consume_1_and_2_with_dataset_expressions to None, run_after=None
[2025-02-07T12:40:05.183+0000] {logging_mixin.py:190} INFO - [2025-02-07T12:40:05.183+0000] {dag.py:4180} INFO - Setting next_dagrun for consume_1_or_2_with_dataset_expressions to None, run_after=None
[2025-02-07T12:40:05.184+0000] {logging_mixin.py:190} INFO - [2025-02-07T12:40:05.184+0000] {dag.py:4180} INFO - Setting next_dagrun for consume_1_or_both_2_and_3_with_dataset_expressions to None, run_after=None
[2025-02-07T12:40:05.185+0000] {logging_mixin.py:190} INFO - [2025-02-07T12:40:05.185+0000] {dag.py:4180} INFO - Setting next_dagrun for dataset_consumes_1 to None, run_after=None
[2025-02-07T12:40:05.185+0000] {logging_mixin.py:190} INFO - [2025-02-07T12:40:05.185+0000] {dag.py:4180} INFO - Setting next_dagrun for dataset_consumes_1_and_2 to None, run_after=None
[2025-02-07T12:40:05.186+0000] {logging_mixin.py:190} INFO - [2025-02-07T12:40:05.186+0000] {dag.py:4180} INFO - Setting next_dagrun for dataset_consumes_1_never_scheduled to None, run_after=None
[2025-02-07T12:40:05.186+0000] {logging_mixin.py:190} INFO - [2025-02-07T12:40:05.186+0000] {dag.py:4180} INFO - Setting next_dagrun for dataset_consumes_unknown_never_scheduled to None, run_after=None
[2025-02-07T12:40:05.187+0000] {logging_mixin.py:190} INFO - [2025-02-07T12:40:05.187+0000] {dag.py:4180} INFO - Setting next_dagrun for dataset_produces_1 to 2025-02-06 00:00:00+00:00, run_after=2025-02-07 00:00:00+00:00
[2025-02-07T12:40:05.188+0000] {logging_mixin.py:190} INFO - [2025-02-07T12:40:05.188+0000] {dag.py:4180} INFO - Setting next_dagrun for dataset_produces_2 to None, run_after=None
[2025-02-07T12:40:05.204+0000] {processor.py:208} INFO - Processing /opt/conda/lib/python3.12/site-packages/airflow/example_dags/example_datasets.py took 0.082 seconds
[2025-02-07T12:41:04.829+0000] {processor.py:186} INFO - Started process (PID=395) to work on /opt/conda/lib/python3.12/site-packages/airflow/example_dags/example_datasets.py
[2025-02-07T12:41:04.830+0000] {processor.py:914} INFO - Processing file /opt/conda/lib/python3.12/site-packages/airflow/example_dags/example_datasets.py for tasks to queue
[2025-02-07T12:41:04.831+0000] {logging_mixin.py:190} INFO - [2025-02-07T12:41:04.831+0000] {dagbag.py:588} INFO - Filling up the DagBag from /opt/conda/lib/python3.12/site-packages/airflow/example_dags/example_datasets.py
[2025-02-07T12:41:04.841+0000] {processor.py:925} INFO - DAG(s) 'dataset_consumes_1', 'dataset_consumes_1_never_scheduled', 'consume_1_or_both_2_and_3_with_dataset_expressions', 'dataset_produces_2', 'dataset_consumes_1_and_2', 'dataset_consumes_unknown_never_scheduled', 'conditional_dataset_and_time_based_timetable', 'dataset_produces_1', 'consume_1_and_2_with_dataset_expressions', 'consume_1_or_2_with_dataset_expressions' retrieved from /opt/conda/lib/python3.12/site-packages/airflow/example_dags/example_datasets.py
[2025-02-07T12:41:04.861+0000] {logging_mixin.py:190} INFO - [2025-02-07T12:41:04.861+0000] {dag.py:3239} INFO - Sync 10 DAGs
[2025-02-07T12:41:04.875+0000] {logging_mixin.py:190} INFO - [2025-02-07T12:41:04.875+0000] {dag.py:4180} INFO - Setting next_dagrun for conditional_dataset_and_time_based_timetable to 2025-02-05 01:00:00+00:00, run_after=2025-02-05 01:00:00+00:00
[2025-02-07T12:41:04.877+0000] {logging_mixin.py:190} INFO - [2025-02-07T12:41:04.877+0000] {dag.py:4180} INFO - Setting next_dagrun for consume_1_and_2_with_dataset_expressions to None, run_after=None
[2025-02-07T12:41:04.877+0000] {logging_mixin.py:190} INFO - [2025-02-07T12:41:04.877+0000] {dag.py:4180} INFO - Setting next_dagrun for consume_1_or_2_with_dataset_expressions to None, run_after=None
[2025-02-07T12:41:04.878+0000] {logging_mixin.py:190} INFO - [2025-02-07T12:41:04.878+0000] {dag.py:4180} INFO - Setting next_dagrun for consume_1_or_both_2_and_3_with_dataset_expressions to None, run_after=None
[2025-02-07T12:41:04.878+0000] {logging_mixin.py:190} INFO - [2025-02-07T12:41:04.878+0000] {dag.py:4180} INFO - Setting next_dagrun for dataset_consumes_1 to None, run_after=None
[2025-02-07T12:41:04.879+0000] {logging_mixin.py:190} INFO - [2025-02-07T12:41:04.879+0000] {dag.py:4180} INFO - Setting next_dagrun for dataset_consumes_1_and_2 to None, run_after=None
[2025-02-07T12:41:04.879+0000] {logging_mixin.py:190} INFO - [2025-02-07T12:41:04.879+0000] {dag.py:4180} INFO - Setting next_dagrun for dataset_consumes_1_never_scheduled to None, run_after=None
[2025-02-07T12:41:04.880+0000] {logging_mixin.py:190} INFO - [2025-02-07T12:41:04.880+0000] {dag.py:4180} INFO - Setting next_dagrun for dataset_consumes_unknown_never_scheduled to None, run_after=None
[2025-02-07T12:41:04.881+0000] {logging_mixin.py:190} INFO - [2025-02-07T12:41:04.881+0000] {dag.py:4180} INFO - Setting next_dagrun for dataset_produces_1 to 2025-02-06 00:00:00+00:00, run_after=2025-02-07 00:00:00+00:00
[2025-02-07T12:41:04.881+0000] {logging_mixin.py:190} INFO - [2025-02-07T12:41:04.881+0000] {dag.py:4180} INFO - Setting next_dagrun for dataset_produces_2 to None, run_after=None
[2025-02-07T12:41:04.898+0000] {processor.py:208} INFO - Processing /opt/conda/lib/python3.12/site-packages/airflow/example_dags/example_datasets.py took 0.076 seconds
[2025-02-07T12:52:20.080+0000] {processor.py:186} INFO - Started process (PID=4622) to work on /opt/conda/lib/python3.12/site-packages/airflow/example_dags/example_datasets.py
[2025-02-07T12:52:20.081+0000] {processor.py:914} INFO - Processing file /opt/conda/lib/python3.12/site-packages/airflow/example_dags/example_datasets.py for tasks to queue
[2025-02-07T12:52:20.083+0000] {logging_mixin.py:190} INFO - [2025-02-07T12:52:20.083+0000] {dagbag.py:588} INFO - Filling up the DagBag from /opt/conda/lib/python3.12/site-packages/airflow/example_dags/example_datasets.py
[2025-02-07T12:52:20.095+0000] {processor.py:925} INFO - DAG(s) 'dataset_consumes_unknown_never_scheduled', 'dataset_produces_1', 'consume_1_or_both_2_and_3_with_dataset_expressions', 'dataset_produces_2', 'dataset_consumes_1_never_scheduled', 'dataset_consumes_1', 'dataset_consumes_1_and_2', 'consume_1_and_2_with_dataset_expressions', 'conditional_dataset_and_time_based_timetable', 'consume_1_or_2_with_dataset_expressions' retrieved from /opt/conda/lib/python3.12/site-packages/airflow/example_dags/example_datasets.py
[2025-02-07T12:52:20.117+0000] {logging_mixin.py:190} INFO - [2025-02-07T12:52:20.117+0000] {dag.py:3239} INFO - Sync 10 DAGs
[2025-02-07T12:52:20.131+0000] {logging_mixin.py:190} INFO - [2025-02-07T12:52:20.131+0000] {dag.py:4180} INFO - Setting next_dagrun for conditional_dataset_and_time_based_timetable to 2025-02-05 01:00:00+00:00, run_after=2025-02-05 01:00:00+00:00
[2025-02-07T12:52:20.133+0000] {logging_mixin.py:190} INFO - [2025-02-07T12:52:20.133+0000] {dag.py:4180} INFO - Setting next_dagrun for consume_1_and_2_with_dataset_expressions to None, run_after=None
[2025-02-07T12:52:20.134+0000] {logging_mixin.py:190} INFO - [2025-02-07T12:52:20.134+0000] {dag.py:4180} INFO - Setting next_dagrun for consume_1_or_2_with_dataset_expressions to None, run_after=None
[2025-02-07T12:52:20.134+0000] {logging_mixin.py:190} INFO - [2025-02-07T12:52:20.134+0000] {dag.py:4180} INFO - Setting next_dagrun for consume_1_or_both_2_and_3_with_dataset_expressions to None, run_after=None
[2025-02-07T12:52:20.135+0000] {logging_mixin.py:190} INFO - [2025-02-07T12:52:20.135+0000] {dag.py:4180} INFO - Setting next_dagrun for dataset_consumes_1 to None, run_after=None
[2025-02-07T12:52:20.135+0000] {logging_mixin.py:190} INFO - [2025-02-07T12:52:20.135+0000] {dag.py:4180} INFO - Setting next_dagrun for dataset_consumes_1_and_2 to None, run_after=None
[2025-02-07T12:52:20.136+0000] {logging_mixin.py:190} INFO - [2025-02-07T12:52:20.136+0000] {dag.py:4180} INFO - Setting next_dagrun for dataset_consumes_1_never_scheduled to None, run_after=None
[2025-02-07T12:52:20.137+0000] {logging_mixin.py:190} INFO - [2025-02-07T12:52:20.137+0000] {dag.py:4180} INFO - Setting next_dagrun for dataset_consumes_unknown_never_scheduled to None, run_after=None
[2025-02-07T12:52:20.138+0000] {logging_mixin.py:190} INFO - [2025-02-07T12:52:20.137+0000] {dag.py:4180} INFO - Setting next_dagrun for dataset_produces_1 to 2025-02-06 00:00:00+00:00, run_after=2025-02-07 00:00:00+00:00
[2025-02-07T12:52:20.138+0000] {logging_mixin.py:190} INFO - [2025-02-07T12:52:20.138+0000] {dag.py:4180} INFO - Setting next_dagrun for dataset_produces_2 to None, run_after=None
[2025-02-07T12:52:20.156+0000] {processor.py:208} INFO - Processing /opt/conda/lib/python3.12/site-packages/airflow/example_dags/example_datasets.py took 0.080 seconds
[2025-02-07T13:00:39.057+0000] {processor.py:186} INFO - Started process (PID=8266) to work on /opt/conda/lib/python3.12/site-packages/airflow/example_dags/example_datasets.py
[2025-02-07T13:00:39.064+0000] {processor.py:914} INFO - Processing file /opt/conda/lib/python3.12/site-packages/airflow/example_dags/example_datasets.py for tasks to queue
[2025-02-07T13:00:39.071+0000] {logging_mixin.py:190} INFO - [2025-02-07T13:00:39.070+0000] {dagbag.py:588} INFO - Filling up the DagBag from /opt/conda/lib/python3.12/site-packages/airflow/example_dags/example_datasets.py
[2025-02-07T13:00:39.103+0000] {processor.py:925} INFO - DAG(s) 'dataset_consumes_1_and_2', 'dataset_produces_1', 'dataset_consumes_1', 'consume_1_or_2_with_dataset_expressions', 'dataset_consumes_unknown_never_scheduled', 'consume_1_and_2_with_dataset_expressions', 'dataset_consumes_1_never_scheduled', 'dataset_produces_2', 'consume_1_or_both_2_and_3_with_dataset_expressions', 'conditional_dataset_and_time_based_timetable' retrieved from /opt/conda/lib/python3.12/site-packages/airflow/example_dags/example_datasets.py
[2025-02-07T13:00:39.132+0000] {logging_mixin.py:190} INFO - [2025-02-07T13:00:39.132+0000] {dag.py:3239} INFO - Sync 10 DAGs
[2025-02-07T13:00:39.162+0000] {logging_mixin.py:190} INFO - [2025-02-07T13:00:39.162+0000] {dag.py:4180} INFO - Setting next_dagrun for conditional_dataset_and_time_based_timetable to 2025-02-05 01:00:00+00:00, run_after=2025-02-05 01:00:00+00:00
[2025-02-07T13:00:39.167+0000] {logging_mixin.py:190} INFO - [2025-02-07T13:00:39.167+0000] {dag.py:4180} INFO - Setting next_dagrun for consume_1_and_2_with_dataset_expressions to None, run_after=None
[2025-02-07T13:00:39.170+0000] {logging_mixin.py:190} INFO - [2025-02-07T13:00:39.170+0000] {dag.py:4180} INFO - Setting next_dagrun for consume_1_or_2_with_dataset_expressions to None, run_after=None
[2025-02-07T13:00:39.171+0000] {logging_mixin.py:190} INFO - [2025-02-07T13:00:39.170+0000] {dag.py:4180} INFO - Setting next_dagrun for consume_1_or_both_2_and_3_with_dataset_expressions to None, run_after=None
[2025-02-07T13:00:39.171+0000] {logging_mixin.py:190} INFO - [2025-02-07T13:00:39.171+0000] {dag.py:4180} INFO - Setting next_dagrun for dataset_consumes_1 to None, run_after=None
[2025-02-07T13:00:39.172+0000] {logging_mixin.py:190} INFO - [2025-02-07T13:00:39.172+0000] {dag.py:4180} INFO - Setting next_dagrun for dataset_consumes_1_and_2 to None, run_after=None
[2025-02-07T13:00:39.172+0000] {logging_mixin.py:190} INFO - [2025-02-07T13:00:39.172+0000] {dag.py:4180} INFO - Setting next_dagrun for dataset_consumes_1_never_scheduled to None, run_after=None
[2025-02-07T13:00:39.173+0000] {logging_mixin.py:190} INFO - [2025-02-07T13:00:39.173+0000] {dag.py:4180} INFO - Setting next_dagrun for dataset_consumes_unknown_never_scheduled to None, run_after=None
[2025-02-07T13:00:39.174+0000] {logging_mixin.py:190} INFO - [2025-02-07T13:00:39.174+0000] {dag.py:4180} INFO - Setting next_dagrun for dataset_produces_1 to 2025-02-06 00:00:00+00:00, run_after=2025-02-07 00:00:00+00:00
[2025-02-07T13:00:39.175+0000] {logging_mixin.py:190} INFO - [2025-02-07T13:00:39.175+0000] {dag.py:4180} INFO - Setting next_dagrun for dataset_produces_2 to None, run_after=None
[2025-02-07T13:00:39.203+0000] {processor.py:208} INFO - Processing /opt/conda/lib/python3.12/site-packages/airflow/example_dags/example_datasets.py took 0.168 seconds
[2025-02-07T13:27:53.804+0000] {processor.py:186} INFO - Started process (PID=294) to work on /opt/conda/lib/python3.12/site-packages/airflow/example_dags/example_datasets.py
[2025-02-07T13:27:53.808+0000] {processor.py:914} INFO - Processing file /opt/conda/lib/python3.12/site-packages/airflow/example_dags/example_datasets.py for tasks to queue
[2025-02-07T13:27:53.810+0000] {logging_mixin.py:190} INFO - [2025-02-07T13:27:53.810+0000] {dagbag.py:588} INFO - Filling up the DagBag from /opt/conda/lib/python3.12/site-packages/airflow/example_dags/example_datasets.py
[2025-02-07T13:27:53.851+0000] {processor.py:925} INFO - DAG(s) 'consume_1_or_2_with_dataset_expressions', 'dataset_consumes_1', 'consume_1_and_2_with_dataset_expressions', 'dataset_produces_1', 'dataset_consumes_1_never_scheduled', 'dataset_produces_2', 'conditional_dataset_and_time_based_timetable', 'dataset_consumes_unknown_never_scheduled', 'dataset_consumes_1_and_2', 'consume_1_or_both_2_and_3_with_dataset_expressions' retrieved from /opt/conda/lib/python3.12/site-packages/airflow/example_dags/example_datasets.py
[2025-02-07T13:27:53.876+0000] {logging_mixin.py:190} INFO - [2025-02-07T13:27:53.876+0000] {dag.py:3239} INFO - Sync 10 DAGs
[2025-02-07T13:27:53.898+0000] {logging_mixin.py:190} INFO - [2025-02-07T13:27:53.898+0000] {dag.py:4180} INFO - Setting next_dagrun for conditional_dataset_and_time_based_timetable to 2025-02-05 01:00:00+00:00, run_after=2025-02-05 01:00:00+00:00
[2025-02-07T13:27:53.902+0000] {logging_mixin.py:190} INFO - [2025-02-07T13:27:53.902+0000] {dag.py:4180} INFO - Setting next_dagrun for consume_1_and_2_with_dataset_expressions to None, run_after=None
[2025-02-07T13:27:53.906+0000] {logging_mixin.py:190} INFO - [2025-02-07T13:27:53.906+0000] {dag.py:4180} INFO - Setting next_dagrun for consume_1_or_2_with_dataset_expressions to None, run_after=None
[2025-02-07T13:27:53.907+0000] {logging_mixin.py:190} INFO - [2025-02-07T13:27:53.907+0000] {dag.py:4180} INFO - Setting next_dagrun for consume_1_or_both_2_and_3_with_dataset_expressions to None, run_after=None
[2025-02-07T13:27:53.908+0000] {logging_mixin.py:190} INFO - [2025-02-07T13:27:53.908+0000] {dag.py:4180} INFO - Setting next_dagrun for dataset_consumes_1 to None, run_after=None
[2025-02-07T13:27:53.909+0000] {logging_mixin.py:190} INFO - [2025-02-07T13:27:53.908+0000] {dag.py:4180} INFO - Setting next_dagrun for dataset_consumes_1_and_2 to None, run_after=None
[2025-02-07T13:27:53.909+0000] {logging_mixin.py:190} INFO - [2025-02-07T13:27:53.909+0000] {dag.py:4180} INFO - Setting next_dagrun for dataset_consumes_1_never_scheduled to None, run_after=None
[2025-02-07T13:27:53.910+0000] {logging_mixin.py:190} INFO - [2025-02-07T13:27:53.910+0000] {dag.py:4180} INFO - Setting next_dagrun for dataset_consumes_unknown_never_scheduled to None, run_after=None
[2025-02-07T13:27:53.911+0000] {logging_mixin.py:190} INFO - [2025-02-07T13:27:53.911+0000] {dag.py:4180} INFO - Setting next_dagrun for dataset_produces_1 to 2025-02-06 00:00:00+00:00, run_after=2025-02-07 00:00:00+00:00
[2025-02-07T13:27:53.912+0000] {logging_mixin.py:190} INFO - [2025-02-07T13:27:53.912+0000] {dag.py:4180} INFO - Setting next_dagrun for dataset_produces_2 to None, run_after=None
[2025-02-07T13:27:53.959+0000] {processor.py:208} INFO - Processing /opt/conda/lib/python3.12/site-packages/airflow/example_dags/example_datasets.py took 0.164 seconds
[2025-02-07T13:29:31.716+0000] {processor.py:186} INFO - Started process (PID=386) to work on /opt/conda/lib/python3.12/site-packages/airflow/example_dags/example_datasets.py
[2025-02-07T13:29:31.722+0000] {processor.py:914} INFO - Processing file /opt/conda/lib/python3.12/site-packages/airflow/example_dags/example_datasets.py for tasks to queue
[2025-02-07T13:29:31.724+0000] {logging_mixin.py:190} INFO - [2025-02-07T13:29:31.724+0000] {dagbag.py:588} INFO - Filling up the DagBag from /opt/conda/lib/python3.12/site-packages/airflow/example_dags/example_datasets.py
[2025-02-07T13:29:31.740+0000] {processor.py:925} INFO - DAG(s) 'dataset_produces_2', 'dataset_consumes_unknown_never_scheduled', 'consume_1_or_both_2_and_3_with_dataset_expressions', 'consume_1_and_2_with_dataset_expressions', 'dataset_consumes_1_and_2', 'dataset_consumes_1_never_scheduled', 'consume_1_or_2_with_dataset_expressions', 'dataset_produces_1', 'dataset_consumes_1', 'conditional_dataset_and_time_based_timetable' retrieved from /opt/conda/lib/python3.12/site-packages/airflow/example_dags/example_datasets.py
[2025-02-07T13:29:31.826+0000] {logging_mixin.py:190} INFO - [2025-02-07T13:29:31.826+0000] {dag.py:3239} INFO - Sync 10 DAGs
[2025-02-07T13:29:31.898+0000] {logging_mixin.py:190} INFO - [2025-02-07T13:29:31.898+0000] {dag.py:4180} INFO - Setting next_dagrun for conditional_dataset_and_time_based_timetable to 2025-02-05 01:00:00+00:00, run_after=2025-02-05 01:00:00+00:00
[2025-02-07T13:29:31.911+0000] {logging_mixin.py:190} INFO - [2025-02-07T13:29:31.911+0000] {dag.py:4180} INFO - Setting next_dagrun for consume_1_and_2_with_dataset_expressions to None, run_after=None
[2025-02-07T13:29:31.914+0000] {logging_mixin.py:190} INFO - [2025-02-07T13:29:31.913+0000] {dag.py:4180} INFO - Setting next_dagrun for consume_1_or_2_with_dataset_expressions to None, run_after=None
[2025-02-07T13:29:31.914+0000] {logging_mixin.py:190} INFO - [2025-02-07T13:29:31.914+0000] {dag.py:4180} INFO - Setting next_dagrun for consume_1_or_both_2_and_3_with_dataset_expressions to None, run_after=None
[2025-02-07T13:29:31.915+0000] {logging_mixin.py:190} INFO - [2025-02-07T13:29:31.915+0000] {dag.py:4180} INFO - Setting next_dagrun for dataset_consumes_1 to None, run_after=None
[2025-02-07T13:29:31.916+0000] {logging_mixin.py:190} INFO - [2025-02-07T13:29:31.916+0000] {dag.py:4180} INFO - Setting next_dagrun for dataset_consumes_1_and_2 to None, run_after=None
[2025-02-07T13:29:31.917+0000] {logging_mixin.py:190} INFO - [2025-02-07T13:29:31.917+0000] {dag.py:4180} INFO - Setting next_dagrun for dataset_consumes_1_never_scheduled to None, run_after=None
[2025-02-07T13:29:31.918+0000] {logging_mixin.py:190} INFO - [2025-02-07T13:29:31.918+0000] {dag.py:4180} INFO - Setting next_dagrun for dataset_consumes_unknown_never_scheduled to None, run_after=None
[2025-02-07T13:29:31.920+0000] {logging_mixin.py:190} INFO - [2025-02-07T13:29:31.920+0000] {dag.py:4180} INFO - Setting next_dagrun for dataset_produces_1 to 2025-02-06 00:00:00+00:00, run_after=2025-02-07 00:00:00+00:00
[2025-02-07T13:29:31.921+0000] {logging_mixin.py:190} INFO - [2025-02-07T13:29:31.921+0000] {dag.py:4180} INFO - Setting next_dagrun for dataset_produces_2 to None, run_after=None
[2025-02-07T13:29:32.000+0000] {processor.py:208} INFO - Processing /opt/conda/lib/python3.12/site-packages/airflow/example_dags/example_datasets.py took 0.295 seconds
[2025-02-07T13:30:36.218+0000] {processor.py:186} INFO - Started process (PID=466) to work on /opt/conda/lib/python3.12/site-packages/airflow/example_dags/example_datasets.py
[2025-02-07T13:30:36.219+0000] {processor.py:914} INFO - Processing file /opt/conda/lib/python3.12/site-packages/airflow/example_dags/example_datasets.py for tasks to queue
[2025-02-07T13:30:36.221+0000] {logging_mixin.py:190} INFO - [2025-02-07T13:30:36.220+0000] {dagbag.py:588} INFO - Filling up the DagBag from /opt/conda/lib/python3.12/site-packages/airflow/example_dags/example_datasets.py
[2025-02-07T13:30:36.235+0000] {processor.py:925} INFO - DAG(s) 'dataset_produces_1', 'conditional_dataset_and_time_based_timetable', 'dataset_consumes_unknown_never_scheduled', 'consume_1_or_both_2_and_3_with_dataset_expressions', 'consume_1_or_2_with_dataset_expressions', 'dataset_produces_2', 'dataset_consumes_1', 'consume_1_and_2_with_dataset_expressions', 'dataset_consumes_1_and_2', 'dataset_consumes_1_never_scheduled' retrieved from /opt/conda/lib/python3.12/site-packages/airflow/example_dags/example_datasets.py
[2025-02-07T13:30:36.262+0000] {logging_mixin.py:190} INFO - [2025-02-07T13:30:36.262+0000] {dag.py:3239} INFO - Sync 10 DAGs
[2025-02-07T13:30:36.276+0000] {logging_mixin.py:190} INFO - [2025-02-07T13:30:36.276+0000] {dag.py:4180} INFO - Setting next_dagrun for conditional_dataset_and_time_based_timetable to 2025-02-05 01:00:00+00:00, run_after=2025-02-05 01:00:00+00:00
[2025-02-07T13:30:36.279+0000] {logging_mixin.py:190} INFO - [2025-02-07T13:30:36.279+0000] {dag.py:4180} INFO - Setting next_dagrun for consume_1_and_2_with_dataset_expressions to None, run_after=None
[2025-02-07T13:30:36.280+0000] {logging_mixin.py:190} INFO - [2025-02-07T13:30:36.280+0000] {dag.py:4180} INFO - Setting next_dagrun for consume_1_or_2_with_dataset_expressions to None, run_after=None
[2025-02-07T13:30:36.281+0000] {logging_mixin.py:190} INFO - [2025-02-07T13:30:36.281+0000] {dag.py:4180} INFO - Setting next_dagrun for consume_1_or_both_2_and_3_with_dataset_expressions to None, run_after=None
[2025-02-07T13:30:36.283+0000] {logging_mixin.py:190} INFO - [2025-02-07T13:30:36.283+0000] {dag.py:4180} INFO - Setting next_dagrun for dataset_consumes_1 to None, run_after=None
[2025-02-07T13:30:36.284+0000] {logging_mixin.py:190} INFO - [2025-02-07T13:30:36.283+0000] {dag.py:4180} INFO - Setting next_dagrun for dataset_consumes_1_and_2 to None, run_after=None
[2025-02-07T13:30:36.284+0000] {logging_mixin.py:190} INFO - [2025-02-07T13:30:36.284+0000] {dag.py:4180} INFO - Setting next_dagrun for dataset_consumes_1_never_scheduled to None, run_after=None
[2025-02-07T13:30:36.285+0000] {logging_mixin.py:190} INFO - [2025-02-07T13:30:36.285+0000] {dag.py:4180} INFO - Setting next_dagrun for dataset_consumes_unknown_never_scheduled to None, run_after=None
[2025-02-07T13:30:36.286+0000] {logging_mixin.py:190} INFO - [2025-02-07T13:30:36.286+0000] {dag.py:4180} INFO - Setting next_dagrun for dataset_produces_1 to 2025-02-06 00:00:00+00:00, run_after=2025-02-07 00:00:00+00:00
[2025-02-07T13:30:36.286+0000] {logging_mixin.py:190} INFO - [2025-02-07T13:30:36.286+0000] {dag.py:4180} INFO - Setting next_dagrun for dataset_produces_2 to None, run_after=None
[2025-02-07T13:30:36.305+0000] {processor.py:208} INFO - Processing /opt/conda/lib/python3.12/site-packages/airflow/example_dags/example_datasets.py took 0.093 seconds
[2025-02-07T13:33:49.197+0000] {processor.py:186} INFO - Started process (PID=436) to work on /opt/conda/lib/python3.12/site-packages/airflow/example_dags/example_datasets.py
[2025-02-07T13:33:49.198+0000] {processor.py:914} INFO - Processing file /opt/conda/lib/python3.12/site-packages/airflow/example_dags/example_datasets.py for tasks to queue
[2025-02-07T13:33:49.199+0000] {logging_mixin.py:190} INFO - [2025-02-07T13:33:49.199+0000] {dagbag.py:588} INFO - Filling up the DagBag from /opt/conda/lib/python3.12/site-packages/airflow/example_dags/example_datasets.py
[2025-02-07T13:33:49.211+0000] {processor.py:925} INFO - DAG(s) 'consume_1_or_both_2_and_3_with_dataset_expressions', 'consume_1_and_2_with_dataset_expressions', 'conditional_dataset_and_time_based_timetable', 'dataset_consumes_1_and_2', 'consume_1_or_2_with_dataset_expressions', 'dataset_produces_2', 'dataset_consumes_unknown_never_scheduled', 'dataset_consumes_1_never_scheduled', 'dataset_produces_1', 'dataset_consumes_1' retrieved from /opt/conda/lib/python3.12/site-packages/airflow/example_dags/example_datasets.py
[2025-02-07T13:33:49.236+0000] {logging_mixin.py:190} INFO - [2025-02-07T13:33:49.235+0000] {dag.py:3239} INFO - Sync 10 DAGs
[2025-02-07T13:33:49.249+0000] {logging_mixin.py:190} INFO - [2025-02-07T13:33:49.249+0000] {dag.py:4180} INFO - Setting next_dagrun for conditional_dataset_and_time_based_timetable to 2025-02-05 01:00:00+00:00, run_after=2025-02-05 01:00:00+00:00
[2025-02-07T13:33:49.251+0000] {logging_mixin.py:190} INFO - [2025-02-07T13:33:49.251+0000] {dag.py:4180} INFO - Setting next_dagrun for consume_1_and_2_with_dataset_expressions to None, run_after=None
[2025-02-07T13:33:49.252+0000] {logging_mixin.py:190} INFO - [2025-02-07T13:33:49.252+0000] {dag.py:4180} INFO - Setting next_dagrun for consume_1_or_2_with_dataset_expressions to None, run_after=None
[2025-02-07T13:33:49.253+0000] {logging_mixin.py:190} INFO - [2025-02-07T13:33:49.253+0000] {dag.py:4180} INFO - Setting next_dagrun for consume_1_or_both_2_and_3_with_dataset_expressions to None, run_after=None
[2025-02-07T13:33:49.254+0000] {logging_mixin.py:190} INFO - [2025-02-07T13:33:49.254+0000] {dag.py:4180} INFO - Setting next_dagrun for dataset_consumes_1 to None, run_after=None
[2025-02-07T13:33:49.255+0000] {logging_mixin.py:190} INFO - [2025-02-07T13:33:49.255+0000] {dag.py:4180} INFO - Setting next_dagrun for dataset_consumes_1_and_2 to None, run_after=None
[2025-02-07T13:33:49.256+0000] {logging_mixin.py:190} INFO - [2025-02-07T13:33:49.256+0000] {dag.py:4180} INFO - Setting next_dagrun for dataset_consumes_1_never_scheduled to None, run_after=None
[2025-02-07T13:33:49.257+0000] {logging_mixin.py:190} INFO - [2025-02-07T13:33:49.257+0000] {dag.py:4180} INFO - Setting next_dagrun for dataset_consumes_unknown_never_scheduled to None, run_after=None
[2025-02-07T13:33:49.258+0000] {logging_mixin.py:190} INFO - [2025-02-07T13:33:49.258+0000] {dag.py:4180} INFO - Setting next_dagrun for dataset_produces_1 to 2025-02-06 00:00:00+00:00, run_after=2025-02-07 00:00:00+00:00
[2025-02-07T13:33:49.259+0000] {logging_mixin.py:190} INFO - [2025-02-07T13:33:49.259+0000] {dag.py:4180} INFO - Setting next_dagrun for dataset_produces_2 to None, run_after=None
[2025-02-07T13:33:49.279+0000] {processor.py:208} INFO - Processing /opt/conda/lib/python3.12/site-packages/airflow/example_dags/example_datasets.py took 0.087 seconds
[2025-02-07T13:35:33.267+0000] {processor.py:186} INFO - Started process (PID=260) to work on /opt/conda/lib/python3.12/site-packages/airflow/example_dags/example_datasets.py
[2025-02-07T13:35:33.271+0000] {processor.py:914} INFO - Processing file /opt/conda/lib/python3.12/site-packages/airflow/example_dags/example_datasets.py for tasks to queue
[2025-02-07T13:35:33.280+0000] {logging_mixin.py:190} INFO - [2025-02-07T13:35:33.278+0000] {dagbag.py:588} INFO - Filling up the DagBag from /opt/conda/lib/python3.12/site-packages/airflow/example_dags/example_datasets.py
[2025-02-07T13:35:33.301+0000] {processor.py:925} INFO - DAG(s) 'dataset_produces_2', 'consume_1_or_2_with_dataset_expressions', 'consume_1_and_2_with_dataset_expressions', 'dataset_consumes_1_and_2', 'conditional_dataset_and_time_based_timetable', 'dataset_produces_1', 'dataset_consumes_1', 'consume_1_or_both_2_and_3_with_dataset_expressions', 'dataset_consumes_unknown_never_scheduled', 'dataset_consumes_1_never_scheduled' retrieved from /opt/conda/lib/python3.12/site-packages/airflow/example_dags/example_datasets.py
[2025-02-07T13:35:33.351+0000] {logging_mixin.py:190} INFO - [2025-02-07T13:35:33.350+0000] {dag.py:3239} INFO - Sync 10 DAGs
[2025-02-07T13:35:33.366+0000] {logging_mixin.py:190} INFO - [2025-02-07T13:35:33.365+0000] {dag.py:4180} INFO - Setting next_dagrun for conditional_dataset_and_time_based_timetable to 2025-02-05 01:00:00+00:00, run_after=2025-02-05 01:00:00+00:00
[2025-02-07T13:35:33.368+0000] {logging_mixin.py:190} INFO - [2025-02-07T13:35:33.368+0000] {dag.py:4180} INFO - Setting next_dagrun for consume_1_and_2_with_dataset_expressions to None, run_after=None
[2025-02-07T13:35:33.368+0000] {logging_mixin.py:190} INFO - [2025-02-07T13:35:33.368+0000] {dag.py:4180} INFO - Setting next_dagrun for consume_1_or_2_with_dataset_expressions to None, run_after=None
[2025-02-07T13:35:33.370+0000] {logging_mixin.py:190} INFO - [2025-02-07T13:35:33.370+0000] {dag.py:4180} INFO - Setting next_dagrun for consume_1_or_both_2_and_3_with_dataset_expressions to None, run_after=None
[2025-02-07T13:35:33.370+0000] {logging_mixin.py:190} INFO - [2025-02-07T13:35:33.370+0000] {dag.py:4180} INFO - Setting next_dagrun for dataset_consumes_1 to None, run_after=None
[2025-02-07T13:35:33.371+0000] {logging_mixin.py:190} INFO - [2025-02-07T13:35:33.371+0000] {dag.py:4180} INFO - Setting next_dagrun for dataset_consumes_1_and_2 to None, run_after=None
[2025-02-07T13:35:33.372+0000] {logging_mixin.py:190} INFO - [2025-02-07T13:35:33.372+0000] {dag.py:4180} INFO - Setting next_dagrun for dataset_consumes_1_never_scheduled to None, run_after=None
[2025-02-07T13:35:33.373+0000] {logging_mixin.py:190} INFO - [2025-02-07T13:35:33.373+0000] {dag.py:4180} INFO - Setting next_dagrun for dataset_consumes_unknown_never_scheduled to None, run_after=None
[2025-02-07T13:35:33.375+0000] {logging_mixin.py:190} INFO - [2025-02-07T13:35:33.375+0000] {dag.py:4180} INFO - Setting next_dagrun for dataset_produces_1 to 2025-02-06 00:00:00+00:00, run_after=2025-02-07 00:00:00+00:00
[2025-02-07T13:35:33.376+0000] {logging_mixin.py:190} INFO - [2025-02-07T13:35:33.376+0000] {dag.py:4180} INFO - Setting next_dagrun for dataset_produces_2 to None, run_after=None
[2025-02-07T13:35:33.401+0000] {processor.py:208} INFO - Processing /opt/conda/lib/python3.12/site-packages/airflow/example_dags/example_datasets.py took 0.145 seconds
[2025-02-07T13:38:54.231+0000] {processor.py:186} INFO - Started process (PID=441) to work on /opt/conda/lib/python3.12/site-packages/airflow/example_dags/example_datasets.py
[2025-02-07T13:38:54.232+0000] {processor.py:914} INFO - Processing file /opt/conda/lib/python3.12/site-packages/airflow/example_dags/example_datasets.py for tasks to queue
[2025-02-07T13:38:54.234+0000] {logging_mixin.py:190} INFO - [2025-02-07T13:38:54.234+0000] {dagbag.py:588} INFO - Filling up the DagBag from /opt/conda/lib/python3.12/site-packages/airflow/example_dags/example_datasets.py
[2025-02-07T13:38:54.246+0000] {processor.py:925} INFO - DAG(s) 'consume_1_or_2_with_dataset_expressions', 'dataset_consumes_1_never_scheduled', 'dataset_consumes_1', 'consume_1_or_both_2_and_3_with_dataset_expressions', 'conditional_dataset_and_time_based_timetable', 'dataset_consumes_unknown_never_scheduled', 'dataset_produces_2', 'dataset_consumes_1_and_2', 'dataset_produces_1', 'consume_1_and_2_with_dataset_expressions' retrieved from /opt/conda/lib/python3.12/site-packages/airflow/example_dags/example_datasets.py
[2025-02-07T13:38:54.276+0000] {logging_mixin.py:190} INFO - [2025-02-07T13:38:54.275+0000] {dag.py:3239} INFO - Sync 10 DAGs
[2025-02-07T13:38:54.288+0000] {logging_mixin.py:190} INFO - [2025-02-07T13:38:54.288+0000] {dag.py:4180} INFO - Setting next_dagrun for conditional_dataset_and_time_based_timetable to 2025-02-05 01:00:00+00:00, run_after=2025-02-05 01:00:00+00:00
[2025-02-07T13:38:54.290+0000] {logging_mixin.py:190} INFO - [2025-02-07T13:38:54.290+0000] {dag.py:4180} INFO - Setting next_dagrun for consume_1_and_2_with_dataset_expressions to None, run_after=None
[2025-02-07T13:38:54.291+0000] {logging_mixin.py:190} INFO - [2025-02-07T13:38:54.291+0000] {dag.py:4180} INFO - Setting next_dagrun for consume_1_or_2_with_dataset_expressions to None, run_after=None
[2025-02-07T13:38:54.292+0000] {logging_mixin.py:190} INFO - [2025-02-07T13:38:54.292+0000] {dag.py:4180} INFO - Setting next_dagrun for consume_1_or_both_2_and_3_with_dataset_expressions to None, run_after=None
[2025-02-07T13:38:54.292+0000] {logging_mixin.py:190} INFO - [2025-02-07T13:38:54.292+0000] {dag.py:4180} INFO - Setting next_dagrun for dataset_consumes_1 to None, run_after=None
[2025-02-07T13:38:54.293+0000] {logging_mixin.py:190} INFO - [2025-02-07T13:38:54.293+0000] {dag.py:4180} INFO - Setting next_dagrun for dataset_consumes_1_and_2 to None, run_after=None
[2025-02-07T13:38:54.293+0000] {logging_mixin.py:190} INFO - [2025-02-07T13:38:54.293+0000] {dag.py:4180} INFO - Setting next_dagrun for dataset_consumes_1_never_scheduled to None, run_after=None
[2025-02-07T13:38:54.294+0000] {logging_mixin.py:190} INFO - [2025-02-07T13:38:54.293+0000] {dag.py:4180} INFO - Setting next_dagrun for dataset_consumes_unknown_never_scheduled to None, run_after=None
[2025-02-07T13:38:54.294+0000] {logging_mixin.py:190} INFO - [2025-02-07T13:38:54.294+0000] {dag.py:4180} INFO - Setting next_dagrun for dataset_produces_1 to 2025-02-06 00:00:00+00:00, run_after=2025-02-07 00:00:00+00:00
[2025-02-07T13:38:54.295+0000] {logging_mixin.py:190} INFO - [2025-02-07T13:38:54.295+0000] {dag.py:4180} INFO - Setting next_dagrun for dataset_produces_2 to None, run_after=None
[2025-02-07T13:38:54.313+0000] {processor.py:208} INFO - Processing /opt/conda/lib/python3.12/site-packages/airflow/example_dags/example_datasets.py took 0.087 seconds
[2025-02-07T13:39:55.021+0000] {processor.py:186} INFO - Started process (PID=512) to work on /opt/conda/lib/python3.12/site-packages/airflow/example_dags/example_datasets.py
[2025-02-07T13:39:55.022+0000] {processor.py:914} INFO - Processing file /opt/conda/lib/python3.12/site-packages/airflow/example_dags/example_datasets.py for tasks to queue
[2025-02-07T13:39:55.024+0000] {logging_mixin.py:190} INFO - [2025-02-07T13:39:55.024+0000] {dagbag.py:588} INFO - Filling up the DagBag from /opt/conda/lib/python3.12/site-packages/airflow/example_dags/example_datasets.py
[2025-02-07T13:39:55.035+0000] {processor.py:925} INFO - DAG(s) 'consume_1_or_2_with_dataset_expressions', 'dataset_produces_1', 'conditional_dataset_and_time_based_timetable', 'dataset_consumes_1_and_2', 'consume_1_and_2_with_dataset_expressions', 'consume_1_or_both_2_and_3_with_dataset_expressions', 'dataset_consumes_1', 'dataset_produces_2', 'dataset_consumes_1_never_scheduled', 'dataset_consumes_unknown_never_scheduled' retrieved from /opt/conda/lib/python3.12/site-packages/airflow/example_dags/example_datasets.py
[2025-02-07T13:39:55.060+0000] {logging_mixin.py:190} INFO - [2025-02-07T13:39:55.059+0000] {dag.py:3239} INFO - Sync 10 DAGs
[2025-02-07T13:39:55.073+0000] {logging_mixin.py:190} INFO - [2025-02-07T13:39:55.073+0000] {dag.py:4180} INFO - Setting next_dagrun for conditional_dataset_and_time_based_timetable to 2025-02-05 01:00:00+00:00, run_after=2025-02-05 01:00:00+00:00
[2025-02-07T13:39:55.075+0000] {logging_mixin.py:190} INFO - [2025-02-07T13:39:55.075+0000] {dag.py:4180} INFO - Setting next_dagrun for consume_1_and_2_with_dataset_expressions to None, run_after=None
[2025-02-07T13:39:55.076+0000] {logging_mixin.py:190} INFO - [2025-02-07T13:39:55.076+0000] {dag.py:4180} INFO - Setting next_dagrun for consume_1_or_2_with_dataset_expressions to None, run_after=None
[2025-02-07T13:39:55.077+0000] {logging_mixin.py:190} INFO - [2025-02-07T13:39:55.077+0000] {dag.py:4180} INFO - Setting next_dagrun for consume_1_or_both_2_and_3_with_dataset_expressions to None, run_after=None
[2025-02-07T13:39:55.077+0000] {logging_mixin.py:190} INFO - [2025-02-07T13:39:55.077+0000] {dag.py:4180} INFO - Setting next_dagrun for dataset_consumes_1 to None, run_after=None
[2025-02-07T13:39:55.078+0000] {logging_mixin.py:190} INFO - [2025-02-07T13:39:55.078+0000] {dag.py:4180} INFO - Setting next_dagrun for dataset_consumes_1_and_2 to None, run_after=None
[2025-02-07T13:39:55.078+0000] {logging_mixin.py:190} INFO - [2025-02-07T13:39:55.078+0000] {dag.py:4180} INFO - Setting next_dagrun for dataset_consumes_1_never_scheduled to None, run_after=None
[2025-02-07T13:39:55.079+0000] {logging_mixin.py:190} INFO - [2025-02-07T13:39:55.079+0000] {dag.py:4180} INFO - Setting next_dagrun for dataset_consumes_unknown_never_scheduled to None, run_after=None
[2025-02-07T13:39:55.080+0000] {logging_mixin.py:190} INFO - [2025-02-07T13:39:55.080+0000] {dag.py:4180} INFO - Setting next_dagrun for dataset_produces_1 to 2025-02-06 00:00:00+00:00, run_after=2025-02-07 00:00:00+00:00
[2025-02-07T13:39:55.080+0000] {logging_mixin.py:190} INFO - [2025-02-07T13:39:55.080+0000] {dag.py:4180} INFO - Setting next_dagrun for dataset_produces_2 to None, run_after=None
[2025-02-07T13:39:55.111+0000] {processor.py:208} INFO - Processing /opt/conda/lib/python3.12/site-packages/airflow/example_dags/example_datasets.py took 0.096 seconds
[2025-02-07T13:40:52.863+0000] {processor.py:186} INFO - Started process (PID=580) to work on /opt/conda/lib/python3.12/site-packages/airflow/example_dags/example_datasets.py
[2025-02-07T13:40:52.864+0000] {processor.py:914} INFO - Processing file /opt/conda/lib/python3.12/site-packages/airflow/example_dags/example_datasets.py for tasks to queue
[2025-02-07T13:40:52.867+0000] {logging_mixin.py:190} INFO - [2025-02-07T13:40:52.866+0000] {dagbag.py:588} INFO - Filling up the DagBag from /opt/conda/lib/python3.12/site-packages/airflow/example_dags/example_datasets.py
[2025-02-07T13:40:52.878+0000] {processor.py:925} INFO - DAG(s) 'consume_1_or_2_with_dataset_expressions', 'consume_1_or_both_2_and_3_with_dataset_expressions', 'consume_1_and_2_with_dataset_expressions', 'conditional_dataset_and_time_based_timetable', 'dataset_produces_1', 'dataset_consumes_unknown_never_scheduled', 'dataset_produces_2', 'dataset_consumes_1', 'dataset_consumes_1_never_scheduled', 'dataset_consumes_1_and_2' retrieved from /opt/conda/lib/python3.12/site-packages/airflow/example_dags/example_datasets.py
[2025-02-07T13:40:52.902+0000] {logging_mixin.py:190} INFO - [2025-02-07T13:40:52.902+0000] {dag.py:3239} INFO - Sync 10 DAGs
[2025-02-07T13:40:52.915+0000] {logging_mixin.py:190} INFO - [2025-02-07T13:40:52.915+0000] {dag.py:4180} INFO - Setting next_dagrun for conditional_dataset_and_time_based_timetable to 2025-02-05 01:00:00+00:00, run_after=2025-02-05 01:00:00+00:00
[2025-02-07T13:40:52.918+0000] {logging_mixin.py:190} INFO - [2025-02-07T13:40:52.918+0000] {dag.py:4180} INFO - Setting next_dagrun for consume_1_and_2_with_dataset_expressions to None, run_after=None
[2025-02-07T13:40:52.919+0000] {logging_mixin.py:190} INFO - [2025-02-07T13:40:52.919+0000] {dag.py:4180} INFO - Setting next_dagrun for consume_1_or_2_with_dataset_expressions to None, run_after=None
[2025-02-07T13:40:52.920+0000] {logging_mixin.py:190} INFO - [2025-02-07T13:40:52.920+0000] {dag.py:4180} INFO - Setting next_dagrun for consume_1_or_both_2_and_3_with_dataset_expressions to None, run_after=None
[2025-02-07T13:40:52.920+0000] {logging_mixin.py:190} INFO - [2025-02-07T13:40:52.920+0000] {dag.py:4180} INFO - Setting next_dagrun for dataset_consumes_1 to None, run_after=None
[2025-02-07T13:40:52.921+0000] {logging_mixin.py:190} INFO - [2025-02-07T13:40:52.921+0000] {dag.py:4180} INFO - Setting next_dagrun for dataset_consumes_1_and_2 to None, run_after=None
[2025-02-07T13:40:52.921+0000] {logging_mixin.py:190} INFO - [2025-02-07T13:40:52.921+0000] {dag.py:4180} INFO - Setting next_dagrun for dataset_consumes_1_never_scheduled to None, run_after=None
[2025-02-07T13:40:52.922+0000] {logging_mixin.py:190} INFO - [2025-02-07T13:40:52.922+0000] {dag.py:4180} INFO - Setting next_dagrun for dataset_consumes_unknown_never_scheduled to None, run_after=None
[2025-02-07T13:40:52.923+0000] {logging_mixin.py:190} INFO - [2025-02-07T13:40:52.923+0000] {dag.py:4180} INFO - Setting next_dagrun for dataset_produces_1 to 2025-02-06 00:00:00+00:00, run_after=2025-02-07 00:00:00+00:00
[2025-02-07T13:40:52.924+0000] {logging_mixin.py:190} INFO - [2025-02-07T13:40:52.923+0000] {dag.py:4180} INFO - Setting next_dagrun for dataset_produces_2 to None, run_after=None
[2025-02-07T13:40:52.940+0000] {processor.py:208} INFO - Processing /opt/conda/lib/python3.12/site-packages/airflow/example_dags/example_datasets.py took 0.082 seconds
[2025-02-07T13:41:51.632+0000] {processor.py:186} INFO - Started process (PID=648) to work on /opt/conda/lib/python3.12/site-packages/airflow/example_dags/example_datasets.py
[2025-02-07T13:41:51.633+0000] {processor.py:914} INFO - Processing file /opt/conda/lib/python3.12/site-packages/airflow/example_dags/example_datasets.py for tasks to queue
[2025-02-07T13:41:51.635+0000] {logging_mixin.py:190} INFO - [2025-02-07T13:41:51.635+0000] {dagbag.py:588} INFO - Filling up the DagBag from /opt/conda/lib/python3.12/site-packages/airflow/example_dags/example_datasets.py
[2025-02-07T13:41:51.646+0000] {processor.py:925} INFO - DAG(s) 'dataset_produces_1', 'dataset_produces_2', 'consume_1_or_both_2_and_3_with_dataset_expressions', 'dataset_consumes_1_and_2', 'dataset_consumes_1', 'consume_1_and_2_with_dataset_expressions', 'dataset_consumes_1_never_scheduled', 'conditional_dataset_and_time_based_timetable', 'dataset_consumes_unknown_never_scheduled', 'consume_1_or_2_with_dataset_expressions' retrieved from /opt/conda/lib/python3.12/site-packages/airflow/example_dags/example_datasets.py
[2025-02-07T13:41:51.669+0000] {logging_mixin.py:190} INFO - [2025-02-07T13:41:51.668+0000] {dag.py:3239} INFO - Sync 10 DAGs
[2025-02-07T13:41:51.682+0000] {logging_mixin.py:190} INFO - [2025-02-07T13:41:51.682+0000] {dag.py:4180} INFO - Setting next_dagrun for conditional_dataset_and_time_based_timetable to 2025-02-05 01:00:00+00:00, run_after=2025-02-05 01:00:00+00:00
[2025-02-07T13:41:51.684+0000] {logging_mixin.py:190} INFO - [2025-02-07T13:41:51.684+0000] {dag.py:4180} INFO - Setting next_dagrun for consume_1_and_2_with_dataset_expressions to None, run_after=None
[2025-02-07T13:41:51.685+0000] {logging_mixin.py:190} INFO - [2025-02-07T13:41:51.685+0000] {dag.py:4180} INFO - Setting next_dagrun for consume_1_or_2_with_dataset_expressions to None, run_after=None
[2025-02-07T13:41:51.686+0000] {logging_mixin.py:190} INFO - [2025-02-07T13:41:51.685+0000] {dag.py:4180} INFO - Setting next_dagrun for consume_1_or_both_2_and_3_with_dataset_expressions to None, run_after=None
[2025-02-07T13:41:51.686+0000] {logging_mixin.py:190} INFO - [2025-02-07T13:41:51.686+0000] {dag.py:4180} INFO - Setting next_dagrun for dataset_consumes_1 to None, run_after=None
[2025-02-07T13:41:51.687+0000] {logging_mixin.py:190} INFO - [2025-02-07T13:41:51.687+0000] {dag.py:4180} INFO - Setting next_dagrun for dataset_consumes_1_and_2 to None, run_after=None
[2025-02-07T13:41:51.687+0000] {logging_mixin.py:190} INFO - [2025-02-07T13:41:51.687+0000] {dag.py:4180} INFO - Setting next_dagrun for dataset_consumes_1_never_scheduled to None, run_after=None
[2025-02-07T13:41:51.688+0000] {logging_mixin.py:190} INFO - [2025-02-07T13:41:51.688+0000] {dag.py:4180} INFO - Setting next_dagrun for dataset_consumes_unknown_never_scheduled to None, run_after=None
[2025-02-07T13:41:51.689+0000] {logging_mixin.py:190} INFO - [2025-02-07T13:41:51.689+0000] {dag.py:4180} INFO - Setting next_dagrun for dataset_produces_1 to 2025-02-06 00:00:00+00:00, run_after=2025-02-07 00:00:00+00:00
[2025-02-07T13:41:51.689+0000] {logging_mixin.py:190} INFO - [2025-02-07T13:41:51.689+0000] {dag.py:4180} INFO - Setting next_dagrun for dataset_produces_2 to None, run_after=None
[2025-02-07T13:41:51.706+0000] {processor.py:208} INFO - Processing /opt/conda/lib/python3.12/site-packages/airflow/example_dags/example_datasets.py took 0.078 seconds
[2025-02-07T13:43:05.556+0000] {processor.py:186} INFO - Started process (PID=831) to work on /opt/conda/lib/python3.12/site-packages/airflow/example_dags/example_datasets.py
[2025-02-07T13:43:05.557+0000] {processor.py:914} INFO - Processing file /opt/conda/lib/python3.12/site-packages/airflow/example_dags/example_datasets.py for tasks to queue
[2025-02-07T13:43:05.559+0000] {logging_mixin.py:190} INFO - [2025-02-07T13:43:05.559+0000] {dagbag.py:588} INFO - Filling up the DagBag from /opt/conda/lib/python3.12/site-packages/airflow/example_dags/example_datasets.py
[2025-02-07T13:43:05.571+0000] {processor.py:925} INFO - DAG(s) 'dataset_produces_2', 'dataset_consumes_1_never_scheduled', 'dataset_consumes_1', 'consume_1_or_2_with_dataset_expressions', 'consume_1_or_both_2_and_3_with_dataset_expressions', 'consume_1_and_2_with_dataset_expressions', 'dataset_consumes_1_and_2', 'dataset_produces_1', 'dataset_consumes_unknown_never_scheduled', 'conditional_dataset_and_time_based_timetable' retrieved from /opt/conda/lib/python3.12/site-packages/airflow/example_dags/example_datasets.py
[2025-02-07T13:43:05.599+0000] {logging_mixin.py:190} INFO - [2025-02-07T13:43:05.599+0000] {dag.py:3239} INFO - Sync 10 DAGs
[2025-02-07T13:43:05.613+0000] {logging_mixin.py:190} INFO - [2025-02-07T13:43:05.613+0000] {dag.py:4180} INFO - Setting next_dagrun for conditional_dataset_and_time_based_timetable to 2025-02-05 01:00:00+00:00, run_after=2025-02-05 01:00:00+00:00
[2025-02-07T13:43:05.615+0000] {logging_mixin.py:190} INFO - [2025-02-07T13:43:05.615+0000] {dag.py:4180} INFO - Setting next_dagrun for consume_1_and_2_with_dataset_expressions to None, run_after=None
[2025-02-07T13:43:05.616+0000] {logging_mixin.py:190} INFO - [2025-02-07T13:43:05.616+0000] {dag.py:4180} INFO - Setting next_dagrun for consume_1_or_2_with_dataset_expressions to None, run_after=None
[2025-02-07T13:43:05.617+0000] {logging_mixin.py:190} INFO - [2025-02-07T13:43:05.617+0000] {dag.py:4180} INFO - Setting next_dagrun for consume_1_or_both_2_and_3_with_dataset_expressions to None, run_after=None
[2025-02-07T13:43:05.617+0000] {logging_mixin.py:190} INFO - [2025-02-07T13:43:05.617+0000] {dag.py:4180} INFO - Setting next_dagrun for dataset_consumes_1 to None, run_after=None
[2025-02-07T13:43:05.618+0000] {logging_mixin.py:190} INFO - [2025-02-07T13:43:05.618+0000] {dag.py:4180} INFO - Setting next_dagrun for dataset_consumes_1_and_2 to None, run_after=None
[2025-02-07T13:43:05.618+0000] {logging_mixin.py:190} INFO - [2025-02-07T13:43:05.618+0000] {dag.py:4180} INFO - Setting next_dagrun for dataset_consumes_1_never_scheduled to None, run_after=None
[2025-02-07T13:43:05.619+0000] {logging_mixin.py:190} INFO - [2025-02-07T13:43:05.619+0000] {dag.py:4180} INFO - Setting next_dagrun for dataset_consumes_unknown_never_scheduled to None, run_after=None
[2025-02-07T13:43:05.620+0000] {logging_mixin.py:190} INFO - [2025-02-07T13:43:05.620+0000] {dag.py:4180} INFO - Setting next_dagrun for dataset_produces_1 to 2025-02-06 00:00:00+00:00, run_after=2025-02-07 00:00:00+00:00
[2025-02-07T13:43:05.620+0000] {logging_mixin.py:190} INFO - [2025-02-07T13:43:05.620+0000] {dag.py:4180} INFO - Setting next_dagrun for dataset_produces_2 to None, run_after=None
[2025-02-07T13:43:05.641+0000] {processor.py:208} INFO - Processing /opt/conda/lib/python3.12/site-packages/airflow/example_dags/example_datasets.py took 0.092 seconds
[2025-02-07T13:44:32.958+0000] {processor.py:186} INFO - Started process (PID=1023) to work on /opt/conda/lib/python3.12/site-packages/airflow/example_dags/example_datasets.py
[2025-02-07T13:44:32.959+0000] {processor.py:914} INFO - Processing file /opt/conda/lib/python3.12/site-packages/airflow/example_dags/example_datasets.py for tasks to queue
[2025-02-07T13:44:32.960+0000] {logging_mixin.py:190} INFO - [2025-02-07T13:44:32.960+0000] {dagbag.py:588} INFO - Filling up the DagBag from /opt/conda/lib/python3.12/site-packages/airflow/example_dags/example_datasets.py
[2025-02-07T13:44:32.969+0000] {processor.py:925} INFO - DAG(s) 'consume_1_or_both_2_and_3_with_dataset_expressions', 'dataset_consumes_1_and_2', 'dataset_produces_2', 'consume_1_and_2_with_dataset_expressions', 'dataset_produces_1', 'consume_1_or_2_with_dataset_expressions', 'dataset_consumes_unknown_never_scheduled', 'dataset_consumes_1', 'dataset_consumes_1_never_scheduled', 'conditional_dataset_and_time_based_timetable' retrieved from /opt/conda/lib/python3.12/site-packages/airflow/example_dags/example_datasets.py
[2025-02-07T13:44:32.994+0000] {logging_mixin.py:190} INFO - [2025-02-07T13:44:32.993+0000] {dag.py:3239} INFO - Sync 10 DAGs
[2025-02-07T13:44:33.010+0000] {logging_mixin.py:190} INFO - [2025-02-07T13:44:33.009+0000] {dag.py:4180} INFO - Setting next_dagrun for conditional_dataset_and_time_based_timetable to 2025-02-05 01:00:00+00:00, run_after=2025-02-05 01:00:00+00:00
[2025-02-07T13:44:33.012+0000] {logging_mixin.py:190} INFO - [2025-02-07T13:44:33.012+0000] {dag.py:4180} INFO - Setting next_dagrun for consume_1_and_2_with_dataset_expressions to None, run_after=None
[2025-02-07T13:44:33.013+0000] {logging_mixin.py:190} INFO - [2025-02-07T13:44:33.013+0000] {dag.py:4180} INFO - Setting next_dagrun for consume_1_or_2_with_dataset_expressions to None, run_after=None
[2025-02-07T13:44:33.014+0000] {logging_mixin.py:190} INFO - [2025-02-07T13:44:33.014+0000] {dag.py:4180} INFO - Setting next_dagrun for consume_1_or_both_2_and_3_with_dataset_expressions to None, run_after=None
[2025-02-07T13:44:33.015+0000] {logging_mixin.py:190} INFO - [2025-02-07T13:44:33.015+0000] {dag.py:4180} INFO - Setting next_dagrun for dataset_consumes_1 to None, run_after=None
[2025-02-07T13:44:33.016+0000] {logging_mixin.py:190} INFO - [2025-02-07T13:44:33.016+0000] {dag.py:4180} INFO - Setting next_dagrun for dataset_consumes_1_and_2 to None, run_after=None
[2025-02-07T13:44:33.018+0000] {logging_mixin.py:190} INFO - [2025-02-07T13:44:33.018+0000] {dag.py:4180} INFO - Setting next_dagrun for dataset_consumes_1_never_scheduled to None, run_after=None
[2025-02-07T13:44:33.019+0000] {logging_mixin.py:190} INFO - [2025-02-07T13:44:33.018+0000] {dag.py:4180} INFO - Setting next_dagrun for dataset_consumes_unknown_never_scheduled to None, run_after=None
[2025-02-07T13:44:33.020+0000] {logging_mixin.py:190} INFO - [2025-02-07T13:44:33.020+0000] {dag.py:4180} INFO - Setting next_dagrun for dataset_produces_1 to 2025-02-06 00:00:00+00:00, run_after=2025-02-07 00:00:00+00:00
[2025-02-07T13:44:33.021+0000] {logging_mixin.py:190} INFO - [2025-02-07T13:44:33.021+0000] {dag.py:4180} INFO - Setting next_dagrun for dataset_produces_2 to None, run_after=None
[2025-02-07T13:44:33.039+0000] {processor.py:208} INFO - Processing /opt/conda/lib/python3.12/site-packages/airflow/example_dags/example_datasets.py took 0.086 seconds
[2025-02-07T13:46:10.106+0000] {processor.py:186} INFO - Started process (PID=1209) to work on /opt/conda/lib/python3.12/site-packages/airflow/example_dags/example_datasets.py
[2025-02-07T13:46:10.108+0000] {processor.py:914} INFO - Processing file /opt/conda/lib/python3.12/site-packages/airflow/example_dags/example_datasets.py for tasks to queue
[2025-02-07T13:46:10.109+0000] {logging_mixin.py:190} INFO - [2025-02-07T13:46:10.109+0000] {dagbag.py:588} INFO - Filling up the DagBag from /opt/conda/lib/python3.12/site-packages/airflow/example_dags/example_datasets.py
[2025-02-07T13:46:10.122+0000] {processor.py:925} INFO - DAG(s) 'dataset_produces_2', 'dataset_consumes_1', 'consume_1_or_both_2_and_3_with_dataset_expressions', 'dataset_produces_1', 'dataset_consumes_1_and_2', 'conditional_dataset_and_time_based_timetable', 'dataset_consumes_1_never_scheduled', 'dataset_consumes_unknown_never_scheduled', 'consume_1_and_2_with_dataset_expressions', 'consume_1_or_2_with_dataset_expressions' retrieved from /opt/conda/lib/python3.12/site-packages/airflow/example_dags/example_datasets.py
[2025-02-07T13:46:10.152+0000] {logging_mixin.py:190} INFO - [2025-02-07T13:46:10.151+0000] {dag.py:3239} INFO - Sync 10 DAGs
[2025-02-07T13:46:10.183+0000] {logging_mixin.py:190} INFO - [2025-02-07T13:46:10.183+0000] {dag.py:4180} INFO - Setting next_dagrun for conditional_dataset_and_time_based_timetable to 2025-02-05 01:00:00+00:00, run_after=2025-02-05 01:00:00+00:00
[2025-02-07T13:46:10.189+0000] {logging_mixin.py:190} INFO - [2025-02-07T13:46:10.189+0000] {dag.py:4180} INFO - Setting next_dagrun for consume_1_and_2_with_dataset_expressions to None, run_after=None
[2025-02-07T13:46:10.192+0000] {logging_mixin.py:190} INFO - [2025-02-07T13:46:10.192+0000] {dag.py:4180} INFO - Setting next_dagrun for consume_1_or_2_with_dataset_expressions to None, run_after=None
[2025-02-07T13:46:10.194+0000] {logging_mixin.py:190} INFO - [2025-02-07T13:46:10.194+0000] {dag.py:4180} INFO - Setting next_dagrun for consume_1_or_both_2_and_3_with_dataset_expressions to None, run_after=None
[2025-02-07T13:46:10.200+0000] {logging_mixin.py:190} INFO - [2025-02-07T13:46:10.199+0000] {dag.py:4180} INFO - Setting next_dagrun for dataset_consumes_1 to None, run_after=None
[2025-02-07T13:46:10.202+0000] {logging_mixin.py:190} INFO - [2025-02-07T13:46:10.202+0000] {dag.py:4180} INFO - Setting next_dagrun for dataset_consumes_1_and_2 to None, run_after=None
[2025-02-07T13:46:10.204+0000] {logging_mixin.py:190} INFO - [2025-02-07T13:46:10.204+0000] {dag.py:4180} INFO - Setting next_dagrun for dataset_consumes_1_never_scheduled to None, run_after=None
[2025-02-07T13:46:10.206+0000] {logging_mixin.py:190} INFO - [2025-02-07T13:46:10.206+0000] {dag.py:4180} INFO - Setting next_dagrun for dataset_consumes_unknown_never_scheduled to None, run_after=None
[2025-02-07T13:46:10.209+0000] {logging_mixin.py:190} INFO - [2025-02-07T13:46:10.209+0000] {dag.py:4180} INFO - Setting next_dagrun for dataset_produces_1 to 2025-02-06 00:00:00+00:00, run_after=2025-02-07 00:00:00+00:00
[2025-02-07T13:46:10.210+0000] {logging_mixin.py:190} INFO - [2025-02-07T13:46:10.210+0000] {dag.py:4180} INFO - Setting next_dagrun for dataset_produces_2 to None, run_after=None
[2025-02-07T13:46:10.238+0000] {processor.py:208} INFO - Processing /opt/conda/lib/python3.12/site-packages/airflow/example_dags/example_datasets.py took 0.140 seconds
[2025-02-07T14:05:28.524+0000] {processor.py:186} INFO - Started process (PID=1767) to work on /opt/conda/lib/python3.12/site-packages/airflow/example_dags/example_datasets.py
[2025-02-07T14:05:28.528+0000] {processor.py:914} INFO - Processing file /opt/conda/lib/python3.12/site-packages/airflow/example_dags/example_datasets.py for tasks to queue
[2025-02-07T14:05:28.530+0000] {logging_mixin.py:190} INFO - [2025-02-07T14:05:28.529+0000] {dagbag.py:588} INFO - Filling up the DagBag from /opt/conda/lib/python3.12/site-packages/airflow/example_dags/example_datasets.py
[2025-02-07T14:05:28.550+0000] {processor.py:925} INFO - DAG(s) 'conditional_dataset_and_time_based_timetable', 'consume_1_and_2_with_dataset_expressions', 'dataset_consumes_unknown_never_scheduled', 'dataset_produces_1', 'consume_1_or_both_2_and_3_with_dataset_expressions', 'dataset_consumes_1_never_scheduled', 'dataset_produces_2', 'consume_1_or_2_with_dataset_expressions', 'dataset_consumes_1_and_2', 'dataset_consumes_1' retrieved from /opt/conda/lib/python3.12/site-packages/airflow/example_dags/example_datasets.py
[2025-02-07T14:05:28.584+0000] {logging_mixin.py:190} INFO - [2025-02-07T14:05:28.584+0000] {dag.py:3239} INFO - Sync 10 DAGs
[2025-02-07T14:05:28.597+0000] {logging_mixin.py:190} INFO - [2025-02-07T14:05:28.597+0000] {dag.py:4180} INFO - Setting next_dagrun for conditional_dataset_and_time_based_timetable to 2025-02-05 01:00:00+00:00, run_after=2025-02-05 01:00:00+00:00
[2025-02-07T14:05:28.599+0000] {logging_mixin.py:190} INFO - [2025-02-07T14:05:28.599+0000] {dag.py:4180} INFO - Setting next_dagrun for consume_1_and_2_with_dataset_expressions to None, run_after=None
[2025-02-07T14:05:28.600+0000] {logging_mixin.py:190} INFO - [2025-02-07T14:05:28.600+0000] {dag.py:4180} INFO - Setting next_dagrun for consume_1_or_2_with_dataset_expressions to None, run_after=None
[2025-02-07T14:05:28.601+0000] {logging_mixin.py:190} INFO - [2025-02-07T14:05:28.601+0000] {dag.py:4180} INFO - Setting next_dagrun for consume_1_or_both_2_and_3_with_dataset_expressions to None, run_after=None
[2025-02-07T14:05:28.602+0000] {logging_mixin.py:190} INFO - [2025-02-07T14:05:28.601+0000] {dag.py:4180} INFO - Setting next_dagrun for dataset_consumes_1 to None, run_after=None
[2025-02-07T14:05:28.602+0000] {logging_mixin.py:190} INFO - [2025-02-07T14:05:28.602+0000] {dag.py:4180} INFO - Setting next_dagrun for dataset_consumes_1_and_2 to None, run_after=None
[2025-02-07T14:05:28.603+0000] {logging_mixin.py:190} INFO - [2025-02-07T14:05:28.603+0000] {dag.py:4180} INFO - Setting next_dagrun for dataset_consumes_1_never_scheduled to None, run_after=None
[2025-02-07T14:05:28.603+0000] {logging_mixin.py:190} INFO - [2025-02-07T14:05:28.603+0000] {dag.py:4180} INFO - Setting next_dagrun for dataset_consumes_unknown_never_scheduled to None, run_after=None
[2025-02-07T14:05:28.605+0000] {logging_mixin.py:190} INFO - [2025-02-07T14:05:28.605+0000] {dag.py:4180} INFO - Setting next_dagrun for dataset_produces_1 to 2025-02-06 00:00:00+00:00, run_after=2025-02-07 00:00:00+00:00
[2025-02-07T14:05:28.606+0000] {logging_mixin.py:190} INFO - [2025-02-07T14:05:28.606+0000] {dag.py:4180} INFO - Setting next_dagrun for dataset_produces_2 to None, run_after=None
[2025-02-07T14:05:28.675+0000] {processor.py:208} INFO - Processing /opt/conda/lib/python3.12/site-packages/airflow/example_dags/example_datasets.py took 0.170 seconds
[2025-02-07T14:06:32.545+0000] {processor.py:186} INFO - Started process (PID=1837) to work on /opt/conda/lib/python3.12/site-packages/airflow/example_dags/example_datasets.py
[2025-02-07T14:06:32.552+0000] {processor.py:914} INFO - Processing file /opt/conda/lib/python3.12/site-packages/airflow/example_dags/example_datasets.py for tasks to queue
[2025-02-07T14:06:32.555+0000] {logging_mixin.py:190} INFO - [2025-02-07T14:06:32.554+0000] {dagbag.py:588} INFO - Filling up the DagBag from /opt/conda/lib/python3.12/site-packages/airflow/example_dags/example_datasets.py
[2025-02-07T14:06:32.600+0000] {processor.py:925} INFO - DAG(s) 'dataset_produces_2', 'consume_1_or_both_2_and_3_with_dataset_expressions', 'dataset_consumes_1_and_2', 'conditional_dataset_and_time_based_timetable', 'dataset_consumes_unknown_never_scheduled', 'dataset_consumes_1', 'dataset_produces_1', 'consume_1_or_2_with_dataset_expressions', 'dataset_consumes_1_never_scheduled', 'consume_1_and_2_with_dataset_expressions' retrieved from /opt/conda/lib/python3.12/site-packages/airflow/example_dags/example_datasets.py
[2025-02-07T14:06:32.648+0000] {logging_mixin.py:190} INFO - [2025-02-07T14:06:32.648+0000] {dag.py:3239} INFO - Sync 10 DAGs
[2025-02-07T14:06:32.678+0000] {logging_mixin.py:190} INFO - [2025-02-07T14:06:32.678+0000] {dag.py:4180} INFO - Setting next_dagrun for conditional_dataset_and_time_based_timetable to 2025-02-05 01:00:00+00:00, run_after=2025-02-05 01:00:00+00:00
[2025-02-07T14:06:32.686+0000] {logging_mixin.py:190} INFO - [2025-02-07T14:06:32.686+0000] {dag.py:4180} INFO - Setting next_dagrun for consume_1_and_2_with_dataset_expressions to None, run_after=None
[2025-02-07T14:06:32.688+0000] {logging_mixin.py:190} INFO - [2025-02-07T14:06:32.688+0000] {dag.py:4180} INFO - Setting next_dagrun for consume_1_or_2_with_dataset_expressions to None, run_after=None
[2025-02-07T14:06:32.689+0000] {logging_mixin.py:190} INFO - [2025-02-07T14:06:32.689+0000] {dag.py:4180} INFO - Setting next_dagrun for consume_1_or_both_2_and_3_with_dataset_expressions to None, run_after=None
[2025-02-07T14:06:32.690+0000] {logging_mixin.py:190} INFO - [2025-02-07T14:06:32.690+0000] {dag.py:4180} INFO - Setting next_dagrun for dataset_consumes_1 to None, run_after=None
[2025-02-07T14:06:32.692+0000] {logging_mixin.py:190} INFO - [2025-02-07T14:06:32.692+0000] {dag.py:4180} INFO - Setting next_dagrun for dataset_consumes_1_and_2 to None, run_after=None
[2025-02-07T14:06:32.693+0000] {logging_mixin.py:190} INFO - [2025-02-07T14:06:32.693+0000] {dag.py:4180} INFO - Setting next_dagrun for dataset_consumes_1_never_scheduled to None, run_after=None
[2025-02-07T14:06:32.695+0000] {logging_mixin.py:190} INFO - [2025-02-07T14:06:32.695+0000] {dag.py:4180} INFO - Setting next_dagrun for dataset_consumes_unknown_never_scheduled to None, run_after=None
[2025-02-07T14:06:32.696+0000] {logging_mixin.py:190} INFO - [2025-02-07T14:06:32.696+0000] {dag.py:4180} INFO - Setting next_dagrun for dataset_produces_1 to 2025-02-06 00:00:00+00:00, run_after=2025-02-07 00:00:00+00:00
[2025-02-07T14:06:32.696+0000] {logging_mixin.py:190} INFO - [2025-02-07T14:06:32.696+0000] {dag.py:4180} INFO - Setting next_dagrun for dataset_produces_2 to None, run_after=None
[2025-02-07T14:06:32.724+0000] {processor.py:208} INFO - Processing /opt/conda/lib/python3.12/site-packages/airflow/example_dags/example_datasets.py took 0.202 seconds
[2025-02-07T14:07:55.562+0000] {processor.py:186} INFO - Started process (PID=2023) to work on /opt/conda/lib/python3.12/site-packages/airflow/example_dags/example_datasets.py
[2025-02-07T14:07:55.567+0000] {processor.py:914} INFO - Processing file /opt/conda/lib/python3.12/site-packages/airflow/example_dags/example_datasets.py for tasks to queue
[2025-02-07T14:07:55.571+0000] {logging_mixin.py:190} INFO - [2025-02-07T14:07:55.570+0000] {dagbag.py:588} INFO - Filling up the DagBag from /opt/conda/lib/python3.12/site-packages/airflow/example_dags/example_datasets.py
[2025-02-07T14:07:55.664+0000] {processor.py:925} INFO - DAG(s) 'consume_1_and_2_with_dataset_expressions', 'dataset_consumes_1_and_2', 'consume_1_or_both_2_and_3_with_dataset_expressions', 'dataset_produces_2', 'conditional_dataset_and_time_based_timetable', 'dataset_consumes_1_never_scheduled', 'dataset_consumes_unknown_never_scheduled', 'dataset_consumes_1', 'consume_1_or_2_with_dataset_expressions', 'dataset_produces_1' retrieved from /opt/conda/lib/python3.12/site-packages/airflow/example_dags/example_datasets.py
[2025-02-07T14:07:55.764+0000] {logging_mixin.py:190} INFO - [2025-02-07T14:07:55.764+0000] {dag.py:3239} INFO - Sync 10 DAGs
[2025-02-07T14:07:55.812+0000] {logging_mixin.py:190} INFO - [2025-02-07T14:07:55.812+0000] {dag.py:4180} INFO - Setting next_dagrun for conditional_dataset_and_time_based_timetable to 2025-02-05 01:00:00+00:00, run_after=2025-02-05 01:00:00+00:00
[2025-02-07T14:07:55.817+0000] {logging_mixin.py:190} INFO - [2025-02-07T14:07:55.817+0000] {dag.py:4180} INFO - Setting next_dagrun for consume_1_and_2_with_dataset_expressions to None, run_after=None
[2025-02-07T14:07:55.822+0000] {logging_mixin.py:190} INFO - [2025-02-07T14:07:55.822+0000] {dag.py:4180} INFO - Setting next_dagrun for consume_1_or_2_with_dataset_expressions to None, run_after=None
[2025-02-07T14:07:55.824+0000] {logging_mixin.py:190} INFO - [2025-02-07T14:07:55.824+0000] {dag.py:4180} INFO - Setting next_dagrun for consume_1_or_both_2_and_3_with_dataset_expressions to None, run_after=None
[2025-02-07T14:07:55.824+0000] {logging_mixin.py:190} INFO - [2025-02-07T14:07:55.824+0000] {dag.py:4180} INFO - Setting next_dagrun for dataset_consumes_1 to None, run_after=None
[2025-02-07T14:07:55.825+0000] {logging_mixin.py:190} INFO - [2025-02-07T14:07:55.825+0000] {dag.py:4180} INFO - Setting next_dagrun for dataset_consumes_1_and_2 to None, run_after=None
[2025-02-07T14:07:55.826+0000] {logging_mixin.py:190} INFO - [2025-02-07T14:07:55.826+0000] {dag.py:4180} INFO - Setting next_dagrun for dataset_consumes_1_never_scheduled to None, run_after=None
[2025-02-07T14:07:55.827+0000] {logging_mixin.py:190} INFO - [2025-02-07T14:07:55.827+0000] {dag.py:4180} INFO - Setting next_dagrun for dataset_consumes_unknown_never_scheduled to None, run_after=None
[2025-02-07T14:07:55.828+0000] {logging_mixin.py:190} INFO - [2025-02-07T14:07:55.828+0000] {dag.py:4180} INFO - Setting next_dagrun for dataset_produces_1 to 2025-02-06 00:00:00+00:00, run_after=2025-02-07 00:00:00+00:00
[2025-02-07T14:07:55.830+0000] {logging_mixin.py:190} INFO - [2025-02-07T14:07:55.829+0000] {dag.py:4180} INFO - Setting next_dagrun for dataset_produces_2 to None, run_after=None
[2025-02-07T14:07:55.875+0000] {processor.py:208} INFO - Processing /opt/conda/lib/python3.12/site-packages/airflow/example_dags/example_datasets.py took 0.351 seconds
