[2025-02-07T12:12:50.892+0000] {processor.py:186} INFO - Started process (PID=2979) to work on /opt/conda/lib/python3.12/site-packages/airflow/example_dags/example_dataset_alias.py
[2025-02-07T12:12:50.893+0000] {processor.py:914} INFO - Processing file /opt/conda/lib/python3.12/site-packages/airflow/example_dags/example_dataset_alias.py for tasks to queue
[2025-02-07T12:12:50.895+0000] {logging_mixin.py:190} INFO - [2025-02-07T12:12:50.895+0000] {dagbag.py:588} INFO - Filling up the DagBag from /opt/conda/lib/python3.12/site-packages/airflow/example_dags/example_dataset_alias.py
[2025-02-07T12:12:50.920+0000] {processor.py:925} INFO - DAG(s) 'dataset_s3_bucket_producer', 'dataset_s3_bucket_consumer', 'dataset_alias_example_alias_consumer', 'dataset_alias_example_alias_producer' retrieved from /opt/conda/lib/python3.12/site-packages/airflow/example_dags/example_dataset_alias.py
[2025-02-07T12:12:50.943+0000] {logging_mixin.py:190} INFO - [2025-02-07T12:12:50.943+0000] {dag.py:3239} INFO - Sync 4 DAGs
[2025-02-07T12:12:50.958+0000] {logging_mixin.py:190} INFO - [2025-02-07T12:12:50.958+0000] {dag.py:4180} INFO - Setting next_dagrun for dataset_alias_example_alias_consumer to None, run_after=None
[2025-02-07T12:12:50.959+0000] {logging_mixin.py:190} INFO - [2025-02-07T12:12:50.959+0000] {dag.py:4180} INFO - Setting next_dagrun for dataset_alias_example_alias_producer to None, run_after=None
[2025-02-07T12:12:50.960+0000] {logging_mixin.py:190} INFO - [2025-02-07T12:12:50.960+0000] {dag.py:4180} INFO - Setting next_dagrun for dataset_s3_bucket_consumer to None, run_after=None
[2025-02-07T12:12:50.961+0000] {logging_mixin.py:190} INFO - [2025-02-07T12:12:50.961+0000] {dag.py:4180} INFO - Setting next_dagrun for dataset_s3_bucket_producer to None, run_after=None
[2025-02-07T12:12:50.980+0000] {processor.py:208} INFO - Processing /opt/conda/lib/python3.12/site-packages/airflow/example_dags/example_dataset_alias.py took 0.093 seconds
[2025-02-07T12:33:09.931+0000] {processor.py:186} INFO - Started process (PID=140) to work on /opt/conda/lib/python3.12/site-packages/airflow/example_dags/example_dataset_alias.py
[2025-02-07T12:33:09.932+0000] {processor.py:914} INFO - Processing file /opt/conda/lib/python3.12/site-packages/airflow/example_dags/example_dataset_alias.py for tasks to queue
[2025-02-07T12:33:09.935+0000] {logging_mixin.py:190} INFO - [2025-02-07T12:33:09.935+0000] {dagbag.py:588} INFO - Filling up the DagBag from /opt/conda/lib/python3.12/site-packages/airflow/example_dags/example_dataset_alias.py
[2025-02-07T12:33:09.967+0000] {processor.py:925} INFO - DAG(s) 'dataset_s3_bucket_consumer', 'dataset_alias_example_alias_producer', 'dataset_alias_example_alias_consumer', 'dataset_s3_bucket_producer' retrieved from /opt/conda/lib/python3.12/site-packages/airflow/example_dags/example_dataset_alias.py
[2025-02-07T12:33:09.987+0000] {logging_mixin.py:190} INFO - [2025-02-07T12:33:09.986+0000] {dag.py:3239} INFO - Sync 4 DAGs
[2025-02-07T12:33:10.003+0000] {logging_mixin.py:190} INFO - [2025-02-07T12:33:10.003+0000] {dag.py:4180} INFO - Setting next_dagrun for dataset_alias_example_alias_consumer to None, run_after=None
[2025-02-07T12:33:10.005+0000] {logging_mixin.py:190} INFO - [2025-02-07T12:33:10.005+0000] {dag.py:4180} INFO - Setting next_dagrun for dataset_alias_example_alias_producer to None, run_after=None
[2025-02-07T12:33:10.006+0000] {logging_mixin.py:190} INFO - [2025-02-07T12:33:10.006+0000] {dag.py:4180} INFO - Setting next_dagrun for dataset_s3_bucket_consumer to None, run_after=None
[2025-02-07T12:33:10.007+0000] {logging_mixin.py:190} INFO - [2025-02-07T12:33:10.007+0000] {dag.py:4180} INFO - Setting next_dagrun for dataset_s3_bucket_producer to None, run_after=None
[2025-02-07T12:33:10.032+0000] {processor.py:208} INFO - Processing /opt/conda/lib/python3.12/site-packages/airflow/example_dags/example_dataset_alias.py took 0.108 seconds
[2025-02-07T12:36:58.707+0000] {processor.py:186} INFO - Started process (PID=118) to work on /opt/conda/lib/python3.12/site-packages/airflow/example_dags/example_dataset_alias.py
[2025-02-07T12:36:58.714+0000] {processor.py:914} INFO - Processing file /opt/conda/lib/python3.12/site-packages/airflow/example_dags/example_dataset_alias.py for tasks to queue
[2025-02-07T12:36:58.718+0000] {logging_mixin.py:190} INFO - [2025-02-07T12:36:58.717+0000] {dagbag.py:588} INFO - Filling up the DagBag from /opt/conda/lib/python3.12/site-packages/airflow/example_dags/example_dataset_alias.py
[2025-02-07T12:36:58.751+0000] {processor.py:925} INFO - DAG(s) 'dataset_s3_bucket_consumer', 'dataset_alias_example_alias_consumer', 'dataset_alias_example_alias_producer', 'dataset_s3_bucket_producer' retrieved from /opt/conda/lib/python3.12/site-packages/airflow/example_dags/example_dataset_alias.py
[2025-02-07T12:36:58.775+0000] {logging_mixin.py:190} INFO - [2025-02-07T12:36:58.774+0000] {dag.py:3239} INFO - Sync 4 DAGs
[2025-02-07T12:36:58.805+0000] {logging_mixin.py:190} INFO - [2025-02-07T12:36:58.805+0000] {dag.py:4180} INFO - Setting next_dagrun for dataset_alias_example_alias_consumer to None, run_after=None
[2025-02-07T12:36:58.808+0000] {logging_mixin.py:190} INFO - [2025-02-07T12:36:58.808+0000] {dag.py:4180} INFO - Setting next_dagrun for dataset_alias_example_alias_producer to None, run_after=None
[2025-02-07T12:36:58.809+0000] {logging_mixin.py:190} INFO - [2025-02-07T12:36:58.809+0000] {dag.py:4180} INFO - Setting next_dagrun for dataset_s3_bucket_consumer to None, run_after=None
[2025-02-07T12:36:58.810+0000] {logging_mixin.py:190} INFO - [2025-02-07T12:36:58.810+0000] {dag.py:4180} INFO - Setting next_dagrun for dataset_s3_bucket_producer to None, run_after=None
[2025-02-07T12:36:58.844+0000] {processor.py:208} INFO - Processing /opt/conda/lib/python3.12/site-packages/airflow/example_dags/example_dataset_alias.py took 0.148 seconds
[2025-02-07T12:38:12.696+0000] {processor.py:186} INFO - Started process (PID=193) to work on /opt/conda/lib/python3.12/site-packages/airflow/example_dags/example_dataset_alias.py
[2025-02-07T12:38:12.698+0000] {processor.py:914} INFO - Processing file /opt/conda/lib/python3.12/site-packages/airflow/example_dags/example_dataset_alias.py for tasks to queue
[2025-02-07T12:38:12.699+0000] {logging_mixin.py:190} INFO - [2025-02-07T12:38:12.699+0000] {dagbag.py:588} INFO - Filling up the DagBag from /opt/conda/lib/python3.12/site-packages/airflow/example_dags/example_dataset_alias.py
[2025-02-07T12:38:12.711+0000] {processor.py:925} INFO - DAG(s) 'dataset_alias_example_alias_consumer', 'dataset_alias_example_alias_producer', 'dataset_s3_bucket_consumer', 'dataset_s3_bucket_producer' retrieved from /opt/conda/lib/python3.12/site-packages/airflow/example_dags/example_dataset_alias.py
[2025-02-07T12:38:12.727+0000] {logging_mixin.py:190} INFO - [2025-02-07T12:38:12.726+0000] {dag.py:3239} INFO - Sync 4 DAGs
[2025-02-07T12:38:12.738+0000] {logging_mixin.py:190} INFO - [2025-02-07T12:38:12.738+0000] {dag.py:4180} INFO - Setting next_dagrun for dataset_alias_example_alias_consumer to None, run_after=None
[2025-02-07T12:38:12.743+0000] {logging_mixin.py:190} INFO - [2025-02-07T12:38:12.743+0000] {dag.py:4180} INFO - Setting next_dagrun for dataset_alias_example_alias_producer to None, run_after=None
[2025-02-07T12:38:12.744+0000] {logging_mixin.py:190} INFO - [2025-02-07T12:38:12.744+0000] {dag.py:4180} INFO - Setting next_dagrun for dataset_s3_bucket_consumer to None, run_after=None
[2025-02-07T12:38:12.745+0000] {logging_mixin.py:190} INFO - [2025-02-07T12:38:12.745+0000] {dag.py:4180} INFO - Setting next_dagrun for dataset_s3_bucket_producer to None, run_after=None
[2025-02-07T12:38:12.761+0000] {processor.py:208} INFO - Processing /opt/conda/lib/python3.12/site-packages/airflow/example_dags/example_dataset_alias.py took 0.068 seconds
[2025-02-07T12:39:11.712+0000] {processor.py:186} INFO - Started process (PID=262) to work on /opt/conda/lib/python3.12/site-packages/airflow/example_dags/example_dataset_alias.py
[2025-02-07T12:39:11.713+0000] {processor.py:914} INFO - Processing file /opt/conda/lib/python3.12/site-packages/airflow/example_dags/example_dataset_alias.py for tasks to queue
[2025-02-07T12:39:11.715+0000] {logging_mixin.py:190} INFO - [2025-02-07T12:39:11.714+0000] {dagbag.py:588} INFO - Filling up the DagBag from /opt/conda/lib/python3.12/site-packages/airflow/example_dags/example_dataset_alias.py
[2025-02-07T12:39:11.734+0000] {processor.py:925} INFO - DAG(s) 'dataset_s3_bucket_producer', 'dataset_alias_example_alias_consumer', 'dataset_alias_example_alias_producer', 'dataset_s3_bucket_consumer' retrieved from /opt/conda/lib/python3.12/site-packages/airflow/example_dags/example_dataset_alias.py
[2025-02-07T12:39:11.751+0000] {logging_mixin.py:190} INFO - [2025-02-07T12:39:11.751+0000] {dag.py:3239} INFO - Sync 4 DAGs
[2025-02-07T12:39:11.763+0000] {logging_mixin.py:190} INFO - [2025-02-07T12:39:11.763+0000] {dag.py:4180} INFO - Setting next_dagrun for dataset_alias_example_alias_consumer to None, run_after=None
[2025-02-07T12:39:11.764+0000] {logging_mixin.py:190} INFO - [2025-02-07T12:39:11.764+0000] {dag.py:4180} INFO - Setting next_dagrun for dataset_alias_example_alias_producer to None, run_after=None
[2025-02-07T12:39:11.765+0000] {logging_mixin.py:190} INFO - [2025-02-07T12:39:11.765+0000] {dag.py:4180} INFO - Setting next_dagrun for dataset_s3_bucket_consumer to None, run_after=None
[2025-02-07T12:39:11.765+0000] {logging_mixin.py:190} INFO - [2025-02-07T12:39:11.765+0000] {dag.py:4180} INFO - Setting next_dagrun for dataset_s3_bucket_producer to None, run_after=None
[2025-02-07T12:39:11.777+0000] {processor.py:208} INFO - Processing /opt/conda/lib/python3.12/site-packages/airflow/example_dags/example_dataset_alias.py took 0.070 seconds
[2025-02-07T12:40:08.676+0000] {processor.py:186} INFO - Started process (PID=330) to work on /opt/conda/lib/python3.12/site-packages/airflow/example_dags/example_dataset_alias.py
[2025-02-07T12:40:08.676+0000] {processor.py:914} INFO - Processing file /opt/conda/lib/python3.12/site-packages/airflow/example_dags/example_dataset_alias.py for tasks to queue
[2025-02-07T12:40:08.678+0000] {logging_mixin.py:190} INFO - [2025-02-07T12:40:08.677+0000] {dagbag.py:588} INFO - Filling up the DagBag from /opt/conda/lib/python3.12/site-packages/airflow/example_dags/example_dataset_alias.py
[2025-02-07T12:40:08.695+0000] {processor.py:925} INFO - DAG(s) 'dataset_alias_example_alias_consumer', 'dataset_s3_bucket_producer', 'dataset_alias_example_alias_producer', 'dataset_s3_bucket_consumer' retrieved from /opt/conda/lib/python3.12/site-packages/airflow/example_dags/example_dataset_alias.py
[2025-02-07T12:40:08.712+0000] {logging_mixin.py:190} INFO - [2025-02-07T12:40:08.711+0000] {dag.py:3239} INFO - Sync 4 DAGs
[2025-02-07T12:40:08.727+0000] {logging_mixin.py:190} INFO - [2025-02-07T12:40:08.726+0000] {dag.py:4180} INFO - Setting next_dagrun for dataset_alias_example_alias_consumer to None, run_after=None
[2025-02-07T12:40:08.729+0000] {logging_mixin.py:190} INFO - [2025-02-07T12:40:08.729+0000] {dag.py:4180} INFO - Setting next_dagrun for dataset_alias_example_alias_producer to None, run_after=None
[2025-02-07T12:40:08.730+0000] {logging_mixin.py:190} INFO - [2025-02-07T12:40:08.730+0000] {dag.py:4180} INFO - Setting next_dagrun for dataset_s3_bucket_consumer to None, run_after=None
[2025-02-07T12:40:08.731+0000] {logging_mixin.py:190} INFO - [2025-02-07T12:40:08.731+0000] {dag.py:4180} INFO - Setting next_dagrun for dataset_s3_bucket_producer to None, run_after=None
[2025-02-07T12:40:08.758+0000] {processor.py:208} INFO - Processing /opt/conda/lib/python3.12/site-packages/airflow/example_dags/example_dataset_alias.py took 0.086 seconds
[2025-02-07T12:41:08.093+0000] {processor.py:186} INFO - Started process (PID=399) to work on /opt/conda/lib/python3.12/site-packages/airflow/example_dags/example_dataset_alias.py
[2025-02-07T12:41:08.095+0000] {processor.py:914} INFO - Processing file /opt/conda/lib/python3.12/site-packages/airflow/example_dags/example_dataset_alias.py for tasks to queue
[2025-02-07T12:41:08.101+0000] {logging_mixin.py:190} INFO - [2025-02-07T12:41:08.100+0000] {dagbag.py:588} INFO - Filling up the DagBag from /opt/conda/lib/python3.12/site-packages/airflow/example_dags/example_dataset_alias.py
[2025-02-07T12:41:08.147+0000] {processor.py:925} INFO - DAG(s) 'dataset_alias_example_alias_consumer', 'dataset_alias_example_alias_producer', 'dataset_s3_bucket_producer', 'dataset_s3_bucket_consumer' retrieved from /opt/conda/lib/python3.12/site-packages/airflow/example_dags/example_dataset_alias.py
[2025-02-07T12:41:08.212+0000] {logging_mixin.py:190} INFO - [2025-02-07T12:41:08.212+0000] {dag.py:3239} INFO - Sync 4 DAGs
[2025-02-07T12:41:08.290+0000] {logging_mixin.py:190} INFO - [2025-02-07T12:41:08.290+0000] {dag.py:4180} INFO - Setting next_dagrun for dataset_alias_example_alias_consumer to None, run_after=None
[2025-02-07T12:41:08.292+0000] {logging_mixin.py:190} INFO - [2025-02-07T12:41:08.292+0000] {dag.py:4180} INFO - Setting next_dagrun for dataset_alias_example_alias_producer to None, run_after=None
[2025-02-07T12:41:08.293+0000] {logging_mixin.py:190} INFO - [2025-02-07T12:41:08.293+0000] {dag.py:4180} INFO - Setting next_dagrun for dataset_s3_bucket_consumer to None, run_after=None
[2025-02-07T12:41:08.295+0000] {logging_mixin.py:190} INFO - [2025-02-07T12:41:08.295+0000] {dag.py:4180} INFO - Setting next_dagrun for dataset_s3_bucket_producer to None, run_after=None
[2025-02-07T12:41:08.325+0000] {processor.py:208} INFO - Processing /opt/conda/lib/python3.12/site-packages/airflow/example_dags/example_dataset_alias.py took 0.254 seconds
[2025-02-07T12:52:50.282+0000] {processor.py:186} INFO - Started process (PID=4912) to work on /opt/conda/lib/python3.12/site-packages/airflow/example_dags/example_dataset_alias.py
[2025-02-07T12:52:50.283+0000] {processor.py:914} INFO - Processing file /opt/conda/lib/python3.12/site-packages/airflow/example_dags/example_dataset_alias.py for tasks to queue
[2025-02-07T12:52:50.284+0000] {logging_mixin.py:190} INFO - [2025-02-07T12:52:50.284+0000] {dagbag.py:588} INFO - Filling up the DagBag from /opt/conda/lib/python3.12/site-packages/airflow/example_dags/example_dataset_alias.py
[2025-02-07T12:52:50.297+0000] {processor.py:925} INFO - DAG(s) 'dataset_s3_bucket_producer', 'dataset_s3_bucket_consumer', 'dataset_alias_example_alias_producer', 'dataset_alias_example_alias_consumer' retrieved from /opt/conda/lib/python3.12/site-packages/airflow/example_dags/example_dataset_alias.py
[2025-02-07T12:52:50.308+0000] {logging_mixin.py:190} INFO - [2025-02-07T12:52:50.308+0000] {dag.py:3239} INFO - Sync 4 DAGs
[2025-02-07T12:52:50.317+0000] {logging_mixin.py:190} INFO - [2025-02-07T12:52:50.317+0000] {dag.py:4180} INFO - Setting next_dagrun for dataset_alias_example_alias_consumer to None, run_after=None
[2025-02-07T12:52:50.318+0000] {logging_mixin.py:190} INFO - [2025-02-07T12:52:50.318+0000] {dag.py:4180} INFO - Setting next_dagrun for dataset_alias_example_alias_producer to None, run_after=None
[2025-02-07T12:52:50.319+0000] {logging_mixin.py:190} INFO - [2025-02-07T12:52:50.319+0000] {dag.py:4180} INFO - Setting next_dagrun for dataset_s3_bucket_consumer to None, run_after=None
[2025-02-07T12:52:50.320+0000] {logging_mixin.py:190} INFO - [2025-02-07T12:52:50.319+0000] {dag.py:4180} INFO - Setting next_dagrun for dataset_s3_bucket_producer to None, run_after=None
[2025-02-07T12:52:50.330+0000] {processor.py:208} INFO - Processing /opt/conda/lib/python3.12/site-packages/airflow/example_dags/example_dataset_alias.py took 0.051 seconds
[2025-02-07T13:01:22.067+0000] {processor.py:186} INFO - Started process (PID=8556) to work on /opt/conda/lib/python3.12/site-packages/airflow/example_dags/example_dataset_alias.py
[2025-02-07T13:01:22.068+0000] {processor.py:914} INFO - Processing file /opt/conda/lib/python3.12/site-packages/airflow/example_dags/example_dataset_alias.py for tasks to queue
[2025-02-07T13:01:22.072+0000] {logging_mixin.py:190} INFO - [2025-02-07T13:01:22.071+0000] {dagbag.py:588} INFO - Filling up the DagBag from /opt/conda/lib/python3.12/site-packages/airflow/example_dags/example_dataset_alias.py
[2025-02-07T13:01:22.104+0000] {processor.py:925} INFO - DAG(s) 'dataset_alias_example_alias_producer', 'dataset_s3_bucket_producer', 'dataset_alias_example_alias_consumer', 'dataset_s3_bucket_consumer' retrieved from /opt/conda/lib/python3.12/site-packages/airflow/example_dags/example_dataset_alias.py
[2025-02-07T13:01:22.126+0000] {logging_mixin.py:190} INFO - [2025-02-07T13:01:22.126+0000] {dag.py:3239} INFO - Sync 4 DAGs
[2025-02-07T13:01:22.141+0000] {logging_mixin.py:190} INFO - [2025-02-07T13:01:22.141+0000] {dag.py:4180} INFO - Setting next_dagrun for dataset_alias_example_alias_consumer to None, run_after=None
[2025-02-07T13:01:22.143+0000] {logging_mixin.py:190} INFO - [2025-02-07T13:01:22.143+0000] {dag.py:4180} INFO - Setting next_dagrun for dataset_alias_example_alias_producer to None, run_after=None
[2025-02-07T13:01:22.143+0000] {logging_mixin.py:190} INFO - [2025-02-07T13:01:22.143+0000] {dag.py:4180} INFO - Setting next_dagrun for dataset_s3_bucket_consumer to None, run_after=None
[2025-02-07T13:01:22.144+0000] {logging_mixin.py:190} INFO - [2025-02-07T13:01:22.144+0000] {dag.py:4180} INFO - Setting next_dagrun for dataset_s3_bucket_producer to None, run_after=None
[2025-02-07T13:01:22.160+0000] {processor.py:208} INFO - Processing /opt/conda/lib/python3.12/site-packages/airflow/example_dags/example_dataset_alias.py took 0.099 seconds
[2025-02-07T13:28:00.213+0000] {processor.py:186} INFO - Started process (PID=298) to work on /opt/conda/lib/python3.12/site-packages/airflow/example_dags/example_dataset_alias.py
[2025-02-07T13:28:00.218+0000] {processor.py:914} INFO - Processing file /opt/conda/lib/python3.12/site-packages/airflow/example_dags/example_dataset_alias.py for tasks to queue
[2025-02-07T13:28:00.232+0000] {logging_mixin.py:190} INFO - [2025-02-07T13:28:00.230+0000] {dagbag.py:588} INFO - Filling up the DagBag from /opt/conda/lib/python3.12/site-packages/airflow/example_dags/example_dataset_alias.py
[2025-02-07T13:28:00.625+0000] {processor.py:925} INFO - DAG(s) 'dataset_s3_bucket_consumer', 'dataset_alias_example_alias_consumer', 'dataset_alias_example_alias_producer', 'dataset_s3_bucket_producer' retrieved from /opt/conda/lib/python3.12/site-packages/airflow/example_dags/example_dataset_alias.py
[2025-02-07T13:28:00.713+0000] {logging_mixin.py:190} INFO - [2025-02-07T13:28:00.712+0000] {dag.py:3239} INFO - Sync 4 DAGs
[2025-02-07T13:28:00.785+0000] {logging_mixin.py:190} INFO - [2025-02-07T13:28:00.784+0000] {dag.py:4180} INFO - Setting next_dagrun for dataset_alias_example_alias_consumer to None, run_after=None
[2025-02-07T13:28:00.789+0000] {logging_mixin.py:190} INFO - [2025-02-07T13:28:00.788+0000] {dag.py:4180} INFO - Setting next_dagrun for dataset_alias_example_alias_producer to None, run_after=None
[2025-02-07T13:28:00.790+0000] {logging_mixin.py:190} INFO - [2025-02-07T13:28:00.790+0000] {dag.py:4180} INFO - Setting next_dagrun for dataset_s3_bucket_consumer to None, run_after=None
[2025-02-07T13:28:00.792+0000] {logging_mixin.py:190} INFO - [2025-02-07T13:28:00.792+0000] {dag.py:4180} INFO - Setting next_dagrun for dataset_s3_bucket_producer to None, run_after=None
[2025-02-07T13:28:00.845+0000] {processor.py:208} INFO - Processing /opt/conda/lib/python3.12/site-packages/airflow/example_dags/example_dataset_alias.py took 0.644 seconds
[2025-02-07T13:29:35.814+0000] {processor.py:186} INFO - Started process (PID=390) to work on /opt/conda/lib/python3.12/site-packages/airflow/example_dags/example_dataset_alias.py
[2025-02-07T13:29:35.815+0000] {processor.py:914} INFO - Processing file /opt/conda/lib/python3.12/site-packages/airflow/example_dags/example_dataset_alias.py for tasks to queue
[2025-02-07T13:29:35.817+0000] {logging_mixin.py:190} INFO - [2025-02-07T13:29:35.817+0000] {dagbag.py:588} INFO - Filling up the DagBag from /opt/conda/lib/python3.12/site-packages/airflow/example_dags/example_dataset_alias.py
[2025-02-07T13:29:35.846+0000] {processor.py:925} INFO - DAG(s) 'dataset_alias_example_alias_producer', 'dataset_alias_example_alias_consumer', 'dataset_s3_bucket_producer', 'dataset_s3_bucket_consumer' retrieved from /opt/conda/lib/python3.12/site-packages/airflow/example_dags/example_dataset_alias.py
[2025-02-07T13:29:35.863+0000] {logging_mixin.py:190} INFO - [2025-02-07T13:29:35.863+0000] {dag.py:3239} INFO - Sync 4 DAGs
[2025-02-07T13:29:35.877+0000] {logging_mixin.py:190} INFO - [2025-02-07T13:29:35.877+0000] {dag.py:4180} INFO - Setting next_dagrun for dataset_alias_example_alias_consumer to None, run_after=None
[2025-02-07T13:29:35.878+0000] {logging_mixin.py:190} INFO - [2025-02-07T13:29:35.878+0000] {dag.py:4180} INFO - Setting next_dagrun for dataset_alias_example_alias_producer to None, run_after=None
[2025-02-07T13:29:35.879+0000] {logging_mixin.py:190} INFO - [2025-02-07T13:29:35.879+0000] {dag.py:4180} INFO - Setting next_dagrun for dataset_s3_bucket_consumer to None, run_after=None
[2025-02-07T13:29:35.880+0000] {logging_mixin.py:190} INFO - [2025-02-07T13:29:35.880+0000] {dag.py:4180} INFO - Setting next_dagrun for dataset_s3_bucket_producer to None, run_after=None
[2025-02-07T13:29:35.895+0000] {processor.py:208} INFO - Processing /opt/conda/lib/python3.12/site-packages/airflow/example_dags/example_dataset_alias.py took 0.087 seconds
[2025-02-07T13:30:39.963+0000] {processor.py:186} INFO - Started process (PID=470) to work on /opt/conda/lib/python3.12/site-packages/airflow/example_dags/example_dataset_alias.py
[2025-02-07T13:30:39.964+0000] {processor.py:914} INFO - Processing file /opt/conda/lib/python3.12/site-packages/airflow/example_dags/example_dataset_alias.py for tasks to queue
[2025-02-07T13:30:39.968+0000] {logging_mixin.py:190} INFO - [2025-02-07T13:30:39.967+0000] {dagbag.py:588} INFO - Filling up the DagBag from /opt/conda/lib/python3.12/site-packages/airflow/example_dags/example_dataset_alias.py
[2025-02-07T13:30:39.994+0000] {processor.py:925} INFO - DAG(s) 'dataset_s3_bucket_consumer', 'dataset_alias_example_alias_producer', 'dataset_s3_bucket_producer', 'dataset_alias_example_alias_consumer' retrieved from /opt/conda/lib/python3.12/site-packages/airflow/example_dags/example_dataset_alias.py
[2025-02-07T13:30:40.019+0000] {logging_mixin.py:190} INFO - [2025-02-07T13:30:40.019+0000] {dag.py:3239} INFO - Sync 4 DAGs
[2025-02-07T13:30:40.034+0000] {logging_mixin.py:190} INFO - [2025-02-07T13:30:40.034+0000] {dag.py:4180} INFO - Setting next_dagrun for dataset_alias_example_alias_consumer to None, run_after=None
[2025-02-07T13:30:40.036+0000] {logging_mixin.py:190} INFO - [2025-02-07T13:30:40.036+0000] {dag.py:4180} INFO - Setting next_dagrun for dataset_alias_example_alias_producer to None, run_after=None
[2025-02-07T13:30:40.037+0000] {logging_mixin.py:190} INFO - [2025-02-07T13:30:40.037+0000] {dag.py:4180} INFO - Setting next_dagrun for dataset_s3_bucket_consumer to None, run_after=None
[2025-02-07T13:30:40.038+0000] {logging_mixin.py:190} INFO - [2025-02-07T13:30:40.037+0000] {dag.py:4180} INFO - Setting next_dagrun for dataset_s3_bucket_producer to None, run_after=None
[2025-02-07T13:30:40.058+0000] {processor.py:208} INFO - Processing /opt/conda/lib/python3.12/site-packages/airflow/example_dags/example_dataset_alias.py took 0.100 seconds
[2025-02-07T13:39:03.374+0000] {processor.py:186} INFO - Started process (PID=451) to work on /opt/conda/lib/python3.12/site-packages/airflow/example_dags/example_dataset_alias.py
[2025-02-07T13:39:03.375+0000] {processor.py:914} INFO - Processing file /opt/conda/lib/python3.12/site-packages/airflow/example_dags/example_dataset_alias.py for tasks to queue
[2025-02-07T13:39:03.380+0000] {logging_mixin.py:190} INFO - [2025-02-07T13:39:03.380+0000] {dagbag.py:588} INFO - Filling up the DagBag from /opt/conda/lib/python3.12/site-packages/airflow/example_dags/example_dataset_alias.py
[2025-02-07T13:39:03.400+0000] {processor.py:925} INFO - DAG(s) 'dataset_s3_bucket_producer', 'dataset_s3_bucket_consumer', 'dataset_alias_example_alias_producer', 'dataset_alias_example_alias_consumer' retrieved from /opt/conda/lib/python3.12/site-packages/airflow/example_dags/example_dataset_alias.py
[2025-02-07T13:39:03.419+0000] {logging_mixin.py:190} INFO - [2025-02-07T13:39:03.419+0000] {dag.py:3239} INFO - Sync 4 DAGs
[2025-02-07T13:39:03.431+0000] {logging_mixin.py:190} INFO - [2025-02-07T13:39:03.430+0000] {dag.py:4180} INFO - Setting next_dagrun for dataset_alias_example_alias_consumer to None, run_after=None
[2025-02-07T13:39:03.432+0000] {logging_mixin.py:190} INFO - [2025-02-07T13:39:03.432+0000] {dag.py:4180} INFO - Setting next_dagrun for dataset_alias_example_alias_producer to None, run_after=None
[2025-02-07T13:39:03.433+0000] {logging_mixin.py:190} INFO - [2025-02-07T13:39:03.433+0000] {dag.py:4180} INFO - Setting next_dagrun for dataset_s3_bucket_consumer to None, run_after=None
[2025-02-07T13:39:03.434+0000] {logging_mixin.py:190} INFO - [2025-02-07T13:39:03.434+0000] {dag.py:4180} INFO - Setting next_dagrun for dataset_s3_bucket_producer to None, run_after=None
[2025-02-07T13:39:03.448+0000] {processor.py:208} INFO - Processing /opt/conda/lib/python3.12/site-packages/airflow/example_dags/example_dataset_alias.py took 0.079 seconds
[2025-02-07T13:40:05.292+0000] {processor.py:186} INFO - Started process (PID=522) to work on /opt/conda/lib/python3.12/site-packages/airflow/example_dags/example_dataset_alias.py
[2025-02-07T13:40:05.293+0000] {processor.py:914} INFO - Processing file /opt/conda/lib/python3.12/site-packages/airflow/example_dags/example_dataset_alias.py for tasks to queue
[2025-02-07T13:40:05.295+0000] {logging_mixin.py:190} INFO - [2025-02-07T13:40:05.295+0000] {dagbag.py:588} INFO - Filling up the DagBag from /opt/conda/lib/python3.12/site-packages/airflow/example_dags/example_dataset_alias.py
[2025-02-07T13:40:05.315+0000] {processor.py:925} INFO - DAG(s) 'dataset_s3_bucket_consumer', 'dataset_alias_example_alias_consumer', 'dataset_s3_bucket_producer', 'dataset_alias_example_alias_producer' retrieved from /opt/conda/lib/python3.12/site-packages/airflow/example_dags/example_dataset_alias.py
[2025-02-07T13:40:05.330+0000] {logging_mixin.py:190} INFO - [2025-02-07T13:40:05.330+0000] {dag.py:3239} INFO - Sync 4 DAGs
[2025-02-07T13:40:05.343+0000] {logging_mixin.py:190} INFO - [2025-02-07T13:40:05.343+0000] {dag.py:4180} INFO - Setting next_dagrun for dataset_alias_example_alias_consumer to None, run_after=None
[2025-02-07T13:40:05.345+0000] {logging_mixin.py:190} INFO - [2025-02-07T13:40:05.345+0000] {dag.py:4180} INFO - Setting next_dagrun for dataset_alias_example_alias_producer to None, run_after=None
[2025-02-07T13:40:05.345+0000] {logging_mixin.py:190} INFO - [2025-02-07T13:40:05.345+0000] {dag.py:4180} INFO - Setting next_dagrun for dataset_s3_bucket_consumer to None, run_after=None
[2025-02-07T13:40:05.346+0000] {logging_mixin.py:190} INFO - [2025-02-07T13:40:05.346+0000] {dag.py:4180} INFO - Setting next_dagrun for dataset_s3_bucket_producer to None, run_after=None
[2025-02-07T13:40:05.367+0000] {processor.py:208} INFO - Processing /opt/conda/lib/python3.12/site-packages/airflow/example_dags/example_dataset_alias.py took 0.081 seconds
[2025-02-07T13:41:03.093+0000] {processor.py:186} INFO - Started process (PID=590) to work on /opt/conda/lib/python3.12/site-packages/airflow/example_dags/example_dataset_alias.py
[2025-02-07T13:41:03.093+0000] {processor.py:914} INFO - Processing file /opt/conda/lib/python3.12/site-packages/airflow/example_dags/example_dataset_alias.py for tasks to queue
[2025-02-07T13:41:03.096+0000] {logging_mixin.py:190} INFO - [2025-02-07T13:41:03.095+0000] {dagbag.py:588} INFO - Filling up the DagBag from /opt/conda/lib/python3.12/site-packages/airflow/example_dags/example_dataset_alias.py
[2025-02-07T13:41:03.116+0000] {processor.py:925} INFO - DAG(s) 'dataset_alias_example_alias_producer', 'dataset_s3_bucket_producer', 'dataset_alias_example_alias_consumer', 'dataset_s3_bucket_consumer' retrieved from /opt/conda/lib/python3.12/site-packages/airflow/example_dags/example_dataset_alias.py
[2025-02-07T13:41:03.133+0000] {logging_mixin.py:190} INFO - [2025-02-07T13:41:03.133+0000] {dag.py:3239} INFO - Sync 4 DAGs
[2025-02-07T13:41:03.150+0000] {logging_mixin.py:190} INFO - [2025-02-07T13:41:03.150+0000] {dag.py:4180} INFO - Setting next_dagrun for dataset_alias_example_alias_consumer to None, run_after=None
[2025-02-07T13:41:03.152+0000] {logging_mixin.py:190} INFO - [2025-02-07T13:41:03.152+0000] {dag.py:4180} INFO - Setting next_dagrun for dataset_alias_example_alias_producer to None, run_after=None
[2025-02-07T13:41:03.153+0000] {logging_mixin.py:190} INFO - [2025-02-07T13:41:03.153+0000] {dag.py:4180} INFO - Setting next_dagrun for dataset_s3_bucket_consumer to None, run_after=None
[2025-02-07T13:41:03.153+0000] {logging_mixin.py:190} INFO - [2025-02-07T13:41:03.153+0000] {dag.py:4180} INFO - Setting next_dagrun for dataset_s3_bucket_producer to None, run_after=None
[2025-02-07T13:41:03.170+0000] {processor.py:208} INFO - Processing /opt/conda/lib/python3.12/site-packages/airflow/example_dags/example_dataset_alias.py took 0.083 seconds
[2025-02-07T13:42:01.766+0000] {processor.py:186} INFO - Started process (PID=658) to work on /opt/conda/lib/python3.12/site-packages/airflow/example_dags/example_dataset_alias.py
[2025-02-07T13:42:01.767+0000] {processor.py:914} INFO - Processing file /opt/conda/lib/python3.12/site-packages/airflow/example_dags/example_dataset_alias.py for tasks to queue
[2025-02-07T13:42:01.769+0000] {logging_mixin.py:190} INFO - [2025-02-07T13:42:01.768+0000] {dagbag.py:588} INFO - Filling up the DagBag from /opt/conda/lib/python3.12/site-packages/airflow/example_dags/example_dataset_alias.py
[2025-02-07T13:42:01.783+0000] {processor.py:925} INFO - DAG(s) 'dataset_s3_bucket_producer', 'dataset_alias_example_alias_consumer', 'dataset_s3_bucket_consumer', 'dataset_alias_example_alias_producer' retrieved from /opt/conda/lib/python3.12/site-packages/airflow/example_dags/example_dataset_alias.py
[2025-02-07T13:42:01.801+0000] {logging_mixin.py:190} INFO - [2025-02-07T13:42:01.801+0000] {dag.py:3239} INFO - Sync 4 DAGs
[2025-02-07T13:42:01.814+0000] {logging_mixin.py:190} INFO - [2025-02-07T13:42:01.813+0000] {dag.py:4180} INFO - Setting next_dagrun for dataset_alias_example_alias_consumer to None, run_after=None
[2025-02-07T13:42:01.815+0000] {logging_mixin.py:190} INFO - [2025-02-07T13:42:01.815+0000] {dag.py:4180} INFO - Setting next_dagrun for dataset_alias_example_alias_producer to None, run_after=None
[2025-02-07T13:42:01.816+0000] {logging_mixin.py:190} INFO - [2025-02-07T13:42:01.816+0000] {dag.py:4180} INFO - Setting next_dagrun for dataset_s3_bucket_consumer to None, run_after=None
[2025-02-07T13:42:01.816+0000] {logging_mixin.py:190} INFO - [2025-02-07T13:42:01.816+0000] {dag.py:4180} INFO - Setting next_dagrun for dataset_s3_bucket_producer to None, run_after=None
[2025-02-07T13:42:01.831+0000] {processor.py:208} INFO - Processing /opt/conda/lib/python3.12/site-packages/airflow/example_dags/example_dataset_alias.py took 0.070 seconds
[2025-02-07T13:43:14.684+0000] {processor.py:186} INFO - Started process (PID=841) to work on /opt/conda/lib/python3.12/site-packages/airflow/example_dags/example_dataset_alias.py
[2025-02-07T13:43:14.685+0000] {processor.py:914} INFO - Processing file /opt/conda/lib/python3.12/site-packages/airflow/example_dags/example_dataset_alias.py for tasks to queue
[2025-02-07T13:43:14.687+0000] {logging_mixin.py:190} INFO - [2025-02-07T13:43:14.687+0000] {dagbag.py:588} INFO - Filling up the DagBag from /opt/conda/lib/python3.12/site-packages/airflow/example_dags/example_dataset_alias.py
[2025-02-07T13:43:14.707+0000] {processor.py:925} INFO - DAG(s) 'dataset_s3_bucket_consumer', 'dataset_s3_bucket_producer', 'dataset_alias_example_alias_consumer', 'dataset_alias_example_alias_producer' retrieved from /opt/conda/lib/python3.12/site-packages/airflow/example_dags/example_dataset_alias.py
[2025-02-07T13:43:14.726+0000] {logging_mixin.py:190} INFO - [2025-02-07T13:43:14.725+0000] {dag.py:3239} INFO - Sync 4 DAGs
[2025-02-07T13:43:14.738+0000] {logging_mixin.py:190} INFO - [2025-02-07T13:43:14.738+0000] {dag.py:4180} INFO - Setting next_dagrun for dataset_alias_example_alias_consumer to None, run_after=None
[2025-02-07T13:43:14.739+0000] {logging_mixin.py:190} INFO - [2025-02-07T13:43:14.739+0000] {dag.py:4180} INFO - Setting next_dagrun for dataset_alias_example_alias_producer to None, run_after=None
[2025-02-07T13:43:14.740+0000] {logging_mixin.py:190} INFO - [2025-02-07T13:43:14.740+0000] {dag.py:4180} INFO - Setting next_dagrun for dataset_s3_bucket_consumer to None, run_after=None
[2025-02-07T13:43:14.741+0000] {logging_mixin.py:190} INFO - [2025-02-07T13:43:14.741+0000] {dag.py:4180} INFO - Setting next_dagrun for dataset_s3_bucket_producer to None, run_after=None
[2025-02-07T13:43:14.755+0000] {processor.py:208} INFO - Processing /opt/conda/lib/python3.12/site-packages/airflow/example_dags/example_dataset_alias.py took 0.079 seconds
[2025-02-07T13:44:42.116+0000] {processor.py:186} INFO - Started process (PID=1033) to work on /opt/conda/lib/python3.12/site-packages/airflow/example_dags/example_dataset_alias.py
[2025-02-07T13:44:42.117+0000] {processor.py:914} INFO - Processing file /opt/conda/lib/python3.12/site-packages/airflow/example_dags/example_dataset_alias.py for tasks to queue
[2025-02-07T13:44:42.118+0000] {logging_mixin.py:190} INFO - [2025-02-07T13:44:42.118+0000] {dagbag.py:588} INFO - Filling up the DagBag from /opt/conda/lib/python3.12/site-packages/airflow/example_dags/example_dataset_alias.py
[2025-02-07T13:44:42.137+0000] {processor.py:925} INFO - DAG(s) 'dataset_s3_bucket_consumer', 'dataset_alias_example_alias_consumer', 'dataset_s3_bucket_producer', 'dataset_alias_example_alias_producer' retrieved from /opt/conda/lib/python3.12/site-packages/airflow/example_dags/example_dataset_alias.py
[2025-02-07T13:44:42.154+0000] {logging_mixin.py:190} INFO - [2025-02-07T13:44:42.154+0000] {dag.py:3239} INFO - Sync 4 DAGs
[2025-02-07T13:44:42.167+0000] {logging_mixin.py:190} INFO - [2025-02-07T13:44:42.167+0000] {dag.py:4180} INFO - Setting next_dagrun for dataset_alias_example_alias_consumer to None, run_after=None
[2025-02-07T13:44:42.168+0000] {logging_mixin.py:190} INFO - [2025-02-07T13:44:42.168+0000] {dag.py:4180} INFO - Setting next_dagrun for dataset_alias_example_alias_producer to None, run_after=None
[2025-02-07T13:44:42.169+0000] {logging_mixin.py:190} INFO - [2025-02-07T13:44:42.169+0000] {dag.py:4180} INFO - Setting next_dagrun for dataset_s3_bucket_consumer to None, run_after=None
[2025-02-07T13:44:42.169+0000] {logging_mixin.py:190} INFO - [2025-02-07T13:44:42.169+0000] {dag.py:4180} INFO - Setting next_dagrun for dataset_s3_bucket_producer to None, run_after=None
[2025-02-07T13:44:42.183+0000] {processor.py:208} INFO - Processing /opt/conda/lib/python3.12/site-packages/airflow/example_dags/example_dataset_alias.py took 0.072 seconds
[2025-02-07T13:46:20.440+0000] {processor.py:186} INFO - Started process (PID=1219) to work on /opt/conda/lib/python3.12/site-packages/airflow/example_dags/example_dataset_alias.py
[2025-02-07T13:46:20.443+0000] {processor.py:914} INFO - Processing file /opt/conda/lib/python3.12/site-packages/airflow/example_dags/example_dataset_alias.py for tasks to queue
[2025-02-07T13:46:20.444+0000] {logging_mixin.py:190} INFO - [2025-02-07T13:46:20.444+0000] {dagbag.py:588} INFO - Filling up the DagBag from /opt/conda/lib/python3.12/site-packages/airflow/example_dags/example_dataset_alias.py
[2025-02-07T13:46:20.459+0000] {processor.py:925} INFO - DAG(s) 'dataset_alias_example_alias_consumer', 'dataset_s3_bucket_consumer', 'dataset_alias_example_alias_producer', 'dataset_s3_bucket_producer' retrieved from /opt/conda/lib/python3.12/site-packages/airflow/example_dags/example_dataset_alias.py
[2025-02-07T13:46:20.474+0000] {logging_mixin.py:190} INFO - [2025-02-07T13:46:20.474+0000] {dag.py:3239} INFO - Sync 4 DAGs
[2025-02-07T13:46:20.487+0000] {logging_mixin.py:190} INFO - [2025-02-07T13:46:20.487+0000] {dag.py:4180} INFO - Setting next_dagrun for dataset_alias_example_alias_consumer to None, run_after=None
[2025-02-07T13:46:20.488+0000] {logging_mixin.py:190} INFO - [2025-02-07T13:46:20.488+0000] {dag.py:4180} INFO - Setting next_dagrun for dataset_alias_example_alias_producer to None, run_after=None
[2025-02-07T13:46:20.489+0000] {logging_mixin.py:190} INFO - [2025-02-07T13:46:20.489+0000] {dag.py:4180} INFO - Setting next_dagrun for dataset_s3_bucket_consumer to None, run_after=None
[2025-02-07T13:46:20.490+0000] {logging_mixin.py:190} INFO - [2025-02-07T13:46:20.490+0000] {dag.py:4180} INFO - Setting next_dagrun for dataset_s3_bucket_producer to None, run_after=None
[2025-02-07T13:46:20.512+0000] {processor.py:208} INFO - Processing /opt/conda/lib/python3.12/site-packages/airflow/example_dags/example_dataset_alias.py took 0.084 seconds
[2025-02-07T14:05:38.852+0000] {processor.py:186} INFO - Started process (PID=1777) to work on /opt/conda/lib/python3.12/site-packages/airflow/example_dags/example_dataset_alias.py
[2025-02-07T14:05:38.855+0000] {processor.py:914} INFO - Processing file /opt/conda/lib/python3.12/site-packages/airflow/example_dags/example_dataset_alias.py for tasks to queue
[2025-02-07T14:05:38.857+0000] {logging_mixin.py:190} INFO - [2025-02-07T14:05:38.857+0000] {dagbag.py:588} INFO - Filling up the DagBag from /opt/conda/lib/python3.12/site-packages/airflow/example_dags/example_dataset_alias.py
[2025-02-07T14:05:38.874+0000] {processor.py:925} INFO - DAG(s) 'dataset_alias_example_alias_producer', 'dataset_s3_bucket_consumer', 'dataset_alias_example_alias_consumer', 'dataset_s3_bucket_producer' retrieved from /opt/conda/lib/python3.12/site-packages/airflow/example_dags/example_dataset_alias.py
[2025-02-07T14:05:38.887+0000] {logging_mixin.py:190} INFO - [2025-02-07T14:05:38.887+0000] {dag.py:3239} INFO - Sync 4 DAGs
[2025-02-07T14:05:38.897+0000] {logging_mixin.py:190} INFO - [2025-02-07T14:05:38.897+0000] {dag.py:4180} INFO - Setting next_dagrun for dataset_alias_example_alias_consumer to None, run_after=None
[2025-02-07T14:05:38.898+0000] {logging_mixin.py:190} INFO - [2025-02-07T14:05:38.898+0000] {dag.py:4180} INFO - Setting next_dagrun for dataset_alias_example_alias_producer to None, run_after=None
[2025-02-07T14:05:38.899+0000] {logging_mixin.py:190} INFO - [2025-02-07T14:05:38.899+0000] {dag.py:4180} INFO - Setting next_dagrun for dataset_s3_bucket_consumer to None, run_after=None
[2025-02-07T14:05:38.899+0000] {logging_mixin.py:190} INFO - [2025-02-07T14:05:38.899+0000] {dag.py:4180} INFO - Setting next_dagrun for dataset_s3_bucket_producer to None, run_after=None
[2025-02-07T14:05:38.912+0000] {processor.py:208} INFO - Processing /opt/conda/lib/python3.12/site-packages/airflow/example_dags/example_dataset_alias.py took 0.090 seconds
[2025-02-07T14:06:42.808+0000] {processor.py:186} INFO - Started process (PID=1847) to work on /opt/conda/lib/python3.12/site-packages/airflow/example_dags/example_dataset_alias.py
[2025-02-07T14:06:42.808+0000] {processor.py:914} INFO - Processing file /opt/conda/lib/python3.12/site-packages/airflow/example_dags/example_dataset_alias.py for tasks to queue
[2025-02-07T14:06:42.809+0000] {logging_mixin.py:190} INFO - [2025-02-07T14:06:42.809+0000] {dagbag.py:588} INFO - Filling up the DagBag from /opt/conda/lib/python3.12/site-packages/airflow/example_dags/example_dataset_alias.py
[2025-02-07T14:06:42.830+0000] {processor.py:925} INFO - DAG(s) 'dataset_s3_bucket_producer', 'dataset_alias_example_alias_consumer', 'dataset_alias_example_alias_producer', 'dataset_s3_bucket_consumer' retrieved from /opt/conda/lib/python3.12/site-packages/airflow/example_dags/example_dataset_alias.py
[2025-02-07T14:06:42.852+0000] {logging_mixin.py:190} INFO - [2025-02-07T14:06:42.852+0000] {dag.py:3239} INFO - Sync 4 DAGs
[2025-02-07T14:06:42.867+0000] {logging_mixin.py:190} INFO - [2025-02-07T14:06:42.867+0000] {dag.py:4180} INFO - Setting next_dagrun for dataset_alias_example_alias_consumer to None, run_after=None
[2025-02-07T14:06:42.869+0000] {logging_mixin.py:190} INFO - [2025-02-07T14:06:42.869+0000] {dag.py:4180} INFO - Setting next_dagrun for dataset_alias_example_alias_producer to None, run_after=None
[2025-02-07T14:06:42.870+0000] {logging_mixin.py:190} INFO - [2025-02-07T14:06:42.870+0000] {dag.py:4180} INFO - Setting next_dagrun for dataset_s3_bucket_consumer to None, run_after=None
[2025-02-07T14:06:42.871+0000] {logging_mixin.py:190} INFO - [2025-02-07T14:06:42.871+0000] {dag.py:4180} INFO - Setting next_dagrun for dataset_s3_bucket_producer to None, run_after=None
[2025-02-07T14:06:42.892+0000] {processor.py:208} INFO - Processing /opt/conda/lib/python3.12/site-packages/airflow/example_dags/example_dataset_alias.py took 0.088 seconds
