[2025-02-07T12:06:34.140+0000] {processor.py:186} INFO - Started process (PID=1191) to work on /opt/conda/lib/python3.12/site-packages/airflow/example_dags/example_task_group_decorator.py
[2025-02-07T12:06:34.142+0000] {processor.py:914} INFO - Processing file /opt/conda/lib/python3.12/site-packages/airflow/example_dags/example_task_group_decorator.py for tasks to queue
[2025-02-07T12:06:34.162+0000] {logging_mixin.py:190} INFO - [2025-02-07T12:06:34.160+0000] {dagbag.py:588} INFO - Filling up the DagBag from /opt/conda/lib/python3.12/site-packages/airflow/example_dags/example_task_group_decorator.py
[2025-02-07T12:06:34.200+0000] {processor.py:925} INFO - DAG(s) 'example_task_group_decorator' retrieved from /opt/conda/lib/python3.12/site-packages/airflow/example_dags/example_task_group_decorator.py
[2025-02-07T12:06:34.251+0000] {logging_mixin.py:190} INFO - [2025-02-07T12:06:34.251+0000] {dag.py:3239} INFO - Sync 1 DAGs
[2025-02-07T12:06:34.267+0000] {logging_mixin.py:190} INFO - [2025-02-07T12:06:34.267+0000] {dag.py:4180} INFO - Setting next_dagrun for example_task_group_decorator to None, run_after=None
[2025-02-07T12:06:34.292+0000] {processor.py:208} INFO - Processing /opt/conda/lib/python3.12/site-packages/airflow/example_dags/example_task_group_decorator.py took 0.157 seconds
[2025-02-07T12:19:02.474+0000] {processor.py:186} INFO - Started process (PID=4999) to work on /opt/conda/lib/python3.12/site-packages/airflow/example_dags/example_task_group_decorator.py
[2025-02-07T12:19:02.475+0000] {processor.py:914} INFO - Processing file /opt/conda/lib/python3.12/site-packages/airflow/example_dags/example_task_group_decorator.py for tasks to queue
[2025-02-07T12:19:02.481+0000] {logging_mixin.py:190} INFO - [2025-02-07T12:19:02.480+0000] {dagbag.py:588} INFO - Filling up the DagBag from /opt/conda/lib/python3.12/site-packages/airflow/example_dags/example_task_group_decorator.py
[2025-02-07T12:19:02.519+0000] {processor.py:925} INFO - DAG(s) 'example_task_group_decorator' retrieved from /opt/conda/lib/python3.12/site-packages/airflow/example_dags/example_task_group_decorator.py
[2025-02-07T12:19:02.539+0000] {logging_mixin.py:190} INFO - [2025-02-07T12:19:02.539+0000] {dag.py:3239} INFO - Sync 1 DAGs
[2025-02-07T12:19:02.550+0000] {logging_mixin.py:190} INFO - [2025-02-07T12:19:02.550+0000] {dag.py:4180} INFO - Setting next_dagrun for example_task_group_decorator to None, run_after=None
[2025-02-07T12:19:02.570+0000] {processor.py:208} INFO - Processing /opt/conda/lib/python3.12/site-packages/airflow/example_dags/example_task_group_decorator.py took 0.104 seconds
[2025-02-07T12:30:48.670+0000] {processor.py:186} INFO - Started process (PID=1483) to work on /opt/conda/lib/python3.12/site-packages/airflow/example_dags/example_task_group_decorator.py
[2025-02-07T12:30:48.671+0000] {processor.py:914} INFO - Processing file /opt/conda/lib/python3.12/site-packages/airflow/example_dags/example_task_group_decorator.py for tasks to queue
[2025-02-07T12:30:48.672+0000] {logging_mixin.py:190} INFO - [2025-02-07T12:30:48.672+0000] {dagbag.py:588} INFO - Filling up the DagBag from /opt/conda/lib/python3.12/site-packages/airflow/example_dags/example_task_group_decorator.py
[2025-02-07T12:30:48.687+0000] {processor.py:925} INFO - DAG(s) 'example_task_group_decorator' retrieved from /opt/conda/lib/python3.12/site-packages/airflow/example_dags/example_task_group_decorator.py
[2025-02-07T12:30:48.707+0000] {logging_mixin.py:190} INFO - [2025-02-07T12:30:48.707+0000] {dag.py:3239} INFO - Sync 1 DAGs
[2025-02-07T12:30:48.716+0000] {logging_mixin.py:190} INFO - [2025-02-07T12:30:48.716+0000] {dag.py:4180} INFO - Setting next_dagrun for example_task_group_decorator to None, run_after=None
[2025-02-07T12:30:48.732+0000] {processor.py:208} INFO - Processing /opt/conda/lib/python3.12/site-packages/airflow/example_dags/example_task_group_decorator.py took 0.067 seconds
[2025-02-07T12:32:37.011+0000] {processor.py:186} INFO - Started process (PID=112) to work on /opt/conda/lib/python3.12/site-packages/airflow/example_dags/example_task_group_decorator.py
[2025-02-07T12:32:37.018+0000] {processor.py:914} INFO - Processing file /opt/conda/lib/python3.12/site-packages/airflow/example_dags/example_task_group_decorator.py for tasks to queue
[2025-02-07T12:32:37.041+0000] {logging_mixin.py:190} INFO - [2025-02-07T12:32:37.039+0000] {dagbag.py:588} INFO - Filling up the DagBag from /opt/conda/lib/python3.12/site-packages/airflow/example_dags/example_task_group_decorator.py
[2025-02-07T12:32:37.071+0000] {processor.py:925} INFO - DAG(s) 'example_task_group_decorator' retrieved from /opt/conda/lib/python3.12/site-packages/airflow/example_dags/example_task_group_decorator.py
[2025-02-07T12:32:37.113+0000] {logging_mixin.py:190} INFO - [2025-02-07T12:32:37.113+0000] {dag.py:3239} INFO - Sync 1 DAGs
[2025-02-07T12:32:37.128+0000] {logging_mixin.py:190} INFO - [2025-02-07T12:32:37.128+0000] {dag.py:4180} INFO - Setting next_dagrun for example_task_group_decorator to None, run_after=None
[2025-02-07T12:32:37.149+0000] {processor.py:208} INFO - Processing /opt/conda/lib/python3.12/site-packages/airflow/example_dags/example_task_group_decorator.py took 0.155 seconds
[2025-02-07T12:36:26.541+0000] {processor.py:186} INFO - Started process (PID=90) to work on /opt/conda/lib/python3.12/site-packages/airflow/example_dags/example_task_group_decorator.py
[2025-02-07T12:36:26.547+0000] {processor.py:914} INFO - Processing file /opt/conda/lib/python3.12/site-packages/airflow/example_dags/example_task_group_decorator.py for tasks to queue
[2025-02-07T12:36:26.556+0000] {logging_mixin.py:190} INFO - [2025-02-07T12:36:26.555+0000] {dagbag.py:588} INFO - Filling up the DagBag from /opt/conda/lib/python3.12/site-packages/airflow/example_dags/example_task_group_decorator.py
[2025-02-07T12:36:26.623+0000] {processor.py:925} INFO - DAG(s) 'example_task_group_decorator' retrieved from /opt/conda/lib/python3.12/site-packages/airflow/example_dags/example_task_group_decorator.py
[2025-02-07T12:36:26.684+0000] {logging_mixin.py:190} INFO - [2025-02-07T12:36:26.684+0000] {dag.py:3239} INFO - Sync 1 DAGs
[2025-02-07T12:36:26.721+0000] {logging_mixin.py:190} INFO - [2025-02-07T12:36:26.720+0000] {dag.py:4180} INFO - Setting next_dagrun for example_task_group_decorator to None, run_after=None
[2025-02-07T12:36:26.788+0000] {processor.py:208} INFO - Processing /opt/conda/lib/python3.12/site-packages/airflow/example_dags/example_task_group_decorator.py took 0.275 seconds
[2025-02-07T12:37:35.494+0000] {processor.py:186} INFO - Started process (PID=158) to work on /opt/conda/lib/python3.12/site-packages/airflow/example_dags/example_task_group_decorator.py
[2025-02-07T12:37:35.495+0000] {processor.py:914} INFO - Processing file /opt/conda/lib/python3.12/site-packages/airflow/example_dags/example_task_group_decorator.py for tasks to queue
[2025-02-07T12:37:35.496+0000] {logging_mixin.py:190} INFO - [2025-02-07T12:37:35.496+0000] {dagbag.py:588} INFO - Filling up the DagBag from /opt/conda/lib/python3.12/site-packages/airflow/example_dags/example_task_group_decorator.py
[2025-02-07T12:37:35.506+0000] {processor.py:925} INFO - DAG(s) 'example_task_group_decorator' retrieved from /opt/conda/lib/python3.12/site-packages/airflow/example_dags/example_task_group_decorator.py
[2025-02-07T12:37:35.525+0000] {logging_mixin.py:190} INFO - [2025-02-07T12:37:35.525+0000] {dag.py:3239} INFO - Sync 1 DAGs
[2025-02-07T12:37:35.533+0000] {logging_mixin.py:190} INFO - [2025-02-07T12:37:35.533+0000] {dag.py:4180} INFO - Setting next_dagrun for example_task_group_decorator to None, run_after=None
[2025-02-07T12:37:35.551+0000] {processor.py:208} INFO - Processing /opt/conda/lib/python3.12/site-packages/airflow/example_dags/example_task_group_decorator.py took 0.063 seconds
[2025-02-07T12:38:38.847+0000] {processor.py:186} INFO - Started process (PID=228) to work on /opt/conda/lib/python3.12/site-packages/airflow/example_dags/example_task_group_decorator.py
[2025-02-07T12:38:38.848+0000] {processor.py:914} INFO - Processing file /opt/conda/lib/python3.12/site-packages/airflow/example_dags/example_task_group_decorator.py for tasks to queue
[2025-02-07T12:38:38.850+0000] {logging_mixin.py:190} INFO - [2025-02-07T12:38:38.850+0000] {dagbag.py:588} INFO - Filling up the DagBag from /opt/conda/lib/python3.12/site-packages/airflow/example_dags/example_task_group_decorator.py
[2025-02-07T12:38:38.861+0000] {processor.py:925} INFO - DAG(s) 'example_task_group_decorator' retrieved from /opt/conda/lib/python3.12/site-packages/airflow/example_dags/example_task_group_decorator.py
[2025-02-07T12:38:38.876+0000] {logging_mixin.py:190} INFO - [2025-02-07T12:38:38.876+0000] {dag.py:3239} INFO - Sync 1 DAGs
[2025-02-07T12:38:38.884+0000] {logging_mixin.py:190} INFO - [2025-02-07T12:38:38.884+0000] {dag.py:4180} INFO - Setting next_dagrun for example_task_group_decorator to None, run_after=None
[2025-02-07T12:38:38.898+0000] {processor.py:208} INFO - Processing /opt/conda/lib/python3.12/site-packages/airflow/example_dags/example_task_group_decorator.py took 0.056 seconds
[2025-02-07T12:39:35.966+0000] {processor.py:186} INFO - Started process (PID=296) to work on /opt/conda/lib/python3.12/site-packages/airflow/example_dags/example_task_group_decorator.py
[2025-02-07T12:39:35.967+0000] {processor.py:914} INFO - Processing file /opt/conda/lib/python3.12/site-packages/airflow/example_dags/example_task_group_decorator.py for tasks to queue
[2025-02-07T12:39:35.969+0000] {logging_mixin.py:190} INFO - [2025-02-07T12:39:35.969+0000] {dagbag.py:588} INFO - Filling up the DagBag from /opt/conda/lib/python3.12/site-packages/airflow/example_dags/example_task_group_decorator.py
[2025-02-07T12:39:35.981+0000] {processor.py:925} INFO - DAG(s) 'example_task_group_decorator' retrieved from /opt/conda/lib/python3.12/site-packages/airflow/example_dags/example_task_group_decorator.py
[2025-02-07T12:39:35.996+0000] {logging_mixin.py:190} INFO - [2025-02-07T12:39:35.995+0000] {dag.py:3239} INFO - Sync 1 DAGs
[2025-02-07T12:39:36.004+0000] {logging_mixin.py:190} INFO - [2025-02-07T12:39:36.004+0000] {dag.py:4180} INFO - Setting next_dagrun for example_task_group_decorator to None, run_after=None
[2025-02-07T12:39:36.023+0000] {processor.py:208} INFO - Processing /opt/conda/lib/python3.12/site-packages/airflow/example_dags/example_task_group_decorator.py took 0.063 seconds
[2025-02-07T12:40:32.794+0000] {processor.py:186} INFO - Started process (PID=353) to work on /opt/conda/lib/python3.12/site-packages/airflow/example_dags/example_task_group_decorator.py
[2025-02-07T12:40:32.796+0000] {processor.py:914} INFO - Processing file /opt/conda/lib/python3.12/site-packages/airflow/example_dags/example_task_group_decorator.py for tasks to queue
[2025-02-07T12:40:32.799+0000] {logging_mixin.py:190} INFO - [2025-02-07T12:40:32.799+0000] {dagbag.py:588} INFO - Filling up the DagBag from /opt/conda/lib/python3.12/site-packages/airflow/example_dags/example_task_group_decorator.py
[2025-02-07T12:40:32.815+0000] {processor.py:925} INFO - DAG(s) 'example_task_group_decorator' retrieved from /opt/conda/lib/python3.12/site-packages/airflow/example_dags/example_task_group_decorator.py
[2025-02-07T12:40:32.831+0000] {logging_mixin.py:190} INFO - [2025-02-07T12:40:32.831+0000] {dag.py:3239} INFO - Sync 1 DAGs
[2025-02-07T12:40:32.839+0000] {logging_mixin.py:190} INFO - [2025-02-07T12:40:32.839+0000] {dag.py:4180} INFO - Setting next_dagrun for example_task_group_decorator to None, run_after=None
[2025-02-07T12:40:32.854+0000] {processor.py:208} INFO - Processing /opt/conda/lib/python3.12/site-packages/airflow/example_dags/example_task_group_decorator.py took 0.069 seconds
[2025-02-07T12:43:06.037+0000] {processor.py:186} INFO - Started process (PID=1147) to work on /opt/conda/lib/python3.12/site-packages/airflow/example_dags/example_task_group_decorator.py
[2025-02-07T12:43:06.038+0000] {processor.py:914} INFO - Processing file /opt/conda/lib/python3.12/site-packages/airflow/example_dags/example_task_group_decorator.py for tasks to queue
[2025-02-07T12:43:06.041+0000] {logging_mixin.py:190} INFO - [2025-02-07T12:43:06.041+0000] {dagbag.py:588} INFO - Filling up the DagBag from /opt/conda/lib/python3.12/site-packages/airflow/example_dags/example_task_group_decorator.py
[2025-02-07T12:43:06.058+0000] {processor.py:925} INFO - DAG(s) 'example_task_group_decorator' retrieved from /opt/conda/lib/python3.12/site-packages/airflow/example_dags/example_task_group_decorator.py
[2025-02-07T12:43:06.080+0000] {logging_mixin.py:190} INFO - [2025-02-07T12:43:06.080+0000] {dag.py:3239} INFO - Sync 1 DAGs
[2025-02-07T12:43:06.095+0000] {logging_mixin.py:190} INFO - [2025-02-07T12:43:06.095+0000] {dag.py:4180} INFO - Setting next_dagrun for example_task_group_decorator to None, run_after=None
[2025-02-07T12:43:06.114+0000] {processor.py:208} INFO - Processing /opt/conda/lib/python3.12/site-packages/airflow/example_dags/example_task_group_decorator.py took 0.082 seconds
[2025-02-07T12:48:24.674+0000] {processor.py:186} INFO - Started process (PID=3280) to work on /opt/conda/lib/python3.12/site-packages/airflow/example_dags/example_task_group_decorator.py
[2025-02-07T12:48:24.676+0000] {processor.py:914} INFO - Processing file /opt/conda/lib/python3.12/site-packages/airflow/example_dags/example_task_group_decorator.py for tasks to queue
[2025-02-07T12:48:24.679+0000] {logging_mixin.py:190} INFO - [2025-02-07T12:48:24.679+0000] {dagbag.py:588} INFO - Filling up the DagBag from /opt/conda/lib/python3.12/site-packages/airflow/example_dags/example_task_group_decorator.py
[2025-02-07T12:48:24.712+0000] {processor.py:925} INFO - DAG(s) 'example_task_group_decorator' retrieved from /opt/conda/lib/python3.12/site-packages/airflow/example_dags/example_task_group_decorator.py
[2025-02-07T12:48:24.729+0000] {logging_mixin.py:190} INFO - [2025-02-07T12:48:24.729+0000] {dag.py:3239} INFO - Sync 1 DAGs
[2025-02-07T12:48:24.743+0000] {logging_mixin.py:190} INFO - [2025-02-07T12:48:24.743+0000] {dag.py:4180} INFO - Setting next_dagrun for example_task_group_decorator to None, run_after=None
[2025-02-07T12:48:24.777+0000] {processor.py:208} INFO - Processing /opt/conda/lib/python3.12/site-packages/airflow/example_dags/example_task_group_decorator.py took 0.112 seconds
[2025-02-07T12:56:40.907+0000] {processor.py:186} INFO - Started process (PID=6856) to work on /opt/conda/lib/python3.12/site-packages/airflow/example_dags/example_task_group_decorator.py
[2025-02-07T12:56:40.908+0000] {processor.py:914} INFO - Processing file /opt/conda/lib/python3.12/site-packages/airflow/example_dags/example_task_group_decorator.py for tasks to queue
[2025-02-07T12:56:40.910+0000] {logging_mixin.py:190} INFO - [2025-02-07T12:56:40.910+0000] {dagbag.py:588} INFO - Filling up the DagBag from /opt/conda/lib/python3.12/site-packages/airflow/example_dags/example_task_group_decorator.py
[2025-02-07T12:56:40.923+0000] {processor.py:925} INFO - DAG(s) 'example_task_group_decorator' retrieved from /opt/conda/lib/python3.12/site-packages/airflow/example_dags/example_task_group_decorator.py
[2025-02-07T12:56:40.940+0000] {logging_mixin.py:190} INFO - [2025-02-07T12:56:40.940+0000] {dag.py:3239} INFO - Sync 1 DAGs
[2025-02-07T12:56:40.958+0000] {logging_mixin.py:190} INFO - [2025-02-07T12:56:40.958+0000] {dag.py:4180} INFO - Setting next_dagrun for example_task_group_decorator to None, run_after=None
[2025-02-07T12:56:40.979+0000] {processor.py:208} INFO - Processing /opt/conda/lib/python3.12/site-packages/airflow/example_dags/example_task_group_decorator.py took 0.077 seconds
[2025-02-07T13:04:11.237+0000] {processor.py:186} INFO - Started process (PID=938) to work on /opt/conda/lib/python3.12/site-packages/airflow/example_dags/example_task_group_decorator.py
[2025-02-07T13:04:11.238+0000] {processor.py:914} INFO - Processing file /opt/conda/lib/python3.12/site-packages/airflow/example_dags/example_task_group_decorator.py for tasks to queue
[2025-02-07T13:04:11.240+0000] {logging_mixin.py:190} INFO - [2025-02-07T13:04:11.239+0000] {dagbag.py:588} INFO - Filling up the DagBag from /opt/conda/lib/python3.12/site-packages/airflow/example_dags/example_task_group_decorator.py
[2025-02-07T13:04:11.263+0000] {processor.py:925} INFO - DAG(s) 'example_task_group_decorator' retrieved from /opt/conda/lib/python3.12/site-packages/airflow/example_dags/example_task_group_decorator.py
[2025-02-07T13:04:11.280+0000] {logging_mixin.py:190} INFO - [2025-02-07T13:04:11.280+0000] {dag.py:3239} INFO - Sync 1 DAGs
[2025-02-07T13:04:11.287+0000] {logging_mixin.py:190} INFO - [2025-02-07T13:04:11.287+0000] {dag.py:4180} INFO - Setting next_dagrun for example_task_group_decorator to None, run_after=None
[2025-02-07T13:04:11.301+0000] {processor.py:208} INFO - Processing /opt/conda/lib/python3.12/site-packages/airflow/example_dags/example_task_group_decorator.py took 0.067 seconds
[2025-02-07T13:06:56.650+0000] {processor.py:186} INFO - Started process (PID=376) to work on /opt/conda/lib/python3.12/site-packages/airflow/example_dags/example_task_group_decorator.py
[2025-02-07T13:06:56.653+0000] {processor.py:914} INFO - Processing file /opt/conda/lib/python3.12/site-packages/airflow/example_dags/example_task_group_decorator.py for tasks to queue
[2025-02-07T13:06:56.656+0000] {logging_mixin.py:190} INFO - [2025-02-07T13:06:56.656+0000] {dagbag.py:588} INFO - Filling up the DagBag from /opt/conda/lib/python3.12/site-packages/airflow/example_dags/example_task_group_decorator.py
[2025-02-07T13:06:56.684+0000] {processor.py:925} INFO - DAG(s) 'example_task_group_decorator' retrieved from /opt/conda/lib/python3.12/site-packages/airflow/example_dags/example_task_group_decorator.py
[2025-02-07T13:06:56.756+0000] {logging_mixin.py:190} INFO - [2025-02-07T13:06:56.752+0000] {dag.py:3239} INFO - Sync 1 DAGs
[2025-02-07T13:06:56.982+0000] {logging_mixin.py:190} INFO - [2025-02-07T13:06:56.981+0000] {dag.py:4180} INFO - Setting next_dagrun for example_task_group_decorator to None, run_after=None
[2025-02-07T13:06:57.047+0000] {processor.py:208} INFO - Processing /opt/conda/lib/python3.12/site-packages/airflow/example_dags/example_task_group_decorator.py took 0.400 seconds
[2025-02-07T13:25:39.843+0000] {processor.py:186} INFO - Started process (PID=571) to work on /opt/conda/lib/python3.12/site-packages/airflow/example_dags/example_task_group_decorator.py
[2025-02-07T13:25:39.847+0000] {processor.py:914} INFO - Processing file /opt/conda/lib/python3.12/site-packages/airflow/example_dags/example_task_group_decorator.py for tasks to queue
[2025-02-07T13:25:39.868+0000] {logging_mixin.py:190} INFO - [2025-02-07T13:25:39.865+0000] {dagbag.py:588} INFO - Filling up the DagBag from /opt/conda/lib/python3.12/site-packages/airflow/example_dags/example_task_group_decorator.py
[2025-02-07T13:25:39.923+0000] {processor.py:925} INFO - DAG(s) 'example_task_group_decorator' retrieved from /opt/conda/lib/python3.12/site-packages/airflow/example_dags/example_task_group_decorator.py
[2025-02-07T13:25:40.462+0000] {logging_mixin.py:190} INFO - [2025-02-07T13:25:40.461+0000] {dag.py:3239} INFO - Sync 1 DAGs
[2025-02-07T13:25:40.674+0000] {logging_mixin.py:190} INFO - [2025-02-07T13:25:40.674+0000] {dag.py:4180} INFO - Setting next_dagrun for example_task_group_decorator to None, run_after=None
[2025-02-07T13:25:40.751+0000] {processor.py:208} INFO - Processing /opt/conda/lib/python3.12/site-packages/airflow/example_dags/example_task_group_decorator.py took 0.934 seconds
[2025-02-07T13:27:12.343+0000] {processor.py:186} INFO - Started process (PID=185) to work on /opt/conda/lib/python3.12/site-packages/airflow/example_dags/example_task_group_decorator.py
[2025-02-07T13:27:12.350+0000] {processor.py:914} INFO - Processing file /opt/conda/lib/python3.12/site-packages/airflow/example_dags/example_task_group_decorator.py for tasks to queue
[2025-02-07T13:27:12.353+0000] {logging_mixin.py:190} INFO - [2025-02-07T13:27:12.352+0000] {dagbag.py:588} INFO - Filling up the DagBag from /opt/conda/lib/python3.12/site-packages/airflow/example_dags/example_task_group_decorator.py
[2025-02-07T13:27:12.373+0000] {processor.py:925} INFO - DAG(s) 'example_task_group_decorator' retrieved from /opt/conda/lib/python3.12/site-packages/airflow/example_dags/example_task_group_decorator.py
[2025-02-07T13:27:12.422+0000] {logging_mixin.py:190} INFO - [2025-02-07T13:27:12.422+0000] {dag.py:3239} INFO - Sync 1 DAGs
[2025-02-07T13:27:12.443+0000] {logging_mixin.py:190} INFO - [2025-02-07T13:27:12.442+0000] {dag.py:4180} INFO - Setting next_dagrun for example_task_group_decorator to None, run_after=None
[2025-02-07T13:27:12.474+0000] {processor.py:208} INFO - Processing /opt/conda/lib/python3.12/site-packages/airflow/example_dags/example_task_group_decorator.py took 0.135 seconds
[2025-02-07T13:28:43.954+0000] {processor.py:186} INFO - Started process (PID=338) to work on /opt/conda/lib/python3.12/site-packages/airflow/example_dags/example_task_group_decorator.py
[2025-02-07T13:28:43.959+0000] {processor.py:914} INFO - Processing file /opt/conda/lib/python3.12/site-packages/airflow/example_dags/example_task_group_decorator.py for tasks to queue
[2025-02-07T13:28:43.968+0000] {logging_mixin.py:190} INFO - [2025-02-07T13:28:43.967+0000] {dagbag.py:588} INFO - Filling up the DagBag from /opt/conda/lib/python3.12/site-packages/airflow/example_dags/example_task_group_decorator.py
[2025-02-07T13:28:43.991+0000] {processor.py:925} INFO - DAG(s) 'example_task_group_decorator' retrieved from /opt/conda/lib/python3.12/site-packages/airflow/example_dags/example_task_group_decorator.py
[2025-02-07T13:28:44.012+0000] {logging_mixin.py:190} INFO - [2025-02-07T13:28:44.012+0000] {dag.py:3239} INFO - Sync 1 DAGs
[2025-02-07T13:28:44.034+0000] {logging_mixin.py:190} INFO - [2025-02-07T13:28:44.034+0000] {dag.py:4180} INFO - Setting next_dagrun for example_task_group_decorator to None, run_after=None
[2025-02-07T13:28:44.056+0000] {processor.py:208} INFO - Processing /opt/conda/lib/python3.12/site-packages/airflow/example_dags/example_task_group_decorator.py took 0.133 seconds
[2025-02-07T13:30:01.686+0000] {processor.py:186} INFO - Started process (PID=423) to work on /opt/conda/lib/python3.12/site-packages/airflow/example_dags/example_task_group_decorator.py
[2025-02-07T13:30:01.687+0000] {processor.py:914} INFO - Processing file /opt/conda/lib/python3.12/site-packages/airflow/example_dags/example_task_group_decorator.py for tasks to queue
[2025-02-07T13:30:01.690+0000] {logging_mixin.py:190} INFO - [2025-02-07T13:30:01.689+0000] {dagbag.py:588} INFO - Filling up the DagBag from /opt/conda/lib/python3.12/site-packages/airflow/example_dags/example_task_group_decorator.py
[2025-02-07T13:30:01.702+0000] {processor.py:925} INFO - DAG(s) 'example_task_group_decorator' retrieved from /opt/conda/lib/python3.12/site-packages/airflow/example_dags/example_task_group_decorator.py
[2025-02-07T13:30:01.718+0000] {logging_mixin.py:190} INFO - [2025-02-07T13:30:01.718+0000] {dag.py:3239} INFO - Sync 1 DAGs
[2025-02-07T13:30:01.727+0000] {logging_mixin.py:190} INFO - [2025-02-07T13:30:01.727+0000] {dag.py:4180} INFO - Setting next_dagrun for example_task_group_decorator to None, run_after=None
[2025-02-07T13:30:01.742+0000] {processor.py:208} INFO - Processing /opt/conda/lib/python3.12/site-packages/airflow/example_dags/example_task_group_decorator.py took 0.066 seconds
[2025-02-07T13:33:09.688+0000] {processor.py:186} INFO - Started process (PID=304) to work on /opt/conda/lib/python3.12/site-packages/airflow/example_dags/example_task_group_decorator.py
[2025-02-07T13:33:09.690+0000] {processor.py:914} INFO - Processing file /opt/conda/lib/python3.12/site-packages/airflow/example_dags/example_task_group_decorator.py for tasks to queue
[2025-02-07T13:33:09.694+0000] {logging_mixin.py:190} INFO - [2025-02-07T13:33:09.694+0000] {dagbag.py:588} INFO - Filling up the DagBag from /opt/conda/lib/python3.12/site-packages/airflow/example_dags/example_task_group_decorator.py
[2025-02-07T13:33:09.722+0000] {processor.py:925} INFO - DAG(s) 'example_task_group_decorator' retrieved from /opt/conda/lib/python3.12/site-packages/airflow/example_dags/example_task_group_decorator.py
[2025-02-07T13:33:09.750+0000] {logging_mixin.py:190} INFO - [2025-02-07T13:33:09.749+0000] {dag.py:3239} INFO - Sync 1 DAGs
[2025-02-07T13:33:09.763+0000] {logging_mixin.py:190} INFO - [2025-02-07T13:33:09.763+0000] {dag.py:4180} INFO - Setting next_dagrun for example_task_group_decorator to None, run_after=None
[2025-02-07T13:33:09.786+0000] {processor.py:208} INFO - Processing /opt/conda/lib/python3.12/site-packages/airflow/example_dags/example_task_group_decorator.py took 0.106 seconds
[2025-02-07T13:34:59.250+0000] {processor.py:186} INFO - Started process (PID=194) to work on /opt/conda/lib/python3.12/site-packages/airflow/example_dags/example_task_group_decorator.py
[2025-02-07T13:34:59.252+0000] {processor.py:914} INFO - Processing file /opt/conda/lib/python3.12/site-packages/airflow/example_dags/example_task_group_decorator.py for tasks to queue
[2025-02-07T13:34:59.258+0000] {logging_mixin.py:190} INFO - [2025-02-07T13:34:59.257+0000] {dagbag.py:588} INFO - Filling up the DagBag from /opt/conda/lib/python3.12/site-packages/airflow/example_dags/example_task_group_decorator.py
[2025-02-07T13:34:59.309+0000] {processor.py:925} INFO - DAG(s) 'example_task_group_decorator' retrieved from /opt/conda/lib/python3.12/site-packages/airflow/example_dags/example_task_group_decorator.py
[2025-02-07T13:34:59.331+0000] {logging_mixin.py:190} INFO - [2025-02-07T13:34:59.330+0000] {dag.py:3239} INFO - Sync 1 DAGs
[2025-02-07T13:34:59.341+0000] {logging_mixin.py:190} INFO - [2025-02-07T13:34:59.341+0000] {dag.py:4180} INFO - Setting next_dagrun for example_task_group_decorator to None, run_after=None
[2025-02-07T13:34:59.375+0000] {processor.py:208} INFO - Processing /opt/conda/lib/python3.12/site-packages/airflow/example_dags/example_task_group_decorator.py took 0.130 seconds
[2025-02-07T13:38:08.751+0000] {processor.py:186} INFO - Started process (PID=309) to work on /opt/conda/lib/python3.12/site-packages/airflow/example_dags/example_task_group_decorator.py
[2025-02-07T13:38:08.753+0000] {processor.py:914} INFO - Processing file /opt/conda/lib/python3.12/site-packages/airflow/example_dags/example_task_group_decorator.py for tasks to queue
[2025-02-07T13:38:08.759+0000] {logging_mixin.py:190} INFO - [2025-02-07T13:38:08.757+0000] {dagbag.py:588} INFO - Filling up the DagBag from /opt/conda/lib/python3.12/site-packages/airflow/example_dags/example_task_group_decorator.py
[2025-02-07T13:38:08.800+0000] {processor.py:925} INFO - DAG(s) 'example_task_group_decorator' retrieved from /opt/conda/lib/python3.12/site-packages/airflow/example_dags/example_task_group_decorator.py
[2025-02-07T13:38:08.848+0000] {logging_mixin.py:190} INFO - [2025-02-07T13:38:08.847+0000] {dag.py:3239} INFO - Sync 1 DAGs
[2025-02-07T13:38:08.869+0000] {logging_mixin.py:190} INFO - [2025-02-07T13:38:08.869+0000] {dag.py:4180} INFO - Setting next_dagrun for example_task_group_decorator to None, run_after=None
[2025-02-07T13:38:08.961+0000] {processor.py:208} INFO - Processing /opt/conda/lib/python3.12/site-packages/airflow/example_dags/example_task_group_decorator.py took 0.214 seconds
[2025-02-07T13:39:30.369+0000] {processor.py:186} INFO - Started process (PID=487) to work on /opt/conda/lib/python3.12/site-packages/airflow/example_dags/example_task_group_decorator.py
[2025-02-07T13:39:30.370+0000] {processor.py:914} INFO - Processing file /opt/conda/lib/python3.12/site-packages/airflow/example_dags/example_task_group_decorator.py for tasks to queue
[2025-02-07T13:39:30.373+0000] {logging_mixin.py:190} INFO - [2025-02-07T13:39:30.373+0000] {dagbag.py:588} INFO - Filling up the DagBag from /opt/conda/lib/python3.12/site-packages/airflow/example_dags/example_task_group_decorator.py
[2025-02-07T13:39:30.387+0000] {processor.py:925} INFO - DAG(s) 'example_task_group_decorator' retrieved from /opt/conda/lib/python3.12/site-packages/airflow/example_dags/example_task_group_decorator.py
[2025-02-07T13:39:30.403+0000] {logging_mixin.py:190} INFO - [2025-02-07T13:39:30.403+0000] {dag.py:3239} INFO - Sync 1 DAGs
[2025-02-07T13:39:30.412+0000] {logging_mixin.py:190} INFO - [2025-02-07T13:39:30.412+0000] {dag.py:4180} INFO - Setting next_dagrun for example_task_group_decorator to None, run_after=None
[2025-02-07T13:39:30.444+0000] {processor.py:208} INFO - Processing /opt/conda/lib/python3.12/site-packages/airflow/example_dags/example_task_group_decorator.py took 0.082 seconds
[2025-02-07T13:40:29.382+0000] {processor.py:186} INFO - Started process (PID=555) to work on /opt/conda/lib/python3.12/site-packages/airflow/example_dags/example_task_group_decorator.py
[2025-02-07T13:40:29.383+0000] {processor.py:914} INFO - Processing file /opt/conda/lib/python3.12/site-packages/airflow/example_dags/example_task_group_decorator.py for tasks to queue
[2025-02-07T13:40:29.386+0000] {logging_mixin.py:190} INFO - [2025-02-07T13:40:29.385+0000] {dagbag.py:588} INFO - Filling up the DagBag from /opt/conda/lib/python3.12/site-packages/airflow/example_dags/example_task_group_decorator.py
[2025-02-07T13:40:29.398+0000] {processor.py:925} INFO - DAG(s) 'example_task_group_decorator' retrieved from /opt/conda/lib/python3.12/site-packages/airflow/example_dags/example_task_group_decorator.py
[2025-02-07T13:40:29.417+0000] {logging_mixin.py:190} INFO - [2025-02-07T13:40:29.416+0000] {dag.py:3239} INFO - Sync 1 DAGs
[2025-02-07T13:40:29.424+0000] {logging_mixin.py:190} INFO - [2025-02-07T13:40:29.424+0000] {dag.py:4180} INFO - Setting next_dagrun for example_task_group_decorator to None, run_after=None
[2025-02-07T13:40:29.438+0000] {processor.py:208} INFO - Processing /opt/conda/lib/python3.12/site-packages/airflow/example_dags/example_task_group_decorator.py took 0.062 seconds
[2025-02-07T13:41:26.377+0000] {processor.py:186} INFO - Started process (PID=622) to work on /opt/conda/lib/python3.12/site-packages/airflow/example_dags/example_task_group_decorator.py
[2025-02-07T13:41:26.378+0000] {processor.py:914} INFO - Processing file /opt/conda/lib/python3.12/site-packages/airflow/example_dags/example_task_group_decorator.py for tasks to queue
[2025-02-07T13:41:26.380+0000] {logging_mixin.py:190} INFO - [2025-02-07T13:41:26.380+0000] {dagbag.py:588} INFO - Filling up the DagBag from /opt/conda/lib/python3.12/site-packages/airflow/example_dags/example_task_group_decorator.py
[2025-02-07T13:41:26.398+0000] {processor.py:925} INFO - DAG(s) 'example_task_group_decorator' retrieved from /opt/conda/lib/python3.12/site-packages/airflow/example_dags/example_task_group_decorator.py
[2025-02-07T13:41:26.413+0000] {logging_mixin.py:190} INFO - [2025-02-07T13:41:26.413+0000] {dag.py:3239} INFO - Sync 1 DAGs
[2025-02-07T13:41:26.421+0000] {logging_mixin.py:190} INFO - [2025-02-07T13:41:26.421+0000] {dag.py:4180} INFO - Setting next_dagrun for example_task_group_decorator to None, run_after=None
[2025-02-07T13:41:26.444+0000] {processor.py:208} INFO - Processing /opt/conda/lib/python3.12/site-packages/airflow/example_dags/example_task_group_decorator.py took 0.073 seconds
[2025-02-07T13:42:35.443+0000] {processor.py:186} INFO - Started process (PID=790) to work on /opt/conda/lib/python3.12/site-packages/airflow/example_dags/example_task_group_decorator.py
[2025-02-07T13:42:35.444+0000] {processor.py:914} INFO - Processing file /opt/conda/lib/python3.12/site-packages/airflow/example_dags/example_task_group_decorator.py for tasks to queue
[2025-02-07T13:42:35.447+0000] {logging_mixin.py:190} INFO - [2025-02-07T13:42:35.447+0000] {dagbag.py:588} INFO - Filling up the DagBag from /opt/conda/lib/python3.12/site-packages/airflow/example_dags/example_task_group_decorator.py
[2025-02-07T13:42:35.459+0000] {processor.py:925} INFO - DAG(s) 'example_task_group_decorator' retrieved from /opt/conda/lib/python3.12/site-packages/airflow/example_dags/example_task_group_decorator.py
[2025-02-07T13:42:35.474+0000] {logging_mixin.py:190} INFO - [2025-02-07T13:42:35.474+0000] {dag.py:3239} INFO - Sync 1 DAGs
[2025-02-07T13:42:35.483+0000] {logging_mixin.py:190} INFO - [2025-02-07T13:42:35.483+0000] {dag.py:4180} INFO - Setting next_dagrun for example_task_group_decorator to None, run_after=None
[2025-02-07T13:42:35.499+0000] {processor.py:208} INFO - Processing /opt/conda/lib/python3.12/site-packages/airflow/example_dags/example_task_group_decorator.py took 0.064 seconds
[2025-02-07T13:43:36.472+0000] {processor.py:186} INFO - Started process (PID=863) to work on /opt/conda/lib/python3.12/site-packages/airflow/example_dags/example_task_group_decorator.py
[2025-02-07T13:43:36.473+0000] {processor.py:914} INFO - Processing file /opt/conda/lib/python3.12/site-packages/airflow/example_dags/example_task_group_decorator.py for tasks to queue
[2025-02-07T13:43:36.475+0000] {logging_mixin.py:190} INFO - [2025-02-07T13:43:36.474+0000] {dagbag.py:588} INFO - Filling up the DagBag from /opt/conda/lib/python3.12/site-packages/airflow/example_dags/example_task_group_decorator.py
[2025-02-07T13:43:36.487+0000] {processor.py:925} INFO - DAG(s) 'example_task_group_decorator' retrieved from /opt/conda/lib/python3.12/site-packages/airflow/example_dags/example_task_group_decorator.py
[2025-02-07T13:43:36.503+0000] {logging_mixin.py:190} INFO - [2025-02-07T13:43:36.503+0000] {dag.py:3239} INFO - Sync 1 DAGs
[2025-02-07T13:43:36.512+0000] {logging_mixin.py:190} INFO - [2025-02-07T13:43:36.512+0000] {dag.py:4180} INFO - Setting next_dagrun for example_task_group_decorator to None, run_after=None
[2025-02-07T13:43:36.526+0000] {processor.py:208} INFO - Processing /opt/conda/lib/python3.12/site-packages/airflow/example_dags/example_task_group_decorator.py took 0.063 seconds
[2025-02-07T13:45:30.044+0000] {processor.py:186} INFO - Started process (PID=1165) to work on /opt/conda/lib/python3.12/site-packages/airflow/example_dags/example_task_group_decorator.py
[2025-02-07T13:45:30.046+0000] {processor.py:914} INFO - Processing file /opt/conda/lib/python3.12/site-packages/airflow/example_dags/example_task_group_decorator.py for tasks to queue
[2025-02-07T13:45:30.051+0000] {logging_mixin.py:190} INFO - [2025-02-07T13:45:30.050+0000] {dagbag.py:588} INFO - Filling up the DagBag from /opt/conda/lib/python3.12/site-packages/airflow/example_dags/example_task_group_decorator.py
[2025-02-07T13:45:30.071+0000] {processor.py:925} INFO - DAG(s) 'example_task_group_decorator' retrieved from /opt/conda/lib/python3.12/site-packages/airflow/example_dags/example_task_group_decorator.py
[2025-02-07T13:45:30.096+0000] {logging_mixin.py:190} INFO - [2025-02-07T13:45:30.096+0000] {dag.py:3239} INFO - Sync 1 DAGs
[2025-02-07T13:45:30.113+0000] {logging_mixin.py:190} INFO - [2025-02-07T13:45:30.113+0000] {dag.py:4180} INFO - Setting next_dagrun for example_task_group_decorator to None, run_after=None
[2025-02-07T13:45:30.192+0000] {processor.py:208} INFO - Processing /opt/conda/lib/python3.12/site-packages/airflow/example_dags/example_task_group_decorator.py took 0.180 seconds
[2025-02-07T13:47:58.423+0000] {processor.py:186} INFO - Started process (PID=1376) to work on /opt/conda/lib/python3.12/site-packages/airflow/example_dags/example_task_group_decorator.py
[2025-02-07T13:47:58.425+0000] {processor.py:914} INFO - Processing file /opt/conda/lib/python3.12/site-packages/airflow/example_dags/example_task_group_decorator.py for tasks to queue
[2025-02-07T13:47:58.431+0000] {logging_mixin.py:190} INFO - [2025-02-07T13:47:58.430+0000] {dagbag.py:588} INFO - Filling up the DagBag from /opt/conda/lib/python3.12/site-packages/airflow/example_dags/example_task_group_decorator.py
[2025-02-07T13:47:58.481+0000] {processor.py:925} INFO - DAG(s) 'example_task_group_decorator' retrieved from /opt/conda/lib/python3.12/site-packages/airflow/example_dags/example_task_group_decorator.py
[2025-02-07T13:47:58.518+0000] {logging_mixin.py:190} INFO - [2025-02-07T13:47:58.518+0000] {dag.py:3239} INFO - Sync 1 DAGs
[2025-02-07T13:47:58.533+0000] {logging_mixin.py:190} INFO - [2025-02-07T13:47:58.533+0000] {dag.py:4180} INFO - Setting next_dagrun for example_task_group_decorator to None, run_after=None
[2025-02-07T13:47:58.604+0000] {processor.py:208} INFO - Processing /opt/conda/lib/python3.12/site-packages/airflow/example_dags/example_task_group_decorator.py took 0.192 seconds
[2025-02-07T14:04:27.729+0000] {processor.py:186} INFO - Started process (PID=1391) to work on /opt/conda/lib/python3.12/site-packages/airflow/example_dags/example_task_group_decorator.py
[2025-02-07T14:04:27.730+0000] {processor.py:914} INFO - Processing file /opt/conda/lib/python3.12/site-packages/airflow/example_dags/example_task_group_decorator.py for tasks to queue
[2025-02-07T14:04:27.730+0000] {logging_mixin.py:190} INFO - [2025-02-07T14:04:27.730+0000] {dagbag.py:588} INFO - Filling up the DagBag from /opt/conda/lib/python3.12/site-packages/airflow/example_dags/example_task_group_decorator.py
[2025-02-07T14:04:27.740+0000] {processor.py:925} INFO - DAG(s) 'example_task_group_decorator' retrieved from /opt/conda/lib/python3.12/site-packages/airflow/example_dags/example_task_group_decorator.py
[2025-02-07T14:04:27.751+0000] {logging_mixin.py:190} INFO - [2025-02-07T14:04:27.751+0000] {dag.py:3239} INFO - Sync 1 DAGs
[2025-02-07T14:04:27.757+0000] {logging_mixin.py:190} INFO - [2025-02-07T14:04:27.757+0000] {dag.py:4180} INFO - Setting next_dagrun for example_task_group_decorator to None, run_after=None
[2025-02-07T14:04:27.776+0000] {processor.py:208} INFO - Processing /opt/conda/lib/python3.12/site-packages/airflow/example_dags/example_task_group_decorator.py took 0.050 seconds
[2025-02-07T14:06:07.449+0000] {processor.py:186} INFO - Started process (PID=1813) to work on /opt/conda/lib/python3.12/site-packages/airflow/example_dags/example_task_group_decorator.py
[2025-02-07T14:06:07.451+0000] {processor.py:914} INFO - Processing file /opt/conda/lib/python3.12/site-packages/airflow/example_dags/example_task_group_decorator.py for tasks to queue
[2025-02-07T14:06:07.453+0000] {logging_mixin.py:190} INFO - [2025-02-07T14:06:07.452+0000] {dagbag.py:588} INFO - Filling up the DagBag from /opt/conda/lib/python3.12/site-packages/airflow/example_dags/example_task_group_decorator.py
[2025-02-07T14:06:07.469+0000] {processor.py:925} INFO - DAG(s) 'example_task_group_decorator' retrieved from /opt/conda/lib/python3.12/site-packages/airflow/example_dags/example_task_group_decorator.py
[2025-02-07T14:06:07.496+0000] {logging_mixin.py:190} INFO - [2025-02-07T14:06:07.496+0000] {dag.py:3239} INFO - Sync 1 DAGs
[2025-02-07T14:06:07.510+0000] {logging_mixin.py:190} INFO - [2025-02-07T14:06:07.509+0000] {dag.py:4180} INFO - Setting next_dagrun for example_task_group_decorator to None, run_after=None
[2025-02-07T14:06:07.544+0000] {processor.py:208} INFO - Processing /opt/conda/lib/python3.12/site-packages/airflow/example_dags/example_task_group_decorator.py took 0.105 seconds
[2025-02-07T14:07:29.811+0000] {processor.py:186} INFO - Started process (PID=2001) to work on /opt/conda/lib/python3.12/site-packages/airflow/example_dags/example_task_group_decorator.py
[2025-02-07T14:07:29.816+0000] {processor.py:914} INFO - Processing file /opt/conda/lib/python3.12/site-packages/airflow/example_dags/example_task_group_decorator.py for tasks to queue
[2025-02-07T14:07:29.817+0000] {logging_mixin.py:190} INFO - [2025-02-07T14:07:29.817+0000] {dagbag.py:588} INFO - Filling up the DagBag from /opt/conda/lib/python3.12/site-packages/airflow/example_dags/example_task_group_decorator.py
[2025-02-07T14:07:29.829+0000] {processor.py:925} INFO - DAG(s) 'example_task_group_decorator' retrieved from /opt/conda/lib/python3.12/site-packages/airflow/example_dags/example_task_group_decorator.py
[2025-02-07T14:07:29.843+0000] {logging_mixin.py:190} INFO - [2025-02-07T14:07:29.843+0000] {dag.py:3239} INFO - Sync 1 DAGs
[2025-02-07T14:07:29.850+0000] {logging_mixin.py:190} INFO - [2025-02-07T14:07:29.850+0000] {dag.py:4180} INFO - Setting next_dagrun for example_task_group_decorator to None, run_after=None
[2025-02-07T14:07:29.866+0000] {processor.py:208} INFO - Processing /opt/conda/lib/python3.12/site-packages/airflow/example_dags/example_task_group_decorator.py took 0.064 seconds
