[2025-02-07T12:04:28.899+0000] {processor.py:186} INFO - Started process (PID=674) to work on /opt/conda/lib/python3.12/site-packages/airflow/example_dags/tutorial_taskflow_api.py
[2025-02-07T12:04:28.899+0000] {processor.py:914} INFO - Processing file /opt/conda/lib/python3.12/site-packages/airflow/example_dags/tutorial_taskflow_api.py for tasks to queue
[2025-02-07T12:04:28.901+0000] {logging_mixin.py:190} INFO - [2025-02-07T12:04:28.901+0000] {dagbag.py:588} INFO - Filling up the DagBag from /opt/conda/lib/python3.12/site-packages/airflow/example_dags/tutorial_taskflow_api.py
[2025-02-07T12:04:28.909+0000] {processor.py:925} INFO - DAG(s) 'tutorial_taskflow_api' retrieved from /opt/conda/lib/python3.12/site-packages/airflow/example_dags/tutorial_taskflow_api.py
[2025-02-07T12:04:29.115+0000] {logging_mixin.py:190} INFO - [2025-02-07T12:04:29.115+0000] {dag.py:3239} INFO - Sync 1 DAGs
[2025-02-07T12:04:29.124+0000] {logging_mixin.py:190} INFO - [2025-02-07T12:04:29.124+0000] {dag.py:4180} INFO - Setting next_dagrun for tutorial_taskflow_api to None, run_after=None
[2025-02-07T12:04:29.143+0000] {processor.py:208} INFO - Processing /opt/conda/lib/python3.12/site-packages/airflow/example_dags/tutorial_taskflow_api.py took 0.249 seconds
[2025-02-07T12:16:49.167+0000] {processor.py:186} INFO - Started process (PID=4285) to work on /opt/conda/lib/python3.12/site-packages/airflow/example_dags/tutorial_taskflow_api.py
[2025-02-07T12:16:49.168+0000] {processor.py:914} INFO - Processing file /opt/conda/lib/python3.12/site-packages/airflow/example_dags/tutorial_taskflow_api.py for tasks to queue
[2025-02-07T12:16:49.170+0000] {logging_mixin.py:190} INFO - [2025-02-07T12:16:49.170+0000] {dagbag.py:588} INFO - Filling up the DagBag from /opt/conda/lib/python3.12/site-packages/airflow/example_dags/tutorial_taskflow_api.py
[2025-02-07T12:16:49.178+0000] {processor.py:925} INFO - DAG(s) 'tutorial_taskflow_api' retrieved from /opt/conda/lib/python3.12/site-packages/airflow/example_dags/tutorial_taskflow_api.py
[2025-02-07T12:16:49.191+0000] {logging_mixin.py:190} INFO - [2025-02-07T12:16:49.191+0000] {dag.py:3239} INFO - Sync 1 DAGs
[2025-02-07T12:16:49.200+0000] {logging_mixin.py:190} INFO - [2025-02-07T12:16:49.200+0000] {dag.py:4180} INFO - Setting next_dagrun for tutorial_taskflow_api to None, run_after=None
[2025-02-07T12:16:49.219+0000] {processor.py:208} INFO - Processing /opt/conda/lib/python3.12/site-packages/airflow/example_dags/tutorial_taskflow_api.py took 0.057 seconds
[2025-02-07T12:29:33.601+0000] {processor.py:186} INFO - Started process (PID=967) to work on /opt/conda/lib/python3.12/site-packages/airflow/example_dags/tutorial_taskflow_api.py
[2025-02-07T12:29:33.602+0000] {processor.py:914} INFO - Processing file /opt/conda/lib/python3.12/site-packages/airflow/example_dags/tutorial_taskflow_api.py for tasks to queue
[2025-02-07T12:29:33.603+0000] {logging_mixin.py:190} INFO - [2025-02-07T12:29:33.603+0000] {dagbag.py:588} INFO - Filling up the DagBag from /opt/conda/lib/python3.12/site-packages/airflow/example_dags/tutorial_taskflow_api.py
[2025-02-07T12:29:33.608+0000] {processor.py:925} INFO - DAG(s) 'tutorial_taskflow_api' retrieved from /opt/conda/lib/python3.12/site-packages/airflow/example_dags/tutorial_taskflow_api.py
[2025-02-07T12:29:33.629+0000] {logging_mixin.py:190} INFO - [2025-02-07T12:29:33.629+0000] {dag.py:3239} INFO - Sync 1 DAGs
[2025-02-07T12:29:33.638+0000] {logging_mixin.py:190} INFO - [2025-02-07T12:29:33.638+0000] {dag.py:4180} INFO - Setting next_dagrun for tutorial_taskflow_api to None, run_after=None
[2025-02-07T12:29:33.657+0000] {processor.py:208} INFO - Processing /opt/conda/lib/python3.12/site-packages/airflow/example_dags/tutorial_taskflow_api.py took 0.061 seconds
[2025-02-07T12:32:24.812+0000] {processor.py:186} INFO - Started process (PID=102) to work on /opt/conda/lib/python3.12/site-packages/airflow/example_dags/tutorial_taskflow_api.py
[2025-02-07T12:32:24.815+0000] {processor.py:914} INFO - Processing file /opt/conda/lib/python3.12/site-packages/airflow/example_dags/tutorial_taskflow_api.py for tasks to queue
[2025-02-07T12:32:24.819+0000] {logging_mixin.py:190} INFO - [2025-02-07T12:32:24.818+0000] {dagbag.py:588} INFO - Filling up the DagBag from /opt/conda/lib/python3.12/site-packages/airflow/example_dags/tutorial_taskflow_api.py
[2025-02-07T12:32:24.830+0000] {processor.py:925} INFO - DAG(s) 'tutorial_taskflow_api' retrieved from /opt/conda/lib/python3.12/site-packages/airflow/example_dags/tutorial_taskflow_api.py
[2025-02-07T12:32:24.868+0000] {logging_mixin.py:190} INFO - [2025-02-07T12:32:24.868+0000] {dag.py:3239} INFO - Sync 1 DAGs
[2025-02-07T12:32:24.879+0000] {logging_mixin.py:190} INFO - [2025-02-07T12:32:24.879+0000] {dag.py:4180} INFO - Setting next_dagrun for tutorial_taskflow_api to None, run_after=None
[2025-02-07T12:32:24.906+0000] {processor.py:208} INFO - Processing /opt/conda/lib/python3.12/site-packages/airflow/example_dags/tutorial_taskflow_api.py took 0.108 seconds
[2025-02-07T12:36:13.496+0000] {processor.py:186} INFO - Started process (PID=80) to work on /opt/conda/lib/python3.12/site-packages/airflow/example_dags/tutorial_taskflow_api.py
[2025-02-07T12:36:13.497+0000] {processor.py:914} INFO - Processing file /opt/conda/lib/python3.12/site-packages/airflow/example_dags/tutorial_taskflow_api.py for tasks to queue
[2025-02-07T12:36:13.501+0000] {logging_mixin.py:190} INFO - [2025-02-07T12:36:13.500+0000] {dagbag.py:588} INFO - Filling up the DagBag from /opt/conda/lib/python3.12/site-packages/airflow/example_dags/tutorial_taskflow_api.py
[2025-02-07T12:36:13.511+0000] {processor.py:925} INFO - DAG(s) 'tutorial_taskflow_api' retrieved from /opt/conda/lib/python3.12/site-packages/airflow/example_dags/tutorial_taskflow_api.py
[2025-02-07T12:36:13.533+0000] {logging_mixin.py:190} INFO - [2025-02-07T12:36:13.532+0000] {dag.py:3239} INFO - Sync 1 DAGs
[2025-02-07T12:36:13.542+0000] {logging_mixin.py:190} INFO - [2025-02-07T12:36:13.542+0000] {dag.py:4180} INFO - Setting next_dagrun for tutorial_taskflow_api to None, run_after=None
[2025-02-07T12:36:13.558+0000] {processor.py:208} INFO - Processing /opt/conda/lib/python3.12/site-packages/airflow/example_dags/tutorial_taskflow_api.py took 0.081 seconds
[2025-02-07T12:37:25.357+0000] {processor.py:186} INFO - Started process (PID=148) to work on /opt/conda/lib/python3.12/site-packages/airflow/example_dags/tutorial_taskflow_api.py
[2025-02-07T12:37:25.358+0000] {processor.py:914} INFO - Processing file /opt/conda/lib/python3.12/site-packages/airflow/example_dags/tutorial_taskflow_api.py for tasks to queue
[2025-02-07T12:37:25.360+0000] {logging_mixin.py:190} INFO - [2025-02-07T12:37:25.359+0000] {dagbag.py:588} INFO - Filling up the DagBag from /opt/conda/lib/python3.12/site-packages/airflow/example_dags/tutorial_taskflow_api.py
[2025-02-07T12:37:25.369+0000] {processor.py:925} INFO - DAG(s) 'tutorial_taskflow_api' retrieved from /opt/conda/lib/python3.12/site-packages/airflow/example_dags/tutorial_taskflow_api.py
[2025-02-07T12:37:25.380+0000] {logging_mixin.py:190} INFO - [2025-02-07T12:37:25.380+0000] {dag.py:3239} INFO - Sync 1 DAGs
[2025-02-07T12:37:25.390+0000] {logging_mixin.py:190} INFO - [2025-02-07T12:37:25.390+0000] {dag.py:4180} INFO - Setting next_dagrun for tutorial_taskflow_api to None, run_after=None
[2025-02-07T12:37:25.405+0000] {processor.py:208} INFO - Processing /opt/conda/lib/python3.12/site-packages/airflow/example_dags/tutorial_taskflow_api.py took 0.053 seconds
[2025-02-07T12:38:28.709+0000] {processor.py:186} INFO - Started process (PID=218) to work on /opt/conda/lib/python3.12/site-packages/airflow/example_dags/tutorial_taskflow_api.py
[2025-02-07T12:38:28.711+0000] {processor.py:914} INFO - Processing file /opt/conda/lib/python3.12/site-packages/airflow/example_dags/tutorial_taskflow_api.py for tasks to queue
[2025-02-07T12:38:28.713+0000] {logging_mixin.py:190} INFO - [2025-02-07T12:38:28.712+0000] {dagbag.py:588} INFO - Filling up the DagBag from /opt/conda/lib/python3.12/site-packages/airflow/example_dags/tutorial_taskflow_api.py
[2025-02-07T12:38:28.720+0000] {processor.py:925} INFO - DAG(s) 'tutorial_taskflow_api' retrieved from /opt/conda/lib/python3.12/site-packages/airflow/example_dags/tutorial_taskflow_api.py
[2025-02-07T12:38:28.732+0000] {logging_mixin.py:190} INFO - [2025-02-07T12:38:28.732+0000] {dag.py:3239} INFO - Sync 1 DAGs
[2025-02-07T12:38:28.741+0000] {logging_mixin.py:190} INFO - [2025-02-07T12:38:28.741+0000] {dag.py:4180} INFO - Setting next_dagrun for tutorial_taskflow_api to None, run_after=None
[2025-02-07T12:38:28.758+0000] {processor.py:208} INFO - Processing /opt/conda/lib/python3.12/site-packages/airflow/example_dags/tutorial_taskflow_api.py took 0.055 seconds
[2025-02-07T12:39:26.931+0000] {processor.py:186} INFO - Started process (PID=286) to work on /opt/conda/lib/python3.12/site-packages/airflow/example_dags/tutorial_taskflow_api.py
[2025-02-07T12:39:26.932+0000] {processor.py:914} INFO - Processing file /opt/conda/lib/python3.12/site-packages/airflow/example_dags/tutorial_taskflow_api.py for tasks to queue
[2025-02-07T12:39:26.934+0000] {logging_mixin.py:190} INFO - [2025-02-07T12:39:26.934+0000] {dagbag.py:588} INFO - Filling up the DagBag from /opt/conda/lib/python3.12/site-packages/airflow/example_dags/tutorial_taskflow_api.py
[2025-02-07T12:39:26.941+0000] {processor.py:925} INFO - DAG(s) 'tutorial_taskflow_api' retrieved from /opt/conda/lib/python3.12/site-packages/airflow/example_dags/tutorial_taskflow_api.py
[2025-02-07T12:39:26.954+0000] {logging_mixin.py:190} INFO - [2025-02-07T12:39:26.954+0000] {dag.py:3239} INFO - Sync 1 DAGs
[2025-02-07T12:39:26.963+0000] {logging_mixin.py:190} INFO - [2025-02-07T12:39:26.962+0000] {dag.py:4180} INFO - Setting next_dagrun for tutorial_taskflow_api to None, run_after=None
[2025-02-07T12:39:26.978+0000] {processor.py:208} INFO - Processing /opt/conda/lib/python3.12/site-packages/airflow/example_dags/tutorial_taskflow_api.py took 0.053 seconds
[2025-02-07T12:40:22.438+0000] {processor.py:186} INFO - Started process (PID=343) to work on /opt/conda/lib/python3.12/site-packages/airflow/example_dags/tutorial_taskflow_api.py
[2025-02-07T12:40:22.440+0000] {processor.py:914} INFO - Processing file /opt/conda/lib/python3.12/site-packages/airflow/example_dags/tutorial_taskflow_api.py for tasks to queue
[2025-02-07T12:40:22.443+0000] {logging_mixin.py:190} INFO - [2025-02-07T12:40:22.443+0000] {dagbag.py:588} INFO - Filling up the DagBag from /opt/conda/lib/python3.12/site-packages/airflow/example_dags/tutorial_taskflow_api.py
[2025-02-07T12:40:22.456+0000] {processor.py:925} INFO - DAG(s) 'tutorial_taskflow_api' retrieved from /opt/conda/lib/python3.12/site-packages/airflow/example_dags/tutorial_taskflow_api.py
[2025-02-07T12:40:22.478+0000] {logging_mixin.py:190} INFO - [2025-02-07T12:40:22.478+0000] {dag.py:3239} INFO - Sync 1 DAGs
[2025-02-07T12:40:22.488+0000] {logging_mixin.py:190} INFO - [2025-02-07T12:40:22.488+0000] {dag.py:4180} INFO - Setting next_dagrun for tutorial_taskflow_api to None, run_after=None
[2025-02-07T12:40:22.504+0000] {processor.py:208} INFO - Processing /opt/conda/lib/python3.12/site-packages/airflow/example_dags/tutorial_taskflow_api.py took 0.075 seconds
[2025-02-07T12:41:20.331+0000] {processor.py:186} INFO - Started process (PID=411) to work on /opt/conda/lib/python3.12/site-packages/airflow/example_dags/tutorial_taskflow_api.py
[2025-02-07T12:41:20.332+0000] {processor.py:914} INFO - Processing file /opt/conda/lib/python3.12/site-packages/airflow/example_dags/tutorial_taskflow_api.py for tasks to queue
[2025-02-07T12:41:20.335+0000] {logging_mixin.py:190} INFO - [2025-02-07T12:41:20.334+0000] {dagbag.py:588} INFO - Filling up the DagBag from /opt/conda/lib/python3.12/site-packages/airflow/example_dags/tutorial_taskflow_api.py
[2025-02-07T12:41:20.344+0000] {processor.py:925} INFO - DAG(s) 'tutorial_taskflow_api' retrieved from /opt/conda/lib/python3.12/site-packages/airflow/example_dags/tutorial_taskflow_api.py
[2025-02-07T12:41:20.360+0000] {logging_mixin.py:190} INFO - [2025-02-07T12:41:20.360+0000] {dag.py:3239} INFO - Sync 1 DAGs
[2025-02-07T12:41:20.371+0000] {logging_mixin.py:190} INFO - [2025-02-07T12:41:20.371+0000] {dag.py:4180} INFO - Setting next_dagrun for tutorial_taskflow_api to None, run_after=None
[2025-02-07T12:41:20.388+0000] {processor.py:208} INFO - Processing /opt/conda/lib/python3.12/site-packages/airflow/example_dags/tutorial_taskflow_api.py took 0.067 seconds
[2025-02-07T12:46:20.113+0000] {processor.py:186} INFO - Started process (PID=2566) to work on /opt/conda/lib/python3.12/site-packages/airflow/example_dags/tutorial_taskflow_api.py
[2025-02-07T12:46:20.114+0000] {processor.py:914} INFO - Processing file /opt/conda/lib/python3.12/site-packages/airflow/example_dags/tutorial_taskflow_api.py for tasks to queue
[2025-02-07T12:46:20.117+0000] {logging_mixin.py:190} INFO - [2025-02-07T12:46:20.116+0000] {dagbag.py:588} INFO - Filling up the DagBag from /opt/conda/lib/python3.12/site-packages/airflow/example_dags/tutorial_taskflow_api.py
[2025-02-07T12:46:20.126+0000] {processor.py:925} INFO - DAG(s) 'tutorial_taskflow_api' retrieved from /opt/conda/lib/python3.12/site-packages/airflow/example_dags/tutorial_taskflow_api.py
[2025-02-07T12:46:20.139+0000] {logging_mixin.py:190} INFO - [2025-02-07T12:46:20.139+0000] {dag.py:3239} INFO - Sync 1 DAGs
[2025-02-07T12:46:20.147+0000] {logging_mixin.py:190} INFO - [2025-02-07T12:46:20.147+0000] {dag.py:4180} INFO - Setting next_dagrun for tutorial_taskflow_api to None, run_after=None
[2025-02-07T12:46:20.159+0000] {processor.py:208} INFO - Processing /opt/conda/lib/python3.12/site-packages/airflow/example_dags/tutorial_taskflow_api.py took 0.051 seconds
[2025-02-07T12:55:06.300+0000] {processor.py:186} INFO - Started process (PID=6142) to work on /opt/conda/lib/python3.12/site-packages/airflow/example_dags/tutorial_taskflow_api.py
[2025-02-07T12:55:06.301+0000] {processor.py:914} INFO - Processing file /opt/conda/lib/python3.12/site-packages/airflow/example_dags/tutorial_taskflow_api.py for tasks to queue
[2025-02-07T12:55:06.304+0000] {logging_mixin.py:190} INFO - [2025-02-07T12:55:06.303+0000] {dagbag.py:588} INFO - Filling up the DagBag from /opt/conda/lib/python3.12/site-packages/airflow/example_dags/tutorial_taskflow_api.py
[2025-02-07T12:55:06.312+0000] {processor.py:925} INFO - DAG(s) 'tutorial_taskflow_api' retrieved from /opt/conda/lib/python3.12/site-packages/airflow/example_dags/tutorial_taskflow_api.py
[2025-02-07T12:55:06.324+0000] {logging_mixin.py:190} INFO - [2025-02-07T12:55:06.324+0000] {dag.py:3239} INFO - Sync 1 DAGs
[2025-02-07T12:55:06.333+0000] {logging_mixin.py:190} INFO - [2025-02-07T12:55:06.333+0000] {dag.py:4180} INFO - Setting next_dagrun for tutorial_taskflow_api to None, run_after=None
[2025-02-07T12:55:06.347+0000] {processor.py:208} INFO - Processing /opt/conda/lib/python3.12/site-packages/airflow/example_dags/tutorial_taskflow_api.py took 0.064 seconds
[2025-02-07T13:03:04.637+0000] {processor.py:186} INFO - Started process (PID=414) to work on /opt/conda/lib/python3.12/site-packages/airflow/example_dags/tutorial_taskflow_api.py
[2025-02-07T13:03:04.639+0000] {processor.py:914} INFO - Processing file /opt/conda/lib/python3.12/site-packages/airflow/example_dags/tutorial_taskflow_api.py for tasks to queue
[2025-02-07T13:03:04.655+0000] {logging_mixin.py:190} INFO - [2025-02-07T13:03:04.652+0000] {dagbag.py:588} INFO - Filling up the DagBag from /opt/conda/lib/python3.12/site-packages/airflow/example_dags/tutorial_taskflow_api.py
[2025-02-07T13:03:04.718+0000] {processor.py:925} INFO - DAG(s) 'tutorial_taskflow_api' retrieved from /opt/conda/lib/python3.12/site-packages/airflow/example_dags/tutorial_taskflow_api.py
[2025-02-07T13:03:04.816+0000] {logging_mixin.py:190} INFO - [2025-02-07T13:03:04.815+0000] {dag.py:3239} INFO - Sync 1 DAGs
[2025-02-07T13:03:04.848+0000] {logging_mixin.py:190} INFO - [2025-02-07T13:03:04.848+0000] {dag.py:4180} INFO - Setting next_dagrun for tutorial_taskflow_api to None, run_after=None
[2025-02-07T13:03:04.877+0000] {processor.py:208} INFO - Processing /opt/conda/lib/python3.12/site-packages/airflow/example_dags/tutorial_taskflow_api.py took 0.247 seconds
[2025-02-07T13:06:45.695+0000] {processor.py:186} INFO - Started process (PID=366) to work on /opt/conda/lib/python3.12/site-packages/airflow/example_dags/tutorial_taskflow_api.py
[2025-02-07T13:06:45.698+0000] {processor.py:914} INFO - Processing file /opt/conda/lib/python3.12/site-packages/airflow/example_dags/tutorial_taskflow_api.py for tasks to queue
[2025-02-07T13:06:45.703+0000] {logging_mixin.py:190} INFO - [2025-02-07T13:06:45.702+0000] {dagbag.py:588} INFO - Filling up the DagBag from /opt/conda/lib/python3.12/site-packages/airflow/example_dags/tutorial_taskflow_api.py
[2025-02-07T13:06:45.719+0000] {processor.py:925} INFO - DAG(s) 'tutorial_taskflow_api' retrieved from /opt/conda/lib/python3.12/site-packages/airflow/example_dags/tutorial_taskflow_api.py
[2025-02-07T13:06:45.756+0000] {logging_mixin.py:190} INFO - [2025-02-07T13:06:45.756+0000] {dag.py:3239} INFO - Sync 1 DAGs
[2025-02-07T13:06:45.770+0000] {logging_mixin.py:190} INFO - [2025-02-07T13:06:45.770+0000] {dag.py:4180} INFO - Setting next_dagrun for tutorial_taskflow_api to None, run_after=None
[2025-02-07T13:06:45.788+0000] {processor.py:208} INFO - Processing /opt/conda/lib/python3.12/site-packages/airflow/example_dags/tutorial_taskflow_api.py took 0.106 seconds
[2025-02-07T13:10:10.306+0000] {processor.py:186} INFO - Started process (PID=432) to work on /opt/conda/lib/python3.12/site-packages/airflow/example_dags/tutorial_taskflow_api.py
[2025-02-07T13:10:10.311+0000] {processor.py:914} INFO - Processing file /opt/conda/lib/python3.12/site-packages/airflow/example_dags/tutorial_taskflow_api.py for tasks to queue
[2025-02-07T13:10:10.321+0000] {logging_mixin.py:190} INFO - [2025-02-07T13:10:10.321+0000] {dagbag.py:588} INFO - Filling up the DagBag from /opt/conda/lib/python3.12/site-packages/airflow/example_dags/tutorial_taskflow_api.py
[2025-02-07T13:10:10.339+0000] {processor.py:925} INFO - DAG(s) 'tutorial_taskflow_api' retrieved from /opt/conda/lib/python3.12/site-packages/airflow/example_dags/tutorial_taskflow_api.py
[2025-02-07T13:10:10.359+0000] {logging_mixin.py:190} INFO - [2025-02-07T13:10:10.358+0000] {dag.py:3239} INFO - Sync 1 DAGs
[2025-02-07T13:10:10.368+0000] {logging_mixin.py:190} INFO - [2025-02-07T13:10:10.368+0000] {dag.py:4180} INFO - Setting next_dagrun for tutorial_taskflow_api to None, run_after=None
[2025-02-07T13:10:10.382+0000] {processor.py:208} INFO - Processing /opt/conda/lib/python3.12/site-packages/airflow/example_dags/tutorial_taskflow_api.py took 0.094 seconds
[2025-02-07T13:24:37.334+0000] {processor.py:186} INFO - Started process (PID=476) to work on /opt/conda/lib/python3.12/site-packages/airflow/example_dags/tutorial_taskflow_api.py
[2025-02-07T13:24:37.342+0000] {processor.py:914} INFO - Processing file /opt/conda/lib/python3.12/site-packages/airflow/example_dags/tutorial_taskflow_api.py for tasks to queue
[2025-02-07T13:24:37.343+0000] {logging_mixin.py:190} INFO - [2025-02-07T13:24:37.343+0000] {dagbag.py:588} INFO - Filling up the DagBag from /opt/conda/lib/python3.12/site-packages/airflow/example_dags/tutorial_taskflow_api.py
[2025-02-07T13:24:37.356+0000] {processor.py:925} INFO - DAG(s) 'tutorial_taskflow_api' retrieved from /opt/conda/lib/python3.12/site-packages/airflow/example_dags/tutorial_taskflow_api.py
[2025-02-07T13:24:37.383+0000] {logging_mixin.py:190} INFO - [2025-02-07T13:24:37.383+0000] {dag.py:3239} INFO - Sync 1 DAGs
[2025-02-07T13:24:37.396+0000] {logging_mixin.py:190} INFO - [2025-02-07T13:24:37.396+0000] {dag.py:4180} INFO - Setting next_dagrun for tutorial_taskflow_api to None, run_after=None
[2025-02-07T13:24:37.459+0000] {processor.py:208} INFO - Processing /opt/conda/lib/python3.12/site-packages/airflow/example_dags/tutorial_taskflow_api.py took 0.205 seconds
[2025-02-07T13:26:59.457+0000] {processor.py:186} INFO - Started process (PID=175) to work on /opt/conda/lib/python3.12/site-packages/airflow/example_dags/tutorial_taskflow_api.py
[2025-02-07T13:26:59.459+0000] {processor.py:914} INFO - Processing file /opt/conda/lib/python3.12/site-packages/airflow/example_dags/tutorial_taskflow_api.py for tasks to queue
[2025-02-07T13:26:59.462+0000] {logging_mixin.py:190} INFO - [2025-02-07T13:26:59.461+0000] {dagbag.py:588} INFO - Filling up the DagBag from /opt/conda/lib/python3.12/site-packages/airflow/example_dags/tutorial_taskflow_api.py
[2025-02-07T13:26:59.470+0000] {processor.py:925} INFO - DAG(s) 'tutorial_taskflow_api' retrieved from /opt/conda/lib/python3.12/site-packages/airflow/example_dags/tutorial_taskflow_api.py
[2025-02-07T13:26:59.500+0000] {logging_mixin.py:190} INFO - [2025-02-07T13:26:59.500+0000] {dag.py:3239} INFO - Sync 1 DAGs
[2025-02-07T13:26:59.509+0000] {logging_mixin.py:190} INFO - [2025-02-07T13:26:59.509+0000] {dag.py:4180} INFO - Setting next_dagrun for tutorial_taskflow_api to None, run_after=None
[2025-02-07T13:26:59.540+0000] {processor.py:208} INFO - Processing /opt/conda/lib/python3.12/site-packages/airflow/example_dags/tutorial_taskflow_api.py took 0.122 seconds
[2025-02-07T13:28:30.495+0000] {processor.py:186} INFO - Started process (PID=328) to work on /opt/conda/lib/python3.12/site-packages/airflow/example_dags/tutorial_taskflow_api.py
[2025-02-07T13:28:30.495+0000] {processor.py:914} INFO - Processing file /opt/conda/lib/python3.12/site-packages/airflow/example_dags/tutorial_taskflow_api.py for tasks to queue
[2025-02-07T13:28:30.496+0000] {logging_mixin.py:190} INFO - [2025-02-07T13:28:30.496+0000] {dagbag.py:588} INFO - Filling up the DagBag from /opt/conda/lib/python3.12/site-packages/airflow/example_dags/tutorial_taskflow_api.py
[2025-02-07T13:28:30.502+0000] {processor.py:925} INFO - DAG(s) 'tutorial_taskflow_api' retrieved from /opt/conda/lib/python3.12/site-packages/airflow/example_dags/tutorial_taskflow_api.py
[2025-02-07T13:28:30.513+0000] {logging_mixin.py:190} INFO - [2025-02-07T13:28:30.513+0000] {dag.py:3239} INFO - Sync 1 DAGs
[2025-02-07T13:28:30.521+0000] {logging_mixin.py:190} INFO - [2025-02-07T13:28:30.521+0000] {dag.py:4180} INFO - Setting next_dagrun for tutorial_taskflow_api to None, run_after=None
[2025-02-07T13:28:30.534+0000] {processor.py:208} INFO - Processing /opt/conda/lib/python3.12/site-packages/airflow/example_dags/tutorial_taskflow_api.py took 0.059 seconds
[2025-02-07T13:29:20.290+0000] {processor.py:186} INFO - Started process (PID=375) to work on /opt/conda/lib/python3.12/site-packages/airflow/example_dags/tutorial_taskflow_api.py
[2025-02-07T13:29:20.290+0000] {processor.py:914} INFO - Processing file /opt/conda/lib/python3.12/site-packages/airflow/example_dags/tutorial_taskflow_api.py for tasks to queue
[2025-02-07T13:29:20.292+0000] {logging_mixin.py:190} INFO - [2025-02-07T13:29:20.292+0000] {dagbag.py:588} INFO - Filling up the DagBag from /opt/conda/lib/python3.12/site-packages/airflow/example_dags/tutorial_taskflow_api.py
[2025-02-07T13:29:20.306+0000] {processor.py:925} INFO - DAG(s) 'tutorial_taskflow_api' retrieved from /opt/conda/lib/python3.12/site-packages/airflow/example_dags/tutorial_taskflow_api.py
[2025-02-07T13:29:20.326+0000] {logging_mixin.py:190} INFO - [2025-02-07T13:29:20.326+0000] {dag.py:3239} INFO - Sync 1 DAGs
[2025-02-07T13:29:20.360+0000] {logging_mixin.py:190} INFO - [2025-02-07T13:29:20.360+0000] {dag.py:4180} INFO - Setting next_dagrun for tutorial_taskflow_api to None, run_after=None
[2025-02-07T13:29:20.387+0000] {processor.py:208} INFO - Processing /opt/conda/lib/python3.12/site-packages/airflow/example_dags/tutorial_taskflow_api.py took 0.102 seconds
[2025-02-07T13:30:24.807+0000] {processor.py:186} INFO - Started process (PID=455) to work on /opt/conda/lib/python3.12/site-packages/airflow/example_dags/tutorial_taskflow_api.py
[2025-02-07T13:30:24.809+0000] {processor.py:914} INFO - Processing file /opt/conda/lib/python3.12/site-packages/airflow/example_dags/tutorial_taskflow_api.py for tasks to queue
[2025-02-07T13:30:24.811+0000] {logging_mixin.py:190} INFO - [2025-02-07T13:30:24.811+0000] {dagbag.py:588} INFO - Filling up the DagBag from /opt/conda/lib/python3.12/site-packages/airflow/example_dags/tutorial_taskflow_api.py
[2025-02-07T13:30:24.820+0000] {processor.py:925} INFO - DAG(s) 'tutorial_taskflow_api' retrieved from /opt/conda/lib/python3.12/site-packages/airflow/example_dags/tutorial_taskflow_api.py
[2025-02-07T13:30:24.836+0000] {logging_mixin.py:190} INFO - [2025-02-07T13:30:24.836+0000] {dag.py:3239} INFO - Sync 1 DAGs
[2025-02-07T13:30:24.845+0000] {logging_mixin.py:190} INFO - [2025-02-07T13:30:24.844+0000] {dag.py:4180} INFO - Setting next_dagrun for tutorial_taskflow_api to None, run_after=None
[2025-02-07T13:30:24.859+0000] {processor.py:208} INFO - Processing /opt/conda/lib/python3.12/site-packages/airflow/example_dags/tutorial_taskflow_api.py took 0.058 seconds
[2025-02-07T13:32:54.960+0000] {processor.py:186} INFO - Started process (PID=291) to work on /opt/conda/lib/python3.12/site-packages/airflow/example_dags/tutorial_taskflow_api.py
[2025-02-07T13:32:54.961+0000] {processor.py:914} INFO - Processing file /opt/conda/lib/python3.12/site-packages/airflow/example_dags/tutorial_taskflow_api.py for tasks to queue
[2025-02-07T13:32:54.963+0000] {logging_mixin.py:190} INFO - [2025-02-07T13:32:54.963+0000] {dagbag.py:588} INFO - Filling up the DagBag from /opt/conda/lib/python3.12/site-packages/airflow/example_dags/tutorial_taskflow_api.py
[2025-02-07T13:32:54.977+0000] {processor.py:925} INFO - DAG(s) 'tutorial_taskflow_api' retrieved from /opt/conda/lib/python3.12/site-packages/airflow/example_dags/tutorial_taskflow_api.py
[2025-02-07T13:32:55.141+0000] {logging_mixin.py:190} INFO - [2025-02-07T13:32:55.141+0000] {dag.py:3239} INFO - Sync 1 DAGs
[2025-02-07T13:32:55.151+0000] {logging_mixin.py:190} INFO - [2025-02-07T13:32:55.151+0000] {dag.py:4180} INFO - Setting next_dagrun for tutorial_taskflow_api to None, run_after=None
[2025-02-07T13:32:55.166+0000] {processor.py:208} INFO - Processing /opt/conda/lib/python3.12/site-packages/airflow/example_dags/tutorial_taskflow_api.py took 0.209 seconds
[2025-02-07T13:34:20.921+0000] {processor.py:186} INFO - Started process (PID=71) to work on /opt/conda/lib/python3.12/site-packages/airflow/example_dags/tutorial_taskflow_api.py
[2025-02-07T13:34:20.923+0000] {processor.py:914} INFO - Processing file /opt/conda/lib/python3.12/site-packages/airflow/example_dags/tutorial_taskflow_api.py for tasks to queue
[2025-02-07T13:34:20.933+0000] {logging_mixin.py:190} INFO - [2025-02-07T13:34:20.932+0000] {dagbag.py:588} INFO - Filling up the DagBag from /opt/conda/lib/python3.12/site-packages/airflow/example_dags/tutorial_taskflow_api.py
[2025-02-07T13:34:20.952+0000] {processor.py:925} INFO - DAG(s) 'tutorial_taskflow_api' retrieved from /opt/conda/lib/python3.12/site-packages/airflow/example_dags/tutorial_taskflow_api.py
[2025-02-07T13:34:21.015+0000] {logging_mixin.py:190} INFO - [2025-02-07T13:34:21.015+0000] {dag.py:3239} INFO - Sync 1 DAGs
[2025-02-07T13:34:21.028+0000] {logging_mixin.py:190} INFO - [2025-02-07T13:34:21.028+0000] {dag.py:4180} INFO - Setting next_dagrun for tutorial_taskflow_api to None, run_after=None
[2025-02-07T13:34:21.147+0000] {processor.py:208} INFO - Processing /opt/conda/lib/python3.12/site-packages/airflow/example_dags/tutorial_taskflow_api.py took 0.233 seconds
[2025-02-07T13:35:53.960+0000] {processor.py:186} INFO - Started process (PID=72) to work on /opt/conda/lib/python3.12/site-packages/airflow/example_dags/tutorial_taskflow_api.py
[2025-02-07T13:35:53.961+0000] {processor.py:914} INFO - Processing file /opt/conda/lib/python3.12/site-packages/airflow/example_dags/tutorial_taskflow_api.py for tasks to queue
[2025-02-07T13:35:53.962+0000] {logging_mixin.py:190} INFO - [2025-02-07T13:35:53.962+0000] {dagbag.py:588} INFO - Filling up the DagBag from /opt/conda/lib/python3.12/site-packages/airflow/example_dags/tutorial_taskflow_api.py
[2025-02-07T13:35:53.973+0000] {processor.py:925} INFO - DAG(s) 'tutorial_taskflow_api' retrieved from /opt/conda/lib/python3.12/site-packages/airflow/example_dags/tutorial_taskflow_api.py
[2025-02-07T13:35:53.995+0000] {logging_mixin.py:190} INFO - [2025-02-07T13:35:53.994+0000] {dag.py:3239} INFO - Sync 1 DAGs
[2025-02-07T13:35:54.021+0000] {logging_mixin.py:190} INFO - [2025-02-07T13:35:54.021+0000] {dag.py:4180} INFO - Setting next_dagrun for tutorial_taskflow_api to None, run_after=None
[2025-02-07T13:35:54.038+0000] {processor.py:208} INFO - Processing /opt/conda/lib/python3.12/site-packages/airflow/example_dags/tutorial_taskflow_api.py took 0.084 seconds
[2025-02-07T13:37:28.118+0000] {processor.py:186} INFO - Started process (PID=208) to work on /opt/conda/lib/python3.12/site-packages/airflow/example_dags/tutorial_taskflow_api.py
[2025-02-07T13:37:28.119+0000] {processor.py:914} INFO - Processing file /opt/conda/lib/python3.12/site-packages/airflow/example_dags/tutorial_taskflow_api.py for tasks to queue
[2025-02-07T13:37:28.124+0000] {logging_mixin.py:190} INFO - [2025-02-07T13:37:28.123+0000] {dagbag.py:588} INFO - Filling up the DagBag from /opt/conda/lib/python3.12/site-packages/airflow/example_dags/tutorial_taskflow_api.py
[2025-02-07T13:37:28.146+0000] {processor.py:925} INFO - DAG(s) 'tutorial_taskflow_api' retrieved from /opt/conda/lib/python3.12/site-packages/airflow/example_dags/tutorial_taskflow_api.py
[2025-02-07T13:37:28.201+0000] {logging_mixin.py:190} INFO - [2025-02-07T13:37:28.200+0000] {dag.py:3239} INFO - Sync 1 DAGs
[2025-02-07T13:37:28.239+0000] {logging_mixin.py:190} INFO - [2025-02-07T13:37:28.239+0000] {dag.py:4180} INFO - Setting next_dagrun for tutorial_taskflow_api to None, run_after=None
[2025-02-07T13:37:28.260+0000] {processor.py:208} INFO - Processing /opt/conda/lib/python3.12/site-packages/airflow/example_dags/tutorial_taskflow_api.py took 0.163 seconds
[2025-02-07T13:39:17.214+0000] {processor.py:186} INFO - Started process (PID=474) to work on /opt/conda/lib/python3.12/site-packages/airflow/example_dags/tutorial_taskflow_api.py
[2025-02-07T13:39:17.215+0000] {processor.py:914} INFO - Processing file /opt/conda/lib/python3.12/site-packages/airflow/example_dags/tutorial_taskflow_api.py for tasks to queue
[2025-02-07T13:39:17.216+0000] {logging_mixin.py:190} INFO - [2025-02-07T13:39:17.216+0000] {dagbag.py:588} INFO - Filling up the DagBag from /opt/conda/lib/python3.12/site-packages/airflow/example_dags/tutorial_taskflow_api.py
[2025-02-07T13:39:17.222+0000] {processor.py:925} INFO - DAG(s) 'tutorial_taskflow_api' retrieved from /opt/conda/lib/python3.12/site-packages/airflow/example_dags/tutorial_taskflow_api.py
[2025-02-07T13:39:17.233+0000] {logging_mixin.py:190} INFO - [2025-02-07T13:39:17.233+0000] {dag.py:3239} INFO - Sync 1 DAGs
[2025-02-07T13:39:17.242+0000] {logging_mixin.py:190} INFO - [2025-02-07T13:39:17.242+0000] {dag.py:4180} INFO - Setting next_dagrun for tutorial_taskflow_api to None, run_after=None
[2025-02-07T13:39:17.257+0000] {processor.py:208} INFO - Processing /opt/conda/lib/python3.12/site-packages/airflow/example_dags/tutorial_taskflow_api.py took 0.047 seconds
[2025-02-07T13:40:16.782+0000] {processor.py:186} INFO - Started process (PID=542) to work on /opt/conda/lib/python3.12/site-packages/airflow/example_dags/tutorial_taskflow_api.py
[2025-02-07T13:40:16.782+0000] {processor.py:914} INFO - Processing file /opt/conda/lib/python3.12/site-packages/airflow/example_dags/tutorial_taskflow_api.py for tasks to queue
[2025-02-07T13:40:16.784+0000] {logging_mixin.py:190} INFO - [2025-02-07T13:40:16.784+0000] {dagbag.py:588} INFO - Filling up the DagBag from /opt/conda/lib/python3.12/site-packages/airflow/example_dags/tutorial_taskflow_api.py
[2025-02-07T13:40:16.791+0000] {processor.py:925} INFO - DAG(s) 'tutorial_taskflow_api' retrieved from /opt/conda/lib/python3.12/site-packages/airflow/example_dags/tutorial_taskflow_api.py
[2025-02-07T13:40:16.802+0000] {logging_mixin.py:190} INFO - [2025-02-07T13:40:16.801+0000] {dag.py:3239} INFO - Sync 1 DAGs
[2025-02-07T13:40:16.810+0000] {logging_mixin.py:190} INFO - [2025-02-07T13:40:16.810+0000] {dag.py:4180} INFO - Setting next_dagrun for tutorial_taskflow_api to None, run_after=None
[2025-02-07T13:40:16.823+0000] {processor.py:208} INFO - Processing /opt/conda/lib/python3.12/site-packages/airflow/example_dags/tutorial_taskflow_api.py took 0.046 seconds
[2025-02-07T13:41:13.526+0000] {processor.py:186} INFO - Started process (PID=609) to work on /opt/conda/lib/python3.12/site-packages/airflow/example_dags/tutorial_taskflow_api.py
[2025-02-07T13:41:13.527+0000] {processor.py:914} INFO - Processing file /opt/conda/lib/python3.12/site-packages/airflow/example_dags/tutorial_taskflow_api.py for tasks to queue
[2025-02-07T13:41:13.529+0000] {logging_mixin.py:190} INFO - [2025-02-07T13:41:13.528+0000] {dagbag.py:588} INFO - Filling up the DagBag from /opt/conda/lib/python3.12/site-packages/airflow/example_dags/tutorial_taskflow_api.py
[2025-02-07T13:41:13.537+0000] {processor.py:925} INFO - DAG(s) 'tutorial_taskflow_api' retrieved from /opt/conda/lib/python3.12/site-packages/airflow/example_dags/tutorial_taskflow_api.py
[2025-02-07T13:41:13.549+0000] {logging_mixin.py:190} INFO - [2025-02-07T13:41:13.549+0000] {dag.py:3239} INFO - Sync 1 DAGs
[2025-02-07T13:41:13.559+0000] {logging_mixin.py:190} INFO - [2025-02-07T13:41:13.559+0000] {dag.py:4180} INFO - Setting next_dagrun for tutorial_taskflow_api to None, run_after=None
[2025-02-07T13:41:13.575+0000] {processor.py:208} INFO - Processing /opt/conda/lib/python3.12/site-packages/airflow/example_dags/tutorial_taskflow_api.py took 0.053 seconds
[2025-02-07T13:42:10.775+0000] {processor.py:186} INFO - Started process (PID=667) to work on /opt/conda/lib/python3.12/site-packages/airflow/example_dags/tutorial_taskflow_api.py
[2025-02-07T13:42:10.776+0000] {processor.py:914} INFO - Processing file /opt/conda/lib/python3.12/site-packages/airflow/example_dags/tutorial_taskflow_api.py for tasks to queue
[2025-02-07T13:42:10.778+0000] {logging_mixin.py:190} INFO - [2025-02-07T13:42:10.777+0000] {dagbag.py:588} INFO - Filling up the DagBag from /opt/conda/lib/python3.12/site-packages/airflow/example_dags/tutorial_taskflow_api.py
[2025-02-07T13:42:10.785+0000] {processor.py:925} INFO - DAG(s) 'tutorial_taskflow_api' retrieved from /opt/conda/lib/python3.12/site-packages/airflow/example_dags/tutorial_taskflow_api.py
[2025-02-07T13:42:10.799+0000] {logging_mixin.py:190} INFO - [2025-02-07T13:42:10.799+0000] {dag.py:3239} INFO - Sync 1 DAGs
[2025-02-07T13:42:10.807+0000] {logging_mixin.py:190} INFO - [2025-02-07T13:42:10.807+0000] {dag.py:4180} INFO - Setting next_dagrun for tutorial_taskflow_api to None, run_after=None
[2025-02-07T13:42:10.822+0000] {processor.py:208} INFO - Processing /opt/conda/lib/python3.12/site-packages/airflow/example_dags/tutorial_taskflow_api.py took 0.053 seconds
[2025-02-07T13:42:52.932+0000] {processor.py:186} INFO - Started process (PID=818) to work on /opt/conda/lib/python3.12/site-packages/airflow/example_dags/tutorial_taskflow_api.py
[2025-02-07T13:42:52.933+0000] {processor.py:914} INFO - Processing file /opt/conda/lib/python3.12/site-packages/airflow/example_dags/tutorial_taskflow_api.py for tasks to queue
[2025-02-07T13:42:52.936+0000] {logging_mixin.py:190} INFO - [2025-02-07T13:42:52.935+0000] {dagbag.py:588} INFO - Filling up the DagBag from /opt/conda/lib/python3.12/site-packages/airflow/example_dags/tutorial_taskflow_api.py
[2025-02-07T13:42:52.945+0000] {processor.py:925} INFO - DAG(s) 'tutorial_taskflow_api' retrieved from /opt/conda/lib/python3.12/site-packages/airflow/example_dags/tutorial_taskflow_api.py
[2025-02-07T13:42:52.958+0000] {logging_mixin.py:190} INFO - [2025-02-07T13:42:52.958+0000] {dag.py:3239} INFO - Sync 1 DAGs
[2025-02-07T13:42:52.968+0000] {logging_mixin.py:190} INFO - [2025-02-07T13:42:52.968+0000] {dag.py:4180} INFO - Setting next_dagrun for tutorial_taskflow_api to None, run_after=None
[2025-02-07T13:42:52.984+0000] {processor.py:208} INFO - Processing /opt/conda/lib/python3.12/site-packages/airflow/example_dags/tutorial_taskflow_api.py took 0.058 seconds
[2025-02-07T13:44:11.464+0000] {processor.py:186} INFO - Started process (PID=1001) to work on /opt/conda/lib/python3.12/site-packages/airflow/example_dags/tutorial_taskflow_api.py
[2025-02-07T13:44:11.466+0000] {processor.py:914} INFO - Processing file /opt/conda/lib/python3.12/site-packages/airflow/example_dags/tutorial_taskflow_api.py for tasks to queue
[2025-02-07T13:44:11.468+0000] {logging_mixin.py:190} INFO - [2025-02-07T13:44:11.467+0000] {dagbag.py:588} INFO - Filling up the DagBag from /opt/conda/lib/python3.12/site-packages/airflow/example_dags/tutorial_taskflow_api.py
[2025-02-07T13:44:11.481+0000] {processor.py:925} INFO - DAG(s) 'tutorial_taskflow_api' retrieved from /opt/conda/lib/python3.12/site-packages/airflow/example_dags/tutorial_taskflow_api.py
[2025-02-07T13:44:11.496+0000] {logging_mixin.py:190} INFO - [2025-02-07T13:44:11.496+0000] {dag.py:3239} INFO - Sync 1 DAGs
[2025-02-07T13:44:11.508+0000] {logging_mixin.py:190} INFO - [2025-02-07T13:44:11.508+0000] {dag.py:4180} INFO - Setting next_dagrun for tutorial_taskflow_api to None, run_after=None
[2025-02-07T13:44:11.525+0000] {processor.py:208} INFO - Processing /opt/conda/lib/python3.12/site-packages/airflow/example_dags/tutorial_taskflow_api.py took 0.070 seconds
[2025-02-07T13:44:55.984+0000] {processor.py:186} INFO - Started process (PID=1046) to work on /opt/conda/lib/python3.12/site-packages/airflow/example_dags/tutorial_taskflow_api.py
[2025-02-07T13:44:55.985+0000] {processor.py:914} INFO - Processing file /opt/conda/lib/python3.12/site-packages/airflow/example_dags/tutorial_taskflow_api.py for tasks to queue
[2025-02-07T13:44:55.987+0000] {logging_mixin.py:190} INFO - [2025-02-07T13:44:55.986+0000] {dagbag.py:588} INFO - Filling up the DagBag from /opt/conda/lib/python3.12/site-packages/airflow/example_dags/tutorial_taskflow_api.py
[2025-02-07T13:44:55.992+0000] {processor.py:925} INFO - DAG(s) 'tutorial_taskflow_api' retrieved from /opt/conda/lib/python3.12/site-packages/airflow/example_dags/tutorial_taskflow_api.py
[2025-02-07T13:44:56.003+0000] {logging_mixin.py:190} INFO - [2025-02-07T13:44:56.003+0000] {dag.py:3239} INFO - Sync 1 DAGs
[2025-02-07T13:44:56.012+0000] {logging_mixin.py:190} INFO - [2025-02-07T13:44:56.011+0000] {dag.py:4180} INFO - Setting next_dagrun for tutorial_taskflow_api to None, run_after=None
[2025-02-07T13:44:56.024+0000] {processor.py:208} INFO - Processing /opt/conda/lib/python3.12/site-packages/airflow/example_dags/tutorial_taskflow_api.py took 0.045 seconds
[2025-02-07T13:45:52.915+0000] {processor.py:186} INFO - Started process (PID=1193) to work on /opt/conda/lib/python3.12/site-packages/airflow/example_dags/tutorial_taskflow_api.py
[2025-02-07T13:45:52.919+0000] {processor.py:914} INFO - Processing file /opt/conda/lib/python3.12/site-packages/airflow/example_dags/tutorial_taskflow_api.py for tasks to queue
[2025-02-07T13:45:52.923+0000] {logging_mixin.py:190} INFO - [2025-02-07T13:45:52.922+0000] {dagbag.py:588} INFO - Filling up the DagBag from /opt/conda/lib/python3.12/site-packages/airflow/example_dags/tutorial_taskflow_api.py
[2025-02-07T13:45:52.940+0000] {processor.py:925} INFO - DAG(s) 'tutorial_taskflow_api' retrieved from /opt/conda/lib/python3.12/site-packages/airflow/example_dags/tutorial_taskflow_api.py
[2025-02-07T13:45:52.960+0000] {logging_mixin.py:190} INFO - [2025-02-07T13:45:52.960+0000] {dag.py:3239} INFO - Sync 1 DAGs
[2025-02-07T13:45:52.970+0000] {logging_mixin.py:190} INFO - [2025-02-07T13:45:52.970+0000] {dag.py:4180} INFO - Setting next_dagrun for tutorial_taskflow_api to None, run_after=None
[2025-02-07T13:45:52.990+0000] {processor.py:208} INFO - Processing /opt/conda/lib/python3.12/site-packages/airflow/example_dags/tutorial_taskflow_api.py took 0.094 seconds
[2025-02-07T13:46:33.816+0000] {processor.py:186} INFO - Started process (PID=1232) to work on /opt/conda/lib/python3.12/site-packages/airflow/example_dags/tutorial_taskflow_api.py
[2025-02-07T13:46:33.818+0000] {processor.py:914} INFO - Processing file /opt/conda/lib/python3.12/site-packages/airflow/example_dags/tutorial_taskflow_api.py for tasks to queue
[2025-02-07T13:46:33.822+0000] {logging_mixin.py:190} INFO - [2025-02-07T13:46:33.821+0000] {dagbag.py:588} INFO - Filling up the DagBag from /opt/conda/lib/python3.12/site-packages/airflow/example_dags/tutorial_taskflow_api.py
[2025-02-07T13:46:33.843+0000] {processor.py:925} INFO - DAG(s) 'tutorial_taskflow_api' retrieved from /opt/conda/lib/python3.12/site-packages/airflow/example_dags/tutorial_taskflow_api.py
[2025-02-07T13:46:33.881+0000] {logging_mixin.py:190} INFO - [2025-02-07T13:46:33.881+0000] {dag.py:3239} INFO - Sync 1 DAGs
[2025-02-07T13:46:33.907+0000] {logging_mixin.py:190} INFO - [2025-02-07T13:46:33.906+0000] {dag.py:4180} INFO - Setting next_dagrun for tutorial_taskflow_api to None, run_after=None
[2025-02-07T13:46:33.994+0000] {processor.py:208} INFO - Processing /opt/conda/lib/python3.12/site-packages/airflow/example_dags/tutorial_taskflow_api.py took 0.200 seconds
[2025-02-07T14:02:02.324+0000] {processor.py:186} INFO - Started process (PID=456) to work on /opt/conda/lib/python3.12/site-packages/airflow/example_dags/tutorial_taskflow_api.py
[2025-02-07T14:02:02.325+0000] {processor.py:914} INFO - Processing file /opt/conda/lib/python3.12/site-packages/airflow/example_dags/tutorial_taskflow_api.py for tasks to queue
[2025-02-07T14:02:02.326+0000] {logging_mixin.py:190} INFO - [2025-02-07T14:02:02.326+0000] {dagbag.py:588} INFO - Filling up the DagBag from /opt/conda/lib/python3.12/site-packages/airflow/example_dags/tutorial_taskflow_api.py
[2025-02-07T14:02:02.352+0000] {processor.py:925} INFO - DAG(s) 'tutorial_taskflow_api' retrieved from /opt/conda/lib/python3.12/site-packages/airflow/example_dags/tutorial_taskflow_api.py
[2025-02-07T14:02:02.440+0000] {logging_mixin.py:190} INFO - [2025-02-07T14:02:02.440+0000] {dag.py:3239} INFO - Sync 1 DAGs
[2025-02-07T14:02:02.467+0000] {logging_mixin.py:190} INFO - [2025-02-07T14:02:02.467+0000] {dag.py:4180} INFO - Setting next_dagrun for tutorial_taskflow_api to None, run_after=None
[2025-02-07T14:02:02.546+0000] {processor.py:208} INFO - Processing /opt/conda/lib/python3.12/site-packages/airflow/example_dags/tutorial_taskflow_api.py took 0.232 seconds
[2025-02-07T14:05:54.576+0000] {processor.py:186} INFO - Started process (PID=1800) to work on /opt/conda/lib/python3.12/site-packages/airflow/example_dags/tutorial_taskflow_api.py
[2025-02-07T14:05:54.577+0000] {processor.py:914} INFO - Processing file /opt/conda/lib/python3.12/site-packages/airflow/example_dags/tutorial_taskflow_api.py for tasks to queue
[2025-02-07T14:05:54.578+0000] {logging_mixin.py:190} INFO - [2025-02-07T14:05:54.578+0000] {dagbag.py:588} INFO - Filling up the DagBag from /opt/conda/lib/python3.12/site-packages/airflow/example_dags/tutorial_taskflow_api.py
[2025-02-07T14:05:54.599+0000] {processor.py:925} INFO - DAG(s) 'tutorial_taskflow_api' retrieved from /opt/conda/lib/python3.12/site-packages/airflow/example_dags/tutorial_taskflow_api.py
[2025-02-07T14:05:54.620+0000] {logging_mixin.py:190} INFO - [2025-02-07T14:05:54.619+0000] {dag.py:3239} INFO - Sync 1 DAGs
[2025-02-07T14:05:54.633+0000] {logging_mixin.py:190} INFO - [2025-02-07T14:05:54.632+0000] {dag.py:4180} INFO - Setting next_dagrun for tutorial_taskflow_api to None, run_after=None
[2025-02-07T14:05:54.653+0000] {processor.py:208} INFO - Processing /opt/conda/lib/python3.12/site-packages/airflow/example_dags/tutorial_taskflow_api.py took 0.083 seconds
[2025-02-07T14:07:17.764+0000] {processor.py:186} INFO - Started process (PID=1988) to work on /opt/conda/lib/python3.12/site-packages/airflow/example_dags/tutorial_taskflow_api.py
[2025-02-07T14:07:17.766+0000] {processor.py:914} INFO - Processing file /opt/conda/lib/python3.12/site-packages/airflow/example_dags/tutorial_taskflow_api.py for tasks to queue
[2025-02-07T14:07:17.767+0000] {logging_mixin.py:190} INFO - [2025-02-07T14:07:17.766+0000] {dagbag.py:588} INFO - Filling up the DagBag from /opt/conda/lib/python3.12/site-packages/airflow/example_dags/tutorial_taskflow_api.py
[2025-02-07T14:07:17.775+0000] {processor.py:925} INFO - DAG(s) 'tutorial_taskflow_api' retrieved from /opt/conda/lib/python3.12/site-packages/airflow/example_dags/tutorial_taskflow_api.py
[2025-02-07T14:07:17.796+0000] {logging_mixin.py:190} INFO - [2025-02-07T14:07:17.796+0000] {dag.py:3239} INFO - Sync 1 DAGs
[2025-02-07T14:07:17.807+0000] {logging_mixin.py:190} INFO - [2025-02-07T14:07:17.807+0000] {dag.py:4180} INFO - Setting next_dagrun for tutorial_taskflow_api to None, run_after=None
[2025-02-07T14:07:17.826+0000] {processor.py:208} INFO - Processing /opt/conda/lib/python3.12/site-packages/airflow/example_dags/tutorial_taskflow_api.py took 0.073 seconds
[2025-02-07T14:09:31.624+0000] {processor.py:186} INFO - Started process (PID=2200) to work on /opt/conda/lib/python3.12/site-packages/airflow/example_dags/tutorial_taskflow_api.py
[2025-02-07T14:09:31.629+0000] {processor.py:914} INFO - Processing file /opt/conda/lib/python3.12/site-packages/airflow/example_dags/tutorial_taskflow_api.py for tasks to queue
[2025-02-07T14:09:31.632+0000] {logging_mixin.py:190} INFO - [2025-02-07T14:09:31.631+0000] {dagbag.py:588} INFO - Filling up the DagBag from /opt/conda/lib/python3.12/site-packages/airflow/example_dags/tutorial_taskflow_api.py
[2025-02-07T14:09:31.669+0000] {processor.py:925} INFO - DAG(s) 'tutorial_taskflow_api' retrieved from /opt/conda/lib/python3.12/site-packages/airflow/example_dags/tutorial_taskflow_api.py
[2025-02-07T14:09:31.710+0000] {logging_mixin.py:190} INFO - [2025-02-07T14:09:31.709+0000] {dag.py:3239} INFO - Sync 1 DAGs
[2025-02-07T14:09:31.730+0000] {logging_mixin.py:190} INFO - [2025-02-07T14:09:31.730+0000] {dag.py:4180} INFO - Setting next_dagrun for tutorial_taskflow_api to None, run_after=None
[2025-02-07T14:09:31.770+0000] {processor.py:208} INFO - Processing /opt/conda/lib/python3.12/site-packages/airflow/example_dags/tutorial_taskflow_api.py took 0.159 seconds
[2025-02-07T14:36:35.537+0000] {processor.py:186} INFO - Started process (PID=428) to work on /opt/conda/lib/python3.12/site-packages/airflow/example_dags/tutorial_taskflow_api.py
[2025-02-07T14:36:35.539+0000] {processor.py:914} INFO - Processing file /opt/conda/lib/python3.12/site-packages/airflow/example_dags/tutorial_taskflow_api.py for tasks to queue
[2025-02-07T14:36:35.541+0000] {logging_mixin.py:190} INFO - [2025-02-07T14:36:35.540+0000] {dagbag.py:588} INFO - Filling up the DagBag from /opt/conda/lib/python3.12/site-packages/airflow/example_dags/tutorial_taskflow_api.py
[2025-02-07T14:36:35.551+0000] {processor.py:925} INFO - DAG(s) 'tutorial_taskflow_api' retrieved from /opt/conda/lib/python3.12/site-packages/airflow/example_dags/tutorial_taskflow_api.py
[2025-02-07T14:36:35.576+0000] {logging_mixin.py:190} INFO - [2025-02-07T14:36:35.576+0000] {dag.py:3239} INFO - Sync 1 DAGs
[2025-02-07T14:36:35.590+0000] {logging_mixin.py:190} INFO - [2025-02-07T14:36:35.590+0000] {dag.py:4180} INFO - Setting next_dagrun for tutorial_taskflow_api to None, run_after=None
[2025-02-07T14:36:35.603+0000] {processor.py:208} INFO - Processing /opt/conda/lib/python3.12/site-packages/airflow/example_dags/tutorial_taskflow_api.py took 0.073 seconds
[2025-02-07T14:41:22.939+0000] {processor.py:186} INFO - Started process (PID=317) to work on /opt/conda/lib/python3.12/site-packages/airflow/example_dags/tutorial_taskflow_api.py
[2025-02-07T14:41:22.941+0000] {processor.py:914} INFO - Processing file /opt/conda/lib/python3.12/site-packages/airflow/example_dags/tutorial_taskflow_api.py for tasks to queue
[2025-02-07T14:41:22.944+0000] {logging_mixin.py:190} INFO - [2025-02-07T14:41:22.944+0000] {dagbag.py:588} INFO - Filling up the DagBag from /opt/conda/lib/python3.12/site-packages/airflow/example_dags/tutorial_taskflow_api.py
[2025-02-07T14:41:22.976+0000] {processor.py:925} INFO - DAG(s) 'tutorial_taskflow_api' retrieved from /opt/conda/lib/python3.12/site-packages/airflow/example_dags/tutorial_taskflow_api.py
[2025-02-07T14:41:23.034+0000] {logging_mixin.py:190} INFO - [2025-02-07T14:41:23.033+0000] {dag.py:3239} INFO - Sync 1 DAGs
[2025-02-07T14:41:23.062+0000] {logging_mixin.py:190} INFO - [2025-02-07T14:41:23.062+0000] {dag.py:4180} INFO - Setting next_dagrun for tutorial_taskflow_api to None, run_after=None
[2025-02-07T14:41:23.124+0000] {processor.py:208} INFO - Processing /opt/conda/lib/python3.12/site-packages/airflow/example_dags/tutorial_taskflow_api.py took 0.191 seconds
