[2025-02-07T12:04:17.861+0000] {processor.py:186} INFO - Started process (PID=607) to work on /opt/conda/lib/python3.12/site-packages/airflow/example_dags/tutorial_dag.py
[2025-02-07T12:04:17.862+0000] {processor.py:914} INFO - Processing file /opt/conda/lib/python3.12/site-packages/airflow/example_dags/tutorial_dag.py for tasks to queue
[2025-02-07T12:04:17.864+0000] {logging_mixin.py:190} INFO - [2025-02-07T12:04:17.864+0000] {dagbag.py:588} INFO - Filling up the DagBag from /opt/conda/lib/python3.12/site-packages/airflow/example_dags/tutorial_dag.py
[2025-02-07T12:04:17.871+0000] {processor.py:925} INFO - DAG(s) 'tutorial_dag' retrieved from /opt/conda/lib/python3.12/site-packages/airflow/example_dags/tutorial_dag.py
[2025-02-07T12:04:17.887+0000] {logging_mixin.py:190} INFO - [2025-02-07T12:04:17.886+0000] {dag.py:3239} INFO - Sync 1 DAGs
[2025-02-07T12:04:17.895+0000] {logging_mixin.py:190} INFO - [2025-02-07T12:04:17.895+0000] {dag.py:4180} INFO - Setting next_dagrun for tutorial_dag to None, run_after=None
[2025-02-07T12:04:17.913+0000] {processor.py:208} INFO - Processing /opt/conda/lib/python3.12/site-packages/airflow/example_dags/tutorial_dag.py took 0.055 seconds
[2025-02-07T12:16:45.484+0000] {processor.py:186} INFO - Started process (PID=4262) to work on /opt/conda/lib/python3.12/site-packages/airflow/example_dags/tutorial_dag.py
[2025-02-07T12:16:45.486+0000] {processor.py:914} INFO - Processing file /opt/conda/lib/python3.12/site-packages/airflow/example_dags/tutorial_dag.py for tasks to queue
[2025-02-07T12:16:45.488+0000] {logging_mixin.py:190} INFO - [2025-02-07T12:16:45.488+0000] {dagbag.py:588} INFO - Filling up the DagBag from /opt/conda/lib/python3.12/site-packages/airflow/example_dags/tutorial_dag.py
[2025-02-07T12:16:45.496+0000] {processor.py:925} INFO - DAG(s) 'tutorial_dag' retrieved from /opt/conda/lib/python3.12/site-packages/airflow/example_dags/tutorial_dag.py
[2025-02-07T12:16:45.508+0000] {logging_mixin.py:190} INFO - [2025-02-07T12:16:45.508+0000] {dag.py:3239} INFO - Sync 1 DAGs
[2025-02-07T12:16:45.518+0000] {logging_mixin.py:190} INFO - [2025-02-07T12:16:45.518+0000] {dag.py:4180} INFO - Setting next_dagrun for tutorial_dag to None, run_after=None
[2025-02-07T12:16:45.537+0000] {processor.py:208} INFO - Processing /opt/conda/lib/python3.12/site-packages/airflow/example_dags/tutorial_dag.py took 0.058 seconds
[2025-02-07T12:29:24.458+0000] {processor.py:186} INFO - Started process (PID=900) to work on /opt/conda/lib/python3.12/site-packages/airflow/example_dags/tutorial_dag.py
[2025-02-07T12:29:24.459+0000] {processor.py:914} INFO - Processing file /opt/conda/lib/python3.12/site-packages/airflow/example_dags/tutorial_dag.py for tasks to queue
[2025-02-07T12:29:24.460+0000] {logging_mixin.py:190} INFO - [2025-02-07T12:29:24.459+0000] {dagbag.py:588} INFO - Filling up the DagBag from /opt/conda/lib/python3.12/site-packages/airflow/example_dags/tutorial_dag.py
[2025-02-07T12:29:24.464+0000] {processor.py:925} INFO - DAG(s) 'tutorial_dag' retrieved from /opt/conda/lib/python3.12/site-packages/airflow/example_dags/tutorial_dag.py
[2025-02-07T12:29:24.488+0000] {logging_mixin.py:190} INFO - [2025-02-07T12:29:24.488+0000] {dag.py:3239} INFO - Sync 1 DAGs
[2025-02-07T12:29:24.497+0000] {logging_mixin.py:190} INFO - [2025-02-07T12:29:24.497+0000] {dag.py:4180} INFO - Setting next_dagrun for tutorial_dag to None, run_after=None
[2025-02-07T12:29:24.518+0000] {processor.py:208} INFO - Processing /opt/conda/lib/python3.12/site-packages/airflow/example_dags/tutorial_dag.py took 0.065 seconds
[2025-02-07T12:32:23.612+0000] {processor.py:186} INFO - Started process (PID=101) to work on /opt/conda/lib/python3.12/site-packages/airflow/example_dags/tutorial_dag.py
[2025-02-07T12:32:23.614+0000] {processor.py:914} INFO - Processing file /opt/conda/lib/python3.12/site-packages/airflow/example_dags/tutorial_dag.py for tasks to queue
[2025-02-07T12:32:23.618+0000] {logging_mixin.py:190} INFO - [2025-02-07T12:32:23.618+0000] {dagbag.py:588} INFO - Filling up the DagBag from /opt/conda/lib/python3.12/site-packages/airflow/example_dags/tutorial_dag.py
[2025-02-07T12:32:23.629+0000] {processor.py:925} INFO - DAG(s) 'tutorial_dag' retrieved from /opt/conda/lib/python3.12/site-packages/airflow/example_dags/tutorial_dag.py
[2025-02-07T12:32:23.646+0000] {logging_mixin.py:190} INFO - [2025-02-07T12:32:23.645+0000] {dag.py:3239} INFO - Sync 1 DAGs
[2025-02-07T12:32:23.675+0000] {logging_mixin.py:190} INFO - [2025-02-07T12:32:23.674+0000] {dag.py:4180} INFO - Setting next_dagrun for tutorial_dag to None, run_after=None
[2025-02-07T12:32:23.692+0000] {processor.py:208} INFO - Processing /opt/conda/lib/python3.12/site-packages/airflow/example_dags/tutorial_dag.py took 0.092 seconds
[2025-02-07T12:36:12.307+0000] {processor.py:186} INFO - Started process (PID=79) to work on /opt/conda/lib/python3.12/site-packages/airflow/example_dags/tutorial_dag.py
[2025-02-07T12:36:12.309+0000] {processor.py:914} INFO - Processing file /opt/conda/lib/python3.12/site-packages/airflow/example_dags/tutorial_dag.py for tasks to queue
[2025-02-07T12:36:12.312+0000] {logging_mixin.py:190} INFO - [2025-02-07T12:36:12.311+0000] {dagbag.py:588} INFO - Filling up the DagBag from /opt/conda/lib/python3.12/site-packages/airflow/example_dags/tutorial_dag.py
[2025-02-07T12:36:12.320+0000] {processor.py:925} INFO - DAG(s) 'tutorial_dag' retrieved from /opt/conda/lib/python3.12/site-packages/airflow/example_dags/tutorial_dag.py
[2025-02-07T12:36:12.339+0000] {logging_mixin.py:190} INFO - [2025-02-07T12:36:12.339+0000] {dag.py:3239} INFO - Sync 1 DAGs
[2025-02-07T12:36:12.349+0000] {logging_mixin.py:190} INFO - [2025-02-07T12:36:12.349+0000] {dag.py:4180} INFO - Setting next_dagrun for tutorial_dag to None, run_after=None
[2025-02-07T12:36:12.379+0000] {processor.py:208} INFO - Processing /opt/conda/lib/python3.12/site-packages/airflow/example_dags/tutorial_dag.py took 0.084 seconds
[2025-02-07T12:37:24.741+0000] {processor.py:186} INFO - Started process (PID=147) to work on /opt/conda/lib/python3.12/site-packages/airflow/example_dags/tutorial_dag.py
[2025-02-07T12:37:24.744+0000] {processor.py:914} INFO - Processing file /opt/conda/lib/python3.12/site-packages/airflow/example_dags/tutorial_dag.py for tasks to queue
[2025-02-07T12:37:24.750+0000] {logging_mixin.py:190} INFO - [2025-02-07T12:37:24.750+0000] {dagbag.py:588} INFO - Filling up the DagBag from /opt/conda/lib/python3.12/site-packages/airflow/example_dags/tutorial_dag.py
[2025-02-07T12:37:24.761+0000] {processor.py:925} INFO - DAG(s) 'tutorial_dag' retrieved from /opt/conda/lib/python3.12/site-packages/airflow/example_dags/tutorial_dag.py
[2025-02-07T12:37:24.776+0000] {logging_mixin.py:190} INFO - [2025-02-07T12:37:24.775+0000] {dag.py:3239} INFO - Sync 1 DAGs
[2025-02-07T12:37:24.786+0000] {logging_mixin.py:190} INFO - [2025-02-07T12:37:24.785+0000] {dag.py:4180} INFO - Setting next_dagrun for tutorial_dag to None, run_after=None
[2025-02-07T12:37:24.803+0000] {processor.py:208} INFO - Processing /opt/conda/lib/python3.12/site-packages/airflow/example_dags/tutorial_dag.py took 0.071 seconds
[2025-02-07T12:38:27.555+0000] {processor.py:186} INFO - Started process (PID=217) to work on /opt/conda/lib/python3.12/site-packages/airflow/example_dags/tutorial_dag.py
[2025-02-07T12:38:27.556+0000] {processor.py:914} INFO - Processing file /opt/conda/lib/python3.12/site-packages/airflow/example_dags/tutorial_dag.py for tasks to queue
[2025-02-07T12:38:27.559+0000] {logging_mixin.py:190} INFO - [2025-02-07T12:38:27.558+0000] {dagbag.py:588} INFO - Filling up the DagBag from /opt/conda/lib/python3.12/site-packages/airflow/example_dags/tutorial_dag.py
[2025-02-07T12:38:27.566+0000] {processor.py:925} INFO - DAG(s) 'tutorial_dag' retrieved from /opt/conda/lib/python3.12/site-packages/airflow/example_dags/tutorial_dag.py
[2025-02-07T12:38:27.581+0000] {logging_mixin.py:190} INFO - [2025-02-07T12:38:27.581+0000] {dag.py:3239} INFO - Sync 1 DAGs
[2025-02-07T12:38:27.591+0000] {logging_mixin.py:190} INFO - [2025-02-07T12:38:27.591+0000] {dag.py:4180} INFO - Setting next_dagrun for tutorial_dag to None, run_after=None
[2025-02-07T12:38:27.607+0000] {processor.py:208} INFO - Processing /opt/conda/lib/python3.12/site-packages/airflow/example_dags/tutorial_dag.py took 0.059 seconds
[2025-02-07T12:39:25.785+0000] {processor.py:186} INFO - Started process (PID=285) to work on /opt/conda/lib/python3.12/site-packages/airflow/example_dags/tutorial_dag.py
[2025-02-07T12:39:25.787+0000] {processor.py:914} INFO - Processing file /opt/conda/lib/python3.12/site-packages/airflow/example_dags/tutorial_dag.py for tasks to queue
[2025-02-07T12:39:25.789+0000] {logging_mixin.py:190} INFO - [2025-02-07T12:39:25.788+0000] {dagbag.py:588} INFO - Filling up the DagBag from /opt/conda/lib/python3.12/site-packages/airflow/example_dags/tutorial_dag.py
[2025-02-07T12:39:25.795+0000] {processor.py:925} INFO - DAG(s) 'tutorial_dag' retrieved from /opt/conda/lib/python3.12/site-packages/airflow/example_dags/tutorial_dag.py
[2025-02-07T12:39:25.807+0000] {logging_mixin.py:190} INFO - [2025-02-07T12:39:25.807+0000] {dag.py:3239} INFO - Sync 1 DAGs
[2025-02-07T12:39:25.818+0000] {logging_mixin.py:190} INFO - [2025-02-07T12:39:25.818+0000] {dag.py:4180} INFO - Setting next_dagrun for tutorial_dag to None, run_after=None
[2025-02-07T12:39:25.832+0000] {processor.py:208} INFO - Processing /opt/conda/lib/python3.12/site-packages/airflow/example_dags/tutorial_dag.py took 0.054 seconds
[2025-02-07T12:40:21.288+0000] {processor.py:186} INFO - Started process (PID=342) to work on /opt/conda/lib/python3.12/site-packages/airflow/example_dags/tutorial_dag.py
[2025-02-07T12:40:21.289+0000] {processor.py:914} INFO - Processing file /opt/conda/lib/python3.12/site-packages/airflow/example_dags/tutorial_dag.py for tasks to queue
[2025-02-07T12:40:21.291+0000] {logging_mixin.py:190} INFO - [2025-02-07T12:40:21.291+0000] {dagbag.py:588} INFO - Filling up the DagBag from /opt/conda/lib/python3.12/site-packages/airflow/example_dags/tutorial_dag.py
[2025-02-07T12:40:21.299+0000] {processor.py:925} INFO - DAG(s) 'tutorial_dag' retrieved from /opt/conda/lib/python3.12/site-packages/airflow/example_dags/tutorial_dag.py
[2025-02-07T12:40:21.310+0000] {logging_mixin.py:190} INFO - [2025-02-07T12:40:21.309+0000] {dag.py:3239} INFO - Sync 1 DAGs
[2025-02-07T12:40:21.319+0000] {logging_mixin.py:190} INFO - [2025-02-07T12:40:21.319+0000] {dag.py:4180} INFO - Setting next_dagrun for tutorial_dag to None, run_after=None
[2025-02-07T12:40:21.331+0000] {processor.py:208} INFO - Processing /opt/conda/lib/python3.12/site-packages/airflow/example_dags/tutorial_dag.py took 0.050 seconds
[2025-02-07T12:41:19.174+0000] {processor.py:186} INFO - Started process (PID=410) to work on /opt/conda/lib/python3.12/site-packages/airflow/example_dags/tutorial_dag.py
[2025-02-07T12:41:19.176+0000] {processor.py:914} INFO - Processing file /opt/conda/lib/python3.12/site-packages/airflow/example_dags/tutorial_dag.py for tasks to queue
[2025-02-07T12:41:19.179+0000] {logging_mixin.py:190} INFO - [2025-02-07T12:41:19.178+0000] {dagbag.py:588} INFO - Filling up the DagBag from /opt/conda/lib/python3.12/site-packages/airflow/example_dags/tutorial_dag.py
[2025-02-07T12:41:19.204+0000] {processor.py:925} INFO - DAG(s) 'tutorial_dag' retrieved from /opt/conda/lib/python3.12/site-packages/airflow/example_dags/tutorial_dag.py
[2025-02-07T12:41:19.223+0000] {logging_mixin.py:190} INFO - [2025-02-07T12:41:19.223+0000] {dag.py:3239} INFO - Sync 1 DAGs
[2025-02-07T12:41:19.234+0000] {logging_mixin.py:190} INFO - [2025-02-07T12:41:19.234+0000] {dag.py:4180} INFO - Setting next_dagrun for tutorial_dag to None, run_after=None
[2025-02-07T12:41:19.249+0000] {processor.py:208} INFO - Processing /opt/conda/lib/python3.12/site-packages/airflow/example_dags/tutorial_dag.py took 0.085 seconds
[2025-02-07T12:46:04.114+0000] {processor.py:186} INFO - Started process (PID=2455) to work on /opt/conda/lib/python3.12/site-packages/airflow/example_dags/tutorial_dag.py
[2025-02-07T12:46:04.115+0000] {processor.py:914} INFO - Processing file /opt/conda/lib/python3.12/site-packages/airflow/example_dags/tutorial_dag.py for tasks to queue
[2025-02-07T12:46:04.118+0000] {logging_mixin.py:190} INFO - [2025-02-07T12:46:04.117+0000] {dagbag.py:588} INFO - Filling up the DagBag from /opt/conda/lib/python3.12/site-packages/airflow/example_dags/tutorial_dag.py
[2025-02-07T12:46:04.136+0000] {processor.py:925} INFO - DAG(s) 'tutorial_dag' retrieved from /opt/conda/lib/python3.12/site-packages/airflow/example_dags/tutorial_dag.py
[2025-02-07T12:46:04.149+0000] {logging_mixin.py:190} INFO - [2025-02-07T12:46:04.149+0000] {dag.py:3239} INFO - Sync 1 DAGs
[2025-02-07T12:46:04.158+0000] {logging_mixin.py:190} INFO - [2025-02-07T12:46:04.158+0000] {dag.py:4180} INFO - Setting next_dagrun for tutorial_dag to None, run_after=None
[2025-02-07T12:46:04.173+0000] {processor.py:208} INFO - Processing /opt/conda/lib/python3.12/site-packages/airflow/example_dags/tutorial_dag.py took 0.064 seconds
[2025-02-07T12:54:54.277+0000] {processor.py:186} INFO - Started process (PID=6031) to work on /opt/conda/lib/python3.12/site-packages/airflow/example_dags/tutorial_dag.py
[2025-02-07T12:54:54.279+0000] {processor.py:914} INFO - Processing file /opt/conda/lib/python3.12/site-packages/airflow/example_dags/tutorial_dag.py for tasks to queue
[2025-02-07T12:54:54.281+0000] {logging_mixin.py:190} INFO - [2025-02-07T12:54:54.281+0000] {dagbag.py:588} INFO - Filling up the DagBag from /opt/conda/lib/python3.12/site-packages/airflow/example_dags/tutorial_dag.py
[2025-02-07T12:54:54.302+0000] {processor.py:925} INFO - DAG(s) 'tutorial_dag' retrieved from /opt/conda/lib/python3.12/site-packages/airflow/example_dags/tutorial_dag.py
[2025-02-07T12:54:54.313+0000] {logging_mixin.py:190} INFO - [2025-02-07T12:54:54.313+0000] {dag.py:3239} INFO - Sync 1 DAGs
[2025-02-07T12:54:54.321+0000] {logging_mixin.py:190} INFO - [2025-02-07T12:54:54.321+0000] {dag.py:4180} INFO - Setting next_dagrun for tutorial_dag to None, run_after=None
[2025-02-07T12:54:54.335+0000] {processor.py:208} INFO - Processing /opt/conda/lib/python3.12/site-packages/airflow/example_dags/tutorial_dag.py took 0.062 seconds
[2025-02-07T13:02:52.293+0000] {processor.py:186} INFO - Started process (PID=369) to work on /opt/conda/lib/python3.12/site-packages/airflow/example_dags/tutorial_dag.py
[2025-02-07T13:02:52.296+0000] {processor.py:914} INFO - Processing file /opt/conda/lib/python3.12/site-packages/airflow/example_dags/tutorial_dag.py for tasks to queue
[2025-02-07T13:02:52.300+0000] {logging_mixin.py:190} INFO - [2025-02-07T13:02:52.300+0000] {dagbag.py:588} INFO - Filling up the DagBag from /opt/conda/lib/python3.12/site-packages/airflow/example_dags/tutorial_dag.py
[2025-02-07T13:02:52.320+0000] {processor.py:925} INFO - DAG(s) 'tutorial_dag' retrieved from /opt/conda/lib/python3.12/site-packages/airflow/example_dags/tutorial_dag.py
[2025-02-07T13:02:52.350+0000] {logging_mixin.py:190} INFO - [2025-02-07T13:02:52.349+0000] {dag.py:3239} INFO - Sync 1 DAGs
[2025-02-07T13:02:52.360+0000] {logging_mixin.py:190} INFO - [2025-02-07T13:02:52.360+0000] {dag.py:4180} INFO - Setting next_dagrun for tutorial_dag to None, run_after=None
[2025-02-07T13:02:52.375+0000] {processor.py:208} INFO - Processing /opt/conda/lib/python3.12/site-packages/airflow/example_dags/tutorial_dag.py took 0.087 seconds
[2025-02-07T13:06:44.392+0000] {processor.py:186} INFO - Started process (PID=365) to work on /opt/conda/lib/python3.12/site-packages/airflow/example_dags/tutorial_dag.py
[2025-02-07T13:06:44.393+0000] {processor.py:914} INFO - Processing file /opt/conda/lib/python3.12/site-packages/airflow/example_dags/tutorial_dag.py for tasks to queue
[2025-02-07T13:06:44.395+0000] {logging_mixin.py:190} INFO - [2025-02-07T13:06:44.395+0000] {dagbag.py:588} INFO - Filling up the DagBag from /opt/conda/lib/python3.12/site-packages/airflow/example_dags/tutorial_dag.py
[2025-02-07T13:06:44.402+0000] {processor.py:925} INFO - DAG(s) 'tutorial_dag' retrieved from /opt/conda/lib/python3.12/site-packages/airflow/example_dags/tutorial_dag.py
[2025-02-07T13:06:44.425+0000] {logging_mixin.py:190} INFO - [2025-02-07T13:06:44.425+0000] {dag.py:3239} INFO - Sync 1 DAGs
[2025-02-07T13:06:44.441+0000] {logging_mixin.py:190} INFO - [2025-02-07T13:06:44.441+0000] {dag.py:4180} INFO - Setting next_dagrun for tutorial_dag to None, run_after=None
[2025-02-07T13:06:44.464+0000] {processor.py:208} INFO - Processing /opt/conda/lib/python3.12/site-packages/airflow/example_dags/tutorial_dag.py took 0.096 seconds
[2025-02-07T13:10:04.259+0000] {processor.py:186} INFO - Started process (PID=387) to work on /opt/conda/lib/python3.12/site-packages/airflow/example_dags/tutorial_dag.py
[2025-02-07T13:10:04.260+0000] {processor.py:914} INFO - Processing file /opt/conda/lib/python3.12/site-packages/airflow/example_dags/tutorial_dag.py for tasks to queue
[2025-02-07T13:10:04.279+0000] {logging_mixin.py:190} INFO - [2025-02-07T13:10:04.277+0000] {dagbag.py:588} INFO - Filling up the DagBag from /opt/conda/lib/python3.12/site-packages/airflow/example_dags/tutorial_dag.py
[2025-02-07T13:10:04.327+0000] {processor.py:925} INFO - DAG(s) 'tutorial_dag' retrieved from /opt/conda/lib/python3.12/site-packages/airflow/example_dags/tutorial_dag.py
[2025-02-07T13:10:04.436+0000] {logging_mixin.py:190} INFO - [2025-02-07T13:10:04.436+0000] {dag.py:3239} INFO - Sync 1 DAGs
[2025-02-07T13:10:04.456+0000] {logging_mixin.py:190} INFO - [2025-02-07T13:10:04.456+0000] {dag.py:4180} INFO - Setting next_dagrun for tutorial_dag to None, run_after=None
[2025-02-07T13:10:04.479+0000] {processor.py:208} INFO - Processing /opt/conda/lib/python3.12/site-packages/airflow/example_dags/tutorial_dag.py took 0.229 seconds
[2025-02-07T13:18:22.659+0000] {processor.py:186} INFO - Started process (PID=762) to work on /opt/conda/lib/python3.12/site-packages/airflow/example_dags/tutorial_dag.py
[2025-02-07T13:18:22.660+0000] {processor.py:914} INFO - Processing file /opt/conda/lib/python3.12/site-packages/airflow/example_dags/tutorial_dag.py for tasks to queue
[2025-02-07T13:18:22.661+0000] {logging_mixin.py:190} INFO - [2025-02-07T13:18:22.661+0000] {dagbag.py:588} INFO - Filling up the DagBag from /opt/conda/lib/python3.12/site-packages/airflow/example_dags/tutorial_dag.py
[2025-02-07T13:18:22.666+0000] {processor.py:925} INFO - DAG(s) 'tutorial_dag' retrieved from /opt/conda/lib/python3.12/site-packages/airflow/example_dags/tutorial_dag.py
[2025-02-07T13:18:22.684+0000] {logging_mixin.py:190} INFO - [2025-02-07T13:18:22.683+0000] {dag.py:3239} INFO - Sync 1 DAGs
[2025-02-07T13:18:22.690+0000] {logging_mixin.py:190} INFO - [2025-02-07T13:18:22.690+0000] {dag.py:4180} INFO - Setting next_dagrun for tutorial_dag to None, run_after=None
[2025-02-07T13:18:22.706+0000] {processor.py:208} INFO - Processing /opt/conda/lib/python3.12/site-packages/airflow/example_dags/tutorial_dag.py took 0.049 seconds
[2025-02-07T13:24:35.796+0000] {processor.py:186} INFO - Started process (PID=475) to work on /opt/conda/lib/python3.12/site-packages/airflow/example_dags/tutorial_dag.py
[2025-02-07T13:24:35.798+0000] {processor.py:914} INFO - Processing file /opt/conda/lib/python3.12/site-packages/airflow/example_dags/tutorial_dag.py for tasks to queue
[2025-02-07T13:24:35.799+0000] {logging_mixin.py:190} INFO - [2025-02-07T13:24:35.799+0000] {dagbag.py:588} INFO - Filling up the DagBag from /opt/conda/lib/python3.12/site-packages/airflow/example_dags/tutorial_dag.py
[2025-02-07T13:24:35.808+0000] {processor.py:925} INFO - DAG(s) 'tutorial_dag' retrieved from /opt/conda/lib/python3.12/site-packages/airflow/example_dags/tutorial_dag.py
[2025-02-07T13:24:35.856+0000] {logging_mixin.py:190} INFO - [2025-02-07T13:24:35.856+0000] {dag.py:3239} INFO - Sync 1 DAGs
[2025-02-07T13:24:35.895+0000] {logging_mixin.py:190} INFO - [2025-02-07T13:24:35.895+0000] {dag.py:4180} INFO - Setting next_dagrun for tutorial_dag to None, run_after=None
[2025-02-07T13:24:35.914+0000] {processor.py:208} INFO - Processing /opt/conda/lib/python3.12/site-packages/airflow/example_dags/tutorial_dag.py took 0.184 seconds
[2025-02-07T13:26:58.146+0000] {processor.py:186} INFO - Started process (PID=174) to work on /opt/conda/lib/python3.12/site-packages/airflow/example_dags/tutorial_dag.py
[2025-02-07T13:26:58.147+0000] {processor.py:914} INFO - Processing file /opt/conda/lib/python3.12/site-packages/airflow/example_dags/tutorial_dag.py for tasks to queue
[2025-02-07T13:26:58.150+0000] {logging_mixin.py:190} INFO - [2025-02-07T13:26:58.149+0000] {dagbag.py:588} INFO - Filling up the DagBag from /opt/conda/lib/python3.12/site-packages/airflow/example_dags/tutorial_dag.py
[2025-02-07T13:26:58.165+0000] {processor.py:925} INFO - DAG(s) 'tutorial_dag' retrieved from /opt/conda/lib/python3.12/site-packages/airflow/example_dags/tutorial_dag.py
[2025-02-07T13:26:58.212+0000] {logging_mixin.py:190} INFO - [2025-02-07T13:26:58.212+0000] {dag.py:3239} INFO - Sync 1 DAGs
[2025-02-07T13:26:58.223+0000] {logging_mixin.py:190} INFO - [2025-02-07T13:26:58.223+0000] {dag.py:4180} INFO - Setting next_dagrun for tutorial_dag to None, run_after=None
[2025-02-07T13:26:58.268+0000] {processor.py:208} INFO - Processing /opt/conda/lib/python3.12/site-packages/airflow/example_dags/tutorial_dag.py took 0.131 seconds
[2025-02-07T13:28:30.208+0000] {processor.py:186} INFO - Started process (PID=327) to work on /opt/conda/lib/python3.12/site-packages/airflow/example_dags/tutorial_dag.py
[2025-02-07T13:28:30.212+0000] {processor.py:914} INFO - Processing file /opt/conda/lib/python3.12/site-packages/airflow/example_dags/tutorial_dag.py for tasks to queue
[2025-02-07T13:28:30.213+0000] {logging_mixin.py:190} INFO - [2025-02-07T13:28:30.213+0000] {dagbag.py:588} INFO - Filling up the DagBag from /opt/conda/lib/python3.12/site-packages/airflow/example_dags/tutorial_dag.py
[2025-02-07T13:28:30.220+0000] {processor.py:925} INFO - DAG(s) 'tutorial_dag' retrieved from /opt/conda/lib/python3.12/site-packages/airflow/example_dags/tutorial_dag.py
[2025-02-07T13:28:30.232+0000] {logging_mixin.py:190} INFO - [2025-02-07T13:28:30.232+0000] {dag.py:3239} INFO - Sync 1 DAGs
[2025-02-07T13:28:30.241+0000] {logging_mixin.py:190} INFO - [2025-02-07T13:28:30.240+0000] {dag.py:4180} INFO - Setting next_dagrun for tutorial_dag to None, run_after=None
[2025-02-07T13:28:30.278+0000] {processor.py:208} INFO - Processing /opt/conda/lib/python3.12/site-packages/airflow/example_dags/tutorial_dag.py took 0.094 seconds
[2025-02-07T13:29:19.089+0000] {processor.py:186} INFO - Started process (PID=374) to work on /opt/conda/lib/python3.12/site-packages/airflow/example_dags/tutorial_dag.py
[2025-02-07T13:29:19.093+0000] {processor.py:914} INFO - Processing file /opt/conda/lib/python3.12/site-packages/airflow/example_dags/tutorial_dag.py for tasks to queue
[2025-02-07T13:29:19.095+0000] {logging_mixin.py:190} INFO - [2025-02-07T13:29:19.094+0000] {dagbag.py:588} INFO - Filling up the DagBag from /opt/conda/lib/python3.12/site-packages/airflow/example_dags/tutorial_dag.py
[2025-02-07T13:29:19.102+0000] {processor.py:925} INFO - DAG(s) 'tutorial_dag' retrieved from /opt/conda/lib/python3.12/site-packages/airflow/example_dags/tutorial_dag.py
[2025-02-07T13:29:19.115+0000] {logging_mixin.py:190} INFO - [2025-02-07T13:29:19.115+0000] {dag.py:3239} INFO - Sync 1 DAGs
[2025-02-07T13:29:19.122+0000] {logging_mixin.py:190} INFO - [2025-02-07T13:29:19.122+0000] {dag.py:4180} INFO - Setting next_dagrun for tutorial_dag to None, run_after=None
[2025-02-07T13:29:19.153+0000] {processor.py:208} INFO - Processing /opt/conda/lib/python3.12/site-packages/airflow/example_dags/tutorial_dag.py took 0.072 seconds
[2025-02-07T13:30:23.768+0000] {processor.py:186} INFO - Started process (PID=454) to work on /opt/conda/lib/python3.12/site-packages/airflow/example_dags/tutorial_dag.py
[2025-02-07T13:30:23.769+0000] {processor.py:914} INFO - Processing file /opt/conda/lib/python3.12/site-packages/airflow/example_dags/tutorial_dag.py for tasks to queue
[2025-02-07T13:30:23.771+0000] {logging_mixin.py:190} INFO - [2025-02-07T13:30:23.771+0000] {dagbag.py:588} INFO - Filling up the DagBag from /opt/conda/lib/python3.12/site-packages/airflow/example_dags/tutorial_dag.py
[2025-02-07T13:30:23.779+0000] {processor.py:925} INFO - DAG(s) 'tutorial_dag' retrieved from /opt/conda/lib/python3.12/site-packages/airflow/example_dags/tutorial_dag.py
[2025-02-07T13:30:23.795+0000] {logging_mixin.py:190} INFO - [2025-02-07T13:30:23.795+0000] {dag.py:3239} INFO - Sync 1 DAGs
[2025-02-07T13:30:23.805+0000] {logging_mixin.py:190} INFO - [2025-02-07T13:30:23.805+0000] {dag.py:4180} INFO - Setting next_dagrun for tutorial_dag to None, run_after=None
[2025-02-07T13:30:23.829+0000] {processor.py:208} INFO - Processing /opt/conda/lib/python3.12/site-packages/airflow/example_dags/tutorial_dag.py took 0.068 seconds
[2025-02-07T13:32:59.446+0000] {processor.py:186} INFO - Started process (PID=295) to work on /opt/conda/lib/python3.12/site-packages/airflow/example_dags/tutorial_dag.py
[2025-02-07T13:32:59.447+0000] {processor.py:914} INFO - Processing file /opt/conda/lib/python3.12/site-packages/airflow/example_dags/tutorial_dag.py for tasks to queue
[2025-02-07T13:32:59.450+0000] {logging_mixin.py:190} INFO - [2025-02-07T13:32:59.449+0000] {dagbag.py:588} INFO - Filling up the DagBag from /opt/conda/lib/python3.12/site-packages/airflow/example_dags/tutorial_dag.py
[2025-02-07T13:32:59.461+0000] {processor.py:925} INFO - DAG(s) 'tutorial_dag' retrieved from /opt/conda/lib/python3.12/site-packages/airflow/example_dags/tutorial_dag.py
[2025-02-07T13:32:59.508+0000] {logging_mixin.py:190} INFO - [2025-02-07T13:32:59.507+0000] {dag.py:3239} INFO - Sync 1 DAGs
[2025-02-07T13:32:59.534+0000] {logging_mixin.py:190} INFO - [2025-02-07T13:32:59.534+0000] {dag.py:4180} INFO - Setting next_dagrun for tutorial_dag to None, run_after=None
[2025-02-07T13:32:59.589+0000] {processor.py:208} INFO - Processing /opt/conda/lib/python3.12/site-packages/airflow/example_dags/tutorial_dag.py took 0.147 seconds
[2025-02-07T13:34:49.265+0000] {processor.py:186} INFO - Started process (PID=185) to work on /opt/conda/lib/python3.12/site-packages/airflow/example_dags/tutorial_dag.py
[2025-02-07T13:34:49.266+0000] {processor.py:914} INFO - Processing file /opt/conda/lib/python3.12/site-packages/airflow/example_dags/tutorial_dag.py for tasks to queue
[2025-02-07T13:34:49.271+0000] {logging_mixin.py:190} INFO - [2025-02-07T13:34:49.270+0000] {dagbag.py:588} INFO - Filling up the DagBag from /opt/conda/lib/python3.12/site-packages/airflow/example_dags/tutorial_dag.py
[2025-02-07T13:34:49.283+0000] {processor.py:925} INFO - DAG(s) 'tutorial_dag' retrieved from /opt/conda/lib/python3.12/site-packages/airflow/example_dags/tutorial_dag.py
[2025-02-07T13:34:49.308+0000] {logging_mixin.py:190} INFO - [2025-02-07T13:34:49.307+0000] {dag.py:3239} INFO - Sync 1 DAGs
[2025-02-07T13:34:49.319+0000] {logging_mixin.py:190} INFO - [2025-02-07T13:34:49.319+0000] {dag.py:4180} INFO - Setting next_dagrun for tutorial_dag to None, run_after=None
[2025-02-07T13:34:49.343+0000] {processor.py:208} INFO - Processing /opt/conda/lib/python3.12/site-packages/airflow/example_dags/tutorial_dag.py took 0.082 seconds
[2025-02-07T13:35:58.673+0000] {processor.py:186} INFO - Started process (PID=76) to work on /opt/conda/lib/python3.12/site-packages/airflow/example_dags/tutorial_dag.py
[2025-02-07T13:35:58.675+0000] {processor.py:914} INFO - Processing file /opt/conda/lib/python3.12/site-packages/airflow/example_dags/tutorial_dag.py for tasks to queue
[2025-02-07T13:35:58.681+0000] {logging_mixin.py:190} INFO - [2025-02-07T13:35:58.680+0000] {dagbag.py:588} INFO - Filling up the DagBag from /opt/conda/lib/python3.12/site-packages/airflow/example_dags/tutorial_dag.py
[2025-02-07T13:35:58.694+0000] {processor.py:925} INFO - DAG(s) 'tutorial_dag' retrieved from /opt/conda/lib/python3.12/site-packages/airflow/example_dags/tutorial_dag.py
[2025-02-07T13:35:58.745+0000] {logging_mixin.py:190} INFO - [2025-02-07T13:35:58.744+0000] {dag.py:3239} INFO - Sync 1 DAGs
[2025-02-07T13:35:58.774+0000] {logging_mixin.py:190} INFO - [2025-02-07T13:35:58.773+0000] {dag.py:4180} INFO - Setting next_dagrun for tutorial_dag to None, run_after=None
[2025-02-07T13:35:58.811+0000] {processor.py:208} INFO - Processing /opt/conda/lib/python3.12/site-packages/airflow/example_dags/tutorial_dag.py took 0.144 seconds
[2025-02-07T13:37:56.268+0000] {processor.py:186} INFO - Started process (PID=300) to work on /opt/conda/lib/python3.12/site-packages/airflow/example_dags/tutorial_dag.py
[2025-02-07T13:37:56.269+0000] {processor.py:914} INFO - Processing file /opt/conda/lib/python3.12/site-packages/airflow/example_dags/tutorial_dag.py for tasks to queue
[2025-02-07T13:37:56.280+0000] {logging_mixin.py:190} INFO - [2025-02-07T13:37:56.280+0000] {dagbag.py:588} INFO - Filling up the DagBag from /opt/conda/lib/python3.12/site-packages/airflow/example_dags/tutorial_dag.py
[2025-02-07T13:37:56.298+0000] {processor.py:925} INFO - DAG(s) 'tutorial_dag' retrieved from /opt/conda/lib/python3.12/site-packages/airflow/example_dags/tutorial_dag.py
[2025-02-07T13:37:56.336+0000] {logging_mixin.py:190} INFO - [2025-02-07T13:37:56.336+0000] {dag.py:3239} INFO - Sync 1 DAGs
[2025-02-07T13:37:56.348+0000] {logging_mixin.py:190} INFO - [2025-02-07T13:37:56.348+0000] {dag.py:4180} INFO - Setting next_dagrun for tutorial_dag to None, run_after=None
[2025-02-07T13:37:56.364+0000] {processor.py:208} INFO - Processing /opt/conda/lib/python3.12/site-packages/airflow/example_dags/tutorial_dag.py took 0.100 seconds
[2025-02-07T13:39:21.278+0000] {processor.py:186} INFO - Started process (PID=478) to work on /opt/conda/lib/python3.12/site-packages/airflow/example_dags/tutorial_dag.py
[2025-02-07T13:39:21.280+0000] {processor.py:914} INFO - Processing file /opt/conda/lib/python3.12/site-packages/airflow/example_dags/tutorial_dag.py for tasks to queue
[2025-02-07T13:39:21.282+0000] {logging_mixin.py:190} INFO - [2025-02-07T13:39:21.282+0000] {dagbag.py:588} INFO - Filling up the DagBag from /opt/conda/lib/python3.12/site-packages/airflow/example_dags/tutorial_dag.py
[2025-02-07T13:39:21.289+0000] {processor.py:925} INFO - DAG(s) 'tutorial_dag' retrieved from /opt/conda/lib/python3.12/site-packages/airflow/example_dags/tutorial_dag.py
[2025-02-07T13:39:21.302+0000] {logging_mixin.py:190} INFO - [2025-02-07T13:39:21.301+0000] {dag.py:3239} INFO - Sync 1 DAGs
[2025-02-07T13:39:21.311+0000] {logging_mixin.py:190} INFO - [2025-02-07T13:39:21.311+0000] {dag.py:4180} INFO - Setting next_dagrun for tutorial_dag to None, run_after=None
[2025-02-07T13:39:21.327+0000] {processor.py:208} INFO - Processing /opt/conda/lib/python3.12/site-packages/airflow/example_dags/tutorial_dag.py took 0.054 seconds
[2025-02-07T13:40:19.612+0000] {processor.py:186} INFO - Started process (PID=546) to work on /opt/conda/lib/python3.12/site-packages/airflow/example_dags/tutorial_dag.py
[2025-02-07T13:40:19.613+0000] {processor.py:914} INFO - Processing file /opt/conda/lib/python3.12/site-packages/airflow/example_dags/tutorial_dag.py for tasks to queue
[2025-02-07T13:40:19.615+0000] {logging_mixin.py:190} INFO - [2025-02-07T13:40:19.615+0000] {dagbag.py:588} INFO - Filling up the DagBag from /opt/conda/lib/python3.12/site-packages/airflow/example_dags/tutorial_dag.py
[2025-02-07T13:40:19.622+0000] {processor.py:925} INFO - DAG(s) 'tutorial_dag' retrieved from /opt/conda/lib/python3.12/site-packages/airflow/example_dags/tutorial_dag.py
[2025-02-07T13:40:19.634+0000] {logging_mixin.py:190} INFO - [2025-02-07T13:40:19.634+0000] {dag.py:3239} INFO - Sync 1 DAGs
[2025-02-07T13:40:19.643+0000] {logging_mixin.py:190} INFO - [2025-02-07T13:40:19.643+0000] {dag.py:4180} INFO - Setting next_dagrun for tutorial_dag to None, run_after=None
[2025-02-07T13:40:19.660+0000] {processor.py:208} INFO - Processing /opt/conda/lib/python3.12/site-packages/airflow/example_dags/tutorial_dag.py took 0.053 seconds
[2025-02-07T13:41:17.546+0000] {processor.py:186} INFO - Started process (PID=613) to work on /opt/conda/lib/python3.12/site-packages/airflow/example_dags/tutorial_dag.py
[2025-02-07T13:41:17.547+0000] {processor.py:914} INFO - Processing file /opt/conda/lib/python3.12/site-packages/airflow/example_dags/tutorial_dag.py for tasks to queue
[2025-02-07T13:41:17.550+0000] {logging_mixin.py:190} INFO - [2025-02-07T13:41:17.549+0000] {dagbag.py:588} INFO - Filling up the DagBag from /opt/conda/lib/python3.12/site-packages/airflow/example_dags/tutorial_dag.py
[2025-02-07T13:41:17.557+0000] {processor.py:925} INFO - DAG(s) 'tutorial_dag' retrieved from /opt/conda/lib/python3.12/site-packages/airflow/example_dags/tutorial_dag.py
[2025-02-07T13:41:17.580+0000] {logging_mixin.py:190} INFO - [2025-02-07T13:41:17.579+0000] {dag.py:3239} INFO - Sync 1 DAGs
[2025-02-07T13:41:17.594+0000] {logging_mixin.py:190} INFO - [2025-02-07T13:41:17.594+0000] {dag.py:4180} INFO - Setting next_dagrun for tutorial_dag to None, run_after=None
[2025-02-07T13:41:17.613+0000] {processor.py:208} INFO - Processing /opt/conda/lib/python3.12/site-packages/airflow/example_dags/tutorial_dag.py took 0.074 seconds
[2025-02-07T13:42:25.812+0000] {processor.py:186} INFO - Started process (PID=781) to work on /opt/conda/lib/python3.12/site-packages/airflow/example_dags/tutorial_dag.py
[2025-02-07T13:42:25.812+0000] {processor.py:914} INFO - Processing file /opt/conda/lib/python3.12/site-packages/airflow/example_dags/tutorial_dag.py for tasks to queue
[2025-02-07T13:42:25.814+0000] {logging_mixin.py:190} INFO - [2025-02-07T13:42:25.813+0000] {dagbag.py:588} INFO - Filling up the DagBag from /opt/conda/lib/python3.12/site-packages/airflow/example_dags/tutorial_dag.py
[2025-02-07T13:42:25.818+0000] {processor.py:925} INFO - DAG(s) 'tutorial_dag' retrieved from /opt/conda/lib/python3.12/site-packages/airflow/example_dags/tutorial_dag.py
[2025-02-07T13:42:25.827+0000] {logging_mixin.py:190} INFO - [2025-02-07T13:42:25.827+0000] {dag.py:3239} INFO - Sync 1 DAGs
[2025-02-07T13:42:25.837+0000] {logging_mixin.py:190} INFO - [2025-02-07T13:42:25.836+0000] {dag.py:4180} INFO - Setting next_dagrun for tutorial_dag to None, run_after=None
[2025-02-07T13:42:25.849+0000] {processor.py:208} INFO - Processing /opt/conda/lib/python3.12/site-packages/airflow/example_dags/tutorial_dag.py took 0.041 seconds
[2025-02-07T13:43:27.133+0000] {processor.py:186} INFO - Started process (PID=854) to work on /opt/conda/lib/python3.12/site-packages/airflow/example_dags/tutorial_dag.py
[2025-02-07T13:43:27.134+0000] {processor.py:914} INFO - Processing file /opt/conda/lib/python3.12/site-packages/airflow/example_dags/tutorial_dag.py for tasks to queue
[2025-02-07T13:43:27.136+0000] {logging_mixin.py:190} INFO - [2025-02-07T13:43:27.136+0000] {dagbag.py:588} INFO - Filling up the DagBag from /opt/conda/lib/python3.12/site-packages/airflow/example_dags/tutorial_dag.py
[2025-02-07T13:43:27.145+0000] {processor.py:925} INFO - DAG(s) 'tutorial_dag' retrieved from /opt/conda/lib/python3.12/site-packages/airflow/example_dags/tutorial_dag.py
[2025-02-07T13:43:27.159+0000] {logging_mixin.py:190} INFO - [2025-02-07T13:43:27.158+0000] {dag.py:3239} INFO - Sync 1 DAGs
[2025-02-07T13:43:27.168+0000] {logging_mixin.py:190} INFO - [2025-02-07T13:43:27.168+0000] {dag.py:4180} INFO - Setting next_dagrun for tutorial_dag to None, run_after=None
[2025-02-07T13:43:27.183+0000] {processor.py:208} INFO - Processing /opt/conda/lib/python3.12/site-packages/airflow/example_dags/tutorial_dag.py took 0.057 seconds
[2025-02-07T13:44:16.058+0000] {processor.py:186} INFO - Started process (PID=1005) to work on /opt/conda/lib/python3.12/site-packages/airflow/example_dags/tutorial_dag.py
[2025-02-07T13:44:16.059+0000] {processor.py:914} INFO - Processing file /opt/conda/lib/python3.12/site-packages/airflow/example_dags/tutorial_dag.py for tasks to queue
[2025-02-07T13:44:16.061+0000] {logging_mixin.py:190} INFO - [2025-02-07T13:44:16.061+0000] {dagbag.py:588} INFO - Filling up the DagBag from /opt/conda/lib/python3.12/site-packages/airflow/example_dags/tutorial_dag.py
[2025-02-07T13:44:16.067+0000] {processor.py:925} INFO - DAG(s) 'tutorial_dag' retrieved from /opt/conda/lib/python3.12/site-packages/airflow/example_dags/tutorial_dag.py
[2025-02-07T13:44:16.082+0000] {logging_mixin.py:190} INFO - [2025-02-07T13:44:16.082+0000] {dag.py:3239} INFO - Sync 1 DAGs
[2025-02-07T13:44:16.089+0000] {logging_mixin.py:190} INFO - [2025-02-07T13:44:16.089+0000] {dag.py:4180} INFO - Setting next_dagrun for tutorial_dag to None, run_after=None
[2025-02-07T13:44:16.104+0000] {processor.py:208} INFO - Processing /opt/conda/lib/python3.12/site-packages/airflow/example_dags/tutorial_dag.py took 0.051 seconds
[2025-02-07T13:45:23.685+0000] {processor.py:186} INFO - Started process (PID=1160) to work on /opt/conda/lib/python3.12/site-packages/airflow/example_dags/tutorial_dag.py
[2025-02-07T13:45:23.689+0000] {processor.py:914} INFO - Processing file /opt/conda/lib/python3.12/site-packages/airflow/example_dags/tutorial_dag.py for tasks to queue
[2025-02-07T13:45:23.693+0000] {logging_mixin.py:190} INFO - [2025-02-07T13:45:23.693+0000] {dagbag.py:588} INFO - Filling up the DagBag from /opt/conda/lib/python3.12/site-packages/airflow/example_dags/tutorial_dag.py
[2025-02-07T13:45:23.707+0000] {processor.py:925} INFO - DAG(s) 'tutorial_dag' retrieved from /opt/conda/lib/python3.12/site-packages/airflow/example_dags/tutorial_dag.py
[2025-02-07T13:45:23.729+0000] {logging_mixin.py:190} INFO - [2025-02-07T13:45:23.728+0000] {dag.py:3239} INFO - Sync 1 DAGs
[2025-02-07T13:45:23.742+0000] {logging_mixin.py:190} INFO - [2025-02-07T13:45:23.741+0000] {dag.py:4180} INFO - Setting next_dagrun for tutorial_dag to None, run_after=None
[2025-02-07T13:45:23.789+0000] {processor.py:208} INFO - Processing /opt/conda/lib/python3.12/site-packages/airflow/example_dags/tutorial_dag.py took 0.135 seconds
[2025-02-07T13:46:40.002+0000] {processor.py:186} INFO - Started process (PID=1236) to work on /opt/conda/lib/python3.12/site-packages/airflow/example_dags/tutorial_dag.py
[2025-02-07T13:46:40.005+0000] {processor.py:914} INFO - Processing file /opt/conda/lib/python3.12/site-packages/airflow/example_dags/tutorial_dag.py for tasks to queue
[2025-02-07T13:46:40.029+0000] {logging_mixin.py:190} INFO - [2025-02-07T13:46:40.024+0000] {dagbag.py:588} INFO - Filling up the DagBag from /opt/conda/lib/python3.12/site-packages/airflow/example_dags/tutorial_dag.py
[2025-02-07T13:46:40.088+0000] {processor.py:925} INFO - DAG(s) 'tutorial_dag' retrieved from /opt/conda/lib/python3.12/site-packages/airflow/example_dags/tutorial_dag.py
[2025-02-07T13:46:40.146+0000] {logging_mixin.py:190} INFO - [2025-02-07T13:46:40.145+0000] {dag.py:3239} INFO - Sync 1 DAGs
[2025-02-07T13:46:40.194+0000] {logging_mixin.py:190} INFO - [2025-02-07T13:46:40.194+0000] {dag.py:4180} INFO - Setting next_dagrun for tutorial_dag to None, run_after=None
[2025-02-07T13:46:40.293+0000] {processor.py:208} INFO - Processing /opt/conda/lib/python3.12/site-packages/airflow/example_dags/tutorial_dag.py took 0.329 seconds
[2025-02-07T14:03:12.650+0000] {processor.py:186} INFO - Started process (PID=836) to work on /opt/conda/lib/python3.12/site-packages/airflow/example_dags/tutorial_dag.py
[2025-02-07T14:03:12.652+0000] {processor.py:914} INFO - Processing file /opt/conda/lib/python3.12/site-packages/airflow/example_dags/tutorial_dag.py for tasks to queue
[2025-02-07T14:03:12.653+0000] {logging_mixin.py:190} INFO - [2025-02-07T14:03:12.653+0000] {dagbag.py:588} INFO - Filling up the DagBag from /opt/conda/lib/python3.12/site-packages/airflow/example_dags/tutorial_dag.py
[2025-02-07T14:03:12.661+0000] {processor.py:925} INFO - DAG(s) 'tutorial_dag' retrieved from /opt/conda/lib/python3.12/site-packages/airflow/example_dags/tutorial_dag.py
[2025-02-07T14:03:12.691+0000] {logging_mixin.py:190} INFO - [2025-02-07T14:03:12.691+0000] {dag.py:3239} INFO - Sync 1 DAGs
[2025-02-07T14:03:12.700+0000] {logging_mixin.py:190} INFO - [2025-02-07T14:03:12.700+0000] {dag.py:4180} INFO - Setting next_dagrun for tutorial_dag to None, run_after=None
[2025-02-07T14:03:12.716+0000] {processor.py:208} INFO - Processing /opt/conda/lib/python3.12/site-packages/airflow/example_dags/tutorial_dag.py took 0.105 seconds
[2025-02-07T14:05:58.418+0000] {processor.py:186} INFO - Started process (PID=1804) to work on /opt/conda/lib/python3.12/site-packages/airflow/example_dags/tutorial_dag.py
[2025-02-07T14:05:58.420+0000] {processor.py:914} INFO - Processing file /opt/conda/lib/python3.12/site-packages/airflow/example_dags/tutorial_dag.py for tasks to queue
[2025-02-07T14:05:58.421+0000] {logging_mixin.py:190} INFO - [2025-02-07T14:05:58.420+0000] {dagbag.py:588} INFO - Filling up the DagBag from /opt/conda/lib/python3.12/site-packages/airflow/example_dags/tutorial_dag.py
[2025-02-07T14:05:58.426+0000] {processor.py:925} INFO - DAG(s) 'tutorial_dag' retrieved from /opt/conda/lib/python3.12/site-packages/airflow/example_dags/tutorial_dag.py
[2025-02-07T14:05:58.441+0000] {logging_mixin.py:190} INFO - [2025-02-07T14:05:58.440+0000] {dag.py:3239} INFO - Sync 1 DAGs
[2025-02-07T14:05:58.449+0000] {logging_mixin.py:190} INFO - [2025-02-07T14:05:58.449+0000] {dag.py:4180} INFO - Setting next_dagrun for tutorial_dag to None, run_after=None
[2025-02-07T14:05:58.467+0000] {processor.py:208} INFO - Processing /opt/conda/lib/python3.12/site-packages/airflow/example_dags/tutorial_dag.py took 0.059 seconds
[2025-02-07T14:07:22.390+0000] {processor.py:186} INFO - Started process (PID=1992) to work on /opt/conda/lib/python3.12/site-packages/airflow/example_dags/tutorial_dag.py
[2025-02-07T14:07:22.391+0000] {processor.py:914} INFO - Processing file /opt/conda/lib/python3.12/site-packages/airflow/example_dags/tutorial_dag.py for tasks to queue
[2025-02-07T14:07:22.392+0000] {logging_mixin.py:190} INFO - [2025-02-07T14:07:22.392+0000] {dagbag.py:588} INFO - Filling up the DagBag from /opt/conda/lib/python3.12/site-packages/airflow/example_dags/tutorial_dag.py
[2025-02-07T14:07:22.395+0000] {processor.py:925} INFO - DAG(s) 'tutorial_dag' retrieved from /opt/conda/lib/python3.12/site-packages/airflow/example_dags/tutorial_dag.py
[2025-02-07T14:07:22.406+0000] {logging_mixin.py:190} INFO - [2025-02-07T14:07:22.406+0000] {dag.py:3239} INFO - Sync 1 DAGs
[2025-02-07T14:07:22.412+0000] {logging_mixin.py:190} INFO - [2025-02-07T14:07:22.412+0000] {dag.py:4180} INFO - Setting next_dagrun for tutorial_dag to None, run_after=None
[2025-02-07T14:07:22.426+0000] {processor.py:208} INFO - Processing /opt/conda/lib/python3.12/site-packages/airflow/example_dags/tutorial_dag.py took 0.043 seconds
[2025-02-07T14:37:16.202+0000] {processor.py:186} INFO - Started process (PID=734) to work on /opt/conda/lib/python3.12/site-packages/airflow/example_dags/tutorial_dag.py
[2025-02-07T14:37:16.203+0000] {processor.py:914} INFO - Processing file /opt/conda/lib/python3.12/site-packages/airflow/example_dags/tutorial_dag.py for tasks to queue
[2025-02-07T14:37:16.205+0000] {logging_mixin.py:190} INFO - [2025-02-07T14:37:16.204+0000] {dagbag.py:588} INFO - Filling up the DagBag from /opt/conda/lib/python3.12/site-packages/airflow/example_dags/tutorial_dag.py
[2025-02-07T14:37:16.210+0000] {processor.py:925} INFO - DAG(s) 'tutorial_dag' retrieved from /opt/conda/lib/python3.12/site-packages/airflow/example_dags/tutorial_dag.py
[2025-02-07T14:37:16.221+0000] {logging_mixin.py:190} INFO - [2025-02-07T14:37:16.221+0000] {dag.py:3239} INFO - Sync 1 DAGs
[2025-02-07T14:37:16.228+0000] {logging_mixin.py:190} INFO - [2025-02-07T14:37:16.228+0000] {dag.py:4180} INFO - Setting next_dagrun for tutorial_dag to None, run_after=None
[2025-02-07T14:37:16.245+0000] {processor.py:208} INFO - Processing /opt/conda/lib/python3.12/site-packages/airflow/example_dags/tutorial_dag.py took 0.046 seconds
[2025-02-07T14:42:02.317+0000] {processor.py:186} INFO - Started process (PID=505) to work on /opt/conda/lib/python3.12/site-packages/airflow/example_dags/tutorial_dag.py
[2025-02-07T14:42:02.318+0000] {processor.py:914} INFO - Processing file /opt/conda/lib/python3.12/site-packages/airflow/example_dags/tutorial_dag.py for tasks to queue
[2025-02-07T14:42:02.324+0000] {logging_mixin.py:190} INFO - [2025-02-07T14:42:02.323+0000] {dagbag.py:588} INFO - Filling up the DagBag from /opt/conda/lib/python3.12/site-packages/airflow/example_dags/tutorial_dag.py
[2025-02-07T14:42:02.338+0000] {processor.py:925} INFO - DAG(s) 'tutorial_dag' retrieved from /opt/conda/lib/python3.12/site-packages/airflow/example_dags/tutorial_dag.py
[2025-02-07T14:42:02.364+0000] {logging_mixin.py:190} INFO - [2025-02-07T14:42:02.364+0000] {dag.py:3239} INFO - Sync 1 DAGs
[2025-02-07T14:42:02.389+0000] {logging_mixin.py:190} INFO - [2025-02-07T14:42:02.389+0000] {dag.py:4180} INFO - Setting next_dagrun for tutorial_dag to None, run_after=None
[2025-02-07T14:42:02.414+0000] {processor.py:208} INFO - Processing /opt/conda/lib/python3.12/site-packages/airflow/example_dags/tutorial_dag.py took 0.103 seconds
