[2025-02-07T12:02:55.176+0000] {processor.py:186} INFO - Started process (PID=296) to work on /opt/conda/lib/python3.12/site-packages/airflow/example_dags/tutorial_taskflow_templates.py
[2025-02-07T12:02:55.177+0000] {processor.py:914} INFO - Processing file /opt/conda/lib/python3.12/site-packages/airflow/example_dags/tutorial_taskflow_templates.py for tasks to queue
[2025-02-07T12:02:55.182+0000] {logging_mixin.py:190} INFO - [2025-02-07T12:02:55.182+0000] {dagbag.py:588} INFO - Filling up the DagBag from /opt/conda/lib/python3.12/site-packages/airflow/example_dags/tutorial_taskflow_templates.py
[2025-02-07T12:02:55.223+0000] {processor.py:925} INFO - DAG(s) 'tutorial_taskflow_templates' retrieved from /opt/conda/lib/python3.12/site-packages/airflow/example_dags/tutorial_taskflow_templates.py
[2025-02-07T12:02:55.277+0000] {logging_mixin.py:190} INFO - [2025-02-07T12:02:55.277+0000] {dag.py:3239} INFO - Sync 1 DAGs
[2025-02-07T12:02:55.323+0000] {logging_mixin.py:190} INFO - [2025-02-07T12:02:55.322+0000] {dag.py:4180} INFO - Setting next_dagrun for tutorial_taskflow_templates to 2025-02-06 00:00:00+00:00, run_after=2025-02-07 00:00:00+00:00
[2025-02-07T12:02:55.359+0000] {processor.py:208} INFO - Processing /opt/conda/lib/python3.12/site-packages/airflow/example_dags/tutorial_taskflow_templates.py took 0.191 seconds
[2025-02-07T12:16:15.277+0000] {processor.py:186} INFO - Started process (PID=4105) to work on /opt/conda/lib/python3.12/site-packages/airflow/example_dags/tutorial_taskflow_templates.py
[2025-02-07T12:16:15.278+0000] {processor.py:914} INFO - Processing file /opt/conda/lib/python3.12/site-packages/airflow/example_dags/tutorial_taskflow_templates.py for tasks to queue
[2025-02-07T12:16:15.283+0000] {logging_mixin.py:190} INFO - [2025-02-07T12:16:15.282+0000] {dagbag.py:588} INFO - Filling up the DagBag from /opt/conda/lib/python3.12/site-packages/airflow/example_dags/tutorial_taskflow_templates.py
[2025-02-07T12:16:15.302+0000] {processor.py:925} INFO - DAG(s) 'tutorial_taskflow_templates' retrieved from /opt/conda/lib/python3.12/site-packages/airflow/example_dags/tutorial_taskflow_templates.py
[2025-02-07T12:16:15.319+0000] {logging_mixin.py:190} INFO - [2025-02-07T12:16:15.319+0000] {dag.py:3239} INFO - Sync 1 DAGs
[2025-02-07T12:16:15.342+0000] {logging_mixin.py:190} INFO - [2025-02-07T12:16:15.342+0000] {dag.py:4180} INFO - Setting next_dagrun for tutorial_taskflow_templates to 2025-02-06 00:00:00+00:00, run_after=2025-02-07 00:00:00+00:00
[2025-02-07T12:16:15.361+0000] {processor.py:208} INFO - Processing /opt/conda/lib/python3.12/site-packages/airflow/example_dags/tutorial_taskflow_templates.py took 0.091 seconds
[2025-02-07T12:28:37.237+0000] {processor.py:186} INFO - Started process (PID=589) to work on /opt/conda/lib/python3.12/site-packages/airflow/example_dags/tutorial_taskflow_templates.py
[2025-02-07T12:28:37.238+0000] {processor.py:914} INFO - Processing file /opt/conda/lib/python3.12/site-packages/airflow/example_dags/tutorial_taskflow_templates.py for tasks to queue
[2025-02-07T12:28:37.239+0000] {logging_mixin.py:190} INFO - [2025-02-07T12:28:37.239+0000] {dagbag.py:588} INFO - Filling up the DagBag from /opt/conda/lib/python3.12/site-packages/airflow/example_dags/tutorial_taskflow_templates.py
[2025-02-07T12:28:37.268+0000] {processor.py:925} INFO - DAG(s) 'tutorial_taskflow_templates' retrieved from /opt/conda/lib/python3.12/site-packages/airflow/example_dags/tutorial_taskflow_templates.py
[2025-02-07T12:28:37.312+0000] {logging_mixin.py:190} INFO - [2025-02-07T12:28:37.312+0000] {dag.py:3239} INFO - Sync 1 DAGs
[2025-02-07T12:28:37.339+0000] {logging_mixin.py:190} INFO - [2025-02-07T12:28:37.339+0000] {dag.py:4180} INFO - Setting next_dagrun for tutorial_taskflow_templates to 2025-02-06 00:00:00+00:00, run_after=2025-02-07 00:00:00+00:00
[2025-02-07T12:28:37.360+0000] {processor.py:208} INFO - Processing /opt/conda/lib/python3.12/site-packages/airflow/example_dags/tutorial_taskflow_templates.py took 0.127 seconds
[2025-02-07T12:32:19.753+0000] {processor.py:186} INFO - Started process (PID=98) to work on /opt/conda/lib/python3.12/site-packages/airflow/example_dags/tutorial_taskflow_templates.py
[2025-02-07T12:32:19.755+0000] {processor.py:914} INFO - Processing file /opt/conda/lib/python3.12/site-packages/airflow/example_dags/tutorial_taskflow_templates.py for tasks to queue
[2025-02-07T12:32:19.781+0000] {logging_mixin.py:190} INFO - [2025-02-07T12:32:19.763+0000] {dagbag.py:588} INFO - Filling up the DagBag from /opt/conda/lib/python3.12/site-packages/airflow/example_dags/tutorial_taskflow_templates.py
[2025-02-07T12:32:19.810+0000] {processor.py:925} INFO - DAG(s) 'tutorial_taskflow_templates' retrieved from /opt/conda/lib/python3.12/site-packages/airflow/example_dags/tutorial_taskflow_templates.py
[2025-02-07T12:32:19.870+0000] {logging_mixin.py:190} INFO - [2025-02-07T12:32:19.869+0000] {dag.py:3239} INFO - Sync 1 DAGs
[2025-02-07T12:32:19.931+0000] {logging_mixin.py:190} INFO - [2025-02-07T12:32:19.931+0000] {dag.py:4180} INFO - Setting next_dagrun for tutorial_taskflow_templates to 2025-02-06 00:00:00+00:00, run_after=2025-02-07 00:00:00+00:00
[2025-02-07T12:32:19.989+0000] {processor.py:208} INFO - Processing /opt/conda/lib/python3.12/site-packages/airflow/example_dags/tutorial_taskflow_templates.py took 0.266 seconds
[2025-02-07T12:36:08.408+0000] {processor.py:186} INFO - Started process (PID=76) to work on /opt/conda/lib/python3.12/site-packages/airflow/example_dags/tutorial_taskflow_templates.py
[2025-02-07T12:36:08.409+0000] {processor.py:914} INFO - Processing file /opt/conda/lib/python3.12/site-packages/airflow/example_dags/tutorial_taskflow_templates.py for tasks to queue
[2025-02-07T12:36:08.412+0000] {logging_mixin.py:190} INFO - [2025-02-07T12:36:08.412+0000] {dagbag.py:588} INFO - Filling up the DagBag from /opt/conda/lib/python3.12/site-packages/airflow/example_dags/tutorial_taskflow_templates.py
[2025-02-07T12:36:08.426+0000] {processor.py:925} INFO - DAG(s) 'tutorial_taskflow_templates' retrieved from /opt/conda/lib/python3.12/site-packages/airflow/example_dags/tutorial_taskflow_templates.py
[2025-02-07T12:36:08.449+0000] {logging_mixin.py:190} INFO - [2025-02-07T12:36:08.448+0000] {dag.py:3239} INFO - Sync 1 DAGs
[2025-02-07T12:36:08.491+0000] {logging_mixin.py:190} INFO - [2025-02-07T12:36:08.491+0000] {dag.py:4180} INFO - Setting next_dagrun for tutorial_taskflow_templates to 2025-02-06 00:00:00+00:00, run_after=2025-02-07 00:00:00+00:00
[2025-02-07T12:36:08.512+0000] {processor.py:208} INFO - Processing /opt/conda/lib/python3.12/site-packages/airflow/example_dags/tutorial_taskflow_templates.py took 0.111 seconds
[2025-02-07T12:37:20.829+0000] {processor.py:186} INFO - Started process (PID=144) to work on /opt/conda/lib/python3.12/site-packages/airflow/example_dags/tutorial_taskflow_templates.py
[2025-02-07T12:37:20.832+0000] {processor.py:914} INFO - Processing file /opt/conda/lib/python3.12/site-packages/airflow/example_dags/tutorial_taskflow_templates.py for tasks to queue
[2025-02-07T12:37:20.845+0000] {logging_mixin.py:190} INFO - [2025-02-07T12:37:20.844+0000] {dagbag.py:588} INFO - Filling up the DagBag from /opt/conda/lib/python3.12/site-packages/airflow/example_dags/tutorial_taskflow_templates.py
[2025-02-07T12:37:20.952+0000] {processor.py:925} INFO - DAG(s) 'tutorial_taskflow_templates' retrieved from /opt/conda/lib/python3.12/site-packages/airflow/example_dags/tutorial_taskflow_templates.py
[2025-02-07T12:37:21.053+0000] {logging_mixin.py:190} INFO - [2025-02-07T12:37:21.053+0000] {dag.py:3239} INFO - Sync 1 DAGs
[2025-02-07T12:37:21.123+0000] {logging_mixin.py:190} INFO - [2025-02-07T12:37:21.123+0000] {dag.py:4180} INFO - Setting next_dagrun for tutorial_taskflow_templates to 2025-02-06 00:00:00+00:00, run_after=2025-02-07 00:00:00+00:00
[2025-02-07T12:37:21.156+0000] {processor.py:208} INFO - Processing /opt/conda/lib/python3.12/site-packages/airflow/example_dags/tutorial_taskflow_templates.py took 0.346 seconds
[2025-02-07T12:37:58.223+0000] {processor.py:186} INFO - Started process (PID=179) to work on /opt/conda/lib/python3.12/site-packages/airflow/example_dags/tutorial_taskflow_templates.py
[2025-02-07T12:37:58.225+0000] {processor.py:914} INFO - Processing file /opt/conda/lib/python3.12/site-packages/airflow/example_dags/tutorial_taskflow_templates.py for tasks to queue
[2025-02-07T12:37:58.227+0000] {logging_mixin.py:190} INFO - [2025-02-07T12:37:58.226+0000] {dagbag.py:588} INFO - Filling up the DagBag from /opt/conda/lib/python3.12/site-packages/airflow/example_dags/tutorial_taskflow_templates.py
[2025-02-07T12:37:58.239+0000] {processor.py:925} INFO - DAG(s) 'tutorial_taskflow_templates' retrieved from /opt/conda/lib/python3.12/site-packages/airflow/example_dags/tutorial_taskflow_templates.py
[2025-02-07T12:37:58.252+0000] {logging_mixin.py:190} INFO - [2025-02-07T12:37:58.251+0000] {dag.py:3239} INFO - Sync 1 DAGs
[2025-02-07T12:37:58.269+0000] {logging_mixin.py:190} INFO - [2025-02-07T12:37:58.269+0000] {dag.py:4180} INFO - Setting next_dagrun for tutorial_taskflow_templates to 2025-02-06 00:00:00+00:00, run_after=2025-02-07 00:00:00+00:00
[2025-02-07T12:37:58.293+0000] {processor.py:208} INFO - Processing /opt/conda/lib/python3.12/site-packages/airflow/example_dags/tutorial_taskflow_templates.py took 0.078 seconds
[2025-02-07T12:38:58.007+0000] {processor.py:186} INFO - Started process (PID=248) to work on /opt/conda/lib/python3.12/site-packages/airflow/example_dags/tutorial_taskflow_templates.py
[2025-02-07T12:38:58.008+0000] {processor.py:914} INFO - Processing file /opt/conda/lib/python3.12/site-packages/airflow/example_dags/tutorial_taskflow_templates.py for tasks to queue
[2025-02-07T12:38:58.009+0000] {logging_mixin.py:190} INFO - [2025-02-07T12:38:58.009+0000] {dagbag.py:588} INFO - Filling up the DagBag from /opt/conda/lib/python3.12/site-packages/airflow/example_dags/tutorial_taskflow_templates.py
[2025-02-07T12:38:58.017+0000] {processor.py:925} INFO - DAG(s) 'tutorial_taskflow_templates' retrieved from /opt/conda/lib/python3.12/site-packages/airflow/example_dags/tutorial_taskflow_templates.py
[2025-02-07T12:38:58.029+0000] {logging_mixin.py:190} INFO - [2025-02-07T12:38:58.029+0000] {dag.py:3239} INFO - Sync 1 DAGs
[2025-02-07T12:38:58.043+0000] {logging_mixin.py:190} INFO - [2025-02-07T12:38:58.043+0000] {dag.py:4180} INFO - Setting next_dagrun for tutorial_taskflow_templates to 2025-02-06 00:00:00+00:00, run_after=2025-02-07 00:00:00+00:00
[2025-02-07T12:38:58.057+0000] {processor.py:208} INFO - Processing /opt/conda/lib/python3.12/site-packages/airflow/example_dags/tutorial_taskflow_templates.py took 0.055 seconds
[2025-02-07T12:39:54.491+0000] {processor.py:186} INFO - Started process (PID=315) to work on /opt/conda/lib/python3.12/site-packages/airflow/example_dags/tutorial_taskflow_templates.py
[2025-02-07T12:39:54.492+0000] {processor.py:914} INFO - Processing file /opt/conda/lib/python3.12/site-packages/airflow/example_dags/tutorial_taskflow_templates.py for tasks to queue
[2025-02-07T12:39:54.494+0000] {logging_mixin.py:190} INFO - [2025-02-07T12:39:54.493+0000] {dagbag.py:588} INFO - Filling up the DagBag from /opt/conda/lib/python3.12/site-packages/airflow/example_dags/tutorial_taskflow_templates.py
[2025-02-07T12:39:54.501+0000] {processor.py:925} INFO - DAG(s) 'tutorial_taskflow_templates' retrieved from /opt/conda/lib/python3.12/site-packages/airflow/example_dags/tutorial_taskflow_templates.py
[2025-02-07T12:39:54.511+0000] {logging_mixin.py:190} INFO - [2025-02-07T12:39:54.511+0000] {dag.py:3239} INFO - Sync 1 DAGs
[2025-02-07T12:39:54.527+0000] {logging_mixin.py:190} INFO - [2025-02-07T12:39:54.527+0000] {dag.py:4180} INFO - Setting next_dagrun for tutorial_taskflow_templates to 2025-02-06 00:00:00+00:00, run_after=2025-02-07 00:00:00+00:00
[2025-02-07T12:39:54.540+0000] {processor.py:208} INFO - Processing /opt/conda/lib/python3.12/site-packages/airflow/example_dags/tutorial_taskflow_templates.py took 0.053 seconds
[2025-02-07T12:40:53.949+0000] {processor.py:186} INFO - Started process (PID=383) to work on /opt/conda/lib/python3.12/site-packages/airflow/example_dags/tutorial_taskflow_templates.py
[2025-02-07T12:40:53.950+0000] {processor.py:914} INFO - Processing file /opt/conda/lib/python3.12/site-packages/airflow/example_dags/tutorial_taskflow_templates.py for tasks to queue
[2025-02-07T12:40:53.951+0000] {logging_mixin.py:190} INFO - [2025-02-07T12:40:53.951+0000] {dagbag.py:588} INFO - Filling up the DagBag from /opt/conda/lib/python3.12/site-packages/airflow/example_dags/tutorial_taskflow_templates.py
[2025-02-07T12:40:53.962+0000] {processor.py:925} INFO - DAG(s) 'tutorial_taskflow_templates' retrieved from /opt/conda/lib/python3.12/site-packages/airflow/example_dags/tutorial_taskflow_templates.py
[2025-02-07T12:40:53.975+0000] {logging_mixin.py:190} INFO - [2025-02-07T12:40:53.974+0000] {dag.py:3239} INFO - Sync 1 DAGs
[2025-02-07T12:40:53.988+0000] {logging_mixin.py:190} INFO - [2025-02-07T12:40:53.988+0000] {dag.py:4180} INFO - Setting next_dagrun for tutorial_taskflow_templates to 2025-02-06 00:00:00+00:00, run_after=2025-02-07 00:00:00+00:00
[2025-02-07T12:40:54.002+0000] {processor.py:208} INFO - Processing /opt/conda/lib/python3.12/site-packages/airflow/example_dags/tutorial_taskflow_templates.py took 0.060 seconds
[2025-02-07T12:45:54.050+0000] {processor.py:186} INFO - Started process (PID=2386) to work on /opt/conda/lib/python3.12/site-packages/airflow/example_dags/tutorial_taskflow_templates.py
[2025-02-07T12:45:54.051+0000] {processor.py:914} INFO - Processing file /opt/conda/lib/python3.12/site-packages/airflow/example_dags/tutorial_taskflow_templates.py for tasks to queue
[2025-02-07T12:45:54.053+0000] {logging_mixin.py:190} INFO - [2025-02-07T12:45:54.053+0000] {dagbag.py:588} INFO - Filling up the DagBag from /opt/conda/lib/python3.12/site-packages/airflow/example_dags/tutorial_taskflow_templates.py
[2025-02-07T12:45:54.075+0000] {processor.py:925} INFO - DAG(s) 'tutorial_taskflow_templates' retrieved from /opt/conda/lib/python3.12/site-packages/airflow/example_dags/tutorial_taskflow_templates.py
[2025-02-07T12:45:54.090+0000] {logging_mixin.py:190} INFO - [2025-02-07T12:45:54.090+0000] {dag.py:3239} INFO - Sync 1 DAGs
[2025-02-07T12:45:54.104+0000] {logging_mixin.py:190} INFO - [2025-02-07T12:45:54.104+0000] {dag.py:4180} INFO - Setting next_dagrun for tutorial_taskflow_templates to 2025-02-06 00:00:00+00:00, run_after=2025-02-07 00:00:00+00:00
[2025-02-07T12:45:54.120+0000] {processor.py:208} INFO - Processing /opt/conda/lib/python3.12/site-packages/airflow/example_dags/tutorial_taskflow_templates.py took 0.076 seconds
[2025-02-07T12:54:44.661+0000] {processor.py:186} INFO - Started process (PID=5962) to work on /opt/conda/lib/python3.12/site-packages/airflow/example_dags/tutorial_taskflow_templates.py
[2025-02-07T12:54:44.662+0000] {processor.py:914} INFO - Processing file /opt/conda/lib/python3.12/site-packages/airflow/example_dags/tutorial_taskflow_templates.py for tasks to queue
[2025-02-07T12:54:44.666+0000] {logging_mixin.py:190} INFO - [2025-02-07T12:54:44.666+0000] {dagbag.py:588} INFO - Filling up the DagBag from /opt/conda/lib/python3.12/site-packages/airflow/example_dags/tutorial_taskflow_templates.py
[2025-02-07T12:54:44.679+0000] {processor.py:925} INFO - DAG(s) 'tutorial_taskflow_templates' retrieved from /opt/conda/lib/python3.12/site-packages/airflow/example_dags/tutorial_taskflow_templates.py
[2025-02-07T12:54:44.691+0000] {logging_mixin.py:190} INFO - [2025-02-07T12:54:44.691+0000] {dag.py:3239} INFO - Sync 1 DAGs
[2025-02-07T12:54:44.705+0000] {logging_mixin.py:190} INFO - [2025-02-07T12:54:44.705+0000] {dag.py:4180} INFO - Setting next_dagrun for tutorial_taskflow_templates to 2025-02-06 00:00:00+00:00, run_after=2025-02-07 00:00:00+00:00
[2025-02-07T12:54:44.719+0000] {processor.py:208} INFO - Processing /opt/conda/lib/python3.12/site-packages/airflow/example_dags/tutorial_taskflow_templates.py took 0.062 seconds
[2025-02-07T13:02:41.868+0000] {processor.py:186} INFO - Started process (PID=321) to work on /opt/conda/lib/python3.12/site-packages/airflow/example_dags/tutorial_taskflow_templates.py
[2025-02-07T13:02:41.869+0000] {processor.py:914} INFO - Processing file /opt/conda/lib/python3.12/site-packages/airflow/example_dags/tutorial_taskflow_templates.py for tasks to queue
[2025-02-07T13:02:41.872+0000] {logging_mixin.py:190} INFO - [2025-02-07T13:02:41.872+0000] {dagbag.py:588} INFO - Filling up the DagBag from /opt/conda/lib/python3.12/site-packages/airflow/example_dags/tutorial_taskflow_templates.py
[2025-02-07T13:02:41.891+0000] {processor.py:925} INFO - DAG(s) 'tutorial_taskflow_templates' retrieved from /opt/conda/lib/python3.12/site-packages/airflow/example_dags/tutorial_taskflow_templates.py
[2025-02-07T13:02:41.913+0000] {logging_mixin.py:190} INFO - [2025-02-07T13:02:41.912+0000] {dag.py:3239} INFO - Sync 1 DAGs
[2025-02-07T13:02:41.942+0000] {logging_mixin.py:190} INFO - [2025-02-07T13:02:41.942+0000] {dag.py:4180} INFO - Setting next_dagrun for tutorial_taskflow_templates to 2025-02-06 00:00:00+00:00, run_after=2025-02-07 00:00:00+00:00
[2025-02-07T13:02:41.964+0000] {processor.py:208} INFO - Processing /opt/conda/lib/python3.12/site-packages/airflow/example_dags/tutorial_taskflow_templates.py took 0.101 seconds
[2025-02-07T13:06:40.653+0000] {processor.py:186} INFO - Started process (PID=362) to work on /opt/conda/lib/python3.12/site-packages/airflow/example_dags/tutorial_taskflow_templates.py
[2025-02-07T13:06:40.655+0000] {processor.py:914} INFO - Processing file /opt/conda/lib/python3.12/site-packages/airflow/example_dags/tutorial_taskflow_templates.py for tasks to queue
[2025-02-07T13:06:40.659+0000] {logging_mixin.py:190} INFO - [2025-02-07T13:06:40.659+0000] {dagbag.py:588} INFO - Filling up the DagBag from /opt/conda/lib/python3.12/site-packages/airflow/example_dags/tutorial_taskflow_templates.py
[2025-02-07T13:06:40.715+0000] {processor.py:925} INFO - DAG(s) 'tutorial_taskflow_templates' retrieved from /opt/conda/lib/python3.12/site-packages/airflow/example_dags/tutorial_taskflow_templates.py
[2025-02-07T13:06:40.760+0000] {logging_mixin.py:190} INFO - [2025-02-07T13:06:40.760+0000] {dag.py:3239} INFO - Sync 1 DAGs
[2025-02-07T13:06:40.804+0000] {logging_mixin.py:190} INFO - [2025-02-07T13:06:40.804+0000] {dag.py:4180} INFO - Setting next_dagrun for tutorial_taskflow_templates to 2025-02-06 00:00:00+00:00, run_after=2025-02-07 00:00:00+00:00
[2025-02-07T13:06:40.836+0000] {processor.py:208} INFO - Processing /opt/conda/lib/python3.12/site-packages/airflow/example_dags/tutorial_taskflow_templates.py took 0.194 seconds
[2025-02-07T13:09:14.582+0000] {processor.py:186} INFO - Started process (PID=142) to work on /opt/conda/lib/python3.12/site-packages/airflow/example_dags/tutorial_taskflow_templates.py
[2025-02-07T13:09:14.583+0000] {processor.py:914} INFO - Processing file /opt/conda/lib/python3.12/site-packages/airflow/example_dags/tutorial_taskflow_templates.py for tasks to queue
[2025-02-07T13:09:14.587+0000] {logging_mixin.py:190} INFO - [2025-02-07T13:09:14.586+0000] {dagbag.py:588} INFO - Filling up the DagBag from /opt/conda/lib/python3.12/site-packages/airflow/example_dags/tutorial_taskflow_templates.py
[2025-02-07T13:09:14.666+0000] {processor.py:925} INFO - DAG(s) 'tutorial_taskflow_templates' retrieved from /opt/conda/lib/python3.12/site-packages/airflow/example_dags/tutorial_taskflow_templates.py
[2025-02-07T13:09:14.758+0000] {logging_mixin.py:190} INFO - [2025-02-07T13:09:14.757+0000] {dag.py:3239} INFO - Sync 1 DAGs
[2025-02-07T13:09:14.819+0000] {logging_mixin.py:190} INFO - [2025-02-07T13:09:14.819+0000] {dag.py:4180} INFO - Setting next_dagrun for tutorial_taskflow_templates to 2025-02-06 00:00:00+00:00, run_after=2025-02-07 00:00:00+00:00
[2025-02-07T13:09:14.853+0000] {processor.py:208} INFO - Processing /opt/conda/lib/python3.12/site-packages/airflow/example_dags/tutorial_taskflow_templates.py took 0.277 seconds
[2025-02-07T13:18:01.302+0000] {processor.py:186} INFO - Started process (PID=626) to work on /opt/conda/lib/python3.12/site-packages/airflow/example_dags/tutorial_taskflow_templates.py
[2025-02-07T13:18:01.305+0000] {processor.py:914} INFO - Processing file /opt/conda/lib/python3.12/site-packages/airflow/example_dags/tutorial_taskflow_templates.py for tasks to queue
[2025-02-07T13:18:01.309+0000] {logging_mixin.py:190} INFO - [2025-02-07T13:18:01.309+0000] {dagbag.py:588} INFO - Filling up the DagBag from /opt/conda/lib/python3.12/site-packages/airflow/example_dags/tutorial_taskflow_templates.py
[2025-02-07T13:18:02.064+0000] {processor.py:925} INFO - DAG(s) 'tutorial_taskflow_templates' retrieved from /opt/conda/lib/python3.12/site-packages/airflow/example_dags/tutorial_taskflow_templates.py
[2025-02-07T13:18:02.363+0000] {logging_mixin.py:190} INFO - [2025-02-07T13:18:02.363+0000] {dag.py:3239} INFO - Sync 1 DAGs
[2025-02-07T13:18:02.432+0000] {logging_mixin.py:190} INFO - [2025-02-07T13:18:02.432+0000] {dag.py:4180} INFO - Setting next_dagrun for tutorial_taskflow_templates to 2025-02-06 00:00:00+00:00, run_after=2025-02-07 00:00:00+00:00
[2025-02-07T13:18:02.484+0000] {processor.py:208} INFO - Processing /opt/conda/lib/python3.12/site-packages/airflow/example_dags/tutorial_taskflow_templates.py took 1.210 seconds
[2025-02-07T13:19:23.265+0000] {processor.py:186} INFO - Started process (PID=252) to work on /opt/conda/lib/python3.12/site-packages/airflow/example_dags/tutorial_taskflow_templates.py
[2025-02-07T13:19:23.268+0000] {processor.py:914} INFO - Processing file /opt/conda/lib/python3.12/site-packages/airflow/example_dags/tutorial_taskflow_templates.py for tasks to queue
[2025-02-07T13:19:23.274+0000] {logging_mixin.py:190} INFO - [2025-02-07T13:19:23.272+0000] {dagbag.py:588} INFO - Filling up the DagBag from /opt/conda/lib/python3.12/site-packages/airflow/example_dags/tutorial_taskflow_templates.py
[2025-02-07T13:19:23.512+0000] {processor.py:925} INFO - DAG(s) 'tutorial_taskflow_templates' retrieved from /opt/conda/lib/python3.12/site-packages/airflow/example_dags/tutorial_taskflow_templates.py
[2025-02-07T13:19:23.666+0000] {logging_mixin.py:190} INFO - [2025-02-07T13:19:23.665+0000] {dag.py:3239} INFO - Sync 1 DAGs
[2025-02-07T13:19:23.722+0000] {logging_mixin.py:190} INFO - [2025-02-07T13:19:23.721+0000] {dag.py:4180} INFO - Setting next_dagrun for tutorial_taskflow_templates to 2025-02-06 00:00:00+00:00, run_after=2025-02-07 00:00:00+00:00
[2025-02-07T13:19:23.755+0000] {processor.py:208} INFO - Processing /opt/conda/lib/python3.12/site-packages/airflow/example_dags/tutorial_taskflow_templates.py took 0.495 seconds
[2025-02-07T13:24:29.988+0000] {processor.py:186} INFO - Started process (PID=472) to work on /opt/conda/lib/python3.12/site-packages/airflow/example_dags/tutorial_taskflow_templates.py
[2025-02-07T13:24:29.993+0000] {processor.py:914} INFO - Processing file /opt/conda/lib/python3.12/site-packages/airflow/example_dags/tutorial_taskflow_templates.py for tasks to queue
[2025-02-07T13:24:29.996+0000] {logging_mixin.py:190} INFO - [2025-02-07T13:24:29.995+0000] {dagbag.py:588} INFO - Filling up the DagBag from /opt/conda/lib/python3.12/site-packages/airflow/example_dags/tutorial_taskflow_templates.py
[2025-02-07T13:24:30.120+0000] {processor.py:925} INFO - DAG(s) 'tutorial_taskflow_templates' retrieved from /opt/conda/lib/python3.12/site-packages/airflow/example_dags/tutorial_taskflow_templates.py
[2025-02-07T13:24:30.311+0000] {logging_mixin.py:190} INFO - [2025-02-07T13:24:30.311+0000] {dag.py:3239} INFO - Sync 1 DAGs
[2025-02-07T13:24:30.533+0000] {logging_mixin.py:190} INFO - [2025-02-07T13:24:30.532+0000] {dag.py:4180} INFO - Setting next_dagrun for tutorial_taskflow_templates to 2025-02-06 00:00:00+00:00, run_after=2025-02-07 00:00:00+00:00
[2025-02-07T13:24:30.764+0000] {processor.py:208} INFO - Processing /opt/conda/lib/python3.12/site-packages/airflow/example_dags/tutorial_taskflow_templates.py took 0.823 seconds
[2025-02-07T13:26:55.009+0000] {processor.py:186} INFO - Started process (PID=171) to work on /opt/conda/lib/python3.12/site-packages/airflow/example_dags/tutorial_taskflow_templates.py
[2025-02-07T13:26:55.010+0000] {processor.py:914} INFO - Processing file /opt/conda/lib/python3.12/site-packages/airflow/example_dags/tutorial_taskflow_templates.py for tasks to queue
[2025-02-07T13:26:55.014+0000] {logging_mixin.py:190} INFO - [2025-02-07T13:26:55.013+0000] {dagbag.py:588} INFO - Filling up the DagBag from /opt/conda/lib/python3.12/site-packages/airflow/example_dags/tutorial_taskflow_templates.py
[2025-02-07T13:26:55.079+0000] {processor.py:925} INFO - DAG(s) 'tutorial_taskflow_templates' retrieved from /opt/conda/lib/python3.12/site-packages/airflow/example_dags/tutorial_taskflow_templates.py
[2025-02-07T13:26:55.122+0000] {logging_mixin.py:190} INFO - [2025-02-07T13:26:55.122+0000] {dag.py:3239} INFO - Sync 1 DAGs
[2025-02-07T13:26:55.180+0000] {logging_mixin.py:190} INFO - [2025-02-07T13:26:55.179+0000] {dag.py:4180} INFO - Setting next_dagrun for tutorial_taskflow_templates to 2025-02-06 00:00:00+00:00, run_after=2025-02-07 00:00:00+00:00
[2025-02-07T13:26:55.201+0000] {processor.py:208} INFO - Processing /opt/conda/lib/python3.12/site-packages/airflow/example_dags/tutorial_taskflow_templates.py took 0.199 seconds
[2025-02-07T13:28:26.467+0000] {processor.py:186} INFO - Started process (PID=324) to work on /opt/conda/lib/python3.12/site-packages/airflow/example_dags/tutorial_taskflow_templates.py
[2025-02-07T13:28:26.470+0000] {processor.py:914} INFO - Processing file /opt/conda/lib/python3.12/site-packages/airflow/example_dags/tutorial_taskflow_templates.py for tasks to queue
[2025-02-07T13:28:26.471+0000] {logging_mixin.py:190} INFO - [2025-02-07T13:28:26.471+0000] {dagbag.py:588} INFO - Filling up the DagBag from /opt/conda/lib/python3.12/site-packages/airflow/example_dags/tutorial_taskflow_templates.py
[2025-02-07T13:28:26.487+0000] {processor.py:925} INFO - DAG(s) 'tutorial_taskflow_templates' retrieved from /opt/conda/lib/python3.12/site-packages/airflow/example_dags/tutorial_taskflow_templates.py
[2025-02-07T13:28:26.503+0000] {logging_mixin.py:190} INFO - [2025-02-07T13:28:26.503+0000] {dag.py:3239} INFO - Sync 1 DAGs
[2025-02-07T13:28:26.520+0000] {logging_mixin.py:190} INFO - [2025-02-07T13:28:26.520+0000] {dag.py:4180} INFO - Setting next_dagrun for tutorial_taskflow_templates to 2025-02-06 00:00:00+00:00, run_after=2025-02-07 00:00:00+00:00
[2025-02-07T13:28:26.533+0000] {processor.py:208} INFO - Processing /opt/conda/lib/python3.12/site-packages/airflow/example_dags/tutorial_taskflow_templates.py took 0.082 seconds
[2025-02-07T13:29:15.242+0000] {processor.py:186} INFO - Started process (PID=371) to work on /opt/conda/lib/python3.12/site-packages/airflow/example_dags/tutorial_taskflow_templates.py
[2025-02-07T13:29:15.263+0000] {processor.py:914} INFO - Processing file /opt/conda/lib/python3.12/site-packages/airflow/example_dags/tutorial_taskflow_templates.py for tasks to queue
[2025-02-07T13:29:15.265+0000] {logging_mixin.py:190} INFO - [2025-02-07T13:29:15.265+0000] {dagbag.py:588} INFO - Filling up the DagBag from /opt/conda/lib/python3.12/site-packages/airflow/example_dags/tutorial_taskflow_templates.py
[2025-02-07T13:29:15.284+0000] {processor.py:925} INFO - DAG(s) 'tutorial_taskflow_templates' retrieved from /opt/conda/lib/python3.12/site-packages/airflow/example_dags/tutorial_taskflow_templates.py
[2025-02-07T13:29:15.296+0000] {logging_mixin.py:190} INFO - [2025-02-07T13:29:15.296+0000] {dag.py:3239} INFO - Sync 1 DAGs
[2025-02-07T13:29:15.324+0000] {logging_mixin.py:190} INFO - [2025-02-07T13:29:15.324+0000] {dag.py:4180} INFO - Setting next_dagrun for tutorial_taskflow_templates to 2025-02-06 00:00:00+00:00, run_after=2025-02-07 00:00:00+00:00
[2025-02-07T13:29:15.340+0000] {processor.py:208} INFO - Processing /opt/conda/lib/python3.12/site-packages/airflow/example_dags/tutorial_taskflow_templates.py took 0.104 seconds
[2025-02-07T13:29:54.493+0000] {processor.py:186} INFO - Started process (PID=416) to work on /opt/conda/lib/python3.12/site-packages/airflow/example_dags/tutorial_taskflow_templates.py
[2025-02-07T13:29:54.495+0000] {processor.py:914} INFO - Processing file /opt/conda/lib/python3.12/site-packages/airflow/example_dags/tutorial_taskflow_templates.py for tasks to queue
[2025-02-07T13:29:54.497+0000] {logging_mixin.py:190} INFO - [2025-02-07T13:29:54.496+0000] {dagbag.py:588} INFO - Filling up the DagBag from /opt/conda/lib/python3.12/site-packages/airflow/example_dags/tutorial_taskflow_templates.py
[2025-02-07T13:29:54.516+0000] {processor.py:925} INFO - DAG(s) 'tutorial_taskflow_templates' retrieved from /opt/conda/lib/python3.12/site-packages/airflow/example_dags/tutorial_taskflow_templates.py
[2025-02-07T13:29:54.532+0000] {logging_mixin.py:190} INFO - [2025-02-07T13:29:54.531+0000] {dag.py:3239} INFO - Sync 1 DAGs
[2025-02-07T13:29:54.554+0000] {logging_mixin.py:190} INFO - [2025-02-07T13:29:54.553+0000] {dag.py:4180} INFO - Setting next_dagrun for tutorial_taskflow_templates to 2025-02-06 00:00:00+00:00, run_after=2025-02-07 00:00:00+00:00
[2025-02-07T13:29:54.571+0000] {processor.py:208} INFO - Processing /opt/conda/lib/python3.12/site-packages/airflow/example_dags/tutorial_taskflow_templates.py took 0.089 seconds
[2025-02-07T13:32:56.318+0000] {processor.py:186} INFO - Started process (PID=292) to work on /opt/conda/lib/python3.12/site-packages/airflow/example_dags/tutorial_taskflow_templates.py
[2025-02-07T13:32:56.319+0000] {processor.py:914} INFO - Processing file /opt/conda/lib/python3.12/site-packages/airflow/example_dags/tutorial_taskflow_templates.py for tasks to queue
[2025-02-07T13:32:56.320+0000] {logging_mixin.py:190} INFO - [2025-02-07T13:32:56.320+0000] {dagbag.py:588} INFO - Filling up the DagBag from /opt/conda/lib/python3.12/site-packages/airflow/example_dags/tutorial_taskflow_templates.py
[2025-02-07T13:32:56.333+0000] {processor.py:925} INFO - DAG(s) 'tutorial_taskflow_templates' retrieved from /opt/conda/lib/python3.12/site-packages/airflow/example_dags/tutorial_taskflow_templates.py
[2025-02-07T13:32:56.354+0000] {logging_mixin.py:190} INFO - [2025-02-07T13:32:56.353+0000] {dag.py:3239} INFO - Sync 1 DAGs
[2025-02-07T13:32:56.371+0000] {logging_mixin.py:190} INFO - [2025-02-07T13:32:56.371+0000] {dag.py:4180} INFO - Setting next_dagrun for tutorial_taskflow_templates to 2025-02-06 00:00:00+00:00, run_after=2025-02-07 00:00:00+00:00
[2025-02-07T13:32:56.400+0000] {processor.py:208} INFO - Processing /opt/conda/lib/python3.12/site-packages/airflow/example_dags/tutorial_taskflow_templates.py took 0.087 seconds
[2025-02-07T13:34:22.323+0000] {processor.py:186} INFO - Started process (PID=72) to work on /opt/conda/lib/python3.12/site-packages/airflow/example_dags/tutorial_taskflow_templates.py
[2025-02-07T13:34:22.338+0000] {processor.py:914} INFO - Processing file /opt/conda/lib/python3.12/site-packages/airflow/example_dags/tutorial_taskflow_templates.py for tasks to queue
[2025-02-07T13:34:22.406+0000] {logging_mixin.py:190} INFO - [2025-02-07T13:34:22.405+0000] {dagbag.py:588} INFO - Filling up the DagBag from /opt/conda/lib/python3.12/site-packages/airflow/example_dags/tutorial_taskflow_templates.py
[2025-02-07T13:34:22.465+0000] {processor.py:925} INFO - DAG(s) 'tutorial_taskflow_templates' retrieved from /opt/conda/lib/python3.12/site-packages/airflow/example_dags/tutorial_taskflow_templates.py
[2025-02-07T13:34:22.492+0000] {logging_mixin.py:190} INFO - [2025-02-07T13:34:22.492+0000] {dag.py:3239} INFO - Sync 1 DAGs
[2025-02-07T13:34:22.521+0000] {logging_mixin.py:190} INFO - [2025-02-07T13:34:22.521+0000] {dag.py:4180} INFO - Setting next_dagrun for tutorial_taskflow_templates to 2025-02-06 00:00:00+00:00, run_after=2025-02-07 00:00:00+00:00
[2025-02-07T13:34:22.538+0000] {processor.py:208} INFO - Processing /opt/conda/lib/python3.12/site-packages/airflow/example_dags/tutorial_taskflow_templates.py took 0.230 seconds
[2025-02-07T13:35:55.095+0000] {processor.py:186} INFO - Started process (PID=73) to work on /opt/conda/lib/python3.12/site-packages/airflow/example_dags/tutorial_taskflow_templates.py
[2025-02-07T13:35:55.096+0000] {processor.py:914} INFO - Processing file /opt/conda/lib/python3.12/site-packages/airflow/example_dags/tutorial_taskflow_templates.py for tasks to queue
[2025-02-07T13:35:55.097+0000] {logging_mixin.py:190} INFO - [2025-02-07T13:35:55.097+0000] {dagbag.py:588} INFO - Filling up the DagBag from /opt/conda/lib/python3.12/site-packages/airflow/example_dags/tutorial_taskflow_templates.py
[2025-02-07T13:35:55.113+0000] {processor.py:925} INFO - DAG(s) 'tutorial_taskflow_templates' retrieved from /opt/conda/lib/python3.12/site-packages/airflow/example_dags/tutorial_taskflow_templates.py
[2025-02-07T13:35:55.146+0000] {logging_mixin.py:190} INFO - [2025-02-07T13:35:55.146+0000] {dag.py:3239} INFO - Sync 1 DAGs
[2025-02-07T13:35:55.162+0000] {logging_mixin.py:190} INFO - [2025-02-07T13:35:55.161+0000] {dag.py:4180} INFO - Setting next_dagrun for tutorial_taskflow_templates to 2025-02-06 00:00:00+00:00, run_after=2025-02-07 00:00:00+00:00
[2025-02-07T13:35:55.177+0000] {processor.py:208} INFO - Processing /opt/conda/lib/python3.12/site-packages/airflow/example_dags/tutorial_taskflow_templates.py took 0.086 seconds
[2025-02-07T13:37:32.975+0000] {processor.py:186} INFO - Started process (PID=231) to work on /opt/conda/lib/python3.12/site-packages/airflow/example_dags/tutorial_taskflow_templates.py
[2025-02-07T13:37:32.977+0000] {processor.py:914} INFO - Processing file /opt/conda/lib/python3.12/site-packages/airflow/example_dags/tutorial_taskflow_templates.py for tasks to queue
[2025-02-07T13:37:32.991+0000] {logging_mixin.py:190} INFO - [2025-02-07T13:37:32.982+0000] {dagbag.py:588} INFO - Filling up the DagBag from /opt/conda/lib/python3.12/site-packages/airflow/example_dags/tutorial_taskflow_templates.py
[2025-02-07T13:37:33.069+0000] {processor.py:925} INFO - DAG(s) 'tutorial_taskflow_templates' retrieved from /opt/conda/lib/python3.12/site-packages/airflow/example_dags/tutorial_taskflow_templates.py
[2025-02-07T13:37:33.135+0000] {logging_mixin.py:190} INFO - [2025-02-07T13:37:33.135+0000] {dag.py:3239} INFO - Sync 1 DAGs
[2025-02-07T13:37:33.163+0000] {logging_mixin.py:190} INFO - [2025-02-07T13:37:33.162+0000] {dag.py:4180} INFO - Setting next_dagrun for tutorial_taskflow_templates to 2025-02-06 00:00:00+00:00, run_after=2025-02-07 00:00:00+00:00
[2025-02-07T13:37:33.186+0000] {processor.py:208} INFO - Processing /opt/conda/lib/python3.12/site-packages/airflow/example_dags/tutorial_taskflow_templates.py took 0.226 seconds
[2025-02-07T13:39:17.802+0000] {processor.py:186} INFO - Started process (PID=475) to work on /opt/conda/lib/python3.12/site-packages/airflow/example_dags/tutorial_taskflow_templates.py
[2025-02-07T13:39:17.803+0000] {processor.py:914} INFO - Processing file /opt/conda/lib/python3.12/site-packages/airflow/example_dags/tutorial_taskflow_templates.py for tasks to queue
[2025-02-07T13:39:17.805+0000] {logging_mixin.py:190} INFO - [2025-02-07T13:39:17.804+0000] {dagbag.py:588} INFO - Filling up the DagBag from /opt/conda/lib/python3.12/site-packages/airflow/example_dags/tutorial_taskflow_templates.py
[2025-02-07T13:39:17.815+0000] {processor.py:925} INFO - DAG(s) 'tutorial_taskflow_templates' retrieved from /opt/conda/lib/python3.12/site-packages/airflow/example_dags/tutorial_taskflow_templates.py
[2025-02-07T13:39:17.826+0000] {logging_mixin.py:190} INFO - [2025-02-07T13:39:17.826+0000] {dag.py:3239} INFO - Sync 1 DAGs
[2025-02-07T13:39:17.839+0000] {logging_mixin.py:190} INFO - [2025-02-07T13:39:17.839+0000] {dag.py:4180} INFO - Setting next_dagrun for tutorial_taskflow_templates to 2025-02-06 00:00:00+00:00, run_after=2025-02-07 00:00:00+00:00
[2025-02-07T13:39:17.852+0000] {processor.py:208} INFO - Processing /opt/conda/lib/python3.12/site-packages/airflow/example_dags/tutorial_taskflow_templates.py took 0.055 seconds
[2025-02-07T13:40:17.630+0000] {processor.py:186} INFO - Started process (PID=543) to work on /opt/conda/lib/python3.12/site-packages/airflow/example_dags/tutorial_taskflow_templates.py
[2025-02-07T13:40:17.631+0000] {processor.py:914} INFO - Processing file /opt/conda/lib/python3.12/site-packages/airflow/example_dags/tutorial_taskflow_templates.py for tasks to queue
[2025-02-07T13:40:17.633+0000] {logging_mixin.py:190} INFO - [2025-02-07T13:40:17.633+0000] {dagbag.py:588} INFO - Filling up the DagBag from /opt/conda/lib/python3.12/site-packages/airflow/example_dags/tutorial_taskflow_templates.py
[2025-02-07T13:40:17.645+0000] {processor.py:925} INFO - DAG(s) 'tutorial_taskflow_templates' retrieved from /opt/conda/lib/python3.12/site-packages/airflow/example_dags/tutorial_taskflow_templates.py
[2025-02-07T13:40:17.658+0000] {logging_mixin.py:190} INFO - [2025-02-07T13:40:17.658+0000] {dag.py:3239} INFO - Sync 1 DAGs
[2025-02-07T13:40:17.673+0000] {logging_mixin.py:190} INFO - [2025-02-07T13:40:17.673+0000] {dag.py:4180} INFO - Setting next_dagrun for tutorial_taskflow_templates to 2025-02-06 00:00:00+00:00, run_after=2025-02-07 00:00:00+00:00
[2025-02-07T13:40:17.693+0000] {processor.py:208} INFO - Processing /opt/conda/lib/python3.12/site-packages/airflow/example_dags/tutorial_taskflow_templates.py took 0.069 seconds
[2025-02-07T13:41:14.686+0000] {processor.py:186} INFO - Started process (PID=610) to work on /opt/conda/lib/python3.12/site-packages/airflow/example_dags/tutorial_taskflow_templates.py
[2025-02-07T13:41:14.687+0000] {processor.py:914} INFO - Processing file /opt/conda/lib/python3.12/site-packages/airflow/example_dags/tutorial_taskflow_templates.py for tasks to queue
[2025-02-07T13:41:14.689+0000] {logging_mixin.py:190} INFO - [2025-02-07T13:41:14.689+0000] {dagbag.py:588} INFO - Filling up the DagBag from /opt/conda/lib/python3.12/site-packages/airflow/example_dags/tutorial_taskflow_templates.py
[2025-02-07T13:41:14.701+0000] {processor.py:925} INFO - DAG(s) 'tutorial_taskflow_templates' retrieved from /opt/conda/lib/python3.12/site-packages/airflow/example_dags/tutorial_taskflow_templates.py
[2025-02-07T13:41:14.715+0000] {logging_mixin.py:190} INFO - [2025-02-07T13:41:14.714+0000] {dag.py:3239} INFO - Sync 1 DAGs
[2025-02-07T13:41:14.731+0000] {logging_mixin.py:190} INFO - [2025-02-07T13:41:14.731+0000] {dag.py:4180} INFO - Setting next_dagrun for tutorial_taskflow_templates to 2025-02-06 00:00:00+00:00, run_after=2025-02-07 00:00:00+00:00
[2025-02-07T13:41:14.748+0000] {processor.py:208} INFO - Processing /opt/conda/lib/python3.12/site-packages/airflow/example_dags/tutorial_taskflow_templates.py took 0.068 seconds
[2025-02-07T13:42:11.918+0000] {processor.py:186} INFO - Started process (PID=668) to work on /opt/conda/lib/python3.12/site-packages/airflow/example_dags/tutorial_taskflow_templates.py
[2025-02-07T13:42:11.919+0000] {processor.py:914} INFO - Processing file /opt/conda/lib/python3.12/site-packages/airflow/example_dags/tutorial_taskflow_templates.py for tasks to queue
[2025-02-07T13:42:11.921+0000] {logging_mixin.py:190} INFO - [2025-02-07T13:42:11.921+0000] {dagbag.py:588} INFO - Filling up the DagBag from /opt/conda/lib/python3.12/site-packages/airflow/example_dags/tutorial_taskflow_templates.py
[2025-02-07T13:42:11.932+0000] {processor.py:925} INFO - DAG(s) 'tutorial_taskflow_templates' retrieved from /opt/conda/lib/python3.12/site-packages/airflow/example_dags/tutorial_taskflow_templates.py
[2025-02-07T13:42:11.946+0000] {logging_mixin.py:190} INFO - [2025-02-07T13:42:11.945+0000] {dag.py:3239} INFO - Sync 1 DAGs
[2025-02-07T13:42:11.960+0000] {logging_mixin.py:190} INFO - [2025-02-07T13:42:11.959+0000] {dag.py:4180} INFO - Setting next_dagrun for tutorial_taskflow_templates to 2025-02-06 00:00:00+00:00, run_after=2025-02-07 00:00:00+00:00
[2025-02-07T13:42:11.975+0000] {processor.py:208} INFO - Processing /opt/conda/lib/python3.12/site-packages/airflow/example_dags/tutorial_taskflow_templates.py took 0.062 seconds
[2025-02-07T13:42:54.083+0000] {processor.py:186} INFO - Started process (PID=819) to work on /opt/conda/lib/python3.12/site-packages/airflow/example_dags/tutorial_taskflow_templates.py
[2025-02-07T13:42:54.084+0000] {processor.py:914} INFO - Processing file /opt/conda/lib/python3.12/site-packages/airflow/example_dags/tutorial_taskflow_templates.py for tasks to queue
[2025-02-07T13:42:54.086+0000] {logging_mixin.py:190} INFO - [2025-02-07T13:42:54.086+0000] {dagbag.py:588} INFO - Filling up the DagBag from /opt/conda/lib/python3.12/site-packages/airflow/example_dags/tutorial_taskflow_templates.py
[2025-02-07T13:42:54.096+0000] {processor.py:925} INFO - DAG(s) 'tutorial_taskflow_templates' retrieved from /opt/conda/lib/python3.12/site-packages/airflow/example_dags/tutorial_taskflow_templates.py
[2025-02-07T13:42:54.109+0000] {logging_mixin.py:190} INFO - [2025-02-07T13:42:54.109+0000] {dag.py:3239} INFO - Sync 1 DAGs
[2025-02-07T13:42:54.123+0000] {logging_mixin.py:190} INFO - [2025-02-07T13:42:54.123+0000] {dag.py:4180} INFO - Setting next_dagrun for tutorial_taskflow_templates to 2025-02-06 00:00:00+00:00, run_after=2025-02-07 00:00:00+00:00
[2025-02-07T13:42:54.144+0000] {processor.py:208} INFO - Processing /opt/conda/lib/python3.12/site-packages/airflow/example_dags/tutorial_taskflow_templates.py took 0.066 seconds
[2025-02-07T13:44:12.624+0000] {processor.py:186} INFO - Started process (PID=1002) to work on /opt/conda/lib/python3.12/site-packages/airflow/example_dags/tutorial_taskflow_templates.py
[2025-02-07T13:44:12.625+0000] {processor.py:914} INFO - Processing file /opt/conda/lib/python3.12/site-packages/airflow/example_dags/tutorial_taskflow_templates.py for tasks to queue
[2025-02-07T13:44:12.628+0000] {logging_mixin.py:190} INFO - [2025-02-07T13:44:12.627+0000] {dagbag.py:588} INFO - Filling up the DagBag from /opt/conda/lib/python3.12/site-packages/airflow/example_dags/tutorial_taskflow_templates.py
[2025-02-07T13:44:12.639+0000] {processor.py:925} INFO - DAG(s) 'tutorial_taskflow_templates' retrieved from /opt/conda/lib/python3.12/site-packages/airflow/example_dags/tutorial_taskflow_templates.py
[2025-02-07T13:44:12.653+0000] {logging_mixin.py:190} INFO - [2025-02-07T13:44:12.653+0000] {dag.py:3239} INFO - Sync 1 DAGs
[2025-02-07T13:44:12.670+0000] {logging_mixin.py:190} INFO - [2025-02-07T13:44:12.670+0000] {dag.py:4180} INFO - Setting next_dagrun for tutorial_taskflow_templates to 2025-02-06 00:00:00+00:00, run_after=2025-02-07 00:00:00+00:00
[2025-02-07T13:44:12.687+0000] {processor.py:208} INFO - Processing /opt/conda/lib/python3.12/site-packages/airflow/example_dags/tutorial_taskflow_templates.py took 0.069 seconds
[2025-02-07T13:44:58.990+0000] {processor.py:186} INFO - Started process (PID=1069) to work on /opt/conda/lib/python3.12/site-packages/airflow/example_dags/tutorial_taskflow_templates.py
[2025-02-07T13:44:58.991+0000] {processor.py:914} INFO - Processing file /opt/conda/lib/python3.12/site-packages/airflow/example_dags/tutorial_taskflow_templates.py for tasks to queue
[2025-02-07T13:44:58.994+0000] {logging_mixin.py:190} INFO - [2025-02-07T13:44:58.994+0000] {dagbag.py:588} INFO - Filling up the DagBag from /opt/conda/lib/python3.12/site-packages/airflow/example_dags/tutorial_taskflow_templates.py
[2025-02-07T13:44:59.007+0000] {processor.py:925} INFO - DAG(s) 'tutorial_taskflow_templates' retrieved from /opt/conda/lib/python3.12/site-packages/airflow/example_dags/tutorial_taskflow_templates.py
[2025-02-07T13:44:59.019+0000] {logging_mixin.py:190} INFO - [2025-02-07T13:44:59.019+0000] {dag.py:3239} INFO - Sync 1 DAGs
[2025-02-07T13:44:59.032+0000] {logging_mixin.py:190} INFO - [2025-02-07T13:44:59.032+0000] {dag.py:4180} INFO - Setting next_dagrun for tutorial_taskflow_templates to 2025-02-06 00:00:00+00:00, run_after=2025-02-07 00:00:00+00:00
[2025-02-07T13:44:59.059+0000] {processor.py:208} INFO - Processing /opt/conda/lib/python3.12/site-packages/airflow/example_dags/tutorial_taskflow_templates.py took 0.077 seconds
[2025-02-07T13:45:54.168+0000] {processor.py:186} INFO - Started process (PID=1194) to work on /opt/conda/lib/python3.12/site-packages/airflow/example_dags/tutorial_taskflow_templates.py
[2025-02-07T13:45:54.169+0000] {processor.py:914} INFO - Processing file /opt/conda/lib/python3.12/site-packages/airflow/example_dags/tutorial_taskflow_templates.py for tasks to queue
[2025-02-07T13:45:54.172+0000] {logging_mixin.py:190} INFO - [2025-02-07T13:45:54.172+0000] {dagbag.py:588} INFO - Filling up the DagBag from /opt/conda/lib/python3.12/site-packages/airflow/example_dags/tutorial_taskflow_templates.py
[2025-02-07T13:45:54.182+0000] {processor.py:925} INFO - DAG(s) 'tutorial_taskflow_templates' retrieved from /opt/conda/lib/python3.12/site-packages/airflow/example_dags/tutorial_taskflow_templates.py
[2025-02-07T13:45:54.195+0000] {logging_mixin.py:190} INFO - [2025-02-07T13:45:54.194+0000] {dag.py:3239} INFO - Sync 1 DAGs
[2025-02-07T13:45:54.223+0000] {logging_mixin.py:190} INFO - [2025-02-07T13:45:54.223+0000] {dag.py:4180} INFO - Setting next_dagrun for tutorial_taskflow_templates to 2025-02-06 00:00:00+00:00, run_after=2025-02-07 00:00:00+00:00
[2025-02-07T13:45:54.247+0000] {processor.py:208} INFO - Processing /opt/conda/lib/python3.12/site-packages/airflow/example_dags/tutorial_taskflow_templates.py took 0.088 seconds
[2025-02-07T13:46:35.075+0000] {processor.py:186} INFO - Started process (PID=1233) to work on /opt/conda/lib/python3.12/site-packages/airflow/example_dags/tutorial_taskflow_templates.py
[2025-02-07T13:46:35.079+0000] {processor.py:914} INFO - Processing file /opt/conda/lib/python3.12/site-packages/airflow/example_dags/tutorial_taskflow_templates.py for tasks to queue
[2025-02-07T13:46:35.093+0000] {logging_mixin.py:190} INFO - [2025-02-07T13:46:35.092+0000] {dagbag.py:588} INFO - Filling up the DagBag from /opt/conda/lib/python3.12/site-packages/airflow/example_dags/tutorial_taskflow_templates.py
[2025-02-07T13:46:35.172+0000] {processor.py:925} INFO - DAG(s) 'tutorial_taskflow_templates' retrieved from /opt/conda/lib/python3.12/site-packages/airflow/example_dags/tutorial_taskflow_templates.py
[2025-02-07T13:46:35.214+0000] {logging_mixin.py:190} INFO - [2025-02-07T13:46:35.213+0000] {dag.py:3239} INFO - Sync 1 DAGs
[2025-02-07T13:46:35.257+0000] {logging_mixin.py:190} INFO - [2025-02-07T13:46:35.257+0000] {dag.py:4180} INFO - Setting next_dagrun for tutorial_taskflow_templates to 2025-02-06 00:00:00+00:00, run_after=2025-02-07 00:00:00+00:00
[2025-02-07T13:46:35.328+0000] {processor.py:208} INFO - Processing /opt/conda/lib/python3.12/site-packages/airflow/example_dags/tutorial_taskflow_templates.py took 0.288 seconds
[2025-02-07T14:02:09.644+0000] {processor.py:186} INFO - Started process (PID=501) to work on /opt/conda/lib/python3.12/site-packages/airflow/example_dags/tutorial_taskflow_templates.py
[2025-02-07T14:02:09.647+0000] {processor.py:914} INFO - Processing file /opt/conda/lib/python3.12/site-packages/airflow/example_dags/tutorial_taskflow_templates.py for tasks to queue
[2025-02-07T14:02:09.648+0000] {logging_mixin.py:190} INFO - [2025-02-07T14:02:09.648+0000] {dagbag.py:588} INFO - Filling up the DagBag from /opt/conda/lib/python3.12/site-packages/airflow/example_dags/tutorial_taskflow_templates.py
[2025-02-07T14:02:09.671+0000] {processor.py:925} INFO - DAG(s) 'tutorial_taskflow_templates' retrieved from /opt/conda/lib/python3.12/site-packages/airflow/example_dags/tutorial_taskflow_templates.py
[2025-02-07T14:02:09.695+0000] {logging_mixin.py:190} INFO - [2025-02-07T14:02:09.695+0000] {dag.py:3239} INFO - Sync 1 DAGs
[2025-02-07T14:02:09.717+0000] {logging_mixin.py:190} INFO - [2025-02-07T14:02:09.717+0000] {dag.py:4180} INFO - Setting next_dagrun for tutorial_taskflow_templates to 2025-02-06 00:00:00+00:00, run_after=2025-02-07 00:00:00+00:00
[2025-02-07T14:02:09.757+0000] {processor.py:208} INFO - Processing /opt/conda/lib/python3.12/site-packages/airflow/example_dags/tutorial_taskflow_templates.py took 0.119 seconds
[2025-02-07T14:05:55.754+0000] {processor.py:186} INFO - Started process (PID=1801) to work on /opt/conda/lib/python3.12/site-packages/airflow/example_dags/tutorial_taskflow_templates.py
[2025-02-07T14:05:55.756+0000] {processor.py:914} INFO - Processing file /opt/conda/lib/python3.12/site-packages/airflow/example_dags/tutorial_taskflow_templates.py for tasks to queue
[2025-02-07T14:05:55.757+0000] {logging_mixin.py:190} INFO - [2025-02-07T14:05:55.756+0000] {dagbag.py:588} INFO - Filling up the DagBag from /opt/conda/lib/python3.12/site-packages/airflow/example_dags/tutorial_taskflow_templates.py
[2025-02-07T14:05:55.767+0000] {processor.py:925} INFO - DAG(s) 'tutorial_taskflow_templates' retrieved from /opt/conda/lib/python3.12/site-packages/airflow/example_dags/tutorial_taskflow_templates.py
[2025-02-07T14:05:55.787+0000] {logging_mixin.py:190} INFO - [2025-02-07T14:05:55.787+0000] {dag.py:3239} INFO - Sync 1 DAGs
[2025-02-07T14:05:55.804+0000] {logging_mixin.py:190} INFO - [2025-02-07T14:05:55.804+0000] {dag.py:4180} INFO - Setting next_dagrun for tutorial_taskflow_templates to 2025-02-06 00:00:00+00:00, run_after=2025-02-07 00:00:00+00:00
[2025-02-07T14:05:55.821+0000] {processor.py:208} INFO - Processing /opt/conda/lib/python3.12/site-packages/airflow/example_dags/tutorial_taskflow_templates.py took 0.084 seconds
[2025-02-07T14:07:18.930+0000] {processor.py:186} INFO - Started process (PID=1989) to work on /opt/conda/lib/python3.12/site-packages/airflow/example_dags/tutorial_taskflow_templates.py
[2025-02-07T14:07:18.932+0000] {processor.py:914} INFO - Processing file /opt/conda/lib/python3.12/site-packages/airflow/example_dags/tutorial_taskflow_templates.py for tasks to queue
[2025-02-07T14:07:18.933+0000] {logging_mixin.py:190} INFO - [2025-02-07T14:07:18.933+0000] {dagbag.py:588} INFO - Filling up the DagBag from /opt/conda/lib/python3.12/site-packages/airflow/example_dags/tutorial_taskflow_templates.py
[2025-02-07T14:07:18.942+0000] {processor.py:925} INFO - DAG(s) 'tutorial_taskflow_templates' retrieved from /opt/conda/lib/python3.12/site-packages/airflow/example_dags/tutorial_taskflow_templates.py
[2025-02-07T14:07:18.957+0000] {logging_mixin.py:190} INFO - [2025-02-07T14:07:18.957+0000] {dag.py:3239} INFO - Sync 1 DAGs
[2025-02-07T14:07:18.971+0000] {logging_mixin.py:190} INFO - [2025-02-07T14:07:18.970+0000] {dag.py:4180} INFO - Setting next_dagrun for tutorial_taskflow_templates to 2025-02-06 00:00:00+00:00, run_after=2025-02-07 00:00:00+00:00
[2025-02-07T14:07:18.985+0000] {processor.py:208} INFO - Processing /opt/conda/lib/python3.12/site-packages/airflow/example_dags/tutorial_taskflow_templates.py took 0.065 seconds
[2025-02-07T14:36:39.711+0000] {processor.py:186} INFO - Started process (PID=451) to work on /opt/conda/lib/python3.12/site-packages/airflow/example_dags/tutorial_taskflow_templates.py
[2025-02-07T14:36:39.713+0000] {processor.py:914} INFO - Processing file /opt/conda/lib/python3.12/site-packages/airflow/example_dags/tutorial_taskflow_templates.py for tasks to queue
[2025-02-07T14:36:39.716+0000] {logging_mixin.py:190} INFO - [2025-02-07T14:36:39.715+0000] {dagbag.py:588} INFO - Filling up the DagBag from /opt/conda/lib/python3.12/site-packages/airflow/example_dags/tutorial_taskflow_templates.py
[2025-02-07T14:36:39.782+0000] {processor.py:925} INFO - DAG(s) 'tutorial_taskflow_templates' retrieved from /opt/conda/lib/python3.12/site-packages/airflow/example_dags/tutorial_taskflow_templates.py
[2025-02-07T14:36:39.801+0000] {logging_mixin.py:190} INFO - [2025-02-07T14:36:39.801+0000] {dag.py:3239} INFO - Sync 1 DAGs
[2025-02-07T14:36:39.819+0000] {logging_mixin.py:190} INFO - [2025-02-07T14:36:39.819+0000] {dag.py:4180} INFO - Setting next_dagrun for tutorial_taskflow_templates to 2025-02-06 00:00:00+00:00, run_after=2025-02-07 00:00:00+00:00
[2025-02-07T14:36:39.839+0000] {processor.py:208} INFO - Processing /opt/conda/lib/python3.12/site-packages/airflow/example_dags/tutorial_taskflow_templates.py took 0.165 seconds
[2025-02-07T14:41:24.476+0000] {processor.py:186} INFO - Started process (PID=318) to work on /opt/conda/lib/python3.12/site-packages/airflow/example_dags/tutorial_taskflow_templates.py
[2025-02-07T14:41:24.477+0000] {processor.py:914} INFO - Processing file /opt/conda/lib/python3.12/site-packages/airflow/example_dags/tutorial_taskflow_templates.py for tasks to queue
[2025-02-07T14:41:24.486+0000] {logging_mixin.py:190} INFO - [2025-02-07T14:41:24.485+0000] {dagbag.py:588} INFO - Filling up the DagBag from /opt/conda/lib/python3.12/site-packages/airflow/example_dags/tutorial_taskflow_templates.py
[2025-02-07T14:41:24.563+0000] {processor.py:925} INFO - DAG(s) 'tutorial_taskflow_templates' retrieved from /opt/conda/lib/python3.12/site-packages/airflow/example_dags/tutorial_taskflow_templates.py
[2025-02-07T14:41:24.672+0000] {logging_mixin.py:190} INFO - [2025-02-07T14:41:24.670+0000] {dag.py:3239} INFO - Sync 1 DAGs
[2025-02-07T14:41:24.763+0000] {logging_mixin.py:190} INFO - [2025-02-07T14:41:24.762+0000] {dag.py:4180} INFO - Setting next_dagrun for tutorial_taskflow_templates to 2025-02-06 00:00:00+00:00, run_after=2025-02-07 00:00:00+00:00
[2025-02-07T14:41:24.903+0000] {processor.py:208} INFO - Processing /opt/conda/lib/python3.12/site-packages/airflow/example_dags/tutorial_taskflow_templates.py took 0.434 seconds
