[2025-02-07T12:04:30.275+0000] {processor.py:186} INFO - Started process (PID=675) to work on /opt/conda/lib/python3.12/site-packages/airflow/example_dags/tutorial.py
[2025-02-07T12:04:30.276+0000] {processor.py:914} INFO - Processing file /opt/conda/lib/python3.12/site-packages/airflow/example_dags/tutorial.py for tasks to queue
[2025-02-07T12:04:30.277+0000] {logging_mixin.py:190} INFO - [2025-02-07T12:04:30.277+0000] {dagbag.py:588} INFO - Filling up the DagBag from /opt/conda/lib/python3.12/site-packages/airflow/example_dags/tutorial.py
[2025-02-07T12:04:30.283+0000] {processor.py:925} INFO - DAG(s) 'tutorial' retrieved from /opt/conda/lib/python3.12/site-packages/airflow/example_dags/tutorial.py
[2025-02-07T12:04:30.306+0000] {logging_mixin.py:190} INFO - [2025-02-07T12:04:30.305+0000] {dag.py:3239} INFO - Sync 1 DAGs
[2025-02-07T12:04:30.323+0000] {logging_mixin.py:190} INFO - [2025-02-07T12:04:30.323+0000] {dag.py:4180} INFO - Setting next_dagrun for tutorial to 2025-02-06 00:00:00+00:00, run_after=2025-02-07 00:00:00+00:00
[2025-02-07T12:04:30.344+0000] {processor.py:208} INFO - Processing /opt/conda/lib/python3.12/site-packages/airflow/example_dags/tutorial.py took 0.073 seconds
[2025-02-07T12:16:55.644+0000] {processor.py:186} INFO - Started process (PID=4330) to work on /opt/conda/lib/python3.12/site-packages/airflow/example_dags/tutorial.py
[2025-02-07T12:16:55.646+0000] {processor.py:914} INFO - Processing file /opt/conda/lib/python3.12/site-packages/airflow/example_dags/tutorial.py for tasks to queue
[2025-02-07T12:16:55.650+0000] {logging_mixin.py:190} INFO - [2025-02-07T12:16:55.649+0000] {dagbag.py:588} INFO - Filling up the DagBag from /opt/conda/lib/python3.12/site-packages/airflow/example_dags/tutorial.py
[2025-02-07T12:16:55.676+0000] {processor.py:925} INFO - DAG(s) 'tutorial' retrieved from /opt/conda/lib/python3.12/site-packages/airflow/example_dags/tutorial.py
[2025-02-07T12:16:55.694+0000] {logging_mixin.py:190} INFO - [2025-02-07T12:16:55.693+0000] {dag.py:3239} INFO - Sync 1 DAGs
[2025-02-07T12:16:55.712+0000] {logging_mixin.py:190} INFO - [2025-02-07T12:16:55.712+0000] {dag.py:4180} INFO - Setting next_dagrun for tutorial to 2025-02-06 00:00:00+00:00, run_after=2025-02-07 00:00:00+00:00
[2025-02-07T12:16:55.732+0000] {processor.py:208} INFO - Processing /opt/conda/lib/python3.12/site-packages/airflow/example_dags/tutorial.py took 0.095 seconds
[2025-02-07T12:29:34.459+0000] {processor.py:186} INFO - Started process (PID=968) to work on /opt/conda/lib/python3.12/site-packages/airflow/example_dags/tutorial.py
[2025-02-07T12:29:34.460+0000] {processor.py:914} INFO - Processing file /opt/conda/lib/python3.12/site-packages/airflow/example_dags/tutorial.py for tasks to queue
[2025-02-07T12:29:34.461+0000] {logging_mixin.py:190} INFO - [2025-02-07T12:29:34.460+0000] {dagbag.py:588} INFO - Filling up the DagBag from /opt/conda/lib/python3.12/site-packages/airflow/example_dags/tutorial.py
[2025-02-07T12:29:34.467+0000] {processor.py:925} INFO - DAG(s) 'tutorial' retrieved from /opt/conda/lib/python3.12/site-packages/airflow/example_dags/tutorial.py
[2025-02-07T12:29:34.487+0000] {logging_mixin.py:190} INFO - [2025-02-07T12:29:34.486+0000] {dag.py:3239} INFO - Sync 1 DAGs
[2025-02-07T12:29:34.499+0000] {logging_mixin.py:190} INFO - [2025-02-07T12:29:34.499+0000] {dag.py:4180} INFO - Setting next_dagrun for tutorial to 2025-02-06 00:00:00+00:00, run_after=2025-02-07 00:00:00+00:00
[2025-02-07T12:29:34.515+0000] {processor.py:208} INFO - Processing /opt/conda/lib/python3.12/site-packages/airflow/example_dags/tutorial.py took 0.061 seconds
[2025-02-07T12:32:25.191+0000] {processor.py:186} INFO - Started process (PID=103) to work on /opt/conda/lib/python3.12/site-packages/airflow/example_dags/tutorial.py
[2025-02-07T12:32:25.192+0000] {processor.py:914} INFO - Processing file /opt/conda/lib/python3.12/site-packages/airflow/example_dags/tutorial.py for tasks to queue
[2025-02-07T12:32:25.194+0000] {logging_mixin.py:190} INFO - [2025-02-07T12:32:25.194+0000] {dagbag.py:588} INFO - Filling up the DagBag from /opt/conda/lib/python3.12/site-packages/airflow/example_dags/tutorial.py
[2025-02-07T12:32:25.201+0000] {processor.py:925} INFO - DAG(s) 'tutorial' retrieved from /opt/conda/lib/python3.12/site-packages/airflow/example_dags/tutorial.py
[2025-02-07T12:32:25.219+0000] {logging_mixin.py:190} INFO - [2025-02-07T12:32:25.219+0000] {dag.py:3239} INFO - Sync 1 DAGs
[2025-02-07T12:32:25.239+0000] {logging_mixin.py:190} INFO - [2025-02-07T12:32:25.239+0000] {dag.py:4180} INFO - Setting next_dagrun for tutorial to 2025-02-06 00:00:00+00:00, run_after=2025-02-07 00:00:00+00:00
[2025-02-07T12:32:25.267+0000] {processor.py:208} INFO - Processing /opt/conda/lib/python3.12/site-packages/airflow/example_dags/tutorial.py took 0.087 seconds
[2025-02-07T12:36:14.666+0000] {processor.py:186} INFO - Started process (PID=81) to work on /opt/conda/lib/python3.12/site-packages/airflow/example_dags/tutorial.py
[2025-02-07T12:36:14.668+0000] {processor.py:914} INFO - Processing file /opt/conda/lib/python3.12/site-packages/airflow/example_dags/tutorial.py for tasks to queue
[2025-02-07T12:36:14.672+0000] {logging_mixin.py:190} INFO - [2025-02-07T12:36:14.672+0000] {dagbag.py:588} INFO - Filling up the DagBag from /opt/conda/lib/python3.12/site-packages/airflow/example_dags/tutorial.py
[2025-02-07T12:36:14.683+0000] {processor.py:925} INFO - DAG(s) 'tutorial' retrieved from /opt/conda/lib/python3.12/site-packages/airflow/example_dags/tutorial.py
[2025-02-07T12:36:14.709+0000] {logging_mixin.py:190} INFO - [2025-02-07T12:36:14.708+0000] {dag.py:3239} INFO - Sync 1 DAGs
[2025-02-07T12:36:14.731+0000] {logging_mixin.py:190} INFO - [2025-02-07T12:36:14.730+0000] {dag.py:4180} INFO - Setting next_dagrun for tutorial to 2025-02-06 00:00:00+00:00, run_after=2025-02-07 00:00:00+00:00
[2025-02-07T12:36:14.753+0000] {processor.py:208} INFO - Processing /opt/conda/lib/python3.12/site-packages/airflow/example_dags/tutorial.py took 0.124 seconds
[2025-02-07T12:37:26.519+0000] {processor.py:186} INFO - Started process (PID=149) to work on /opt/conda/lib/python3.12/site-packages/airflow/example_dags/tutorial.py
[2025-02-07T12:37:26.520+0000] {processor.py:914} INFO - Processing file /opt/conda/lib/python3.12/site-packages/airflow/example_dags/tutorial.py for tasks to queue
[2025-02-07T12:37:26.522+0000] {logging_mixin.py:190} INFO - [2025-02-07T12:37:26.521+0000] {dagbag.py:588} INFO - Filling up the DagBag from /opt/conda/lib/python3.12/site-packages/airflow/example_dags/tutorial.py
[2025-02-07T12:37:26.530+0000] {processor.py:925} INFO - DAG(s) 'tutorial' retrieved from /opt/conda/lib/python3.12/site-packages/airflow/example_dags/tutorial.py
[2025-02-07T12:37:26.541+0000] {logging_mixin.py:190} INFO - [2025-02-07T12:37:26.541+0000] {dag.py:3239} INFO - Sync 1 DAGs
[2025-02-07T12:37:26.558+0000] {logging_mixin.py:190} INFO - [2025-02-07T12:37:26.558+0000] {dag.py:4180} INFO - Setting next_dagrun for tutorial to 2025-02-06 00:00:00+00:00, run_after=2025-02-07 00:00:00+00:00
[2025-02-07T12:37:26.575+0000] {processor.py:208} INFO - Processing /opt/conda/lib/python3.12/site-packages/airflow/example_dags/tutorial.py took 0.066 seconds
[2025-02-07T12:38:29.863+0000] {processor.py:186} INFO - Started process (PID=219) to work on /opt/conda/lib/python3.12/site-packages/airflow/example_dags/tutorial.py
[2025-02-07T12:38:29.864+0000] {processor.py:914} INFO - Processing file /opt/conda/lib/python3.12/site-packages/airflow/example_dags/tutorial.py for tasks to queue
[2025-02-07T12:38:29.866+0000] {logging_mixin.py:190} INFO - [2025-02-07T12:38:29.866+0000] {dagbag.py:588} INFO - Filling up the DagBag from /opt/conda/lib/python3.12/site-packages/airflow/example_dags/tutorial.py
[2025-02-07T12:38:29.873+0000] {processor.py:925} INFO - DAG(s) 'tutorial' retrieved from /opt/conda/lib/python3.12/site-packages/airflow/example_dags/tutorial.py
[2025-02-07T12:38:29.886+0000] {logging_mixin.py:190} INFO - [2025-02-07T12:38:29.885+0000] {dag.py:3239} INFO - Sync 1 DAGs
[2025-02-07T12:38:29.900+0000] {logging_mixin.py:190} INFO - [2025-02-07T12:38:29.899+0000] {dag.py:4180} INFO - Setting next_dagrun for tutorial to 2025-02-06 00:00:00+00:00, run_after=2025-02-07 00:00:00+00:00
[2025-02-07T12:38:29.913+0000] {processor.py:208} INFO - Processing /opt/conda/lib/python3.12/site-packages/airflow/example_dags/tutorial.py took 0.056 seconds
[2025-02-07T12:39:27.311+0000] {processor.py:186} INFO - Started process (PID=287) to work on /opt/conda/lib/python3.12/site-packages/airflow/example_dags/tutorial.py
[2025-02-07T12:39:27.312+0000] {processor.py:914} INFO - Processing file /opt/conda/lib/python3.12/site-packages/airflow/example_dags/tutorial.py for tasks to queue
[2025-02-07T12:39:27.314+0000] {logging_mixin.py:190} INFO - [2025-02-07T12:39:27.314+0000] {dagbag.py:588} INFO - Filling up the DagBag from /opt/conda/lib/python3.12/site-packages/airflow/example_dags/tutorial.py
[2025-02-07T12:39:27.322+0000] {processor.py:925} INFO - DAG(s) 'tutorial' retrieved from /opt/conda/lib/python3.12/site-packages/airflow/example_dags/tutorial.py
[2025-02-07T12:39:27.336+0000] {logging_mixin.py:190} INFO - [2025-02-07T12:39:27.335+0000] {dag.py:3239} INFO - Sync 1 DAGs
[2025-02-07T12:39:27.350+0000] {logging_mixin.py:190} INFO - [2025-02-07T12:39:27.349+0000] {dag.py:4180} INFO - Setting next_dagrun for tutorial to 2025-02-06 00:00:00+00:00, run_after=2025-02-07 00:00:00+00:00
[2025-02-07T12:39:27.371+0000] {processor.py:208} INFO - Processing /opt/conda/lib/python3.12/site-packages/airflow/example_dags/tutorial.py took 0.067 seconds
[2025-02-07T12:40:23.582+0000] {processor.py:186} INFO - Started process (PID=344) to work on /opt/conda/lib/python3.12/site-packages/airflow/example_dags/tutorial.py
[2025-02-07T12:40:23.583+0000] {processor.py:914} INFO - Processing file /opt/conda/lib/python3.12/site-packages/airflow/example_dags/tutorial.py for tasks to queue
[2025-02-07T12:40:23.585+0000] {logging_mixin.py:190} INFO - [2025-02-07T12:40:23.585+0000] {dagbag.py:588} INFO - Filling up the DagBag from /opt/conda/lib/python3.12/site-packages/airflow/example_dags/tutorial.py
[2025-02-07T12:40:23.591+0000] {processor.py:925} INFO - DAG(s) 'tutorial' retrieved from /opt/conda/lib/python3.12/site-packages/airflow/example_dags/tutorial.py
[2025-02-07T12:40:23.606+0000] {logging_mixin.py:190} INFO - [2025-02-07T12:40:23.606+0000] {dag.py:3239} INFO - Sync 1 DAGs
[2025-02-07T12:40:23.621+0000] {logging_mixin.py:190} INFO - [2025-02-07T12:40:23.621+0000] {dag.py:4180} INFO - Setting next_dagrun for tutorial to 2025-02-06 00:00:00+00:00, run_after=2025-02-07 00:00:00+00:00
[2025-02-07T12:40:23.636+0000] {processor.py:208} INFO - Processing /opt/conda/lib/python3.12/site-packages/airflow/example_dags/tutorial.py took 0.060 seconds
[2025-02-07T12:41:20.788+0000] {processor.py:186} INFO - Started process (PID=412) to work on /opt/conda/lib/python3.12/site-packages/airflow/example_dags/tutorial.py
[2025-02-07T12:41:20.789+0000] {processor.py:914} INFO - Processing file /opt/conda/lib/python3.12/site-packages/airflow/example_dags/tutorial.py for tasks to queue
[2025-02-07T12:41:20.791+0000] {logging_mixin.py:190} INFO - [2025-02-07T12:41:20.790+0000] {dagbag.py:588} INFO - Filling up the DagBag from /opt/conda/lib/python3.12/site-packages/airflow/example_dags/tutorial.py
[2025-02-07T12:41:20.807+0000] {processor.py:925} INFO - DAG(s) 'tutorial' retrieved from /opt/conda/lib/python3.12/site-packages/airflow/example_dags/tutorial.py
[2025-02-07T12:41:20.819+0000] {logging_mixin.py:190} INFO - [2025-02-07T12:41:20.818+0000] {dag.py:3239} INFO - Sync 1 DAGs
[2025-02-07T12:41:20.840+0000] {logging_mixin.py:190} INFO - [2025-02-07T12:41:20.840+0000] {dag.py:4180} INFO - Setting next_dagrun for tutorial to 2025-02-06 00:00:00+00:00, run_after=2025-02-07 00:00:00+00:00
[2025-02-07T12:41:20.856+0000] {processor.py:208} INFO - Processing /opt/conda/lib/python3.12/site-packages/airflow/example_dags/tutorial.py took 0.076 seconds
[2025-02-07T12:46:35.537+0000] {processor.py:186} INFO - Started process (PID=2677) to work on /opt/conda/lib/python3.12/site-packages/airflow/example_dags/tutorial.py
[2025-02-07T12:46:35.538+0000] {processor.py:914} INFO - Processing file /opt/conda/lib/python3.12/site-packages/airflow/example_dags/tutorial.py for tasks to queue
[2025-02-07T12:46:35.542+0000] {logging_mixin.py:190} INFO - [2025-02-07T12:46:35.541+0000] {dagbag.py:588} INFO - Filling up the DagBag from /opt/conda/lib/python3.12/site-packages/airflow/example_dags/tutorial.py
[2025-02-07T12:46:35.550+0000] {processor.py:925} INFO - DAG(s) 'tutorial' retrieved from /opt/conda/lib/python3.12/site-packages/airflow/example_dags/tutorial.py
[2025-02-07T12:46:35.564+0000] {logging_mixin.py:190} INFO - [2025-02-07T12:46:35.564+0000] {dag.py:3239} INFO - Sync 1 DAGs
[2025-02-07T12:46:35.598+0000] {logging_mixin.py:190} INFO - [2025-02-07T12:46:35.598+0000] {dag.py:4180} INFO - Setting next_dagrun for tutorial to 2025-02-06 00:00:00+00:00, run_after=2025-02-07 00:00:00+00:00
[2025-02-07T12:46:35.616+0000] {processor.py:208} INFO - Processing /opt/conda/lib/python3.12/site-packages/airflow/example_dags/tutorial.py took 0.085 seconds
[2025-02-07T12:55:20.821+0000] {processor.py:186} INFO - Started process (PID=6253) to work on /opt/conda/lib/python3.12/site-packages/airflow/example_dags/tutorial.py
[2025-02-07T12:55:20.822+0000] {processor.py:914} INFO - Processing file /opt/conda/lib/python3.12/site-packages/airflow/example_dags/tutorial.py for tasks to queue
[2025-02-07T12:55:20.825+0000] {logging_mixin.py:190} INFO - [2025-02-07T12:55:20.825+0000] {dagbag.py:588} INFO - Filling up the DagBag from /opt/conda/lib/python3.12/site-packages/airflow/example_dags/tutorial.py
[2025-02-07T12:55:20.836+0000] {processor.py:925} INFO - DAG(s) 'tutorial' retrieved from /opt/conda/lib/python3.12/site-packages/airflow/example_dags/tutorial.py
[2025-02-07T12:55:20.849+0000] {logging_mixin.py:190} INFO - [2025-02-07T12:55:20.849+0000] {dag.py:3239} INFO - Sync 1 DAGs
[2025-02-07T12:55:20.865+0000] {logging_mixin.py:190} INFO - [2025-02-07T12:55:20.865+0000] {dag.py:4180} INFO - Setting next_dagrun for tutorial to 2025-02-06 00:00:00+00:00, run_after=2025-02-07 00:00:00+00:00
[2025-02-07T12:55:20.879+0000] {processor.py:208} INFO - Processing /opt/conda/lib/python3.12/site-packages/airflow/example_dags/tutorial.py took 0.063 seconds
[2025-02-07T13:03:17.141+0000] {processor.py:186} INFO - Started process (PID=482) to work on /opt/conda/lib/python3.12/site-packages/airflow/example_dags/tutorial.py
[2025-02-07T13:03:17.143+0000] {processor.py:914} INFO - Processing file /opt/conda/lib/python3.12/site-packages/airflow/example_dags/tutorial.py for tasks to queue
[2025-02-07T13:03:17.146+0000] {logging_mixin.py:190} INFO - [2025-02-07T13:03:17.146+0000] {dagbag.py:588} INFO - Filling up the DagBag from /opt/conda/lib/python3.12/site-packages/airflow/example_dags/tutorial.py
[2025-02-07T13:03:17.173+0000] {processor.py:925} INFO - DAG(s) 'tutorial' retrieved from /opt/conda/lib/python3.12/site-packages/airflow/example_dags/tutorial.py
[2025-02-07T13:03:17.210+0000] {logging_mixin.py:190} INFO - [2025-02-07T13:03:17.210+0000] {dag.py:3239} INFO - Sync 1 DAGs
[2025-02-07T13:03:17.225+0000] {logging_mixin.py:190} INFO - [2025-02-07T13:03:17.225+0000] {dag.py:4180} INFO - Setting next_dagrun for tutorial to 2025-02-06 00:00:00+00:00, run_after=2025-02-07 00:00:00+00:00
[2025-02-07T13:03:17.238+0000] {processor.py:208} INFO - Processing /opt/conda/lib/python3.12/site-packages/airflow/example_dags/tutorial.py took 0.101 seconds
[2025-02-07T13:06:46.048+0000] {processor.py:186} INFO - Started process (PID=367) to work on /opt/conda/lib/python3.12/site-packages/airflow/example_dags/tutorial.py
[2025-02-07T13:06:46.049+0000] {processor.py:914} INFO - Processing file /opt/conda/lib/python3.12/site-packages/airflow/example_dags/tutorial.py for tasks to queue
[2025-02-07T13:06:46.052+0000] {logging_mixin.py:190} INFO - [2025-02-07T13:06:46.052+0000] {dagbag.py:588} INFO - Filling up the DagBag from /opt/conda/lib/python3.12/site-packages/airflow/example_dags/tutorial.py
[2025-02-07T13:06:46.060+0000] {processor.py:925} INFO - DAG(s) 'tutorial' retrieved from /opt/conda/lib/python3.12/site-packages/airflow/example_dags/tutorial.py
[2025-02-07T13:06:46.074+0000] {logging_mixin.py:190} INFO - [2025-02-07T13:06:46.074+0000] {dag.py:3239} INFO - Sync 1 DAGs
[2025-02-07T13:06:46.087+0000] {logging_mixin.py:190} INFO - [2025-02-07T13:06:46.087+0000] {dag.py:4180} INFO - Setting next_dagrun for tutorial to 2025-02-06 00:00:00+00:00, run_after=2025-02-07 00:00:00+00:00
[2025-02-07T13:06:46.102+0000] {processor.py:208} INFO - Processing /opt/conda/lib/python3.12/site-packages/airflow/example_dags/tutorial.py took 0.065 seconds
[2025-02-07T13:10:11.449+0000] {processor.py:186} INFO - Started process (PID=433) to work on /opt/conda/lib/python3.12/site-packages/airflow/example_dags/tutorial.py
[2025-02-07T13:10:11.450+0000] {processor.py:914} INFO - Processing file /opt/conda/lib/python3.12/site-packages/airflow/example_dags/tutorial.py for tasks to queue
[2025-02-07T13:10:11.452+0000] {logging_mixin.py:190} INFO - [2025-02-07T13:10:11.451+0000] {dagbag.py:588} INFO - Filling up the DagBag from /opt/conda/lib/python3.12/site-packages/airflow/example_dags/tutorial.py
[2025-02-07T13:10:11.457+0000] {processor.py:925} INFO - DAG(s) 'tutorial' retrieved from /opt/conda/lib/python3.12/site-packages/airflow/example_dags/tutorial.py
[2025-02-07T13:10:11.468+0000] {logging_mixin.py:190} INFO - [2025-02-07T13:10:11.468+0000] {dag.py:3239} INFO - Sync 1 DAGs
[2025-02-07T13:10:11.479+0000] {logging_mixin.py:190} INFO - [2025-02-07T13:10:11.479+0000] {dag.py:4180} INFO - Setting next_dagrun for tutorial to 2025-02-06 00:00:00+00:00, run_after=2025-02-07 00:00:00+00:00
[2025-02-07T13:10:11.493+0000] {processor.py:208} INFO - Processing /opt/conda/lib/python3.12/site-packages/airflow/example_dags/tutorial.py took 0.047 seconds
[2025-02-07T13:24:38.730+0000] {processor.py:186} INFO - Started process (PID=477) to work on /opt/conda/lib/python3.12/site-packages/airflow/example_dags/tutorial.py
[2025-02-07T13:24:38.779+0000] {processor.py:914} INFO - Processing file /opt/conda/lib/python3.12/site-packages/airflow/example_dags/tutorial.py for tasks to queue
[2025-02-07T13:24:38.780+0000] {logging_mixin.py:190} INFO - [2025-02-07T13:24:38.780+0000] {dagbag.py:588} INFO - Filling up the DagBag from /opt/conda/lib/python3.12/site-packages/airflow/example_dags/tutorial.py
[2025-02-07T13:24:38.804+0000] {processor.py:925} INFO - DAG(s) 'tutorial' retrieved from /opt/conda/lib/python3.12/site-packages/airflow/example_dags/tutorial.py
[2025-02-07T13:24:38.827+0000] {logging_mixin.py:190} INFO - [2025-02-07T13:24:38.827+0000] {dag.py:3239} INFO - Sync 1 DAGs
[2025-02-07T13:24:38.905+0000] {logging_mixin.py:190} INFO - [2025-02-07T13:24:38.904+0000] {dag.py:4180} INFO - Setting next_dagrun for tutorial to 2025-02-06 00:00:00+00:00, run_after=2025-02-07 00:00:00+00:00
[2025-02-07T13:24:38.966+0000] {processor.py:208} INFO - Processing /opt/conda/lib/python3.12/site-packages/airflow/example_dags/tutorial.py took 0.481 seconds
[2025-02-07T13:27:00.753+0000] {processor.py:186} INFO - Started process (PID=176) to work on /opt/conda/lib/python3.12/site-packages/airflow/example_dags/tutorial.py
[2025-02-07T13:27:00.759+0000] {processor.py:914} INFO - Processing file /opt/conda/lib/python3.12/site-packages/airflow/example_dags/tutorial.py for tasks to queue
[2025-02-07T13:27:00.762+0000] {logging_mixin.py:190} INFO - [2025-02-07T13:27:00.762+0000] {dagbag.py:588} INFO - Filling up the DagBag from /opt/conda/lib/python3.12/site-packages/airflow/example_dags/tutorial.py
[2025-02-07T13:27:00.770+0000] {processor.py:925} INFO - DAG(s) 'tutorial' retrieved from /opt/conda/lib/python3.12/site-packages/airflow/example_dags/tutorial.py
[2025-02-07T13:27:00.785+0000] {logging_mixin.py:190} INFO - [2025-02-07T13:27:00.784+0000] {dag.py:3239} INFO - Sync 1 DAGs
[2025-02-07T13:27:00.799+0000] {logging_mixin.py:190} INFO - [2025-02-07T13:27:00.799+0000] {dag.py:4180} INFO - Setting next_dagrun for tutorial to 2025-02-06 00:00:00+00:00, run_after=2025-02-07 00:00:00+00:00
[2025-02-07T13:27:00.825+0000] {processor.py:208} INFO - Processing /opt/conda/lib/python3.12/site-packages/airflow/example_dags/tutorial.py took 0.122 seconds
[2025-02-07T13:28:31.645+0000] {processor.py:186} INFO - Started process (PID=329) to work on /opt/conda/lib/python3.12/site-packages/airflow/example_dags/tutorial.py
[2025-02-07T13:28:31.648+0000] {processor.py:914} INFO - Processing file /opt/conda/lib/python3.12/site-packages/airflow/example_dags/tutorial.py for tasks to queue
[2025-02-07T13:28:31.649+0000] {logging_mixin.py:190} INFO - [2025-02-07T13:28:31.649+0000] {dagbag.py:588} INFO - Filling up the DagBag from /opt/conda/lib/python3.12/site-packages/airflow/example_dags/tutorial.py
[2025-02-07T13:28:31.655+0000] {processor.py:925} INFO - DAG(s) 'tutorial' retrieved from /opt/conda/lib/python3.12/site-packages/airflow/example_dags/tutorial.py
[2025-02-07T13:28:31.665+0000] {logging_mixin.py:190} INFO - [2025-02-07T13:28:31.665+0000] {dag.py:3239} INFO - Sync 1 DAGs
[2025-02-07T13:28:31.679+0000] {logging_mixin.py:190} INFO - [2025-02-07T13:28:31.678+0000] {dag.py:4180} INFO - Setting next_dagrun for tutorial to 2025-02-06 00:00:00+00:00, run_after=2025-02-07 00:00:00+00:00
[2025-02-07T13:28:31.700+0000] {processor.py:208} INFO - Processing /opt/conda/lib/python3.12/site-packages/airflow/example_dags/tutorial.py took 0.067 seconds
[2025-02-07T13:29:21.589+0000] {processor.py:186} INFO - Started process (PID=376) to work on /opt/conda/lib/python3.12/site-packages/airflow/example_dags/tutorial.py
[2025-02-07T13:29:21.594+0000] {processor.py:914} INFO - Processing file /opt/conda/lib/python3.12/site-packages/airflow/example_dags/tutorial.py for tasks to queue
[2025-02-07T13:29:21.599+0000] {logging_mixin.py:190} INFO - [2025-02-07T13:29:21.598+0000] {dagbag.py:588} INFO - Filling up the DagBag from /opt/conda/lib/python3.12/site-packages/airflow/example_dags/tutorial.py
[2025-02-07T13:29:21.614+0000] {processor.py:925} INFO - DAG(s) 'tutorial' retrieved from /opt/conda/lib/python3.12/site-packages/airflow/example_dags/tutorial.py
[2025-02-07T13:29:21.641+0000] {logging_mixin.py:190} INFO - [2025-02-07T13:29:21.640+0000] {dag.py:3239} INFO - Sync 1 DAGs
[2025-02-07T13:29:21.663+0000] {logging_mixin.py:190} INFO - [2025-02-07T13:29:21.662+0000] {dag.py:4180} INFO - Setting next_dagrun for tutorial to 2025-02-06 00:00:00+00:00, run_after=2025-02-07 00:00:00+00:00
[2025-02-07T13:29:21.679+0000] {processor.py:208} INFO - Processing /opt/conda/lib/python3.12/site-packages/airflow/example_dags/tutorial.py took 0.112 seconds
[2025-02-07T13:30:25.969+0000] {processor.py:186} INFO - Started process (PID=456) to work on /opt/conda/lib/python3.12/site-packages/airflow/example_dags/tutorial.py
[2025-02-07T13:30:25.970+0000] {processor.py:914} INFO - Processing file /opt/conda/lib/python3.12/site-packages/airflow/example_dags/tutorial.py for tasks to queue
[2025-02-07T13:30:25.972+0000] {logging_mixin.py:190} INFO - [2025-02-07T13:30:25.971+0000] {dagbag.py:588} INFO - Filling up the DagBag from /opt/conda/lib/python3.12/site-packages/airflow/example_dags/tutorial.py
[2025-02-07T13:30:25.978+0000] {processor.py:925} INFO - DAG(s) 'tutorial' retrieved from /opt/conda/lib/python3.12/site-packages/airflow/example_dags/tutorial.py
[2025-02-07T13:30:25.989+0000] {logging_mixin.py:190} INFO - [2025-02-07T13:30:25.989+0000] {dag.py:3239} INFO - Sync 1 DAGs
[2025-02-07T13:30:26.003+0000] {logging_mixin.py:190} INFO - [2025-02-07T13:30:26.003+0000] {dag.py:4180} INFO - Setting next_dagrun for tutorial to 2025-02-06 00:00:00+00:00, run_after=2025-02-07 00:00:00+00:00
[2025-02-07T13:30:26.017+0000] {processor.py:208} INFO - Processing /opt/conda/lib/python3.12/site-packages/airflow/example_dags/tutorial.py took 0.057 seconds
[2025-02-07T13:33:02.804+0000] {processor.py:186} INFO - Started process (PID=298) to work on /opt/conda/lib/python3.12/site-packages/airflow/example_dags/tutorial.py
[2025-02-07T13:33:02.807+0000] {processor.py:914} INFO - Processing file /opt/conda/lib/python3.12/site-packages/airflow/example_dags/tutorial.py for tasks to queue
[2025-02-07T13:33:02.813+0000] {logging_mixin.py:190} INFO - [2025-02-07T13:33:02.811+0000] {dagbag.py:588} INFO - Filling up the DagBag from /opt/conda/lib/python3.12/site-packages/airflow/example_dags/tutorial.py
[2025-02-07T13:33:02.852+0000] {processor.py:925} INFO - DAG(s) 'tutorial' retrieved from /opt/conda/lib/python3.12/site-packages/airflow/example_dags/tutorial.py
[2025-02-07T13:33:02.909+0000] {logging_mixin.py:190} INFO - [2025-02-07T13:33:02.909+0000] {dag.py:3239} INFO - Sync 1 DAGs
[2025-02-07T13:33:02.958+0000] {logging_mixin.py:190} INFO - [2025-02-07T13:33:02.958+0000] {dag.py:4180} INFO - Setting next_dagrun for tutorial to 2025-02-06 00:00:00+00:00, run_after=2025-02-07 00:00:00+00:00
[2025-02-07T13:33:03.071+0000] {processor.py:208} INFO - Processing /opt/conda/lib/python3.12/site-packages/airflow/example_dags/tutorial.py took 0.274 seconds
[2025-02-07T13:34:52.882+0000] {processor.py:186} INFO - Started process (PID=188) to work on /opt/conda/lib/python3.12/site-packages/airflow/example_dags/tutorial.py
[2025-02-07T13:34:52.883+0000] {processor.py:914} INFO - Processing file /opt/conda/lib/python3.12/site-packages/airflow/example_dags/tutorial.py for tasks to queue
[2025-02-07T13:34:52.886+0000] {logging_mixin.py:190} INFO - [2025-02-07T13:34:52.886+0000] {dagbag.py:588} INFO - Filling up the DagBag from /opt/conda/lib/python3.12/site-packages/airflow/example_dags/tutorial.py
[2025-02-07T13:34:52.894+0000] {processor.py:925} INFO - DAG(s) 'tutorial' retrieved from /opt/conda/lib/python3.12/site-packages/airflow/example_dags/tutorial.py
[2025-02-07T13:34:52.914+0000] {logging_mixin.py:190} INFO - [2025-02-07T13:34:52.914+0000] {dag.py:3239} INFO - Sync 1 DAGs
[2025-02-07T13:34:52.935+0000] {logging_mixin.py:190} INFO - [2025-02-07T13:34:52.934+0000] {dag.py:4180} INFO - Setting next_dagrun for tutorial to 2025-02-06 00:00:00+00:00, run_after=2025-02-07 00:00:00+00:00
[2025-02-07T13:34:52.964+0000] {processor.py:208} INFO - Processing /opt/conda/lib/python3.12/site-packages/airflow/example_dags/tutorial.py took 0.089 seconds
[2025-02-07T13:36:01.554+0000] {processor.py:186} INFO - Started process (PID=79) to work on /opt/conda/lib/python3.12/site-packages/airflow/example_dags/tutorial.py
[2025-02-07T13:36:01.555+0000] {processor.py:914} INFO - Processing file /opt/conda/lib/python3.12/site-packages/airflow/example_dags/tutorial.py for tasks to queue
[2025-02-07T13:36:01.560+0000] {logging_mixin.py:190} INFO - [2025-02-07T13:36:01.560+0000] {dagbag.py:588} INFO - Filling up the DagBag from /opt/conda/lib/python3.12/site-packages/airflow/example_dags/tutorial.py
[2025-02-07T13:36:01.577+0000] {processor.py:925} INFO - DAG(s) 'tutorial' retrieved from /opt/conda/lib/python3.12/site-packages/airflow/example_dags/tutorial.py
[2025-02-07T13:36:01.617+0000] {logging_mixin.py:190} INFO - [2025-02-07T13:36:01.616+0000] {dag.py:3239} INFO - Sync 1 DAGs
[2025-02-07T13:36:01.648+0000] {logging_mixin.py:190} INFO - [2025-02-07T13:36:01.647+0000] {dag.py:4180} INFO - Setting next_dagrun for tutorial to 2025-02-06 00:00:00+00:00, run_after=2025-02-07 00:00:00+00:00
[2025-02-07T13:36:01.702+0000] {processor.py:208} INFO - Processing /opt/conda/lib/python3.12/site-packages/airflow/example_dags/tutorial.py took 0.150 seconds
[2025-02-07T13:38:00.581+0000] {processor.py:186} INFO - Started process (PID=303) to work on /opt/conda/lib/python3.12/site-packages/airflow/example_dags/tutorial.py
[2025-02-07T13:38:00.583+0000] {processor.py:914} INFO - Processing file /opt/conda/lib/python3.12/site-packages/airflow/example_dags/tutorial.py for tasks to queue
[2025-02-07T13:38:00.594+0000] {logging_mixin.py:190} INFO - [2025-02-07T13:38:00.593+0000] {dagbag.py:588} INFO - Filling up the DagBag from /opt/conda/lib/python3.12/site-packages/airflow/example_dags/tutorial.py
[2025-02-07T13:38:00.633+0000] {processor.py:925} INFO - DAG(s) 'tutorial' retrieved from /opt/conda/lib/python3.12/site-packages/airflow/example_dags/tutorial.py
[2025-02-07T13:38:00.710+0000] {logging_mixin.py:190} INFO - [2025-02-07T13:38:00.710+0000] {dag.py:3239} INFO - Sync 1 DAGs
[2025-02-07T13:38:00.761+0000] {logging_mixin.py:190} INFO - [2025-02-07T13:38:00.760+0000] {dag.py:4180} INFO - Setting next_dagrun for tutorial to 2025-02-06 00:00:00+00:00, run_after=2025-02-07 00:00:00+00:00
[2025-02-07T13:38:00.815+0000] {processor.py:208} INFO - Processing /opt/conda/lib/python3.12/site-packages/airflow/example_dags/tutorial.py took 0.241 seconds
[2025-02-07T13:39:24.113+0000] {processor.py:186} INFO - Started process (PID=481) to work on /opt/conda/lib/python3.12/site-packages/airflow/example_dags/tutorial.py
[2025-02-07T13:39:24.114+0000] {processor.py:914} INFO - Processing file /opt/conda/lib/python3.12/site-packages/airflow/example_dags/tutorial.py for tasks to queue
[2025-02-07T13:39:24.117+0000] {logging_mixin.py:190} INFO - [2025-02-07T13:39:24.117+0000] {dagbag.py:588} INFO - Filling up the DagBag from /opt/conda/lib/python3.12/site-packages/airflow/example_dags/tutorial.py
[2025-02-07T13:39:24.122+0000] {processor.py:925} INFO - DAG(s) 'tutorial' retrieved from /opt/conda/lib/python3.12/site-packages/airflow/example_dags/tutorial.py
[2025-02-07T13:39:24.135+0000] {logging_mixin.py:190} INFO - [2025-02-07T13:39:24.135+0000] {dag.py:3239} INFO - Sync 1 DAGs
[2025-02-07T13:39:24.149+0000] {logging_mixin.py:190} INFO - [2025-02-07T13:39:24.149+0000] {dag.py:4180} INFO - Setting next_dagrun for tutorial to 2025-02-06 00:00:00+00:00, run_after=2025-02-07 00:00:00+00:00
[2025-02-07T13:39:24.164+0000] {processor.py:208} INFO - Processing /opt/conda/lib/python3.12/site-packages/airflow/example_dags/tutorial.py took 0.056 seconds
[2025-02-07T13:40:23.112+0000] {processor.py:186} INFO - Started process (PID=549) to work on /opt/conda/lib/python3.12/site-packages/airflow/example_dags/tutorial.py
[2025-02-07T13:40:23.113+0000] {processor.py:914} INFO - Processing file /opt/conda/lib/python3.12/site-packages/airflow/example_dags/tutorial.py for tasks to queue
[2025-02-07T13:40:23.118+0000] {logging_mixin.py:190} INFO - [2025-02-07T13:40:23.118+0000] {dagbag.py:588} INFO - Filling up the DagBag from /opt/conda/lib/python3.12/site-packages/airflow/example_dags/tutorial.py
[2025-02-07T13:40:23.130+0000] {processor.py:925} INFO - DAG(s) 'tutorial' retrieved from /opt/conda/lib/python3.12/site-packages/airflow/example_dags/tutorial.py
[2025-02-07T13:40:23.148+0000] {logging_mixin.py:190} INFO - [2025-02-07T13:40:23.147+0000] {dag.py:3239} INFO - Sync 1 DAGs
[2025-02-07T13:40:23.166+0000] {logging_mixin.py:190} INFO - [2025-02-07T13:40:23.165+0000] {dag.py:4180} INFO - Setting next_dagrun for tutorial to 2025-02-06 00:00:00+00:00, run_after=2025-02-07 00:00:00+00:00
[2025-02-07T13:40:23.182+0000] {processor.py:208} INFO - Processing /opt/conda/lib/python3.12/site-packages/airflow/example_dags/tutorial.py took 0.078 seconds
[2025-02-07T13:41:20.135+0000] {processor.py:186} INFO - Started process (PID=616) to work on /opt/conda/lib/python3.12/site-packages/airflow/example_dags/tutorial.py
[2025-02-07T13:41:20.136+0000] {processor.py:914} INFO - Processing file /opt/conda/lib/python3.12/site-packages/airflow/example_dags/tutorial.py for tasks to queue
[2025-02-07T13:41:20.138+0000] {logging_mixin.py:190} INFO - [2025-02-07T13:41:20.138+0000] {dagbag.py:588} INFO - Filling up the DagBag from /opt/conda/lib/python3.12/site-packages/airflow/example_dags/tutorial.py
[2025-02-07T13:41:20.146+0000] {processor.py:925} INFO - DAG(s) 'tutorial' retrieved from /opt/conda/lib/python3.12/site-packages/airflow/example_dags/tutorial.py
[2025-02-07T13:41:20.158+0000] {logging_mixin.py:190} INFO - [2025-02-07T13:41:20.157+0000] {dag.py:3239} INFO - Sync 1 DAGs
[2025-02-07T13:41:20.171+0000] {logging_mixin.py:190} INFO - [2025-02-07T13:41:20.171+0000] {dag.py:4180} INFO - Setting next_dagrun for tutorial to 2025-02-06 00:00:00+00:00, run_after=2025-02-07 00:00:00+00:00
[2025-02-07T13:41:20.185+0000] {processor.py:208} INFO - Processing /opt/conda/lib/python3.12/site-packages/airflow/example_dags/tutorial.py took 0.055 seconds
[2025-02-07T13:42:29.340+0000] {processor.py:186} INFO - Started process (PID=784) to work on /opt/conda/lib/python3.12/site-packages/airflow/example_dags/tutorial.py
[2025-02-07T13:42:29.342+0000] {processor.py:914} INFO - Processing file /opt/conda/lib/python3.12/site-packages/airflow/example_dags/tutorial.py for tasks to queue
[2025-02-07T13:42:29.345+0000] {logging_mixin.py:190} INFO - [2025-02-07T13:42:29.345+0000] {dagbag.py:588} INFO - Filling up the DagBag from /opt/conda/lib/python3.12/site-packages/airflow/example_dags/tutorial.py
[2025-02-07T13:42:29.358+0000] {processor.py:925} INFO - DAG(s) 'tutorial' retrieved from /opt/conda/lib/python3.12/site-packages/airflow/example_dags/tutorial.py
[2025-02-07T13:42:29.375+0000] {logging_mixin.py:190} INFO - [2025-02-07T13:42:29.375+0000] {dag.py:3239} INFO - Sync 1 DAGs
[2025-02-07T13:42:29.391+0000] {logging_mixin.py:190} INFO - [2025-02-07T13:42:29.391+0000] {dag.py:4180} INFO - Setting next_dagrun for tutorial to 2025-02-06 00:00:00+00:00, run_after=2025-02-07 00:00:00+00:00
[2025-02-07T13:42:29.409+0000] {processor.py:208} INFO - Processing /opt/conda/lib/python3.12/site-packages/airflow/example_dags/tutorial.py took 0.079 seconds
[2025-02-07T13:43:30.288+0000] {processor.py:186} INFO - Started process (PID=857) to work on /opt/conda/lib/python3.12/site-packages/airflow/example_dags/tutorial.py
[2025-02-07T13:43:30.290+0000] {processor.py:914} INFO - Processing file /opt/conda/lib/python3.12/site-packages/airflow/example_dags/tutorial.py for tasks to queue
[2025-02-07T13:43:30.292+0000] {logging_mixin.py:190} INFO - [2025-02-07T13:43:30.292+0000] {dagbag.py:588} INFO - Filling up the DagBag from /opt/conda/lib/python3.12/site-packages/airflow/example_dags/tutorial.py
[2025-02-07T13:43:30.299+0000] {processor.py:925} INFO - DAG(s) 'tutorial' retrieved from /opt/conda/lib/python3.12/site-packages/airflow/example_dags/tutorial.py
[2025-02-07T13:43:30.312+0000] {logging_mixin.py:190} INFO - [2025-02-07T13:43:30.312+0000] {dag.py:3239} INFO - Sync 1 DAGs
[2025-02-07T13:43:30.327+0000] {logging_mixin.py:190} INFO - [2025-02-07T13:43:30.327+0000] {dag.py:4180} INFO - Setting next_dagrun for tutorial to 2025-02-06 00:00:00+00:00, run_after=2025-02-07 00:00:00+00:00
[2025-02-07T13:43:30.341+0000] {processor.py:208} INFO - Processing /opt/conda/lib/python3.12/site-packages/airflow/example_dags/tutorial.py took 0.060 seconds
[2025-02-07T13:44:18.781+0000] {processor.py:186} INFO - Started process (PID=1008) to work on /opt/conda/lib/python3.12/site-packages/airflow/example_dags/tutorial.py
[2025-02-07T13:44:18.782+0000] {processor.py:914} INFO - Processing file /opt/conda/lib/python3.12/site-packages/airflow/example_dags/tutorial.py for tasks to queue
[2025-02-07T13:44:18.784+0000] {logging_mixin.py:190} INFO - [2025-02-07T13:44:18.784+0000] {dagbag.py:588} INFO - Filling up the DagBag from /opt/conda/lib/python3.12/site-packages/airflow/example_dags/tutorial.py
[2025-02-07T13:44:18.791+0000] {processor.py:925} INFO - DAG(s) 'tutorial' retrieved from /opt/conda/lib/python3.12/site-packages/airflow/example_dags/tutorial.py
[2025-02-07T13:44:18.804+0000] {logging_mixin.py:190} INFO - [2025-02-07T13:44:18.804+0000] {dag.py:3239} INFO - Sync 1 DAGs
[2025-02-07T13:44:18.817+0000] {logging_mixin.py:190} INFO - [2025-02-07T13:44:18.817+0000] {dag.py:4180} INFO - Setting next_dagrun for tutorial to 2025-02-06 00:00:00+00:00, run_after=2025-02-07 00:00:00+00:00
[2025-02-07T13:44:18.830+0000] {processor.py:208} INFO - Processing /opt/conda/lib/python3.12/site-packages/airflow/example_dags/tutorial.py took 0.054 seconds
[2025-02-07T13:45:27.215+0000] {processor.py:186} INFO - Started process (PID=1163) to work on /opt/conda/lib/python3.12/site-packages/airflow/example_dags/tutorial.py
[2025-02-07T13:45:27.216+0000] {processor.py:914} INFO - Processing file /opt/conda/lib/python3.12/site-packages/airflow/example_dags/tutorial.py for tasks to queue
[2025-02-07T13:45:27.218+0000] {logging_mixin.py:190} INFO - [2025-02-07T13:45:27.218+0000] {dagbag.py:588} INFO - Filling up the DagBag from /opt/conda/lib/python3.12/site-packages/airflow/example_dags/tutorial.py
[2025-02-07T13:45:27.225+0000] {processor.py:925} INFO - DAG(s) 'tutorial' retrieved from /opt/conda/lib/python3.12/site-packages/airflow/example_dags/tutorial.py
[2025-02-07T13:45:27.249+0000] {logging_mixin.py:190} INFO - [2025-02-07T13:45:27.248+0000] {dag.py:3239} INFO - Sync 1 DAGs
[2025-02-07T13:45:27.278+0000] {logging_mixin.py:190} INFO - [2025-02-07T13:45:27.277+0000] {dag.py:4180} INFO - Setting next_dagrun for tutorial to 2025-02-06 00:00:00+00:00, run_after=2025-02-07 00:00:00+00:00
[2025-02-07T13:45:27.327+0000] {processor.py:208} INFO - Processing /opt/conda/lib/python3.12/site-packages/airflow/example_dags/tutorial.py took 0.122 seconds
[2025-02-07T13:46:46.087+0000] {processor.py:186} INFO - Started process (PID=1239) to work on /opt/conda/lib/python3.12/site-packages/airflow/example_dags/tutorial.py
[2025-02-07T13:46:46.090+0000] {processor.py:914} INFO - Processing file /opt/conda/lib/python3.12/site-packages/airflow/example_dags/tutorial.py for tasks to queue
[2025-02-07T13:46:46.101+0000] {logging_mixin.py:190} INFO - [2025-02-07T13:46:46.100+0000] {dagbag.py:588} INFO - Filling up the DagBag from /opt/conda/lib/python3.12/site-packages/airflow/example_dags/tutorial.py
[2025-02-07T13:46:46.147+0000] {processor.py:925} INFO - DAG(s) 'tutorial' retrieved from /opt/conda/lib/python3.12/site-packages/airflow/example_dags/tutorial.py
[2025-02-07T13:46:46.224+0000] {logging_mixin.py:190} INFO - [2025-02-07T13:46:46.224+0000] {dag.py:3239} INFO - Sync 1 DAGs
[2025-02-07T13:46:46.303+0000] {logging_mixin.py:190} INFO - [2025-02-07T13:46:46.303+0000] {dag.py:4180} INFO - Setting next_dagrun for tutorial to 2025-02-06 00:00:00+00:00, run_after=2025-02-07 00:00:00+00:00
[2025-02-07T13:46:46.388+0000] {processor.py:208} INFO - Processing /opt/conda/lib/python3.12/site-packages/airflow/example_dags/tutorial.py took 0.348 seconds
[2025-02-07T14:03:30.817+0000] {processor.py:186} INFO - Started process (PID=935) to work on /opt/conda/lib/python3.12/site-packages/airflow/example_dags/tutorial.py
[2025-02-07T14:03:30.819+0000] {processor.py:914} INFO - Processing file /opt/conda/lib/python3.12/site-packages/airflow/example_dags/tutorial.py for tasks to queue
[2025-02-07T14:03:30.820+0000] {logging_mixin.py:190} INFO - [2025-02-07T14:03:30.819+0000] {dagbag.py:588} INFO - Filling up the DagBag from /opt/conda/lib/python3.12/site-packages/airflow/example_dags/tutorial.py
[2025-02-07T14:03:30.830+0000] {processor.py:925} INFO - DAG(s) 'tutorial' retrieved from /opt/conda/lib/python3.12/site-packages/airflow/example_dags/tutorial.py
[2025-02-07T14:03:30.881+0000] {logging_mixin.py:190} INFO - [2025-02-07T14:03:30.881+0000] {dag.py:3239} INFO - Sync 1 DAGs
[2025-02-07T14:03:30.902+0000] {logging_mixin.py:190} INFO - [2025-02-07T14:03:30.902+0000] {dag.py:4180} INFO - Setting next_dagrun for tutorial to 2025-02-06 00:00:00+00:00, run_after=2025-02-07 00:00:00+00:00
[2025-02-07T14:03:30.941+0000] {processor.py:208} INFO - Processing /opt/conda/lib/python3.12/site-packages/airflow/example_dags/tutorial.py took 0.128 seconds
[2025-02-07T14:06:01.043+0000] {processor.py:186} INFO - Started process (PID=1807) to work on /opt/conda/lib/python3.12/site-packages/airflow/example_dags/tutorial.py
[2025-02-07T14:06:01.044+0000] {processor.py:914} INFO - Processing file /opt/conda/lib/python3.12/site-packages/airflow/example_dags/tutorial.py for tasks to queue
[2025-02-07T14:06:01.048+0000] {logging_mixin.py:190} INFO - [2025-02-07T14:06:01.048+0000] {dagbag.py:588} INFO - Filling up the DagBag from /opt/conda/lib/python3.12/site-packages/airflow/example_dags/tutorial.py
[2025-02-07T14:06:01.055+0000] {processor.py:925} INFO - DAG(s) 'tutorial' retrieved from /opt/conda/lib/python3.12/site-packages/airflow/example_dags/tutorial.py
[2025-02-07T14:06:01.069+0000] {logging_mixin.py:190} INFO - [2025-02-07T14:06:01.069+0000] {dag.py:3239} INFO - Sync 1 DAGs
[2025-02-07T14:06:01.080+0000] {logging_mixin.py:190} INFO - [2025-02-07T14:06:01.080+0000] {dag.py:4180} INFO - Setting next_dagrun for tutorial to 2025-02-06 00:00:00+00:00, run_after=2025-02-07 00:00:00+00:00
[2025-02-07T14:06:01.095+0000] {processor.py:208} INFO - Processing /opt/conda/lib/python3.12/site-packages/airflow/example_dags/tutorial.py took 0.061 seconds
[2025-02-07T14:07:24.060+0000] {processor.py:186} INFO - Started process (PID=1995) to work on /opt/conda/lib/python3.12/site-packages/airflow/example_dags/tutorial.py
[2025-02-07T14:07:24.061+0000] {processor.py:914} INFO - Processing file /opt/conda/lib/python3.12/site-packages/airflow/example_dags/tutorial.py for tasks to queue
[2025-02-07T14:07:24.062+0000] {logging_mixin.py:190} INFO - [2025-02-07T14:07:24.062+0000] {dagbag.py:588} INFO - Filling up the DagBag from /opt/conda/lib/python3.12/site-packages/airflow/example_dags/tutorial.py
[2025-02-07T14:07:24.068+0000] {processor.py:925} INFO - DAG(s) 'tutorial' retrieved from /opt/conda/lib/python3.12/site-packages/airflow/example_dags/tutorial.py
[2025-02-07T14:07:24.079+0000] {logging_mixin.py:190} INFO - [2025-02-07T14:07:24.078+0000] {dag.py:3239} INFO - Sync 1 DAGs
[2025-02-07T14:07:24.090+0000] {logging_mixin.py:190} INFO - [2025-02-07T14:07:24.090+0000] {dag.py:4180} INFO - Setting next_dagrun for tutorial to 2025-02-06 00:00:00+00:00, run_after=2025-02-07 00:00:00+00:00
[2025-02-07T14:07:24.102+0000] {processor.py:208} INFO - Processing /opt/conda/lib/python3.12/site-packages/airflow/example_dags/tutorial.py took 0.049 seconds
[2025-02-07T14:37:34.215+0000] {processor.py:186} INFO - Started process (PID=907) to work on /opt/conda/lib/python3.12/site-packages/airflow/example_dags/tutorial.py
[2025-02-07T14:37:34.216+0000] {processor.py:914} INFO - Processing file /opt/conda/lib/python3.12/site-packages/airflow/example_dags/tutorial.py for tasks to queue
[2025-02-07T14:37:34.218+0000] {logging_mixin.py:190} INFO - [2025-02-07T14:37:34.218+0000] {dagbag.py:588} INFO - Filling up the DagBag from /opt/conda/lib/python3.12/site-packages/airflow/example_dags/tutorial.py
[2025-02-07T14:37:34.223+0000] {processor.py:925} INFO - DAG(s) 'tutorial' retrieved from /opt/conda/lib/python3.12/site-packages/airflow/example_dags/tutorial.py
[2025-02-07T14:37:34.242+0000] {logging_mixin.py:190} INFO - [2025-02-07T14:37:34.242+0000] {dag.py:3239} INFO - Sync 1 DAGs
[2025-02-07T14:37:34.255+0000] {logging_mixin.py:190} INFO - [2025-02-07T14:37:34.255+0000] {dag.py:4180} INFO - Setting next_dagrun for tutorial to 2025-02-06 00:00:00+00:00, run_after=2025-02-07 00:00:00+00:00
[2025-02-07T14:37:34.271+0000] {processor.py:208} INFO - Processing /opt/conda/lib/python3.12/site-packages/airflow/example_dags/tutorial.py took 0.059 seconds
