[2025-02-07T12:03:36.342+0000] {processor.py:186} INFO - Started process (PID=407) to work on /opt/conda/lib/python3.12/site-packages/airflow/example_dags/tutorial_objectstorage.py
[2025-02-07T12:03:36.348+0000] {processor.py:914} INFO - Processing file /opt/conda/lib/python3.12/site-packages/airflow/example_dags/tutorial_objectstorage.py for tasks to queue
[2025-02-07T12:03:36.359+0000] {logging_mixin.py:190} INFO - [2025-02-07T12:03:36.357+0000] {dagbag.py:588} INFO - Filling up the DagBag from /opt/conda/lib/python3.12/site-packages/airflow/example_dags/tutorial_objectstorage.py
[2025-02-07T12:03:36.397+0000] {processor.py:925} INFO - DAG(s) 'tutorial_objectstorage' retrieved from /opt/conda/lib/python3.12/site-packages/airflow/example_dags/tutorial_objectstorage.py
[2025-02-07T12:03:36.489+0000] {logging_mixin.py:190} INFO - [2025-02-07T12:03:36.488+0000] {dag.py:3239} INFO - Sync 1 DAGs
[2025-02-07T12:03:36.517+0000] {logging_mixin.py:190} INFO - [2025-02-07T12:03:36.517+0000] {dag.py:4180} INFO - Setting next_dagrun for tutorial_objectstorage to None, run_after=None
[2025-02-07T12:03:36.551+0000] {processor.py:208} INFO - Processing /opt/conda/lib/python3.12/site-packages/airflow/example_dags/tutorial_objectstorage.py took 0.231 seconds
[2025-02-07T12:16:33.440+0000] {processor.py:186} INFO - Started process (PID=4194) to work on /opt/conda/lib/python3.12/site-packages/airflow/example_dags/tutorial_objectstorage.py
[2025-02-07T12:16:33.442+0000] {processor.py:914} INFO - Processing file /opt/conda/lib/python3.12/site-packages/airflow/example_dags/tutorial_objectstorage.py for tasks to queue
[2025-02-07T12:16:33.446+0000] {logging_mixin.py:190} INFO - [2025-02-07T12:16:33.446+0000] {dagbag.py:588} INFO - Filling up the DagBag from /opt/conda/lib/python3.12/site-packages/airflow/example_dags/tutorial_objectstorage.py
[2025-02-07T12:16:33.465+0000] {processor.py:925} INFO - DAG(s) 'tutorial_objectstorage' retrieved from /opt/conda/lib/python3.12/site-packages/airflow/example_dags/tutorial_objectstorage.py
[2025-02-07T12:16:33.487+0000] {logging_mixin.py:190} INFO - [2025-02-07T12:16:33.486+0000] {dag.py:3239} INFO - Sync 1 DAGs
[2025-02-07T12:16:33.510+0000] {logging_mixin.py:190} INFO - [2025-02-07T12:16:33.509+0000] {dag.py:4180} INFO - Setting next_dagrun for tutorial_objectstorage to None, run_after=None
[2025-02-07T12:16:33.530+0000] {processor.py:208} INFO - Processing /opt/conda/lib/python3.12/site-packages/airflow/example_dags/tutorial_objectstorage.py took 0.120 seconds
[2025-02-07T12:28:53.970+0000] {processor.py:186} INFO - Started process (PID=700) to work on /opt/conda/lib/python3.12/site-packages/airflow/example_dags/tutorial_objectstorage.py
[2025-02-07T12:28:53.971+0000] {processor.py:914} INFO - Processing file /opt/conda/lib/python3.12/site-packages/airflow/example_dags/tutorial_objectstorage.py for tasks to queue
[2025-02-07T12:28:53.973+0000] {logging_mixin.py:190} INFO - [2025-02-07T12:28:53.972+0000] {dagbag.py:588} INFO - Filling up the DagBag from /opt/conda/lib/python3.12/site-packages/airflow/example_dags/tutorial_objectstorage.py
[2025-02-07T12:28:53.984+0000] {processor.py:925} INFO - DAG(s) 'tutorial_objectstorage' retrieved from /opt/conda/lib/python3.12/site-packages/airflow/example_dags/tutorial_objectstorage.py
[2025-02-07T12:28:54.006+0000] {logging_mixin.py:190} INFO - [2025-02-07T12:28:54.006+0000] {dag.py:3239} INFO - Sync 1 DAGs
[2025-02-07T12:28:54.014+0000] {logging_mixin.py:190} INFO - [2025-02-07T12:28:54.014+0000] {dag.py:4180} INFO - Setting next_dagrun for tutorial_objectstorage to None, run_after=None
[2025-02-07T12:28:54.031+0000] {processor.py:208} INFO - Processing /opt/conda/lib/python3.12/site-packages/airflow/example_dags/tutorial_objectstorage.py took 0.067 seconds
[2025-02-07T12:32:21.232+0000] {processor.py:186} INFO - Started process (PID=99) to work on /opt/conda/lib/python3.12/site-packages/airflow/example_dags/tutorial_objectstorage.py
[2025-02-07T12:32:21.239+0000] {processor.py:914} INFO - Processing file /opt/conda/lib/python3.12/site-packages/airflow/example_dags/tutorial_objectstorage.py for tasks to queue
[2025-02-07T12:32:21.254+0000] {logging_mixin.py:190} INFO - [2025-02-07T12:32:21.253+0000] {dagbag.py:588} INFO - Filling up the DagBag from /opt/conda/lib/python3.12/site-packages/airflow/example_dags/tutorial_objectstorage.py
[2025-02-07T12:32:21.266+0000] {processor.py:925} INFO - DAG(s) 'tutorial_objectstorage' retrieved from /opt/conda/lib/python3.12/site-packages/airflow/example_dags/tutorial_objectstorage.py
[2025-02-07T12:32:21.285+0000] {logging_mixin.py:190} INFO - [2025-02-07T12:32:21.284+0000] {dag.py:3239} INFO - Sync 1 DAGs
[2025-02-07T12:32:21.294+0000] {logging_mixin.py:190} INFO - [2025-02-07T12:32:21.294+0000] {dag.py:4180} INFO - Setting next_dagrun for tutorial_objectstorage to None, run_after=None
[2025-02-07T12:32:21.334+0000] {processor.py:208} INFO - Processing /opt/conda/lib/python3.12/site-packages/airflow/example_dags/tutorial_objectstorage.py took 0.116 seconds
[2025-02-07T12:36:09.756+0000] {processor.py:186} INFO - Started process (PID=77) to work on /opt/conda/lib/python3.12/site-packages/airflow/example_dags/tutorial_objectstorage.py
[2025-02-07T12:36:09.759+0000] {processor.py:914} INFO - Processing file /opt/conda/lib/python3.12/site-packages/airflow/example_dags/tutorial_objectstorage.py for tasks to queue
[2025-02-07T12:36:09.763+0000] {logging_mixin.py:190} INFO - [2025-02-07T12:36:09.763+0000] {dagbag.py:588} INFO - Filling up the DagBag from /opt/conda/lib/python3.12/site-packages/airflow/example_dags/tutorial_objectstorage.py
[2025-02-07T12:36:09.775+0000] {processor.py:925} INFO - DAG(s) 'tutorial_objectstorage' retrieved from /opt/conda/lib/python3.12/site-packages/airflow/example_dags/tutorial_objectstorage.py
[2025-02-07T12:36:09.796+0000] {logging_mixin.py:190} INFO - [2025-02-07T12:36:09.795+0000] {dag.py:3239} INFO - Sync 1 DAGs
[2025-02-07T12:36:09.814+0000] {logging_mixin.py:190} INFO - [2025-02-07T12:36:09.814+0000] {dag.py:4180} INFO - Setting next_dagrun for tutorial_objectstorage to None, run_after=None
[2025-02-07T12:36:09.832+0000] {processor.py:208} INFO - Processing /opt/conda/lib/python3.12/site-packages/airflow/example_dags/tutorial_objectstorage.py took 0.103 seconds
[2025-02-07T12:37:22.288+0000] {processor.py:186} INFO - Started process (PID=145) to work on /opt/conda/lib/python3.12/site-packages/airflow/example_dags/tutorial_objectstorage.py
[2025-02-07T12:37:22.289+0000] {processor.py:914} INFO - Processing file /opt/conda/lib/python3.12/site-packages/airflow/example_dags/tutorial_objectstorage.py for tasks to queue
[2025-02-07T12:37:22.291+0000] {logging_mixin.py:190} INFO - [2025-02-07T12:37:22.290+0000] {dagbag.py:588} INFO - Filling up the DagBag from /opt/conda/lib/python3.12/site-packages/airflow/example_dags/tutorial_objectstorage.py
[2025-02-07T12:37:22.300+0000] {processor.py:925} INFO - DAG(s) 'tutorial_objectstorage' retrieved from /opt/conda/lib/python3.12/site-packages/airflow/example_dags/tutorial_objectstorage.py
[2025-02-07T12:37:22.311+0000] {logging_mixin.py:190} INFO - [2025-02-07T12:37:22.311+0000] {dag.py:3239} INFO - Sync 1 DAGs
[2025-02-07T12:37:22.330+0000] {logging_mixin.py:190} INFO - [2025-02-07T12:37:22.330+0000] {dag.py:4180} INFO - Setting next_dagrun for tutorial_objectstorage to None, run_after=None
[2025-02-07T12:37:22.356+0000] {processor.py:208} INFO - Processing /opt/conda/lib/python3.12/site-packages/airflow/example_dags/tutorial_objectstorage.py took 0.073 seconds
[2025-02-07T12:37:59.362+0000] {processor.py:186} INFO - Started process (PID=180) to work on /opt/conda/lib/python3.12/site-packages/airflow/example_dags/tutorial_objectstorage.py
[2025-02-07T12:37:59.364+0000] {processor.py:914} INFO - Processing file /opt/conda/lib/python3.12/site-packages/airflow/example_dags/tutorial_objectstorage.py for tasks to queue
[2025-02-07T12:37:59.365+0000] {logging_mixin.py:190} INFO - [2025-02-07T12:37:59.365+0000] {dagbag.py:588} INFO - Filling up the DagBag from /opt/conda/lib/python3.12/site-packages/airflow/example_dags/tutorial_objectstorage.py
[2025-02-07T12:37:59.373+0000] {processor.py:925} INFO - DAG(s) 'tutorial_objectstorage' retrieved from /opt/conda/lib/python3.12/site-packages/airflow/example_dags/tutorial_objectstorage.py
[2025-02-07T12:37:59.384+0000] {logging_mixin.py:190} INFO - [2025-02-07T12:37:59.384+0000] {dag.py:3239} INFO - Sync 1 DAGs
[2025-02-07T12:37:59.394+0000] {logging_mixin.py:190} INFO - [2025-02-07T12:37:59.393+0000] {dag.py:4180} INFO - Setting next_dagrun for tutorial_objectstorage to None, run_after=None
[2025-02-07T12:37:59.409+0000] {processor.py:208} INFO - Processing /opt/conda/lib/python3.12/site-packages/airflow/example_dags/tutorial_objectstorage.py took 0.051 seconds
[2025-02-07T12:38:59.179+0000] {processor.py:186} INFO - Started process (PID=249) to work on /opt/conda/lib/python3.12/site-packages/airflow/example_dags/tutorial_objectstorage.py
[2025-02-07T12:38:59.180+0000] {processor.py:914} INFO - Processing file /opt/conda/lib/python3.12/site-packages/airflow/example_dags/tutorial_objectstorage.py for tasks to queue
[2025-02-07T12:38:59.182+0000] {logging_mixin.py:190} INFO - [2025-02-07T12:38:59.182+0000] {dagbag.py:588} INFO - Filling up the DagBag from /opt/conda/lib/python3.12/site-packages/airflow/example_dags/tutorial_objectstorage.py
[2025-02-07T12:38:59.190+0000] {processor.py:925} INFO - DAG(s) 'tutorial_objectstorage' retrieved from /opt/conda/lib/python3.12/site-packages/airflow/example_dags/tutorial_objectstorage.py
[2025-02-07T12:38:59.202+0000] {logging_mixin.py:190} INFO - [2025-02-07T12:38:59.202+0000] {dag.py:3239} INFO - Sync 1 DAGs
[2025-02-07T12:38:59.211+0000] {logging_mixin.py:190} INFO - [2025-02-07T12:38:59.211+0000] {dag.py:4180} INFO - Setting next_dagrun for tutorial_objectstorage to None, run_after=None
[2025-02-07T12:38:59.227+0000] {processor.py:208} INFO - Processing /opt/conda/lib/python3.12/site-packages/airflow/example_dags/tutorial_objectstorage.py took 0.052 seconds
[2025-02-07T12:39:55.653+0000] {processor.py:186} INFO - Started process (PID=316) to work on /opt/conda/lib/python3.12/site-packages/airflow/example_dags/tutorial_objectstorage.py
[2025-02-07T12:39:55.653+0000] {processor.py:914} INFO - Processing file /opt/conda/lib/python3.12/site-packages/airflow/example_dags/tutorial_objectstorage.py for tasks to queue
[2025-02-07T12:39:55.655+0000] {logging_mixin.py:190} INFO - [2025-02-07T12:39:55.655+0000] {dagbag.py:588} INFO - Filling up the DagBag from /opt/conda/lib/python3.12/site-packages/airflow/example_dags/tutorial_objectstorage.py
[2025-02-07T12:39:55.666+0000] {processor.py:925} INFO - DAG(s) 'tutorial_objectstorage' retrieved from /opt/conda/lib/python3.12/site-packages/airflow/example_dags/tutorial_objectstorage.py
[2025-02-07T12:39:55.678+0000] {logging_mixin.py:190} INFO - [2025-02-07T12:39:55.678+0000] {dag.py:3239} INFO - Sync 1 DAGs
[2025-02-07T12:39:55.686+0000] {logging_mixin.py:190} INFO - [2025-02-07T12:39:55.686+0000] {dag.py:4180} INFO - Setting next_dagrun for tutorial_objectstorage to None, run_after=None
[2025-02-07T12:39:55.701+0000] {processor.py:208} INFO - Processing /opt/conda/lib/python3.12/site-packages/airflow/example_dags/tutorial_objectstorage.py took 0.053 seconds
[2025-02-07T12:40:55.089+0000] {processor.py:186} INFO - Started process (PID=384) to work on /opt/conda/lib/python3.12/site-packages/airflow/example_dags/tutorial_objectstorage.py
[2025-02-07T12:40:55.090+0000] {processor.py:914} INFO - Processing file /opt/conda/lib/python3.12/site-packages/airflow/example_dags/tutorial_objectstorage.py for tasks to queue
[2025-02-07T12:40:55.091+0000] {logging_mixin.py:190} INFO - [2025-02-07T12:40:55.091+0000] {dagbag.py:588} INFO - Filling up the DagBag from /opt/conda/lib/python3.12/site-packages/airflow/example_dags/tutorial_objectstorage.py
[2025-02-07T12:40:55.098+0000] {processor.py:925} INFO - DAG(s) 'tutorial_objectstorage' retrieved from /opt/conda/lib/python3.12/site-packages/airflow/example_dags/tutorial_objectstorage.py
[2025-02-07T12:40:55.106+0000] {logging_mixin.py:190} INFO - [2025-02-07T12:40:55.106+0000] {dag.py:3239} INFO - Sync 1 DAGs
[2025-02-07T12:40:55.113+0000] {logging_mixin.py:190} INFO - [2025-02-07T12:40:55.113+0000] {dag.py:4180} INFO - Setting next_dagrun for tutorial_objectstorage to None, run_after=None
[2025-02-07T12:40:55.126+0000] {processor.py:208} INFO - Processing /opt/conda/lib/python3.12/site-packages/airflow/example_dags/tutorial_objectstorage.py took 0.042 seconds
[2025-02-07T12:45:55.394+0000] {processor.py:186} INFO - Started process (PID=2387) to work on /opt/conda/lib/python3.12/site-packages/airflow/example_dags/tutorial_objectstorage.py
[2025-02-07T12:45:55.395+0000] {processor.py:914} INFO - Processing file /opt/conda/lib/python3.12/site-packages/airflow/example_dags/tutorial_objectstorage.py for tasks to queue
[2025-02-07T12:45:55.397+0000] {logging_mixin.py:190} INFO - [2025-02-07T12:45:55.397+0000] {dagbag.py:588} INFO - Filling up the DagBag from /opt/conda/lib/python3.12/site-packages/airflow/example_dags/tutorial_objectstorage.py
[2025-02-07T12:45:55.409+0000] {processor.py:925} INFO - DAG(s) 'tutorial_objectstorage' retrieved from /opt/conda/lib/python3.12/site-packages/airflow/example_dags/tutorial_objectstorage.py
[2025-02-07T12:45:55.425+0000] {logging_mixin.py:190} INFO - [2025-02-07T12:45:55.425+0000] {dag.py:3239} INFO - Sync 1 DAGs
[2025-02-07T12:45:55.435+0000] {logging_mixin.py:190} INFO - [2025-02-07T12:45:55.435+0000] {dag.py:4180} INFO - Setting next_dagrun for tutorial_objectstorage to None, run_after=None
[2025-02-07T12:45:55.452+0000] {processor.py:208} INFO - Processing /opt/conda/lib/python3.12/site-packages/airflow/example_dags/tutorial_objectstorage.py took 0.064 seconds
[2025-02-07T12:54:45.831+0000] {processor.py:186} INFO - Started process (PID=5963) to work on /opt/conda/lib/python3.12/site-packages/airflow/example_dags/tutorial_objectstorage.py
[2025-02-07T12:54:45.832+0000] {processor.py:914} INFO - Processing file /opt/conda/lib/python3.12/site-packages/airflow/example_dags/tutorial_objectstorage.py for tasks to queue
[2025-02-07T12:54:45.835+0000] {logging_mixin.py:190} INFO - [2025-02-07T12:54:45.834+0000] {dagbag.py:588} INFO - Filling up the DagBag from /opt/conda/lib/python3.12/site-packages/airflow/example_dags/tutorial_objectstorage.py
[2025-02-07T12:54:45.845+0000] {processor.py:925} INFO - DAG(s) 'tutorial_objectstorage' retrieved from /opt/conda/lib/python3.12/site-packages/airflow/example_dags/tutorial_objectstorage.py
[2025-02-07T12:54:45.858+0000] {logging_mixin.py:190} INFO - [2025-02-07T12:54:45.858+0000] {dag.py:3239} INFO - Sync 1 DAGs
[2025-02-07T12:54:45.867+0000] {logging_mixin.py:190} INFO - [2025-02-07T12:54:45.867+0000] {dag.py:4180} INFO - Setting next_dagrun for tutorial_objectstorage to None, run_after=None
[2025-02-07T12:54:45.883+0000] {processor.py:208} INFO - Processing /opt/conda/lib/python3.12/site-packages/airflow/example_dags/tutorial_objectstorage.py took 0.058 seconds
[2025-02-07T13:02:45.919+0000] {processor.py:186} INFO - Started process (PID=345) to work on /opt/conda/lib/python3.12/site-packages/airflow/example_dags/tutorial_objectstorage.py
[2025-02-07T13:02:45.920+0000] {processor.py:914} INFO - Processing file /opt/conda/lib/python3.12/site-packages/airflow/example_dags/tutorial_objectstorage.py for tasks to queue
[2025-02-07T13:02:45.925+0000] {logging_mixin.py:190} INFO - [2025-02-07T13:02:45.924+0000] {dagbag.py:588} INFO - Filling up the DagBag from /opt/conda/lib/python3.12/site-packages/airflow/example_dags/tutorial_objectstorage.py
[2025-02-07T13:02:45.954+0000] {processor.py:925} INFO - DAG(s) 'tutorial_objectstorage' retrieved from /opt/conda/lib/python3.12/site-packages/airflow/example_dags/tutorial_objectstorage.py
[2025-02-07T13:02:45.977+0000] {logging_mixin.py:190} INFO - [2025-02-07T13:02:45.977+0000] {dag.py:3239} INFO - Sync 1 DAGs
[2025-02-07T13:02:45.990+0000] {logging_mixin.py:190} INFO - [2025-02-07T13:02:45.990+0000] {dag.py:4180} INFO - Setting next_dagrun for tutorial_objectstorage to None, run_after=None
[2025-02-07T13:02:46.010+0000] {processor.py:208} INFO - Processing /opt/conda/lib/python3.12/site-packages/airflow/example_dags/tutorial_objectstorage.py took 0.097 seconds
[2025-02-07T13:06:41.950+0000] {processor.py:186} INFO - Started process (PID=363) to work on /opt/conda/lib/python3.12/site-packages/airflow/example_dags/tutorial_objectstorage.py
[2025-02-07T13:06:41.951+0000] {processor.py:914} INFO - Processing file /opt/conda/lib/python3.12/site-packages/airflow/example_dags/tutorial_objectstorage.py for tasks to queue
[2025-02-07T13:06:41.954+0000] {logging_mixin.py:190} INFO - [2025-02-07T13:06:41.953+0000] {dagbag.py:588} INFO - Filling up the DagBag from /opt/conda/lib/python3.12/site-packages/airflow/example_dags/tutorial_objectstorage.py
[2025-02-07T13:06:41.966+0000] {processor.py:925} INFO - DAG(s) 'tutorial_objectstorage' retrieved from /opt/conda/lib/python3.12/site-packages/airflow/example_dags/tutorial_objectstorage.py
[2025-02-07T13:06:41.988+0000] {logging_mixin.py:190} INFO - [2025-02-07T13:06:41.988+0000] {dag.py:3239} INFO - Sync 1 DAGs
[2025-02-07T13:06:42.006+0000] {logging_mixin.py:190} INFO - [2025-02-07T13:06:42.006+0000] {dag.py:4180} INFO - Setting next_dagrun for tutorial_objectstorage to None, run_after=None
[2025-02-07T13:06:42.025+0000] {processor.py:208} INFO - Processing /opt/conda/lib/python3.12/site-packages/airflow/example_dags/tutorial_objectstorage.py took 0.093 seconds
[2025-02-07T13:09:34.386+0000] {processor.py:186} INFO - Started process (PID=231) to work on /opt/conda/lib/python3.12/site-packages/airflow/example_dags/tutorial_objectstorage.py
[2025-02-07T13:09:34.389+0000] {processor.py:914} INFO - Processing file /opt/conda/lib/python3.12/site-packages/airflow/example_dags/tutorial_objectstorage.py for tasks to queue
[2025-02-07T13:09:34.404+0000] {logging_mixin.py:190} INFO - [2025-02-07T13:09:34.403+0000] {dagbag.py:588} INFO - Filling up the DagBag from /opt/conda/lib/python3.12/site-packages/airflow/example_dags/tutorial_objectstorage.py
[2025-02-07T13:09:34.438+0000] {processor.py:925} INFO - DAG(s) 'tutorial_objectstorage' retrieved from /opt/conda/lib/python3.12/site-packages/airflow/example_dags/tutorial_objectstorage.py
[2025-02-07T13:09:34.455+0000] {logging_mixin.py:190} INFO - [2025-02-07T13:09:34.455+0000] {dag.py:3239} INFO - Sync 1 DAGs
[2025-02-07T13:09:34.464+0000] {logging_mixin.py:190} INFO - [2025-02-07T13:09:34.464+0000] {dag.py:4180} INFO - Setting next_dagrun for tutorial_objectstorage to None, run_after=None
[2025-02-07T13:09:34.477+0000] {processor.py:208} INFO - Processing /opt/conda/lib/python3.12/site-packages/airflow/example_dags/tutorial_objectstorage.py took 0.106 seconds
[2025-02-07T13:18:07.139+0000] {processor.py:186} INFO - Started process (PID=649) to work on /opt/conda/lib/python3.12/site-packages/airflow/example_dags/tutorial_objectstorage.py
[2025-02-07T13:18:07.140+0000] {processor.py:914} INFO - Processing file /opt/conda/lib/python3.12/site-packages/airflow/example_dags/tutorial_objectstorage.py for tasks to queue
[2025-02-07T13:18:07.143+0000] {logging_mixin.py:190} INFO - [2025-02-07T13:18:07.142+0000] {dagbag.py:588} INFO - Filling up the DagBag from /opt/conda/lib/python3.12/site-packages/airflow/example_dags/tutorial_objectstorage.py
[2025-02-07T13:18:07.160+0000] {processor.py:925} INFO - DAG(s) 'tutorial_objectstorage' retrieved from /opt/conda/lib/python3.12/site-packages/airflow/example_dags/tutorial_objectstorage.py
[2025-02-07T13:18:07.417+0000] {logging_mixin.py:190} INFO - [2025-02-07T13:18:07.417+0000] {dag.py:3239} INFO - Sync 1 DAGs
[2025-02-07T13:18:07.426+0000] {logging_mixin.py:190} INFO - [2025-02-07T13:18:07.426+0000] {dag.py:4180} INFO - Setting next_dagrun for tutorial_objectstorage to None, run_after=None
[2025-02-07T13:18:07.442+0000] {processor.py:208} INFO - Processing /opt/conda/lib/python3.12/site-packages/airflow/example_dags/tutorial_objectstorage.py took 0.308 seconds
[2025-02-07T13:19:40.620+0000] {processor.py:186} INFO - Started process (PID=341) to work on /opt/conda/lib/python3.12/site-packages/airflow/example_dags/tutorial_objectstorage.py
[2025-02-07T13:19:40.622+0000] {processor.py:914} INFO - Processing file /opt/conda/lib/python3.12/site-packages/airflow/example_dags/tutorial_objectstorage.py for tasks to queue
[2025-02-07T13:19:40.625+0000] {logging_mixin.py:190} INFO - [2025-02-07T13:19:40.625+0000] {dagbag.py:588} INFO - Filling up the DagBag from /opt/conda/lib/python3.12/site-packages/airflow/example_dags/tutorial_objectstorage.py
[2025-02-07T13:19:40.652+0000] {processor.py:925} INFO - DAG(s) 'tutorial_objectstorage' retrieved from /opt/conda/lib/python3.12/site-packages/airflow/example_dags/tutorial_objectstorage.py
[2025-02-07T13:19:40.738+0000] {logging_mixin.py:190} INFO - [2025-02-07T13:19:40.738+0000] {dag.py:3239} INFO - Sync 1 DAGs
[2025-02-07T13:19:40.752+0000] {logging_mixin.py:190} INFO - [2025-02-07T13:19:40.752+0000] {dag.py:4180} INFO - Setting next_dagrun for tutorial_objectstorage to None, run_after=None
[2025-02-07T13:19:40.795+0000] {processor.py:208} INFO - Processing /opt/conda/lib/python3.12/site-packages/airflow/example_dags/tutorial_objectstorage.py took 0.184 seconds
[2025-02-07T13:24:32.094+0000] {processor.py:186} INFO - Started process (PID=473) to work on /opt/conda/lib/python3.12/site-packages/airflow/example_dags/tutorial_objectstorage.py
[2025-02-07T13:24:32.098+0000] {processor.py:914} INFO - Processing file /opt/conda/lib/python3.12/site-packages/airflow/example_dags/tutorial_objectstorage.py for tasks to queue
[2025-02-07T13:24:32.101+0000] {logging_mixin.py:190} INFO - [2025-02-07T13:24:32.100+0000] {dagbag.py:588} INFO - Filling up the DagBag from /opt/conda/lib/python3.12/site-packages/airflow/example_dags/tutorial_objectstorage.py
[2025-02-07T13:24:32.157+0000] {processor.py:925} INFO - DAG(s) 'tutorial_objectstorage' retrieved from /opt/conda/lib/python3.12/site-packages/airflow/example_dags/tutorial_objectstorage.py
[2025-02-07T13:24:32.233+0000] {logging_mixin.py:190} INFO - [2025-02-07T13:24:32.233+0000] {dag.py:3239} INFO - Sync 1 DAGs
[2025-02-07T13:24:32.259+0000] {logging_mixin.py:190} INFO - [2025-02-07T13:24:32.259+0000] {dag.py:4180} INFO - Setting next_dagrun for tutorial_objectstorage to None, run_after=None
[2025-02-07T13:24:32.354+0000] {processor.py:208} INFO - Processing /opt/conda/lib/python3.12/site-packages/airflow/example_dags/tutorial_objectstorage.py took 0.294 seconds
[2025-02-07T13:26:56.372+0000] {processor.py:186} INFO - Started process (PID=172) to work on /opt/conda/lib/python3.12/site-packages/airflow/example_dags/tutorial_objectstorage.py
[2025-02-07T13:26:56.373+0000] {processor.py:914} INFO - Processing file /opt/conda/lib/python3.12/site-packages/airflow/example_dags/tutorial_objectstorage.py for tasks to queue
[2025-02-07T13:26:56.375+0000] {logging_mixin.py:190} INFO - [2025-02-07T13:26:56.374+0000] {dagbag.py:588} INFO - Filling up the DagBag from /opt/conda/lib/python3.12/site-packages/airflow/example_dags/tutorial_objectstorage.py
[2025-02-07T13:26:56.388+0000] {processor.py:925} INFO - DAG(s) 'tutorial_objectstorage' retrieved from /opt/conda/lib/python3.12/site-packages/airflow/example_dags/tutorial_objectstorage.py
[2025-02-07T13:26:56.404+0000] {logging_mixin.py:190} INFO - [2025-02-07T13:26:56.403+0000] {dag.py:3239} INFO - Sync 1 DAGs
[2025-02-07T13:26:56.416+0000] {logging_mixin.py:190} INFO - [2025-02-07T13:26:56.416+0000] {dag.py:4180} INFO - Setting next_dagrun for tutorial_objectstorage to None, run_after=None
[2025-02-07T13:26:56.431+0000] {processor.py:208} INFO - Processing /opt/conda/lib/python3.12/site-packages/airflow/example_dags/tutorial_objectstorage.py took 0.067 seconds
[2025-02-07T13:28:27.609+0000] {processor.py:186} INFO - Started process (PID=325) to work on /opt/conda/lib/python3.12/site-packages/airflow/example_dags/tutorial_objectstorage.py
[2025-02-07T13:28:27.610+0000] {processor.py:914} INFO - Processing file /opt/conda/lib/python3.12/site-packages/airflow/example_dags/tutorial_objectstorage.py for tasks to queue
[2025-02-07T13:28:27.612+0000] {logging_mixin.py:190} INFO - [2025-02-07T13:28:27.612+0000] {dagbag.py:588} INFO - Filling up the DagBag from /opt/conda/lib/python3.12/site-packages/airflow/example_dags/tutorial_objectstorage.py
[2025-02-07T13:28:27.620+0000] {processor.py:925} INFO - DAG(s) 'tutorial_objectstorage' retrieved from /opt/conda/lib/python3.12/site-packages/airflow/example_dags/tutorial_objectstorage.py
[2025-02-07T13:28:27.634+0000] {logging_mixin.py:190} INFO - [2025-02-07T13:28:27.634+0000] {dag.py:3239} INFO - Sync 1 DAGs
[2025-02-07T13:28:27.642+0000] {logging_mixin.py:190} INFO - [2025-02-07T13:28:27.642+0000] {dag.py:4180} INFO - Setting next_dagrun for tutorial_objectstorage to None, run_after=None
[2025-02-07T13:28:27.656+0000] {processor.py:208} INFO - Processing /opt/conda/lib/python3.12/site-packages/airflow/example_dags/tutorial_objectstorage.py took 0.052 seconds
[2025-02-07T13:29:16.525+0000] {processor.py:186} INFO - Started process (PID=372) to work on /opt/conda/lib/python3.12/site-packages/airflow/example_dags/tutorial_objectstorage.py
[2025-02-07T13:29:16.527+0000] {processor.py:914} INFO - Processing file /opt/conda/lib/python3.12/site-packages/airflow/example_dags/tutorial_objectstorage.py for tasks to queue
[2025-02-07T13:29:16.530+0000] {logging_mixin.py:190} INFO - [2025-02-07T13:29:16.529+0000] {dagbag.py:588} INFO - Filling up the DagBag from /opt/conda/lib/python3.12/site-packages/airflow/example_dags/tutorial_objectstorage.py
[2025-02-07T13:29:16.549+0000] {processor.py:925} INFO - DAG(s) 'tutorial_objectstorage' retrieved from /opt/conda/lib/python3.12/site-packages/airflow/example_dags/tutorial_objectstorage.py
[2025-02-07T13:29:16.573+0000] {logging_mixin.py:190} INFO - [2025-02-07T13:29:16.573+0000] {dag.py:3239} INFO - Sync 1 DAGs
[2025-02-07T13:29:16.594+0000] {logging_mixin.py:190} INFO - [2025-02-07T13:29:16.594+0000] {dag.py:4180} INFO - Setting next_dagrun for tutorial_objectstorage to None, run_after=None
[2025-02-07T13:29:16.615+0000] {processor.py:208} INFO - Processing /opt/conda/lib/python3.12/site-packages/airflow/example_dags/tutorial_objectstorage.py took 0.105 seconds
[2025-02-07T13:29:55.362+0000] {processor.py:186} INFO - Started process (PID=417) to work on /opt/conda/lib/python3.12/site-packages/airflow/example_dags/tutorial_objectstorage.py
[2025-02-07T13:29:55.364+0000] {processor.py:914} INFO - Processing file /opt/conda/lib/python3.12/site-packages/airflow/example_dags/tutorial_objectstorage.py for tasks to queue
[2025-02-07T13:29:55.366+0000] {logging_mixin.py:190} INFO - [2025-02-07T13:29:55.366+0000] {dagbag.py:588} INFO - Filling up the DagBag from /opt/conda/lib/python3.12/site-packages/airflow/example_dags/tutorial_objectstorage.py
[2025-02-07T13:29:55.376+0000] {processor.py:925} INFO - DAG(s) 'tutorial_objectstorage' retrieved from /opt/conda/lib/python3.12/site-packages/airflow/example_dags/tutorial_objectstorage.py
[2025-02-07T13:29:55.388+0000] {logging_mixin.py:190} INFO - [2025-02-07T13:29:55.388+0000] {dag.py:3239} INFO - Sync 1 DAGs
[2025-02-07T13:29:55.396+0000] {logging_mixin.py:190} INFO - [2025-02-07T13:29:55.395+0000] {dag.py:4180} INFO - Setting next_dagrun for tutorial_objectstorage to None, run_after=None
[2025-02-07T13:29:55.415+0000] {processor.py:208} INFO - Processing /opt/conda/lib/python3.12/site-packages/airflow/example_dags/tutorial_objectstorage.py took 0.064 seconds
[2025-02-07T13:32:57.998+0000] {processor.py:186} INFO - Started process (PID=294) to work on /opt/conda/lib/python3.12/site-packages/airflow/example_dags/tutorial_objectstorage.py
[2025-02-07T13:32:58.000+0000] {processor.py:914} INFO - Processing file /opt/conda/lib/python3.12/site-packages/airflow/example_dags/tutorial_objectstorage.py for tasks to queue
[2025-02-07T13:32:58.010+0000] {logging_mixin.py:190} INFO - [2025-02-07T13:32:58.006+0000] {dagbag.py:588} INFO - Filling up the DagBag from /opt/conda/lib/python3.12/site-packages/airflow/example_dags/tutorial_objectstorage.py
[2025-02-07T13:32:58.123+0000] {processor.py:925} INFO - DAG(s) 'tutorial_objectstorage' retrieved from /opt/conda/lib/python3.12/site-packages/airflow/example_dags/tutorial_objectstorage.py
[2025-02-07T13:32:58.187+0000] {logging_mixin.py:190} INFO - [2025-02-07T13:32:58.186+0000] {dag.py:3239} INFO - Sync 1 DAGs
[2025-02-07T13:32:58.217+0000] {logging_mixin.py:190} INFO - [2025-02-07T13:32:58.217+0000] {dag.py:4180} INFO - Setting next_dagrun for tutorial_objectstorage to None, run_after=None
[2025-02-07T13:32:58.262+0000] {processor.py:208} INFO - Processing /opt/conda/lib/python3.12/site-packages/airflow/example_dags/tutorial_objectstorage.py took 0.276 seconds
[2025-02-07T13:34:32.937+0000] {processor.py:186} INFO - Started process (PID=118) to work on /opt/conda/lib/python3.12/site-packages/airflow/example_dags/tutorial_objectstorage.py
[2025-02-07T13:34:32.938+0000] {processor.py:914} INFO - Processing file /opt/conda/lib/python3.12/site-packages/airflow/example_dags/tutorial_objectstorage.py for tasks to queue
[2025-02-07T13:34:32.941+0000] {logging_mixin.py:190} INFO - [2025-02-07T13:34:32.941+0000] {dagbag.py:588} INFO - Filling up the DagBag from /opt/conda/lib/python3.12/site-packages/airflow/example_dags/tutorial_objectstorage.py
[2025-02-07T13:34:32.955+0000] {processor.py:925} INFO - DAG(s) 'tutorial_objectstorage' retrieved from /opt/conda/lib/python3.12/site-packages/airflow/example_dags/tutorial_objectstorage.py
[2025-02-07T13:34:32.972+0000] {logging_mixin.py:190} INFO - [2025-02-07T13:34:32.972+0000] {dag.py:3239} INFO - Sync 1 DAGs
[2025-02-07T13:34:32.982+0000] {logging_mixin.py:190} INFO - [2025-02-07T13:34:32.982+0000] {dag.py:4180} INFO - Setting next_dagrun for tutorial_objectstorage to None, run_after=None
[2025-02-07T13:34:33.010+0000] {processor.py:208} INFO - Processing /opt/conda/lib/python3.12/site-packages/airflow/example_dags/tutorial_objectstorage.py took 0.078 seconds
[2025-02-07T13:35:57.410+0000] {processor.py:186} INFO - Started process (PID=75) to work on /opt/conda/lib/python3.12/site-packages/airflow/example_dags/tutorial_objectstorage.py
[2025-02-07T13:35:57.412+0000] {processor.py:914} INFO - Processing file /opt/conda/lib/python3.12/site-packages/airflow/example_dags/tutorial_objectstorage.py for tasks to queue
[2025-02-07T13:35:57.414+0000] {logging_mixin.py:190} INFO - [2025-02-07T13:35:57.414+0000] {dagbag.py:588} INFO - Filling up the DagBag from /opt/conda/lib/python3.12/site-packages/airflow/example_dags/tutorial_objectstorage.py
[2025-02-07T13:35:57.433+0000] {processor.py:925} INFO - DAG(s) 'tutorial_objectstorage' retrieved from /opt/conda/lib/python3.12/site-packages/airflow/example_dags/tutorial_objectstorage.py
[2025-02-07T13:35:57.463+0000] {logging_mixin.py:190} INFO - [2025-02-07T13:35:57.463+0000] {dag.py:3239} INFO - Sync 1 DAGs
[2025-02-07T13:35:57.478+0000] {logging_mixin.py:190} INFO - [2025-02-07T13:35:57.478+0000] {dag.py:4180} INFO - Setting next_dagrun for tutorial_objectstorage to None, run_after=None
[2025-02-07T13:35:57.495+0000] {processor.py:208} INFO - Processing /opt/conda/lib/python3.12/site-packages/airflow/example_dags/tutorial_objectstorage.py took 0.096 seconds
[2025-02-07T13:37:55.032+0000] {processor.py:186} INFO - Started process (PID=299) to work on /opt/conda/lib/python3.12/site-packages/airflow/example_dags/tutorial_objectstorage.py
[2025-02-07T13:37:55.033+0000] {processor.py:914} INFO - Processing file /opt/conda/lib/python3.12/site-packages/airflow/example_dags/tutorial_objectstorage.py for tasks to queue
[2025-02-07T13:37:55.035+0000] {logging_mixin.py:190} INFO - [2025-02-07T13:37:55.034+0000] {dagbag.py:588} INFO - Filling up the DagBag from /opt/conda/lib/python3.12/site-packages/airflow/example_dags/tutorial_objectstorage.py
[2025-02-07T13:37:55.057+0000] {processor.py:925} INFO - DAG(s) 'tutorial_objectstorage' retrieved from /opt/conda/lib/python3.12/site-packages/airflow/example_dags/tutorial_objectstorage.py
[2025-02-07T13:37:55.095+0000] {logging_mixin.py:190} INFO - [2025-02-07T13:37:55.095+0000] {dag.py:3239} INFO - Sync 1 DAGs
[2025-02-07T13:37:55.109+0000] {logging_mixin.py:190} INFO - [2025-02-07T13:37:55.109+0000] {dag.py:4180} INFO - Setting next_dagrun for tutorial_objectstorage to None, run_after=None
[2025-02-07T13:37:55.134+0000] {processor.py:208} INFO - Processing /opt/conda/lib/python3.12/site-packages/airflow/example_dags/tutorial_objectstorage.py took 0.114 seconds
[2025-02-07T13:39:20.126+0000] {processor.py:186} INFO - Started process (PID=477) to work on /opt/conda/lib/python3.12/site-packages/airflow/example_dags/tutorial_objectstorage.py
[2025-02-07T13:39:20.127+0000] {processor.py:914} INFO - Processing file /opt/conda/lib/python3.12/site-packages/airflow/example_dags/tutorial_objectstorage.py for tasks to queue
[2025-02-07T13:39:20.129+0000] {logging_mixin.py:190} INFO - [2025-02-07T13:39:20.129+0000] {dagbag.py:588} INFO - Filling up the DagBag from /opt/conda/lib/python3.12/site-packages/airflow/example_dags/tutorial_objectstorage.py
[2025-02-07T13:39:20.137+0000] {processor.py:925} INFO - DAG(s) 'tutorial_objectstorage' retrieved from /opt/conda/lib/python3.12/site-packages/airflow/example_dags/tutorial_objectstorage.py
[2025-02-07T13:39:20.149+0000] {logging_mixin.py:190} INFO - [2025-02-07T13:39:20.149+0000] {dag.py:3239} INFO - Sync 1 DAGs
[2025-02-07T13:39:20.158+0000] {logging_mixin.py:190} INFO - [2025-02-07T13:39:20.158+0000] {dag.py:4180} INFO - Setting next_dagrun for tutorial_objectstorage to None, run_after=None
[2025-02-07T13:39:20.172+0000] {processor.py:208} INFO - Processing /opt/conda/lib/python3.12/site-packages/airflow/example_dags/tutorial_objectstorage.py took 0.050 seconds
[2025-02-07T13:40:19.272+0000] {processor.py:186} INFO - Started process (PID=545) to work on /opt/conda/lib/python3.12/site-packages/airflow/example_dags/tutorial_objectstorage.py
[2025-02-07T13:40:19.273+0000] {processor.py:914} INFO - Processing file /opt/conda/lib/python3.12/site-packages/airflow/example_dags/tutorial_objectstorage.py for tasks to queue
[2025-02-07T13:40:19.275+0000] {logging_mixin.py:190} INFO - [2025-02-07T13:40:19.274+0000] {dagbag.py:588} INFO - Filling up the DagBag from /opt/conda/lib/python3.12/site-packages/airflow/example_dags/tutorial_objectstorage.py
[2025-02-07T13:40:19.282+0000] {processor.py:925} INFO - DAG(s) 'tutorial_objectstorage' retrieved from /opt/conda/lib/python3.12/site-packages/airflow/example_dags/tutorial_objectstorage.py
[2025-02-07T13:40:19.294+0000] {logging_mixin.py:190} INFO - [2025-02-07T13:40:19.294+0000] {dag.py:3239} INFO - Sync 1 DAGs
[2025-02-07T13:40:19.303+0000] {logging_mixin.py:190} INFO - [2025-02-07T13:40:19.303+0000] {dag.py:4180} INFO - Setting next_dagrun for tutorial_objectstorage to None, run_after=None
[2025-02-07T13:40:19.318+0000] {processor.py:208} INFO - Processing /opt/conda/lib/python3.12/site-packages/airflow/example_dags/tutorial_objectstorage.py took 0.050 seconds
[2025-02-07T13:41:16.376+0000] {processor.py:186} INFO - Started process (PID=612) to work on /opt/conda/lib/python3.12/site-packages/airflow/example_dags/tutorial_objectstorage.py
[2025-02-07T13:41:16.376+0000] {processor.py:914} INFO - Processing file /opt/conda/lib/python3.12/site-packages/airflow/example_dags/tutorial_objectstorage.py for tasks to queue
[2025-02-07T13:41:16.378+0000] {logging_mixin.py:190} INFO - [2025-02-07T13:41:16.378+0000] {dagbag.py:588} INFO - Filling up the DagBag from /opt/conda/lib/python3.12/site-packages/airflow/example_dags/tutorial_objectstorage.py
[2025-02-07T13:41:16.390+0000] {processor.py:925} INFO - DAG(s) 'tutorial_objectstorage' retrieved from /opt/conda/lib/python3.12/site-packages/airflow/example_dags/tutorial_objectstorage.py
[2025-02-07T13:41:16.404+0000] {logging_mixin.py:190} INFO - [2025-02-07T13:41:16.404+0000] {dag.py:3239} INFO - Sync 1 DAGs
[2025-02-07T13:41:16.414+0000] {logging_mixin.py:190} INFO - [2025-02-07T13:41:16.414+0000] {dag.py:4180} INFO - Setting next_dagrun for tutorial_objectstorage to None, run_after=None
[2025-02-07T13:41:16.429+0000] {processor.py:208} INFO - Processing /opt/conda/lib/python3.12/site-packages/airflow/example_dags/tutorial_objectstorage.py took 0.058 seconds
[2025-02-07T13:42:16.962+0000] {processor.py:186} INFO - Started process (PID=714) to work on /opt/conda/lib/python3.12/site-packages/airflow/example_dags/tutorial_objectstorage.py
[2025-02-07T13:42:16.962+0000] {processor.py:914} INFO - Processing file /opt/conda/lib/python3.12/site-packages/airflow/example_dags/tutorial_objectstorage.py for tasks to queue
[2025-02-07T13:42:16.963+0000] {logging_mixin.py:190} INFO - [2025-02-07T13:42:16.963+0000] {dagbag.py:588} INFO - Filling up the DagBag from /opt/conda/lib/python3.12/site-packages/airflow/example_dags/tutorial_objectstorage.py
[2025-02-07T13:42:16.971+0000] {processor.py:925} INFO - DAG(s) 'tutorial_objectstorage' retrieved from /opt/conda/lib/python3.12/site-packages/airflow/example_dags/tutorial_objectstorage.py
[2025-02-07T13:42:16.980+0000] {logging_mixin.py:190} INFO - [2025-02-07T13:42:16.979+0000] {dag.py:3239} INFO - Sync 1 DAGs
[2025-02-07T13:42:16.988+0000] {logging_mixin.py:190} INFO - [2025-02-07T13:42:16.988+0000] {dag.py:4180} INFO - Setting next_dagrun for tutorial_objectstorage to None, run_after=None
[2025-02-07T13:42:17.000+0000] {processor.py:208} INFO - Processing /opt/conda/lib/python3.12/site-packages/airflow/example_dags/tutorial_objectstorage.py took 0.041 seconds
[2025-02-07T13:42:55.966+0000] {processor.py:186} INFO - Started process (PID=821) to work on /opt/conda/lib/python3.12/site-packages/airflow/example_dags/tutorial_objectstorage.py
[2025-02-07T13:42:55.967+0000] {processor.py:914} INFO - Processing file /opt/conda/lib/python3.12/site-packages/airflow/example_dags/tutorial_objectstorage.py for tasks to queue
[2025-02-07T13:42:55.969+0000] {logging_mixin.py:190} INFO - [2025-02-07T13:42:55.969+0000] {dagbag.py:588} INFO - Filling up the DagBag from /opt/conda/lib/python3.12/site-packages/airflow/example_dags/tutorial_objectstorage.py
[2025-02-07T13:42:55.978+0000] {processor.py:925} INFO - DAG(s) 'tutorial_objectstorage' retrieved from /opt/conda/lib/python3.12/site-packages/airflow/example_dags/tutorial_objectstorage.py
[2025-02-07T13:42:55.992+0000] {logging_mixin.py:190} INFO - [2025-02-07T13:42:55.992+0000] {dag.py:3239} INFO - Sync 1 DAGs
[2025-02-07T13:42:56.002+0000] {logging_mixin.py:190} INFO - [2025-02-07T13:42:56.002+0000] {dag.py:4180} INFO - Setting next_dagrun for tutorial_objectstorage to None, run_after=None
[2025-02-07T13:42:56.016+0000] {processor.py:208} INFO - Processing /opt/conda/lib/python3.12/site-packages/airflow/example_dags/tutorial_objectstorage.py took 0.056 seconds
[2025-02-07T13:44:14.922+0000] {processor.py:186} INFO - Started process (PID=1004) to work on /opt/conda/lib/python3.12/site-packages/airflow/example_dags/tutorial_objectstorage.py
[2025-02-07T13:44:14.923+0000] {processor.py:914} INFO - Processing file /opt/conda/lib/python3.12/site-packages/airflow/example_dags/tutorial_objectstorage.py for tasks to queue
[2025-02-07T13:44:14.926+0000] {logging_mixin.py:190} INFO - [2025-02-07T13:44:14.925+0000] {dagbag.py:588} INFO - Filling up the DagBag from /opt/conda/lib/python3.12/site-packages/airflow/example_dags/tutorial_objectstorage.py
[2025-02-07T13:44:14.934+0000] {processor.py:925} INFO - DAG(s) 'tutorial_objectstorage' retrieved from /opt/conda/lib/python3.12/site-packages/airflow/example_dags/tutorial_objectstorage.py
[2025-02-07T13:44:14.947+0000] {logging_mixin.py:190} INFO - [2025-02-07T13:44:14.946+0000] {dag.py:3239} INFO - Sync 1 DAGs
[2025-02-07T13:44:14.955+0000] {logging_mixin.py:190} INFO - [2025-02-07T13:44:14.955+0000] {dag.py:4180} INFO - Setting next_dagrun for tutorial_objectstorage to None, run_after=None
[2025-02-07T13:44:14.971+0000] {processor.py:208} INFO - Processing /opt/conda/lib/python3.12/site-packages/airflow/example_dags/tutorial_objectstorage.py took 0.059 seconds
[2025-02-07T13:45:22.349+0000] {processor.py:186} INFO - Started process (PID=1159) to work on /opt/conda/lib/python3.12/site-packages/airflow/example_dags/tutorial_objectstorage.py
[2025-02-07T13:45:22.352+0000] {processor.py:914} INFO - Processing file /opt/conda/lib/python3.12/site-packages/airflow/example_dags/tutorial_objectstorage.py for tasks to queue
[2025-02-07T13:45:22.372+0000] {logging_mixin.py:190} INFO - [2025-02-07T13:45:22.371+0000] {dagbag.py:588} INFO - Filling up the DagBag from /opt/conda/lib/python3.12/site-packages/airflow/example_dags/tutorial_objectstorage.py
[2025-02-07T13:45:22.411+0000] {processor.py:925} INFO - DAG(s) 'tutorial_objectstorage' retrieved from /opt/conda/lib/python3.12/site-packages/airflow/example_dags/tutorial_objectstorage.py
[2025-02-07T13:45:22.434+0000] {logging_mixin.py:190} INFO - [2025-02-07T13:45:22.433+0000] {dag.py:3239} INFO - Sync 1 DAGs
[2025-02-07T13:45:22.462+0000] {logging_mixin.py:190} INFO - [2025-02-07T13:45:22.462+0000] {dag.py:4180} INFO - Setting next_dagrun for tutorial_objectstorage to None, run_after=None
[2025-02-07T13:45:22.484+0000] {processor.py:208} INFO - Processing /opt/conda/lib/python3.12/site-packages/airflow/example_dags/tutorial_objectstorage.py took 0.148 seconds
[2025-02-07T13:46:38.212+0000] {processor.py:186} INFO - Started process (PID=1235) to work on /opt/conda/lib/python3.12/site-packages/airflow/example_dags/tutorial_objectstorage.py
[2025-02-07T13:46:38.216+0000] {processor.py:914} INFO - Processing file /opt/conda/lib/python3.12/site-packages/airflow/example_dags/tutorial_objectstorage.py for tasks to queue
[2025-02-07T13:46:38.229+0000] {logging_mixin.py:190} INFO - [2025-02-07T13:46:38.226+0000] {dagbag.py:588} INFO - Filling up the DagBag from /opt/conda/lib/python3.12/site-packages/airflow/example_dags/tutorial_objectstorage.py
[2025-02-07T13:46:38.285+0000] {processor.py:925} INFO - DAG(s) 'tutorial_objectstorage' retrieved from /opt/conda/lib/python3.12/site-packages/airflow/example_dags/tutorial_objectstorage.py
[2025-02-07T13:46:38.357+0000] {logging_mixin.py:190} INFO - [2025-02-07T13:46:38.357+0000] {dag.py:3239} INFO - Sync 1 DAGs
[2025-02-07T13:46:38.396+0000] {logging_mixin.py:190} INFO - [2025-02-07T13:46:38.396+0000] {dag.py:4180} INFO - Setting next_dagrun for tutorial_objectstorage to None, run_after=None
[2025-02-07T13:46:38.472+0000] {processor.py:208} INFO - Processing /opt/conda/lib/python3.12/site-packages/airflow/example_dags/tutorial_objectstorage.py took 0.298 seconds
[2025-02-07T14:03:00.584+0000] {processor.py:186} INFO - Started process (PID=739) to work on /opt/conda/lib/python3.12/site-packages/airflow/example_dags/tutorial_objectstorage.py
[2025-02-07T14:03:00.586+0000] {processor.py:914} INFO - Processing file /opt/conda/lib/python3.12/site-packages/airflow/example_dags/tutorial_objectstorage.py for tasks to queue
[2025-02-07T14:03:00.588+0000] {logging_mixin.py:190} INFO - [2025-02-07T14:03:00.587+0000] {dagbag.py:588} INFO - Filling up the DagBag from /opt/conda/lib/python3.12/site-packages/airflow/example_dags/tutorial_objectstorage.py
[2025-02-07T14:03:00.639+0000] {processor.py:925} INFO - DAG(s) 'tutorial_objectstorage' retrieved from /opt/conda/lib/python3.12/site-packages/airflow/example_dags/tutorial_objectstorage.py
[2025-02-07T14:03:00.684+0000] {logging_mixin.py:190} INFO - [2025-02-07T14:03:00.684+0000] {dag.py:3239} INFO - Sync 1 DAGs
[2025-02-07T14:03:00.695+0000] {logging_mixin.py:190} INFO - [2025-02-07T14:03:00.694+0000] {dag.py:4180} INFO - Setting next_dagrun for tutorial_objectstorage to None, run_after=None
[2025-02-07T14:03:00.715+0000] {processor.py:208} INFO - Processing /opt/conda/lib/python3.12/site-packages/airflow/example_dags/tutorial_objectstorage.py took 0.147 seconds
[2025-02-07T14:05:57.268+0000] {processor.py:186} INFO - Started process (PID=1803) to work on /opt/conda/lib/python3.12/site-packages/airflow/example_dags/tutorial_objectstorage.py
[2025-02-07T14:05:57.270+0000] {processor.py:914} INFO - Processing file /opt/conda/lib/python3.12/site-packages/airflow/example_dags/tutorial_objectstorage.py for tasks to queue
[2025-02-07T14:05:57.271+0000] {logging_mixin.py:190} INFO - [2025-02-07T14:05:57.271+0000] {dagbag.py:588} INFO - Filling up the DagBag from /opt/conda/lib/python3.12/site-packages/airflow/example_dags/tutorial_objectstorage.py
[2025-02-07T14:05:57.283+0000] {processor.py:925} INFO - DAG(s) 'tutorial_objectstorage' retrieved from /opt/conda/lib/python3.12/site-packages/airflow/example_dags/tutorial_objectstorage.py
[2025-02-07T14:05:57.313+0000] {logging_mixin.py:190} INFO - [2025-02-07T14:05:57.312+0000] {dag.py:3239} INFO - Sync 1 DAGs
[2025-02-07T14:05:57.326+0000] {logging_mixin.py:190} INFO - [2025-02-07T14:05:57.326+0000] {dag.py:4180} INFO - Setting next_dagrun for tutorial_objectstorage to None, run_after=None
[2025-02-07T14:05:57.342+0000] {processor.py:208} INFO - Processing /opt/conda/lib/python3.12/site-packages/airflow/example_dags/tutorial_objectstorage.py took 0.085 seconds
[2025-02-07T14:07:21.248+0000] {processor.py:186} INFO - Started process (PID=1991) to work on /opt/conda/lib/python3.12/site-packages/airflow/example_dags/tutorial_objectstorage.py
[2025-02-07T14:07:21.251+0000] {processor.py:914} INFO - Processing file /opt/conda/lib/python3.12/site-packages/airflow/example_dags/tutorial_objectstorage.py for tasks to queue
[2025-02-07T14:07:21.252+0000] {logging_mixin.py:190} INFO - [2025-02-07T14:07:21.252+0000] {dagbag.py:588} INFO - Filling up the DagBag from /opt/conda/lib/python3.12/site-packages/airflow/example_dags/tutorial_objectstorage.py
[2025-02-07T14:07:21.261+0000] {processor.py:925} INFO - DAG(s) 'tutorial_objectstorage' retrieved from /opt/conda/lib/python3.12/site-packages/airflow/example_dags/tutorial_objectstorage.py
[2025-02-07T14:07:21.273+0000] {logging_mixin.py:190} INFO - [2025-02-07T14:07:21.273+0000] {dag.py:3239} INFO - Sync 1 DAGs
[2025-02-07T14:07:21.281+0000] {logging_mixin.py:190} INFO - [2025-02-07T14:07:21.280+0000] {dag.py:4180} INFO - Setting next_dagrun for tutorial_objectstorage to None, run_after=None
[2025-02-07T14:07:21.297+0000] {processor.py:208} INFO - Processing /opt/conda/lib/python3.12/site-packages/airflow/example_dags/tutorial_objectstorage.py took 0.062 seconds
[2025-02-07T14:37:04.352+0000] {processor.py:186} INFO - Started process (PID=615) to work on /opt/conda/lib/python3.12/site-packages/airflow/example_dags/tutorial_objectstorage.py
[2025-02-07T14:37:04.353+0000] {processor.py:914} INFO - Processing file /opt/conda/lib/python3.12/site-packages/airflow/example_dags/tutorial_objectstorage.py for tasks to queue
[2025-02-07T14:37:04.355+0000] {logging_mixin.py:190} INFO - [2025-02-07T14:37:04.355+0000] {dagbag.py:588} INFO - Filling up the DagBag from /opt/conda/lib/python3.12/site-packages/airflow/example_dags/tutorial_objectstorage.py
[2025-02-07T14:37:04.370+0000] {processor.py:925} INFO - DAG(s) 'tutorial_objectstorage' retrieved from /opt/conda/lib/python3.12/site-packages/airflow/example_dags/tutorial_objectstorage.py
[2025-02-07T14:37:04.385+0000] {logging_mixin.py:190} INFO - [2025-02-07T14:37:04.385+0000] {dag.py:3239} INFO - Sync 1 DAGs
[2025-02-07T14:37:04.393+0000] {logging_mixin.py:190} INFO - [2025-02-07T14:37:04.393+0000] {dag.py:4180} INFO - Setting next_dagrun for tutorial_objectstorage to None, run_after=None
[2025-02-07T14:37:04.405+0000] {processor.py:208} INFO - Processing /opt/conda/lib/python3.12/site-packages/airflow/example_dags/tutorial_objectstorage.py took 0.057 seconds
[2025-02-07T14:41:37.235+0000] {processor.py:186} INFO - Started process (PID=386) to work on /opt/conda/lib/python3.12/site-packages/airflow/example_dags/tutorial_objectstorage.py
[2025-02-07T14:41:37.236+0000] {processor.py:914} INFO - Processing file /opt/conda/lib/python3.12/site-packages/airflow/example_dags/tutorial_objectstorage.py for tasks to queue
[2025-02-07T14:41:37.239+0000] {logging_mixin.py:190} INFO - [2025-02-07T14:41:37.239+0000] {dagbag.py:588} INFO - Filling up the DagBag from /opt/conda/lib/python3.12/site-packages/airflow/example_dags/tutorial_objectstorage.py
[2025-02-07T14:41:37.251+0000] {processor.py:925} INFO - DAG(s) 'tutorial_objectstorage' retrieved from /opt/conda/lib/python3.12/site-packages/airflow/example_dags/tutorial_objectstorage.py
[2025-02-07T14:41:37.271+0000] {logging_mixin.py:190} INFO - [2025-02-07T14:41:37.271+0000] {dag.py:3239} INFO - Sync 1 DAGs
[2025-02-07T14:41:37.280+0000] {logging_mixin.py:190} INFO - [2025-02-07T14:41:37.280+0000] {dag.py:4180} INFO - Setting next_dagrun for tutorial_objectstorage to None, run_after=None
[2025-02-07T14:41:37.296+0000] {processor.py:208} INFO - Processing /opt/conda/lib/python3.12/site-packages/airflow/example_dags/tutorial_objectstorage.py took 0.068 seconds
