[2025-02-07T14:35:54.289+0000] {local_task_job_runner.py:123} INFO - ::group::Pre task execution logs
[2025-02-07T14:35:54.302+0000] {taskinstance.py:2613} INFO - Dependencies all met for dep_context=non-requeueable deps ti=<TaskInstance: my_training_dag.task_insert_data scheduled__2025-02-07T14:10:56.073886+00:00 [queued]>
[2025-02-07T14:35:54.311+0000] {taskinstance.py:2613} INFO - Dependencies all met for dep_context=requeueable deps ti=<TaskInstance: my_training_dag.task_insert_data scheduled__2025-02-07T14:10:56.073886+00:00 [queued]>
[2025-02-07T14:35:54.312+0000] {taskinstance.py:2866} INFO - Starting attempt 1 of 1
[2025-02-07T14:35:54.322+0000] {taskinstance.py:2889} INFO - Executing <Task(PythonOperator): task_insert_data> on 2025-02-07 14:10:56.073886+00:00
[2025-02-07T14:35:54.340+0000] {standard_task_runner.py:72} INFO - Started process 231 to run task
[2025-02-07T14:35:54.344+0000] {standard_task_runner.py:104} INFO - Running: ['airflow', 'tasks', 'run', 'my_training_dag', 'task_insert_data', 'scheduled__2025-02-07T14:10:56.073886+00:00', '--job-id', '897', '--raw', '--subdir', 'DAGS_FOLDER/training_dag.py', '--cfg-path', '/tmp/tmpdlfwhxfm']
[2025-02-07T14:35:54.345+0000] {standard_task_runner.py:105} INFO - Job 897: Subtask task_insert_data
[2025-02-07T14:35:54.409+0000] {task_command.py:467} INFO - Running <TaskInstance: my_training_dag.task_insert_data scheduled__2025-02-07T14:10:56.073886+00:00 [running]> on host 4c0e316c252f
[2025-02-07T14:35:54.461+0000] {taskinstance.py:3132} INFO - Exporting env vars: AIRFLOW_CTX_DAG_OWNER='airflow' AIRFLOW_CTX_DAG_ID='my_training_dag' AIRFLOW_CTX_TASK_ID='task_insert_data' AIRFLOW_CTX_EXECUTION_DATE='2025-02-07T14:10:56.073886+00:00' AIRFLOW_CTX_TRY_NUMBER='1' AIRFLOW_CTX_DAG_RUN_ID='scheduled__2025-02-07T14:10:56.073886+00:00'
[2025-02-07T14:35:54.462+0000] {logging_mixin.py:190} INFO - Task instance is in running state
[2025-02-07T14:35:54.462+0000] {logging_mixin.py:190} INFO -  Previous state of the Task instance: queued
[2025-02-07T14:35:54.463+0000] {logging_mixin.py:190} INFO - Current task name:task_insert_data state:running start_date:2025-02-07 14:35:54.302555+00:00
[2025-02-07T14:35:54.463+0000] {logging_mixin.py:190} INFO - Dag name:my_training_dag and current dag run status:running
[2025-02-07T14:35:54.463+0000] {taskinstance.py:731} INFO - ::endgroup::
[2025-02-07T14:35:54.475+0000] {logging_mixin.py:190} INFO - Table : 'iris_data'  created succesfully
[2025-02-07T14:35:54.495+0000] {python.py:240} INFO - Done. Returned value was: None
[2025-02-07T14:35:54.498+0000] {taskinstance.py:340} INFO - ::group::Post task execution logs
[2025-02-07T14:35:54.498+0000] {taskinstance.py:352} INFO - Marking task as SUCCESS. dag_id=my_training_dag, task_id=task_insert_data, run_id=scheduled__2025-02-07T14:10:56.073886+00:00, execution_date=20250207T141056, start_date=20250207T143554, end_date=20250207T143554
[2025-02-07T14:35:54.505+0000] {logging_mixin.py:190} INFO - Task instance in success state
[2025-02-07T14:35:54.506+0000] {logging_mixin.py:190} INFO -  Previous state of the Task instance: running
[2025-02-07T14:35:54.506+0000] {logging_mixin.py:190} INFO - Dag name:my_training_dag queued_at:2025-02-07 14:35:50.871054+00:00
[2025-02-07T14:35:54.506+0000] {logging_mixin.py:190} INFO - Task hostname:4c0e316c252f operator:PythonOperator
[2025-02-07T14:35:54.531+0000] {local_task_job_runner.py:266} INFO - Task exited with return code 0
[2025-02-07T14:35:54.547+0000] {taskinstance.py:3895} INFO - 1 downstream tasks scheduled from follow-on schedule check
[2025-02-07T14:35:54.549+0000] {local_task_job_runner.py:245} INFO - ::endgroup::
