[2025-02-07T14:37:58.417+0000] {local_task_job_runner.py:123} INFO - ::group::Pre task execution logs
[2025-02-07T14:37:58.438+0000] {taskinstance.py:2613} INFO - Dependencies all met for dep_context=non-requeueable deps ti=<TaskInstance: my_training_dag.task_insert_data scheduled__2025-02-07T14:18:56.073886+00:00 [queued]>
[2025-02-07T14:37:58.446+0000] {taskinstance.py:2613} INFO - Dependencies all met for dep_context=requeueable deps ti=<TaskInstance: my_training_dag.task_insert_data scheduled__2025-02-07T14:18:56.073886+00:00 [queued]>
[2025-02-07T14:37:58.446+0000] {taskinstance.py:2866} INFO - Starting attempt 1 of 1
[2025-02-07T14:37:58.457+0000] {taskinstance.py:2889} INFO - Executing <Task(PythonOperator): task_insert_data> on 2025-02-07 14:18:56.073886+00:00
[2025-02-07T14:37:58.463+0000] {standard_task_runner.py:72} INFO - Started process 88 to run task
[2025-02-07T14:37:58.465+0000] {standard_task_runner.py:104} INFO - Running: ['airflow', 'tasks', 'run', 'my_training_dag', 'task_insert_data', 'scheduled__2025-02-07T14:18:56.073886+00:00', '--job-id', '919', '--raw', '--subdir', 'DAGS_FOLDER/training_dag.py', '--cfg-path', '/tmp/tmpl2zz7p9k']
[2025-02-07T14:37:58.466+0000] {standard_task_runner.py:105} INFO - Job 919: Subtask task_insert_data
[2025-02-07T14:37:58.499+0000] {task_command.py:467} INFO - Running <TaskInstance: my_training_dag.task_insert_data scheduled__2025-02-07T14:18:56.073886+00:00 [running]> on host 82beadcbe2af
[2025-02-07T14:37:58.577+0000] {taskinstance.py:3132} INFO - Exporting env vars: AIRFLOW_CTX_DAG_OWNER='airflow' AIRFLOW_CTX_DAG_ID='my_training_dag' AIRFLOW_CTX_TASK_ID='task_insert_data' AIRFLOW_CTX_EXECUTION_DATE='2025-02-07T14:18:56.073886+00:00' AIRFLOW_CTX_TRY_NUMBER='1' AIRFLOW_CTX_DAG_RUN_ID='scheduled__2025-02-07T14:18:56.073886+00:00'
[2025-02-07T14:37:58.579+0000] {logging_mixin.py:190} INFO - Task instance is in running state
[2025-02-07T14:37:58.580+0000] {logging_mixin.py:190} INFO -  Previous state of the Task instance: queued
[2025-02-07T14:37:58.580+0000] {logging_mixin.py:190} INFO - Current task name:task_insert_data state:running start_date:2025-02-07 14:37:58.438962+00:00
[2025-02-07T14:37:58.580+0000] {logging_mixin.py:190} INFO - Dag name:my_training_dag and current dag run status:running
[2025-02-07T14:37:58.580+0000] {taskinstance.py:731} INFO - ::endgroup::
[2025-02-07T14:37:58.590+0000] {logging_mixin.py:190} INFO - Table : 'iris_data'  created succesfully
[2025-02-07T14:37:58.616+0000] {python.py:240} INFO - Done. Returned value was: None
[2025-02-07T14:37:58.621+0000] {taskinstance.py:340} INFO - ::group::Post task execution logs
[2025-02-07T14:37:58.621+0000] {taskinstance.py:352} INFO - Marking task as SUCCESS. dag_id=my_training_dag, task_id=task_insert_data, run_id=scheduled__2025-02-07T14:18:56.073886+00:00, execution_date=20250207T141856, start_date=20250207T143758, end_date=20250207T143758
[2025-02-07T14:37:58.630+0000] {logging_mixin.py:190} INFO - Task instance in success state
[2025-02-07T14:37:58.630+0000] {logging_mixin.py:190} INFO -  Previous state of the Task instance: running
[2025-02-07T14:37:58.630+0000] {logging_mixin.py:190} INFO - Dag name:my_training_dag queued_at:2025-02-07 14:37:55.388260+00:00
[2025-02-07T14:37:58.630+0000] {logging_mixin.py:190} INFO - Task hostname:82beadcbe2af operator:PythonOperator
[2025-02-07T14:37:58.646+0000] {local_task_job_runner.py:266} INFO - Task exited with return code 0
[2025-02-07T14:37:58.663+0000] {taskinstance.py:3895} INFO - 1 downstream tasks scheduled from follow-on schedule check
[2025-02-07T14:37:58.665+0000] {local_task_job_runner.py:245} INFO - ::endgroup::
