[2025-02-07T14:41:36.303+0000] {local_task_job_runner.py:123} INFO - ::group::Pre task execution logs
[2025-02-07T14:41:36.316+0000] {taskinstance.py:2613} INFO - Dependencies all met for dep_context=non-requeueable deps ti=<TaskInstance: my_training_dag.task_read_data scheduled__2025-02-07T14:22:56.073886+00:00 [queued]>
[2025-02-07T14:41:36.323+0000] {taskinstance.py:2613} INFO - Dependencies all met for dep_context=requeueable deps ti=<TaskInstance: my_training_dag.task_read_data scheduled__2025-02-07T14:22:56.073886+00:00 [queued]>
[2025-02-07T14:41:36.324+0000] {taskinstance.py:2866} INFO - Starting attempt 1 of 1
[2025-02-07T14:41:36.348+0000] {taskinstance.py:2889} INFO - Executing <Task(BranchPythonOperator): task_read_data> on 2025-02-07 14:22:56.073886+00:00
[2025-02-07T14:41:36.354+0000] {standard_task_runner.py:72} INFO - Started process 384 to run task
[2025-02-07T14:41:36.356+0000] {standard_task_runner.py:104} INFO - Running: ['airflow', 'tasks', 'run', 'my_training_dag', 'task_read_data', 'scheduled__2025-02-07T14:22:56.073886+00:00', '--job-id', '947', '--raw', '--subdir', 'DAGS_FOLDER/training_dag.py', '--cfg-path', '/tmp/tmpzhvszyn1']
[2025-02-07T14:41:36.357+0000] {standard_task_runner.py:105} INFO - Job 947: Subtask task_read_data
[2025-02-07T14:41:36.392+0000] {task_command.py:467} INFO - Running <TaskInstance: my_training_dag.task_read_data scheduled__2025-02-07T14:22:56.073886+00:00 [running]> on host e917f1a9cc6f
[2025-02-07T14:41:36.463+0000] {taskinstance.py:3132} INFO - Exporting env vars: AIRFLOW_CTX_DAG_OWNER='airflow' AIRFLOW_CTX_DAG_ID='my_training_dag' AIRFLOW_CTX_TASK_ID='task_read_data' AIRFLOW_CTX_EXECUTION_DATE='2025-02-07T14:22:56.073886+00:00' AIRFLOW_CTX_TRY_NUMBER='1' AIRFLOW_CTX_DAG_RUN_ID='scheduled__2025-02-07T14:22:56.073886+00:00'
[2025-02-07T14:41:36.464+0000] {logging_mixin.py:190} INFO - Task instance is in running state
[2025-02-07T14:41:36.465+0000] {logging_mixin.py:190} INFO -  Previous state of the Task instance: queued
[2025-02-07T14:41:36.465+0000] {logging_mixin.py:190} INFO - Current task name:task_read_data state:running start_date:2025-02-07 14:41:36.317016+00:00
[2025-02-07T14:41:36.465+0000] {logging_mixin.py:190} INFO - Dag name:my_training_dag and current dag run status:running
[2025-02-07T14:41:36.466+0000] {taskinstance.py:731} INFO - ::endgroup::
[2025-02-07T14:41:36.466+0000] {baseoperator.py:421} WARNING - BranchPythonOperator.execute cannot be called outside TaskInstance!
[2025-02-07T14:41:36.491+0000] {python.py:240} INFO - Done. Returned value was: task_train_model
[2025-02-07T14:41:36.492+0000] {branch.py:38} INFO - Branch into task_train_model
[2025-02-07T14:41:36.493+0000] {skipmixin.py:230} INFO - Following branch ('task_train_model',)
[2025-02-07T14:41:36.498+0000] {skipmixin.py:278} INFO - Skipping tasks []
[2025-02-07T14:41:36.527+0000] {taskinstance.py:340} INFO - ::group::Post task execution logs
[2025-02-07T14:41:36.528+0000] {taskinstance.py:352} INFO - Marking task as SUCCESS. dag_id=my_training_dag, task_id=task_read_data, run_id=scheduled__2025-02-07T14:22:56.073886+00:00, execution_date=20250207T142256, start_date=20250207T144136, end_date=20250207T144136
[2025-02-07T14:41:36.556+0000] {logging_mixin.py:190} INFO - Task instance in success state
[2025-02-07T14:41:36.557+0000] {logging_mixin.py:190} INFO -  Previous state of the Task instance: running
[2025-02-07T14:41:36.558+0000] {logging_mixin.py:190} INFO - Dag name:my_training_dag queued_at:2025-02-07 14:41:25.015155+00:00
[2025-02-07T14:41:36.558+0000] {logging_mixin.py:190} INFO - Task hostname:e917f1a9cc6f operator:BranchPythonOperator
[2025-02-07T14:41:36.579+0000] {local_task_job_runner.py:266} INFO - Task exited with return code 0
[2025-02-07T14:41:36.605+0000] {taskinstance.py:3895} INFO - 1 downstream tasks scheduled from follow-on schedule check
[2025-02-07T14:41:36.608+0000] {local_task_job_runner.py:245} INFO - ::endgroup::
