[2025-02-07T12:02:43.934+0000] {processor.py:186} INFO - Started process (PID=251) to work on /opt/conda/lib/python3.12/site-packages/airflow/example_dags/plugins/event_listener.py
[2025-02-07T12:02:43.936+0000] {processor.py:914} INFO - Processing file /opt/conda/lib/python3.12/site-packages/airflow/example_dags/plugins/event_listener.py for tasks to queue
[2025-02-07T12:02:43.942+0000] {logging_mixin.py:190} INFO - [2025-02-07T12:02:43.941+0000] {dagbag.py:588} INFO - Filling up the DagBag from /opt/conda/lib/python3.12/site-packages/airflow/example_dags/plugins/event_listener.py
[2025-02-07T12:02:43.945+0000] {processor.py:927} WARNING - No viable dags retrieved from /opt/conda/lib/python3.12/site-packages/airflow/example_dags/plugins/event_listener.py
[2025-02-07T12:02:43.961+0000] {processor.py:208} INFO - Processing /opt/conda/lib/python3.12/site-packages/airflow/example_dags/plugins/event_listener.py took 0.033 seconds
[2025-02-07T12:16:06.939+0000] {processor.py:186} INFO - Started process (PID=4060) to work on /opt/conda/lib/python3.12/site-packages/airflow/example_dags/plugins/event_listener.py
[2025-02-07T12:16:06.941+0000] {processor.py:914} INFO - Processing file /opt/conda/lib/python3.12/site-packages/airflow/example_dags/plugins/event_listener.py for tasks to queue
[2025-02-07T12:16:06.945+0000] {logging_mixin.py:190} INFO - [2025-02-07T12:16:06.944+0000] {dagbag.py:588} INFO - Filling up the DagBag from /opt/conda/lib/python3.12/site-packages/airflow/example_dags/plugins/event_listener.py
[2025-02-07T12:16:06.954+0000] {processor.py:927} WARNING - No viable dags retrieved from /opt/conda/lib/python3.12/site-packages/airflow/example_dags/plugins/event_listener.py
[2025-02-07T12:16:06.966+0000] {processor.py:208} INFO - Processing /opt/conda/lib/python3.12/site-packages/airflow/example_dags/plugins/event_listener.py took 0.037 seconds
[2025-02-07T12:28:30.875+0000] {processor.py:186} INFO - Started process (PID=544) to work on /opt/conda/lib/python3.12/site-packages/airflow/example_dags/plugins/event_listener.py
[2025-02-07T12:28:30.876+0000] {processor.py:914} INFO - Processing file /opt/conda/lib/python3.12/site-packages/airflow/example_dags/plugins/event_listener.py for tasks to queue
[2025-02-07T12:28:30.877+0000] {logging_mixin.py:190} INFO - [2025-02-07T12:28:30.876+0000] {dagbag.py:588} INFO - Filling up the DagBag from /opt/conda/lib/python3.12/site-packages/airflow/example_dags/plugins/event_listener.py
[2025-02-07T12:28:30.879+0000] {processor.py:927} WARNING - No viable dags retrieved from /opt/conda/lib/python3.12/site-packages/airflow/example_dags/plugins/event_listener.py
[2025-02-07T12:28:30.886+0000] {processor.py:208} INFO - Processing /opt/conda/lib/python3.12/site-packages/airflow/example_dags/plugins/event_listener.py took 0.015 seconds
[2025-02-07T12:32:18.516+0000] {processor.py:186} INFO - Started process (PID=97) to work on /opt/conda/lib/python3.12/site-packages/airflow/example_dags/plugins/event_listener.py
[2025-02-07T12:32:18.522+0000] {processor.py:914} INFO - Processing file /opt/conda/lib/python3.12/site-packages/airflow/example_dags/plugins/event_listener.py for tasks to queue
[2025-02-07T12:32:18.535+0000] {logging_mixin.py:190} INFO - [2025-02-07T12:32:18.531+0000] {dagbag.py:588} INFO - Filling up the DagBag from /opt/conda/lib/python3.12/site-packages/airflow/example_dags/plugins/event_listener.py
[2025-02-07T12:32:18.550+0000] {processor.py:927} WARNING - No viable dags retrieved from /opt/conda/lib/python3.12/site-packages/airflow/example_dags/plugins/event_listener.py
[2025-02-07T12:32:18.589+0000] {processor.py:208} INFO - Processing /opt/conda/lib/python3.12/site-packages/airflow/example_dags/plugins/event_listener.py took 0.094 seconds
[2025-02-07T12:36:07.180+0000] {processor.py:186} INFO - Started process (PID=75) to work on /opt/conda/lib/python3.12/site-packages/airflow/example_dags/plugins/event_listener.py
[2025-02-07T12:36:07.182+0000] {processor.py:914} INFO - Processing file /opt/conda/lib/python3.12/site-packages/airflow/example_dags/plugins/event_listener.py for tasks to queue
[2025-02-07T12:36:07.185+0000] {logging_mixin.py:190} INFO - [2025-02-07T12:36:07.185+0000] {dagbag.py:588} INFO - Filling up the DagBag from /opt/conda/lib/python3.12/site-packages/airflow/example_dags/plugins/event_listener.py
[2025-02-07T12:36:07.188+0000] {processor.py:927} WARNING - No viable dags retrieved from /opt/conda/lib/python3.12/site-packages/airflow/example_dags/plugins/event_listener.py
[2025-02-07T12:36:07.202+0000] {processor.py:208} INFO - Processing /opt/conda/lib/python3.12/site-packages/airflow/example_dags/plugins/event_listener.py took 0.029 seconds
[2025-02-07T12:37:19.563+0000] {processor.py:186} INFO - Started process (PID=143) to work on /opt/conda/lib/python3.12/site-packages/airflow/example_dags/plugins/event_listener.py
[2025-02-07T12:37:19.565+0000] {processor.py:914} INFO - Processing file /opt/conda/lib/python3.12/site-packages/airflow/example_dags/plugins/event_listener.py for tasks to queue
[2025-02-07T12:37:19.573+0000] {logging_mixin.py:190} INFO - [2025-02-07T12:37:19.572+0000] {dagbag.py:588} INFO - Filling up the DagBag from /opt/conda/lib/python3.12/site-packages/airflow/example_dags/plugins/event_listener.py
[2025-02-07T12:37:19.580+0000] {processor.py:927} WARNING - No viable dags retrieved from /opt/conda/lib/python3.12/site-packages/airflow/example_dags/plugins/event_listener.py
[2025-02-07T12:37:19.621+0000] {processor.py:208} INFO - Processing /opt/conda/lib/python3.12/site-packages/airflow/example_dags/plugins/event_listener.py took 0.064 seconds
[2025-02-07T12:37:57.070+0000] {processor.py:186} INFO - Started process (PID=178) to work on /opt/conda/lib/python3.12/site-packages/airflow/example_dags/plugins/event_listener.py
[2025-02-07T12:37:57.071+0000] {processor.py:914} INFO - Processing file /opt/conda/lib/python3.12/site-packages/airflow/example_dags/plugins/event_listener.py for tasks to queue
[2025-02-07T12:37:57.072+0000] {logging_mixin.py:190} INFO - [2025-02-07T12:37:57.072+0000] {dagbag.py:588} INFO - Filling up the DagBag from /opt/conda/lib/python3.12/site-packages/airflow/example_dags/plugins/event_listener.py
[2025-02-07T12:37:57.074+0000] {processor.py:927} WARNING - No viable dags retrieved from /opt/conda/lib/python3.12/site-packages/airflow/example_dags/plugins/event_listener.py
[2025-02-07T12:37:57.082+0000] {processor.py:208} INFO - Processing /opt/conda/lib/python3.12/site-packages/airflow/example_dags/plugins/event_listener.py took 0.017 seconds
[2025-02-07T12:38:56.839+0000] {processor.py:186} INFO - Started process (PID=247) to work on /opt/conda/lib/python3.12/site-packages/airflow/example_dags/plugins/event_listener.py
[2025-02-07T12:38:56.839+0000] {processor.py:914} INFO - Processing file /opt/conda/lib/python3.12/site-packages/airflow/example_dags/plugins/event_listener.py for tasks to queue
[2025-02-07T12:38:56.841+0000] {logging_mixin.py:190} INFO - [2025-02-07T12:38:56.840+0000] {dagbag.py:588} INFO - Filling up the DagBag from /opt/conda/lib/python3.12/site-packages/airflow/example_dags/plugins/event_listener.py
[2025-02-07T12:38:56.842+0000] {processor.py:927} WARNING - No viable dags retrieved from /opt/conda/lib/python3.12/site-packages/airflow/example_dags/plugins/event_listener.py
[2025-02-07T12:38:56.847+0000] {processor.py:208} INFO - Processing /opt/conda/lib/python3.12/site-packages/airflow/example_dags/plugins/event_listener.py took 0.010 seconds
[2025-02-07T12:39:53.337+0000] {processor.py:186} INFO - Started process (PID=314) to work on /opt/conda/lib/python3.12/site-packages/airflow/example_dags/plugins/event_listener.py
[2025-02-07T12:39:53.338+0000] {processor.py:914} INFO - Processing file /opt/conda/lib/python3.12/site-packages/airflow/example_dags/plugins/event_listener.py for tasks to queue
[2025-02-07T12:39:53.341+0000] {logging_mixin.py:190} INFO - [2025-02-07T12:39:53.341+0000] {dagbag.py:588} INFO - Filling up the DagBag from /opt/conda/lib/python3.12/site-packages/airflow/example_dags/plugins/event_listener.py
[2025-02-07T12:39:53.344+0000] {processor.py:927} WARNING - No viable dags retrieved from /opt/conda/lib/python3.12/site-packages/airflow/example_dags/plugins/event_listener.py
[2025-02-07T12:39:53.358+0000] {processor.py:208} INFO - Processing /opt/conda/lib/python3.12/site-packages/airflow/example_dags/plugins/event_listener.py took 0.026 seconds
[2025-02-07T12:40:52.794+0000] {processor.py:186} INFO - Started process (PID=382) to work on /opt/conda/lib/python3.12/site-packages/airflow/example_dags/plugins/event_listener.py
[2025-02-07T12:40:52.794+0000] {processor.py:914} INFO - Processing file /opt/conda/lib/python3.12/site-packages/airflow/example_dags/plugins/event_listener.py for tasks to queue
[2025-02-07T12:40:52.796+0000] {logging_mixin.py:190} INFO - [2025-02-07T12:40:52.796+0000] {dagbag.py:588} INFO - Filling up the DagBag from /opt/conda/lib/python3.12/site-packages/airflow/example_dags/plugins/event_listener.py
[2025-02-07T12:40:52.797+0000] {processor.py:927} WARNING - No viable dags retrieved from /opt/conda/lib/python3.12/site-packages/airflow/example_dags/plugins/event_listener.py
[2025-02-07T12:40:52.805+0000] {processor.py:208} INFO - Processing /opt/conda/lib/python3.12/site-packages/airflow/example_dags/plugins/event_listener.py took 0.014 seconds
[2025-02-07T12:45:43.028+0000] {processor.py:186} INFO - Started process (PID=2319) to work on /opt/conda/lib/python3.12/site-packages/airflow/example_dags/plugins/event_listener.py
[2025-02-07T12:45:43.029+0000] {processor.py:914} INFO - Processing file /opt/conda/lib/python3.12/site-packages/airflow/example_dags/plugins/event_listener.py for tasks to queue
[2025-02-07T12:45:43.032+0000] {logging_mixin.py:190} INFO - [2025-02-07T12:45:43.031+0000] {dagbag.py:588} INFO - Filling up the DagBag from /opt/conda/lib/python3.12/site-packages/airflow/example_dags/plugins/event_listener.py
[2025-02-07T12:45:43.038+0000] {processor.py:927} WARNING - No viable dags retrieved from /opt/conda/lib/python3.12/site-packages/airflow/example_dags/plugins/event_listener.py
[2025-02-07T12:45:43.051+0000] {processor.py:208} INFO - Processing /opt/conda/lib/python3.12/site-packages/airflow/example_dags/plugins/event_listener.py took 0.028 seconds
[2025-02-07T12:54:35.568+0000] {processor.py:186} INFO - Started process (PID=5895) to work on /opt/conda/lib/python3.12/site-packages/airflow/example_dags/plugins/event_listener.py
[2025-02-07T12:54:35.569+0000] {processor.py:914} INFO - Processing file /opt/conda/lib/python3.12/site-packages/airflow/example_dags/plugins/event_listener.py for tasks to queue
[2025-02-07T12:54:35.570+0000] {logging_mixin.py:190} INFO - [2025-02-07T12:54:35.570+0000] {dagbag.py:588} INFO - Filling up the DagBag from /opt/conda/lib/python3.12/site-packages/airflow/example_dags/plugins/event_listener.py
[2025-02-07T12:54:35.572+0000] {processor.py:927} WARNING - No viable dags retrieved from /opt/conda/lib/python3.12/site-packages/airflow/example_dags/plugins/event_listener.py
[2025-02-07T12:54:35.578+0000] {processor.py:208} INFO - Processing /opt/conda/lib/python3.12/site-packages/airflow/example_dags/plugins/event_listener.py took 0.013 seconds
[2025-02-07T13:02:32.846+0000] {processor.py:186} INFO - Started process (PID=275) to work on /opt/conda/lib/python3.12/site-packages/airflow/example_dags/plugins/event_listener.py
[2025-02-07T13:02:32.849+0000] {processor.py:914} INFO - Processing file /opt/conda/lib/python3.12/site-packages/airflow/example_dags/plugins/event_listener.py for tasks to queue
[2025-02-07T13:02:32.856+0000] {logging_mixin.py:190} INFO - [2025-02-07T13:02:32.856+0000] {dagbag.py:588} INFO - Filling up the DagBag from /opt/conda/lib/python3.12/site-packages/airflow/example_dags/plugins/event_listener.py
[2025-02-07T13:02:32.861+0000] {processor.py:927} WARNING - No viable dags retrieved from /opt/conda/lib/python3.12/site-packages/airflow/example_dags/plugins/event_listener.py
[2025-02-07T13:02:32.887+0000] {processor.py:208} INFO - Processing /opt/conda/lib/python3.12/site-packages/airflow/example_dags/plugins/event_listener.py took 0.056 seconds
[2025-02-07T13:06:39.544+0000] {processor.py:186} INFO - Started process (PID=361) to work on /opt/conda/lib/python3.12/site-packages/airflow/example_dags/plugins/event_listener.py
[2025-02-07T13:06:39.545+0000] {processor.py:914} INFO - Processing file /opt/conda/lib/python3.12/site-packages/airflow/example_dags/plugins/event_listener.py for tasks to queue
[2025-02-07T13:06:39.547+0000] {logging_mixin.py:190} INFO - [2025-02-07T13:06:39.547+0000] {dagbag.py:588} INFO - Filling up the DagBag from /opt/conda/lib/python3.12/site-packages/airflow/example_dags/plugins/event_listener.py
[2025-02-07T13:06:39.549+0000] {processor.py:927} WARNING - No viable dags retrieved from /opt/conda/lib/python3.12/site-packages/airflow/example_dags/plugins/event_listener.py
[2025-02-07T13:06:39.573+0000] {processor.py:208} INFO - Processing /opt/conda/lib/python3.12/site-packages/airflow/example_dags/plugins/event_listener.py took 0.032 seconds
[2025-02-07T13:09:05.611+0000] {processor.py:186} INFO - Started process (PID=97) to work on /opt/conda/lib/python3.12/site-packages/airflow/example_dags/plugins/event_listener.py
[2025-02-07T13:09:05.617+0000] {processor.py:914} INFO - Processing file /opt/conda/lib/python3.12/site-packages/airflow/example_dags/plugins/event_listener.py for tasks to queue
[2025-02-07T13:09:05.629+0000] {logging_mixin.py:190} INFO - [2025-02-07T13:09:05.628+0000] {dagbag.py:588} INFO - Filling up the DagBag from /opt/conda/lib/python3.12/site-packages/airflow/example_dags/plugins/event_listener.py
[2025-02-07T13:09:05.636+0000] {processor.py:927} WARNING - No viable dags retrieved from /opt/conda/lib/python3.12/site-packages/airflow/example_dags/plugins/event_listener.py
[2025-02-07T13:09:05.647+0000] {processor.py:208} INFO - Processing /opt/conda/lib/python3.12/site-packages/airflow/example_dags/plugins/event_listener.py took 0.054 seconds
[2025-02-07T13:17:59.857+0000] {processor.py:186} INFO - Started process (PID=625) to work on /opt/conda/lib/python3.12/site-packages/airflow/example_dags/plugins/event_listener.py
[2025-02-07T13:17:59.858+0000] {processor.py:914} INFO - Processing file /opt/conda/lib/python3.12/site-packages/airflow/example_dags/plugins/event_listener.py for tasks to queue
[2025-02-07T13:17:59.861+0000] {logging_mixin.py:190} INFO - [2025-02-07T13:17:59.861+0000] {dagbag.py:588} INFO - Filling up the DagBag from /opt/conda/lib/python3.12/site-packages/airflow/example_dags/plugins/event_listener.py
[2025-02-07T13:17:59.864+0000] {processor.py:927} WARNING - No viable dags retrieved from /opt/conda/lib/python3.12/site-packages/airflow/example_dags/plugins/event_listener.py
[2025-02-07T13:17:59.921+0000] {processor.py:208} INFO - Processing /opt/conda/lib/python3.12/site-packages/airflow/example_dags/plugins/event_listener.py took 0.074 seconds
[2025-02-07T13:19:10.485+0000] {processor.py:186} INFO - Started process (PID=207) to work on /opt/conda/lib/python3.12/site-packages/airflow/example_dags/plugins/event_listener.py
[2025-02-07T13:19:10.490+0000] {processor.py:914} INFO - Processing file /opt/conda/lib/python3.12/site-packages/airflow/example_dags/plugins/event_listener.py for tasks to queue
[2025-02-07T13:19:10.497+0000] {logging_mixin.py:190} INFO - [2025-02-07T13:19:10.496+0000] {dagbag.py:588} INFO - Filling up the DagBag from /opt/conda/lib/python3.12/site-packages/airflow/example_dags/plugins/event_listener.py
[2025-02-07T13:19:10.505+0000] {processor.py:927} WARNING - No viable dags retrieved from /opt/conda/lib/python3.12/site-packages/airflow/example_dags/plugins/event_listener.py
[2025-02-07T13:19:10.551+0000] {processor.py:208} INFO - Processing /opt/conda/lib/python3.12/site-packages/airflow/example_dags/plugins/event_listener.py took 0.078 seconds
[2025-02-07T13:20:53.955+0000] {processor.py:186} INFO - Started process (PID=183) to work on /opt/conda/lib/python3.12/site-packages/airflow/example_dags/plugins/event_listener.py
[2025-02-07T13:20:53.956+0000] {processor.py:914} INFO - Processing file /opt/conda/lib/python3.12/site-packages/airflow/example_dags/plugins/event_listener.py for tasks to queue
[2025-02-07T13:20:53.981+0000] {logging_mixin.py:190} INFO - [2025-02-07T13:20:53.980+0000] {dagbag.py:588} INFO - Filling up the DagBag from /opt/conda/lib/python3.12/site-packages/airflow/example_dags/plugins/event_listener.py
[2025-02-07T13:20:53.985+0000] {processor.py:927} WARNING - No viable dags retrieved from /opt/conda/lib/python3.12/site-packages/airflow/example_dags/plugins/event_listener.py
[2025-02-07T13:20:54.013+0000] {processor.py:208} INFO - Processing /opt/conda/lib/python3.12/site-packages/airflow/example_dags/plugins/event_listener.py took 0.063 seconds
[2025-02-07T13:24:28.453+0000] {processor.py:186} INFO - Started process (PID=471) to work on /opt/conda/lib/python3.12/site-packages/airflow/example_dags/plugins/event_listener.py
[2025-02-07T13:24:28.475+0000] {processor.py:914} INFO - Processing file /opt/conda/lib/python3.12/site-packages/airflow/example_dags/plugins/event_listener.py for tasks to queue
[2025-02-07T13:24:28.478+0000] {logging_mixin.py:190} INFO - [2025-02-07T13:24:28.476+0000] {dagbag.py:588} INFO - Filling up the DagBag from /opt/conda/lib/python3.12/site-packages/airflow/example_dags/plugins/event_listener.py
[2025-02-07T13:24:28.483+0000] {processor.py:927} WARNING - No viable dags retrieved from /opt/conda/lib/python3.12/site-packages/airflow/example_dags/plugins/event_listener.py
[2025-02-07T13:24:28.501+0000] {processor.py:208} INFO - Processing /opt/conda/lib/python3.12/site-packages/airflow/example_dags/plugins/event_listener.py took 0.078 seconds
[2025-02-07T13:26:53.729+0000] {processor.py:186} INFO - Started process (PID=170) to work on /opt/conda/lib/python3.12/site-packages/airflow/example_dags/plugins/event_listener.py
[2025-02-07T13:26:53.731+0000] {processor.py:914} INFO - Processing file /opt/conda/lib/python3.12/site-packages/airflow/example_dags/plugins/event_listener.py for tasks to queue
[2025-02-07T13:26:53.733+0000] {logging_mixin.py:190} INFO - [2025-02-07T13:26:53.732+0000] {dagbag.py:588} INFO - Filling up the DagBag from /opt/conda/lib/python3.12/site-packages/airflow/example_dags/plugins/event_listener.py
[2025-02-07T13:26:53.738+0000] {processor.py:927} WARNING - No viable dags retrieved from /opt/conda/lib/python3.12/site-packages/airflow/example_dags/plugins/event_listener.py
[2025-02-07T13:26:53.766+0000] {processor.py:208} INFO - Processing /opt/conda/lib/python3.12/site-packages/airflow/example_dags/plugins/event_listener.py took 0.040 seconds
[2025-02-07T13:28:25.331+0000] {processor.py:186} INFO - Started process (PID=323) to work on /opt/conda/lib/python3.12/site-packages/airflow/example_dags/plugins/event_listener.py
[2025-02-07T13:28:25.332+0000] {processor.py:914} INFO - Processing file /opt/conda/lib/python3.12/site-packages/airflow/example_dags/plugins/event_listener.py for tasks to queue
[2025-02-07T13:28:25.335+0000] {logging_mixin.py:190} INFO - [2025-02-07T13:28:25.335+0000] {dagbag.py:588} INFO - Filling up the DagBag from /opt/conda/lib/python3.12/site-packages/airflow/example_dags/plugins/event_listener.py
[2025-02-07T13:28:25.337+0000] {processor.py:927} WARNING - No viable dags retrieved from /opt/conda/lib/python3.12/site-packages/airflow/example_dags/plugins/event_listener.py
[2025-02-07T13:28:25.346+0000] {processor.py:208} INFO - Processing /opt/conda/lib/python3.12/site-packages/airflow/example_dags/plugins/event_listener.py took 0.046 seconds
[2025-02-07T13:29:14.130+0000] {processor.py:186} INFO - Started process (PID=370) to work on /opt/conda/lib/python3.12/site-packages/airflow/example_dags/plugins/event_listener.py
[2025-02-07T13:29:14.131+0000] {processor.py:914} INFO - Processing file /opt/conda/lib/python3.12/site-packages/airflow/example_dags/plugins/event_listener.py for tasks to queue
[2025-02-07T13:29:14.133+0000] {logging_mixin.py:190} INFO - [2025-02-07T13:29:14.132+0000] {dagbag.py:588} INFO - Filling up the DagBag from /opt/conda/lib/python3.12/site-packages/airflow/example_dags/plugins/event_listener.py
[2025-02-07T13:29:14.135+0000] {processor.py:927} WARNING - No viable dags retrieved from /opt/conda/lib/python3.12/site-packages/airflow/example_dags/plugins/event_listener.py
[2025-02-07T13:29:14.144+0000] {processor.py:208} INFO - Processing /opt/conda/lib/python3.12/site-packages/airflow/example_dags/plugins/event_listener.py took 0.048 seconds
[2025-02-07T13:29:53.313+0000] {processor.py:186} INFO - Started process (PID=415) to work on /opt/conda/lib/python3.12/site-packages/airflow/example_dags/plugins/event_listener.py
[2025-02-07T13:29:53.314+0000] {processor.py:914} INFO - Processing file /opt/conda/lib/python3.12/site-packages/airflow/example_dags/plugins/event_listener.py for tasks to queue
[2025-02-07T13:29:53.316+0000] {logging_mixin.py:190} INFO - [2025-02-07T13:29:53.316+0000] {dagbag.py:588} INFO - Filling up the DagBag from /opt/conda/lib/python3.12/site-packages/airflow/example_dags/plugins/event_listener.py
[2025-02-07T13:29:53.319+0000] {processor.py:927} WARNING - No viable dags retrieved from /opt/conda/lib/python3.12/site-packages/airflow/example_dags/plugins/event_listener.py
[2025-02-07T13:29:53.327+0000] {processor.py:208} INFO - Processing /opt/conda/lib/python3.12/site-packages/airflow/example_dags/plugins/event_listener.py took 0.039 seconds
[2025-02-07T13:32:45.007+0000] {processor.py:186} INFO - Started process (PID=224) to work on /opt/conda/lib/python3.12/site-packages/airflow/example_dags/plugins/event_listener.py
[2025-02-07T13:32:45.008+0000] {processor.py:914} INFO - Processing file /opt/conda/lib/python3.12/site-packages/airflow/example_dags/plugins/event_listener.py for tasks to queue
[2025-02-07T13:32:45.010+0000] {logging_mixin.py:190} INFO - [2025-02-07T13:32:45.010+0000] {dagbag.py:588} INFO - Filling up the DagBag from /opt/conda/lib/python3.12/site-packages/airflow/example_dags/plugins/event_listener.py
[2025-02-07T13:32:45.013+0000] {processor.py:927} WARNING - No viable dags retrieved from /opt/conda/lib/python3.12/site-packages/airflow/example_dags/plugins/event_listener.py
[2025-02-07T13:32:45.047+0000] {processor.py:208} INFO - Processing /opt/conda/lib/python3.12/site-packages/airflow/example_dags/plugins/event_listener.py took 0.045 seconds
[2025-02-07T13:34:20.620+0000] {processor.py:186} INFO - Started process (PID=70) to work on /opt/conda/lib/python3.12/site-packages/airflow/example_dags/plugins/event_listener.py
[2025-02-07T13:34:20.621+0000] {processor.py:914} INFO - Processing file /opt/conda/lib/python3.12/site-packages/airflow/example_dags/plugins/event_listener.py for tasks to queue
[2025-02-07T13:34:20.623+0000] {logging_mixin.py:190} INFO - [2025-02-07T13:34:20.623+0000] {dagbag.py:588} INFO - Filling up the DagBag from /opt/conda/lib/python3.12/site-packages/airflow/example_dags/plugins/event_listener.py
[2025-02-07T13:34:20.624+0000] {processor.py:927} WARNING - No viable dags retrieved from /opt/conda/lib/python3.12/site-packages/airflow/example_dags/plugins/event_listener.py
[2025-02-07T13:34:20.645+0000] {processor.py:208} INFO - Processing /opt/conda/lib/python3.12/site-packages/airflow/example_dags/plugins/event_listener.py took 0.030 seconds
[2025-02-07T13:35:53.602+0000] {processor.py:186} INFO - Started process (PID=71) to work on /opt/conda/lib/python3.12/site-packages/airflow/example_dags/plugins/event_listener.py
[2025-02-07T13:35:53.603+0000] {processor.py:914} INFO - Processing file /opt/conda/lib/python3.12/site-packages/airflow/example_dags/plugins/event_listener.py for tasks to queue
[2025-02-07T13:35:53.606+0000] {logging_mixin.py:190} INFO - [2025-02-07T13:35:53.606+0000] {dagbag.py:588} INFO - Filling up the DagBag from /opt/conda/lib/python3.12/site-packages/airflow/example_dags/plugins/event_listener.py
[2025-02-07T13:35:53.609+0000] {processor.py:927} WARNING - No viable dags retrieved from /opt/conda/lib/python3.12/site-packages/airflow/example_dags/plugins/event_listener.py
[2025-02-07T13:35:53.625+0000] {processor.py:208} INFO - Processing /opt/conda/lib/python3.12/site-packages/airflow/example_dags/plugins/event_listener.py took 0.028 seconds
[2025-02-07T13:37:22.811+0000] {processor.py:186} INFO - Started process (PID=185) to work on /opt/conda/lib/python3.12/site-packages/airflow/example_dags/plugins/event_listener.py
[2025-02-07T13:37:22.815+0000] {processor.py:914} INFO - Processing file /opt/conda/lib/python3.12/site-packages/airflow/example_dags/plugins/event_listener.py for tasks to queue
[2025-02-07T13:37:22.820+0000] {logging_mixin.py:190} INFO - [2025-02-07T13:37:22.820+0000] {dagbag.py:588} INFO - Filling up the DagBag from /opt/conda/lib/python3.12/site-packages/airflow/example_dags/plugins/event_listener.py
[2025-02-07T13:37:22.825+0000] {processor.py:927} WARNING - No viable dags retrieved from /opt/conda/lib/python3.12/site-packages/airflow/example_dags/plugins/event_listener.py
[2025-02-07T13:37:22.866+0000] {processor.py:208} INFO - Processing /opt/conda/lib/python3.12/site-packages/airflow/example_dags/plugins/event_listener.py took 0.071 seconds
[2025-02-07T13:39:16.924+0000] {processor.py:186} INFO - Started process (PID=473) to work on /opt/conda/lib/python3.12/site-packages/airflow/example_dags/plugins/event_listener.py
[2025-02-07T13:39:16.925+0000] {processor.py:914} INFO - Processing file /opt/conda/lib/python3.12/site-packages/airflow/example_dags/plugins/event_listener.py for tasks to queue
[2025-02-07T13:39:16.928+0000] {logging_mixin.py:190} INFO - [2025-02-07T13:39:16.927+0000] {dagbag.py:588} INFO - Filling up the DagBag from /opt/conda/lib/python3.12/site-packages/airflow/example_dags/plugins/event_listener.py
[2025-02-07T13:39:16.930+0000] {processor.py:927} WARNING - No viable dags retrieved from /opt/conda/lib/python3.12/site-packages/airflow/example_dags/plugins/event_listener.py
[2025-02-07T13:39:16.939+0000] {processor.py:208} INFO - Processing /opt/conda/lib/python3.12/site-packages/airflow/example_dags/plugins/event_listener.py took 0.020 seconds
[2025-02-07T13:40:15.615+0000] {processor.py:186} INFO - Started process (PID=541) to work on /opt/conda/lib/python3.12/site-packages/airflow/example_dags/plugins/event_listener.py
[2025-02-07T13:40:15.616+0000] {processor.py:914} INFO - Processing file /opt/conda/lib/python3.12/site-packages/airflow/example_dags/plugins/event_listener.py for tasks to queue
[2025-02-07T13:40:15.620+0000] {logging_mixin.py:190} INFO - [2025-02-07T13:40:15.619+0000] {dagbag.py:588} INFO - Filling up the DagBag from /opt/conda/lib/python3.12/site-packages/airflow/example_dags/plugins/event_listener.py
[2025-02-07T13:40:15.623+0000] {processor.py:927} WARNING - No viable dags retrieved from /opt/conda/lib/python3.12/site-packages/airflow/example_dags/plugins/event_listener.py
[2025-02-07T13:40:15.631+0000] {processor.py:208} INFO - Processing /opt/conda/lib/python3.12/site-packages/airflow/example_dags/plugins/event_listener.py took 0.020 seconds
[2025-02-07T13:41:12.379+0000] {processor.py:186} INFO - Started process (PID=608) to work on /opt/conda/lib/python3.12/site-packages/airflow/example_dags/plugins/event_listener.py
[2025-02-07T13:41:12.380+0000] {processor.py:914} INFO - Processing file /opt/conda/lib/python3.12/site-packages/airflow/example_dags/plugins/event_listener.py for tasks to queue
[2025-02-07T13:41:12.382+0000] {logging_mixin.py:190} INFO - [2025-02-07T13:41:12.381+0000] {dagbag.py:588} INFO - Filling up the DagBag from /opt/conda/lib/python3.12/site-packages/airflow/example_dags/plugins/event_listener.py
[2025-02-07T13:41:12.384+0000] {processor.py:927} WARNING - No viable dags retrieved from /opt/conda/lib/python3.12/site-packages/airflow/example_dags/plugins/event_listener.py
[2025-02-07T13:41:12.393+0000] {processor.py:208} INFO - Processing /opt/conda/lib/python3.12/site-packages/airflow/example_dags/plugins/event_listener.py took 0.020 seconds
[2025-02-07T13:42:09.621+0000] {processor.py:186} INFO - Started process (PID=666) to work on /opt/conda/lib/python3.12/site-packages/airflow/example_dags/plugins/event_listener.py
[2025-02-07T13:42:09.622+0000] {processor.py:914} INFO - Processing file /opt/conda/lib/python3.12/site-packages/airflow/example_dags/plugins/event_listener.py for tasks to queue
[2025-02-07T13:42:09.623+0000] {logging_mixin.py:190} INFO - [2025-02-07T13:42:09.623+0000] {dagbag.py:588} INFO - Filling up the DagBag from /opt/conda/lib/python3.12/site-packages/airflow/example_dags/plugins/event_listener.py
[2025-02-07T13:42:09.625+0000] {processor.py:927} WARNING - No viable dags retrieved from /opt/conda/lib/python3.12/site-packages/airflow/example_dags/plugins/event_listener.py
[2025-02-07T13:42:09.632+0000] {processor.py:208} INFO - Processing /opt/conda/lib/python3.12/site-packages/airflow/example_dags/plugins/event_listener.py took 0.016 seconds
[2025-02-07T13:42:51.752+0000] {processor.py:186} INFO - Started process (PID=817) to work on /opt/conda/lib/python3.12/site-packages/airflow/example_dags/plugins/event_listener.py
[2025-02-07T13:42:51.753+0000] {processor.py:914} INFO - Processing file /opt/conda/lib/python3.12/site-packages/airflow/example_dags/plugins/event_listener.py for tasks to queue
[2025-02-07T13:42:51.754+0000] {logging_mixin.py:190} INFO - [2025-02-07T13:42:51.754+0000] {dagbag.py:588} INFO - Filling up the DagBag from /opt/conda/lib/python3.12/site-packages/airflow/example_dags/plugins/event_listener.py
[2025-02-07T13:42:51.756+0000] {processor.py:927} WARNING - No viable dags retrieved from /opt/conda/lib/python3.12/site-packages/airflow/example_dags/plugins/event_listener.py
[2025-02-07T13:42:51.765+0000] {processor.py:208} INFO - Processing /opt/conda/lib/python3.12/site-packages/airflow/example_dags/plugins/event_listener.py took 0.019 seconds
[2025-02-07T13:43:26.372+0000] {processor.py:186} INFO - Started process (PID=853) to work on /opt/conda/lib/python3.12/site-packages/airflow/example_dags/plugins/event_listener.py
[2025-02-07T13:43:26.373+0000] {processor.py:914} INFO - Processing file /opt/conda/lib/python3.12/site-packages/airflow/example_dags/plugins/event_listener.py for tasks to queue
[2025-02-07T13:43:26.374+0000] {logging_mixin.py:190} INFO - [2025-02-07T13:43:26.374+0000] {dagbag.py:588} INFO - Filling up the DagBag from /opt/conda/lib/python3.12/site-packages/airflow/example_dags/plugins/event_listener.py
[2025-02-07T13:43:26.376+0000] {processor.py:927} WARNING - No viable dags retrieved from /opt/conda/lib/python3.12/site-packages/airflow/example_dags/plugins/event_listener.py
[2025-02-07T13:43:26.382+0000] {processor.py:208} INFO - Processing /opt/conda/lib/python3.12/site-packages/airflow/example_dags/plugins/event_listener.py took 0.015 seconds
[2025-02-07T13:44:11.158+0000] {processor.py:186} INFO - Started process (PID=1000) to work on /opt/conda/lib/python3.12/site-packages/airflow/example_dags/plugins/event_listener.py
[2025-02-07T13:44:11.163+0000] {processor.py:914} INFO - Processing file /opt/conda/lib/python3.12/site-packages/airflow/example_dags/plugins/event_listener.py for tasks to queue
[2025-02-07T13:44:11.165+0000] {logging_mixin.py:190} INFO - [2025-02-07T13:44:11.164+0000] {dagbag.py:588} INFO - Filling up the DagBag from /opt/conda/lib/python3.12/site-packages/airflow/example_dags/plugins/event_listener.py
[2025-02-07T13:44:11.166+0000] {processor.py:927} WARNING - No viable dags retrieved from /opt/conda/lib/python3.12/site-packages/airflow/example_dags/plugins/event_listener.py
[2025-02-07T13:44:11.174+0000] {processor.py:208} INFO - Processing /opt/conda/lib/python3.12/site-packages/airflow/example_dags/plugins/event_listener.py took 0.028 seconds
[2025-02-07T13:44:54.759+0000] {processor.py:186} INFO - Started process (PID=1045) to work on /opt/conda/lib/python3.12/site-packages/airflow/example_dags/plugins/event_listener.py
[2025-02-07T13:44:54.760+0000] {processor.py:914} INFO - Processing file /opt/conda/lib/python3.12/site-packages/airflow/example_dags/plugins/event_listener.py for tasks to queue
[2025-02-07T13:44:54.762+0000] {logging_mixin.py:190} INFO - [2025-02-07T13:44:54.762+0000] {dagbag.py:588} INFO - Filling up the DagBag from /opt/conda/lib/python3.12/site-packages/airflow/example_dags/plugins/event_listener.py
[2025-02-07T13:44:54.764+0000] {processor.py:927} WARNING - No viable dags retrieved from /opt/conda/lib/python3.12/site-packages/airflow/example_dags/plugins/event_listener.py
[2025-02-07T13:44:54.773+0000] {processor.py:208} INFO - Processing /opt/conda/lib/python3.12/site-packages/airflow/example_dags/plugins/event_listener.py took 0.019 seconds
[2025-02-07T13:45:52.530+0000] {processor.py:186} INFO - Started process (PID=1192) to work on /opt/conda/lib/python3.12/site-packages/airflow/example_dags/plugins/event_listener.py
[2025-02-07T13:45:52.531+0000] {processor.py:914} INFO - Processing file /opt/conda/lib/python3.12/site-packages/airflow/example_dags/plugins/event_listener.py for tasks to queue
[2025-02-07T13:45:52.533+0000] {logging_mixin.py:190} INFO - [2025-02-07T13:45:52.533+0000] {dagbag.py:588} INFO - Filling up the DagBag from /opt/conda/lib/python3.12/site-packages/airflow/example_dags/plugins/event_listener.py
[2025-02-07T13:45:52.535+0000] {processor.py:927} WARNING - No viable dags retrieved from /opt/conda/lib/python3.12/site-packages/airflow/example_dags/plugins/event_listener.py
[2025-02-07T13:45:52.545+0000] {processor.py:208} INFO - Processing /opt/conda/lib/python3.12/site-packages/airflow/example_dags/plugins/event_listener.py took 0.023 seconds
[2025-02-07T13:46:32.796+0000] {processor.py:186} INFO - Started process (PID=1231) to work on /opt/conda/lib/python3.12/site-packages/airflow/example_dags/plugins/event_listener.py
[2025-02-07T13:46:32.796+0000] {processor.py:914} INFO - Processing file /opt/conda/lib/python3.12/site-packages/airflow/example_dags/plugins/event_listener.py for tasks to queue
[2025-02-07T13:46:32.798+0000] {logging_mixin.py:190} INFO - [2025-02-07T13:46:32.798+0000] {dagbag.py:588} INFO - Filling up the DagBag from /opt/conda/lib/python3.12/site-packages/airflow/example_dags/plugins/event_listener.py
[2025-02-07T13:46:32.800+0000] {processor.py:927} WARNING - No viable dags retrieved from /opt/conda/lib/python3.12/site-packages/airflow/example_dags/plugins/event_listener.py
[2025-02-07T13:46:32.808+0000] {processor.py:208} INFO - Processing /opt/conda/lib/python3.12/site-packages/airflow/example_dags/plugins/event_listener.py took 0.019 seconds
[2025-02-07T14:01:58.877+0000] {processor.py:186} INFO - Started process (PID=433) to work on /opt/conda/lib/python3.12/site-packages/airflow/example_dags/plugins/event_listener.py
[2025-02-07T14:01:58.879+0000] {processor.py:914} INFO - Processing file /opt/conda/lib/python3.12/site-packages/airflow/example_dags/plugins/event_listener.py for tasks to queue
[2025-02-07T14:01:58.879+0000] {logging_mixin.py:190} INFO - [2025-02-07T14:01:58.879+0000] {dagbag.py:588} INFO - Filling up the DagBag from /opt/conda/lib/python3.12/site-packages/airflow/example_dags/plugins/event_listener.py
[2025-02-07T14:01:58.882+0000] {processor.py:927} WARNING - No viable dags retrieved from /opt/conda/lib/python3.12/site-packages/airflow/example_dags/plugins/event_listener.py
[2025-02-07T14:01:58.891+0000] {processor.py:208} INFO - Processing /opt/conda/lib/python3.12/site-packages/airflow/example_dags/plugins/event_listener.py took 0.018 seconds
[2025-02-07T14:05:53.406+0000] {processor.py:186} INFO - Started process (PID=1799) to work on /opt/conda/lib/python3.12/site-packages/airflow/example_dags/plugins/event_listener.py
[2025-02-07T14:05:53.409+0000] {processor.py:914} INFO - Processing file /opt/conda/lib/python3.12/site-packages/airflow/example_dags/plugins/event_listener.py for tasks to queue
[2025-02-07T14:05:53.410+0000] {logging_mixin.py:190} INFO - [2025-02-07T14:05:53.410+0000] {dagbag.py:588} INFO - Filling up the DagBag from /opt/conda/lib/python3.12/site-packages/airflow/example_dags/plugins/event_listener.py
[2025-02-07T14:05:53.417+0000] {processor.py:927} WARNING - No viable dags retrieved from /opt/conda/lib/python3.12/site-packages/airflow/example_dags/plugins/event_listener.py
[2025-02-07T14:05:53.440+0000] {processor.py:208} INFO - Processing /opt/conda/lib/python3.12/site-packages/airflow/example_dags/plugins/event_listener.py took 0.055 seconds
[2025-02-07T14:07:16.972+0000] {processor.py:186} INFO - Started process (PID=1987) to work on /opt/conda/lib/python3.12/site-packages/airflow/example_dags/plugins/event_listener.py
[2025-02-07T14:07:16.973+0000] {processor.py:914} INFO - Processing file /opt/conda/lib/python3.12/site-packages/airflow/example_dags/plugins/event_listener.py for tasks to queue
[2025-02-07T14:07:16.975+0000] {logging_mixin.py:190} INFO - [2025-02-07T14:07:16.974+0000] {dagbag.py:588} INFO - Filling up the DagBag from /opt/conda/lib/python3.12/site-packages/airflow/example_dags/plugins/event_listener.py
[2025-02-07T14:07:16.977+0000] {processor.py:927} WARNING - No viable dags retrieved from /opt/conda/lib/python3.12/site-packages/airflow/example_dags/plugins/event_listener.py
[2025-02-07T14:07:16.986+0000] {processor.py:208} INFO - Processing /opt/conda/lib/python3.12/site-packages/airflow/example_dags/plugins/event_listener.py took 0.024 seconds
[2025-02-07T14:09:05.401+0000] {processor.py:186} INFO - Started process (PID=2177) to work on /opt/conda/lib/python3.12/site-packages/airflow/example_dags/plugins/event_listener.py
[2025-02-07T14:09:05.402+0000] {processor.py:914} INFO - Processing file /opt/conda/lib/python3.12/site-packages/airflow/example_dags/plugins/event_listener.py for tasks to queue
[2025-02-07T14:09:05.404+0000] {logging_mixin.py:190} INFO - [2025-02-07T14:09:05.403+0000] {dagbag.py:588} INFO - Filling up the DagBag from /opt/conda/lib/python3.12/site-packages/airflow/example_dags/plugins/event_listener.py
[2025-02-07T14:09:05.407+0000] {processor.py:927} WARNING - No viable dags retrieved from /opt/conda/lib/python3.12/site-packages/airflow/example_dags/plugins/event_listener.py
[2025-02-07T14:09:05.424+0000] {processor.py:208} INFO - Processing /opt/conda/lib/python3.12/site-packages/airflow/example_dags/plugins/event_listener.py took 0.031 seconds
[2025-02-07T14:36:34.316+0000] {processor.py:186} INFO - Started process (PID=427) to work on /opt/conda/lib/python3.12/site-packages/airflow/example_dags/plugins/event_listener.py
[2025-02-07T14:36:34.318+0000] {processor.py:914} INFO - Processing file /opt/conda/lib/python3.12/site-packages/airflow/example_dags/plugins/event_listener.py for tasks to queue
[2025-02-07T14:36:34.329+0000] {logging_mixin.py:190} INFO - [2025-02-07T14:36:34.328+0000] {dagbag.py:588} INFO - Filling up the DagBag from /opt/conda/lib/python3.12/site-packages/airflow/example_dags/plugins/event_listener.py
[2025-02-07T14:36:34.337+0000] {processor.py:927} WARNING - No viable dags retrieved from /opt/conda/lib/python3.12/site-packages/airflow/example_dags/plugins/event_listener.py
[2025-02-07T14:36:34.376+0000] {processor.py:208} INFO - Processing /opt/conda/lib/python3.12/site-packages/airflow/example_dags/plugins/event_listener.py took 0.069 seconds
[2025-02-07T14:41:21.633+0000] {processor.py:186} INFO - Started process (PID=316) to work on /opt/conda/lib/python3.12/site-packages/airflow/example_dags/plugins/event_listener.py
[2025-02-07T14:41:21.635+0000] {processor.py:914} INFO - Processing file /opt/conda/lib/python3.12/site-packages/airflow/example_dags/plugins/event_listener.py for tasks to queue
[2025-02-07T14:41:21.644+0000] {logging_mixin.py:190} INFO - [2025-02-07T14:41:21.642+0000] {dagbag.py:588} INFO - Filling up the DagBag from /opt/conda/lib/python3.12/site-packages/airflow/example_dags/plugins/event_listener.py
[2025-02-07T14:41:21.651+0000] {processor.py:927} WARNING - No viable dags retrieved from /opt/conda/lib/python3.12/site-packages/airflow/example_dags/plugins/event_listener.py
[2025-02-07T14:41:21.704+0000] {processor.py:208} INFO - Processing /opt/conda/lib/python3.12/site-packages/airflow/example_dags/plugins/event_listener.py took 0.076 seconds
