[2025-02-07T12:02:37.069+0000] {processor.py:186} INFO - Started process (PID=227) to work on /opt/conda/lib/python3.12/site-packages/airflow/example_dags/plugins/listener_plugin.py
[2025-02-07T12:02:37.070+0000] {processor.py:914} INFO - Processing file /opt/conda/lib/python3.12/site-packages/airflow/example_dags/plugins/listener_plugin.py for tasks to queue
[2025-02-07T12:02:37.075+0000] {logging_mixin.py:190} INFO - [2025-02-07T12:02:37.074+0000] {dagbag.py:588} INFO - Filling up the DagBag from /opt/conda/lib/python3.12/site-packages/airflow/example_dags/plugins/listener_plugin.py
[2025-02-07T12:02:37.078+0000] {processor.py:927} WARNING - No viable dags retrieved from /opt/conda/lib/python3.12/site-packages/airflow/example_dags/plugins/listener_plugin.py
[2025-02-07T12:02:37.100+0000] {processor.py:208} INFO - Processing /opt/conda/lib/python3.12/site-packages/airflow/example_dags/plugins/listener_plugin.py took 0.038 seconds
[2025-02-07T12:15:44.213+0000] {processor.py:186} INFO - Started process (PID=3948) to work on /opt/conda/lib/python3.12/site-packages/airflow/example_dags/plugins/listener_plugin.py
[2025-02-07T12:15:44.214+0000] {processor.py:914} INFO - Processing file /opt/conda/lib/python3.12/site-packages/airflow/example_dags/plugins/listener_plugin.py for tasks to queue
[2025-02-07T12:15:44.217+0000] {logging_mixin.py:190} INFO - [2025-02-07T12:15:44.217+0000] {dagbag.py:588} INFO - Filling up the DagBag from /opt/conda/lib/python3.12/site-packages/airflow/example_dags/plugins/listener_plugin.py
[2025-02-07T12:15:44.221+0000] {processor.py:927} WARNING - No viable dags retrieved from /opt/conda/lib/python3.12/site-packages/airflow/example_dags/plugins/listener_plugin.py
[2025-02-07T12:15:44.233+0000] {processor.py:208} INFO - Processing /opt/conda/lib/python3.12/site-packages/airflow/example_dags/plugins/listener_plugin.py took 0.027 seconds
[2025-02-07T12:25:26.622+0000] {processor.py:186} INFO - Started process (PID=95) to work on /opt/conda/lib/python3.12/site-packages/airflow/example_dags/plugins/listener_plugin.py
[2025-02-07T12:25:26.624+0000] {processor.py:914} INFO - Processing file /opt/conda/lib/python3.12/site-packages/airflow/example_dags/plugins/listener_plugin.py for tasks to queue
[2025-02-07T12:25:26.632+0000] {logging_mixin.py:190} INFO - [2025-02-07T12:25:26.631+0000] {dagbag.py:588} INFO - Filling up the DagBag from /opt/conda/lib/python3.12/site-packages/airflow/example_dags/plugins/listener_plugin.py
[2025-02-07T12:25:26.638+0000] {processor.py:927} WARNING - No viable dags retrieved from /opt/conda/lib/python3.12/site-packages/airflow/example_dags/plugins/listener_plugin.py
[2025-02-07T12:25:26.663+0000] {processor.py:208} INFO - Processing /opt/conda/lib/python3.12/site-packages/airflow/example_dags/plugins/listener_plugin.py took 0.107 seconds
[2025-02-07T12:28:26.447+0000] {processor.py:186} INFO - Started process (PID=520) to work on /opt/conda/lib/python3.12/site-packages/airflow/example_dags/plugins/listener_plugin.py
[2025-02-07T12:28:26.474+0000] {processor.py:914} INFO - Processing file /opt/conda/lib/python3.12/site-packages/airflow/example_dags/plugins/listener_plugin.py for tasks to queue
[2025-02-07T12:28:26.475+0000] {logging_mixin.py:190} INFO - [2025-02-07T12:28:26.475+0000] {dagbag.py:588} INFO - Filling up the DagBag from /opt/conda/lib/python3.12/site-packages/airflow/example_dags/plugins/listener_plugin.py
[2025-02-07T12:28:26.479+0000] {processor.py:927} WARNING - No viable dags retrieved from /opt/conda/lib/python3.12/site-packages/airflow/example_dags/plugins/listener_plugin.py
[2025-02-07T12:28:26.489+0000] {processor.py:208} INFO - Processing /opt/conda/lib/python3.12/site-packages/airflow/example_dags/plugins/listener_plugin.py took 0.049 seconds
[2025-02-07T12:32:16.052+0000] {processor.py:186} INFO - Started process (PID=95) to work on /opt/conda/lib/python3.12/site-packages/airflow/example_dags/plugins/listener_plugin.py
[2025-02-07T12:32:16.053+0000] {processor.py:914} INFO - Processing file /opt/conda/lib/python3.12/site-packages/airflow/example_dags/plugins/listener_plugin.py for tasks to queue
[2025-02-07T12:32:16.055+0000] {logging_mixin.py:190} INFO - [2025-02-07T12:32:16.055+0000] {dagbag.py:588} INFO - Filling up the DagBag from /opt/conda/lib/python3.12/site-packages/airflow/example_dags/plugins/listener_plugin.py
[2025-02-07T12:32:16.058+0000] {processor.py:927} WARNING - No viable dags retrieved from /opt/conda/lib/python3.12/site-packages/airflow/example_dags/plugins/listener_plugin.py
[2025-02-07T12:32:16.067+0000] {processor.py:208} INFO - Processing /opt/conda/lib/python3.12/site-packages/airflow/example_dags/plugins/listener_plugin.py took 0.020 seconds
[2025-02-07T12:36:04.861+0000] {processor.py:186} INFO - Started process (PID=69) to work on /opt/conda/lib/python3.12/site-packages/airflow/example_dags/plugins/listener_plugin.py
[2025-02-07T12:36:04.862+0000] {processor.py:914} INFO - Processing file /opt/conda/lib/python3.12/site-packages/airflow/example_dags/plugins/listener_plugin.py for tasks to queue
[2025-02-07T12:36:04.865+0000] {logging_mixin.py:190} INFO - [2025-02-07T12:36:04.865+0000] {dagbag.py:588} INFO - Filling up the DagBag from /opt/conda/lib/python3.12/site-packages/airflow/example_dags/plugins/listener_plugin.py
[2025-02-07T12:36:04.876+0000] {processor.py:927} WARNING - No viable dags retrieved from /opt/conda/lib/python3.12/site-packages/airflow/example_dags/plugins/listener_plugin.py
[2025-02-07T12:36:04.900+0000] {processor.py:208} INFO - Processing /opt/conda/lib/python3.12/site-packages/airflow/example_dags/plugins/listener_plugin.py took 0.047 seconds
[2025-02-07T12:37:17.731+0000] {processor.py:186} INFO - Started process (PID=141) to work on /opt/conda/lib/python3.12/site-packages/airflow/example_dags/plugins/listener_plugin.py
[2025-02-07T12:37:17.734+0000] {processor.py:914} INFO - Processing file /opt/conda/lib/python3.12/site-packages/airflow/example_dags/plugins/listener_plugin.py for tasks to queue
[2025-02-07T12:37:17.762+0000] {logging_mixin.py:190} INFO - [2025-02-07T12:37:17.759+0000] {dagbag.py:588} INFO - Filling up the DagBag from /opt/conda/lib/python3.12/site-packages/airflow/example_dags/plugins/listener_plugin.py
[2025-02-07T12:37:17.775+0000] {processor.py:927} WARNING - No viable dags retrieved from /opt/conda/lib/python3.12/site-packages/airflow/example_dags/plugins/listener_plugin.py
[2025-02-07T12:37:17.822+0000] {processor.py:208} INFO - Processing /opt/conda/lib/python3.12/site-packages/airflow/example_dags/plugins/listener_plugin.py took 0.105 seconds
[2025-02-07T12:37:54.831+0000] {processor.py:186} INFO - Started process (PID=176) to work on /opt/conda/lib/python3.12/site-packages/airflow/example_dags/plugins/listener_plugin.py
[2025-02-07T12:37:54.833+0000] {processor.py:914} INFO - Processing file /opt/conda/lib/python3.12/site-packages/airflow/example_dags/plugins/listener_plugin.py for tasks to queue
[2025-02-07T12:37:54.835+0000] {logging_mixin.py:190} INFO - [2025-02-07T12:37:54.835+0000] {dagbag.py:588} INFO - Filling up the DagBag from /opt/conda/lib/python3.12/site-packages/airflow/example_dags/plugins/listener_plugin.py
[2025-02-07T12:37:54.837+0000] {processor.py:927} WARNING - No viable dags retrieved from /opt/conda/lib/python3.12/site-packages/airflow/example_dags/plugins/listener_plugin.py
[2025-02-07T12:37:54.846+0000] {processor.py:208} INFO - Processing /opt/conda/lib/python3.12/site-packages/airflow/example_dags/plugins/listener_plugin.py took 0.023 seconds
[2025-02-07T12:38:56.070+0000] {processor.py:186} INFO - Started process (PID=245) to work on /opt/conda/lib/python3.12/site-packages/airflow/example_dags/plugins/listener_plugin.py
[2025-02-07T12:38:56.070+0000] {processor.py:914} INFO - Processing file /opt/conda/lib/python3.12/site-packages/airflow/example_dags/plugins/listener_plugin.py for tasks to queue
[2025-02-07T12:38:56.072+0000] {logging_mixin.py:190} INFO - [2025-02-07T12:38:56.072+0000] {dagbag.py:588} INFO - Filling up the DagBag from /opt/conda/lib/python3.12/site-packages/airflow/example_dags/plugins/listener_plugin.py
[2025-02-07T12:38:56.074+0000] {processor.py:927} WARNING - No viable dags retrieved from /opt/conda/lib/python3.12/site-packages/airflow/example_dags/plugins/listener_plugin.py
[2025-02-07T12:38:56.084+0000] {processor.py:208} INFO - Processing /opt/conda/lib/python3.12/site-packages/airflow/example_dags/plugins/listener_plugin.py took 0.019 seconds
[2025-02-07T12:39:51.126+0000] {processor.py:186} INFO - Started process (PID=312) to work on /opt/conda/lib/python3.12/site-packages/airflow/example_dags/plugins/listener_plugin.py
[2025-02-07T12:39:51.127+0000] {processor.py:914} INFO - Processing file /opt/conda/lib/python3.12/site-packages/airflow/example_dags/plugins/listener_plugin.py for tasks to queue
[2025-02-07T12:39:51.129+0000] {logging_mixin.py:190} INFO - [2025-02-07T12:39:51.129+0000] {dagbag.py:588} INFO - Filling up the DagBag from /opt/conda/lib/python3.12/site-packages/airflow/example_dags/plugins/listener_plugin.py
[2025-02-07T12:39:51.131+0000] {processor.py:927} WARNING - No viable dags retrieved from /opt/conda/lib/python3.12/site-packages/airflow/example_dags/plugins/listener_plugin.py
[2025-02-07T12:39:51.140+0000] {processor.py:208} INFO - Processing /opt/conda/lib/python3.12/site-packages/airflow/example_dags/plugins/listener_plugin.py took 0.017 seconds
[2025-02-07T12:40:50.484+0000] {processor.py:186} INFO - Started process (PID=380) to work on /opt/conda/lib/python3.12/site-packages/airflow/example_dags/plugins/listener_plugin.py
[2025-02-07T12:40:50.485+0000] {processor.py:914} INFO - Processing file /opt/conda/lib/python3.12/site-packages/airflow/example_dags/plugins/listener_plugin.py for tasks to queue
[2025-02-07T12:40:50.487+0000] {logging_mixin.py:190} INFO - [2025-02-07T12:40:50.487+0000] {dagbag.py:588} INFO - Filling up the DagBag from /opt/conda/lib/python3.12/site-packages/airflow/example_dags/plugins/listener_plugin.py
[2025-02-07T12:40:50.489+0000] {processor.py:927} WARNING - No viable dags retrieved from /opt/conda/lib/python3.12/site-packages/airflow/example_dags/plugins/listener_plugin.py
[2025-02-07T12:40:50.499+0000] {processor.py:208} INFO - Processing /opt/conda/lib/python3.12/site-packages/airflow/example_dags/plugins/listener_plugin.py took 0.019 seconds
[2025-02-07T12:45:26.828+0000] {processor.py:186} INFO - Started process (PID=2185) to work on /opt/conda/lib/python3.12/site-packages/airflow/example_dags/plugins/listener_plugin.py
[2025-02-07T12:45:26.829+0000] {processor.py:914} INFO - Processing file /opt/conda/lib/python3.12/site-packages/airflow/example_dags/plugins/listener_plugin.py for tasks to queue
[2025-02-07T12:45:26.836+0000] {logging_mixin.py:190} INFO - [2025-02-07T12:45:26.834+0000] {dagbag.py:588} INFO - Filling up the DagBag from /opt/conda/lib/python3.12/site-packages/airflow/example_dags/plugins/listener_plugin.py
[2025-02-07T12:45:26.843+0000] {processor.py:927} WARNING - No viable dags retrieved from /opt/conda/lib/python3.12/site-packages/airflow/example_dags/plugins/listener_plugin.py
[2025-02-07T12:45:26.850+0000] {processor.py:208} INFO - Processing /opt/conda/lib/python3.12/site-packages/airflow/example_dags/plugins/listener_plugin.py took 0.027 seconds
[2025-02-07T12:54:15.771+0000] {processor.py:186} INFO - Started process (PID=5695) to work on /opt/conda/lib/python3.12/site-packages/airflow/example_dags/plugins/listener_plugin.py
[2025-02-07T12:54:15.772+0000] {processor.py:914} INFO - Processing file /opt/conda/lib/python3.12/site-packages/airflow/example_dags/plugins/listener_plugin.py for tasks to queue
[2025-02-07T12:54:15.774+0000] {logging_mixin.py:190} INFO - [2025-02-07T12:54:15.774+0000] {dagbag.py:588} INFO - Filling up the DagBag from /opt/conda/lib/python3.12/site-packages/airflow/example_dags/plugins/listener_plugin.py
[2025-02-07T12:54:15.776+0000] {processor.py:927} WARNING - No viable dags retrieved from /opt/conda/lib/python3.12/site-packages/airflow/example_dags/plugins/listener_plugin.py
[2025-02-07T12:54:15.783+0000] {processor.py:208} INFO - Processing /opt/conda/lib/python3.12/site-packages/airflow/example_dags/plugins/listener_plugin.py took 0.015 seconds
[2025-02-07T13:02:03.713+0000] {processor.py:186} INFO - Started process (PID=139) to work on /opt/conda/lib/python3.12/site-packages/airflow/example_dags/plugins/listener_plugin.py
[2025-02-07T13:02:03.715+0000] {processor.py:914} INFO - Processing file /opt/conda/lib/python3.12/site-packages/airflow/example_dags/plugins/listener_plugin.py for tasks to queue
[2025-02-07T13:02:03.722+0000] {logging_mixin.py:190} INFO - [2025-02-07T13:02:03.721+0000] {dagbag.py:588} INFO - Filling up the DagBag from /opt/conda/lib/python3.12/site-packages/airflow/example_dags/plugins/listener_plugin.py
[2025-02-07T13:02:03.734+0000] {processor.py:927} WARNING - No viable dags retrieved from /opt/conda/lib/python3.12/site-packages/airflow/example_dags/plugins/listener_plugin.py
[2025-02-07T13:02:03.748+0000] {processor.py:208} INFO - Processing /opt/conda/lib/python3.12/site-packages/airflow/example_dags/plugins/listener_plugin.py took 0.046 seconds
[2025-02-07T13:06:30.627+0000] {processor.py:186} INFO - Started process (PID=315) to work on /opt/conda/lib/python3.12/site-packages/airflow/example_dags/plugins/listener_plugin.py
[2025-02-07T13:06:30.628+0000] {processor.py:914} INFO - Processing file /opt/conda/lib/python3.12/site-packages/airflow/example_dags/plugins/listener_plugin.py for tasks to queue
[2025-02-07T13:06:30.632+0000] {logging_mixin.py:190} INFO - [2025-02-07T13:06:30.631+0000] {dagbag.py:588} INFO - Filling up the DagBag from /opt/conda/lib/python3.12/site-packages/airflow/example_dags/plugins/listener_plugin.py
[2025-02-07T13:06:30.647+0000] {processor.py:927} WARNING - No viable dags retrieved from /opt/conda/lib/python3.12/site-packages/airflow/example_dags/plugins/listener_plugin.py
[2025-02-07T13:06:30.662+0000] {processor.py:208} INFO - Processing /opt/conda/lib/python3.12/site-packages/airflow/example_dags/plugins/listener_plugin.py took 0.047 seconds
[2025-02-07T13:08:59.411+0000] {processor.py:186} INFO - Started process (PID=71) to work on /opt/conda/lib/python3.12/site-packages/airflow/example_dags/plugins/listener_plugin.py
[2025-02-07T13:08:59.412+0000] {processor.py:914} INFO - Processing file /opt/conda/lib/python3.12/site-packages/airflow/example_dags/plugins/listener_plugin.py for tasks to queue
[2025-02-07T13:08:59.415+0000] {logging_mixin.py:190} INFO - [2025-02-07T13:08:59.415+0000] {dagbag.py:588} INFO - Filling up the DagBag from /opt/conda/lib/python3.12/site-packages/airflow/example_dags/plugins/listener_plugin.py
[2025-02-07T13:08:59.417+0000] {processor.py:927} WARNING - No viable dags retrieved from /opt/conda/lib/python3.12/site-packages/airflow/example_dags/plugins/listener_plugin.py
[2025-02-07T13:08:59.448+0000] {processor.py:208} INFO - Processing /opt/conda/lib/python3.12/site-packages/airflow/example_dags/plugins/listener_plugin.py took 0.062 seconds
[2025-02-07T13:17:30.838+0000] {processor.py:186} INFO - Started process (PID=469) to work on /opt/conda/lib/python3.12/site-packages/airflow/example_dags/plugins/listener_plugin.py
[2025-02-07T13:17:30.840+0000] {processor.py:914} INFO - Processing file /opt/conda/lib/python3.12/site-packages/airflow/example_dags/plugins/listener_plugin.py for tasks to queue
[2025-02-07T13:17:30.868+0000] {logging_mixin.py:190} INFO - [2025-02-07T13:17:30.864+0000] {dagbag.py:588} INFO - Filling up the DagBag from /opt/conda/lib/python3.12/site-packages/airflow/example_dags/plugins/listener_plugin.py
[2025-02-07T13:17:30.886+0000] {processor.py:927} WARNING - No viable dags retrieved from /opt/conda/lib/python3.12/site-packages/airflow/example_dags/plugins/listener_plugin.py
[2025-02-07T13:17:30.903+0000] {processor.py:208} INFO - Processing /opt/conda/lib/python3.12/site-packages/airflow/example_dags/plugins/listener_plugin.py took 0.084 seconds
[2025-02-07T13:19:04.374+0000] {processor.py:186} INFO - Started process (PID=183) to work on /opt/conda/lib/python3.12/site-packages/airflow/example_dags/plugins/listener_plugin.py
[2025-02-07T13:19:04.375+0000] {processor.py:914} INFO - Processing file /opt/conda/lib/python3.12/site-packages/airflow/example_dags/plugins/listener_plugin.py for tasks to queue
[2025-02-07T13:19:04.378+0000] {logging_mixin.py:190} INFO - [2025-02-07T13:19:04.377+0000] {dagbag.py:588} INFO - Filling up the DagBag from /opt/conda/lib/python3.12/site-packages/airflow/example_dags/plugins/listener_plugin.py
[2025-02-07T13:19:04.381+0000] {processor.py:927} WARNING - No viable dags retrieved from /opt/conda/lib/python3.12/site-packages/airflow/example_dags/plugins/listener_plugin.py
[2025-02-07T13:19:04.392+0000] {processor.py:208} INFO - Processing /opt/conda/lib/python3.12/site-packages/airflow/example_dags/plugins/listener_plugin.py took 0.023 seconds
[2025-02-07T13:20:48.248+0000] {processor.py:186} INFO - Started process (PID=159) to work on /opt/conda/lib/python3.12/site-packages/airflow/example_dags/plugins/listener_plugin.py
[2025-02-07T13:20:48.250+0000] {processor.py:914} INFO - Processing file /opt/conda/lib/python3.12/site-packages/airflow/example_dags/plugins/listener_plugin.py for tasks to queue
[2025-02-07T13:20:48.254+0000] {logging_mixin.py:190} INFO - [2025-02-07T13:20:48.254+0000] {dagbag.py:588} INFO - Filling up the DagBag from /opt/conda/lib/python3.12/site-packages/airflow/example_dags/plugins/listener_plugin.py
[2025-02-07T13:20:48.259+0000] {processor.py:927} WARNING - No viable dags retrieved from /opt/conda/lib/python3.12/site-packages/airflow/example_dags/plugins/listener_plugin.py
[2025-02-07T13:20:48.269+0000] {processor.py:208} INFO - Processing /opt/conda/lib/python3.12/site-packages/airflow/example_dags/plugins/listener_plugin.py took 0.027 seconds
[2025-02-07T13:24:25.514+0000] {processor.py:186} INFO - Started process (PID=469) to work on /opt/conda/lib/python3.12/site-packages/airflow/example_dags/plugins/listener_plugin.py
[2025-02-07T13:24:25.516+0000] {processor.py:914} INFO - Processing file /opt/conda/lib/python3.12/site-packages/airflow/example_dags/plugins/listener_plugin.py for tasks to queue
[2025-02-07T13:24:25.517+0000] {logging_mixin.py:190} INFO - [2025-02-07T13:24:25.516+0000] {dagbag.py:588} INFO - Filling up the DagBag from /opt/conda/lib/python3.12/site-packages/airflow/example_dags/plugins/listener_plugin.py
[2025-02-07T13:24:25.520+0000] {processor.py:927} WARNING - No viable dags retrieved from /opt/conda/lib/python3.12/site-packages/airflow/example_dags/plugins/listener_plugin.py
[2025-02-07T13:24:25.545+0000] {processor.py:208} INFO - Processing /opt/conda/lib/python3.12/site-packages/airflow/example_dags/plugins/listener_plugin.py took 0.036 seconds
[2025-02-07T13:26:52.033+0000] {processor.py:186} INFO - Started process (PID=168) to work on /opt/conda/lib/python3.12/site-packages/airflow/example_dags/plugins/listener_plugin.py
[2025-02-07T13:26:52.035+0000] {processor.py:914} INFO - Processing file /opt/conda/lib/python3.12/site-packages/airflow/example_dags/plugins/listener_plugin.py for tasks to queue
[2025-02-07T13:26:52.041+0000] {logging_mixin.py:190} INFO - [2025-02-07T13:26:52.041+0000] {dagbag.py:588} INFO - Filling up the DagBag from /opt/conda/lib/python3.12/site-packages/airflow/example_dags/plugins/listener_plugin.py
[2025-02-07T13:26:52.048+0000] {processor.py:927} WARNING - No viable dags retrieved from /opt/conda/lib/python3.12/site-packages/airflow/example_dags/plugins/listener_plugin.py
[2025-02-07T13:26:52.059+0000] {processor.py:208} INFO - Processing /opt/conda/lib/python3.12/site-packages/airflow/example_dags/plugins/listener_plugin.py took 0.043 seconds
[2025-02-07T13:28:22.963+0000] {processor.py:186} INFO - Started process (PID=321) to work on /opt/conda/lib/python3.12/site-packages/airflow/example_dags/plugins/listener_plugin.py
[2025-02-07T13:28:22.967+0000] {processor.py:914} INFO - Processing file /opt/conda/lib/python3.12/site-packages/airflow/example_dags/plugins/listener_plugin.py for tasks to queue
[2025-02-07T13:28:22.968+0000] {logging_mixin.py:190} INFO - [2025-02-07T13:28:22.968+0000] {dagbag.py:588} INFO - Filling up the DagBag from /opt/conda/lib/python3.12/site-packages/airflow/example_dags/plugins/listener_plugin.py
[2025-02-07T13:28:22.969+0000] {processor.py:927} WARNING - No viable dags retrieved from /opt/conda/lib/python3.12/site-packages/airflow/example_dags/plugins/listener_plugin.py
[2025-02-07T13:28:22.984+0000] {processor.py:208} INFO - Processing /opt/conda/lib/python3.12/site-packages/airflow/example_dags/plugins/listener_plugin.py took 0.058 seconds
[2025-02-07T13:29:12.607+0000] {processor.py:186} INFO - Started process (PID=368) to work on /opt/conda/lib/python3.12/site-packages/airflow/example_dags/plugins/listener_plugin.py
[2025-02-07T13:29:12.609+0000] {processor.py:914} INFO - Processing file /opt/conda/lib/python3.12/site-packages/airflow/example_dags/plugins/listener_plugin.py for tasks to queue
[2025-02-07T13:29:12.611+0000] {logging_mixin.py:190} INFO - [2025-02-07T13:29:12.610+0000] {dagbag.py:588} INFO - Filling up the DagBag from /opt/conda/lib/python3.12/site-packages/airflow/example_dags/plugins/listener_plugin.py
[2025-02-07T13:29:12.612+0000] {processor.py:927} WARNING - No viable dags retrieved from /opt/conda/lib/python3.12/site-packages/airflow/example_dags/plugins/listener_plugin.py
[2025-02-07T13:29:12.621+0000] {processor.py:208} INFO - Processing /opt/conda/lib/python3.12/site-packages/airflow/example_dags/plugins/listener_plugin.py took 0.023 seconds
[2025-02-07T13:29:51.364+0000] {processor.py:186} INFO - Started process (PID=413) to work on /opt/conda/lib/python3.12/site-packages/airflow/example_dags/plugins/listener_plugin.py
[2025-02-07T13:29:51.365+0000] {processor.py:914} INFO - Processing file /opt/conda/lib/python3.12/site-packages/airflow/example_dags/plugins/listener_plugin.py for tasks to queue
[2025-02-07T13:29:51.367+0000] {logging_mixin.py:190} INFO - [2025-02-07T13:29:51.367+0000] {dagbag.py:588} INFO - Filling up the DagBag from /opt/conda/lib/python3.12/site-packages/airflow/example_dags/plugins/listener_plugin.py
[2025-02-07T13:29:51.369+0000] {processor.py:927} WARNING - No viable dags retrieved from /opt/conda/lib/python3.12/site-packages/airflow/example_dags/plugins/listener_plugin.py
[2025-02-07T13:29:51.378+0000] {processor.py:208} INFO - Processing /opt/conda/lib/python3.12/site-packages/airflow/example_dags/plugins/listener_plugin.py took 0.021 seconds
[2025-02-07T13:32:41.802+0000] {processor.py:186} INFO - Started process (PID=201) to work on /opt/conda/lib/python3.12/site-packages/airflow/example_dags/plugins/listener_plugin.py
[2025-02-07T13:32:41.804+0000] {processor.py:914} INFO - Processing file /opt/conda/lib/python3.12/site-packages/airflow/example_dags/plugins/listener_plugin.py for tasks to queue
[2025-02-07T13:32:41.807+0000] {logging_mixin.py:190} INFO - [2025-02-07T13:32:41.806+0000] {dagbag.py:588} INFO - Filling up the DagBag from /opt/conda/lib/python3.12/site-packages/airflow/example_dags/plugins/listener_plugin.py
[2025-02-07T13:32:41.811+0000] {processor.py:927} WARNING - No viable dags retrieved from /opt/conda/lib/python3.12/site-packages/airflow/example_dags/plugins/listener_plugin.py
[2025-02-07T13:32:41.822+0000] {processor.py:208} INFO - Processing /opt/conda/lib/python3.12/site-packages/airflow/example_dags/plugins/listener_plugin.py took 0.026 seconds
[2025-02-07T13:34:19.483+0000] {processor.py:186} INFO - Started process (PID=69) to work on /opt/conda/lib/python3.12/site-packages/airflow/example_dags/plugins/listener_plugin.py
[2025-02-07T13:34:19.484+0000] {processor.py:914} INFO - Processing file /opt/conda/lib/python3.12/site-packages/airflow/example_dags/plugins/listener_plugin.py for tasks to queue
[2025-02-07T13:34:19.487+0000] {logging_mixin.py:190} INFO - [2025-02-07T13:34:19.486+0000] {dagbag.py:588} INFO - Filling up the DagBag from /opt/conda/lib/python3.12/site-packages/airflow/example_dags/plugins/listener_plugin.py
[2025-02-07T13:34:19.490+0000] {processor.py:927} WARNING - No viable dags retrieved from /opt/conda/lib/python3.12/site-packages/airflow/example_dags/plugins/listener_plugin.py
[2025-02-07T13:34:19.501+0000] {processor.py:208} INFO - Processing /opt/conda/lib/python3.12/site-packages/airflow/example_dags/plugins/listener_plugin.py took 0.024 seconds
[2025-02-07T13:35:52.463+0000] {processor.py:186} INFO - Started process (PID=70) to work on /opt/conda/lib/python3.12/site-packages/airflow/example_dags/plugins/listener_plugin.py
[2025-02-07T13:35:52.465+0000] {processor.py:914} INFO - Processing file /opt/conda/lib/python3.12/site-packages/airflow/example_dags/plugins/listener_plugin.py for tasks to queue
[2025-02-07T13:35:52.470+0000] {logging_mixin.py:190} INFO - [2025-02-07T13:35:52.470+0000] {dagbag.py:588} INFO - Filling up the DagBag from /opt/conda/lib/python3.12/site-packages/airflow/example_dags/plugins/listener_plugin.py
[2025-02-07T13:35:52.472+0000] {processor.py:927} WARNING - No viable dags retrieved from /opt/conda/lib/python3.12/site-packages/airflow/example_dags/plugins/listener_plugin.py
[2025-02-07T13:35:52.483+0000] {processor.py:208} INFO - Processing /opt/conda/lib/python3.12/site-packages/airflow/example_dags/plugins/listener_plugin.py took 0.030 seconds
[2025-02-07T13:37:21.559+0000] {processor.py:186} INFO - Started process (PID=184) to work on /opt/conda/lib/python3.12/site-packages/airflow/example_dags/plugins/listener_plugin.py
[2025-02-07T13:37:21.565+0000] {processor.py:914} INFO - Processing file /opt/conda/lib/python3.12/site-packages/airflow/example_dags/plugins/listener_plugin.py for tasks to queue
[2025-02-07T13:37:21.588+0000] {logging_mixin.py:190} INFO - [2025-02-07T13:37:21.585+0000] {dagbag.py:588} INFO - Filling up the DagBag from /opt/conda/lib/python3.12/site-packages/airflow/example_dags/plugins/listener_plugin.py
[2025-02-07T13:37:21.601+0000] {processor.py:927} WARNING - No viable dags retrieved from /opt/conda/lib/python3.12/site-packages/airflow/example_dags/plugins/listener_plugin.py
[2025-02-07T13:37:21.636+0000] {processor.py:208} INFO - Processing /opt/conda/lib/python3.12/site-packages/airflow/example_dags/plugins/listener_plugin.py took 0.101 seconds
[2025-02-07T13:39:16.115+0000] {processor.py:186} INFO - Started process (PID=472) to work on /opt/conda/lib/python3.12/site-packages/airflow/example_dags/plugins/listener_plugin.py
[2025-02-07T13:39:16.117+0000] {processor.py:914} INFO - Processing file /opt/conda/lib/python3.12/site-packages/airflow/example_dags/plugins/listener_plugin.py for tasks to queue
[2025-02-07T13:39:16.119+0000] {logging_mixin.py:190} INFO - [2025-02-07T13:39:16.118+0000] {dagbag.py:588} INFO - Filling up the DagBag from /opt/conda/lib/python3.12/site-packages/airflow/example_dags/plugins/listener_plugin.py
[2025-02-07T13:39:16.121+0000] {processor.py:927} WARNING - No viable dags retrieved from /opt/conda/lib/python3.12/site-packages/airflow/example_dags/plugins/listener_plugin.py
[2025-02-07T13:39:16.130+0000] {processor.py:208} INFO - Processing /opt/conda/lib/python3.12/site-packages/airflow/example_dags/plugins/listener_plugin.py took 0.020 seconds
[2025-02-07T13:40:14.446+0000] {processor.py:186} INFO - Started process (PID=540) to work on /opt/conda/lib/python3.12/site-packages/airflow/example_dags/plugins/listener_plugin.py
[2025-02-07T13:40:14.447+0000] {processor.py:914} INFO - Processing file /opt/conda/lib/python3.12/site-packages/airflow/example_dags/plugins/listener_plugin.py for tasks to queue
[2025-02-07T13:40:14.449+0000] {logging_mixin.py:190} INFO - [2025-02-07T13:40:14.449+0000] {dagbag.py:588} INFO - Filling up the DagBag from /opt/conda/lib/python3.12/site-packages/airflow/example_dags/plugins/listener_plugin.py
[2025-02-07T13:40:14.451+0000] {processor.py:927} WARNING - No viable dags retrieved from /opt/conda/lib/python3.12/site-packages/airflow/example_dags/plugins/listener_plugin.py
[2025-02-07T13:40:14.460+0000] {processor.py:208} INFO - Processing /opt/conda/lib/python3.12/site-packages/airflow/example_dags/plugins/listener_plugin.py took 0.020 seconds
[2025-02-07T13:41:11.202+0000] {processor.py:186} INFO - Started process (PID=607) to work on /opt/conda/lib/python3.12/site-packages/airflow/example_dags/plugins/listener_plugin.py
[2025-02-07T13:41:11.203+0000] {processor.py:914} INFO - Processing file /opt/conda/lib/python3.12/site-packages/airflow/example_dags/plugins/listener_plugin.py for tasks to queue
[2025-02-07T13:41:11.206+0000] {logging_mixin.py:190} INFO - [2025-02-07T13:41:11.206+0000] {dagbag.py:588} INFO - Filling up the DagBag from /opt/conda/lib/python3.12/site-packages/airflow/example_dags/plugins/listener_plugin.py
[2025-02-07T13:41:11.210+0000] {processor.py:927} WARNING - No viable dags retrieved from /opt/conda/lib/python3.12/site-packages/airflow/example_dags/plugins/listener_plugin.py
[2025-02-07T13:41:11.222+0000] {processor.py:208} INFO - Processing /opt/conda/lib/python3.12/site-packages/airflow/example_dags/plugins/listener_plugin.py took 0.024 seconds
[2025-02-07T13:42:08.991+0000] {processor.py:186} INFO - Started process (PID=665) to work on /opt/conda/lib/python3.12/site-packages/airflow/example_dags/plugins/listener_plugin.py
[2025-02-07T13:42:08.992+0000] {processor.py:914} INFO - Processing file /opt/conda/lib/python3.12/site-packages/airflow/example_dags/plugins/listener_plugin.py for tasks to queue
[2025-02-07T13:42:08.994+0000] {logging_mixin.py:190} INFO - [2025-02-07T13:42:08.994+0000] {dagbag.py:588} INFO - Filling up the DagBag from /opt/conda/lib/python3.12/site-packages/airflow/example_dags/plugins/listener_plugin.py
[2025-02-07T13:42:08.996+0000] {processor.py:927} WARNING - No viable dags retrieved from /opt/conda/lib/python3.12/site-packages/airflow/example_dags/plugins/listener_plugin.py
[2025-02-07T13:42:09.003+0000] {processor.py:208} INFO - Processing /opt/conda/lib/python3.12/site-packages/airflow/example_dags/plugins/listener_plugin.py took 0.015 seconds
[2025-02-07T13:42:51.208+0000] {processor.py:186} INFO - Started process (PID=816) to work on /opt/conda/lib/python3.12/site-packages/airflow/example_dags/plugins/listener_plugin.py
[2025-02-07T13:42:51.209+0000] {processor.py:914} INFO - Processing file /opt/conda/lib/python3.12/site-packages/airflow/example_dags/plugins/listener_plugin.py for tasks to queue
[2025-02-07T13:42:51.211+0000] {logging_mixin.py:190} INFO - [2025-02-07T13:42:51.211+0000] {dagbag.py:588} INFO - Filling up the DagBag from /opt/conda/lib/python3.12/site-packages/airflow/example_dags/plugins/listener_plugin.py
[2025-02-07T13:42:51.214+0000] {processor.py:927} WARNING - No viable dags retrieved from /opt/conda/lib/python3.12/site-packages/airflow/example_dags/plugins/listener_plugin.py
[2025-02-07T13:42:51.223+0000] {processor.py:208} INFO - Processing /opt/conda/lib/python3.12/site-packages/airflow/example_dags/plugins/listener_plugin.py took 0.020 seconds
[2025-02-07T13:43:26.184+0000] {processor.py:186} INFO - Started process (PID=852) to work on /opt/conda/lib/python3.12/site-packages/airflow/example_dags/plugins/listener_plugin.py
[2025-02-07T13:43:26.185+0000] {processor.py:914} INFO - Processing file /opt/conda/lib/python3.12/site-packages/airflow/example_dags/plugins/listener_plugin.py for tasks to queue
[2025-02-07T13:43:26.187+0000] {logging_mixin.py:190} INFO - [2025-02-07T13:43:26.187+0000] {dagbag.py:588} INFO - Filling up the DagBag from /opt/conda/lib/python3.12/site-packages/airflow/example_dags/plugins/listener_plugin.py
[2025-02-07T13:43:26.189+0000] {processor.py:927} WARNING - No viable dags retrieved from /opt/conda/lib/python3.12/site-packages/airflow/example_dags/plugins/listener_plugin.py
[2025-02-07T13:43:26.198+0000] {processor.py:208} INFO - Processing /opt/conda/lib/python3.12/site-packages/airflow/example_dags/plugins/listener_plugin.py took 0.020 seconds
[2025-02-07T13:44:09.986+0000] {processor.py:186} INFO - Started process (PID=999) to work on /opt/conda/lib/python3.12/site-packages/airflow/example_dags/plugins/listener_plugin.py
[2025-02-07T13:44:09.988+0000] {processor.py:914} INFO - Processing file /opt/conda/lib/python3.12/site-packages/airflow/example_dags/plugins/listener_plugin.py for tasks to queue
[2025-02-07T13:44:09.991+0000] {logging_mixin.py:190} INFO - [2025-02-07T13:44:09.991+0000] {dagbag.py:588} INFO - Filling up the DagBag from /opt/conda/lib/python3.12/site-packages/airflow/example_dags/plugins/listener_plugin.py
[2025-02-07T13:44:09.995+0000] {processor.py:927} WARNING - No viable dags retrieved from /opt/conda/lib/python3.12/site-packages/airflow/example_dags/plugins/listener_plugin.py
[2025-02-07T13:44:10.006+0000] {processor.py:208} INFO - Processing /opt/conda/lib/python3.12/site-packages/airflow/example_dags/plugins/listener_plugin.py took 0.029 seconds
[2025-02-07T13:44:53.611+0000] {processor.py:186} INFO - Started process (PID=1044) to work on /opt/conda/lib/python3.12/site-packages/airflow/example_dags/plugins/listener_plugin.py
[2025-02-07T13:44:53.612+0000] {processor.py:914} INFO - Processing file /opt/conda/lib/python3.12/site-packages/airflow/example_dags/plugins/listener_plugin.py for tasks to queue
[2025-02-07T13:44:53.614+0000] {logging_mixin.py:190} INFO - [2025-02-07T13:44:53.614+0000] {dagbag.py:588} INFO - Filling up the DagBag from /opt/conda/lib/python3.12/site-packages/airflow/example_dags/plugins/listener_plugin.py
[2025-02-07T13:44:53.617+0000] {processor.py:927} WARNING - No viable dags retrieved from /opt/conda/lib/python3.12/site-packages/airflow/example_dags/plugins/listener_plugin.py
[2025-02-07T13:44:53.626+0000] {processor.py:208} INFO - Processing /opt/conda/lib/python3.12/site-packages/airflow/example_dags/plugins/listener_plugin.py took 0.021 seconds
[2025-02-07T13:45:51.844+0000] {processor.py:186} INFO - Started process (PID=1191) to work on /opt/conda/lib/python3.12/site-packages/airflow/example_dags/plugins/listener_plugin.py
[2025-02-07T13:45:51.845+0000] {processor.py:914} INFO - Processing file /opt/conda/lib/python3.12/site-packages/airflow/example_dags/plugins/listener_plugin.py for tasks to queue
[2025-02-07T13:45:51.850+0000] {logging_mixin.py:190} INFO - [2025-02-07T13:45:51.850+0000] {dagbag.py:588} INFO - Filling up the DagBag from /opt/conda/lib/python3.12/site-packages/airflow/example_dags/plugins/listener_plugin.py
[2025-02-07T13:45:51.854+0000] {processor.py:927} WARNING - No viable dags retrieved from /opt/conda/lib/python3.12/site-packages/airflow/example_dags/plugins/listener_plugin.py
[2025-02-07T13:45:51.872+0000] {processor.py:208} INFO - Processing /opt/conda/lib/python3.12/site-packages/airflow/example_dags/plugins/listener_plugin.py took 0.061 seconds
[2025-02-07T13:46:31.633+0000] {processor.py:186} INFO - Started process (PID=1230) to work on /opt/conda/lib/python3.12/site-packages/airflow/example_dags/plugins/listener_plugin.py
[2025-02-07T13:46:31.635+0000] {processor.py:914} INFO - Processing file /opt/conda/lib/python3.12/site-packages/airflow/example_dags/plugins/listener_plugin.py for tasks to queue
[2025-02-07T13:46:31.636+0000] {logging_mixin.py:190} INFO - [2025-02-07T13:46:31.636+0000] {dagbag.py:588} INFO - Filling up the DagBag from /opt/conda/lib/python3.12/site-packages/airflow/example_dags/plugins/listener_plugin.py
[2025-02-07T13:46:31.638+0000] {processor.py:927} WARNING - No viable dags retrieved from /opt/conda/lib/python3.12/site-packages/airflow/example_dags/plugins/listener_plugin.py
[2025-02-07T13:46:31.645+0000] {processor.py:208} INFO - Processing /opt/conda/lib/python3.12/site-packages/airflow/example_dags/plugins/listener_plugin.py took 0.020 seconds
[2025-02-07T14:01:57.695+0000] {processor.py:186} INFO - Started process (PID=432) to work on /opt/conda/lib/python3.12/site-packages/airflow/example_dags/plugins/listener_plugin.py
[2025-02-07T14:01:57.698+0000] {processor.py:914} INFO - Processing file /opt/conda/lib/python3.12/site-packages/airflow/example_dags/plugins/listener_plugin.py for tasks to queue
[2025-02-07T14:01:57.700+0000] {logging_mixin.py:190} INFO - [2025-02-07T14:01:57.699+0000] {dagbag.py:588} INFO - Filling up the DagBag from /opt/conda/lib/python3.12/site-packages/airflow/example_dags/plugins/listener_plugin.py
[2025-02-07T14:01:57.721+0000] {processor.py:927} WARNING - No viable dags retrieved from /opt/conda/lib/python3.12/site-packages/airflow/example_dags/plugins/listener_plugin.py
[2025-02-07T14:01:57.734+0000] {processor.py:208} INFO - Processing /opt/conda/lib/python3.12/site-packages/airflow/example_dags/plugins/listener_plugin.py took 0.045 seconds
[2025-02-07T14:05:52.617+0000] {processor.py:186} INFO - Started process (PID=1798) to work on /opt/conda/lib/python3.12/site-packages/airflow/example_dags/plugins/listener_plugin.py
[2025-02-07T14:05:52.618+0000] {processor.py:914} INFO - Processing file /opt/conda/lib/python3.12/site-packages/airflow/example_dags/plugins/listener_plugin.py for tasks to queue
[2025-02-07T14:05:52.619+0000] {logging_mixin.py:190} INFO - [2025-02-07T14:05:52.619+0000] {dagbag.py:588} INFO - Filling up the DagBag from /opt/conda/lib/python3.12/site-packages/airflow/example_dags/plugins/listener_plugin.py
[2025-02-07T14:05:52.622+0000] {processor.py:927} WARNING - No viable dags retrieved from /opt/conda/lib/python3.12/site-packages/airflow/example_dags/plugins/listener_plugin.py
[2025-02-07T14:05:52.632+0000] {processor.py:208} INFO - Processing /opt/conda/lib/python3.12/site-packages/airflow/example_dags/plugins/listener_plugin.py took 0.024 seconds
[2025-02-07T14:07:15.812+0000] {processor.py:186} INFO - Started process (PID=1986) to work on /opt/conda/lib/python3.12/site-packages/airflow/example_dags/plugins/listener_plugin.py
[2025-02-07T14:07:15.813+0000] {processor.py:914} INFO - Processing file /opt/conda/lib/python3.12/site-packages/airflow/example_dags/plugins/listener_plugin.py for tasks to queue
[2025-02-07T14:07:15.813+0000] {logging_mixin.py:190} INFO - [2025-02-07T14:07:15.813+0000] {dagbag.py:588} INFO - Filling up the DagBag from /opt/conda/lib/python3.12/site-packages/airflow/example_dags/plugins/listener_plugin.py
[2025-02-07T14:07:15.815+0000] {processor.py:927} WARNING - No viable dags retrieved from /opt/conda/lib/python3.12/site-packages/airflow/example_dags/plugins/listener_plugin.py
[2025-02-07T14:07:15.828+0000] {processor.py:208} INFO - Processing /opt/conda/lib/python3.12/site-packages/airflow/example_dags/plugins/listener_plugin.py took 0.024 seconds
[2025-02-07T14:08:57.754+0000] {processor.py:186} INFO - Started process (PID=2154) to work on /opt/conda/lib/python3.12/site-packages/airflow/example_dags/plugins/listener_plugin.py
[2025-02-07T14:08:57.756+0000] {processor.py:914} INFO - Processing file /opt/conda/lib/python3.12/site-packages/airflow/example_dags/plugins/listener_plugin.py for tasks to queue
[2025-02-07T14:08:57.760+0000] {logging_mixin.py:190} INFO - [2025-02-07T14:08:57.760+0000] {dagbag.py:588} INFO - Filling up the DagBag from /opt/conda/lib/python3.12/site-packages/airflow/example_dags/plugins/listener_plugin.py
[2025-02-07T14:08:57.763+0000] {processor.py:927} WARNING - No viable dags retrieved from /opt/conda/lib/python3.12/site-packages/airflow/example_dags/plugins/listener_plugin.py
[2025-02-07T14:08:57.785+0000] {processor.py:208} INFO - Processing /opt/conda/lib/python3.12/site-packages/airflow/example_dags/plugins/listener_plugin.py took 0.042 seconds
[2025-02-07T14:36:17.422+0000] {processor.py:186} INFO - Started process (PID=352) to work on /opt/conda/lib/python3.12/site-packages/airflow/example_dags/plugins/listener_plugin.py
[2025-02-07T14:36:17.424+0000] {processor.py:914} INFO - Processing file /opt/conda/lib/python3.12/site-packages/airflow/example_dags/plugins/listener_plugin.py for tasks to queue
[2025-02-07T14:36:17.433+0000] {logging_mixin.py:190} INFO - [2025-02-07T14:36:17.432+0000] {dagbag.py:588} INFO - Filling up the DagBag from /opt/conda/lib/python3.12/site-packages/airflow/example_dags/plugins/listener_plugin.py
[2025-02-07T14:36:17.441+0000] {processor.py:927} WARNING - No viable dags retrieved from /opt/conda/lib/python3.12/site-packages/airflow/example_dags/plugins/listener_plugin.py
[2025-02-07T14:36:17.466+0000] {processor.py:208} INFO - Processing /opt/conda/lib/python3.12/site-packages/airflow/example_dags/plugins/listener_plugin.py took 0.063 seconds
[2025-02-07T14:41:20.176+0000] {processor.py:186} INFO - Started process (PID=315) to work on /opt/conda/lib/python3.12/site-packages/airflow/example_dags/plugins/listener_plugin.py
[2025-02-07T14:41:20.180+0000] {processor.py:914} INFO - Processing file /opt/conda/lib/python3.12/site-packages/airflow/example_dags/plugins/listener_plugin.py for tasks to queue
[2025-02-07T14:41:20.187+0000] {logging_mixin.py:190} INFO - [2025-02-07T14:41:20.186+0000] {dagbag.py:588} INFO - Filling up the DagBag from /opt/conda/lib/python3.12/site-packages/airflow/example_dags/plugins/listener_plugin.py
[2025-02-07T14:41:20.195+0000] {processor.py:927} WARNING - No viable dags retrieved from /opt/conda/lib/python3.12/site-packages/airflow/example_dags/plugins/listener_plugin.py
[2025-02-07T14:41:20.220+0000] {processor.py:208} INFO - Processing /opt/conda/lib/python3.12/site-packages/airflow/example_dags/plugins/listener_plugin.py took 0.078 seconds
