[2025-02-07T12:02:12.202+0000] {processor.py:186} INFO - Started process (PID=160) to work on /opt/conda/lib/python3.12/site-packages/airflow/example_dags/plugins/workday.py
[2025-02-07T12:02:12.217+0000] {processor.py:914} INFO - Processing file /opt/conda/lib/python3.12/site-packages/airflow/example_dags/plugins/workday.py for tasks to queue
[2025-02-07T12:02:12.241+0000] {logging_mixin.py:190} INFO - [2025-02-07T12:02:12.239+0000] {dagbag.py:588} INFO - Filling up the DagBag from /opt/conda/lib/python3.12/site-packages/airflow/example_dags/plugins/workday.py
[2025-02-07T12:02:12.254+0000] {processor.py:927} WARNING - No viable dags retrieved from /opt/conda/lib/python3.12/site-packages/airflow/example_dags/plugins/workday.py
[2025-02-07T12:02:12.323+0000] {processor.py:208} INFO - Processing /opt/conda/lib/python3.12/site-packages/airflow/example_dags/plugins/workday.py took 0.165 seconds
[2025-02-07T12:15:40.080+0000] {processor.py:186} INFO - Started process (PID=3925) to work on /opt/conda/lib/python3.12/site-packages/airflow/example_dags/plugins/workday.py
[2025-02-07T12:15:40.085+0000] {processor.py:914} INFO - Processing file /opt/conda/lib/python3.12/site-packages/airflow/example_dags/plugins/workday.py for tasks to queue
[2025-02-07T12:15:40.092+0000] {logging_mixin.py:190} INFO - [2025-02-07T12:15:40.092+0000] {dagbag.py:588} INFO - Filling up the DagBag from /opt/conda/lib/python3.12/site-packages/airflow/example_dags/plugins/workday.py
[2025-02-07T12:15:40.099+0000] {processor.py:927} WARNING - No viable dags retrieved from /opt/conda/lib/python3.12/site-packages/airflow/example_dags/plugins/workday.py
[2025-02-07T12:15:40.112+0000] {processor.py:208} INFO - Processing /opt/conda/lib/python3.12/site-packages/airflow/example_dags/plugins/workday.py took 0.055 seconds
[2025-02-07T12:24:36.272+0000] {processor.py:186} INFO - Started process (PID=167) to work on /opt/conda/lib/python3.12/site-packages/airflow/example_dags/plugins/workday.py
[2025-02-07T12:24:36.273+0000] {processor.py:914} INFO - Processing file /opt/conda/lib/python3.12/site-packages/airflow/example_dags/plugins/workday.py for tasks to queue
[2025-02-07T12:24:36.280+0000] {logging_mixin.py:190} INFO - [2025-02-07T12:24:36.279+0000] {dagbag.py:588} INFO - Filling up the DagBag from /opt/conda/lib/python3.12/site-packages/airflow/example_dags/plugins/workday.py
[2025-02-07T12:24:36.296+0000] {processor.py:927} WARNING - No viable dags retrieved from /opt/conda/lib/python3.12/site-packages/airflow/example_dags/plugins/workday.py
[2025-02-07T12:24:36.325+0000] {processor.py:208} INFO - Processing /opt/conda/lib/python3.12/site-packages/airflow/example_dags/plugins/workday.py took 0.060 seconds
[2025-02-07T12:25:17.899+0000] {processor.py:186} INFO - Started process (PID=59) to work on /opt/conda/lib/python3.12/site-packages/airflow/example_dags/plugins/workday.py
[2025-02-07T12:25:17.904+0000] {processor.py:914} INFO - Processing file /opt/conda/lib/python3.12/site-packages/airflow/example_dags/plugins/workday.py for tasks to queue
[2025-02-07T12:25:17.909+0000] {logging_mixin.py:190} INFO - [2025-02-07T12:25:17.909+0000] {dagbag.py:588} INFO - Filling up the DagBag from /opt/conda/lib/python3.12/site-packages/airflow/example_dags/plugins/workday.py
[2025-02-07T12:25:17.917+0000] {processor.py:927} WARNING - No viable dags retrieved from /opt/conda/lib/python3.12/site-packages/airflow/example_dags/plugins/workday.py
[2025-02-07T12:25:17.970+0000] {processor.py:208} INFO - Processing /opt/conda/lib/python3.12/site-packages/airflow/example_dags/plugins/workday.py took 0.096 seconds
[2025-02-07T12:28:12.454+0000] {processor.py:186} INFO - Started process (PID=453) to work on /opt/conda/lib/python3.12/site-packages/airflow/example_dags/plugins/workday.py
[2025-02-07T12:28:12.455+0000] {processor.py:914} INFO - Processing file /opt/conda/lib/python3.12/site-packages/airflow/example_dags/plugins/workday.py for tasks to queue
[2025-02-07T12:28:12.457+0000] {logging_mixin.py:190} INFO - [2025-02-07T12:28:12.456+0000] {dagbag.py:588} INFO - Filling up the DagBag from /opt/conda/lib/python3.12/site-packages/airflow/example_dags/plugins/workday.py
[2025-02-07T12:28:12.461+0000] {processor.py:927} WARNING - No viable dags retrieved from /opt/conda/lib/python3.12/site-packages/airflow/example_dags/plugins/workday.py
[2025-02-07T12:28:12.475+0000] {processor.py:208} INFO - Processing /opt/conda/lib/python3.12/site-packages/airflow/example_dags/plugins/workday.py took 0.030 seconds
[2025-02-07T12:32:14.670+0000] {processor.py:186} INFO - Started process (PID=94) to work on /opt/conda/lib/python3.12/site-packages/airflow/example_dags/plugins/workday.py
[2025-02-07T12:32:14.671+0000] {processor.py:914} INFO - Processing file /opt/conda/lib/python3.12/site-packages/airflow/example_dags/plugins/workday.py for tasks to queue
[2025-02-07T12:32:14.674+0000] {logging_mixin.py:190} INFO - [2025-02-07T12:32:14.674+0000] {dagbag.py:588} INFO - Filling up the DagBag from /opt/conda/lib/python3.12/site-packages/airflow/example_dags/plugins/workday.py
[2025-02-07T12:32:14.681+0000] {processor.py:927} WARNING - No viable dags retrieved from /opt/conda/lib/python3.12/site-packages/airflow/example_dags/plugins/workday.py
[2025-02-07T12:32:14.692+0000] {processor.py:208} INFO - Processing /opt/conda/lib/python3.12/site-packages/airflow/example_dags/plugins/workday.py took 0.029 seconds
[2025-02-07T12:36:03.562+0000] {processor.py:186} INFO - Started process (PID=59) to work on /opt/conda/lib/python3.12/site-packages/airflow/example_dags/plugins/workday.py
[2025-02-07T12:36:03.567+0000] {processor.py:914} INFO - Processing file /opt/conda/lib/python3.12/site-packages/airflow/example_dags/plugins/workday.py for tasks to queue
[2025-02-07T12:36:03.591+0000] {logging_mixin.py:190} INFO - [2025-02-07T12:36:03.589+0000] {dagbag.py:588} INFO - Filling up the DagBag from /opt/conda/lib/python3.12/site-packages/airflow/example_dags/plugins/workday.py
[2025-02-07T12:36:03.615+0000] {processor.py:927} WARNING - No viable dags retrieved from /opt/conda/lib/python3.12/site-packages/airflow/example_dags/plugins/workday.py
[2025-02-07T12:36:03.658+0000] {processor.py:208} INFO - Processing /opt/conda/lib/python3.12/site-packages/airflow/example_dags/plugins/workday.py took 0.112 seconds
[2025-02-07T12:37:16.361+0000] {processor.py:186} INFO - Started process (PID=140) to work on /opt/conda/lib/python3.12/site-packages/airflow/example_dags/plugins/workday.py
[2025-02-07T12:37:16.364+0000] {processor.py:914} INFO - Processing file /opt/conda/lib/python3.12/site-packages/airflow/example_dags/plugins/workday.py for tasks to queue
[2025-02-07T12:37:16.382+0000] {logging_mixin.py:190} INFO - [2025-02-07T12:37:16.381+0000] {dagbag.py:588} INFO - Filling up the DagBag from /opt/conda/lib/python3.12/site-packages/airflow/example_dags/plugins/workday.py
[2025-02-07T12:37:16.389+0000] {processor.py:927} WARNING - No viable dags retrieved from /opt/conda/lib/python3.12/site-packages/airflow/example_dags/plugins/workday.py
[2025-02-07T12:37:16.434+0000] {processor.py:208} INFO - Processing /opt/conda/lib/python3.12/site-packages/airflow/example_dags/plugins/workday.py took 0.081 seconds
[2025-02-07T12:37:54.337+0000] {processor.py:186} INFO - Started process (PID=175) to work on /opt/conda/lib/python3.12/site-packages/airflow/example_dags/plugins/workday.py
[2025-02-07T12:37:54.339+0000] {processor.py:914} INFO - Processing file /opt/conda/lib/python3.12/site-packages/airflow/example_dags/plugins/workday.py for tasks to queue
[2025-02-07T12:37:54.341+0000] {logging_mixin.py:190} INFO - [2025-02-07T12:37:54.340+0000] {dagbag.py:588} INFO - Filling up the DagBag from /opt/conda/lib/python3.12/site-packages/airflow/example_dags/plugins/workday.py
[2025-02-07T12:37:54.343+0000] {processor.py:927} WARNING - No viable dags retrieved from /opt/conda/lib/python3.12/site-packages/airflow/example_dags/plugins/workday.py
[2025-02-07T12:37:54.352+0000] {processor.py:208} INFO - Processing /opt/conda/lib/python3.12/site-packages/airflow/example_dags/plugins/workday.py took 0.025 seconds
[2025-02-07T12:38:25.761+0000] {processor.py:186} INFO - Started process (PID=215) to work on /opt/conda/lib/python3.12/site-packages/airflow/example_dags/plugins/workday.py
[2025-02-07T12:38:25.762+0000] {processor.py:914} INFO - Processing file /opt/conda/lib/python3.12/site-packages/airflow/example_dags/plugins/workday.py for tasks to queue
[2025-02-07T12:38:25.763+0000] {logging_mixin.py:190} INFO - [2025-02-07T12:38:25.763+0000] {dagbag.py:588} INFO - Filling up the DagBag from /opt/conda/lib/python3.12/site-packages/airflow/example_dags/plugins/workday.py
[2025-02-07T12:38:25.765+0000] {processor.py:927} WARNING - No viable dags retrieved from /opt/conda/lib/python3.12/site-packages/airflow/example_dags/plugins/workday.py
[2025-02-07T12:38:25.772+0000] {processor.py:208} INFO - Processing /opt/conda/lib/python3.12/site-packages/airflow/example_dags/plugins/workday.py took 0.015 seconds
[2025-02-07T12:39:23.484+0000] {processor.py:186} INFO - Started process (PID=283) to work on /opt/conda/lib/python3.12/site-packages/airflow/example_dags/plugins/workday.py
[2025-02-07T12:39:23.485+0000] {processor.py:914} INFO - Processing file /opt/conda/lib/python3.12/site-packages/airflow/example_dags/plugins/workday.py for tasks to queue
[2025-02-07T12:39:23.487+0000] {logging_mixin.py:190} INFO - [2025-02-07T12:39:23.486+0000] {dagbag.py:588} INFO - Filling up the DagBag from /opt/conda/lib/python3.12/site-packages/airflow/example_dags/plugins/workday.py
[2025-02-07T12:39:23.490+0000] {processor.py:927} WARNING - No viable dags retrieved from /opt/conda/lib/python3.12/site-packages/airflow/example_dags/plugins/workday.py
[2025-02-07T12:39:23.500+0000] {processor.py:208} INFO - Processing /opt/conda/lib/python3.12/site-packages/airflow/example_dags/plugins/workday.py took 0.023 seconds
[2025-02-07T12:40:18.987+0000] {processor.py:186} INFO - Started process (PID=340) to work on /opt/conda/lib/python3.12/site-packages/airflow/example_dags/plugins/workday.py
[2025-02-07T12:40:18.989+0000] {processor.py:914} INFO - Processing file /opt/conda/lib/python3.12/site-packages/airflow/example_dags/plugins/workday.py for tasks to queue
[2025-02-07T12:40:18.991+0000] {logging_mixin.py:190} INFO - [2025-02-07T12:40:18.991+0000] {dagbag.py:588} INFO - Filling up the DagBag from /opt/conda/lib/python3.12/site-packages/airflow/example_dags/plugins/workday.py
[2025-02-07T12:40:18.993+0000] {processor.py:927} WARNING - No viable dags retrieved from /opt/conda/lib/python3.12/site-packages/airflow/example_dags/plugins/workday.py
[2025-02-07T12:40:19.004+0000] {processor.py:208} INFO - Processing /opt/conda/lib/python3.12/site-packages/airflow/example_dags/plugins/workday.py took 0.022 seconds
[2025-02-07T12:40:49.968+0000] {processor.py:186} INFO - Started process (PID=379) to work on /opt/conda/lib/python3.12/site-packages/airflow/example_dags/plugins/workday.py
[2025-02-07T12:40:49.969+0000] {processor.py:914} INFO - Processing file /opt/conda/lib/python3.12/site-packages/airflow/example_dags/plugins/workday.py for tasks to queue
[2025-02-07T12:40:49.971+0000] {logging_mixin.py:190} INFO - [2025-02-07T12:40:49.970+0000] {dagbag.py:588} INFO - Filling up the DagBag from /opt/conda/lib/python3.12/site-packages/airflow/example_dags/plugins/workday.py
[2025-02-07T12:40:49.973+0000] {processor.py:927} WARNING - No viable dags retrieved from /opt/conda/lib/python3.12/site-packages/airflow/example_dags/plugins/workday.py
[2025-02-07T12:40:49.982+0000] {processor.py:208} INFO - Processing /opt/conda/lib/python3.12/site-packages/airflow/example_dags/plugins/workday.py took 0.018 seconds
[2025-02-07T12:45:14.756+0000] {processor.py:186} INFO - Started process (PID=2096) to work on /opt/conda/lib/python3.12/site-packages/airflow/example_dags/plugins/workday.py
[2025-02-07T12:45:14.756+0000] {processor.py:914} INFO - Processing file /opt/conda/lib/python3.12/site-packages/airflow/example_dags/plugins/workday.py for tasks to queue
[2025-02-07T12:45:14.761+0000] {logging_mixin.py:190} INFO - [2025-02-07T12:45:14.761+0000] {dagbag.py:588} INFO - Filling up the DagBag from /opt/conda/lib/python3.12/site-packages/airflow/example_dags/plugins/workday.py
[2025-02-07T12:45:14.763+0000] {processor.py:927} WARNING - No viable dags retrieved from /opt/conda/lib/python3.12/site-packages/airflow/example_dags/plugins/workday.py
[2025-02-07T12:45:14.769+0000] {processor.py:208} INFO - Processing /opt/conda/lib/python3.12/site-packages/airflow/example_dags/plugins/workday.py took 0.016 seconds
[2025-02-07T12:54:02.288+0000] {processor.py:186} INFO - Started process (PID=5584) to work on /opt/conda/lib/python3.12/site-packages/airflow/example_dags/plugins/workday.py
[2025-02-07T12:54:02.289+0000] {processor.py:914} INFO - Processing file /opt/conda/lib/python3.12/site-packages/airflow/example_dags/plugins/workday.py for tasks to queue
[2025-02-07T12:54:02.290+0000] {logging_mixin.py:190} INFO - [2025-02-07T12:54:02.290+0000] {dagbag.py:588} INFO - Filling up the DagBag from /opt/conda/lib/python3.12/site-packages/airflow/example_dags/plugins/workday.py
[2025-02-07T12:54:02.292+0000] {processor.py:927} WARNING - No viable dags retrieved from /opt/conda/lib/python3.12/site-packages/airflow/example_dags/plugins/workday.py
[2025-02-07T12:54:02.297+0000] {processor.py:208} INFO - Processing /opt/conda/lib/python3.12/site-packages/airflow/example_dags/plugins/workday.py took 0.013 seconds
[2025-02-07T13:01:54.702+0000] {processor.py:186} INFO - Started process (PID=94) to work on /opt/conda/lib/python3.12/site-packages/airflow/example_dags/plugins/workday.py
[2025-02-07T13:01:54.705+0000] {processor.py:914} INFO - Processing file /opt/conda/lib/python3.12/site-packages/airflow/example_dags/plugins/workday.py for tasks to queue
[2025-02-07T13:01:54.714+0000] {logging_mixin.py:190} INFO - [2025-02-07T13:01:54.713+0000] {dagbag.py:588} INFO - Filling up the DagBag from /opt/conda/lib/python3.12/site-packages/airflow/example_dags/plugins/workday.py
[2025-02-07T13:01:54.719+0000] {processor.py:927} WARNING - No viable dags retrieved from /opt/conda/lib/python3.12/site-packages/airflow/example_dags/plugins/workday.py
[2025-02-07T13:01:54.733+0000] {processor.py:208} INFO - Processing /opt/conda/lib/python3.12/site-packages/airflow/example_dags/plugins/workday.py took 0.039 seconds
[2025-02-07T13:06:20.237+0000] {processor.py:186} INFO - Started process (PID=248) to work on /opt/conda/lib/python3.12/site-packages/airflow/example_dags/plugins/workday.py
[2025-02-07T13:06:20.243+0000] {processor.py:914} INFO - Processing file /opt/conda/lib/python3.12/site-packages/airflow/example_dags/plugins/workday.py for tasks to queue
[2025-02-07T13:06:20.257+0000] {logging_mixin.py:190} INFO - [2025-02-07T13:06:20.255+0000] {dagbag.py:588} INFO - Filling up the DagBag from /opt/conda/lib/python3.12/site-packages/airflow/example_dags/plugins/workday.py
[2025-02-07T13:06:20.270+0000] {processor.py:927} WARNING - No viable dags retrieved from /opt/conda/lib/python3.12/site-packages/airflow/example_dags/plugins/workday.py
[2025-02-07T13:06:20.297+0000] {processor.py:208} INFO - Processing /opt/conda/lib/python3.12/site-packages/airflow/example_dags/plugins/workday.py took 0.092 seconds
[2025-02-07T13:08:58.226+0000] {processor.py:186} INFO - Started process (PID=68) to work on /opt/conda/lib/python3.12/site-packages/airflow/example_dags/plugins/workday.py
[2025-02-07T13:08:58.228+0000] {processor.py:914} INFO - Processing file /opt/conda/lib/python3.12/site-packages/airflow/example_dags/plugins/workday.py for tasks to queue
[2025-02-07T13:08:58.230+0000] {logging_mixin.py:190} INFO - [2025-02-07T13:08:58.230+0000] {dagbag.py:588} INFO - Filling up the DagBag from /opt/conda/lib/python3.12/site-packages/airflow/example_dags/plugins/workday.py
[2025-02-07T13:08:58.232+0000] {processor.py:927} WARNING - No viable dags retrieved from /opt/conda/lib/python3.12/site-packages/airflow/example_dags/plugins/workday.py
[2025-02-07T13:08:58.244+0000] {processor.py:208} INFO - Processing /opt/conda/lib/python3.12/site-packages/airflow/example_dags/plugins/workday.py took 0.032 seconds
[2025-02-07T13:16:54.456+0000] {processor.py:186} INFO - Started process (PID=270) to work on /opt/conda/lib/python3.12/site-packages/airflow/example_dags/plugins/workday.py
[2025-02-07T13:16:54.459+0000] {processor.py:914} INFO - Processing file /opt/conda/lib/python3.12/site-packages/airflow/example_dags/plugins/workday.py for tasks to queue
[2025-02-07T13:16:54.463+0000] {logging_mixin.py:190} INFO - [2025-02-07T13:16:54.462+0000] {dagbag.py:588} INFO - Filling up the DagBag from /opt/conda/lib/python3.12/site-packages/airflow/example_dags/plugins/workday.py
[2025-02-07T13:16:54.470+0000] {processor.py:927} WARNING - No viable dags retrieved from /opt/conda/lib/python3.12/site-packages/airflow/example_dags/plugins/workday.py
[2025-02-07T13:16:54.479+0000] {processor.py:208} INFO - Processing /opt/conda/lib/python3.12/site-packages/airflow/example_dags/plugins/workday.py took 0.035 seconds
[2025-02-07T13:18:55.038+0000] {processor.py:186} INFO - Started process (PID=138) to work on /opt/conda/lib/python3.12/site-packages/airflow/example_dags/plugins/workday.py
[2025-02-07T13:18:55.041+0000] {processor.py:914} INFO - Processing file /opt/conda/lib/python3.12/site-packages/airflow/example_dags/plugins/workday.py for tasks to queue
[2025-02-07T13:18:55.048+0000] {logging_mixin.py:190} INFO - [2025-02-07T13:18:55.047+0000] {dagbag.py:588} INFO - Filling up the DagBag from /opt/conda/lib/python3.12/site-packages/airflow/example_dags/plugins/workday.py
[2025-02-07T13:18:55.054+0000] {processor.py:927} WARNING - No viable dags retrieved from /opt/conda/lib/python3.12/site-packages/airflow/example_dags/plugins/workday.py
[2025-02-07T13:18:55.076+0000] {processor.py:208} INFO - Processing /opt/conda/lib/python3.12/site-packages/airflow/example_dags/plugins/workday.py took 0.049 seconds
[2025-02-07T13:20:35.250+0000] {processor.py:186} INFO - Started process (PID=117) to work on /opt/conda/lib/python3.12/site-packages/airflow/example_dags/plugins/workday.py
[2025-02-07T13:20:35.256+0000] {processor.py:914} INFO - Processing file /opt/conda/lib/python3.12/site-packages/airflow/example_dags/plugins/workday.py for tasks to queue
[2025-02-07T13:20:35.291+0000] {logging_mixin.py:190} INFO - [2025-02-07T13:20:35.289+0000] {dagbag.py:588} INFO - Filling up the DagBag from /opt/conda/lib/python3.12/site-packages/airflow/example_dags/plugins/workday.py
[2025-02-07T13:20:35.301+0000] {processor.py:927} WARNING - No viable dags retrieved from /opt/conda/lib/python3.12/site-packages/airflow/example_dags/plugins/workday.py
[2025-02-07T13:20:35.330+0000] {processor.py:208} INFO - Processing /opt/conda/lib/python3.12/site-packages/airflow/example_dags/plugins/workday.py took 0.099 seconds
[2025-02-07T13:21:47.309+0000] {processor.py:186} INFO - Started process (PID=138) to work on /opt/conda/lib/python3.12/site-packages/airflow/example_dags/plugins/workday.py
[2025-02-07T13:21:47.317+0000] {processor.py:914} INFO - Processing file /opt/conda/lib/python3.12/site-packages/airflow/example_dags/plugins/workday.py for tasks to queue
[2025-02-07T13:21:47.330+0000] {logging_mixin.py:190} INFO - [2025-02-07T13:21:47.329+0000] {dagbag.py:588} INFO - Filling up the DagBag from /opt/conda/lib/python3.12/site-packages/airflow/example_dags/plugins/workday.py
[2025-02-07T13:21:47.345+0000] {processor.py:927} WARNING - No viable dags retrieved from /opt/conda/lib/python3.12/site-packages/airflow/example_dags/plugins/workday.py
[2025-02-07T13:21:47.386+0000] {processor.py:208} INFO - Processing /opt/conda/lib/python3.12/site-packages/airflow/example_dags/plugins/workday.py took 0.095 seconds
[2025-02-07T13:24:23.903+0000] {processor.py:186} INFO - Started process (PID=468) to work on /opt/conda/lib/python3.12/site-packages/airflow/example_dags/plugins/workday.py
[2025-02-07T13:24:23.912+0000] {processor.py:914} INFO - Processing file /opt/conda/lib/python3.12/site-packages/airflow/example_dags/plugins/workday.py for tasks to queue
[2025-02-07T13:24:23.924+0000] {logging_mixin.py:190} INFO - [2025-02-07T13:24:23.916+0000] {dagbag.py:588} INFO - Filling up the DagBag from /opt/conda/lib/python3.12/site-packages/airflow/example_dags/plugins/workday.py
[2025-02-07T13:24:23.975+0000] {processor.py:927} WARNING - No viable dags retrieved from /opt/conda/lib/python3.12/site-packages/airflow/example_dags/plugins/workday.py
[2025-02-07T13:24:24.145+0000] {processor.py:208} INFO - Processing /opt/conda/lib/python3.12/site-packages/airflow/example_dags/plugins/workday.py took 0.323 seconds
[2025-02-07T13:26:38.761+0000] {processor.py:186} INFO - Started process (PID=126) to work on /opt/conda/lib/python3.12/site-packages/airflow/example_dags/plugins/workday.py
[2025-02-07T13:26:38.762+0000] {processor.py:914} INFO - Processing file /opt/conda/lib/python3.12/site-packages/airflow/example_dags/plugins/workday.py for tasks to queue
[2025-02-07T13:26:38.764+0000] {logging_mixin.py:190} INFO - [2025-02-07T13:26:38.764+0000] {dagbag.py:588} INFO - Filling up the DagBag from /opt/conda/lib/python3.12/site-packages/airflow/example_dags/plugins/workday.py
[2025-02-07T13:26:38.767+0000] {processor.py:927} WARNING - No viable dags retrieved from /opt/conda/lib/python3.12/site-packages/airflow/example_dags/plugins/workday.py
[2025-02-07T13:26:38.773+0000] {processor.py:208} INFO - Processing /opt/conda/lib/python3.12/site-packages/airflow/example_dags/plugins/workday.py took 0.017 seconds
[2025-02-07T13:28:22.623+0000] {processor.py:186} INFO - Started process (PID=320) to work on /opt/conda/lib/python3.12/site-packages/airflow/example_dags/plugins/workday.py
[2025-02-07T13:28:22.627+0000] {processor.py:914} INFO - Processing file /opt/conda/lib/python3.12/site-packages/airflow/example_dags/plugins/workday.py for tasks to queue
[2025-02-07T13:28:22.629+0000] {logging_mixin.py:190} INFO - [2025-02-07T13:28:22.628+0000] {dagbag.py:588} INFO - Filling up the DagBag from /opt/conda/lib/python3.12/site-packages/airflow/example_dags/plugins/workday.py
[2025-02-07T13:28:22.631+0000] {processor.py:927} WARNING - No viable dags retrieved from /opt/conda/lib/python3.12/site-packages/airflow/example_dags/plugins/workday.py
[2025-02-07T13:28:22.639+0000] {processor.py:208} INFO - Processing /opt/conda/lib/python3.12/site-packages/airflow/example_dags/plugins/workday.py took 0.042 seconds
[2025-02-07T13:29:11.425+0000] {processor.py:186} INFO - Started process (PID=367) to work on /opt/conda/lib/python3.12/site-packages/airflow/example_dags/plugins/workday.py
[2025-02-07T13:29:11.427+0000] {processor.py:914} INFO - Processing file /opt/conda/lib/python3.12/site-packages/airflow/example_dags/plugins/workday.py for tasks to queue
[2025-02-07T13:29:11.432+0000] {logging_mixin.py:190} INFO - [2025-02-07T13:29:11.431+0000] {dagbag.py:588} INFO - Filling up the DagBag from /opt/conda/lib/python3.12/site-packages/airflow/example_dags/plugins/workday.py
[2025-02-07T13:29:11.452+0000] {processor.py:927} WARNING - No viable dags retrieved from /opt/conda/lib/python3.12/site-packages/airflow/example_dags/plugins/workday.py
[2025-02-07T13:29:11.479+0000] {processor.py:208} INFO - Processing /opt/conda/lib/python3.12/site-packages/airflow/example_dags/plugins/workday.py took 0.070 seconds
[2025-02-07T13:29:50.132+0000] {processor.py:186} INFO - Started process (PID=412) to work on /opt/conda/lib/python3.12/site-packages/airflow/example_dags/plugins/workday.py
[2025-02-07T13:29:50.133+0000] {processor.py:914} INFO - Processing file /opt/conda/lib/python3.12/site-packages/airflow/example_dags/plugins/workday.py for tasks to queue
[2025-02-07T13:29:50.134+0000] {logging_mixin.py:190} INFO - [2025-02-07T13:29:50.134+0000] {dagbag.py:588} INFO - Filling up the DagBag from /opt/conda/lib/python3.12/site-packages/airflow/example_dags/plugins/workday.py
[2025-02-07T13:29:50.137+0000] {processor.py:927} WARNING - No viable dags retrieved from /opt/conda/lib/python3.12/site-packages/airflow/example_dags/plugins/workday.py
[2025-02-07T13:29:50.145+0000] {processor.py:208} INFO - Processing /opt/conda/lib/python3.12/site-packages/airflow/example_dags/plugins/workday.py took 0.017 seconds
[2025-02-07T13:30:22.701+0000] {processor.py:186} INFO - Started process (PID=452) to work on /opt/conda/lib/python3.12/site-packages/airflow/example_dags/plugins/workday.py
[2025-02-07T13:30:22.702+0000] {processor.py:914} INFO - Processing file /opt/conda/lib/python3.12/site-packages/airflow/example_dags/plugins/workday.py for tasks to queue
[2025-02-07T13:30:22.703+0000] {logging_mixin.py:190} INFO - [2025-02-07T13:30:22.703+0000] {dagbag.py:588} INFO - Filling up the DagBag from /opt/conda/lib/python3.12/site-packages/airflow/example_dags/plugins/workday.py
[2025-02-07T13:30:22.705+0000] {processor.py:927} WARNING - No viable dags retrieved from /opt/conda/lib/python3.12/site-packages/airflow/example_dags/plugins/workday.py
[2025-02-07T13:30:22.718+0000] {processor.py:208} INFO - Processing /opt/conda/lib/python3.12/site-packages/airflow/example_dags/plugins/workday.py took 0.021 seconds
[2025-02-07T13:32:19.493+0000] {processor.py:186} INFO - Started process (PID=89) to work on /opt/conda/lib/python3.12/site-packages/airflow/example_dags/plugins/workday.py
[2025-02-07T13:32:19.494+0000] {processor.py:914} INFO - Processing file /opt/conda/lib/python3.12/site-packages/airflow/example_dags/plugins/workday.py for tasks to queue
[2025-02-07T13:32:19.496+0000] {logging_mixin.py:190} INFO - [2025-02-07T13:32:19.496+0000] {dagbag.py:588} INFO - Filling up the DagBag from /opt/conda/lib/python3.12/site-packages/airflow/example_dags/plugins/workday.py
[2025-02-07T13:32:19.498+0000] {processor.py:927} WARNING - No viable dags retrieved from /opt/conda/lib/python3.12/site-packages/airflow/example_dags/plugins/workday.py
[2025-02-07T13:32:19.509+0000] {processor.py:208} INFO - Processing /opt/conda/lib/python3.12/site-packages/airflow/example_dags/plugins/workday.py took 0.027 seconds
[2025-02-07T13:34:17.109+0000] {processor.py:186} INFO - Started process (PID=58) to work on /opt/conda/lib/python3.12/site-packages/airflow/example_dags/plugins/workday.py
[2025-02-07T13:34:17.110+0000] {processor.py:914} INFO - Processing file /opt/conda/lib/python3.12/site-packages/airflow/example_dags/plugins/workday.py for tasks to queue
[2025-02-07T13:34:17.114+0000] {logging_mixin.py:190} INFO - [2025-02-07T13:34:17.113+0000] {dagbag.py:588} INFO - Filling up the DagBag from /opt/conda/lib/python3.12/site-packages/airflow/example_dags/plugins/workday.py
[2025-02-07T13:34:17.117+0000] {processor.py:927} WARNING - No viable dags retrieved from /opt/conda/lib/python3.12/site-packages/airflow/example_dags/plugins/workday.py
[2025-02-07T13:34:17.134+0000] {processor.py:208} INFO - Processing /opt/conda/lib/python3.12/site-packages/airflow/example_dags/plugins/workday.py took 0.030 seconds
[2025-02-07T13:35:50.179+0000] {processor.py:186} INFO - Started process (PID=68) to work on /opt/conda/lib/python3.12/site-packages/airflow/example_dags/plugins/workday.py
[2025-02-07T13:35:50.180+0000] {processor.py:914} INFO - Processing file /opt/conda/lib/python3.12/site-packages/airflow/example_dags/plugins/workday.py for tasks to queue
[2025-02-07T13:35:50.186+0000] {logging_mixin.py:190} INFO - [2025-02-07T13:35:50.186+0000] {dagbag.py:588} INFO - Filling up the DagBag from /opt/conda/lib/python3.12/site-packages/airflow/example_dags/plugins/workday.py
[2025-02-07T13:35:50.192+0000] {processor.py:927} WARNING - No viable dags retrieved from /opt/conda/lib/python3.12/site-packages/airflow/example_dags/plugins/workday.py
[2025-02-07T13:35:50.204+0000] {processor.py:208} INFO - Processing /opt/conda/lib/python3.12/site-packages/airflow/example_dags/plugins/workday.py took 0.030 seconds
[2025-02-07T13:36:35.855+0000] {processor.py:186} INFO - Started process (PID=94) to work on /opt/conda/lib/python3.12/site-packages/airflow/example_dags/plugins/workday.py
[2025-02-07T13:36:35.869+0000] {processor.py:914} INFO - Processing file /opt/conda/lib/python3.12/site-packages/airflow/example_dags/plugins/workday.py for tasks to queue
[2025-02-07T13:36:35.958+0000] {logging_mixin.py:190} INFO - [2025-02-07T13:36:35.936+0000] {dagbag.py:588} INFO - Filling up the DagBag from /opt/conda/lib/python3.12/site-packages/airflow/example_dags/plugins/workday.py
[2025-02-07T13:36:36.003+0000] {processor.py:927} WARNING - No viable dags retrieved from /opt/conda/lib/python3.12/site-packages/airflow/example_dags/plugins/workday.py
[2025-02-07T13:36:36.304+0000] {processor.py:208} INFO - Processing /opt/conda/lib/python3.12/site-packages/airflow/example_dags/plugins/workday.py took 0.572 seconds
[2025-02-07T13:39:13.807+0000] {processor.py:186} INFO - Started process (PID=470) to work on /opt/conda/lib/python3.12/site-packages/airflow/example_dags/plugins/workday.py
[2025-02-07T13:39:13.808+0000] {processor.py:914} INFO - Processing file /opt/conda/lib/python3.12/site-packages/airflow/example_dags/plugins/workday.py for tasks to queue
[2025-02-07T13:39:13.810+0000] {logging_mixin.py:190} INFO - [2025-02-07T13:39:13.810+0000] {dagbag.py:588} INFO - Filling up the DagBag from /opt/conda/lib/python3.12/site-packages/airflow/example_dags/plugins/workday.py
[2025-02-07T13:39:13.812+0000] {processor.py:927} WARNING - No viable dags retrieved from /opt/conda/lib/python3.12/site-packages/airflow/example_dags/plugins/workday.py
[2025-02-07T13:39:13.821+0000] {processor.py:208} INFO - Processing /opt/conda/lib/python3.12/site-packages/airflow/example_dags/plugins/workday.py took 0.019 seconds
[2025-02-07T13:39:47.016+0000] {processor.py:186} INFO - Started process (PID=503) to work on /opt/conda/lib/python3.12/site-packages/airflow/example_dags/plugins/workday.py
[2025-02-07T13:39:47.017+0000] {processor.py:914} INFO - Processing file /opt/conda/lib/python3.12/site-packages/airflow/example_dags/plugins/workday.py for tasks to queue
[2025-02-07T13:39:47.019+0000] {logging_mixin.py:190} INFO - [2025-02-07T13:39:47.019+0000] {dagbag.py:588} INFO - Filling up the DagBag from /opt/conda/lib/python3.12/site-packages/airflow/example_dags/plugins/workday.py
[2025-02-07T13:39:47.021+0000] {processor.py:927} WARNING - No viable dags retrieved from /opt/conda/lib/python3.12/site-packages/airflow/example_dags/plugins/workday.py
[2025-02-07T13:39:47.031+0000] {processor.py:208} INFO - Processing /opt/conda/lib/python3.12/site-packages/airflow/example_dags/plugins/workday.py took 0.020 seconds
[2025-02-07T13:40:43.703+0000] {processor.py:186} INFO - Started process (PID=570) to work on /opt/conda/lib/python3.12/site-packages/airflow/example_dags/plugins/workday.py
[2025-02-07T13:40:43.704+0000] {processor.py:914} INFO - Processing file /opt/conda/lib/python3.12/site-packages/airflow/example_dags/plugins/workday.py for tasks to queue
[2025-02-07T13:40:43.706+0000] {logging_mixin.py:190} INFO - [2025-02-07T13:40:43.705+0000] {dagbag.py:588} INFO - Filling up the DagBag from /opt/conda/lib/python3.12/site-packages/airflow/example_dags/plugins/workday.py
[2025-02-07T13:40:43.708+0000] {processor.py:927} WARNING - No viable dags retrieved from /opt/conda/lib/python3.12/site-packages/airflow/example_dags/plugins/workday.py
[2025-02-07T13:40:43.718+0000] {processor.py:208} INFO - Processing /opt/conda/lib/python3.12/site-packages/airflow/example_dags/plugins/workday.py took 0.021 seconds
[2025-02-07T13:41:41.475+0000] {processor.py:186} INFO - Started process (PID=637) to work on /opt/conda/lib/python3.12/site-packages/airflow/example_dags/plugins/workday.py
[2025-02-07T13:41:41.478+0000] {processor.py:914} INFO - Processing file /opt/conda/lib/python3.12/site-packages/airflow/example_dags/plugins/workday.py for tasks to queue
[2025-02-07T13:41:41.481+0000] {logging_mixin.py:190} INFO - [2025-02-07T13:41:41.481+0000] {dagbag.py:588} INFO - Filling up the DagBag from /opt/conda/lib/python3.12/site-packages/airflow/example_dags/plugins/workday.py
[2025-02-07T13:41:41.486+0000] {processor.py:927} WARNING - No viable dags retrieved from /opt/conda/lib/python3.12/site-packages/airflow/example_dags/plugins/workday.py
[2025-02-07T13:41:41.498+0000] {processor.py:208} INFO - Processing /opt/conda/lib/python3.12/site-packages/airflow/example_dags/plugins/workday.py took 0.035 seconds
[2025-02-07T13:42:48.906+0000] {processor.py:186} INFO - Started process (PID=814) to work on /opt/conda/lib/python3.12/site-packages/airflow/example_dags/plugins/workday.py
[2025-02-07T13:42:48.907+0000] {processor.py:914} INFO - Processing file /opt/conda/lib/python3.12/site-packages/airflow/example_dags/plugins/workday.py for tasks to queue
[2025-02-07T13:42:48.909+0000] {logging_mixin.py:190} INFO - [2025-02-07T13:42:48.909+0000] {dagbag.py:588} INFO - Filling up the DagBag from /opt/conda/lib/python3.12/site-packages/airflow/example_dags/plugins/workday.py
[2025-02-07T13:42:48.912+0000] {processor.py:927} WARNING - No viable dags retrieved from /opt/conda/lib/python3.12/site-packages/airflow/example_dags/plugins/workday.py
[2025-02-07T13:42:48.921+0000] {processor.py:208} INFO - Processing /opt/conda/lib/python3.12/site-packages/airflow/example_dags/plugins/workday.py took 0.020 seconds
[2025-02-07T13:43:23.853+0000] {processor.py:186} INFO - Started process (PID=850) to work on /opt/conda/lib/python3.12/site-packages/airflow/example_dags/plugins/workday.py
[2025-02-07T13:43:23.854+0000] {processor.py:914} INFO - Processing file /opt/conda/lib/python3.12/site-packages/airflow/example_dags/plugins/workday.py for tasks to queue
[2025-02-07T13:43:23.856+0000] {logging_mixin.py:190} INFO - [2025-02-07T13:43:23.856+0000] {dagbag.py:588} INFO - Filling up the DagBag from /opt/conda/lib/python3.12/site-packages/airflow/example_dags/plugins/workday.py
[2025-02-07T13:43:23.858+0000] {processor.py:927} WARNING - No viable dags retrieved from /opt/conda/lib/python3.12/site-packages/airflow/example_dags/plugins/workday.py
[2025-02-07T13:43:23.867+0000] {processor.py:208} INFO - Processing /opt/conda/lib/python3.12/site-packages/airflow/example_dags/plugins/workday.py took 0.020 seconds
[2025-02-07T13:44:07.657+0000] {processor.py:186} INFO - Started process (PID=997) to work on /opt/conda/lib/python3.12/site-packages/airflow/example_dags/plugins/workday.py
[2025-02-07T13:44:07.658+0000] {processor.py:914} INFO - Processing file /opt/conda/lib/python3.12/site-packages/airflow/example_dags/plugins/workday.py for tasks to queue
[2025-02-07T13:44:07.660+0000] {logging_mixin.py:190} INFO - [2025-02-07T13:44:07.660+0000] {dagbag.py:588} INFO - Filling up the DagBag from /opt/conda/lib/python3.12/site-packages/airflow/example_dags/plugins/workday.py
[2025-02-07T13:44:07.663+0000] {processor.py:927} WARNING - No viable dags retrieved from /opt/conda/lib/python3.12/site-packages/airflow/example_dags/plugins/workday.py
[2025-02-07T13:44:07.673+0000] {processor.py:208} INFO - Processing /opt/conda/lib/python3.12/site-packages/airflow/example_dags/plugins/workday.py took 0.021 seconds
[2025-02-07T13:44:51.806+0000] {processor.py:186} INFO - Started process (PID=1042) to work on /opt/conda/lib/python3.12/site-packages/airflow/example_dags/plugins/workday.py
[2025-02-07T13:44:51.806+0000] {processor.py:914} INFO - Processing file /opt/conda/lib/python3.12/site-packages/airflow/example_dags/plugins/workday.py for tasks to queue
[2025-02-07T13:44:51.808+0000] {logging_mixin.py:190} INFO - [2025-02-07T13:44:51.808+0000] {dagbag.py:588} INFO - Filling up the DagBag from /opt/conda/lib/python3.12/site-packages/airflow/example_dags/plugins/workday.py
[2025-02-07T13:44:51.811+0000] {processor.py:927} WARNING - No viable dags retrieved from /opt/conda/lib/python3.12/site-packages/airflow/example_dags/plugins/workday.py
[2025-02-07T13:44:51.821+0000] {processor.py:208} INFO - Processing /opt/conda/lib/python3.12/site-packages/airflow/example_dags/plugins/workday.py took 0.022 seconds
[2025-02-07T13:45:49.220+0000] {processor.py:186} INFO - Started process (PID=1189) to work on /opt/conda/lib/python3.12/site-packages/airflow/example_dags/plugins/workday.py
[2025-02-07T13:45:49.222+0000] {processor.py:914} INFO - Processing file /opt/conda/lib/python3.12/site-packages/airflow/example_dags/plugins/workday.py for tasks to queue
[2025-02-07T13:45:49.227+0000] {logging_mixin.py:190} INFO - [2025-02-07T13:45:49.226+0000] {dagbag.py:588} INFO - Filling up the DagBag from /opt/conda/lib/python3.12/site-packages/airflow/example_dags/plugins/workday.py
[2025-02-07T13:45:49.232+0000] {processor.py:927} WARNING - No viable dags retrieved from /opt/conda/lib/python3.12/site-packages/airflow/example_dags/plugins/workday.py
[2025-02-07T13:45:49.270+0000] {processor.py:208} INFO - Processing /opt/conda/lib/python3.12/site-packages/airflow/example_dags/plugins/workday.py took 0.061 seconds
[2025-02-07T13:46:29.787+0000] {processor.py:186} INFO - Started process (PID=1228) to work on /opt/conda/lib/python3.12/site-packages/airflow/example_dags/plugins/workday.py
[2025-02-07T13:46:29.788+0000] {processor.py:914} INFO - Processing file /opt/conda/lib/python3.12/site-packages/airflow/example_dags/plugins/workday.py for tasks to queue
[2025-02-07T13:46:29.789+0000] {logging_mixin.py:190} INFO - [2025-02-07T13:46:29.789+0000] {dagbag.py:588} INFO - Filling up the DagBag from /opt/conda/lib/python3.12/site-packages/airflow/example_dags/plugins/workday.py
[2025-02-07T13:46:29.791+0000] {processor.py:927} WARNING - No viable dags retrieved from /opt/conda/lib/python3.12/site-packages/airflow/example_dags/plugins/workday.py
[2025-02-07T13:46:29.800+0000] {processor.py:208} INFO - Processing /opt/conda/lib/python3.12/site-packages/airflow/example_dags/plugins/workday.py took 0.021 seconds
[2025-02-07T13:50:15.227+0000] {processor.py:186} INFO - Started process (PID=94) to work on /opt/conda/lib/python3.12/site-packages/airflow/example_dags/plugins/workday.py
[2025-02-07T13:50:15.230+0000] {processor.py:914} INFO - Processing file /opt/conda/lib/python3.12/site-packages/airflow/example_dags/plugins/workday.py for tasks to queue
[2025-02-07T13:50:15.243+0000] {logging_mixin.py:190} INFO - [2025-02-07T13:50:15.240+0000] {dagbag.py:588} INFO - Filling up the DagBag from /opt/conda/lib/python3.12/site-packages/airflow/example_dags/plugins/workday.py
[2025-02-07T13:50:15.262+0000] {processor.py:927} WARNING - No viable dags retrieved from /opt/conda/lib/python3.12/site-packages/airflow/example_dags/plugins/workday.py
[2025-02-07T13:50:15.294+0000] {processor.py:208} INFO - Processing /opt/conda/lib/python3.12/site-packages/airflow/example_dags/plugins/workday.py took 0.100 seconds
[2025-02-07T13:53:00.195+0000] {processor.py:186} INFO - Started process (PID=252) to work on /opt/conda/lib/python3.12/site-packages/airflow/example_dags/plugins/workday.py
[2025-02-07T13:53:00.201+0000] {processor.py:914} INFO - Processing file /opt/conda/lib/python3.12/site-packages/airflow/example_dags/plugins/workday.py for tasks to queue
[2025-02-07T13:53:00.211+0000] {logging_mixin.py:190} INFO - [2025-02-07T13:53:00.206+0000] {dagbag.py:588} INFO - Filling up the DagBag from /opt/conda/lib/python3.12/site-packages/airflow/example_dags/plugins/workday.py
[2025-02-07T13:53:00.268+0000] {processor.py:927} WARNING - No viable dags retrieved from /opt/conda/lib/python3.12/site-packages/airflow/example_dags/plugins/workday.py
[2025-02-07T13:53:00.379+0000] {processor.py:208} INFO - Processing /opt/conda/lib/python3.12/site-packages/airflow/example_dags/plugins/workday.py took 0.263 seconds
[2025-02-07T13:57:25.245+0000] {processor.py:186} INFO - Started process (PID=94) to work on /opt/conda/lib/python3.12/site-packages/airflow/example_dags/plugins/workday.py
[2025-02-07T13:57:25.302+0000] {processor.py:914} INFO - Processing file /opt/conda/lib/python3.12/site-packages/airflow/example_dags/plugins/workday.py for tasks to queue
[2025-02-07T13:57:25.615+0000] {logging_mixin.py:190} INFO - [2025-02-07T13:57:25.601+0000] {dagbag.py:588} INFO - Filling up the DagBag from /opt/conda/lib/python3.12/site-packages/airflow/example_dags/plugins/workday.py
[2025-02-07T13:57:25.824+0000] {processor.py:927} WARNING - No viable dags retrieved from /opt/conda/lib/python3.12/site-packages/airflow/example_dags/plugins/workday.py
[2025-02-07T13:57:26.305+0000] {processor.py:208} INFO - Processing /opt/conda/lib/python3.12/site-packages/airflow/example_dags/plugins/workday.py took 1.290 seconds
[2025-02-07T14:00:53.392+0000] {processor.py:186} INFO - Started process (PID=260) to work on /opt/conda/lib/python3.12/site-packages/airflow/example_dags/plugins/workday.py
[2025-02-07T14:00:53.426+0000] {processor.py:914} INFO - Processing file /opt/conda/lib/python3.12/site-packages/airflow/example_dags/plugins/workday.py for tasks to queue
[2025-02-07T14:00:53.431+0000] {logging_mixin.py:190} INFO - [2025-02-07T14:00:53.429+0000] {dagbag.py:588} INFO - Filling up the DagBag from /opt/conda/lib/python3.12/site-packages/airflow/example_dags/plugins/workday.py
[2025-02-07T14:00:53.470+0000] {processor.py:927} WARNING - No viable dags retrieved from /opt/conda/lib/python3.12/site-packages/airflow/example_dags/plugins/workday.py
[2025-02-07T14:00:53.524+0000] {processor.py:208} INFO - Processing /opt/conda/lib/python3.12/site-packages/airflow/example_dags/plugins/workday.py took 0.166 seconds
[2025-02-07T14:05:50.620+0000] {processor.py:186} INFO - Started process (PID=1796) to work on /opt/conda/lib/python3.12/site-packages/airflow/example_dags/plugins/workday.py
[2025-02-07T14:05:50.624+0000] {processor.py:914} INFO - Processing file /opt/conda/lib/python3.12/site-packages/airflow/example_dags/plugins/workday.py for tasks to queue
[2025-02-07T14:05:50.625+0000] {logging_mixin.py:190} INFO - [2025-02-07T14:05:50.625+0000] {dagbag.py:588} INFO - Filling up the DagBag from /opt/conda/lib/python3.12/site-packages/airflow/example_dags/plugins/workday.py
[2025-02-07T14:05:50.629+0000] {processor.py:927} WARNING - No viable dags retrieved from /opt/conda/lib/python3.12/site-packages/airflow/example_dags/plugins/workday.py
[2025-02-07T14:05:50.638+0000] {processor.py:208} INFO - Processing /opt/conda/lib/python3.12/site-packages/airflow/example_dags/plugins/workday.py took 0.032 seconds
[2025-02-07T14:06:21.872+0000] {processor.py:186} INFO - Started process (PID=1828) to work on /opt/conda/lib/python3.12/site-packages/airflow/example_dags/plugins/workday.py
[2025-02-07T14:06:21.873+0000] {processor.py:914} INFO - Processing file /opt/conda/lib/python3.12/site-packages/airflow/example_dags/plugins/workday.py for tasks to queue
[2025-02-07T14:06:21.874+0000] {logging_mixin.py:190} INFO - [2025-02-07T14:06:21.874+0000] {dagbag.py:588} INFO - Filling up the DagBag from /opt/conda/lib/python3.12/site-packages/airflow/example_dags/plugins/workday.py
[2025-02-07T14:06:21.876+0000] {processor.py:927} WARNING - No viable dags retrieved from /opt/conda/lib/python3.12/site-packages/airflow/example_dags/plugins/workday.py
[2025-02-07T14:06:21.882+0000] {processor.py:208} INFO - Processing /opt/conda/lib/python3.12/site-packages/airflow/example_dags/plugins/workday.py took 0.016 seconds
[2025-02-07T14:07:14.047+0000] {processor.py:186} INFO - Started process (PID=1984) to work on /opt/conda/lib/python3.12/site-packages/airflow/example_dags/plugins/workday.py
[2025-02-07T14:07:14.051+0000] {processor.py:914} INFO - Processing file /opt/conda/lib/python3.12/site-packages/airflow/example_dags/plugins/workday.py for tasks to queue
[2025-02-07T14:07:14.053+0000] {logging_mixin.py:190} INFO - [2025-02-07T14:07:14.053+0000] {dagbag.py:588} INFO - Filling up the DagBag from /opt/conda/lib/python3.12/site-packages/airflow/example_dags/plugins/workday.py
[2025-02-07T14:07:14.059+0000] {processor.py:927} WARNING - No viable dags retrieved from /opt/conda/lib/python3.12/site-packages/airflow/example_dags/plugins/workday.py
[2025-02-07T14:07:14.069+0000] {processor.py:208} INFO - Processing /opt/conda/lib/python3.12/site-packages/airflow/example_dags/plugins/workday.py took 0.031 seconds
[2025-02-07T14:08:55.212+0000] {processor.py:186} INFO - Started process (PID=2152) to work on /opt/conda/lib/python3.12/site-packages/airflow/example_dags/plugins/workday.py
[2025-02-07T14:08:55.214+0000] {processor.py:914} INFO - Processing file /opt/conda/lib/python3.12/site-packages/airflow/example_dags/plugins/workday.py for tasks to queue
[2025-02-07T14:08:55.216+0000] {logging_mixin.py:190} INFO - [2025-02-07T14:08:55.215+0000] {dagbag.py:588} INFO - Filling up the DagBag from /opt/conda/lib/python3.12/site-packages/airflow/example_dags/plugins/workday.py
[2025-02-07T14:08:55.219+0000] {processor.py:927} WARNING - No viable dags retrieved from /opt/conda/lib/python3.12/site-packages/airflow/example_dags/plugins/workday.py
[2025-02-07T14:08:55.229+0000] {processor.py:208} INFO - Processing /opt/conda/lib/python3.12/site-packages/airflow/example_dags/plugins/workday.py took 0.028 seconds
[2025-02-07T14:35:50.764+0000] {processor.py:186} INFO - Started process (PID=210) to work on /opt/conda/lib/python3.12/site-packages/airflow/example_dags/plugins/workday.py
[2025-02-07T14:35:50.765+0000] {processor.py:914} INFO - Processing file /opt/conda/lib/python3.12/site-packages/airflow/example_dags/plugins/workday.py for tasks to queue
[2025-02-07T14:35:50.768+0000] {logging_mixin.py:190} INFO - [2025-02-07T14:35:50.768+0000] {dagbag.py:588} INFO - Filling up the DagBag from /opt/conda/lib/python3.12/site-packages/airflow/example_dags/plugins/workday.py
[2025-02-07T14:35:50.772+0000] {processor.py:927} WARNING - No viable dags retrieved from /opt/conda/lib/python3.12/site-packages/airflow/example_dags/plugins/workday.py
[2025-02-07T14:35:50.806+0000] {processor.py:208} INFO - Processing /opt/conda/lib/python3.12/site-packages/airflow/example_dags/plugins/workday.py took 0.046 seconds
[2025-02-07T14:38:25.900+0000] {processor.py:186} INFO - Started process (PID=254) to work on /opt/conda/lib/python3.12/site-packages/airflow/example_dags/plugins/workday.py
[2025-02-07T14:38:25.902+0000] {processor.py:914} INFO - Processing file /opt/conda/lib/python3.12/site-packages/airflow/example_dags/plugins/workday.py for tasks to queue
[2025-02-07T14:38:25.904+0000] {logging_mixin.py:190} INFO - [2025-02-07T14:38:25.904+0000] {dagbag.py:588} INFO - Filling up the DagBag from /opt/conda/lib/python3.12/site-packages/airflow/example_dags/plugins/workday.py
[2025-02-07T14:38:25.907+0000] {processor.py:927} WARNING - No viable dags retrieved from /opt/conda/lib/python3.12/site-packages/airflow/example_dags/plugins/workday.py
[2025-02-07T14:38:25.916+0000] {processor.py:208} INFO - Processing /opt/conda/lib/python3.12/site-packages/airflow/example_dags/plugins/workday.py took 0.020 seconds
[2025-02-07T14:41:18.158+0000] {processor.py:186} INFO - Started process (PID=313) to work on /opt/conda/lib/python3.12/site-packages/airflow/example_dags/plugins/workday.py
[2025-02-07T14:41:18.161+0000] {processor.py:914} INFO - Processing file /opt/conda/lib/python3.12/site-packages/airflow/example_dags/plugins/workday.py for tasks to queue
[2025-02-07T14:41:18.169+0000] {logging_mixin.py:190} INFO - [2025-02-07T14:41:18.166+0000] {dagbag.py:588} INFO - Filling up the DagBag from /opt/conda/lib/python3.12/site-packages/airflow/example_dags/plugins/workday.py
[2025-02-07T14:41:18.177+0000] {processor.py:927} WARNING - No viable dags retrieved from /opt/conda/lib/python3.12/site-packages/airflow/example_dags/plugins/workday.py
[2025-02-07T14:41:18.199+0000] {processor.py:208} INFO - Processing /opt/conda/lib/python3.12/site-packages/airflow/example_dags/plugins/workday.py took 0.052 seconds
