[2025-02-07T14:38:30.378+0000] {local_task_job_runner.py:123} INFO - ::group::Pre task execution logs
[2025-02-07T14:38:30.410+0000] {taskinstance.py:2613} INFO - Dependencies all met for dep_context=non-requeueable deps ti=<TaskInstance: my_training_dag.task_insert_data scheduled__2025-02-07T14:21:56.073886+00:00 [queued]>
[2025-02-07T14:38:30.440+0000] {taskinstance.py:2613} INFO - Dependencies all met for dep_context=requeueable deps ti=<TaskInstance: my_training_dag.task_insert_data scheduled__2025-02-07T14:21:56.073886+00:00 [queued]>
[2025-02-07T14:38:30.442+0000] {taskinstance.py:2866} INFO - Starting attempt 1 of 1
[2025-02-07T14:38:30.470+0000] {taskinstance.py:2889} INFO - Executing <Task(PythonOperator): task_insert_data> on 2025-02-07 14:21:56.073886+00:00
[2025-02-07T14:38:30.509+0000] {standard_task_runner.py:72} INFO - Started process 275 to run task
[2025-02-07T14:38:30.512+0000] {standard_task_runner.py:104} INFO - Running: ['airflow', 'tasks', 'run', 'my_training_dag', 'task_insert_data', 'scheduled__2025-02-07T14:21:56.073886+00:00', '--job-id', '925', '--raw', '--subdir', 'DAGS_FOLDER/training_dag.py', '--cfg-path', '/tmp/tmpy6kf_ary']
[2025-02-07T14:38:30.515+0000] {standard_task_runner.py:105} INFO - Job 925: Subtask task_insert_data
[2025-02-07T14:38:30.613+0000] {task_command.py:467} INFO - Running <TaskInstance: my_training_dag.task_insert_data scheduled__2025-02-07T14:21:56.073886+00:00 [running]> on host 82beadcbe2af
[2025-02-07T14:38:30.732+0000] {taskinstance.py:3132} INFO - Exporting env vars: AIRFLOW_CTX_DAG_OWNER='airflow' AIRFLOW_CTX_DAG_ID='my_training_dag' AIRFLOW_CTX_TASK_ID='task_insert_data' AIRFLOW_CTX_EXECUTION_DATE='2025-02-07T14:21:56.073886+00:00' AIRFLOW_CTX_TRY_NUMBER='1' AIRFLOW_CTX_DAG_RUN_ID='scheduled__2025-02-07T14:21:56.073886+00:00'
[2025-02-07T14:38:30.733+0000] {logging_mixin.py:190} INFO - Task instance is in running state
[2025-02-07T14:38:30.734+0000] {logging_mixin.py:190} INFO -  Previous state of the Task instance: queued
[2025-02-07T14:38:30.734+0000] {logging_mixin.py:190} INFO - Current task name:task_insert_data state:running start_date:2025-02-07 14:38:30.413208+00:00
[2025-02-07T14:38:30.734+0000] {logging_mixin.py:190} INFO - Dag name:my_training_dag and current dag run status:running
[2025-02-07T14:38:30.734+0000] {taskinstance.py:731} INFO - ::endgroup::
[2025-02-07T14:38:30.742+0000] {logging_mixin.py:190} INFO - Table : 'iris_data'  created succesfully
[2025-02-07T14:38:30.755+0000] {python.py:240} INFO - Done. Returned value was: None
[2025-02-07T14:38:30.759+0000] {taskinstance.py:340} INFO - ::group::Post task execution logs
[2025-02-07T14:38:30.760+0000] {taskinstance.py:352} INFO - Marking task as SUCCESS. dag_id=my_training_dag, task_id=task_insert_data, run_id=scheduled__2025-02-07T14:21:56.073886+00:00, execution_date=20250207T142156, start_date=20250207T143830, end_date=20250207T143830
[2025-02-07T14:38:30.767+0000] {logging_mixin.py:190} INFO - Task instance in success state
[2025-02-07T14:38:30.767+0000] {logging_mixin.py:190} INFO -  Previous state of the Task instance: running
[2025-02-07T14:38:30.768+0000] {logging_mixin.py:190} INFO - Dag name:my_training_dag queued_at:2025-02-07 14:38:26.002499+00:00
[2025-02-07T14:38:30.768+0000] {logging_mixin.py:190} INFO - Task hostname:82beadcbe2af operator:PythonOperator
[2025-02-07T14:38:30.790+0000] {local_task_job_runner.py:266} INFO - Task exited with return code 0
[2025-02-07T14:38:30.804+0000] {taskinstance.py:3895} INFO - 1 downstream tasks scheduled from follow-on schedule check
[2025-02-07T14:38:30.806+0000] {local_task_job_runner.py:245} INFO - ::endgroup::
