[2025-02-07T14:35:36.940+0000] {local_task_job_runner.py:123} INFO - ::group::Pre task execution logs
[2025-02-07T14:35:36.956+0000] {taskinstance.py:2613} INFO - Dependencies all met for dep_context=non-requeueable deps ti=<TaskInstance: my_training_dag.task_insert_data scheduled__2025-02-07T14:09:56.073886+00:00 [queued]>
[2025-02-07T14:35:36.963+0000] {taskinstance.py:2613} INFO - Dependencies all met for dep_context=requeueable deps ti=<TaskInstance: my_training_dag.task_insert_data scheduled__2025-02-07T14:09:56.073886+00:00 [queued]>
[2025-02-07T14:35:36.964+0000] {taskinstance.py:2866} INFO - Starting attempt 1 of 1
[2025-02-07T14:35:37.015+0000] {taskinstance.py:2889} INFO - Executing <Task(PythonOperator): task_insert_data> on 2025-02-07 14:09:56.073886+00:00
[2025-02-07T14:35:37.023+0000] {standard_task_runner.py:72} INFO - Started process 134 to run task
[2025-02-07T14:35:37.025+0000] {standard_task_runner.py:104} INFO - Running: ['airflow', 'tasks', 'run', 'my_training_dag', 'task_insert_data', 'scheduled__2025-02-07T14:09:56.073886+00:00', '--job-id', '895', '--raw', '--subdir', 'DAGS_FOLDER/training_dag.py', '--cfg-path', '/tmp/tmp4z1ee9k0']
[2025-02-07T14:35:37.026+0000] {standard_task_runner.py:105} INFO - Job 895: Subtask task_insert_data
[2025-02-07T14:35:37.099+0000] {task_command.py:467} INFO - Running <TaskInstance: my_training_dag.task_insert_data scheduled__2025-02-07T14:09:56.073886+00:00 [running]> on host 4c0e316c252f
[2025-02-07T14:35:37.152+0000] {taskinstance.py:3132} INFO - Exporting env vars: AIRFLOW_CTX_DAG_OWNER='airflow' AIRFLOW_CTX_DAG_ID='my_training_dag' AIRFLOW_CTX_TASK_ID='task_insert_data' AIRFLOW_CTX_EXECUTION_DATE='2025-02-07T14:09:56.073886+00:00' AIRFLOW_CTX_TRY_NUMBER='1' AIRFLOW_CTX_DAG_RUN_ID='scheduled__2025-02-07T14:09:56.073886+00:00'
[2025-02-07T14:35:37.152+0000] {logging_mixin.py:190} INFO - Task instance is in running state
[2025-02-07T14:35:37.152+0000] {logging_mixin.py:190} INFO -  Previous state of the Task instance: queued
[2025-02-07T14:35:37.153+0000] {logging_mixin.py:190} INFO - Current task name:task_insert_data state:running start_date:2025-02-07 14:35:36.956978+00:00
[2025-02-07T14:35:37.153+0000] {logging_mixin.py:190} INFO - Dag name:my_training_dag and current dag run status:running
[2025-02-07T14:35:37.153+0000] {taskinstance.py:731} INFO - ::endgroup::
[2025-02-07T14:35:37.164+0000] {logging_mixin.py:190} INFO - Table : 'iris_data'  created succesfully
[2025-02-07T14:35:37.206+0000] {python.py:240} INFO - Done. Returned value was: None
[2025-02-07T14:35:37.214+0000] {taskinstance.py:340} INFO - ::group::Post task execution logs
[2025-02-07T14:35:37.220+0000] {taskinstance.py:352} INFO - Marking task as SUCCESS. dag_id=my_training_dag, task_id=task_insert_data, run_id=scheduled__2025-02-07T14:09:56.073886+00:00, execution_date=20250207T140956, start_date=20250207T143536, end_date=20250207T143537
[2025-02-07T14:35:37.335+0000] {logging_mixin.py:190} INFO - Task instance in success state
[2025-02-07T14:35:37.337+0000] {logging_mixin.py:190} INFO -  Previous state of the Task instance: running
[2025-02-07T14:35:37.338+0000] {logging_mixin.py:190} INFO - Dag name:my_training_dag queued_at:2025-02-07 14:35:33.952044+00:00
[2025-02-07T14:35:37.339+0000] {logging_mixin.py:190} INFO - Task hostname:4c0e316c252f operator:PythonOperator
[2025-02-07T14:35:37.376+0000] {local_task_job_runner.py:266} INFO - Task exited with return code 0
[2025-02-07T14:35:37.396+0000] {taskinstance.py:3895} INFO - 1 downstream tasks scheduled from follow-on schedule check
[2025-02-07T14:35:37.399+0000] {local_task_job_runner.py:245} INFO - ::endgroup::
