[2025-02-07T14:41:48.444+0000] {local_task_job_runner.py:123} INFO - ::group::Pre task execution logs
[2025-02-07T14:41:48.491+0000] {taskinstance.py:2613} INFO - Dependencies all met for dep_context=non-requeueable deps ti=<TaskInstance: my_training_dag.task_train_model scheduled__2025-02-07T14:22:56.073886+00:00 [queued]>
[2025-02-07T14:41:48.501+0000] {taskinstance.py:2613} INFO - Dependencies all met for dep_context=requeueable deps ti=<TaskInstance: my_training_dag.task_train_model scheduled__2025-02-07T14:22:56.073886+00:00 [queued]>
[2025-02-07T14:41:48.501+0000] {taskinstance.py:2866} INFO - Starting attempt 1 of 1
[2025-02-07T14:41:48.531+0000] {taskinstance.py:2889} INFO - Executing <Task(BashOperator): task_train_model> on 2025-02-07 14:22:56.073886+00:00
[2025-02-07T14:41:48.563+0000] {standard_task_runner.py:72} INFO - Started process 451 to run task
[2025-02-07T14:41:48.571+0000] {standard_task_runner.py:104} INFO - Running: ['airflow', 'tasks', 'run', 'my_training_dag', 'task_train_model', 'scheduled__2025-02-07T14:22:56.073886+00:00', '--job-id', '950', '--raw', '--subdir', 'DAGS_FOLDER/training_dag.py', '--cfg-path', '/tmp/tmpx34vt3f7']
[2025-02-07T14:41:48.572+0000] {standard_task_runner.py:105} INFO - Job 950: Subtask task_train_model
[2025-02-07T14:41:48.668+0000] {task_command.py:467} INFO - Running <TaskInstance: my_training_dag.task_train_model scheduled__2025-02-07T14:22:56.073886+00:00 [running]> on host e917f1a9cc6f
[2025-02-07T14:41:48.835+0000] {taskinstance.py:3132} INFO - Exporting env vars: AIRFLOW_CTX_DAG_OWNER='airflow' AIRFLOW_CTX_DAG_ID='my_training_dag' AIRFLOW_CTX_TASK_ID='task_train_model' AIRFLOW_CTX_EXECUTION_DATE='2025-02-07T14:22:56.073886+00:00' AIRFLOW_CTX_TRY_NUMBER='1' AIRFLOW_CTX_DAG_RUN_ID='scheduled__2025-02-07T14:22:56.073886+00:00'
[2025-02-07T14:41:48.836+0000] {logging_mixin.py:190} INFO - Task instance is in running state
[2025-02-07T14:41:48.837+0000] {logging_mixin.py:190} INFO -  Previous state of the Task instance: queued
[2025-02-07T14:41:48.837+0000] {logging_mixin.py:190} INFO - Current task name:task_train_model state:running start_date:2025-02-07 14:41:48.491717+00:00
[2025-02-07T14:41:48.837+0000] {logging_mixin.py:190} INFO - Dag name:my_training_dag and current dag run status:running
[2025-02-07T14:41:48.838+0000] {taskinstance.py:731} INFO - ::endgroup::
[2025-02-07T14:41:48.839+0000] {subprocess.py:78} INFO - Tmp dir root location: /tmp
[2025-02-07T14:41:48.840+0000] {subprocess.py:88} INFO - Running command: ['/usr/bin/bash', '-c', 'python /root/airflow/train.py']
[2025-02-07T14:41:48.880+0000] {subprocess.py:99} INFO - Output:
[2025-02-07T14:41:59.212+0000] {subprocess.py:106} INFO - [31m2025/02/07 14:41:59 WARNING mlflow.models.model: Model logged without a signature and input example. Please set `input_example` parameter when logging the model to auto infer the model signature.[0m
[2025-02-07T14:42:00.609+0000] {subprocess.py:106} INFO - <plugins.utiles.functions.DataBaseV2 object at 0xffff81cffc20>
[2025-02-07T14:42:00.609+0000] {subprocess.py:106} INFO - Index(['id_columns', 'sepal_length', 'sepal_width', 'petal_length',
[2025-02-07T14:42:00.610+0000] {subprocess.py:106} INFO -        'petal_width', 'y'],
[2025-02-07T14:42:00.610+0000] {subprocess.py:106} INFO -       dtype='object')
[2025-02-07T14:42:00.610+0000] {subprocess.py:106} INFO - 🏃 View run smiling-wolf-878 at: https://quera-server-mlflow-cda209265623.herokuapp.com/#/experiments/276/runs/ceb977b4ff7f4df6b4cd762120bdc50b
[2025-02-07T14:42:00.611+0000] {subprocess.py:106} INFO - 🧪 View experiment at: https://quera-server-mlflow-cda209265623.herokuapp.com/#/experiments/276
[2025-02-07T14:42:01.093+0000] {subprocess.py:110} INFO - Command exited with return code 0
[2025-02-07T14:42:01.143+0000] {taskinstance.py:340} INFO - ::group::Post task execution logs
[2025-02-07T14:42:01.144+0000] {taskinstance.py:352} INFO - Marking task as SUCCESS. dag_id=my_training_dag, task_id=task_train_model, run_id=scheduled__2025-02-07T14:22:56.073886+00:00, execution_date=20250207T142256, start_date=20250207T144148, end_date=20250207T144201
[2025-02-07T14:42:01.216+0000] {logging_mixin.py:190} INFO - Task instance in success state
[2025-02-07T14:42:01.217+0000] {logging_mixin.py:190} INFO -  Previous state of the Task instance: running
[2025-02-07T14:42:01.217+0000] {logging_mixin.py:190} INFO - Dag name:my_training_dag queued_at:2025-02-07 14:41:25.015155+00:00
[2025-02-07T14:42:01.218+0000] {logging_mixin.py:190} INFO - Task hostname:e917f1a9cc6f operator:BashOperator
[2025-02-07T14:42:01.261+0000] {local_task_job_runner.py:266} INFO - Task exited with return code 0
[2025-02-07T14:42:01.310+0000] {taskinstance.py:3895} INFO - 0 downstream tasks scheduled from follow-on schedule check
[2025-02-07T14:42:01.313+0000] {local_task_job_runner.py:245} INFO - ::endgroup::
