[2025-02-07T14:41:43.356+0000] {local_task_job_runner.py:123} INFO - ::group::Pre task execution logs
[2025-02-07T14:41:43.369+0000] {taskinstance.py:2613} INFO - Dependencies all met for dep_context=non-requeueable deps ti=<TaskInstance: my_training_dag.task_read_data scheduled__2025-02-07T14:23:56.073886+00:00 [queued]>
[2025-02-07T14:41:43.377+0000] {taskinstance.py:2613} INFO - Dependencies all met for dep_context=requeueable deps ti=<TaskInstance: my_training_dag.task_read_data scheduled__2025-02-07T14:23:56.073886+00:00 [queued]>
[2025-02-07T14:41:43.378+0000] {taskinstance.py:2866} INFO - Starting attempt 1 of 1
[2025-02-07T14:41:43.399+0000] {taskinstance.py:2889} INFO - Executing <Task(BranchPythonOperator): task_read_data> on 2025-02-07 14:23:56.073886+00:00
[2025-02-07T14:41:43.406+0000] {standard_task_runner.py:72} INFO - Started process 429 to run task
[2025-02-07T14:41:43.410+0000] {standard_task_runner.py:104} INFO - Running: ['airflow', 'tasks', 'run', 'my_training_dag', 'task_read_data', 'scheduled__2025-02-07T14:23:56.073886+00:00', '--job-id', '949', '--raw', '--subdir', 'DAGS_FOLDER/training_dag.py', '--cfg-path', '/tmp/tmp0qh5lvob']
[2025-02-07T14:41:43.411+0000] {standard_task_runner.py:105} INFO - Job 949: Subtask task_read_data
[2025-02-07T14:41:43.446+0000] {task_command.py:467} INFO - Running <TaskInstance: my_training_dag.task_read_data scheduled__2025-02-07T14:23:56.073886+00:00 [running]> on host e917f1a9cc6f
[2025-02-07T14:41:43.493+0000] {taskinstance.py:3132} INFO - Exporting env vars: AIRFLOW_CTX_DAG_OWNER='airflow' AIRFLOW_CTX_DAG_ID='my_training_dag' AIRFLOW_CTX_TASK_ID='task_read_data' AIRFLOW_CTX_EXECUTION_DATE='2025-02-07T14:23:56.073886+00:00' AIRFLOW_CTX_TRY_NUMBER='1' AIRFLOW_CTX_DAG_RUN_ID='scheduled__2025-02-07T14:23:56.073886+00:00'
[2025-02-07T14:41:43.494+0000] {logging_mixin.py:190} INFO - Task instance is in running state
[2025-02-07T14:41:43.494+0000] {logging_mixin.py:190} INFO -  Previous state of the Task instance: queued
[2025-02-07T14:41:43.495+0000] {logging_mixin.py:190} INFO - Current task name:task_read_data state:running start_date:2025-02-07 14:41:43.369655+00:00
[2025-02-07T14:41:43.495+0000] {logging_mixin.py:190} INFO - Dag name:my_training_dag and current dag run status:running
[2025-02-07T14:41:43.495+0000] {taskinstance.py:731} INFO - ::endgroup::
[2025-02-07T14:41:43.495+0000] {baseoperator.py:421} WARNING - BranchPythonOperator.execute cannot be called outside TaskInstance!
[2025-02-07T14:41:43.517+0000] {python.py:240} INFO - Done. Returned value was: task_train_model
[2025-02-07T14:41:43.518+0000] {branch.py:38} INFO - Branch into task_train_model
[2025-02-07T14:41:43.518+0000] {skipmixin.py:230} INFO - Following branch ('task_train_model',)
[2025-02-07T14:41:43.522+0000] {skipmixin.py:278} INFO - Skipping tasks []
[2025-02-07T14:41:43.545+0000] {taskinstance.py:340} INFO - ::group::Post task execution logs
[2025-02-07T14:41:43.545+0000] {taskinstance.py:352} INFO - Marking task as SUCCESS. dag_id=my_training_dag, task_id=task_read_data, run_id=scheduled__2025-02-07T14:23:56.073886+00:00, execution_date=20250207T142356, start_date=20250207T144143, end_date=20250207T144143
[2025-02-07T14:41:43.556+0000] {logging_mixin.py:190} INFO - Task instance in success state
[2025-02-07T14:41:43.557+0000] {logging_mixin.py:190} INFO -  Previous state of the Task instance: running
[2025-02-07T14:41:43.557+0000] {logging_mixin.py:190} INFO - Dag name:my_training_dag queued_at:2025-02-07 14:41:30.440747+00:00
[2025-02-07T14:41:43.557+0000] {logging_mixin.py:190} INFO - Task hostname:e917f1a9cc6f operator:BranchPythonOperator
[2025-02-07T14:41:43.595+0000] {local_task_job_runner.py:266} INFO - Task exited with return code 0
[2025-02-07T14:41:43.615+0000] {taskinstance.py:3895} INFO - 1 downstream tasks scheduled from follow-on schedule check
[2025-02-07T14:41:43.619+0000] {local_task_job_runner.py:245} INFO - ::endgroup::
